Running main with ALGORITHM=SL, SEED=11, HORIZON=2, K_FACTOR=0.7, ROOT_FOLDER=/home/grmstj001, MCT=3, NUM_MCT=100, AUTO_REST=

                            < M A T L A B (R) >
                  Copyright 1984-2024 The MathWorks, Inc.
                  R2024a (24.1.0.2537033) 64-bit (glnxa64)
                             February 21, 2024

 
To get started, type doc.
For product information, visit www.mathworks.com.
 
Algorithm: SL
Seed: 11
Horizon: 2
K-factor: 0.70
Root folder: /home/grmstj001
MCT: 3
Number of MCT: 100
Auto restore: 0
Results file name: 

ans = 

  struct with fields:

     Type: 'twister'
     Seed: 11
    State: [625x1 uint32]


----------------------------------------
TRIAL 1 STARTED
----------------------------------------
Start Time: 2024-05-13 13:36:00
At time step 21 the agent is dead
The agent had 2 food, 0 water, and 5 sleep.
The total tree search depth for this trial was 1655. 
The agent accessed its memory 13152 times. 
The agent cleared its short-term memory 10 times. 
     State prediction error memory resets: 9. 
     Hill memory resets: 1. 
TRIAL 1 COMPLETE ✔
End Time: 2024-05-13 13:36:07
Total runtime for this trial (minutes/seconds): 00:07
----------------------------------------
Total hill visits: 1. 
Total prediction errors: 9. 
Total search depth: 1655. 
Total times memory accessed: 13152. 
Total times 25 >= t <= 50: 0. 
Total times 50 >= t <= 75: 0. 
Total times 75 >= t <= 100: 0. 
Total times t == 100: 0. 
Total time steps survived: 22. 
Total runtime so far (hours/minutes/seconds): 00:00:07
----------------------------------------

----------------------------------------
TRIAL 2 STARTED
----------------------------------------
Start Time: 2024-05-13 13:36:06
At time step 21 the agent is dead
The agent had 2 food, 0 water, and 5 sleep.
The total tree search depth for this trial was 1817. 
The agent accessed its memory 14418 times. 
The agent cleared its short-term memory 17 times. 
     State prediction error memory resets: 15. 
     Hill memory resets: 2. 
TRIAL 2 COMPLETE ✔
End Time: 2024-05-13 13:36:13
Total runtime for this trial (minutes/seconds): 00:07
----------------------------------------
Total hill visits: 3. 
Total prediction errors: 24. 
Total search depth: 3472. 
Total times memory accessed: 27570. 
Total times 25 >= t <= 50: 0. 
Total times 50 >= t <= 75: 0. 
Total times 75 >= t <= 100: 0. 
Total times t == 100: 0. 
Total time steps survived: 44. 
Total runtime so far (hours/minutes/seconds): 00:00:13
----------------------------------------

----------------------------------------
TRIAL 3 STARTED
----------------------------------------
Start Time: 2024-05-13 13:36:12
At time step 21 the agent is dead
The agent had 2 food, 0 water, and 5 sleep.
The total tree search depth for this trial was 1769. 
The agent accessed its memory 13868 times. 
The agent cleared its short-term memory 9 times. 
     State prediction error memory resets: 8. 
     Hill memory resets: 1. 
TRIAL 3 COMPLETE ✔
End Time: 2024-05-13 13:36:17
Total runtime for this trial (minutes/seconds): 00:05
----------------------------------------
Total hill visits: 4. 
Total prediction errors: 32. 
Total search depth: 5241. 
Total times memory accessed: 41438. 
Total times 25 >= t <= 50: 0. 
Total times 50 >= t <= 75: 0. 
Total times 75 >= t <= 100: 0. 
Total times t == 100: 0. 
Total time steps survived: 66. 
Total runtime so far (hours/minutes/seconds): 00:00:17
----------------------------------------

----------------------------------------
TRIAL 4 STARTED
----------------------------------------
Start Time: 2024-05-13 13:36:16
At time step 21 the agent is dead
The agent had 10 food, 0 water, and 5 sleep.
The total tree search depth for this trial was 9874. 
The agent accessed its memory 82556 times. 
The agent cleared its short-term memory 12 times. 
     State prediction error memory resets: 11. 
     Hill memory resets: 1. 
TRIAL 4 COMPLETE ✔
End Time: 2024-05-13 13:36:44
Total runtime for this trial (minutes/seconds): 00:28
----------------------------------------
Total hill visits: 5. 
Total prediction errors: 43. 
Total search depth: 15115. 
Total times memory accessed: 123994. 
Total times 25 >= t <= 50: 0. 
Total times 50 >= t <= 75: 0. 
Total times 75 >= t <= 100: 0. 
Total times t == 100: 0. 
Total time steps survived: 88. 
Total runtime so far (hours/minutes/seconds): 00:00:44
----------------------------------------

----------------------------------------
TRIAL 5 STARTED
----------------------------------------
Start Time: 2024-05-13 13:36:43
At time step 21 the agent is dead
The agent had 5 food, 0 water, and 9 sleep.
The total tree search depth for this trial was 15484. 
The agent accessed its memory 121576 times. 
The agent cleared its short-term memory 10 times. 
     State prediction error memory resets: 9. 
     Hill memory resets: 1. 
TRIAL 5 COMPLETE ✔
End Time: 2024-05-13 13:37:31
Total runtime for this trial (minutes/seconds): 00:48
----------------------------------------
Total hill visits: 6. 
Total prediction errors: 52. 
Total search depth: 30599. 
Total times memory accessed: 245570. 
Total times 25 >= t <= 50: 0. 
Total times 50 >= t <= 75: 0. 
Total times 75 >= t <= 100: 0. 
Total times t == 100: 0. 
Total time steps survived: 110. 
Total runtime so far (hours/minutes/seconds): 00:01:31
----------------------------------------

----------------------------------------
TRIAL 6 STARTED
----------------------------------------
Start Time: 2024-05-13 13:37:30
