Running main with ALGORITHM=SI, SEED=19, HORIZON=2, K_FACTOR=0.7, ROOT_FOLDER=/home/grmstj001, MCT=3, NUM_MCT=100, AUTO_REST=

                            < M A T L A B (R) >
                  Copyright 1984-2024 The MathWorks, Inc.
                  R2024a (24.1.0.2537033) 64-bit (glnxa64)
                             February 21, 2024

 
To get started, type doc.
For product information, visit www.mathworks.com.
 
Algorithm: SI
Seed: 19
Horizon: 2
K-factor: 0.70
Root folder: /home/grmstj001
MCT: 3
Number of MCT: 100
Auto restore: 0
Results file name: 

ans = 

  struct with fields:

     Type: 'twister'
     Seed: 19
    State: [625x1 uint32]


----------------------------------------
TRIAL 1 STARTED
----------------------------------------
Start Time: 2024-05-13 13:29:49
At time step 21 the agent is dead
The agent had 2 food, 0 water, and 5 sleep.
The total tree search depth for this trial was 1478. 
The agent accessed its memory 26100 times. 
The agent cleared its short-term memory 3 times. 
     State prediction error memory resets: 2. 
     Hill memory resets: 1. 
TRIAL 1 COMPLETE ✔
End Time: 2024-05-13 13:29:56
Total runtime for this trial (minutes/seconds): 00:07
----------------------------------------
Total hill visits: 1. 
Total prediction errors: 2. 
Total search depth: 1478. 
Total times memory accessed: 26100. 
Total times 25 >= t <= 50: 0. 
Total times 50 >= t <= 75: 0. 
Total times 75 >= t <= 100: 0. 
Total times t == 100: 0. 
Total time steps survived: 22. 
Total runtime so far (hours/minutes/seconds): 00:00:08
----------------------------------------

----------------------------------------
TRIAL 2 STARTED
----------------------------------------
Start Time: 2024-05-13 13:29:55
At time step 21 the agent is dead
The agent had 2 food, 0 water, and 5 sleep.
The total tree search depth for this trial was 1287. 
The agent accessed its memory 22171 times. 
The agent cleared its short-term memory 4 times. 
     State prediction error memory resets: 3. 
     Hill memory resets: 1. 
TRIAL 2 COMPLETE ✔
End Time: 2024-05-13 13:29:59
Total runtime for this trial (minutes/seconds): 00:04
----------------------------------------
Total hill visits: 2. 
Total prediction errors: 5. 
Total search depth: 2765. 
Total times memory accessed: 48271. 
Total times 25 >= t <= 50: 0. 
Total times 50 >= t <= 75: 0. 
Total times 75 >= t <= 100: 0. 
Total times t == 100: 0. 
Total time steps survived: 44. 
Total runtime so far (hours/minutes/seconds): 00:00:11
----------------------------------------

----------------------------------------
TRIAL 3 STARTED
----------------------------------------
Start Time: 2024-05-13 13:29:58
At time step 21 the agent is dead
The agent had 2 food, 0 water, and 5 sleep.
The total tree search depth for this trial was 2381. 
The agent accessed its memory 20458 times. 
The agent cleared its short-term memory 12 times. 
     State prediction error memory resets: 11. 
     Hill memory resets: 1. 
TRIAL 3 COMPLETE ✔
End Time: 2024-05-13 13:30:03
Total runtime for this trial (minutes/seconds): 00:05
----------------------------------------
Total hill visits: 3. 
Total prediction errors: 16. 
Total search depth: 5146. 
Total times memory accessed: 68729. 
Total times 25 >= t <= 50: 0. 
Total times 50 >= t <= 75: 0. 
Total times 75 >= t <= 100: 0. 
Total times t == 100: 0. 
Total time steps survived: 66. 
Total runtime so far (hours/minutes/seconds): 00:00:15
----------------------------------------

----------------------------------------
TRIAL 4 STARTED
----------------------------------------
Start Time: 2024-05-13 13:30:02
At time step 21 the agent is dead
The agent had 2 food, 0 water, and 5 sleep.
The total tree search depth for this trial was 1149. 
The agent accessed its memory 19118 times. 
The agent cleared its short-term memory 0 times. 
     State prediction error memory resets: 0. 
     Hill memory resets: 0. 
TRIAL 4 COMPLETE ✔
End Time: 2024-05-13 13:30:05
Total runtime for this trial (minutes/seconds): 00:03
----------------------------------------
Total hill visits: 3. 
Total prediction errors: 16. 
Total search depth: 6295. 
Total times memory accessed: 87847. 
Total times 25 >= t <= 50: 0. 
Total times 50 >= t <= 75: 0. 
Total times 75 >= t <= 100: 0. 
Total times t == 100: 0. 
Total time steps survived: 88. 
Total runtime so far (hours/minutes/seconds): 00:00:17
----------------------------------------

----------------------------------------
TRIAL 5 STARTED
----------------------------------------
Start Time: 2024-05-13 13:30:04
At time step 23 the agent is dead
The agent had 0 food, 16 water, and 7 sleep.
The total tree search depth for this trial was 6871. 
The agent accessed its memory 55419 times. 
The agent cleared its short-term memory 7 times. 
     State prediction error memory resets: 6. 
     Hill memory resets: 1. 
TRIAL 5 COMPLETE ✔
End Time: 2024-05-13 13:30:15
Total runtime for this trial (minutes/seconds): 00:11
----------------------------------------
Total hill visits: 4. 
Total prediction errors: 22. 
Total search depth: 13166. 
Total times memory accessed: 143266. 
Total times 25 >= t <= 50: 0. 
Total times 50 >= t <= 75: 0. 
Total times 75 >= t <= 100: 0. 
Total times t == 100: 0. 
Total time steps survived: 112. 
Total runtime so far (hours/minutes/seconds): 00:00:27
----------------------------------------

----------------------------------------
TRIAL 6 STARTED
----------------------------------------
Start Time: 2024-05-13 13:30:14
At time step 21 the agent is dead
The agent had 2 food, 0 water, and 23 sleep.
The total tree search depth for this trial was 4395. 
The agent accessed its memory 41862 times. 
The agent cleared its short-term memory 10 times. 
     State prediction error memory resets: 10. 
     Hill memory resets: 0. 
TRIAL 6 COMPLETE ✔
End Time: 2024-05-13 13:30:23
Total runtime for this trial (minutes/seconds): 00:09
----------------------------------------
Total hill visits: 4. 
Total prediction errors: 32. 
Total search depth: 17561. 
Total times memory accessed: 185128. 
Total times 25 >= t <= 50: 0. 
Total times 50 >= t <= 75: 0. 
Total times 75 >= t <= 100: 0. 
Total times t == 100: 0. 
Total time steps survived: 134. 
Total runtime so far (hours/minutes/seconds): 00:00:35
----------------------------------------

----------------------------------------
TRIAL 7 STARTED
----------------------------------------
Start Time: 2024-05-13 13:30:22
At time step 21 the agent is dead
The agent had 2 food, 0 water, and 5 sleep.
The total tree search depth for this trial was 3197. 
The agent accessed its memory 28247 times. 
The agent cleared its short-term memory 10 times. 
     State prediction error memory resets: 10. 
     Hill memory resets: 0. 
TRIAL 7 COMPLETE ✔
End Time: 2024-05-13 13:30:29
Total runtime for this trial (minutes/seconds): 00:07
----------------------------------------
Total hill visits: 4. 
Total prediction errors: 42. 
Total search depth: 20758. 
Total times memory accessed: 213375. 
Total times 25 >= t <= 50: 0. 
Total times 50 >= t <= 75: 0. 
Total times 75 >= t <= 100: 0. 
Total times t == 100: 0. 
Total time steps survived: 156. 
Total runtime so far (hours/minutes/seconds): 00:00:41
----------------------------------------

----------------------------------------
TRIAL 8 STARTED
----------------------------------------
Start Time: 2024-05-13 13:30:28
At time step 23 the agent is dead
The agent had 0 food, 14 water, and 3 sleep.
The total tree search depth for this trial was 4207. 
The agent accessed its memory 34796 times. 
The agent cleared its short-term memory 11 times. 
     State prediction error memory resets: 11. 
     Hill memory resets: 0. 
TRIAL 8 COMPLETE ✔
End Time: 2024-05-13 13:30:37
Total runtime for this trial (minutes/seconds): 00:09
----------------------------------------
Total hill visits: 4. 
Total prediction errors: 53. 
Total search depth: 24965. 
Total times memory accessed: 248171. 
Total times 25 >= t <= 50: 0. 
Total times 50 >= t <= 75: 0. 
Total times 75 >= t <= 100: 0. 
Total times t == 100: 0. 
Total time steps survived: 180. 
Total runtime so far (hours/minutes/seconds): 00:00:49
----------------------------------------

----------------------------------------
TRIAL 9 STARTED
----------------------------------------
Start Time: 2024-05-13 13:30:36
At time step 21 the agent is dead
The agent had 2 food, 0 water, and 17 sleep.
The total tree search depth for this trial was 4212. 
The agent accessed its memory 33516 times. 
The agent cleared its short-term memory 4 times. 
     State prediction error memory resets: 3. 
     Hill memory resets: 1. 
TRIAL 9 COMPLETE ✔
End Time: 2024-05-13 13:30:44
Total runtime for this trial (minutes/seconds): 00:08
----------------------------------------
Total hill visits: 5. 
Total prediction errors: 56. 
Total search depth: 29177. 
Total times memory accessed: 281687. 
Total times 25 >= t <= 50: 0. 
Total times 50 >= t <= 75: 0. 
Total times 75 >= t <= 100: 0. 
Total times t == 100: 0. 
Total time steps survived: 202. 
Total runtime so far (hours/minutes/seconds): 00:00:56
----------------------------------------

----------------------------------------
TRIAL 10 STARTED
----------------------------------------
Start Time: 2024-05-13 13:30:43
At time step 21 the agent is dead
The agent had 2 food, 0 water, and 5 sleep.
The total tree search depth for this trial was 6545. 
The agent accessed its memory 57773 times. 
The agent cleared its short-term memory 12 times. 
     State prediction error memory resets: 11. 
     Hill memory resets: 1. 
TRIAL 10 COMPLETE ✔
End Time: 2024-05-13 13:30:56
Total runtime for this trial (minutes/seconds): 00:13
----------------------------------------
Total hill visits: 6. 
Total prediction errors: 67. 
Total search depth: 35722. 
Total times memory accessed: 339460. 
Total times 25 >= t <= 50: 0. 
Total times 50 >= t <= 75: 0. 
Total times 75 >= t <= 100: 0. 
Total times t == 100: 0. 
Total time steps survived: 224. 
Total runtime so far (hours/minutes/seconds): 00:01:08
----------------------------------------

----------------------------------------
TRIAL 11 STARTED
----------------------------------------
Start Time: 2024-05-13 13:30:55
At time step 21 the agent is dead
The agent had 2 food, 0 water, and 5 sleep.
The total tree search depth for this trial was 3835. 
The agent accessed its memory 36313 times. 
The agent cleared its short-term memory 10 times. 
     State prediction error memory resets: 9. 
     Hill memory resets: 1. 
TRIAL 11 COMPLETE ✔
End Time: 2024-05-13 13:31:02
Total runtime for this trial (minutes/seconds): 00:07
----------------------------------------
Total hill visits: 7. 
Total prediction errors: 76. 
Total search depth: 39557. 
Total times memory accessed: 375773. 
Total times 25 >= t <= 50: 0. 
Total times 50 >= t <= 75: 0. 
Total times 75 >= t <= 100: 0. 
Total times t == 100: 0. 
Total time steps survived: 246. 
Total runtime so far (hours/minutes/seconds): 00:01:14
----------------------------------------

----------------------------------------
TRIAL 12 STARTED
----------------------------------------
Start Time: 2024-05-13 13:31:01
At time step 21 the agent is dead
The agent had 22 food, 0 water, and 5 sleep.
The total tree search depth for this trial was 2545. 
The agent accessed its memory 31396 times. 
The agent cleared its short-term memory 6 times. 
     State prediction error memory resets: 6. 
     Hill memory resets: 0. 
TRIAL 12 COMPLETE ✔
End Time: 2024-05-13 13:31:08
Total runtime for this trial (minutes/seconds): 00:07
----------------------------------------
Total hill visits: 7. 
Total prediction errors: 82. 
Total search depth: 42102. 
Total times memory accessed: 407169. 
Total times 25 >= t <= 50: 0. 
Total times 50 >= t <= 75: 0. 
Total times 75 >= t <= 100: 0. 
Total times t == 100: 0. 
Total time steps survived: 268. 
Total runtime so far (hours/minutes/seconds): 00:01:20
----------------------------------------

----------------------------------------
TRIAL 13 STARTED
----------------------------------------
Start Time: 2024-05-13 13:31:07
At time step 21 the agent is dead
The agent had 2 food, 0 water, and 5 sleep.
The total tree search depth for this trial was 1312. 
The agent accessed its memory 18931 times. 
The agent cleared its short-term memory 1 times. 
     State prediction error memory resets: 1. 
     Hill memory resets: 0. 
TRIAL 13 COMPLETE ✔
End Time: 2024-05-13 13:31:10
Total runtime for this trial (minutes/seconds): 00:03
----------------------------------------
Total hill visits: 7. 
Total prediction errors: 83. 
Total search depth: 43414. 
Total times memory accessed: 426100. 
Total times 25 >= t <= 50: 0. 
Total times 50 >= t <= 75: 0. 
Total times 75 >= t <= 100: 0. 
Total times t == 100: 0. 
Total time steps survived: 290. 
Total runtime so far (hours/minutes/seconds): 00:01:22
----------------------------------------

----------------------------------------
TRIAL 14 STARTED
----------------------------------------
Start Time: 2024-05-13 13:31:10
At time step 21 the agent is dead
The agent had 2 food, 0 water, and 20 sleep.
The total tree search depth for this trial was 11800. 
The agent accessed its memory 103197 times. 
The agent cleared its short-term memory 14 times. 
     State prediction error memory resets: 9. 
     Hill memory resets: 5. 
TRIAL 14 COMPLETE ✔
End Time: 2024-05-13 13:31:29
Total runtime for this trial (minutes/seconds): 00:19
----------------------------------------
Total hill visits: 12. 
Total prediction errors: 92. 
Total search depth: 55214. 
Total times memory accessed: 529297. 
Total times 25 >= t <= 50: 0. 
Total times 50 >= t <= 75: 0. 
Total times 75 >= t <= 100: 0. 
Total times t == 100: 0. 
Total time steps survived: 312. 
Total runtime so far (hours/minutes/seconds): 00:01:41
----------------------------------------

----------------------------------------
TRIAL 15 STARTED
----------------------------------------
Start Time: 2024-05-13 13:31:28
At time step 21 the agent is dead
The agent had 2 food, 0 water, and 5 sleep.
The total tree search depth for this trial was 4045. 
The agent accessed its memory 44978 times. 
The agent cleared its short-term memory 13 times. 
     State prediction error memory resets: 13. 
     Hill memory resets: 0. 
TRIAL 15 COMPLETE ✔
End Time: 2024-05-13 13:31:37
Total runtime for this trial (minutes/seconds): 00:09
----------------------------------------
Total hill visits: 12. 
Total prediction errors: 105. 
Total search depth: 59259. 
Total times memory accessed: 574275. 
Total times 25 >= t <= 50: 0. 
Total times 50 >= t <= 75: 0. 
Total times 75 >= t <= 100: 0. 
Total times t == 100: 0. 
Total time steps survived: 334. 
Total runtime so far (hours/minutes/seconds): 00:01:49
----------------------------------------

----------------------------------------
TRIAL 16 STARTED
----------------------------------------
Start Time: 2024-05-13 13:31:36
At time step 21 the agent is dead
The agent had 14 food, 0 water, and 21 sleep.
The total tree search depth for this trial was 9229. 
The agent accessed its memory 68081 times. 
The agent cleared its short-term memory 6 times. 
     State prediction error memory resets: 5. 
     Hill memory resets: 1. 
TRIAL 16 COMPLETE ✔
End Time: 2024-05-13 13:31:50
Total runtime for this trial (minutes/seconds): 00:14
----------------------------------------
Total hill visits: 13. 
Total prediction errors: 110. 
Total search depth: 68488. 
Total times memory accessed: 642356. 
Total times 25 >= t <= 50: 0. 
Total times 50 >= t <= 75: 0. 
Total times 75 >= t <= 100: 0. 
Total times t == 100: 0. 
Total time steps survived: 356. 
Total runtime so far (hours/minutes/seconds): 00:02:02
----------------------------------------

----------------------------------------
TRIAL 17 STARTED
----------------------------------------
Start Time: 2024-05-13 13:31:49
At time step 23 the agent is dead
The agent had 0 food, 6 water, and 3 sleep.
The total tree search depth for this trial was 24572. 
The agent accessed its memory 234339 times. 
The agent cleared its short-term memory 12 times. 
     State prediction error memory resets: 12. 
     Hill memory resets: 0. 
TRIAL 17 COMPLETE ✔
End Time: 2024-05-13 13:32:27
Total runtime for this trial (minutes/seconds): 00:38
----------------------------------------
Total hill visits: 13. 
Total prediction errors: 122. 
Total search depth: 93060. 
Total times memory accessed: 876695. 
Total times 25 >= t <= 50: 0. 
Total times 50 >= t <= 75: 0. 
Total times 75 >= t <= 100: 0. 
Total times t == 100: 0. 
Total time steps survived: 380. 
Total runtime so far (hours/minutes/seconds): 00:02:39
----------------------------------------

----------------------------------------
TRIAL 18 STARTED
----------------------------------------
Start Time: 2024-05-13 13:32:26
At time step 21 the agent is dead
The agent had 2 food, 0 water, and 5 sleep.
The total tree search depth for this trial was 8380. 
The agent accessed its memory 87186 times. 
The agent cleared its short-term memory 13 times. 
     State prediction error memory resets: 13. 
     Hill memory resets: 0. 
TRIAL 18 COMPLETE ✔
End Time: 2024-05-13 13:32:42
Total runtime for this trial (minutes/seconds): 00:16
----------------------------------------
Total hill visits: 13. 
Total prediction errors: 135. 
Total search depth: 101440. 
Total times memory accessed: 963881. 
Total times 25 >= t <= 50: 0. 
Total times 50 >= t <= 75: 0. 
Total times 75 >= t <= 100: 0. 
Total times t == 100: 0. 
Total time steps survived: 402. 
Total runtime so far (hours/minutes/seconds): 00:02:54
----------------------------------------

----------------------------------------
TRIAL 19 STARTED
----------------------------------------
Start Time: 2024-05-13 13:32:41
At time step 21 the agent is dead
The agent had 17 food, 0 water, and 5 sleep.
The total tree search depth for this trial was 14472. 
The agent accessed its memory 109295 times. 
The agent cleared its short-term memory 13 times. 
     State prediction error memory resets: 12. 
     Hill memory resets: 1. 
TRIAL 19 COMPLETE ✔
End Time: 2024-05-13 13:33:06
Total runtime for this trial (minutes/seconds): 00:25
----------------------------------------
Total hill visits: 14. 
Total prediction errors: 147. 
Total search depth: 115912. 
Total times memory accessed: 1073176. 
Total times 25 >= t <= 50: 0. 
Total times 50 >= t <= 75: 0. 
Total times 75 >= t <= 100: 0. 
Total times t == 100: 0. 
Total time steps survived: 424. 
Total runtime so far (hours/minutes/seconds): 00:03:18
----------------------------------------

----------------------------------------
TRIAL 20 STARTED
----------------------------------------
Start Time: 2024-05-13 13:33:05
At time step 21 the agent is dead
The agent had 2 food, 0 water, and 5 sleep.
The total tree search depth for this trial was 1524. 
The agent accessed its memory 21040 times. 
The agent cleared its short-term memory 9 times. 
     State prediction error memory resets: 9. 
     Hill memory resets: 0. 
TRIAL 20 COMPLETE ✔
End Time: 2024-05-13 13:33:08
Total runtime for this trial (minutes/seconds): 00:03
----------------------------------------
Total hill visits: 14. 
Total prediction errors: 156. 
Total search depth: 117436. 
Total times memory accessed: 1094216. 
Total times 25 >= t <= 50: 0. 
Total times 50 >= t <= 75: 0. 
Total times 75 >= t <= 100: 0. 
Total times t == 100: 0. 
Total time steps survived: 446. 
Total runtime so far (hours/minutes/seconds): 00:03:20
----------------------------------------

----------------------------------------
TRIAL 21 STARTED
----------------------------------------
Start Time: 2024-05-13 13:33:07
At time step 21 the agent is dead
The agent had 11 food, 0 water, and 5 sleep.
The total tree search depth for this trial was 10731. 
The agent accessed its memory 86728 times. 
The agent cleared its short-term memory 7 times. 
     State prediction error memory resets: 6. 
     Hill memory resets: 1. 
TRIAL 21 COMPLETE ✔
End Time: 2024-05-13 13:33:25
Total runtime for this trial (minutes/seconds): 00:18
----------------------------------------
Total hill visits: 15. 
Total prediction errors: 162. 
Total search depth: 128167. 
Total times memory accessed: 1180944. 
Total times 25 >= t <= 50: 0. 
Total times 50 >= t <= 75: 0. 
Total times 75 >= t <= 100: 0. 
Total times t == 100: 0. 
Total time steps survived: 468. 
Total runtime so far (hours/minutes/seconds): 00:03:37
----------------------------------------

----------------------------------------
TRIAL 22 STARTED
----------------------------------------
Start Time: 2024-05-13 13:33:24
At time step 21 the agent is dead
The agent had 2 food, 0 water, and 5 sleep.
The total tree search depth for this trial was 12730. 
The agent accessed its memory 94556 times. 
The agent cleared its short-term memory 16 times. 
     State prediction error memory resets: 15. 
     Hill memory resets: 1. 
TRIAL 22 COMPLETE ✔
End Time: 2024-05-13 13:33:46
Total runtime for this trial (minutes/seconds): 00:22
----------------------------------------
Total hill visits: 16. 
Total prediction errors: 177. 
Total search depth: 140897. 
Total times memory accessed: 1275500. 
Total times 25 >= t <= 50: 0. 
Total times 50 >= t <= 75: 0. 
Total times 75 >= t <= 100: 0. 
Total times t == 100: 0. 
Total time steps survived: 490. 
Total runtime so far (hours/minutes/seconds): 00:03:58
----------------------------------------

----------------------------------------
TRIAL 23 STARTED
----------------------------------------
Start Time: 2024-05-13 13:33:45
At time step 26 the agent is dead
The agent had 14 food, 8 water, and 0 sleep.
The total tree search depth for this trial was 52163. 
The agent accessed its memory 425785 times. 
The agent cleared its short-term memory 16 times. 
     State prediction error memory resets: 15. 
     Hill memory resets: 1. 
TRIAL 23 COMPLETE ✔
End Time: 2024-05-13 13:34:50
Total runtime for this trial (minutes/seconds): 01:05
----------------------------------------
Total hill visits: 17. 
Total prediction errors: 192. 
Total search depth: 193060. 
Total times memory accessed: 1701285. 
Total times 25 >= t <= 50: 1. 
Total times 50 >= t <= 75: 0. 
Total times 75 >= t <= 100: 0. 
Total times t == 100: 0. 
Total time steps survived: 517. 
Total runtime so far (hours/minutes/seconds): 00:05:02
----------------------------------------

----------------------------------------
TRIAL 24 STARTED
----------------------------------------
Start Time: 2024-05-13 13:34:49
At time step 21 the agent is dead
The agent had 2 food, 0 water, and 5 sleep.
The total tree search depth for this trial was 24772. 
The agent accessed its memory 193589 times. 
The agent cleared its short-term memory 11 times. 
     State prediction error memory resets: 10. 
     Hill memory resets: 1. 
TRIAL 24 COMPLETE ✔
End Time: 2024-05-13 13:35:28
Total runtime for this trial (minutes/seconds): 00:39
----------------------------------------
Total hill visits: 18. 
Total prediction errors: 202. 
Total search depth: 217832. 
Total times memory accessed: 1894874. 
Total times 25 >= t <= 50: 1. 
Total times 50 >= t <= 75: 0. 
Total times 75 >= t <= 100: 0. 
Total times t == 100: 0. 
Total time steps survived: 539. 
Total runtime so far (hours/minutes/seconds): 00:05:40
----------------------------------------

----------------------------------------
TRIAL 25 STARTED
----------------------------------------
Start Time: 2024-05-13 13:35:27
At time step 26 the agent is dead
The agent had 10 food, 4 water, and 0 sleep.
The total tree search depth for this trial was 47267. 
The agent accessed its memory 352742 times. 
The agent cleared its short-term memory 13 times. 
     State prediction error memory resets: 12. 
     Hill memory resets: 1. 
TRIAL 25 COMPLETE ✔
End Time: 2024-05-13 13:36:30
Total runtime for this trial (minutes/seconds): 01:03
----------------------------------------
Total hill visits: 19. 
Total prediction errors: 214. 
Total search depth: 265099. 
Total times memory accessed: 2247616. 
Total times 25 >= t <= 50: 2. 
Total times 50 >= t <= 75: 0. 
Total times 75 >= t <= 100: 0. 
Total times t == 100: 0. 
Total time steps survived: 566. 
Total runtime so far (hours/minutes/seconds): 00:06:42
----------------------------------------

----------------------------------------
TRIAL 26 STARTED
----------------------------------------
Start Time: 2024-05-13 13:36:29
At time step 23 the agent is dead
The agent had 0 food, 6 water, and 3 sleep.
The total tree search depth for this trial was 12999. 
The agent accessed its memory 92765 times. 
The agent cleared its short-term memory 8 times. 
     State prediction error memory resets: 7. 
     Hill memory resets: 1. 
TRIAL 26 COMPLETE ✔
End Time: 2024-05-13 13:36:50
Total runtime for this trial (minutes/seconds): 00:21
----------------------------------------
Total hill visits: 20. 
Total prediction errors: 221. 
Total search depth: 278098. 
Total times memory accessed: 2340381. 
Total times 25 >= t <= 50: 2. 
Total times 50 >= t <= 75: 0. 
Total times 75 >= t <= 100: 0. 
Total times t == 100: 0. 
Total time steps survived: 590. 
Total runtime so far (hours/minutes/seconds): 00:07:02
----------------------------------------

----------------------------------------
TRIAL 27 STARTED
----------------------------------------
Start Time: 2024-05-13 13:36:49
At time step 21 the agent is dead
The agent had 2 food, 0 water, and 5 sleep.
The total tree search depth for this trial was 7840. 
The agent accessed its memory 52475 times. 
The agent cleared its short-term memory 11 times. 
     State prediction error memory resets: 9. 
     Hill memory resets: 2. 
TRIAL 27 COMPLETE ✔
End Time: 2024-05-13 13:37:02
Total runtime for this trial (minutes/seconds): 00:13
----------------------------------------
Total hill visits: 22. 
Total prediction errors: 230. 
Total search depth: 285938. 
Total times memory accessed: 2392856. 
Total times 25 >= t <= 50: 2. 
Total times 50 >= t <= 75: 0. 
Total times 75 >= t <= 100: 0. 
Total times t == 100: 0. 
Total time steps survived: 612. 
Total runtime so far (hours/minutes/seconds): 00:07:14
----------------------------------------

----------------------------------------
TRIAL 28 STARTED
----------------------------------------
Start Time: 2024-05-13 13:37:01
At time step 21 the agent is dead
The agent had 2 food, 0 water, and 5 sleep.
The total tree search depth for this trial was 50273. 
The agent accessed its memory 403248 times. 
The agent cleared its short-term memory 11 times. 
     State prediction error memory resets: 10. 
     Hill memory resets: 1. 
TRIAL 28 COMPLETE ✔
End Time: 2024-05-13 13:38:11
Total runtime for this trial (minutes/seconds): 01:10
----------------------------------------
Total hill visits: 23. 
Total prediction errors: 240. 
Total search depth: 336211. 
Total times memory accessed: 2796104. 
Total times 25 >= t <= 50: 2. 
Total times 50 >= t <= 75: 0. 
Total times 75 >= t <= 100: 0. 
Total times t == 100: 0. 
Total time steps survived: 634. 
Total runtime so far (hours/minutes/seconds): 00:08:23
----------------------------------------

----------------------------------------
TRIAL 29 STARTED
----------------------------------------
Start Time: 2024-05-13 13:38:10
At time step 26 the agent is dead
The agent had 20 food, 12 water, and 0 sleep.
The total tree search depth for this trial was 11471. 
The agent accessed its memory 84856 times. 
The agent cleared its short-term memory 7 times. 
     State prediction error memory resets: 6. 
     Hill memory resets: 1. 
TRIAL 29 COMPLETE ✔
End Time: 2024-05-13 13:38:30
Total runtime for this trial (minutes/seconds): 00:20
----------------------------------------
Total hill visits: 24. 
Total prediction errors: 246. 
Total search depth: 347682. 
Total times memory accessed: 2880960. 
Total times 25 >= t <= 50: 3. 
Total times 50 >= t <= 75: 0. 
Total times 75 >= t <= 100: 0. 
Total times t == 100: 0. 
Total time steps survived: 661. 
Total runtime so far (hours/minutes/seconds): 00:08:42
----------------------------------------

----------------------------------------
TRIAL 30 STARTED
----------------------------------------
Start Time: 2024-05-13 13:38:29
