Running Python script with ALGORITHM=SI and SEED=15
At time 22 the agent is dead.
The agent had: -1 food, 6 water, and 2 sleep.
The total tree search depth for this trial was 2937.
The agent accessed its memory 5594 times.
The agent cleared its short-term memory 8 times.
    State prediction error memory resets: 7.
    Hill memory resets: 1.
At time 20 the agent is dead.
The agent had: 1 food, -1 water, and 4 sleep.
The total tree search depth for this trial was 1382.
The agent accessed its memory 3727 times.
The agent cleared its short-term memory 14 times.
    State prediction error memory resets: 14.
    Hill memory resets: 0.
At time 20 the agent is dead.
The agent had: 1 food, -1 water, and 4 sleep.
The total tree search depth for this trial was 2425.
The agent accessed its memory 7901 times.
The agent cleared its short-term memory 13 times.
    State prediction error memory resets: 13.
    Hill memory resets: 0.
At time 20 the agent is dead.
The agent had: 1 food, -1 water, and 4 sleep.
The total tree search depth for this trial was 1049.
The agent accessed its memory 3816 times.
The agent cleared its short-term memory 13 times.
    State prediction error memory resets: 11.
    Hill memory resets: 2.
At time 20 the agent is dead.
The agent had: 3 food, -1 water, and 4 sleep.
The total tree search depth for this trial was 7332.
The agent accessed its memory 26254 times.
The agent cleared its short-term memory 14 times.
    State prediction error memory resets: 14.
    Hill memory resets: 0.
At time 20 the agent is dead.
The agent had: 1 food, -1 water, and 4 sleep.
The total tree search depth for this trial was 9569.
The agent accessed its memory 39368 times.
The agent cleared its short-term memory 14 times.
    State prediction error memory resets: 14.
    Hill memory resets: 0.
At time 20 the agent is dead.
The agent had: 1 food, -1 water, and 4 sleep.
The total tree search depth for this trial was 1272.
The agent accessed its memory 4050 times.
The agent cleared its short-term memory 11 times.
    State prediction error memory resets: 11.
    Hill memory resets: 0.
At time 20 the agent is dead.
The agent had: 1 food, -1 water, and 4 sleep.
The total tree search depth for this trial was 1515.
The agent accessed its memory 4854 times.
The agent cleared its short-term memory 9 times.
    State prediction error memory resets: 9.
    Hill memory resets: 0.
At time 25 the agent is dead.
The agent had: 13 food, 15 water, and -1 sleep.
The total tree search depth for this trial was 3410.
The agent accessed its memory 11320 times.
The agent cleared its short-term memory 6 times.
    State prediction error memory resets: 5.
    Hill memory resets: 1.
At time 25 the agent is dead.
The agent had: 16 food, 10 water, and -1 sleep.
The total tree search depth for this trial was 2215.
The agent accessed its memory 8366 times.
The agent cleared its short-term memory 10 times.
    State prediction error memory resets: 8.
    Hill memory resets: 2.
At time 20 the agent is dead.
The agent had: 1 food, -1 water, and 4 sleep.
The total tree search depth for this trial was 1226.
The agent accessed its memory 3853 times.
The agent cleared its short-term memory 10 times.
    State prediction error memory resets: 6.
    Hill memory resets: 4.
At time 20 the agent is dead.
The agent had: 1 food, -1 water, and 4 sleep.
The total tree search depth for this trial was 1592.
The agent accessed its memory 5093 times.
The agent cleared its short-term memory 10 times.
    State prediction error memory resets: 10.
    Hill memory resets: 0.
At time 20 the agent is dead.
The agent had: 17 food, -1 water, and 4 sleep.
The total tree search depth for this trial was 1902.
The agent accessed its memory 7700 times.
The agent cleared its short-term memory 16 times.
    State prediction error memory resets: 16.
    Hill memory resets: 0.
At time 20 the agent is dead.
The agent had: 1 food, -1 water, and 4 sleep.
The total tree search depth for this trial was 3015.
The agent accessed its memory 11893 times.
The agent cleared its short-term memory 7 times.
    State prediction error memory resets: 6.
    Hill memory resets: 1.
At time 22 the agent is dead.
The agent had: -1 food, 2 water, and 2 sleep.
The total tree search depth for this trial was 12436.
The agent accessed its memory 45201 times.
The agent cleared its short-term memory 12 times.
    State prediction error memory resets: 12.
    Hill memory resets: 0.
At time 20 the agent is dead.
The agent had: 1 food, -1 water, and 4 sleep.
The total tree search depth for this trial was 2626.
The agent accessed its memory 9595 times.
The agent cleared its short-term memory 5 times.
    State prediction error memory resets: 4.
    Hill memory resets: 1.
At time 28 the agent is dead.
The agent had: -1 food, 0 water, and 18 sleep.
The total tree search depth for this trial was 16674.
The agent accessed its memory 61707 times.
The agent cleared its short-term memory 2 times.
    State prediction error memory resets: 1.
    Hill memory resets: 1.
At time 20 the agent is dead.
The agent had: 1 food, -1 water, and 4 sleep.
The total tree search depth for this trial was 2719.
The agent accessed its memory 8732 times.
The agent cleared its short-term memory 13 times.
    State prediction error memory resets: 12.
    Hill memory resets: 1.
At time 20 the agent is dead.
The agent had: 1 food, -1 water, and 4 sleep.
The total tree search depth for this trial was 1746.
The agent accessed its memory 5113 times.
The agent cleared its short-term memory 10 times.
    State prediction error memory resets: 9.
    Hill memory resets: 1.
At time 20 the agent is dead.
The agent had: 1 food, -1 water, and 4 sleep.
The total tree search depth for this trial was 3533.
The agent accessed its memory 12227 times.
The agent cleared its short-term memory 8 times.
    State prediction error memory resets: 6.
    Hill memory resets: 2.
At time 20 the agent is dead.
The agent had: 11 food, -1 water, and 4 sleep.
The total tree search depth for this trial was 16411.
The agent accessed its memory 70235 times.
The agent cleared its short-term memory 3 times.
    State prediction error memory resets: 2.
    Hill memory resets: 1.
At time 25 the agent is dead.
The agent had: 16 food, 11 water, and -1 sleep.
The total tree search depth for this trial was 3316.
The agent accessed its memory 13919 times.
The agent cleared its short-term memory 9 times.
    State prediction error memory resets: 7.
    Hill memory resets: 2.
At time 22 the agent is dead.
The agent had: -1 food, 15 water, and 2 sleep.
The total tree search depth for this trial was 3462.
The agent accessed its memory 13078 times.
The agent cleared its short-term memory 3 times.
    State prediction error memory resets: 2.
    Hill memory resets: 1.
At time 22 the agent is dead.
The agent had: -1 food, 5 water, and 2 sleep.
The total tree search depth for this trial was 10911.
The agent accessed its memory 38036 times.
The agent cleared its short-term memory 7 times.
    State prediction error memory resets: 7.
    Hill memory resets: 0.
At time 20 the agent is dead.
The agent had: 1 food, -1 water, and 4 sleep.
The total tree search depth for this trial was 3629.
The agent accessed its memory 13274 times.
The agent cleared its short-term memory 2 times.
    State prediction error memory resets: 1.
    Hill memory resets: 1.
At time 20 the agent is dead.
The agent had: 1 food, -1 water, and 4 sleep.
The total tree search depth for this trial was 2640.
The agent accessed its memory 9068 times.
The agent cleared its short-term memory 12 times.
    State prediction error memory resets: 11.
    Hill memory resets: 1.
At time 22 the agent is dead.
The agent had: -1 food, 11 water, and 2 sleep.
The total tree search depth for this trial was 13205.
The agent accessed its memory 49736 times.
The agent cleared its short-term memory 16 times.
    State prediction error memory resets: 15.
    Hill memory resets: 1.
At time 22 the agent is dead.
The agent had: -1 food, 14 water, and 9 sleep.
The total tree search depth for this trial was 26025.
The agent accessed its memory 91998 times.
The agent cleared its short-term memory 12 times.
    State prediction error memory resets: 10.
    Hill memory resets: 2.
At time 25 the agent is dead.
The agent had: 13 food, 13 water, and -1 sleep.
The total tree search depth for this trial was 12781.
The agent accessed its memory 55226 times.
The agent cleared its short-term memory 7 times.
    State prediction error memory resets: 5.
    Hill memory resets: 2.
At time 20 the agent is dead.
The agent had: 1 food, -1 water, and 4 sleep.
The total tree search depth for this trial was 5187.
The agent accessed its memory 17612 times.
The agent cleared its short-term memory 13 times.
    State prediction error memory resets: 12.
    Hill memory resets: 1.
At time 25 the agent is dead.
The agent had: 19 food, 9 water, and -1 sleep.
The total tree search depth for this trial was 19684.
The agent accessed its memory 87087 times.
The agent cleared its short-term memory 7 times.
    State prediction error memory resets: 6.
    Hill memory resets: 1.
At time 44 the agent is dead.
The agent had: 4 food, -1 water, and 1 sleep.
The total tree search depth for this trial was 36239.
The agent accessed its memory 131275 times.
The agent cleared its short-term memory 7 times.
    State prediction error memory resets: 6.
    Hill memory resets: 1.
At time 20 the agent is dead.
The agent had: 1 food, -1 water, and 4 sleep.
The total tree search depth for this trial was 11086.
The agent accessed its memory 41040 times.
The agent cleared its short-term memory 7 times.
    State prediction error memory resets: 6.
    Hill memory resets: 1.
At time 36 the agent is dead.
The agent had: 6 food, -1 water, and 6 sleep.
The total tree search depth for this trial was 65268.
The agent accessed its memory 238684 times.
The agent cleared its short-term memory 5 times.
    State prediction error memory resets: 4.
    Hill memory resets: 1.
At time 25 the agent is dead.
The agent had: 16 food, 5 water, and -1 sleep.
The total tree search depth for this trial was 30931.
The agent accessed its memory 109194 times.
The agent cleared its short-term memory 7 times.
    State prediction error memory resets: 6.
    Hill memory resets: 1.
At time 25 the agent is dead.
The agent had: 13 food, 16 water, and -1 sleep.
The total tree search depth for this trial was 37063.
The agent accessed its memory 127252 times.
The agent cleared its short-term memory 8 times.
    State prediction error memory resets: 7.
    Hill memory resets: 1.
At time 45 the agent is dead.
The agent had: 5 food, -1 water, and 21 sleep.
The total tree search depth for this trial was 98847.
The agent accessed its memory 346539 times.
The agent cleared its short-term memory 13 times.
    State prediction error memory resets: 11.
    Hill memory resets: 2.
At time 22 the agent is dead.
The agent had: -1 food, 9 water, and 2 sleep.
The total tree search depth for this trial was 57179.
The agent accessed its memory 214040 times.
The agent cleared its short-term memory 8 times.
    State prediction error memory resets: 7.
    Hill memory resets: 1.
At time 31 the agent is dead.
The agent had: -1 food, 4 water, and 18 sleep.
The total tree search depth for this trial was 68220.
The agent accessed its memory 243171 times.
The agent cleared its short-term memory 10 times.
    State prediction error memory resets: 9.
    Hill memory resets: 1.
At time 61 the agent is dead.
The agent had: 17 food, -1 water, and 0 sleep.
The total tree search depth for this trial was 69210.
The agent accessed its memory 245042 times.
The agent cleared its short-term memory 10 times.
    State prediction error memory resets: 8.
    Hill memory resets: 2.
At time 28 the agent is dead.
The agent had: -1 food, 5 water, and 14 sleep.
The total tree search depth for this trial was 151383.
The agent accessed its memory 579479 times.
The agent cleared its short-term memory 14 times.
    State prediction error memory resets: 13.
    Hill memory resets: 1.
At time 22 the agent is dead.
The agent had: -1 food, 13 water, and 2 sleep.
The total tree search depth for this trial was 53917.
The agent accessed its memory 207031 times.
The agent cleared its short-term memory 10 times.
    State prediction error memory resets: 9.
    Hill memory resets: 1.
At time 62 the agent is dead.
The agent had: 1 food, 1 water, and -1 sleep.
The total tree search depth for this trial was 196527.
The agent accessed its memory 674776 times.
The agent cleared its short-term memory 22 times.
    State prediction error memory resets: 21.
    Hill memory resets: 1.
At time 32 the agent is dead.
The agent had: 5 food, -1 water, and 7 sleep.
The total tree search depth for this trial was 37262.
The agent accessed its memory 132140 times.
The agent cleared its short-term memory 4 times.
    State prediction error memory resets: 3.
    Hill memory resets: 1.
At time 20 the agent is dead.
The agent had: 18 food, -1 water, and 4 sleep.
The total tree search depth for this trial was 50856.
The agent accessed its memory 182231 times.
The agent cleared its short-term memory 5 times.
    State prediction error memory resets: 3.
    Hill memory resets: 2.
At time 20 the agent is dead.
The agent had: 1 food, -1 water, and 10 sleep.
The total tree search depth for this trial was 60640.
The agent accessed its memory 205501 times.
The agent cleared its short-term memory 4 times.
    State prediction error memory resets: 3.
    Hill memory resets: 1.
At time 58 the agent is dead.
The agent had: 6 food, -1 water, and 8 sleep.
The total tree search depth for this trial was 130706.
The agent accessed its memory 451395 times.
The agent cleared its short-term memory 12 times.
    State prediction error memory resets: 10.
    Hill memory resets: 2.
At time 20 the agent is dead.
The agent had: 13 food, -1 water, and 4 sleep.
The total tree search depth for this trial was 56676.
The agent accessed its memory 201671 times.
The agent cleared its short-term memory 5 times.
    State prediction error memory resets: 4.
    Hill memory resets: 1.
At time 48 the agent is dead.
The agent had: 10 food, 10 water, and -1 sleep.
The total tree search depth for this trial was 192279.
The agent accessed its memory 676061 times.
The agent cleared its short-term memory 15 times.
    State prediction error memory resets: 14.
    Hill memory resets: 1.
At time 29 the agent is dead.
The agent had: 16 food, -1 water, and 1 sleep.
The total tree search depth for this trial was 51192.
The agent accessed its memory 182985 times.
The agent cleared its short-term memory 8 times.
    State prediction error memory resets: 6.
    Hill memory resets: 2.
At time 36 the agent is dead.
The agent had: 8 food, -1 water, and 7 sleep.
The total tree search depth for this trial was 83568.
The agent accessed its memory 296359 times.
The agent cleared its short-term memory 9 times.
    State prediction error memory resets: 7.
    Hill memory resets: 2.
At time 37 the agent is dead.
The agent had: 7 food, 7 water, and -1 sleep.
The total tree search depth for this trial was 149298.
The agent accessed its memory 502432 times.
The agent cleared its short-term memory 10 times.
    State prediction error memory resets: 8.
    Hill memory resets: 2.
At time 39 the agent is dead.
The agent had: 18 food, -1 water, and 2 sleep.
The total tree search depth for this trial was 115926.
The agent accessed its memory 406827 times.
The agent cleared its short-term memory 10 times.
    State prediction error memory resets: 8.
    Hill memory resets: 2.
At time 20 the agent is dead.
The agent had: 1 food, -1 water, and 4 sleep.
The total tree search depth for this trial was 105358.
The agent accessed its memory 411309 times.
The agent cleared its short-term memory 14 times.
    State prediction error memory resets: 12.
    Hill memory resets: 2.
At time 42 the agent is dead.
The agent had: 11 food, -1 water, and 20 sleep.
The total tree search depth for this trial was 112366.
The agent accessed its memory 373628 times.
The agent cleared its short-term memory 8 times.
    State prediction error memory resets: 6.
    Hill memory resets: 2.
At time 55 the agent is dead.
The agent had: -1 food, 6 water, and 3 sleep.
The total tree search depth for this trial was 240732.
The agent accessed its memory 874958 times.
The agent cleared its short-term memory 15 times.
    State prediction error memory resets: 13.
    Hill memory resets: 2.
At time 22 the agent is dead.
The agent had: -1 food, 4 water, and 2 sleep.
The total tree search depth for this trial was 54531.
The agent accessed its memory 195069 times.
The agent cleared its short-term memory 9 times.
    State prediction error memory resets: 8.
    Hill memory resets: 1.
At time 42 the agent is dead.
The agent had: 4 food, 11 water, and -1 sleep.
The total tree search depth for this trial was 232436.
The agent accessed its memory 855995 times.
The agent cleared its short-term memory 21 times.
    State prediction error memory resets: 17.
    Hill memory resets: 4.
At time 45 the agent is dead.
The agent had: 4 food, -1 water, and 1 sleep.
The total tree search depth for this trial was 196611.
The agent accessed its memory 675464 times.
The agent cleared its short-term memory 15 times.
    State prediction error memory resets: 14.
    Hill memory resets: 1.
At time 27 the agent is dead.
The agent had: 8 food, -1 water, and 18 sleep.
The total tree search depth for this trial was 81909.
The agent accessed its memory 271256 times.
The agent cleared its short-term memory 9 times.
    State prediction error memory resets: 8.
    Hill memory resets: 1.
At time 30 the agent is dead.
The agent had: 17 food, -1 water, and 2 sleep.
The total tree search depth for this trial was 87423.
The agent accessed its memory 306009 times.
The agent cleared its short-term memory 6 times.
    State prediction error memory resets: 4.
    Hill memory resets: 2.
At time 28 the agent is dead.
The agent had: 6 food, -1 water, and 21 sleep.
The total tree search depth for this trial was 49504.
The agent accessed its memory 165356 times.
The agent cleared its short-term memory 6 times.
    State prediction error memory resets: 5.
    Hill memory resets: 1.
At time 63 the agent is dead.
The agent had: -1 food, 4 water, and 10 sleep.
The total tree search depth for this trial was 260168.
The agent accessed its memory 839389 times.
The agent cleared its short-term memory 15 times.
    State prediction error memory resets: 13.
    Hill memory resets: 2.
At time 62 the agent is dead.
The agent had: -1 food, 1 water, and 14 sleep.
The total tree search depth for this trial was 256100.
The agent accessed its memory 880022 times.
The agent cleared its short-term memory 24 times.
    State prediction error memory resets: 21.
    Hill memory resets: 3.
At time 25 the agent is dead.
The agent had: 11 food, 11 water, and -1 sleep.
The total tree search depth for this trial was 44145.
The agent accessed its memory 148186 times.
The agent cleared its short-term memory 6 times.
    State prediction error memory resets: 5.
    Hill memory resets: 1.
At time 20 the agent is dead.
The agent had: 1 food, -1 water, and 4 sleep.
The total tree search depth for this trial was 47880.
The agent accessed its memory 163541 times.
The agent cleared its short-term memory 6 times.
    State prediction error memory resets: 5.
    Hill memory resets: 1.
At time 63 the agent is dead.
The agent had: 7 food, -1 water, and 11 sleep.
The total tree search depth for this trial was 237862.
The agent accessed its memory 782623 times.
The agent cleared its short-term memory 14 times.
    State prediction error memory resets: 12.
    Hill memory resets: 2.
At time 20 the agent is dead.
The agent had: 1 food, -1 water, and 4 sleep.
The total tree search depth for this trial was 56291.
The agent accessed its memory 216703 times.
The agent cleared its short-term memory 9 times.
    State prediction error memory resets: 5.
    Hill memory resets: 4.
At time 83 the agent is dead.
The agent had: -1 food, -1 water, and 10 sleep.
The total tree search depth for this trial was 175711.
The agent accessed its memory 576288 times.
The agent cleared its short-term memory 10 times.
    State prediction error memory resets: 9.
    Hill memory resets: 1.
At time 46 the agent is dead.
The agent had: -1 food, -1 water, and 15 sleep.
The total tree search depth for this trial was 208112.
The agent accessed its memory 678145 times.
The agent cleared its short-term memory 15 times.
    State prediction error memory resets: 14.
    Hill memory resets: 1.
At time 29 the agent is dead.
The agent had: -1 food, -1 water, and 13 sleep.
The total tree search depth for this trial was 186219.
The agent accessed its memory 604468 times.
The agent cleared its short-term memory 8 times.
    State prediction error memory resets: 7.
    Hill memory resets: 1.
At time 27 the agent is dead.
The agent had: 7 food, -1 water, and 13 sleep.
The total tree search depth for this trial was 74085.
The agent accessed its memory 236683 times.
The agent cleared its short-term memory 4 times.
    State prediction error memory resets: 3.
    Hill memory resets: 1.
At time 20 the agent is dead.
The agent had: 8 food, -1 water, and 13 sleep.
The total tree search depth for this trial was 50800.
The agent accessed its memory 163699 times.
The agent cleared its short-term memory 3 times.
    State prediction error memory resets: 2.
    Hill memory resets: 1.
At time 20 the agent is dead.
The agent had: 1 food, -1 water, and 4 sleep.
The total tree search depth for this trial was 83812.
The agent accessed its memory 311744 times.
The agent cleared its short-term memory 8 times.
    State prediction error memory resets: 7.
    Hill memory resets: 1.
At time 62 the agent is dead.
The agent had: 4 food, -1 water, and 14 sleep.
The total tree search depth for this trial was 216636.
The agent accessed its memory 684400 times.
The agent cleared its short-term memory 12 times.
    State prediction error memory resets: 11.
    Hill memory resets: 1.
At time 92 the agent is dead.
The agent had: 5 food, -1 water, and 15 sleep.
The total tree search depth for this trial was 232220.
The agent accessed its memory 762937 times.
The agent cleared its short-term memory 22 times.
    State prediction error memory resets: 20.
    Hill memory resets: 2.
At time 35 the agent is dead.
The agent had: -1 food, 12 water, and 14 sleep.
The total tree search depth for this trial was 59625.
The agent accessed its memory 191207 times.
The agent cleared its short-term memory 4 times.
    State prediction error memory resets: 3.
    Hill memory resets: 1.
At time 43 the agent is dead.
The agent had: -1 food, -1 water, and 17 sleep.
The total tree search depth for this trial was 128697.
The agent accessed its memory 423346 times.
The agent cleared its short-term memory 10 times.
    State prediction error memory resets: 6.
    Hill memory resets: 4.
At time 22 the agent is dead.
The agent had: -1 food, 9 water, and 12 sleep.
The total tree search depth for this trial was 85268.
The agent accessed its memory 302347 times.
The agent cleared its short-term memory 8 times.
    State prediction error memory resets: 3.
    Hill memory resets: 5.
At time 73 the agent is dead.
The agent had: -1 food, 1 water, and 13 sleep.
The total tree search depth for this trial was 195490.
The agent accessed its memory 608855 times.
The agent cleared its short-term memory 15 times.
    State prediction error memory resets: 14.
    Hill memory resets: 1.
At time 20 the agent is dead.
The agent had: 1 food, -1 water, and 4 sleep.
The total tree search depth for this trial was 51194.
The agent accessed its memory 170323 times.
The agent cleared its short-term memory 4 times.
    State prediction error memory resets: 3.
    Hill memory resets: 1.
At time 29 the agent is dead.
The agent had: -1 food, -1 water, and 13 sleep.
The total tree search depth for this trial was 100086.
The agent accessed its memory 313984 times.
The agent cleared its short-term memory 9 times.
    State prediction error memory resets: 7.
    Hill memory resets: 2.
At time 20 the agent is dead.
The agent had: 1 food, -1 water, and 10 sleep.
The total tree search depth for this trial was 37722.
The agent accessed its memory 132511 times.
The agent cleared its short-term memory 4 times.
    State prediction error memory resets: 3.
    Hill memory resets: 1.
At time 20 the agent is dead.
The agent had: 8 food, -1 water, and 12 sleep.
The total tree search depth for this trial was 24315.
The agent accessed its memory 76962 times.
The agent cleared its short-term memory 5 times.
    State prediction error memory resets: 3.
    Hill memory resets: 2.
At time 72 the agent is dead.
The agent had: -1 food, -1 water, and 14 sleep.
The total tree search depth for this trial was 214908.
The agent accessed its memory 705076 times.
The agent cleared its short-term memory 11 times.
    State prediction error memory resets: 10.
    Hill memory resets: 1.
At time 65 the agent is dead.
The agent had: -1 food, 9 water, and 18 sleep.
The total tree search depth for this trial was 145413.
The agent accessed its memory 465296 times.
The agent cleared its short-term memory 11 times.
    State prediction error memory resets: 9.
    Hill memory resets: 2.
At time 90 the agent is dead.
The agent had: 1 food, 2 water, and -1 sleep.
The total tree search depth for this trial was 329732.
The agent accessed its memory 1057693 times.
The agent cleared its short-term memory 21 times.
    State prediction error memory resets: 18.
    Hill memory resets: 3.
At time 91 the agent is dead.
The agent had: 2 food, 6 water, and -1 sleep.
The total tree search depth for this trial was 202886.
The agent accessed its memory 641743 times.
The agent cleared its short-term memory 13 times.
    State prediction error memory resets: 11.
    Hill memory resets: 2.
At time 60 the agent is dead.
The agent had: 3 food, -1 water, and 12 sleep.
The total tree search depth for this trial was 181889.
The agent accessed its memory 560339 times.
The agent cleared its short-term memory 13 times.
    State prediction error memory resets: 11.
    Hill memory resets: 2.
At time 20 the agent is dead.
The agent had: 1 food, -1 water, and 4 sleep.
The total tree search depth for this trial was 42166.
The agent accessed its memory 153676 times.
The agent cleared its short-term memory 8 times.
    State prediction error memory resets: 7.
    Hill memory resets: 1.
At time 22 the agent is dead.
The agent had: -1 food, 6 water, and 2 sleep.
The total tree search depth for this trial was 71389.
The agent accessed its memory 230457 times.
The agent cleared its short-term memory 7 times.
    State prediction error memory resets: 6.
    Hill memory resets: 1.
At time 57 the agent is dead.
The agent had: 6 food, 11 water, and -1 sleep.
The total tree search depth for this trial was 118110.
The agent accessed its memory 383737 times.
The agent cleared its short-term memory 8 times.
    State prediction error memory resets: 6.
    Hill memory resets: 2.
At time 89 the agent is dead.
The agent had: 10 food, 4 water, and -1 sleep.
The total tree search depth for this trial was 257792.
The agent accessed its memory 794287 times.
The agent cleared its short-term memory 13 times.
    State prediction error memory resets: 11.
    Hill memory resets: 2.
At time 22 the agent is dead.
The agent had: -1 food, 12 water, and 22 sleep.
The total tree search depth for this trial was 44159.
The agent accessed its memory 145588 times.
The agent cleared its short-term memory 4 times.
    State prediction error memory resets: 2.
    Hill memory resets: 2.
At time 76 the agent is dead.
The agent had: -1 food, 16 water, and 19 sleep.
The total tree search depth for this trial was 193070.
The agent accessed its memory 612609 times.
The agent cleared its short-term memory 11 times.
    State prediction error memory resets: 9.
    Hill memory resets: 2.
At time 22 the agent is dead.
The agent had: -1 food, 13 water, and 15 sleep.
The total tree search depth for this trial was 21226.
The agent accessed its memory 70504 times.
The agent cleared its short-term memory 6 times.
    State prediction error memory resets: 5.
    Hill memory resets: 1.
At time 20 the agent is dead.
The agent had: 1 food, -1 water, and 19 sleep.
The total tree search depth for this trial was 43578.
The agent accessed its memory 144955 times.
The agent cleared its short-term memory 4 times.
    State prediction error memory resets: 2.
    Hill memory resets: 2.
At time 20 the agent is dead.
The agent had: 1 food, -1 water, and 4 sleep.
The total tree search depth for this trial was 68163.
The agent accessed its memory 222654 times.
The agent cleared its short-term memory 6 times.
    State prediction error memory resets: 4.
    Hill memory resets: 2.
At time 20 the agent is dead.
The agent had: 7 food, -1 water, and 20 sleep.
The total tree search depth for this trial was 149087.
The agent accessed its memory 456384 times.
The agent cleared its short-term memory 5 times.
    State prediction error memory resets: 4.
    Hill memory resets: 1.
At time 48 the agent is dead.
The agent had: -1 food, 0 water, and 13 sleep.
The total tree search depth for this trial was 110589.
The agent accessed its memory 335464 times.
The agent cleared its short-term memory 6 times.
    State prediction error memory resets: 5.
    Hill memory resets: 1.
At time 22 the agent is dead.
The agent had: -1 food, 10 water, and 13 sleep.
The total tree search depth for this trial was 26630.
The agent accessed its memory 85205 times.
The agent cleared its short-term memory 3 times.
    State prediction error memory resets: 2.
    Hill memory resets: 1.
At time 22 the agent is dead.
The agent had: -1 food, 12 water, and 21 sleep.
The total tree search depth for this trial was 30541.
The agent accessed its memory 97542 times.
The agent cleared its short-term memory 2 times.
    State prediction error memory resets: 1.
    Hill memory resets: 1.
At time 42 the agent is dead.
The agent had: 8 food, 10 water, and -1 sleep.
The total tree search depth for this trial was 98801.
The agent accessed its memory 304490 times.
The agent cleared its short-term memory 9 times.
    State prediction error memory resets: 8.
    Hill memory resets: 1.
At time 25 the agent is dead.
The agent had: 15 food, 7 water, and -1 sleep.
The total tree search depth for this trial was 51012.
The agent accessed its memory 158188 times.
The agent cleared its short-term memory 3 times.
    State prediction error memory resets: 2.
    Hill memory resets: 1.
At time 59 the agent is dead.
The agent had: -1 food, 9 water, and 22 sleep.
The total tree search depth for this trial was 158391.
The agent accessed its memory 531199 times.
The agent cleared its short-term memory 11 times.
    State prediction error memory resets: 8.
    Hill memory resets: 3.
At time 41 the agent is dead.
The agent had: 6 food, 7 water, and -1 sleep.
The total tree search depth for this trial was 76995.
The agent accessed its memory 236961 times.
The agent cleared its short-term memory 6 times.
    State prediction error memory resets: 5.
    Hill memory resets: 1.
At time 29 the agent is dead.
The agent had: 6 food, -1 water, and 16 sleep.
The total tree search depth for this trial was 48101.
The agent accessed its memory 155989 times.
The agent cleared its short-term memory 6 times.
    State prediction error memory resets: 5.
    Hill memory resets: 1.
At time 20 the agent is dead.
The agent had: 1 food, -1 water, and 17 sleep.
The total tree search depth for this trial was 32605.
The agent accessed its memory 105638 times.
The agent cleared its short-term memory 4 times.
    State prediction error memory resets: 3.
    Hill memory resets: 1.
At time 47 the agent is dead.
The agent had: -1 food, 0 water, and 15 sleep.
The total tree search depth for this trial was 123556.
The agent accessed its memory 378885 times.
The agent cleared its short-term memory 9 times.
    State prediction error memory resets: 8.
    Hill memory resets: 1.
At time 20 the agent is dead.
The agent had: 1 food, -1 water, and 18 sleep.
The total tree search depth for this trial was 19942.
The agent accessed its memory 64472 times.
The agent cleared its short-term memory 2 times.
    State prediction error memory resets: 1.
    Hill memory resets: 1.
At time 62 the agent is dead.
The agent had: 9 food, 10 water, and -1 sleep.
The total tree search depth for this trial was 104687.
The agent accessed its memory 354393 times.
The agent cleared its short-term memory 10 times.
    State prediction error memory resets: 8.
    Hill memory resets: 2.
