Running main with ALGORITHM=model_free_RL, SEED=8, HORIZON=, K_FACTOR=, ROOT_FOLDER=, MCT=, NUM_MCT=, AUTO_REST=
MATLAB is selecting SOFTWARE rendering.

                            < M A T L A B (R) >
                  Copyright 1984-2024 The MathWorks, Inc.
                  R2024a (24.1.0.2537033) 64-bit (glnxa64)
                             February 21, 2024

[Warning: Unrecognized command line option: nodidsplay.] 
 
To get started, type doc.
For product information, visit www.mathworks.com.
 
Algorithm: model_free_RL
Seed: 8
Horizon: 1000
K-factor: 1.50
Root folder: 
MCT: 500
Number of MCT: 10
Auto restore: 0
Results file name: 
Seed value: 8
Completed 1% of the trials.
Completed 2% of the trials.
Completed 3% of the trials.
Completed 4% of the trials.
Completed 5% of the trials.
Completed 6% of the trials.
Completed 7% of the trials.
Completed 8% of the trials.
Completed 9% of the trials.
Completed 10% of the trials.
Completed 11% of the trials.
Completed 12% of the trials.
Completed 13% of the trials.
Completed 14% of the trials.
Completed 15% of the trials.
Completed 16% of the trials.
Completed 17% of the trials.
Completed 18% of the trials.
Completed 19% of the trials.
Completed 20% of the trials.
Completed 21% of the trials.
Completed 22% of the trials.
Completed 23% of the trials.
Completed 24% of the trials.
Completed 25% of the trials.
Completed 26% of the trials.
Completed 27% of the trials.
Completed 28% of the trials.
Completed 29% of the trials.
Completed 30% of the trials.
Completed 31% of the trials.
Completed 32% of the trials.
Completed 33% of the trials.
Completed 34% of the trials.
Completed 35% of the trials.
Completed 36% of the trials.
Completed 37% of the trials.
Completed 38% of the trials.
Completed 39% of the trials.
Completed 40% of the trials.
Completed 41% of the trials.
Completed 42% of the trials.
Completed 43% of the trials.
Completed 44% of the trials.
Completed 45% of the trials.
Completed 46% of the trials.
Completed 47% of the trials.
Completed 48% of the trials.
Completed 49% of the trials.
Completed 50% of the trials.
Completed 51% of the trials.
Completed 52% of the trials.
Completed 53% of the trials.
Completed 54% of the trials.
Completed 55% of the trials.
Completed 56% of the trials.
Completed 57% of the trials.
Completed 58% of the trials.
Completed 59% of the trials.
Completed 60% of the trials.
Completed 61% of the trials.
Completed 62% of the trials.
Completed 63% of the trials.
Completed 64% of the trials.
Completed 65% of the trials.
Completed 66% of the trials.
Completed 67% of the trials.
Completed 68% of the trials.
Completed 69% of the trials.
Completed 70% of the trials.
Completed 71% of the trials.
Completed 72% of the trials.
Completed 73% of the trials.
Completed 74% of the trials.
Completed 75% of the trials.
Completed 76% of the trials.
Completed 77% of the trials.
Completed 78% of the trials.
Completed 79% of the trials.
Completed 80% of the trials.
Completed 81% of the trials.
Completed 82% of the trials.
Completed 83% of the trials.
Completed 84% of the trials.
Completed 85% of the trials.
Completed 86% of the trials.
Completed 87% of the trials.
Completed 88% of the trials.
Completed 89% of the trials.
Completed 90% of the trials.
Completed 91% of the trials.
Completed 92% of the trials.
Completed 93% of the trials.
Completed 94% of the trials.
Completed 95% of the trials.
Completed 96% of the trials.
Completed 97% of the trials.
Completed 98% of the trials.
Completed 99% of the trials.
Completed 100% of the trials.
Model free RL run complete
