Running main with ALGORITHM=SI, SEED=4, HORIZON=2, K_FACTOR=0.7, ROOT_FOLDER=/home/grmstj001, MCT=3, NUM_MCT=100, AUTO_REST=

                            < M A T L A B (R) >
                  Copyright 1984-2024 The MathWorks, Inc.
                  R2024a (24.1.0.2537033) 64-bit (glnxa64)
                             February 21, 2024

 
To get started, type doc.
For product information, visit www.mathworks.com.
 
Algorithm: SI
Seed: 4
Horizon: 2
K-factor: 0.70
Root folder: /home/grmstj001
MCT: 3
Number of MCT: 100
Auto restore: 0
Results file name: 

ans = 

  struct with fields:

     Type: 'twister'
     Seed: 4
    State: [625x1 uint32]


----------------------------------------
TRIAL 1 STARTED
----------------------------------------
Start Time: 2024-05-13 13:29:48
At time step 31 the agent is dead
The agent had 0 food, 0 water, and 8 sleep.
The total tree search depth for this trial was 9957. 
The agent accessed its memory 74039 times. 
The agent cleared its short-term memory 11 times. 
     State prediction error memory resets: 9. 
     Hill memory resets: 2. 
TRIAL 1 COMPLETE ✔
End Time: 2024-05-13 13:30:05
Total runtime for this trial (minutes/seconds): 00:17
----------------------------------------
Total hill visits: 2. 
Total prediction errors: 9. 
Total search depth: 9957. 
Total times memory accessed: 74039. 
Total times 25 >= t <= 50: 1. 
Total times 50 >= t <= 75: 0. 
Total times 75 >= t <= 100: 0. 
Total times t == 100: 0. 
Total time steps survived: 32. 
Total runtime so far (hours/minutes/seconds): 00:00:17
----------------------------------------

----------------------------------------
TRIAL 2 STARTED
----------------------------------------
Start Time: 2024-05-13 13:30:04
At time step 21 the agent is dead
The agent had 2 food, 0 water, and 5 sleep.
The total tree search depth for this trial was 1949. 
The agent accessed its memory 20386 times. 
The agent cleared its short-term memory 8 times. 
     State prediction error memory resets: 8. 
     Hill memory resets: 0. 
TRIAL 2 COMPLETE ✔
End Time: 2024-05-13 13:30:09
Total runtime for this trial (minutes/seconds): 00:05
----------------------------------------
Total hill visits: 2. 
Total prediction errors: 17. 
Total search depth: 11906. 
Total times memory accessed: 94425. 
Total times 25 >= t <= 50: 1. 
Total times 50 >= t <= 75: 0. 
Total times 75 >= t <= 100: 0. 
Total times t == 100: 0. 
Total time steps survived: 54. 
Total runtime so far (hours/minutes/seconds): 00:00:21
----------------------------------------

----------------------------------------
TRIAL 3 STARTED
----------------------------------------
Start Time: 2024-05-13 13:30:08
At time step 21 the agent is dead
The agent had 2 food, 0 water, and 5 sleep.
The total tree search depth for this trial was 24421. 
The agent accessed its memory 329050 times. 
The agent cleared its short-term memory 5 times. 
     State prediction error memory resets: 5. 
     Hill memory resets: 0. 
TRIAL 3 COMPLETE ✔
End Time: 2024-05-13 13:30:29
Total runtime for this trial (minutes/seconds): 00:21
----------------------------------------
Total hill visits: 2. 
Total prediction errors: 22. 
Total search depth: 36327. 
Total times memory accessed: 423475. 
Total times 25 >= t <= 50: 1. 
Total times 50 >= t <= 75: 0. 
Total times 75 >= t <= 100: 0. 
Total times t == 100: 0. 
Total time steps survived: 76. 
Total runtime so far (hours/minutes/seconds): 00:00:41
----------------------------------------

----------------------------------------
TRIAL 4 STARTED
----------------------------------------
Start Time: 2024-05-13 13:30:28
At time step 21 the agent is dead
The agent had 2 food, 0 water, and 5 sleep.
The total tree search depth for this trial was 2488. 
The agent accessed its memory 36715 times. 
The agent cleared its short-term memory 0 times. 
     State prediction error memory resets: 0. 
     Hill memory resets: 0. 
TRIAL 4 COMPLETE ✔
End Time: 2024-05-13 13:30:33
Total runtime for this trial (minutes/seconds): 00:05
----------------------------------------
Total hill visits: 2. 
Total prediction errors: 22. 
Total search depth: 38815. 
Total times memory accessed: 460190. 
Total times 25 >= t <= 50: 1. 
Total times 50 >= t <= 75: 0. 
Total times 75 >= t <= 100: 0. 
Total times t == 100: 0. 
Total time steps survived: 98. 
Total runtime so far (hours/minutes/seconds): 00:00:45
----------------------------------------

----------------------------------------
TRIAL 5 STARTED
----------------------------------------
Start Time: 2024-05-13 13:30:32
At time step 21 the agent is dead
The agent had 2 food, 0 water, and 5 sleep.
The total tree search depth for this trial was 886. 
The agent accessed its memory 9188 times. 
The agent cleared its short-term memory 12 times. 
     State prediction error memory resets: 12. 
     Hill memory resets: 0. 
TRIAL 5 COMPLETE ✔
End Time: 2024-05-13 13:30:35
Total runtime for this trial (minutes/seconds): 00:03
----------------------------------------
Total hill visits: 2. 
Total prediction errors: 34. 
Total search depth: 39701. 
Total times memory accessed: 469378. 
Total times 25 >= t <= 50: 1. 
Total times 50 >= t <= 75: 0. 
Total times 75 >= t <= 100: 0. 
Total times t == 100: 0. 
Total time steps survived: 120. 
Total runtime so far (hours/minutes/seconds): 00:00:47
----------------------------------------

----------------------------------------
TRIAL 6 STARTED
----------------------------------------
Start Time: 2024-05-13 13:30:34
At time step 21 the agent is dead
The agent had 2 food, 0 water, and 5 sleep.
The total tree search depth for this trial was 1968. 
The agent accessed its memory 15968 times. 
The agent cleared its short-term memory 10 times. 
     State prediction error memory resets: 9. 
     Hill memory resets: 1. 
TRIAL 6 COMPLETE ✔
End Time: 2024-05-13 13:30:38
Total runtime for this trial (minutes/seconds): 00:04
----------------------------------------
Total hill visits: 3. 
Total prediction errors: 43. 
Total search depth: 41669. 
Total times memory accessed: 485346. 
Total times 25 >= t <= 50: 1. 
Total times 50 >= t <= 75: 0. 
Total times 75 >= t <= 100: 0. 
Total times t == 100: 0. 
Total time steps survived: 142. 
Total runtime so far (hours/minutes/seconds): 00:00:50
----------------------------------------

----------------------------------------
TRIAL 7 STARTED
----------------------------------------
Start Time: 2024-05-13 13:30:37
At time step 21 the agent is dead
The agent had 2 food, 0 water, and 5 sleep.
The total tree search depth for this trial was 2110. 
The agent accessed its memory 19855 times. 
The agent cleared its short-term memory 15 times. 
     State prediction error memory resets: 14. 
     Hill memory resets: 1. 
TRIAL 7 COMPLETE ✔
End Time: 2024-05-13 13:30:42
Total runtime for this trial (minutes/seconds): 00:05
----------------------------------------
Total hill visits: 4. 
Total prediction errors: 57. 
Total search depth: 43779. 
Total times memory accessed: 505201. 
Total times 25 >= t <= 50: 1. 
Total times 50 >= t <= 75: 0. 
Total times 75 >= t <= 100: 0. 
Total times t == 100: 0. 
Total time steps survived: 164. 
Total runtime so far (hours/minutes/seconds): 00:00:54
----------------------------------------

----------------------------------------
TRIAL 8 STARTED
----------------------------------------
Start Time: 2024-05-13 13:30:41
At time step 21 the agent is dead
The agent had 2 food, 0 water, and 5 sleep.
The total tree search depth for this trial was 1765. 
The agent accessed its memory 24867 times. 
The agent cleared its short-term memory 10 times. 
     State prediction error memory resets: 10. 
     Hill memory resets: 0. 
TRIAL 8 COMPLETE ✔
End Time: 2024-05-13 13:30:45
Total runtime for this trial (minutes/seconds): 00:04
----------------------------------------
Total hill visits: 4. 
Total prediction errors: 67. 
Total search depth: 45544. 
Total times memory accessed: 530068. 
Total times 25 >= t <= 50: 1. 
Total times 50 >= t <= 75: 0. 
Total times 75 >= t <= 100: 0. 
Total times t == 100: 0. 
Total time steps survived: 186. 
Total runtime so far (hours/minutes/seconds): 00:00:57
----------------------------------------

----------------------------------------
TRIAL 9 STARTED
----------------------------------------
Start Time: 2024-05-13 13:30:44
At time step 32 the agent is dead
The agent had 21 food, 0 water, and 10 sleep.
The total tree search depth for this trial was 26635. 
The agent accessed its memory 210958 times. 
The agent cleared its short-term memory 20 times. 
     State prediction error memory resets: 16. 
     Hill memory resets: 4. 
TRIAL 9 COMPLETE ✔
End Time: 2024-05-13 13:31:15
Total runtime for this trial (minutes/seconds): 00:31
----------------------------------------
Total hill visits: 8. 
Total prediction errors: 83. 
Total search depth: 72179. 
Total times memory accessed: 741026. 
Total times 25 >= t <= 50: 2. 
Total times 50 >= t <= 75: 0. 
Total times 75 >= t <= 100: 0. 
Total times t == 100: 0. 
Total time steps survived: 219. 
Total runtime so far (hours/minutes/seconds): 00:01:27
----------------------------------------

----------------------------------------
TRIAL 10 STARTED
----------------------------------------
Start Time: 2024-05-13 13:31:14
At time step 21 the agent is dead
The agent had 2 food, 0 water, and 5 sleep.
The total tree search depth for this trial was 6040. 
The agent accessed its memory 70415 times. 
The agent cleared its short-term memory 7 times. 
     State prediction error memory resets: 7. 
     Hill memory resets: 0. 
TRIAL 10 COMPLETE ✔
End Time: 2024-05-13 13:31:25
Total runtime for this trial (minutes/seconds): 00:11
----------------------------------------
Total hill visits: 8. 
Total prediction errors: 90. 
Total search depth: 78219. 
Total times memory accessed: 811441. 
Total times 25 >= t <= 50: 2. 
Total times 50 >= t <= 75: 0. 
Total times 75 >= t <= 100: 0. 
Total times t == 100: 0. 
Total time steps survived: 241. 
Total runtime so far (hours/minutes/seconds): 00:01:37
----------------------------------------

----------------------------------------
TRIAL 11 STARTED
----------------------------------------
Start Time: 2024-05-13 13:31:24
At time step 21 the agent is dead
The agent had 2 food, 0 water, and 5 sleep.
The total tree search depth for this trial was 1566. 
The agent accessed its memory 14193 times. 
The agent cleared its short-term memory 15 times. 
     State prediction error memory resets: 15. 
     Hill memory resets: 0. 
TRIAL 11 COMPLETE ✔
End Time: 2024-05-13 13:31:29
Total runtime for this trial (minutes/seconds): 00:05
----------------------------------------
Total hill visits: 8. 
Total prediction errors: 105. 
Total search depth: 79785. 
Total times memory accessed: 825634. 
Total times 25 >= t <= 50: 2. 
Total times 50 >= t <= 75: 0. 
Total times 75 >= t <= 100: 0. 
Total times t == 100: 0. 
Total time steps survived: 263. 
Total runtime so far (hours/minutes/seconds): 00:01:41
----------------------------------------

----------------------------------------
TRIAL 12 STARTED
----------------------------------------
Start Time: 2024-05-13 13:31:28
At time step 23 the agent is dead
The agent had 0 food, 3 water, and 24 sleep.
The total tree search depth for this trial was 15241. 
The agent accessed its memory 147213 times. 
The agent cleared its short-term memory 15 times. 
     State prediction error memory resets: 15. 
     Hill memory resets: 0. 
TRIAL 12 COMPLETE ✔
End Time: 2024-05-13 13:31:53
Total runtime for this trial (minutes/seconds): 00:25
----------------------------------------
Total hill visits: 8. 
Total prediction errors: 120. 
Total search depth: 95026. 
Total times memory accessed: 972847. 
Total times 25 >= t <= 50: 2. 
Total times 50 >= t <= 75: 0. 
Total times 75 >= t <= 100: 0. 
Total times t == 100: 0. 
Total time steps survived: 287. 
Total runtime so far (hours/minutes/seconds): 00:02:05
----------------------------------------

----------------------------------------
TRIAL 13 STARTED
----------------------------------------
Start Time: 2024-05-13 13:31:52
At time step 52 the agent is dead
The agent had 17 food, 0 water, and 8 sleep.
The total tree search depth for this trial was 54233. 
The agent accessed its memory 402234 times. 
The agent cleared its short-term memory 32 times. 
     State prediction error memory resets: 30. 
     Hill memory resets: 2. 
TRIAL 13 COMPLETE ✔
End Time: 2024-05-13 13:33:10
Total runtime for this trial (minutes/seconds): 01:18
----------------------------------------
Total hill visits: 10. 
Total prediction errors: 150. 
Total search depth: 149259. 
Total times memory accessed: 1375081. 
Total times 25 >= t <= 50: 2. 
Total times 50 >= t <= 75: 1. 
Total times 75 >= t <= 100: 0. 
Total times t == 100: 0. 
Total time steps survived: 340. 
Total runtime so far (hours/minutes/seconds): 00:03:22
----------------------------------------

----------------------------------------
TRIAL 14 STARTED
----------------------------------------
Start Time: 2024-05-13 13:33:09
At time step 21 the agent is dead
The agent had 2 food, 0 water, and 5 sleep.
The total tree search depth for this trial was 2922. 
The agent accessed its memory 32797 times. 
The agent cleared its short-term memory 8 times. 
     State prediction error memory resets: 8. 
     Hill memory resets: 0. 
TRIAL 14 COMPLETE ✔
End Time: 2024-05-13 13:33:16
Total runtime for this trial (minutes/seconds): 00:07
----------------------------------------
Total hill visits: 10. 
Total prediction errors: 158. 
Total search depth: 152181. 
Total times memory accessed: 1407878. 
Total times 25 >= t <= 50: 2. 
Total times 50 >= t <= 75: 1. 
Total times 75 >= t <= 100: 0. 
Total times t == 100: 0. 
Total time steps survived: 362. 
Total runtime so far (hours/minutes/seconds): 00:03:28
----------------------------------------

----------------------------------------
TRIAL 15 STARTED
----------------------------------------
Start Time: 2024-05-13 13:33:15
At time step 21 the agent is dead
The agent had 2 food, 0 water, and 5 sleep.
The total tree search depth for this trial was 14616. 
The agent accessed its memory 97828 times. 
The agent cleared its short-term memory 11 times. 
     State prediction error memory resets: 10. 
     Hill memory resets: 1. 
TRIAL 15 COMPLETE ✔
End Time: 2024-05-13 13:33:40
Total runtime for this trial (minutes/seconds): 00:25
----------------------------------------
Total hill visits: 11. 
Total prediction errors: 168. 
Total search depth: 166797. 
Total times memory accessed: 1505706. 
Total times 25 >= t <= 50: 2. 
Total times 50 >= t <= 75: 1. 
Total times 75 >= t <= 100: 0. 
Total times t == 100: 0. 
Total time steps survived: 384. 
Total runtime so far (hours/minutes/seconds): 00:03:52
----------------------------------------

----------------------------------------
TRIAL 16 STARTED
----------------------------------------
Start Time: 2024-05-13 13:33:39
At time step 49 the agent is dead
The agent had 4 food, 4 water, and 0 sleep.
The total tree search depth for this trial was 107891. 
The agent accessed its memory 719311 times. 
The agent cleared its short-term memory 23 times. 
     State prediction error memory resets: 22. 
     Hill memory resets: 1. 
TRIAL 16 COMPLETE ✔
End Time: 2024-05-13 13:36:00
Total runtime for this trial (minutes/seconds): 02:21
----------------------------------------
Total hill visits: 12. 
Total prediction errors: 190. 
Total search depth: 274688. 
Total times memory accessed: 2225017. 
Total times 25 >= t <= 50: 2. 
Total times 50 >= t <= 75: 2. 
Total times 75 >= t <= 100: 0. 
Total times t == 100: 0. 
Total time steps survived: 434. 
Total runtime so far (hours/minutes/seconds): 00:06:12
----------------------------------------

----------------------------------------
TRIAL 17 STARTED
----------------------------------------
Start Time: 2024-05-13 13:35:59
At time step 49 the agent is dead
The agent had 0 food, 6 water, and 10 sleep.
The total tree search depth for this trial was 102692. 
The agent accessed its memory 662990 times. 
The agent cleared its short-term memory 23 times. 
     State prediction error memory resets: 22. 
     Hill memory resets: 1. 
TRIAL 17 COMPLETE ✔
End Time: 2024-05-13 13:38:09
Total runtime for this trial (minutes/seconds): 02:10
----------------------------------------
Total hill visits: 13. 
Total prediction errors: 212. 
Total search depth: 377380. 
Total times memory accessed: 2888007. 
Total times 25 >= t <= 50: 2. 
Total times 50 >= t <= 75: 3. 
Total times 75 >= t <= 100: 0. 
Total times t == 100: 0. 
Total time steps survived: 484. 
Total runtime so far (hours/minutes/seconds): 00:08:21
----------------------------------------

----------------------------------------
TRIAL 18 STARTED
----------------------------------------
Start Time: 2024-05-13 13:38:08
At time step 21 the agent is dead
The agent had 2 food, 0 water, and 5 sleep.
The total tree search depth for this trial was 1724. 
The agent accessed its memory 17868 times. 
The agent cleared its short-term memory 5 times. 
     State prediction error memory resets: 5. 
     Hill memory resets: 0. 
TRIAL 18 COMPLETE ✔
End Time: 2024-05-13 13:38:13
Total runtime for this trial (minutes/seconds): 00:05
----------------------------------------
Total hill visits: 13. 
Total prediction errors: 217. 
Total search depth: 379104. 
Total times memory accessed: 2905875. 
Total times 25 >= t <= 50: 2. 
Total times 50 >= t <= 75: 3. 
Total times 75 >= t <= 100: 0. 
Total times t == 100: 0. 
Total time steps survived: 506. 
Total runtime so far (hours/minutes/seconds): 00:08:25
----------------------------------------

----------------------------------------
TRIAL 19 STARTED
----------------------------------------
Start Time: 2024-05-13 13:38:12
At time step 35 the agent is dead
The agent had 0 food, 4 water, and 12 sleep.
The total tree search depth for this trial was 32500. 
The agent accessed its memory 217083 times. 
The agent cleared its short-term memory 8 times. 
     State prediction error memory resets: 7. 
     Hill memory resets: 1. 
TRIAL 19 COMPLETE ✔
End Time: 2024-05-13 13:38:54
Total runtime for this trial (minutes/seconds): 00:42
----------------------------------------
Total hill visits: 14. 
Total prediction errors: 224. 
Total search depth: 411604. 
Total times memory accessed: 3122958. 
Total times 25 >= t <= 50: 3. 
Total times 50 >= t <= 75: 3. 
Total times 75 >= t <= 100: 0. 
Total times t == 100: 0. 
Total time steps survived: 542. 
Total runtime so far (hours/minutes/seconds): 00:09:06
----------------------------------------

----------------------------------------
TRIAL 20 STARTED
----------------------------------------
Start Time: 2024-05-13 13:38:53
At time step 21 the agent is dead
The agent had 2 food, 0 water, and 5 sleep.
The total tree search depth for this trial was 1207. 
The agent accessed its memory 13162 times. 
The agent cleared its short-term memory 8 times. 
     State prediction error memory resets: 7. 
     Hill memory resets: 1. 
TRIAL 20 COMPLETE ✔
End Time: 2024-05-13 13:38:56
Total runtime for this trial (minutes/seconds): 00:03
----------------------------------------
Total hill visits: 15. 
Total prediction errors: 231. 
Total search depth: 412811. 
Total times memory accessed: 3136120. 
Total times 25 >= t <= 50: 3. 
Total times 50 >= t <= 75: 3. 
Total times 75 >= t <= 100: 0. 
Total times t == 100: 0. 
Total time steps survived: 564. 
Total runtime so far (hours/minutes/seconds): 00:09:08
----------------------------------------

----------------------------------------
TRIAL 21 STARTED
----------------------------------------
Start Time: 2024-05-13 13:38:55
