Running main with ALGORITHM=SI, SEED=2, HORIZON=2, K_FACTOR=0.7, ROOT_FOLDER=/home/grmstj001, MCT=3, NUM_MCT=100, AUTO_REST=

                            < M A T L A B (R) >
                  Copyright 1984-2024 The MathWorks, Inc.
                  R2024a (24.1.0.2537033) 64-bit (glnxa64)
                             February 21, 2024

 
To get started, type doc.
For product information, visit www.mathworks.com.
 
Algorithm: SI
Seed: 2
Horizon: 2
K-factor: 0.70
Root folder: /home/grmstj001
MCT: 3
Number of MCT: 100
Auto restore: 0
Results file name: 

ans = 

  struct with fields:

     Type: 'twister'
     Seed: 2
    State: [625x1 uint32]


----------------------------------------
TRIAL 1 STARTED
----------------------------------------
Start Time: 2024-05-13 13:29:59
At time step 21 the agent is dead
The agent had 2 food, 0 water, and 5 sleep.
The total tree search depth for this trial was 2256. 
The agent accessed its memory 16651 times. 
The agent cleared its short-term memory 15 times. 
     State prediction error memory resets: 12. 
     Hill memory resets: 3. 
TRIAL 1 COMPLETE ✔
End Time: 2024-05-13 13:30:06
Total runtime for this trial (minutes/seconds): 00:07
----------------------------------------
Total hill visits: 3. 
Total prediction errors: 12. 
Total search depth: 2256. 
Total times memory accessed: 16651. 
Total times 25 >= t <= 50: 0. 
Total times 50 >= t <= 75: 0. 
Total times 75 >= t <= 100: 0. 
Total times t == 100: 0. 
Total time steps survived: 22. 
Total runtime so far (hours/minutes/seconds): 00:00:07
----------------------------------------

----------------------------------------
TRIAL 2 STARTED
----------------------------------------
Start Time: 2024-05-13 13:30:05
At time step 21 the agent is dead
The agent had 2 food, 0 water, and 5 sleep.
The total tree search depth for this trial was 1841. 
The agent accessed its memory 16492 times. 
The agent cleared its short-term memory 8 times. 
     State prediction error memory resets: 7. 
     Hill memory resets: 1. 
TRIAL 2 COMPLETE ✔
End Time: 2024-05-13 13:30:09
Total runtime for this trial (minutes/seconds): 00:04
----------------------------------------
Total hill visits: 4. 
Total prediction errors: 19. 
Total search depth: 4097. 
Total times memory accessed: 33143. 
Total times 25 >= t <= 50: 0. 
Total times 50 >= t <= 75: 0. 
Total times 75 >= t <= 100: 0. 
Total times t == 100: 0. 
Total time steps survived: 44. 
Total runtime so far (hours/minutes/seconds): 00:00:10
----------------------------------------

----------------------------------------
TRIAL 3 STARTED
----------------------------------------
Start Time: 2024-05-13 13:30:08
At time step 21 the agent is dead
The agent had 2 food, 0 water, and 5 sleep.
The total tree search depth for this trial was 2853. 
The agent accessed its memory 29717 times. 
The agent cleared its short-term memory 13 times. 
     State prediction error memory resets: 13. 
     Hill memory resets: 0. 
TRIAL 3 COMPLETE ✔
End Time: 2024-05-13 13:30:14
Total runtime for this trial (minutes/seconds): 00:06
----------------------------------------
Total hill visits: 4. 
Total prediction errors: 32. 
Total search depth: 6950. 
Total times memory accessed: 62860. 
Total times 25 >= t <= 50: 0. 
Total times 50 >= t <= 75: 0. 
Total times 75 >= t <= 100: 0. 
Total times t == 100: 0. 
Total time steps survived: 66. 
Total runtime so far (hours/minutes/seconds): 00:00:15
----------------------------------------

----------------------------------------
TRIAL 4 STARTED
----------------------------------------
Start Time: 2024-05-13 13:30:13
At time step 21 the agent is dead
The agent had 2 food, 0 water, and 5 sleep.
The total tree search depth for this trial was 2709. 
The agent accessed its memory 25172 times. 
The agent cleared its short-term memory 11 times. 
     State prediction error memory resets: 11. 
     Hill memory resets: 0. 
TRIAL 4 COMPLETE ✔
End Time: 2024-05-13 13:30:19
Total runtime for this trial (minutes/seconds): 00:06
----------------------------------------
Total hill visits: 4. 
Total prediction errors: 43. 
Total search depth: 9659. 
Total times memory accessed: 88032. 
Total times 25 >= t <= 50: 0. 
Total times 50 >= t <= 75: 0. 
Total times 75 >= t <= 100: 0. 
Total times t == 100: 0. 
Total time steps survived: 88. 
Total runtime so far (hours/minutes/seconds): 00:00:20
----------------------------------------

----------------------------------------
TRIAL 5 STARTED
----------------------------------------
Start Time: 2024-05-13 13:30:18
At time step 21 the agent is dead
The agent had 2 food, 0 water, and 5 sleep.
The total tree search depth for this trial was 2683. 
The agent accessed its memory 26330 times. 
The agent cleared its short-term memory 16 times. 
     State prediction error memory resets: 16. 
     Hill memory resets: 0. 
TRIAL 5 COMPLETE ✔
End Time: 2024-05-13 13:30:23
Total runtime for this trial (minutes/seconds): 00:05
----------------------------------------
Total hill visits: 4. 
Total prediction errors: 59. 
Total search depth: 12342. 
Total times memory accessed: 114362. 
Total times 25 >= t <= 50: 0. 
Total times 50 >= t <= 75: 0. 
Total times 75 >= t <= 100: 0. 
Total times t == 100: 0. 
Total time steps survived: 110. 
Total runtime so far (hours/minutes/seconds): 00:00:24
----------------------------------------

----------------------------------------
TRIAL 6 STARTED
----------------------------------------
Start Time: 2024-05-13 13:30:22
At time step 23 the agent is dead
The agent had 0 food, 2 water, and 3 sleep.
The total tree search depth for this trial was 8220. 
The agent accessed its memory 75442 times. 
The agent cleared its short-term memory 18 times. 
     State prediction error memory resets: 18. 
     Hill memory resets: 0. 
TRIAL 6 COMPLETE ✔
End Time: 2024-05-13 13:30:35
Total runtime for this trial (minutes/seconds): 00:13
----------------------------------------
Total hill visits: 4. 
Total prediction errors: 77. 
Total search depth: 20562. 
Total times memory accessed: 189804. 
Total times 25 >= t <= 50: 0. 
Total times 50 >= t <= 75: 0. 
Total times 75 >= t <= 100: 0. 
Total times t == 100: 0. 
Total time steps survived: 134. 
Total runtime so far (hours/minutes/seconds): 00:00:36
----------------------------------------

----------------------------------------
TRIAL 7 STARTED
----------------------------------------
Start Time: 2024-05-13 13:30:34
At time step 26 the agent is dead
The agent had 0 food, 1 water, and 0 sleep.
The total tree search depth for this trial was 20207. 
The agent accessed its memory 186036 times. 
The agent cleared its short-term memory 16 times. 
     State prediction error memory resets: 16. 
     Hill memory resets: 0. 
TRIAL 7 COMPLETE ✔
End Time: 2024-05-13 13:31:08
Total runtime for this trial (minutes/seconds): 00:34
----------------------------------------
Total hill visits: 4. 
Total prediction errors: 93. 
Total search depth: 40769. 
Total times memory accessed: 375840. 
Total times 25 >= t <= 50: 1. 
Total times 50 >= t <= 75: 0. 
Total times 75 >= t <= 100: 0. 
Total times t == 100: 0. 
Total time steps survived: 161. 
Total runtime so far (hours/minutes/seconds): 00:01:09
----------------------------------------

----------------------------------------
TRIAL 8 STARTED
----------------------------------------
Start Time: 2024-05-13 13:31:07
At time step 25 the agent is dead
The agent had 0 food, 1 water, and 1 sleep.
The total tree search depth for this trial was 18059. 
The agent accessed its memory 171920 times. 
The agent cleared its short-term memory 17 times. 
     State prediction error memory resets: 17. 
     Hill memory resets: 0. 
TRIAL 8 COMPLETE ✔
End Time: 2024-05-13 13:31:36
Total runtime for this trial (minutes/seconds): 00:29
----------------------------------------
Total hill visits: 4. 
Total prediction errors: 110. 
Total search depth: 58828. 
Total times memory accessed: 547760. 
Total times 25 >= t <= 50: 2. 
Total times 50 >= t <= 75: 0. 
Total times 75 >= t <= 100: 0. 
Total times t == 100: 0. 
Total time steps survived: 187. 
Total runtime so far (hours/minutes/seconds): 00:01:37
----------------------------------------

----------------------------------------
TRIAL 9 STARTED
----------------------------------------
Start Time: 2024-05-13 13:31:35
At time step 21 the agent is dead
The agent had 2 food, 0 water, and 5 sleep.
The total tree search depth for this trial was 4663. 
The agent accessed its memory 46237 times. 
The agent cleared its short-term memory 15 times. 
     State prediction error memory resets: 14. 
     Hill memory resets: 1. 
TRIAL 9 COMPLETE ✔
End Time: 2024-05-13 13:31:45
Total runtime for this trial (minutes/seconds): 00:10
----------------------------------------
Total hill visits: 5. 
Total prediction errors: 124. 
Total search depth: 63491. 
Total times memory accessed: 593997. 
Total times 25 >= t <= 50: 2. 
Total times 50 >= t <= 75: 0. 
Total times 75 >= t <= 100: 0. 
Total times t == 100: 0. 
Total time steps survived: 209. 
Total runtime so far (hours/minutes/seconds): 00:01:46
----------------------------------------

----------------------------------------
TRIAL 10 STARTED
----------------------------------------
Start Time: 2024-05-13 13:31:44
At time step 21 the agent is dead
The agent had 2 food, 0 water, and 5 sleep.
The total tree search depth for this trial was 7273. 
The agent accessed its memory 65952 times. 
The agent cleared its short-term memory 11 times. 
     State prediction error memory resets: 11. 
     Hill memory resets: 0. 
TRIAL 10 COMPLETE ✔
End Time: 2024-05-13 13:32:01
Total runtime for this trial (minutes/seconds): 00:17
----------------------------------------
Total hill visits: 5. 
Total prediction errors: 135. 
Total search depth: 70764. 
Total times memory accessed: 659949. 
Total times 25 >= t <= 50: 2. 
Total times 50 >= t <= 75: 0. 
Total times 75 >= t <= 100: 0. 
Total times t == 100: 0. 
Total time steps survived: 231. 
Total runtime so far (hours/minutes/seconds): 00:02:02
----------------------------------------

----------------------------------------
TRIAL 11 STARTED
----------------------------------------
Start Time: 2024-05-13 13:32:00
At time step 21 the agent is dead
The agent had 2 food, 0 water, and 5 sleep.
The total tree search depth for this trial was 4483. 
The agent accessed its memory 41081 times. 
The agent cleared its short-term memory 16 times. 
     State prediction error memory resets: 15. 
     Hill memory resets: 1. 
TRIAL 11 COMPLETE ✔
End Time: 2024-05-13 13:32:09
Total runtime for this trial (minutes/seconds): 00:09
----------------------------------------
Total hill visits: 6. 
Total prediction errors: 150. 
Total search depth: 75247. 
Total times memory accessed: 701030. 
Total times 25 >= t <= 50: 2. 
Total times 50 >= t <= 75: 0. 
Total times 75 >= t <= 100: 0. 
Total times t == 100: 0. 
Total time steps survived: 253. 
Total runtime so far (hours/minutes/seconds): 00:02:10
----------------------------------------

----------------------------------------
TRIAL 12 STARTED
----------------------------------------
Start Time: 2024-05-13 13:32:08
At time step 26 the agent is dead
The agent had 16 food, 9 water, and 0 sleep.
The total tree search depth for this trial was 18977. 
The agent accessed its memory 162846 times. 
The agent cleared its short-term memory 13 times. 
     State prediction error memory resets: 12. 
     Hill memory resets: 1. 
TRIAL 12 COMPLETE ✔
End Time: 2024-05-13 13:32:34
Total runtime for this trial (minutes/seconds): 00:26
----------------------------------------
Total hill visits: 7. 
Total prediction errors: 162. 
Total search depth: 94224. 
Total times memory accessed: 863876. 
Total times 25 >= t <= 50: 3. 
Total times 50 >= t <= 75: 0. 
Total times 75 >= t <= 100: 0. 
Total times t == 100: 0. 
Total time steps survived: 280. 
Total runtime so far (hours/minutes/seconds): 00:02:35
----------------------------------------

----------------------------------------
TRIAL 13 STARTED
----------------------------------------
Start Time: 2024-05-13 13:32:33
At time step 21 the agent is dead
The agent had 2 food, 0 water, and 5 sleep.
The total tree search depth for this trial was 5889. 
The agent accessed its memory 63030 times. 
The agent cleared its short-term memory 8 times. 
     State prediction error memory resets: 8. 
     Hill memory resets: 0. 
TRIAL 13 COMPLETE ✔
End Time: 2024-05-13 13:32:47
Total runtime for this trial (minutes/seconds): 00:14
----------------------------------------
Total hill visits: 7. 
Total prediction errors: 170. 
Total search depth: 100113. 
Total times memory accessed: 926906. 
Total times 25 >= t <= 50: 3. 
Total times 50 >= t <= 75: 0. 
Total times 75 >= t <= 100: 0. 
Total times t == 100: 0. 
Total time steps survived: 302. 
Total runtime so far (hours/minutes/seconds): 00:02:48
----------------------------------------

----------------------------------------
TRIAL 14 STARTED
----------------------------------------
Start Time: 2024-05-13 13:32:46
At time step 21 the agent is dead
The agent had 2 food, 0 water, and 5 sleep.
The total tree search depth for this trial was 6752. 
The agent accessed its memory 65765 times. 
The agent cleared its short-term memory 7 times. 
     State prediction error memory resets: 6. 
     Hill memory resets: 1. 
TRIAL 14 COMPLETE ✔
End Time: 2024-05-13 13:33:00
Total runtime for this trial (minutes/seconds): 00:14
----------------------------------------
Total hill visits: 8. 
Total prediction errors: 176. 
Total search depth: 106865. 
Total times memory accessed: 992671. 
Total times 25 >= t <= 50: 3. 
Total times 50 >= t <= 75: 0. 
Total times 75 >= t <= 100: 0. 
Total times t == 100: 0. 
Total time steps survived: 324. 
Total runtime so far (hours/minutes/seconds): 00:03:01
----------------------------------------

----------------------------------------
TRIAL 15 STARTED
----------------------------------------
Start Time: 2024-05-13 13:32:59
At time step 21 the agent is dead
The agent had 2 food, 0 water, and 5 sleep.
The total tree search depth for this trial was 3529. 
The agent accessed its memory 41444 times. 
The agent cleared its short-term memory 10 times. 
     State prediction error memory resets: 10. 
     Hill memory resets: 0. 
TRIAL 15 COMPLETE ✔
End Time: 2024-05-13 13:33:07
Total runtime for this trial (minutes/seconds): 00:08
----------------------------------------
Total hill visits: 8. 
Total prediction errors: 186. 
Total search depth: 110394. 
Total times memory accessed: 1034115. 
Total times 25 >= t <= 50: 3. 
Total times 50 >= t <= 75: 0. 
Total times 75 >= t <= 100: 0. 
Total times t == 100: 0. 
Total time steps survived: 346. 
Total runtime so far (hours/minutes/seconds): 00:03:08
----------------------------------------

----------------------------------------
TRIAL 16 STARTED
----------------------------------------
Start Time: 2024-05-13 13:33:06
At time step 23 the agent is dead
The agent had 0 food, 10 water, and 3 sleep.
The total tree search depth for this trial was 10772. 
The agent accessed its memory 82091 times. 
The agent cleared its short-term memory 8 times. 
     State prediction error memory resets: 6. 
     Hill memory resets: 2. 
TRIAL 16 COMPLETE ✔
End Time: 2024-05-13 13:33:24
Total runtime for this trial (minutes/seconds): 00:18
----------------------------------------
Total hill visits: 10. 
Total prediction errors: 192. 
Total search depth: 121166. 
Total times memory accessed: 1116206. 
Total times 25 >= t <= 50: 3. 
Total times 50 >= t <= 75: 0. 
Total times 75 >= t <= 100: 0. 
Total times t == 100: 0. 
Total time steps survived: 370. 
Total runtime so far (hours/minutes/seconds): 00:03:25
----------------------------------------

----------------------------------------
TRIAL 17 STARTED
----------------------------------------
Start Time: 2024-05-13 13:33:23
At time step 26 the agent is dead
The agent had 12 food, 6 water, and 0 sleep.
The total tree search depth for this trial was 32893. 
The agent accessed its memory 246917 times. 
The agent cleared its short-term memory 8 times. 
     State prediction error memory resets: 7. 
     Hill memory resets: 1. 
TRIAL 17 COMPLETE ✔
End Time: 2024-05-13 13:34:08
Total runtime for this trial (minutes/seconds): 00:45
----------------------------------------
Total hill visits: 11. 
Total prediction errors: 199. 
Total search depth: 154059. 
Total times memory accessed: 1363123. 
Total times 25 >= t <= 50: 4. 
Total times 50 >= t <= 75: 0. 
Total times 75 >= t <= 100: 0. 
Total times t == 100: 0. 
Total time steps survived: 397. 
Total runtime so far (hours/minutes/seconds): 00:04:09
----------------------------------------

----------------------------------------
TRIAL 18 STARTED
----------------------------------------
Start Time: 2024-05-13 13:34:07
At time step 26 the agent is dead
The agent had 17 food, 12 water, and 0 sleep.
The total tree search depth for this trial was 7960. 
The agent accessed its memory 73580 times. 
The agent cleared its short-term memory 11 times. 
     State prediction error memory resets: 9. 
     Hill memory resets: 2. 
TRIAL 18 COMPLETE ✔
End Time: 2024-05-13 13:34:23
Total runtime for this trial (minutes/seconds): 00:16
----------------------------------------
Total hill visits: 13. 
Total prediction errors: 208. 
Total search depth: 162019. 
Total times memory accessed: 1436703. 
Total times 25 >= t <= 50: 5. 
Total times 50 >= t <= 75: 0. 
Total times 75 >= t <= 100: 0. 
Total times t == 100: 0. 
Total time steps survived: 424. 
Total runtime so far (hours/minutes/seconds): 00:04:24
----------------------------------------

----------------------------------------
TRIAL 19 STARTED
----------------------------------------
Start Time: 2024-05-13 13:34:22
At time step 21 the agent is dead
The agent had 2 food, 0 water, and 16 sleep.
The total tree search depth for this trial was 27339. 
The agent accessed its memory 200423 times. 
The agent cleared its short-term memory 10 times. 
     State prediction error memory resets: 9. 
     Hill memory resets: 1. 
TRIAL 19 COMPLETE ✔
End Time: 2024-05-13 13:35:01
Total runtime for this trial (minutes/seconds): 00:39
----------------------------------------
Total hill visits: 14. 
Total prediction errors: 217. 
Total search depth: 189358. 
Total times memory accessed: 1637126. 
Total times 25 >= t <= 50: 5. 
Total times 50 >= t <= 75: 0. 
Total times 75 >= t <= 100: 0. 
Total times t == 100: 0. 
Total time steps survived: 446. 
Total runtime so far (hours/minutes/seconds): 00:05:02
----------------------------------------

----------------------------------------
TRIAL 20 STARTED
----------------------------------------
Start Time: 2024-05-13 13:35:00
At time step 21 the agent is dead
The agent had 2 food, 0 water, and 16 sleep.
The total tree search depth for this trial was 53252. 
The agent accessed its memory 435122 times. 
The agent cleared its short-term memory 12 times. 
     State prediction error memory resets: 11. 
     Hill memory resets: 1. 
TRIAL 20 COMPLETE ✔
End Time: 2024-05-13 13:36:14
Total runtime for this trial (minutes/seconds): 01:14
----------------------------------------
Total hill visits: 15. 
Total prediction errors: 228. 
Total search depth: 242610. 
Total times memory accessed: 2072248. 
Total times 25 >= t <= 50: 5. 
Total times 50 >= t <= 75: 0. 
Total times 75 >= t <= 100: 0. 
Total times t == 100: 0. 
Total time steps survived: 468. 
Total runtime so far (hours/minutes/seconds): 00:06:15
----------------------------------------

----------------------------------------
TRIAL 21 STARTED
----------------------------------------
Start Time: 2024-05-13 13:36:13
