
----------------------------------------
TRIAL 1 STARTED
----------------------------------------
Start Time: 2024-05-01 19:15:15
TRIAL 1 COMPLETE ✔
End Time: 2024-05-01 19:15:21
Total runtime for this trial (minutes/seconds): 00:06
----------------------------------------
Total hill visits: 1
Total prediction errors: 1
Total search depth: 1128
Total times memory accessed: 1990
Total times 24 >= t < 49: 0
Total times 49 >= t < 74: 0
Total times 74 >= t < 99: 0
Total times t == 99: 0
Total time steps survived: 20
Total runtime so far (hours/minutes/seconds): 00:00:06
----------------------------------------

----------------------------------------
TRIAL 2 STARTED
----------------------------------------
Start Time: 2024-05-01 19:15:21
TRIAL 2 COMPLETE ✔
End Time: 2024-05-01 19:15:34
Total runtime for this trial (minutes/seconds): 00:12
----------------------------------------
Total hill visits: 3
Total prediction errors: 8
Total search depth: 2162
Total times memory accessed: 5706
Total times 24 >= t < 49: 0
Total times 49 >= t < 74: 0
Total times 74 >= t < 99: 0
Total times t == 99: 0
Total time steps survived: 40
Total runtime so far (hours/minutes/seconds): 00:00:18
----------------------------------------

----------------------------------------
TRIAL 3 STARTED
----------------------------------------
Start Time: 2024-05-01 19:15:34
TRIAL 3 COMPLETE ✔
End Time: 2024-05-01 19:15:39
Total runtime for this trial (minutes/seconds): 00:04
----------------------------------------
Total hill visits: 3
Total prediction errors: 16
Total search depth: 2550
Total times memory accessed: 6855
Total times 24 >= t < 49: 0
Total times 49 >= t < 74: 0
Total times 74 >= t < 99: 0
Total times t == 99: 0
Total time steps survived: 60
Total runtime so far (hours/minutes/seconds): 00:00:23
----------------------------------------

----------------------------------------
TRIAL 4 STARTED
----------------------------------------
Start Time: 2024-05-01 19:15:39
TRIAL 4 COMPLETE ✔
End Time: 2024-05-01 19:20:35
Total runtime for this trial (minutes/seconds): 04:56
----------------------------------------
Total hill visits: 3
Total prediction errors: 33
Total search depth: 27577
Total times memory accessed: 100904
Total times 24 >= t < 49: 1
Total times 49 >= t < 74: 0
Total times 74 >= t < 99: 0
Total times t == 99: 0
Total time steps survived: 85
Total runtime so far (hours/minutes/seconds): 00:05:20
----------------------------------------

----------------------------------------
TRIAL 5 STARTED
----------------------------------------
Start Time: 2024-05-01 19:20:35
TRIAL 5 COMPLETE ✔
End Time: 2024-05-01 19:22:59
Total runtime for this trial (minutes/seconds): 02:23
----------------------------------------
Total hill visits: 3
Total prediction errors: 36
Total search depth: 38728
Total times memory accessed: 149972
Total times 24 >= t < 49: 1
Total times 49 >= t < 74: 0
Total times 74 >= t < 99: 0
Total times t == 99: 0
Total time steps survived: 105
Total runtime so far (hours/minutes/seconds): 00:07:43
----------------------------------------

----------------------------------------
TRIAL 6 STARTED
----------------------------------------
Start Time: 2024-05-01 19:22:59
TRIAL 6 COMPLETE ✔
End Time: 2024-05-01 19:25:21
Total runtime for this trial (minutes/seconds): 02:22
----------------------------------------
Total hill visits: 3
Total prediction errors: 39
Total search depth: 51126
Total times memory accessed: 198994
Total times 24 >= t < 49: 1
Total times 49 >= t < 74: 0
Total times 74 >= t < 99: 0
Total times t == 99: 0
Total time steps survived: 125
Total runtime so far (hours/minutes/seconds): 00:10:06
----------------------------------------

----------------------------------------
TRIAL 7 STARTED
----------------------------------------
Start Time: 2024-05-01 19:25:21
TRIAL 7 COMPLETE ✔
End Time: 2024-05-01 19:30:32
Total runtime for this trial (minutes/seconds): 05:10
----------------------------------------
Total hill visits: 3
Total prediction errors: 48
Total search depth: 76287
Total times memory accessed: 298846
Total times 24 >= t < 49: 2
Total times 49 >= t < 74: 0
Total times 74 >= t < 99: 0
Total times t == 99: 0
Total time steps survived: 167
Total runtime so far (hours/minutes/seconds): 00:15:16
----------------------------------------

----------------------------------------
TRIAL 8 STARTED
----------------------------------------
Start Time: 2024-05-01 19:30:32
TRIAL 8 COMPLETE ✔
End Time: 2024-05-01 19:31:24
Total runtime for this trial (minutes/seconds): 00:52
----------------------------------------
Total hill visits: 6
Total prediction errors: 51
Total search depth: 80326
Total times memory accessed: 315670
Total times 24 >= t < 49: 2
Total times 49 >= t < 74: 0
Total times 74 >= t < 99: 0
Total times t == 99: 0
Total time steps survived: 187
Total runtime so far (hours/minutes/seconds): 00:16:09
----------------------------------------

----------------------------------------
TRIAL 9 STARTED
----------------------------------------
Start Time: 2024-05-01 19:31:24
TRIAL 9 COMPLETE ✔
End Time: 2024-05-01 19:33:30
Total runtime for this trial (minutes/seconds): 02:05
----------------------------------------
Total hill visits: 6
Total prediction errors: 55
Total search depth: 89716
Total times memory accessed: 356414
Total times 24 >= t < 49: 2
Total times 49 >= t < 74: 0
Total times 74 >= t < 99: 0
Total times t == 99: 0
Total time steps survived: 207
Total runtime so far (hours/minutes/seconds): 00:18:15
----------------------------------------

----------------------------------------
TRIAL 10 STARTED
----------------------------------------
Start Time: 2024-05-01 19:33:30
TRIAL 10 COMPLETE ✔
End Time: 2024-05-01 19:36:44
Total runtime for this trial (minutes/seconds): 03:14
----------------------------------------
Total hill visits: 9
Total prediction errors: 64
Total search depth: 105458
Total times memory accessed: 418280
Total times 24 >= t < 49: 3
Total times 49 >= t < 74: 0
Total times 74 >= t < 99: 0
Total times t == 99: 0
Total time steps survived: 232
Total runtime so far (hours/minutes/seconds): 00:21:29
----------------------------------------

----------------------------------------
TRIAL 11 STARTED
----------------------------------------
Start Time: 2024-05-01 19:36:44
TRIAL 11 COMPLETE ✔
End Time: 2024-05-01 19:43:51
Total runtime for this trial (minutes/seconds): 07:07
----------------------------------------
Total hill visits: 9
Total prediction errors: 73
Total search depth: 135537
Total times memory accessed: 557054
Total times 24 >= t < 49: 3
Total times 49 >= t < 74: 0
Total times 74 >= t < 99: 0
Total times t == 99: 0
Total time steps survived: 252
Total runtime so far (hours/minutes/seconds): 00:28:36
----------------------------------------

----------------------------------------
TRIAL 12 STARTED
----------------------------------------
Start Time: 2024-05-01 19:43:51
TRIAL 12 COMPLETE ✔
End Time: 2024-05-01 19:44:29
Total runtime for this trial (minutes/seconds): 00:37
----------------------------------------
Total hill visits: 9
Total prediction errors: 84
Total search depth: 138581
Total times memory accessed: 568250
Total times 24 >= t < 49: 3
Total times 49 >= t < 74: 0
Total times 74 >= t < 99: 0
Total times t == 99: 0
Total time steps survived: 272
Total runtime so far (hours/minutes/seconds): 00:29:14
----------------------------------------

----------------------------------------
TRIAL 13 STARTED
----------------------------------------
Start Time: 2024-05-01 19:44:29
TRIAL 13 COMPLETE ✔
End Time: 2024-05-01 19:46:45
Total runtime for this trial (minutes/seconds): 02:15
----------------------------------------
Total hill visits: 10
Total prediction errors: 85
Total search depth: 148969
Total times memory accessed: 612850
Total times 24 >= t < 49: 3
Total times 49 >= t < 74: 0
Total times 74 >= t < 99: 0
Total times t == 99: 0
Total time steps survived: 292
Total runtime so far (hours/minutes/seconds): 00:31:30
----------------------------------------

----------------------------------------
TRIAL 14 STARTED
----------------------------------------
Start Time: 2024-05-01 19:46:45
TRIAL 14 COMPLETE ✔
End Time: 2024-05-01 19:49:51
Total runtime for this trial (minutes/seconds): 03:05
----------------------------------------
Total hill visits: 11
Total prediction errors: 87
Total search depth: 164506
Total times memory accessed: 672356
Total times 24 >= t < 49: 3
Total times 49 >= t < 74: 0
Total times 74 >= t < 99: 0
Total times t == 99: 0
Total time steps survived: 312
Total runtime so far (hours/minutes/seconds): 00:34:35
----------------------------------------

----------------------------------------
TRIAL 15 STARTED
----------------------------------------
Start Time: 2024-05-01 19:49:51
TRIAL 15 COMPLETE ✔
End Time: 2024-05-01 19:51:57
Total runtime for this trial (minutes/seconds): 02:06
----------------------------------------
Total hill visits: 12
Total prediction errors: 89
Total search depth: 175037
Total times memory accessed: 712649
Total times 24 >= t < 49: 3
Total times 49 >= t < 74: 0
Total times 74 >= t < 99: 0
Total times t == 99: 0
Total time steps survived: 332
Total runtime so far (hours/minutes/seconds): 00:36:42
----------------------------------------

----------------------------------------
TRIAL 16 STARTED
----------------------------------------
Start Time: 2024-05-01 19:51:58
TRIAL 16 COMPLETE ✔
End Time: 2024-05-01 19:55:45
Total runtime for this trial (minutes/seconds): 03:47
----------------------------------------
Total hill visits: 13
Total prediction errors: 92
Total search depth: 191232
Total times memory accessed: 786862
Total times 24 >= t < 49: 3
Total times 49 >= t < 74: 0
Total times 74 >= t < 99: 0
Total times t == 99: 0
Total time steps survived: 352
Total runtime so far (hours/minutes/seconds): 00:40:30
----------------------------------------

----------------------------------------
TRIAL 17 STARTED
----------------------------------------
Start Time: 2024-05-01 19:55:45
TRIAL 17 COMPLETE ✔
End Time: 2024-05-01 19:57:05
Total runtime for this trial (minutes/seconds): 01:20
----------------------------------------
Total hill visits: 14
Total prediction errors: 106
Total search depth: 198342
Total times memory accessed: 815823
Total times 24 >= t < 49: 3
Total times 49 >= t < 74: 0
Total times 74 >= t < 99: 0
Total times t == 99: 0
Total time steps survived: 372
Total runtime so far (hours/minutes/seconds): 00:41:50
----------------------------------------

----------------------------------------
TRIAL 18 STARTED
----------------------------------------
Start Time: 2024-05-01 19:57:05
TRIAL 18 COMPLETE ✔
End Time: 2024-05-01 20:01:49
Total runtime for this trial (minutes/seconds): 04:43
----------------------------------------
Total hill visits: 15
Total prediction errors: 107
Total search depth: 217635
Total times memory accessed: 904140
Total times 24 >= t < 49: 3
Total times 49 >= t < 74: 0
Total times 74 >= t < 99: 0
Total times t == 99: 0
Total time steps survived: 392
Total runtime so far (hours/minutes/seconds): 00:46:33
----------------------------------------

----------------------------------------
TRIAL 19 STARTED
----------------------------------------
Start Time: 2024-05-01 20:01:49
TRIAL 19 COMPLETE ✔
End Time: 2024-05-01 20:05:18
Total runtime for this trial (minutes/seconds): 03:29
----------------------------------------
Total hill visits: 16
Total prediction errors: 113
Total search depth: 234262
Total times memory accessed: 971259
Total times 24 >= t < 49: 3
Total times 49 >= t < 74: 0
Total times 74 >= t < 99: 0
Total times t == 99: 0
Total time steps survived: 412
Total runtime so far (hours/minutes/seconds): 00:50:03
----------------------------------------

----------------------------------------
TRIAL 20 STARTED
----------------------------------------
Start Time: 2024-05-01 20:05:18
TRIAL 20 COMPLETE ✔
End Time: 2024-05-01 20:06:18
Total runtime for this trial (minutes/seconds): 01:00
----------------------------------------
Total hill visits: 17
Total prediction errors: 115
Total search depth: 239163
Total times memory accessed: 989299
Total times 24 >= t < 49: 3
Total times 49 >= t < 74: 0
Total times 74 >= t < 99: 0
Total times t == 99: 0
Total time steps survived: 432
Total runtime so far (hours/minutes/seconds): 00:51:03
----------------------------------------

----------------------------------------
TRIAL 21 STARTED
----------------------------------------
Start Time: 2024-05-01 20:06:18
TRIAL 21 COMPLETE ✔
End Time: 2024-05-01 20:10:57
Total runtime for this trial (minutes/seconds): 04:39
----------------------------------------
Total hill visits: 17
Total prediction errors: 126
Total search depth: 259961
Total times memory accessed: 1078377
Total times 24 >= t < 49: 3
Total times 49 >= t < 74: 0
Total times 74 >= t < 99: 0
Total times t == 99: 0
Total time steps survived: 452
Total runtime so far (hours/minutes/seconds): 00:55:42
----------------------------------------

----------------------------------------
TRIAL 22 STARTED
----------------------------------------
Start Time: 2024-05-01 20:10:57
TRIAL 22 COMPLETE ✔
End Time: 2024-05-01 20:12:05
Total runtime for this trial (minutes/seconds): 01:08
----------------------------------------
Total hill visits: 17
Total prediction errors: 136
Total search depth: 266090
Total times memory accessed: 1098597
Total times 24 >= t < 49: 3
Total times 49 >= t < 74: 0
Total times 74 >= t < 99: 0
Total times t == 99: 0
Total time steps survived: 472
Total runtime so far (hours/minutes/seconds): 00:56:50
----------------------------------------

----------------------------------------
TRIAL 23 STARTED
----------------------------------------
Start Time: 2024-05-01 20:12:05
TRIAL 23 COMPLETE ✔
End Time: 2024-05-01 20:14:13
Total runtime for this trial (minutes/seconds): 02:07
----------------------------------------
Total hill visits: 18
Total prediction errors: 136
Total search depth: 276624
Total times memory accessed: 1143593
Total times 24 >= t < 49: 3
Total times 49 >= t < 74: 0
Total times 74 >= t < 99: 0
Total times t == 99: 0
Total time steps survived: 492
Total runtime so far (hours/minutes/seconds): 00:58:57
----------------------------------------

----------------------------------------
TRIAL 24 STARTED
----------------------------------------
Start Time: 2024-05-01 20:14:13
TRIAL 24 COMPLETE ✔
End Time: 2024-05-01 20:15:12
Total runtime for this trial (minutes/seconds): 00:59
----------------------------------------
Total hill visits: 19
Total prediction errors: 148
Total search depth: 281941
Total times memory accessed: 1163022
Total times 24 >= t < 49: 3
Total times 49 >= t < 74: 0
Total times 74 >= t < 99: 0
Total times t == 99: 0
Total time steps survived: 512
Total runtime so far (hours/minutes/seconds): 00:59:57
----------------------------------------

----------------------------------------
TRIAL 25 STARTED
----------------------------------------
Start Time: 2024-05-01 20:15:12
TRIAL 25 COMPLETE ✔
End Time: 2024-05-01 20:16:28
Total runtime for this trial (minutes/seconds): 01:15
----------------------------------------
Total hill visits: 20
Total prediction errors: 162
Total search depth: 289443
Total times memory accessed: 1190432
Total times 24 >= t < 49: 3
Total times 49 >= t < 74: 0
Total times 74 >= t < 99: 0
Total times t == 99: 0
Total time steps survived: 532
Total runtime so far (hours/minutes/seconds): 01:01:13
----------------------------------------

----------------------------------------
TRIAL 26 STARTED
----------------------------------------
Start Time: 2024-05-01 20:16:28
TRIAL 26 COMPLETE ✔
End Time: 2024-05-01 20:17:39
Total runtime for this trial (minutes/seconds): 01:11
----------------------------------------
Total hill visits: 21
Total prediction errors: 163
Total search depth: 296243
Total times memory accessed: 1214441
Total times 24 >= t < 49: 3
Total times 49 >= t < 74: 0
Total times 74 >= t < 99: 0
Total times t == 99: 0
Total time steps survived: 552
Total runtime so far (hours/minutes/seconds): 01:02:24
----------------------------------------

----------------------------------------
TRIAL 27 STARTED
----------------------------------------
Start Time: 2024-05-01 20:17:39
TRIAL 27 COMPLETE ✔
End Time: 2024-05-01 20:20:59
Total runtime for this trial (minutes/seconds): 03:20
----------------------------------------
Total hill visits: 22
Total prediction errors: 174
Total search depth: 313145
Total times memory accessed: 1283108
Total times 24 >= t < 49: 3
Total times 49 >= t < 74: 0
Total times 74 >= t < 99: 0
Total times t == 99: 0
Total time steps survived: 572
Total runtime so far (hours/minutes/seconds): 01:05:44
----------------------------------------

----------------------------------------
TRIAL 28 STARTED
----------------------------------------
Start Time: 2024-05-01 20:20:59
TRIAL 28 COMPLETE ✔
End Time: 2024-05-01 20:30:11
Total runtime for this trial (minutes/seconds): 09:11
----------------------------------------
Total hill visits: 23
Total prediction errors: 182
Total search depth: 363028
Total times memory accessed: 1476143
Total times 24 >= t < 49: 3
Total times 49 >= t < 74: 0
Total times 74 >= t < 99: 0
Total times t == 99: 0
Total time steps survived: 592
Total runtime so far (hours/minutes/seconds): 01:14:55
----------------------------------------

----------------------------------------
TRIAL 29 STARTED
----------------------------------------
Start Time: 2024-05-01 20:30:11
TRIAL 29 COMPLETE ✔
End Time: 2024-05-01 20:34:36
Total runtime for this trial (minutes/seconds): 04:25
----------------------------------------
Total hill visits: 24
Total prediction errors: 188
Total search depth: 389569
Total times memory accessed: 1578026
Total times 24 >= t < 49: 3
Total times 49 >= t < 74: 0
Total times 74 >= t < 99: 0
Total times t == 99: 0
Total time steps survived: 612
Total runtime so far (hours/minutes/seconds): 01:19:21
----------------------------------------

----------------------------------------
TRIAL 30 STARTED
----------------------------------------
Start Time: 2024-05-01 20:34:36
TRIAL 30 COMPLETE ✔
End Time: 2024-05-01 20:35:36
Total runtime for this trial (minutes/seconds): 00:59
----------------------------------------
Total hill visits: 25
Total prediction errors: 196
Total search depth: 396623
Total times memory accessed: 1602333
Total times 24 >= t < 49: 3
Total times 49 >= t < 74: 0
Total times 74 >= t < 99: 0
Total times t == 99: 0
Total time steps survived: 632
Total runtime so far (hours/minutes/seconds): 01:20:20
----------------------------------------

----------------------------------------
TRIAL 31 STARTED
----------------------------------------
Start Time: 2024-05-01 20:35:36
TRIAL 31 COMPLETE ✔
End Time: 2024-05-01 20:39:16
Total runtime for this trial (minutes/seconds): 03:40
----------------------------------------
Total hill visits: 28
Total prediction errors: 199
Total search depth: 417862
Total times memory accessed: 1686544
Total times 24 >= t < 49: 3
Total times 49 >= t < 74: 0
Total times 74 >= t < 99: 0
Total times t == 99: 0
Total time steps survived: 652
Total runtime so far (hours/minutes/seconds): 01:24:00
----------------------------------------

----------------------------------------
TRIAL 32 STARTED
----------------------------------------
Start Time: 2024-05-01 20:39:16
TRIAL 32 COMPLETE ✔
End Time: 2024-05-01 20:40:33
Total runtime for this trial (minutes/seconds): 01:17
----------------------------------------
Total hill visits: 29
Total prediction errors: 206
Total search depth: 425640
Total times memory accessed: 1713899
Total times 24 >= t < 49: 3
Total times 49 >= t < 74: 0
Total times 74 >= t < 99: 0
Total times t == 99: 0
Total time steps survived: 672
Total runtime so far (hours/minutes/seconds): 01:25:18
----------------------------------------

----------------------------------------
TRIAL 33 STARTED
----------------------------------------
Start Time: 2024-05-01 20:40:33
TRIAL 33 COMPLETE ✔
End Time: 2024-05-01 20:55:36
Total runtime for this trial (minutes/seconds): 15:02
----------------------------------------
Total hill visits: 30
Total prediction errors: 222
Total search depth: 518063
Total times memory accessed: 2038963
Total times 24 >= t < 49: 4
Total times 49 >= t < 74: 0
Total times 74 >= t < 99: 0
Total times t == 99: 0
Total time steps survived: 711
Total runtime so far (hours/minutes/seconds): 01:40:20
----------------------------------------

----------------------------------------
TRIAL 34 STARTED
----------------------------------------
Start Time: 2024-05-01 20:55:36
TRIAL 34 COMPLETE ✔
End Time: 2024-05-01 20:58:12
Total runtime for this trial (minutes/seconds): 02:36
----------------------------------------
Total hill visits: 31
Total prediction errors: 223
Total search depth: 533101
Total times memory accessed: 2097097
Total times 24 >= t < 49: 4
Total times 49 >= t < 74: 0
Total times 74 >= t < 99: 0
Total times t == 99: 0
Total time steps survived: 733
Total runtime so far (hours/minutes/seconds): 01:42:57
----------------------------------------

----------------------------------------
TRIAL 35 STARTED
----------------------------------------
Start Time: 2024-05-01 20:58:12
TRIAL 35 COMPLETE ✔
End Time: 2024-05-01 21:06:57
Total runtime for this trial (minutes/seconds): 08:44
----------------------------------------
Total hill visits: 32
Total prediction errors: 231
Total search depth: 581724
Total times memory accessed: 2283987
Total times 24 >= t < 49: 4
Total times 49 >= t < 74: 0
Total times 74 >= t < 99: 0
Total times t == 99: 0
Total time steps survived: 755
Total runtime so far (hours/minutes/seconds): 01:51:41
----------------------------------------

----------------------------------------
TRIAL 36 STARTED
----------------------------------------
Start Time: 2024-05-01 21:06:57
TRIAL 36 COMPLETE ✔
End Time: 2024-05-01 21:19:46
Total runtime for this trial (minutes/seconds): 12:48
----------------------------------------
Total hill visits: 33
Total prediction errors: 241
Total search depth: 647712
Total times memory accessed: 2538877
Total times 24 >= t < 49: 4
Total times 49 >= t < 74: 0
Total times 74 >= t < 99: 0
Total times t == 99: 0
Total time steps survived: 775
Total runtime so far (hours/minutes/seconds): 02:04:30
----------------------------------------

----------------------------------------
TRIAL 37 STARTED
----------------------------------------
Start Time: 2024-05-01 21:19:46
TRIAL 37 COMPLETE ✔
End Time: 2024-05-01 21:23:37
Total runtime for this trial (minutes/seconds): 03:51
----------------------------------------
Total hill visits: 34
Total prediction errors: 245
Total search depth: 669707
Total times memory accessed: 2620183
Total times 24 >= t < 49: 4
Total times 49 >= t < 74: 0
Total times 74 >= t < 99: 0
Total times t == 99: 0
Total time steps survived: 795
Total runtime so far (hours/minutes/seconds): 02:08:21
----------------------------------------

----------------------------------------
TRIAL 38 STARTED
----------------------------------------
Start Time: 2024-05-01 21:23:37
TRIAL 38 COMPLETE ✔
End Time: 2024-05-01 21:25:52
Total runtime for this trial (minutes/seconds): 02:14
----------------------------------------
Total hill visits: 35
Total prediction errors: 249
Total search depth: 682715
Total times memory accessed: 2670095
Total times 24 >= t < 49: 4
Total times 49 >= t < 74: 0
Total times 74 >= t < 99: 0
Total times t == 99: 0
Total time steps survived: 815
Total runtime so far (hours/minutes/seconds): 02:10:36
----------------------------------------

----------------------------------------
TRIAL 39 STARTED
----------------------------------------
Start Time: 2024-05-01 21:25:52
TRIAL 39 COMPLETE ✔
End Time: 2024-05-01 21:35:51
Total runtime for this trial (minutes/seconds): 09:58
----------------------------------------
Total hill visits: 36
Total prediction errors: 253
Total search depth: 734383
Total times memory accessed: 2863255
Total times 24 >= t < 49: 4
Total times 49 >= t < 74: 0
Total times 74 >= t < 99: 0
Total times t == 99: 0
Total time steps survived: 835
Total runtime so far (hours/minutes/seconds): 02:20:35
----------------------------------------

----------------------------------------
TRIAL 40 STARTED
----------------------------------------
Start Time: 2024-05-01 21:35:51
TRIAL 40 COMPLETE ✔
End Time: 2024-05-01 21:51:01
Total runtime for this trial (minutes/seconds): 15:10
----------------------------------------
Total hill visits: 37
Total prediction errors: 262
Total search depth: 807713
Total times memory accessed: 3147533
Total times 24 >= t < 49: 5
Total times 49 >= t < 74: 0
Total times 74 >= t < 99: 0
Total times t == 99: 0
Total time steps survived: 867
Total runtime so far (hours/minutes/seconds): 02:35:46
----------------------------------------

----------------------------------------
TRIAL 41 STARTED
----------------------------------------
Start Time: 2024-05-01 21:51:01
TRIAL 41 COMPLETE ✔
End Time: 2024-05-01 21:58:19
Total runtime for this trial (minutes/seconds): 07:17
----------------------------------------
Total hill visits: 38
Total prediction errors: 268
Total search depth: 846489
Total times memory accessed: 3282998
Total times 24 >= t < 49: 5
Total times 49 >= t < 74: 0
Total times 74 >= t < 99: 0
Total times t == 99: 0
Total time steps survived: 887
Total runtime so far (hours/minutes/seconds): 02:43:03
----------------------------------------

----------------------------------------
TRIAL 42 STARTED
----------------------------------------
Start Time: 2024-05-01 21:58:19
TRIAL 42 COMPLETE ✔
End Time: 2024-05-01 22:04:56
Total runtime for this trial (minutes/seconds): 06:37
----------------------------------------
Total hill visits: 40
Total prediction errors: 269
Total search depth: 879265
Total times memory accessed: 3399709
Total times 24 >= t < 49: 5
Total times 49 >= t < 74: 0
Total times 74 >= t < 99: 0
Total times t == 99: 0
Total time steps survived: 907
Total runtime so far (hours/minutes/seconds): 02:49:40
----------------------------------------

----------------------------------------
TRIAL 43 STARTED
----------------------------------------
Start Time: 2024-05-01 22:04:56
TRIAL 43 COMPLETE ✔
End Time: 2024-05-01 22:12:17
Total runtime for this trial (minutes/seconds): 07:21
----------------------------------------
Total hill visits: 41
Total prediction errors: 273
Total search depth: 919915
Total times memory accessed: 3549209
Total times 24 >= t < 49: 5
Total times 49 >= t < 74: 0
Total times 74 >= t < 99: 0
Total times t == 99: 0
Total time steps survived: 927
Total runtime so far (hours/minutes/seconds): 02:57:02
----------------------------------------

----------------------------------------
TRIAL 44 STARTED
----------------------------------------
Start Time: 2024-05-01 22:12:17
TRIAL 44 COMPLETE ✔
End Time: 2024-05-01 22:15:10
Total runtime for this trial (minutes/seconds): 02:52
----------------------------------------
Total hill visits: 42
Total prediction errors: 276
Total search depth: 935625
Total times memory accessed: 3603069
Total times 24 >= t < 49: 5
Total times 49 >= t < 74: 0
Total times 74 >= t < 99: 0
Total times t == 99: 0
Total time steps survived: 947
Total runtime so far (hours/minutes/seconds): 02:59:54
----------------------------------------

----------------------------------------
TRIAL 45 STARTED
----------------------------------------
Start Time: 2024-05-01 22:15:10
TRIAL 45 COMPLETE ✔
End Time: 2024-05-01 22:20:00
Total runtime for this trial (minutes/seconds): 04:50
----------------------------------------
Total hill visits: 45
Total prediction errors: 279
Total search depth: 961348
Total times memory accessed: 3696183
Total times 24 >= t < 49: 5
Total times 49 >= t < 74: 0
Total times 74 >= t < 99: 0
Total times t == 99: 0
Total time steps survived: 967
Total runtime so far (hours/minutes/seconds): 03:04:45
----------------------------------------

----------------------------------------
TRIAL 46 STARTED
----------------------------------------
Start Time: 2024-05-01 22:20:00
TRIAL 46 COMPLETE ✔
End Time: 2024-05-01 22:25:55
Total runtime for this trial (minutes/seconds): 05:54
----------------------------------------
Total hill visits: 47
Total prediction errors: 282
Total search depth: 1002787
Total times memory accessed: 3841005
Total times 24 >= t < 49: 5
Total times 49 >= t < 74: 0
Total times 74 >= t < 99: 0
Total times t == 99: 0
Total time steps survived: 987
Total runtime so far (hours/minutes/seconds): 03:10:40
----------------------------------------

----------------------------------------
TRIAL 47 STARTED
----------------------------------------
Start Time: 2024-05-01 22:25:55
TRIAL 47 COMPLETE ✔
End Time: 2024-05-01 22:29:58
Total runtime for this trial (minutes/seconds): 04:02
----------------------------------------
Total hill visits: 49
Total prediction errors: 288
Total search depth: 1026147
Total times memory accessed: 3931206
Total times 24 >= t < 49: 5
Total times 49 >= t < 74: 0
Total times 74 >= t < 99: 0
Total times t == 99: 0
Total time steps survived: 1007
Total runtime so far (hours/minutes/seconds): 03:14:43
----------------------------------------

----------------------------------------
TRIAL 48 STARTED
----------------------------------------
Start Time: 2024-05-01 22:29:58
TRIAL 48 COMPLETE ✔
End Time: 2024-05-01 22:40:14
Total runtime for this trial (minutes/seconds): 10:16
----------------------------------------
Total hill visits: 52
Total prediction errors: 301
Total search depth: 1091867
Total times memory accessed: 4188752
Total times 24 >= t < 49: 6
Total times 49 >= t < 74: 0
Total times 74 >= t < 99: 0
Total times t == 99: 0
Total time steps survived: 1036
Total runtime so far (hours/minutes/seconds): 03:24:59
----------------------------------------

----------------------------------------
TRIAL 49 STARTED
----------------------------------------
Start Time: 2024-05-01 22:40:14
TRIAL 49 COMPLETE ✔
End Time: 2024-05-01 22:42:56
Total runtime for this trial (minutes/seconds): 02:41
----------------------------------------
Total hill visits: 53
Total prediction errors: 303
Total search depth: 1111820
Total times memory accessed: 4263954
Total times 24 >= t < 49: 6
Total times 49 >= t < 74: 0
Total times 74 >= t < 99: 0
Total times t == 99: 0
Total time steps survived: 1056
Total runtime so far (hours/minutes/seconds): 03:27:41
----------------------------------------

----------------------------------------
TRIAL 50 STARTED
----------------------------------------
Start Time: 2024-05-01 22:42:56
TRIAL 50 COMPLETE ✔
End Time: 2024-05-01 22:47:07
Total runtime for this trial (minutes/seconds): 04:11
----------------------------------------
Total hill visits: 55
Total prediction errors: 307
Total search depth: 1147577
Total times memory accessed: 4401832
Total times 24 >= t < 49: 6
Total times 49 >= t < 74: 0
Total times 74 >= t < 99: 0
Total times t == 99: 0
Total time steps survived: 1076
Total runtime so far (hours/minutes/seconds): 03:31:52
----------------------------------------

----------------------------------------
TRIAL 51 STARTED
----------------------------------------
Start Time: 2024-05-01 22:47:07
TRIAL 51 COMPLETE ✔
End Time: 2024-05-01 22:49:09
Total runtime for this trial (minutes/seconds): 02:01
----------------------------------------
Total hill visits: 56
Total prediction errors: 308
Total search depth: 1164348
Total times memory accessed: 4460775
Total times 24 >= t < 49: 6
Total times 49 >= t < 74: 0
Total times 74 >= t < 99: 0
Total times t == 99: 0
Total time steps survived: 1096
Total runtime so far (hours/minutes/seconds): 03:33:53
----------------------------------------

----------------------------------------
TRIAL 52 STARTED
----------------------------------------
Start Time: 2024-05-01 22:49:09
TRIAL 52 COMPLETE ✔
End Time: 2024-05-01 22:50:46
Total runtime for this trial (minutes/seconds): 01:37
----------------------------------------
Total hill visits: 57
Total prediction errors: 312
Total search depth: 1181337
Total times memory accessed: 4521364
Total times 24 >= t < 49: 6
Total times 49 >= t < 74: 0
Total times 74 >= t < 99: 0
Total times t == 99: 0
Total time steps survived: 1116
Total runtime so far (hours/minutes/seconds): 03:35:31
----------------------------------------

----------------------------------------
TRIAL 53 STARTED
----------------------------------------
Start Time: 2024-05-01 22:50:46
TRIAL 53 COMPLETE ✔
End Time: 2024-05-01 22:52:01
Total runtime for this trial (minutes/seconds): 01:14
----------------------------------------
Total hill visits: 58
Total prediction errors: 318
Total search depth: 1193177
Total times memory accessed: 4563685
Total times 24 >= t < 49: 6
Total times 49 >= t < 74: 0
Total times 74 >= t < 99: 0
Total times t == 99: 0
Total time steps survived: 1136
Total runtime so far (hours/minutes/seconds): 03:36:45
----------------------------------------

----------------------------------------
TRIAL 54 STARTED
----------------------------------------
Start Time: 2024-05-01 22:52:01
TRIAL 54 COMPLETE ✔
End Time: 2024-05-01 22:53:39
Total runtime for this trial (minutes/seconds): 01:38
----------------------------------------
Total hill visits: 59
Total prediction errors: 331
Total search depth: 1208707
Total times memory accessed: 4613435
Total times 24 >= t < 49: 6
Total times 49 >= t < 74: 0
Total times 74 >= t < 99: 0
Total times t == 99: 0
Total time steps survived: 1156
Total runtime so far (hours/minutes/seconds): 03:38:24
----------------------------------------

----------------------------------------
TRIAL 55 STARTED
----------------------------------------
Start Time: 2024-05-01 22:53:39
TRIAL 55 COMPLETE ✔
End Time: 2024-05-01 22:59:29
Total runtime for this trial (minutes/seconds): 05:49
----------------------------------------
Total hill visits: 62
Total prediction errors: 339
Total search depth: 1260632
Total times memory accessed: 4808655
Total times 24 >= t < 49: 7
Total times 49 >= t < 74: 0
Total times 74 >= t < 99: 0
Total times t == 99: 0
Total time steps survived: 1181
Total runtime so far (hours/minutes/seconds): 03:44:14
----------------------------------------

----------------------------------------
TRIAL 56 STARTED
----------------------------------------
Start Time: 2024-05-01 22:59:29
TRIAL 56 COMPLETE ✔
End Time: 2024-05-01 23:05:10
Total runtime for this trial (minutes/seconds): 05:41
----------------------------------------
Total hill visits: 63
Total prediction errors: 349
Total search depth: 1318725
Total times memory accessed: 5006759
Total times 24 >= t < 49: 8
Total times 49 >= t < 74: 0
Total times 74 >= t < 99: 0
Total times t == 99: 0
Total time steps survived: 1209
Total runtime so far (hours/minutes/seconds): 03:49:55
----------------------------------------

----------------------------------------
TRIAL 57 STARTED
----------------------------------------
Start Time: 2024-05-01 23:05:10
TRIAL 57 COMPLETE ✔
End Time: 2024-05-01 23:09:03
Total runtime for this trial (minutes/seconds): 03:52
----------------------------------------
Total hill visits: 64
Total prediction errors: 354
Total search depth: 1351396
Total times memory accessed: 5122807
Total times 24 >= t < 49: 9
Total times 49 >= t < 74: 0
Total times 74 >= t < 99: 0
Total times t == 99: 0
Total time steps survived: 1234
Total runtime so far (hours/minutes/seconds): 03:53:48
----------------------------------------

----------------------------------------
TRIAL 58 STARTED
----------------------------------------
Start Time: 2024-05-01 23:09:03
TRIAL 58 COMPLETE ✔
End Time: 2024-05-01 23:13:09
Total runtime for this trial (minutes/seconds): 04:06
----------------------------------------
Total hill visits: 65
Total prediction errors: 358
Total search depth: 1389540
Total times memory accessed: 5251628
Total times 24 >= t < 49: 9
Total times 49 >= t < 74: 0
Total times 74 >= t < 99: 0
Total times t == 99: 0
Total time steps survived: 1256
Total runtime so far (hours/minutes/seconds): 03:57:54
----------------------------------------

----------------------------------------
TRIAL 59 STARTED
----------------------------------------
Start Time: 2024-05-01 23:13:09
TRIAL 59 COMPLETE ✔
End Time: 2024-05-01 23:22:31
Total runtime for this trial (minutes/seconds): 09:22
----------------------------------------
Total hill visits: 66
Total prediction errors: 367
Total search depth: 1470286
Total times memory accessed: 5544909
Total times 24 >= t < 49: 10
Total times 49 >= t < 74: 0
Total times 74 >= t < 99: 0
Total times t == 99: 0
Total time steps survived: 1288
Total runtime so far (hours/minutes/seconds): 04:07:16
----------------------------------------

----------------------------------------
TRIAL 60 STARTED
----------------------------------------
Start Time: 2024-05-01 23:22:31
TRIAL 60 COMPLETE ✔
End Time: 2024-05-01 23:25:12
Total runtime for this trial (minutes/seconds): 02:40
----------------------------------------
Total hill visits: 67
Total prediction errors: 371
Total search depth: 1486935
Total times memory accessed: 5598734
Total times 24 >= t < 49: 10
Total times 49 >= t < 74: 0
Total times 74 >= t < 99: 0
Total times t == 99: 0
Total time steps survived: 1308
Total runtime so far (hours/minutes/seconds): 04:09:57
----------------------------------------

----------------------------------------
TRIAL 61 STARTED
----------------------------------------
Start Time: 2024-05-01 23:25:12
TRIAL 61 COMPLETE ✔
End Time: 2024-05-01 23:34:29
Total runtime for this trial (minutes/seconds): 09:17
----------------------------------------
Total hill visits: 70
Total prediction errors: 374
Total search depth: 1538913
Total times memory accessed: 5785472
Total times 24 >= t < 49: 10
Total times 49 >= t < 74: 0
Total times 74 >= t < 99: 0
Total times t == 99: 0
Total time steps survived: 1328
Total runtime so far (hours/minutes/seconds): 04:19:14
----------------------------------------

----------------------------------------
TRIAL 62 STARTED
----------------------------------------
Start Time: 2024-05-01 23:34:29
TRIAL 62 COMPLETE ✔
End Time: 2024-05-01 23:48:17
Total runtime for this trial (minutes/seconds): 13:47
----------------------------------------
Total hill visits: 71
Total prediction errors: 381
Total search depth: 1615508
Total times memory accessed: 6101838
Total times 24 >= t < 49: 11
Total times 49 >= t < 74: 0
Total times 74 >= t < 99: 0
Total times t == 99: 0
Total time steps survived: 1353
Total runtime so far (hours/minutes/seconds): 04:33:02
----------------------------------------

----------------------------------------
TRIAL 63 STARTED
----------------------------------------
Start Time: 2024-05-01 23:48:17
TRIAL 63 COMPLETE ✔
End Time: 2024-05-01 23:59:06
Total runtime for this trial (minutes/seconds): 10:48
----------------------------------------
Total hill visits: 72
Total prediction errors: 385
Total search depth: 1676763
Total times memory accessed: 6305201
Total times 24 >= t < 49: 12
Total times 49 >= t < 74: 0
Total times 74 >= t < 99: 0
Total times t == 99: 0
Total time steps survived: 1381
Total runtime so far (hours/minutes/seconds): 04:43:50
----------------------------------------

----------------------------------------
TRIAL 64 STARTED
----------------------------------------
Start Time: 2024-05-01 23:59:06
TRIAL 64 COMPLETE ✔
End Time: 2024-05-02 00:06:26
Total runtime for this trial (minutes/seconds): 07:20
----------------------------------------
Total hill visits: 75
Total prediction errors: 386
Total search depth: 1712675
Total times memory accessed: 6434974
Total times 24 >= t < 49: 12
Total times 49 >= t < 74: 0
Total times 74 >= t < 99: 0
Total times t == 99: 0
Total time steps survived: 1401
Total runtime so far (hours/minutes/seconds): 04:51:11
----------------------------------------

----------------------------------------
TRIAL 65 STARTED
----------------------------------------
Start Time: 2024-05-02 00:06:26
TRIAL 65 COMPLETE ✔
End Time: 2024-05-02 00:19:18
Total runtime for this trial (minutes/seconds): 12:52
----------------------------------------
Total hill visits: 79
Total prediction errors: 390
Total search depth: 1780574
Total times memory accessed: 6678998
Total times 24 >= t < 49: 13
Total times 49 >= t < 74: 0
Total times 74 >= t < 99: 0
Total times t == 99: 0
Total time steps survived: 1444
Total runtime so far (hours/minutes/seconds): 05:04:03
----------------------------------------

----------------------------------------
TRIAL 66 STARTED
----------------------------------------
Start Time: 2024-05-02 00:19:18
TRIAL 66 COMPLETE ✔
End Time: 2024-05-02 00:26:14
Total runtime for this trial (minutes/seconds): 06:56
----------------------------------------
Total hill visits: 82
Total prediction errors: 394
Total search depth: 1816872
Total times memory accessed: 6809010
Total times 24 >= t < 49: 13
Total times 49 >= t < 74: 0
Total times 74 >= t < 99: 0
Total times t == 99: 0
Total time steps survived: 1464
Total runtime so far (hours/minutes/seconds): 05:10:59
----------------------------------------

----------------------------------------
TRIAL 67 STARTED
----------------------------------------
Start Time: 2024-05-02 00:26:14
TRIAL 67 COMPLETE ✔
End Time: 2024-05-02 00:47:16
Total runtime for this trial (minutes/seconds): 21:01
----------------------------------------
Total hill visits: 84
Total prediction errors: 400
Total search depth: 1909590
Total times memory accessed: 7198039
Total times 24 >= t < 49: 14
Total times 49 >= t < 74: 0
Total times 74 >= t < 99: 0
Total times t == 99: 0
Total time steps survived: 1489
Total runtime so far (hours/minutes/seconds): 05:32:00
----------------------------------------

----------------------------------------
TRIAL 68 STARTED
----------------------------------------
Start Time: 2024-05-02 00:47:16
TRIAL 68 COMPLETE ✔
End Time: 2024-05-02 00:52:16
Total runtime for this trial (minutes/seconds): 05:00
----------------------------------------
Total hill visits: 86
Total prediction errors: 402
Total search depth: 1932766
Total times memory accessed: 7277100
Total times 24 >= t < 49: 14
Total times 49 >= t < 74: 0
Total times 74 >= t < 99: 0
Total times t == 99: 0
Total time steps survived: 1509
Total runtime so far (hours/minutes/seconds): 05:37:01
----------------------------------------

----------------------------------------
TRIAL 69 STARTED
----------------------------------------
Start Time: 2024-05-02 00:52:16
TRIAL 69 COMPLETE ✔
End Time: 2024-05-02 00:57:32
Total runtime for this trial (minutes/seconds): 05:15
----------------------------------------
Total hill visits: 88
Total prediction errors: 405
Total search depth: 1958830
Total times memory accessed: 7368979
Total times 24 >= t < 49: 14
Total times 49 >= t < 74: 0
Total times 74 >= t < 99: 0
Total times t == 99: 0
Total time steps survived: 1529
Total runtime so far (hours/minutes/seconds): 05:42:16
----------------------------------------

----------------------------------------
TRIAL 70 STARTED
----------------------------------------
Start Time: 2024-05-02 00:57:32
TRIAL 70 COMPLETE ✔
End Time: 2024-05-02 01:14:54
Total runtime for this trial (minutes/seconds): 17:22
----------------------------------------
Total hill visits: 91
Total prediction errors: 411
Total search depth: 2046552
Total times memory accessed: 7677055
Total times 24 >= t < 49: 15
Total times 49 >= t < 74: 0
Total times 74 >= t < 99: 0
Total times t == 99: 0
Total time steps survived: 1571
Total runtime so far (hours/minutes/seconds): 05:59:39
----------------------------------------

----------------------------------------
TRIAL 71 STARTED
----------------------------------------
Start Time: 2024-05-02 01:14:54
TRIAL 71 COMPLETE ✔
End Time: 2024-05-02 01:23:16
Total runtime for this trial (minutes/seconds): 08:22
----------------------------------------
Total hill visits: 93
Total prediction errors: 418
Total search depth: 2090165
Total times memory accessed: 7833275
Total times 24 >= t < 49: 16
Total times 49 >= t < 74: 0
Total times 74 >= t < 99: 0
Total times t == 99: 0
Total time steps survived: 1607
Total runtime so far (hours/minutes/seconds): 06:08:01
----------------------------------------

----------------------------------------
TRIAL 72 STARTED
----------------------------------------
Start Time: 2024-05-02 01:23:16
TRIAL 72 COMPLETE ✔
End Time: 2024-05-02 01:45:14
Total runtime for this trial (minutes/seconds): 21:57
----------------------------------------
Total hill visits: 98
Total prediction errors: 429
Total search depth: 2195644
Total times memory accessed: 8238313
Total times 24 >= t < 49: 17
Total times 49 >= t < 74: 0
Total times 74 >= t < 99: 0
Total times t == 99: 0
Total time steps survived: 1639
Total runtime so far (hours/minutes/seconds): 06:29:58
----------------------------------------

----------------------------------------
TRIAL 73 STARTED
----------------------------------------
Start Time: 2024-05-02 01:45:14
TRIAL 73 COMPLETE ✔
End Time: 2024-05-02 02:00:05
Total runtime for this trial (minutes/seconds): 14:51
----------------------------------------
Total hill visits: 100
Total prediction errors: 436
Total search depth: 2271063
Total times memory accessed: 8493094
Total times 24 >= t < 49: 18
Total times 49 >= t < 74: 0
Total times 74 >= t < 99: 0
Total times t == 99: 0
Total time steps survived: 1681
Total runtime so far (hours/minutes/seconds): 06:44:50
----------------------------------------

----------------------------------------
TRIAL 74 STARTED
----------------------------------------
Start Time: 2024-05-02 02:00:05
TRIAL 74 COMPLETE ✔
End Time: 2024-05-02 02:28:20
Total runtime for this trial (minutes/seconds): 28:14
----------------------------------------
Total hill visits: 102
Total prediction errors: 444
Total search depth: 2400870
Total times memory accessed: 8987637
Total times 24 >= t < 49: 19
Total times 49 >= t < 74: 0
Total times 74 >= t < 99: 0
Total times t == 99: 0
Total time steps survived: 1719
Total runtime so far (hours/minutes/seconds): 07:13:05
----------------------------------------

----------------------------------------
TRIAL 75 STARTED
----------------------------------------
Start Time: 2024-05-02 02:28:20
TRIAL 75 COMPLETE ✔
End Time: 2024-05-02 02:40:25
Total runtime for this trial (minutes/seconds): 12:04
----------------------------------------
Total hill visits: 103
Total prediction errors: 450
Total search depth: 2462769
Total times memory accessed: 9196736
Total times 24 >= t < 49: 20
Total times 49 >= t < 74: 0
Total times 74 >= t < 99: 0
Total times t == 99: 0
Total time steps survived: 1754
Total runtime so far (hours/minutes/seconds): 07:25:09
----------------------------------------

----------------------------------------
TRIAL 76 STARTED
----------------------------------------
Start Time: 2024-05-02 02:40:25
TRIAL 76 COMPLETE ✔
End Time: 2024-05-02 02:53:26
Total runtime for this trial (minutes/seconds): 13:00
----------------------------------------
Total hill visits: 108
Total prediction errors: 453
Total search depth: 2529456
Total times memory accessed: 9434737
Total times 24 >= t < 49: 21
Total times 49 >= t < 74: 0
Total times 74 >= t < 99: 0
Total times t == 99: 0
Total time steps survived: 1789
Total runtime so far (hours/minutes/seconds): 07:38:10
----------------------------------------

----------------------------------------
TRIAL 77 STARTED
----------------------------------------
Start Time: 2024-05-02 02:53:26
TRIAL 77 COMPLETE ✔
End Time: 2024-05-02 03:51:55
Total runtime for this trial (minutes/seconds): 58:28
----------------------------------------
Total hill visits: 109
Total prediction errors: 468
Total search depth: 2807513
Total times memory accessed: 10466174
Total times 24 >= t < 49: 21
Total times 49 >= t < 74: 1
Total times 74 >= t < 99: 0
Total times t == 99: 0
Total time steps survived: 1845
Total runtime so far (hours/minutes/seconds): 08:36:39
----------------------------------------

----------------------------------------
TRIAL 78 STARTED
----------------------------------------
Start Time: 2024-05-02 03:51:55
TRIAL 78 COMPLETE ✔
End Time: 2024-05-02 04:39:08
Total runtime for this trial (minutes/seconds): 47:13
----------------------------------------
Total hill visits: 111
Total prediction errors: 484
Total search depth: 3045541
Total times memory accessed: 11318984
Total times 24 >= t < 49: 21
Total times 49 >= t < 74: 1
Total times 74 >= t < 99: 1
Total times t == 99: 0
Total time steps survived: 1939
Total runtime so far (hours/minutes/seconds): 09:23:53
----------------------------------------

----------------------------------------
TRIAL 79 STARTED
----------------------------------------
Start Time: 2024-05-02 04:39:08
TRIAL 79 COMPLETE ✔
End Time: 2024-05-02 04:47:17
Total runtime for this trial (minutes/seconds): 08:08
----------------------------------------
Total hill visits: 112
Total prediction errors: 487
Total search depth: 3091098
Total times memory accessed: 11463694
Total times 24 >= t < 49: 21
Total times 49 >= t < 74: 1
Total times 74 >= t < 99: 1
Total times t == 99: 0
Total time steps survived: 1961
Total runtime so far (hours/minutes/seconds): 09:32:01
----------------------------------------

----------------------------------------
TRIAL 80 STARTED
----------------------------------------
Start Time: 2024-05-02 04:47:17
TRIAL 80 COMPLETE ✔
End Time: 2024-05-02 05:01:23
Total runtime for this trial (minutes/seconds): 14:06
----------------------------------------
Total hill visits: 118
Total prediction errors: 490
Total search depth: 3156041
Total times memory accessed: 11702188
Total times 24 >= t < 49: 21
Total times 49 >= t < 74: 1
Total times 74 >= t < 99: 1
Total times t == 99: 0
Total time steps survived: 1983
Total runtime so far (hours/minutes/seconds): 09:46:07
----------------------------------------

----------------------------------------
TRIAL 81 STARTED
----------------------------------------
Start Time: 2024-05-02 05:01:23
TRIAL 81 COMPLETE ✔
End Time: 2024-05-02 05:09:46
Total runtime for this trial (minutes/seconds): 08:23
----------------------------------------
Total hill visits: 120
Total prediction errors: 492
Total search depth: 3193941
Total times memory accessed: 11841981
Total times 24 >= t < 49: 21
Total times 49 >= t < 74: 1
Total times 74 >= t < 99: 1
Total times t == 99: 0
Total time steps survived: 2003
Total runtime so far (hours/minutes/seconds): 09:54:31
----------------------------------------

----------------------------------------
TRIAL 82 STARTED
----------------------------------------
Start Time: 2024-05-02 05:09:46
TRIAL 82 COMPLETE ✔
End Time: 2024-05-02 05:35:49
Total runtime for this trial (minutes/seconds): 26:02
----------------------------------------
Total hill visits: 121
Total prediction errors: 500
Total search depth: 3334298
Total times memory accessed: 12292069
Total times 24 >= t < 49: 21
Total times 49 >= t < 74: 1
Total times 74 >= t < 99: 2
Total times t == 99: 0
Total time steps survived: 2076
Total runtime so far (hours/minutes/seconds): 10:20:34
----------------------------------------

----------------------------------------
TRIAL 83 STARTED
----------------------------------------
Start Time: 2024-05-02 05:35:49
TRIAL 83 COMPLETE ✔
End Time: 2024-05-02 05:59:58
Total runtime for this trial (minutes/seconds): 24:08
----------------------------------------
Total hill visits: 123
Total prediction errors: 505
Total search depth: 3461048
Total times memory accessed: 12738657
Total times 24 >= t < 49: 22
Total times 49 >= t < 74: 1
Total times 74 >= t < 99: 2
Total times t == 99: 0
Total time steps survived: 2107
Total runtime so far (hours/minutes/seconds): 10:44:42
----------------------------------------

----------------------------------------
TRIAL 84 STARTED
----------------------------------------
Start Time: 2024-05-02 05:59:58
TRIAL 84 COMPLETE ✔
End Time: 2024-05-02 06:11:52
Total runtime for this trial (minutes/seconds): 11:53
----------------------------------------
Total hill visits: 128
Total prediction errors: 507
Total search depth: 3521827
Total times memory accessed: 12961382
Total times 24 >= t < 49: 22
Total times 49 >= t < 74: 1
Total times 74 >= t < 99: 2
Total times t == 99: 0
Total time steps survived: 2127
Total runtime so far (hours/minutes/seconds): 10:56:36
----------------------------------------

----------------------------------------
TRIAL 85 STARTED
----------------------------------------
Start Time: 2024-05-02 06:11:52
TRIAL 85 COMPLETE ✔
End Time: 2024-05-02 06:20:45
Total runtime for this trial (minutes/seconds): 08:53
----------------------------------------
Total hill visits: 129
Total prediction errors: 509
Total search depth: 3570671
Total times memory accessed: 13113400
Total times 24 >= t < 49: 22
Total times 49 >= t < 74: 1
Total times 74 >= t < 99: 2
Total times t == 99: 0
Total time steps survived: 2149
Total runtime so far (hours/minutes/seconds): 11:05:30
----------------------------------------

----------------------------------------
TRIAL 86 STARTED
----------------------------------------
Start Time: 2024-05-02 06:20:45
TRIAL 86 COMPLETE ✔
End Time: 2024-05-02 06:28:57
Total runtime for this trial (minutes/seconds): 08:12
----------------------------------------
Total hill visits: 132
Total prediction errors: 513
Total search depth: 3611571
Total times memory accessed: 13256782
Total times 24 >= t < 49: 22
Total times 49 >= t < 74: 1
Total times 74 >= t < 99: 2
Total times t == 99: 0
Total time steps survived: 2169
Total runtime so far (hours/minutes/seconds): 11:13:42
----------------------------------------

----------------------------------------
TRIAL 87 STARTED
----------------------------------------
Start Time: 2024-05-02 06:28:57
TRIAL 87 COMPLETE ✔
End Time: 2024-05-02 06:44:19
Total runtime for this trial (minutes/seconds): 15:22
----------------------------------------
Total hill visits: 139
Total prediction errors: 514
Total search depth: 3683316
Total times memory accessed: 13522862
Total times 24 >= t < 49: 22
Total times 49 >= t < 74: 1
Total times 74 >= t < 99: 2
Total times t == 99: 0
Total time steps survived: 2189
Total runtime so far (hours/minutes/seconds): 11:29:04
----------------------------------------

----------------------------------------
TRIAL 88 STARTED
----------------------------------------
Start Time: 2024-05-02 06:44:19
TRIAL 88 COMPLETE ✔
End Time: 2024-05-02 07:38:08
Total runtime for this trial (minutes/seconds): 53:49
----------------------------------------
Total hill visits: 144
Total prediction errors: 526
Total search depth: 3957980
Total times memory accessed: 14495430
Total times 24 >= t < 49: 22
Total times 49 >= t < 74: 2
Total times 74 >= t < 99: 2
Total times t == 99: 0
Total time steps survived: 2247
Total runtime so far (hours/minutes/seconds): 12:22:53
----------------------------------------

----------------------------------------
TRIAL 89 STARTED
----------------------------------------
Start Time: 2024-05-02 07:38:08
TRIAL 89 COMPLETE ✔
End Time: 2024-05-02 08:33:19
Total runtime for this trial (minutes/seconds): 55:10
----------------------------------------
Total hill visits: 145
Total prediction errors: 545
Total search depth: 4230206
Total times memory accessed: 15462190
Total times 24 >= t < 49: 22
Total times 49 >= t < 74: 3
Total times 74 >= t < 99: 2
Total times t == 99: 0
Total time steps survived: 2313
Total runtime so far (hours/minutes/seconds): 13:18:03
----------------------------------------

----------------------------------------
TRIAL 90 STARTED
----------------------------------------
Start Time: 2024-05-02 08:33:19
TRIAL 90 COMPLETE ✔
End Time: 2024-05-02 08:38:18
Total runtime for this trial (minutes/seconds): 04:59
----------------------------------------
Total hill visits: 147
Total prediction errors: 548
Total search depth: 4256385
Total times memory accessed: 15548431
Total times 24 >= t < 49: 22
Total times 49 >= t < 74: 3
Total times 74 >= t < 99: 2
Total times t == 99: 0
Total time steps survived: 2335
Total runtime so far (hours/minutes/seconds): 13:23:03
----------------------------------------

----------------------------------------
TRIAL 91 STARTED
----------------------------------------
Start Time: 2024-05-02 08:38:18
TRIAL 91 COMPLETE ✔
End Time: 2024-05-02 09:13:53
Total runtime for this trial (minutes/seconds): 35:35
----------------------------------------
Total hill visits: 149
Total prediction errors: 557
Total search depth: 4442975
Total times memory accessed: 16176056
Total times 24 >= t < 49: 22
Total times 49 >= t < 74: 3
Total times 74 >= t < 99: 3
Total times t == 99: 0
Total time steps survived: 2421
Total runtime so far (hours/minutes/seconds): 13:58:38
----------------------------------------

----------------------------------------
TRIAL 92 STARTED
----------------------------------------
Start Time: 2024-05-02 09:13:53
TRIAL 92 COMPLETE ✔
End Time: 2024-05-02 09:58:04
Total runtime for this trial (minutes/seconds): 44:10
----------------------------------------
Total hill visits: 156
Total prediction errors: 570
Total search depth: 4692322
Total times memory accessed: 17027596
Total times 24 >= t < 49: 22
Total times 49 >= t < 74: 3
Total times 74 >= t < 99: 3
Total times t == 99: 0
Total time steps survived: 2520
Total runtime so far (hours/minutes/seconds): 14:42:49
----------------------------------------

----------------------------------------
TRIAL 93 STARTED
----------------------------------------
Start Time: 2024-05-02 09:58:04
TRIAL 93 COMPLETE ✔
End Time: 2024-05-02 10:02:46
Total runtime for this trial (minutes/seconds): 04:41
----------------------------------------
Total hill visits: 157
Total prediction errors: 573
Total search depth: 4720874
Total times memory accessed: 17119082
Total times 24 >= t < 49: 22
Total times 49 >= t < 74: 3
Total times 74 >= t < 99: 3
Total times t == 99: 0
Total time steps survived: 2540
Total runtime so far (hours/minutes/seconds): 14:47:30
----------------------------------------

----------------------------------------
TRIAL 94 STARTED
----------------------------------------
Start Time: 2024-05-02 10:02:46
TRIAL 94 COMPLETE ✔
End Time: 2024-05-02 10:08:23
Total runtime for this trial (minutes/seconds): 05:37
----------------------------------------
Total hill visits: 158
Total prediction errors: 575
Total search depth: 4768329
Total times memory accessed: 17275350
Total times 24 >= t < 49: 23
Total times 49 >= t < 74: 3
Total times 74 >= t < 99: 3
Total times t == 99: 0
Total time steps survived: 2570
Total runtime so far (hours/minutes/seconds): 14:53:08
----------------------------------------

----------------------------------------
TRIAL 95 STARTED
----------------------------------------
Start Time: 2024-05-02 10:08:23
TRIAL 95 COMPLETE ✔
End Time: 2024-05-02 10:15:45
Total runtime for this trial (minutes/seconds): 07:21
----------------------------------------
Total hill visits: 160
Total prediction errors: 578
Total search depth: 4827513
Total times memory accessed: 17475469
Total times 24 >= t < 49: 23
Total times 49 >= t < 74: 3
Total times 74 >= t < 99: 3
Total times t == 99: 0
Total time steps survived: 2590
Total runtime so far (hours/minutes/seconds): 15:00:29
----------------------------------------

----------------------------------------
TRIAL 96 STARTED
----------------------------------------
Start Time: 2024-05-02 10:15:45
TRIAL 96 COMPLETE ✔
End Time: 2024-05-02 10:37:17
Total runtime for this trial (minutes/seconds): 21:32
----------------------------------------
Total hill visits: 161
Total prediction errors: 588
Total search depth: 5023415
Total times memory accessed: 18129672
Total times 24 >= t < 49: 23
Total times 49 >= t < 74: 3
Total times 74 >= t < 99: 3
Total times t == 99: 0
Total time steps survived: 2689
Total runtime so far (hours/minutes/seconds): 15:22:02
----------------------------------------

----------------------------------------
TRIAL 97 STARTED
----------------------------------------
Start Time: 2024-05-02 10:37:17
TRIAL 97 COMPLETE ✔
End Time: 2024-05-02 11:05:52
Total runtime for this trial (minutes/seconds): 28:35
----------------------------------------
Total hill visits: 162
Total prediction errors: 600
Total search depth: 5236347
Total times memory accessed: 18868088
Total times 24 >= t < 49: 23
Total times 49 >= t < 74: 4
Total times 74 >= t < 99: 3
Total times t == 99: 0
Total time steps survived: 2748
Total runtime so far (hours/minutes/seconds): 15:50:37
----------------------------------------

----------------------------------------
TRIAL 98 STARTED
----------------------------------------
Start Time: 2024-05-02 11:05:52
TRIAL 98 COMPLETE ✔
End Time: 2024-05-02 11:17:10
Total runtime for this trial (minutes/seconds): 11:17
----------------------------------------
Total hill visits: 163
Total prediction errors: 604
Total search depth: 5314253
Total times memory accessed: 19107029
Total times 24 >= t < 49: 24
Total times 49 >= t < 74: 4
Total times 74 >= t < 99: 3
Total times t == 99: 0
Total time steps survived: 2778
Total runtime so far (hours/minutes/seconds): 16:01:55
----------------------------------------

----------------------------------------
TRIAL 99 STARTED
----------------------------------------
Start Time: 2024-05-02 11:17:10
TRIAL 99 COMPLETE ✔
End Time: 2024-05-02 11:45:11
Total runtime for this trial (minutes/seconds): 28:01
----------------------------------------
Total hill visits: 165
Total prediction errors: 614
Total search depth: 5467795
Total times memory accessed: 19617124
Total times 24 >= t < 49: 24
Total times 49 >= t < 74: 5
Total times 74 >= t < 99: 3
Total times t == 99: 0
Total time steps survived: 2849
Total runtime so far (hours/minutes/seconds): 16:29:56
----------------------------------------

----------------------------------------
TRIAL 100 STARTED
----------------------------------------
Start Time: 2024-05-02 11:45:11
TRIAL 100 COMPLETE ✔
End Time: 2024-05-02 11:51:17
Total runtime for this trial (minutes/seconds): 06:05
----------------------------------------
Total hill visits: 166
Total prediction errors: 616
Total search depth: 5507016
Total times memory accessed: 19729458
Total times 24 >= t < 49: 24
Total times 49 >= t < 74: 5
Total times 74 >= t < 99: 3
Total times t == 99: 0
Total time steps survived: 2869
Total runtime so far (hours/minutes/seconds): 16:36:02
----------------------------------------

----------------------------------------
TRIAL 101 STARTED
----------------------------------------
Start Time: 2024-05-02 11:51:17
TRIAL 101 COMPLETE ✔
End Time: 2024-05-02 12:42:52
Total runtime for this trial (minutes/seconds): 51:35
----------------------------------------
Total hill visits: 167
Total prediction errors: 628
Total search depth: 5804222
Total times memory accessed: 20709093
Total times 24 >= t < 49: 24
Total times 49 >= t < 74: 5
Total times 74 >= t < 99: 3
Total times t == 99: 0
Total time steps survived: 2968
Total runtime so far (hours/minutes/seconds): 17:27:37
----------------------------------------

----------------------------------------
TRIAL 102 STARTED
----------------------------------------
Start Time: 2024-05-02 12:42:52
TRIAL 102 COMPLETE ✔
End Time: 2024-05-02 13:39:53
Total runtime for this trial (minutes/seconds): 57:01
----------------------------------------
Total hill visits: 169
Total prediction errors: 641
Total search depth: 6119900
Total times memory accessed: 21819382
Total times 24 >= t < 49: 24
Total times 49 >= t < 74: 5
Total times 74 >= t < 99: 4
Total times t == 99: 0
Total time steps survived: 3057
Total runtime so far (hours/minutes/seconds): 18:24:38
----------------------------------------

----------------------------------------
TRIAL 103 STARTED
----------------------------------------
Start Time: 2024-05-02 13:39:53
TRIAL 103 COMPLETE ✔
End Time: 2024-05-02 13:55:35
Total runtime for this trial (minutes/seconds): 15:41
----------------------------------------
Total hill visits: 170
Total prediction errors: 644
Total search depth: 6197526
Total times memory accessed: 22086295
Total times 24 >= t < 49: 24
Total times 49 >= t < 74: 5
Total times 74 >= t < 99: 4
Total times t == 99: 0
Total time steps survived: 3077
Total runtime so far (hours/minutes/seconds): 18:40:20
----------------------------------------

----------------------------------------
TRIAL 104 STARTED
----------------------------------------
Start Time: 2024-05-02 13:55:35
TRIAL 104 COMPLETE ✔
End Time: 2024-05-02 14:22:30
Total runtime for this trial (minutes/seconds): 26:55
----------------------------------------
Total hill visits: 172
Total prediction errors: 651
Total search depth: 6341444
Total times memory accessed: 22540831
Total times 24 >= t < 49: 24
Total times 49 >= t < 74: 6
Total times 74 >= t < 99: 4
Total times t == 99: 0
Total time steps survived: 3138
Total runtime so far (hours/minutes/seconds): 19:07:15
----------------------------------------

----------------------------------------
TRIAL 105 STARTED
----------------------------------------
Start Time: 2024-05-02 14:22:30
TRIAL 105 COMPLETE ✔
End Time: 2024-05-02 14:34:07
Total runtime for this trial (minutes/seconds): 11:36
----------------------------------------
Total hill visits: 173
Total prediction errors: 655
Total search depth: 6403837
Total times memory accessed: 22761080
Total times 24 >= t < 49: 25
Total times 49 >= t < 74: 6
Total times 74 >= t < 99: 4
Total times t == 99: 0
Total time steps survived: 3168
Total runtime so far (hours/minutes/seconds): 19:18:52
----------------------------------------

----------------------------------------
TRIAL 106 STARTED
----------------------------------------
Start Time: 2024-05-02 14:34:07
TRIAL 106 COMPLETE ✔
End Time: 2024-05-02 15:21:21
Total runtime for this trial (minutes/seconds): 47:14
----------------------------------------
Total hill visits: 177
Total prediction errors: 668
Total search depth: 6684550
Total times memory accessed: 23696112
Total times 24 >= t < 49: 25
Total times 49 >= t < 74: 6
Total times 74 >= t < 99: 5
Total times t == 99: 0
Total time steps survived: 3262
Total runtime so far (hours/minutes/seconds): 20:06:06
----------------------------------------

----------------------------------------
TRIAL 107 STARTED
----------------------------------------
Start Time: 2024-05-02 15:21:21
TRIAL 107 COMPLETE ✔
End Time: 2024-05-02 15:36:35
Total runtime for this trial (minutes/seconds): 15:13
----------------------------------------
Total hill visits: 179
Total prediction errors: 672
Total search depth: 6780425
Total times memory accessed: 24003462
Total times 24 >= t < 49: 26
Total times 49 >= t < 74: 6
Total times 74 >= t < 99: 5
Total times t == 99: 0
Total time steps survived: 3302
Total runtime so far (hours/minutes/seconds): 20:21:19
----------------------------------------

----------------------------------------
TRIAL 108 STARTED
----------------------------------------
Start Time: 2024-05-02 15:36:35
TRIAL 108 COMPLETE ✔
End Time: 2024-05-02 16:26:00
Total runtime for this trial (minutes/seconds): 49:25
----------------------------------------
Total hill visits: 181
Total prediction errors: 688
Total search depth: 7052028
Total times memory accessed: 24962066
Total times 24 >= t < 49: 27
Total times 49 >= t < 74: 6
Total times 74 >= t < 99: 5
Total times t == 99: 0
Total time steps survived: 3344
Total runtime so far (hours/minutes/seconds): 21:10:45
----------------------------------------

----------------------------------------
TRIAL 109 STARTED
----------------------------------------
Start Time: 2024-05-02 16:26:00
TRIAL 109 COMPLETE ✔
End Time: 2024-05-02 17:08:48
Total runtime for this trial (minutes/seconds): 42:48
----------------------------------------
Total hill visits: 183
Total prediction errors: 701
Total search depth: 7297884
Total times memory accessed: 25786659
Total times 24 >= t < 49: 27
Total times 49 >= t < 74: 6
Total times 74 >= t < 99: 6
Total times t == 99: 0
Total time steps survived: 3438
Total runtime so far (hours/minutes/seconds): 21:53:33
----------------------------------------

----------------------------------------
TRIAL 110 STARTED
----------------------------------------
Start Time: 2024-05-02 17:08:48
TRIAL 110 COMPLETE ✔
End Time: 2024-05-02 17:36:06
Total runtime for this trial (minutes/seconds): 27:18
----------------------------------------
Total hill visits: 185
Total prediction errors: 708
Total search depth: 7460405
Total times memory accessed: 26290435
Total times 24 >= t < 49: 27
Total times 49 >= t < 74: 6
Total times 74 >= t < 99: 6
Total times t == 99: 0
Total time steps survived: 3537
Total runtime so far (hours/minutes/seconds): 22:20:51
----------------------------------------

----------------------------------------
TRIAL 111 STARTED
----------------------------------------
Start Time: 2024-05-02 17:36:06
TRIAL 111 COMPLETE ✔
End Time: 2024-05-02 18:19:38
Total runtime for this trial (minutes/seconds): 43:31
----------------------------------------
Total hill visits: 187
Total prediction errors: 718
Total search depth: 7720019
Total times memory accessed: 27118601
Total times 24 >= t < 49: 27
Total times 49 >= t < 74: 6
Total times 74 >= t < 99: 6
Total times t == 99: 0
Total time steps survived: 3636
Total runtime so far (hours/minutes/seconds): 23:04:22
----------------------------------------

----------------------------------------
TRIAL 112 STARTED
----------------------------------------
Start Time: 2024-05-02 18:19:38
TRIAL 112 COMPLETE ✔
End Time: 2024-05-02 19:03:47
Total runtime for this trial (minutes/seconds): 44:09
----------------------------------------
Total hill visits: 189
Total prediction errors: 726
Total search depth: 8012320
Total times memory accessed: 28087669
Total times 24 >= t < 49: 27
Total times 49 >= t < 74: 6
Total times 74 >= t < 99: 6
Total times t == 99: 0
Total time steps survived: 3735
Total runtime so far (hours/minutes/seconds): 23:48:32
----------------------------------------

----------------------------------------
TRIAL 113 STARTED
----------------------------------------
Start Time: 2024-05-02 19:03:47
TRIAL 113 COMPLETE ✔
End Time: 2024-05-02 19:11:19
Total runtime for this trial (minutes/seconds): 07:31
----------------------------------------
Total hill visits: 190
Total prediction errors: 731
Total search depth: 8075530
Total times memory accessed: 28291205
Total times 24 >= t < 49: 28
Total times 49 >= t < 74: 6
Total times 74 >= t < 99: 6
Total times t == 99: 0
Total time steps survived: 3779
Total runtime so far (hours/minutes/seconds): 23:56:03
----------------------------------------

----------------------------------------
TRIAL 114 STARTED
----------------------------------------
Start Time: 2024-05-02 19:11:19
TRIAL 114 COMPLETE ✔
End Time: 2024-05-02 19:49:57
Total runtime for this trial (minutes/seconds): 38:37
----------------------------------------
Total hill visits: 192
Total prediction errors: 741
Total search depth: 8376597
Total times memory accessed: 29282874
Total times 24 >= t < 49: 28
Total times 49 >= t < 74: 6
Total times 74 >= t < 99: 7
Total times t == 99: 0
Total time steps survived: 3855
Total runtime so far (hours/minutes/seconds): 00:34:41
----------------------------------------

----------------------------------------
TRIAL 115 STARTED
----------------------------------------
Start Time: 2024-05-02 19:49:57
TRIAL 115 COMPLETE ✔
End Time: 2024-05-02 20:02:18
Total runtime for this trial (minutes/seconds): 12:20
----------------------------------------
Total hill visits: 193
Total prediction errors: 748
Total search depth: 8465067
Total times memory accessed: 29532757
Total times 24 >= t < 49: 29
Total times 49 >= t < 74: 6
Total times 74 >= t < 99: 7
Total times t == 99: 0
Total time steps survived: 3898
Total runtime so far (hours/minutes/seconds): 00:47:02
----------------------------------------

----------------------------------------
TRIAL 116 STARTED
----------------------------------------
Start Time: 2024-05-02 20:02:18
TRIAL 116 COMPLETE ✔
End Time: 2024-05-02 20:39:38
Total runtime for this trial (minutes/seconds): 37:20
----------------------------------------
Total hill visits: 194
Total prediction errors: 758
Total search depth: 8693261
Total times memory accessed: 30293036
Total times 24 >= t < 49: 29
Total times 49 >= t < 74: 7
Total times 74 >= t < 99: 7
Total times t == 99: 0
Total time steps survived: 3968
Total runtime so far (hours/minutes/seconds): 01:24:23
----------------------------------------

----------------------------------------
TRIAL 117 STARTED
----------------------------------------
Start Time: 2024-05-02 20:39:38
TRIAL 117 COMPLETE ✔
End Time: 2024-05-02 20:48:32
Total runtime for this trial (minutes/seconds): 08:53
----------------------------------------
Total hill visits: 195
Total prediction errors: 762
Total search depth: 8765422
Total times memory accessed: 30520120
Total times 24 >= t < 49: 29
Total times 49 >= t < 74: 8
Total times 74 >= t < 99: 7
Total times t == 99: 0
Total time steps survived: 4024
Total runtime so far (hours/minutes/seconds): 01:33:16
----------------------------------------

----------------------------------------
TRIAL 118 STARTED
----------------------------------------
Start Time: 2024-05-02 20:48:32
TRIAL 118 COMPLETE ✔
End Time: 2024-05-02 21:02:11
Total runtime for this trial (minutes/seconds): 13:39
----------------------------------------
Total hill visits: 196
Total prediction errors: 766
Total search depth: 8873366
Total times memory accessed: 30874843
Total times 24 >= t < 49: 30
Total times 49 >= t < 74: 8
Total times 74 >= t < 99: 7
Total times t == 99: 0
Total time steps survived: 4049
Total runtime so far (hours/minutes/seconds): 01:46:56
----------------------------------------

----------------------------------------
TRIAL 119 STARTED
----------------------------------------
Start Time: 2024-05-02 21:02:11
TRIAL 119 COMPLETE ✔
End Time: 2024-05-02 21:10:00
Total runtime for this trial (minutes/seconds): 07:48
----------------------------------------
Total hill visits: 197
Total prediction errors: 767
Total search depth: 8936978
Total times memory accessed: 31074103
Total times 24 >= t < 49: 30
Total times 49 >= t < 74: 8
Total times 74 >= t < 99: 7
Total times t == 99: 0
Total time steps survived: 4069
Total runtime so far (hours/minutes/seconds): 01:54:45
----------------------------------------

----------------------------------------
TRIAL 120 STARTED
----------------------------------------
Start Time: 2024-05-02 21:10:00
TRIAL 120 COMPLETE ✔
End Time: 2024-05-02 21:54:32
Total runtime for this trial (minutes/seconds): 44:32
----------------------------------------
Total hill visits: 200
Total prediction errors: 780
Total search depth: 9277857
Total times memory accessed: 32150801
Total times 24 >= t < 49: 30
Total times 49 >= t < 74: 8
Total times 74 >= t < 99: 7
Total times t == 99: 0
Total time steps survived: 4168
Total runtime so far (hours/minutes/seconds): 02:39:17
----------------------------------------
EXPERIMENT COMPLETE ✔.
End Time: 2024-05-02 21:54:32
TOTAL RUNTIME (hours/minutes/seconds): 02:39:17
Traceback (most recent call last):
  File "/home/grmstj001/MATLAB-experiments/Sophisticated-Learning/src/Python/main.py", line 24, in <module>
    main(algorithm=args.algorithm, seed=args.seed)
  File "/home/grmstj001/MATLAB-experiments/Sophisticated-Learning/src/Python/main.py", line 8, in main
    si_experiment(seed)
  File "/home/grmstj001/MATLAB-experiments/Sophisticated-Learning/src/Python/algorithms/sophisticated_inference/sophisticated_inference.py", line 354, in experiment
    logging.info(f"AVERAGE RUNTIME PER TIME STEP: {round_half_up((runtime.total_seconds() / total_t), 3)} seconds")
NameError: name 'round_half_up' is not defined
/var/tmp/slurmd.spool/job2116095/slurm_script: line 32: deactivatepython: command not found
