Running main with ALGORITHM=SL, SEED=19, HORIZON=2, K_FACTOR=0.7, ROOT_FOLDER=/home/grmstj001, MCT=3, NUM_MCT=100, AUTO_REST=, GRID_SIZE=5, START_POS=19, HILL=13, FOOD=(1 7 23 14), WATER=(9 8 16 11), SLEEP=(21 6 18 22)

                            < M A T L A B (R) >
                  Copyright 1984-2022 The MathWorks, Inc.
             R2022b Update 9 (9.13.0.2553342) 64-bit (glnxa64)
                               March 13, 2024

 
To get started, type doc.
For product information, visit www.mathworks.com.
 
Starting SL.

----------------------------------------
TRIAL 1 STARTED
----------------------------------------
Start Time: 2024-05-22 00:51:40
At time step 27 the agent is dead
The agent had 18 food, 19 water, and 0 sleep.
The total tree search depth for this trial was 54992. 
The agent accessed its memory 1002810 times. 
The agent cleared its short-term memory 16 times. 
     State prediction error memory resets: 4. 
     Hill memory resets: 12. 
TRIAL 1 COMPLETE ?
End Time: 2024-05-22 00:52:43
Total runtime for this trial (minutes/seconds): 01:03
----------------------------------------
Total hill visits: 12. 
Total prediction errors: 4. 
Total search depth: 54992. 
Total times memory accessed: 1002810. 
Total times 25 >= t <= 50: 1. 
Total times 50 >= t <= 75: 0. 
Total times 75 >= t <= 100: 0. 
Total times t == 100: 0. 
Total time steps survived: 28. 
Total runtime so far (hours/minutes/seconds): 00:01:03
----------------------------------------

----------------------------------------
TRIAL 2 STARTED
----------------------------------------
Start Time: 2024-05-22 00:52:42
At time step 26 the agent is dead
The agent had 17 food, 18 water, and 0 sleep.
The total tree search depth for this trial was 91006. 
The agent accessed its memory 1551590 times. 
The agent cleared its short-term memory 20 times. 
     State prediction error memory resets: 8. 
     Hill memory resets: 12. 
TRIAL 2 COMPLETE ?
End Time: 2024-05-22 00:55:18
Total runtime for this trial (minutes/seconds): 02:36
----------------------------------------
Total hill visits: 24. 
Total prediction errors: 12. 
Total search depth: 145998. 
Total times memory accessed: 2554400. 
Total times 25 >= t <= 50: 2. 
Total times 50 >= t <= 75: 0. 
Total times 75 >= t <= 100: 0. 
Total times t == 100: 0. 
Total time steps survived: 55. 
Total runtime so far (hours/minutes/seconds): 00:03:38
----------------------------------------

----------------------------------------
TRIAL 3 STARTED
----------------------------------------
Start Time: 2024-05-22 00:55:17
At time step 99 the agent is dead
The agent had 14 food, 3 water, and 12 sleep.
The total tree search depth for this trial was 682878. 
The agent accessed its memory 11362845 times. 
The agent cleared its short-term memory 69 times. 
     State prediction error memory resets: 16. 
     Hill memory resets: 53. 
TRIAL 3 COMPLETE ?
End Time: 2024-05-22 01:17:09
Total runtime for this trial (minutes/seconds): 21:52
----------------------------------------
Total hill visits: 77. 
Total prediction errors: 28. 
Total search depth: 828876. 
Total times memory accessed: 13917245. 
Total times 25 >= t <= 50: 2. 
Total times 50 >= t <= 75: 0. 
Total times 75 >= t <= 100: 0. 
Total times t == 100: 1. 
Total time steps survived: 155. 
Total runtime so far (hours/minutes/seconds): 00:25:29
----------------------------------------

----------------------------------------
TRIAL 4 STARTED
----------------------------------------
Start Time: 2024-05-22 01:17:08
At time step 99 the agent is dead
The agent had 9 food, 20 water, and 20 sleep.
The total tree search depth for this trial was 1160455. 
The agent accessed its memory 18810400 times. 
The agent cleared its short-term memory 73 times. 
     State prediction error memory resets: 7. 
     Hill memory resets: 66. 
TRIAL 4 COMPLETE ?
End Time: 2024-05-22 01:58:57
Total runtime for this trial (minutes/seconds): 41:49
----------------------------------------
Total hill visits: 143. 
Total prediction errors: 35. 
Total search depth: 1989331. 
Total times memory accessed: 32727645. 
Total times 25 >= t <= 50: 2. 
Total times 50 >= t <= 75: 0. 
Total times 75 >= t <= 100: 0. 
Total times t == 100: 2. 
Total time steps survived: 255. 
Total runtime so far (hours/minutes/seconds): 01:07:17
----------------------------------------

----------------------------------------
TRIAL 5 STARTED
----------------------------------------
Start Time: 2024-05-22 01:58:56
At time step 99 the agent is dead
The agent had 18 food, 7 water, and 10 sleep.
The total tree search depth for this trial was 1317413. 
The agent accessed its memory 21493661 times. 
The agent cleared its short-term memory 80 times. 
     State prediction error memory resets: 2. 
     Hill memory resets: 78. 
TRIAL 5 COMPLETE ?
End Time: 2024-05-22 02:45:16
Total runtime for this trial (minutes/seconds): 46:20
----------------------------------------
Total hill visits: 221. 
Total prediction errors: 37. 
Total search depth: 3306744. 
Total times memory accessed: 54221306. 
Total times 25 >= t <= 50: 2. 
Total times 50 >= t <= 75: 0. 
Total times 75 >= t <= 100: 0. 
Total times t == 100: 3. 
Total time steps survived: 355. 
Total runtime so far (hours/minutes/seconds): 01:53:36
----------------------------------------

----------------------------------------
TRIAL 6 STARTED
----------------------------------------
Start Time: 2024-05-22 02:45:15
At time step 99 the agent is dead
The agent had 10 food, 19 water, and 15 sleep.
The total tree search depth for this trial was 1313506. 
The agent accessed its memory 21558696 times. 
The agent cleared its short-term memory 84 times. 
     State prediction error memory resets: 6. 
     Hill memory resets: 78. 
TRIAL 6 COMPLETE ?
End Time: 2024-05-22 03:30:19
Total runtime for this trial (minutes/seconds): 45:04
----------------------------------------
Total hill visits: 299. 
Total prediction errors: 43. 
Total search depth: 4620250. 
Total times memory accessed: 75780002. 
Total times 25 >= t <= 50: 2. 
Total times 50 >= t <= 75: 0. 
Total times 75 >= t <= 100: 0. 
Total times t == 100: 4. 
Total time steps survived: 455. 
Total runtime so far (hours/minutes/seconds): 02:38:39
----------------------------------------

----------------------------------------
TRIAL 7 STARTED
----------------------------------------
Start Time: 2024-05-22 03:30:18
At time step 99 the agent is dead
The agent had 8 food, 14 water, and 24 sleep.
The total tree search depth for this trial was 1107877. 
The agent accessed its memory 18152817 times. 
The agent cleared its short-term memory 82 times. 
     State prediction error memory resets: 3. 
     Hill memory resets: 79. 
TRIAL 7 COMPLETE ?
End Time: 2024-05-22 04:08:36
Total runtime for this trial (minutes/seconds): 38:18
----------------------------------------
Total hill visits: 378. 
Total prediction errors: 46. 
Total search depth: 5728127. 
Total times memory accessed: 93932819. 
Total times 25 >= t <= 50: 2. 
Total times 50 >= t <= 75: 0. 
Total times 75 >= t <= 100: 0. 
Total times t == 100: 5. 
Total time steps survived: 555. 
Total runtime so far (hours/minutes/seconds): 03:16:56
----------------------------------------

----------------------------------------
TRIAL 8 STARTED
----------------------------------------
Start Time: 2024-05-22 04:08:35
At time step 99 the agent is dead
The agent had 21 food, 3 water, and 23 sleep.
The total tree search depth for this trial was 848529. 
The agent accessed its memory 13957654 times. 
The agent cleared its short-term memory 67 times. 
     State prediction error memory resets: 4. 
     Hill memory resets: 63. 
TRIAL 8 COMPLETE ?
End Time: 2024-05-22 04:37:24
Total runtime for this trial (minutes/seconds): 28:49
----------------------------------------
Total hill visits: 441. 
Total prediction errors: 50. 
Total search depth: 6576656. 
Total times memory accessed: 107890473. 
Total times 25 >= t <= 50: 2. 
Total times 50 >= t <= 75: 0. 
Total times 75 >= t <= 100: 0. 
Total times t == 100: 6. 
Total time steps survived: 655. 
Total runtime so far (hours/minutes/seconds): 03:45:44
----------------------------------------

----------------------------------------
TRIAL 9 STARTED
----------------------------------------
Start Time: 2024-05-22 04:37:23
At time step 99 the agent is dead
The agent had 10 food, 12 water, and 20 sleep.
The total tree search depth for this trial was 1272366. 
The agent accessed its memory 20945548 times. 
The agent cleared its short-term memory 84 times. 
     State prediction error memory resets: 6. 
     Hill memory resets: 78. 
TRIAL 9 COMPLETE ?
End Time: 2024-05-22 05:20:28
Total runtime for this trial (minutes/seconds): 43:05
----------------------------------------
Total hill visits: 519. 
Total prediction errors: 56. 
Total search depth: 7849022. 
Total times memory accessed: 128836021. 
Total times 25 >= t <= 50: 2. 
Total times 50 >= t <= 75: 0. 
Total times 75 >= t <= 100: 0. 
Total times t == 100: 7. 
Total time steps survived: 755. 
Total runtime so far (hours/minutes/seconds): 04:28:48
----------------------------------------

----------------------------------------
TRIAL 10 STARTED
----------------------------------------
Start Time: 2024-05-22 05:20:27
At time step 99 the agent is dead
The agent had 21 food, 15 water, and 11 sleep.
The total tree search depth for this trial was 1212652. 
The agent accessed its memory 20099358 times. 
The agent cleared its short-term memory 88 times. 
     State prediction error memory resets: 7. 
     Hill memory resets: 81. 
TRIAL 10 COMPLETE ?
End Time: 2024-05-22 06:00:16
Total runtime for this trial (minutes/seconds): 39:49
----------------------------------------
Total hill visits: 600. 
Total prediction errors: 63. 
Total search depth: 9061674. 
Total times memory accessed: 148935379. 
Total times 25 >= t <= 50: 2. 
Total times 50 >= t <= 75: 0. 
Total times 75 >= t <= 100: 0. 
Total times t == 100: 8. 
Total time steps survived: 855. 
Total runtime so far (hours/minutes/seconds): 05:08:36
----------------------------------------

----------------------------------------
TRIAL 11 STARTED
----------------------------------------
Start Time: 2024-05-22 06:00:15
At time step 99 the agent is dead
The agent had 22 food, 6 water, and 18 sleep.
The total tree search depth for this trial was 1233888. 
The agent accessed its memory 20498969 times. 
The agent cleared its short-term memory 82 times. 
     State prediction error memory resets: 2. 
     Hill memory resets: 80. 
TRIAL 11 COMPLETE ?
End Time: 2024-05-22 06:40:21
Total runtime for this trial (minutes/seconds): 40:06
----------------------------------------
Total hill visits: 680. 
Total prediction errors: 65. 
Total search depth: 10295562. 
Total times memory accessed: 169434348. 
Total times 25 >= t <= 50: 2. 
Total times 50 >= t <= 75: 0. 
Total times 75 >= t <= 100: 0. 
Total times t == 100: 9. 
Total time steps survived: 955. 
Total runtime so far (hours/minutes/seconds): 05:48:41
----------------------------------------

----------------------------------------
TRIAL 12 STARTED
----------------------------------------
Start Time: 2024-05-22 06:40:20
At time step 99 the agent is dead
The agent had 19 food, 13 water, and 16 sleep.
The total tree search depth for this trial was 1239196. 
The agent accessed its memory 20437823 times. 
The agent cleared its short-term memory 81 times. 
     State prediction error memory resets: 2. 
     Hill memory resets: 79. 
TRIAL 12 COMPLETE ?
End Time: 2024-05-22 07:21:55
Total runtime for this trial (minutes/seconds): 41:35
----------------------------------------
Total hill visits: 759. 
Total prediction errors: 67. 
Total search depth: 11534758. 
Total times memory accessed: 189872171. 
Total times 25 >= t <= 50: 2. 
Total times 50 >= t <= 75: 0. 
Total times 75 >= t <= 100: 0. 
Total times t == 100: 10. 
Total time steps survived: 1055. 
Total runtime so far (hours/minutes/seconds): 06:30:15
----------------------------------------

----------------------------------------
TRIAL 13 STARTED
----------------------------------------
Start Time: 2024-05-22 07:21:54
At time step 99 the agent is dead
The agent had 13 food, 18 water, and 18 sleep.
The total tree search depth for this trial was 1425771. 
The agent accessed its memory 22962124 times. 
The agent cleared its short-term memory 80 times. 
     State prediction error memory resets: 1. 
     Hill memory resets: 79. 
TRIAL 13 COMPLETE ?
End Time: 2024-05-22 08:14:49
Total runtime for this trial (minutes/seconds): 52:55
----------------------------------------
Total hill visits: 838. 
Total prediction errors: 68. 
Total search depth: 12960529. 
Total times memory accessed: 212834295. 
Total times 25 >= t <= 50: 2. 
Total times 50 >= t <= 75: 0. 
Total times 75 >= t <= 100: 0. 
Total times t == 100: 11. 
Total time steps survived: 1155. 
Total runtime so far (hours/minutes/seconds): 07:23:09
----------------------------------------

----------------------------------------
TRIAL 14 STARTED
----------------------------------------
Start Time: 2024-05-22 08:14:48
At time step 99 the agent is dead
The agent had 18 food, 20 water, and 17 sleep.
The total tree search depth for this trial was 1437423. 
The agent accessed its memory 23207351 times. 
The agent cleared its short-term memory 82 times. 
     State prediction error memory resets: 2. 
     Hill memory resets: 80. 
TRIAL 14 COMPLETE ?
End Time: 2024-05-22 09:07:38
Total runtime for this trial (minutes/seconds): 52:50
----------------------------------------
Total hill visits: 918. 
Total prediction errors: 70. 
Total search depth: 14397952. 
Total times memory accessed: 236041646. 
Total times 25 >= t <= 50: 2. 
Total times 50 >= t <= 75: 0. 
Total times 75 >= t <= 100: 0. 
Total times t == 100: 12. 
Total time steps survived: 1255. 
Total runtime so far (hours/minutes/seconds): 08:15:58
----------------------------------------

----------------------------------------
TRIAL 15 STARTED
----------------------------------------
Start Time: 2024-05-22 09:07:37
At time step 99 the agent is dead
The agent had 12 food, 14 water, and 23 sleep.
The total tree search depth for this trial was 1431657. 
The agent accessed its memory 23307969 times. 
The agent cleared its short-term memory 84 times. 
     State prediction error memory resets: 6. 
     Hill memory resets: 78. 
TRIAL 15 COMPLETE ?
End Time: 2024-05-22 09:58:23
Total runtime for this trial (minutes/seconds): 50:46
----------------------------------------
Total hill visits: 996. 
Total prediction errors: 76. 
Total search depth: 15829609. 
Total times memory accessed: 259349615. 
Total times 25 >= t <= 50: 2. 
Total times 50 >= t <= 75: 0. 
Total times 75 >= t <= 100: 0. 
Total times t == 100: 13. 
Total time steps survived: 1355. 
Total runtime so far (hours/minutes/seconds): 09:06:43
----------------------------------------

----------------------------------------
TRIAL 16 STARTED
----------------------------------------
Start Time: 2024-05-22 09:58:22
At time step 99 the agent is dead
The agent had 7 food, 19 water, and 14 sleep.
The total tree search depth for this trial was 1865205. 
The agent accessed its memory 30567196 times. 
The agent cleared its short-term memory 82 times. 
     State prediction error memory resets: 6. 
     Hill memory resets: 76. 
TRIAL 16 COMPLETE ?
End Time: 2024-05-22 11:01:40
Total runtime for this trial (minutes/seconds): 03:18
----------------------------------------
Total hill visits: 1072. 
Total prediction errors: 82. 
Total search depth: 17694814. 
Total times memory accessed: 289916811. 
Total times 25 >= t <= 50: 2. 
Total times 50 >= t <= 75: 0. 
Total times 75 >= t <= 100: 0. 
Total times t == 100: 14. 
Total time steps survived: 1455. 
Total runtime so far (hours/minutes/seconds): 10:10:00
----------------------------------------

----------------------------------------
TRIAL 17 STARTED
----------------------------------------
Start Time: 2024-05-22 11:01:39
At time step 99 the agent is dead
The agent had 4 food, 6 water, and 25 sleep.
The total tree search depth for this trial was 1527755. 
The agent accessed its memory 24996750 times. 
The agent cleared its short-term memory 86 times. 
     State prediction error memory resets: 3. 
     Hill memory resets: 83. 
TRIAL 17 COMPLETE ?
End Time: 2024-05-22 11:53:50
Total runtime for this trial (minutes/seconds): 52:11
----------------------------------------
Total hill visits: 1155. 
Total prediction errors: 85. 
Total search depth: 19222569. 
Total times memory accessed: 314913561. 
Total times 25 >= t <= 50: 2. 
Total times 50 >= t <= 75: 0. 
Total times 75 >= t <= 100: 0. 
Total times t == 100: 15. 
Total time steps survived: 1555. 
Total runtime so far (hours/minutes/seconds): 11:02:10
----------------------------------------

----------------------------------------
TRIAL 18 STARTED
----------------------------------------
Start Time: 2024-05-22 11:53:49
At time step 99 the agent is dead
The agent had 6 food, 14 water, and 22 sleep.
The total tree search depth for this trial was 1634134. 
The agent accessed its memory 26824517 times. 
The agent cleared its short-term memory 84 times. 
     State prediction error memory resets: 5. 
     Hill memory resets: 79. 
TRIAL 18 COMPLETE ?
End Time: 2024-05-22 12:48:56
Total runtime for this trial (minutes/seconds): 55:07
----------------------------------------
Total hill visits: 1234. 
Total prediction errors: 90. 
Total search depth: 20856703. 
Total times memory accessed: 341738078. 
Total times 25 >= t <= 50: 2. 
Total times 50 >= t <= 75: 0. 
Total times 75 >= t <= 100: 0. 
Total times t == 100: 16. 
Total time steps survived: 1655. 
Total runtime so far (hours/minutes/seconds): 11:57:16
----------------------------------------

----------------------------------------
TRIAL 19 STARTED
----------------------------------------
Start Time: 2024-05-22 12:48:55
At time step 99 the agent is dead
The agent had 14 food, 15 water, and 13 sleep.
The total tree search depth for this trial was 1559899. 
The agent accessed its memory 25650192 times. 
The agent cleared its short-term memory 82 times. 
     State prediction error memory resets: 1. 
     Hill memory resets: 81. 
TRIAL 19 COMPLETE ?
End Time: 2024-05-22 13:41:08
Total runtime for this trial (minutes/seconds): 52:13
----------------------------------------
Total hill visits: 1315. 
Total prediction errors: 91. 
Total search depth: 22416602. 
Total times memory accessed: 367388270. 
Total times 25 >= t <= 50: 2. 
Total times 50 >= t <= 75: 0. 
Total times 75 >= t <= 100: 0. 
Total times t == 100: 17. 
Total time steps survived: 1755. 
Total runtime so far (hours/minutes/seconds): 12:49:28
----------------------------------------

----------------------------------------
TRIAL 20 STARTED
----------------------------------------
Start Time: 2024-05-22 13:41:07
At time step 98 the agent is dead
The agent had 11 food, 18 water, and 0 sleep.
The total tree search depth for this trial was 1447157. 
The agent accessed its memory 23812410 times. 
The agent cleared its short-term memory 84 times. 
     State prediction error memory resets: 6. 
     Hill memory resets: 78. 
TRIAL 20 COMPLETE ?
End Time: 2024-05-22 14:29:23
Total runtime for this trial (minutes/seconds): 48:16
----------------------------------------
Total hill visits: 1393. 
Total prediction errors: 97. 
Total search depth: 23863759. 
Total times memory accessed: 391200680. 
Total times 25 >= t <= 50: 2. 
Total times 50 >= t <= 75: 0. 
Total times 75 >= t <= 100: 1. 
Total times t == 100: 17. 
Total time steps survived: 1854. 
Total runtime so far (hours/minutes/seconds): 13:37:43
----------------------------------------

----------------------------------------
TRIAL 21 STARTED
----------------------------------------
Start Time: 2024-05-22 14:29:22
At time step 99 the agent is dead
The agent had 15 food, 5 water, and 3 sleep.
The total tree search depth for this trial was 1580443. 
The agent accessed its memory 25875727 times. 
The agent cleared its short-term memory 86 times. 
     State prediction error memory resets: 3. 
     Hill memory resets: 83. 
TRIAL 21 COMPLETE ?
End Time: 2024-05-22 15:23:14
Total runtime for this trial (minutes/seconds): 53:52
----------------------------------------
Total hill visits: 1476. 
Total prediction errors: 100. 
Total search depth: 25444202. 
Total times memory accessed: 417076407. 
Total times 25 >= t <= 50: 2. 
Total times 50 >= t <= 75: 0. 
Total times 75 >= t <= 100: 1. 
Total times t == 100: 18. 
Total time steps survived: 1954. 
Total runtime so far (hours/minutes/seconds): 14:31:34
----------------------------------------

----------------------------------------
TRIAL 22 STARTED
----------------------------------------
Start Time: 2024-05-22 15:23:13
At time step 99 the agent is dead
The agent had 8 food, 17 water, and 7 sleep.
The total tree search depth for this trial was 1763474. 
The agent accessed its memory 29002986 times. 
The agent cleared its short-term memory 89 times. 
     State prediction error memory resets: 7. 
     Hill memory resets: 82. 
TRIAL 22 COMPLETE ?
End Time: 2024-05-22 16:22:11
Total runtime for this trial (minutes/seconds): 58:58
----------------------------------------
Total hill visits: 1558. 
Total prediction errors: 107. 
Total search depth: 27207676. 
Total times memory accessed: 446079393. 
Total times 25 >= t <= 50: 2. 
Total times 50 >= t <= 75: 0. 
Total times 75 >= t <= 100: 1. 
Total times t == 100: 19. 
Total time steps survived: 2054. 
Total runtime so far (hours/minutes/seconds): 15:30:31
----------------------------------------

----------------------------------------
TRIAL 23 STARTED
----------------------------------------
Start Time: 2024-05-22 16:22:10
At time step 99 the agent is dead
The agent had 8 food, 20 water, and 7 sleep.
The total tree search depth for this trial was 1580745. 
The agent accessed its memory 26119080 times. 
The agent cleared its short-term memory 82 times. 
     State prediction error memory resets: 1. 
     Hill memory resets: 81. 
TRIAL 23 COMPLETE ?
End Time: 2024-05-22 17:13:58
Total runtime for this trial (minutes/seconds): 51:48
----------------------------------------
Total hill visits: 1639. 
Total prediction errors: 108. 
Total search depth: 28788421. 
Total times memory accessed: 472198473. 
Total times 25 >= t <= 50: 2. 
Total times 50 >= t <= 75: 0. 
Total times 75 >= t <= 100: 1. 
Total times t == 100: 20. 
Total time steps survived: 2154. 
Total runtime so far (hours/minutes/seconds): 16:22:18
----------------------------------------

----------------------------------------
TRIAL 24 STARTED
----------------------------------------
Start Time: 2024-05-22 17:13:57
At time step 99 the agent is dead
The agent had 8 food, 14 water, and 22 sleep.
The total tree search depth for this trial was 1665645. 
The agent accessed its memory 27421258 times. 
The agent cleared its short-term memory 82 times. 
     State prediction error memory resets: 1. 
     Hill memory resets: 81. 
TRIAL 24 COMPLETE ?
End Time: 2024-05-22 18:09:18
Total runtime for this trial (minutes/seconds): 55:21
----------------------------------------
Total hill visits: 1720. 
Total prediction errors: 109. 
Total search depth: 30454066. 
Total times memory accessed: 499619731. 
Total times 25 >= t <= 50: 2. 
Total times 50 >= t <= 75: 0. 
Total times 75 >= t <= 100: 1. 
Total times t == 100: 21. 
Total time steps survived: 2254. 
Total runtime so far (hours/minutes/seconds): 17:17:38
----------------------------------------

----------------------------------------
TRIAL 25 STARTED
----------------------------------------
Start Time: 2024-05-22 18:09:17
At time step 78 the agent is dead
The agent had 8 food, 18 water, and 0 sleep.
The total tree search depth for this trial was 1282977. 
The agent accessed its memory 21141556 times. 
The agent cleared its short-term memory 64 times. 
     State prediction error memory resets: 1. 
     Hill memory resets: 63. 
TRIAL 25 COMPLETE ?
End Time: 2024-05-22 18:51:49
Total runtime for this trial (minutes/seconds): 42:32
----------------------------------------
Total hill visits: 1783. 
Total prediction errors: 110. 
Total search depth: 31737043. 
Total times memory accessed: 520761287. 
Total times 25 >= t <= 50: 2. 
Total times 50 >= t <= 75: 0. 
Total times 75 >= t <= 100: 2. 
Total times t == 100: 21. 
Total time steps survived: 2333. 
Total runtime so far (hours/minutes/seconds): 18:00:09
----------------------------------------

----------------------------------------
TRIAL 26 STARTED
----------------------------------------
Start Time: 2024-05-22 18:51:48
At time step 99 the agent is dead
The agent had 19 food, 7 water, and 5 sleep.
The total tree search depth for this trial was 1775906. 
The agent accessed its memory 29302279 times. 
The agent cleared its short-term memory 80 times. 
     State prediction error memory resets: 2. 
     Hill memory resets: 78. 
TRIAL 26 COMPLETE ?
End Time: 2024-05-22 19:50:16
Total runtime for this trial (minutes/seconds): 58:28
----------------------------------------
Total hill visits: 1861. 
Total prediction errors: 112. 
Total search depth: 33512949. 
Total times memory accessed: 550063566. 
Total times 25 >= t <= 50: 2. 
Total times 50 >= t <= 75: 0. 
Total times 75 >= t <= 100: 2. 
Total times t == 100: 22. 
Total time steps survived: 2433. 
Total runtime so far (hours/minutes/seconds): 18:58:36
----------------------------------------

----------------------------------------
TRIAL 27 STARTED
----------------------------------------
Start Time: 2024-05-22 19:50:15
At time step 99 the agent is dead
The agent had 22 food, 13 water, and 21 sleep.
The total tree search depth for this trial was 1592643. 
The agent accessed its memory 26129048 times. 
The agent cleared its short-term memory 84 times. 
     State prediction error memory resets: 1. 
     Hill memory resets: 83. 
TRIAL 27 COMPLETE ?
End Time: 2024-05-22 20:44:04
Total runtime for this trial (minutes/seconds): 53:49
----------------------------------------
Total hill visits: 1944. 
Total prediction errors: 113. 
Total search depth: 35105592. 
Total times memory accessed: 576192614. 
Total times 25 >= t <= 50: 2. 
Total times 50 >= t <= 75: 0. 
Total times 75 >= t <= 100: 2. 
Total times t == 100: 23. 
Total time steps survived: 2533. 
Total runtime so far (hours/minutes/seconds): 19:52:24
----------------------------------------

----------------------------------------
TRIAL 28 STARTED
----------------------------------------
Start Time: 2024-05-22 20:44:03
At time step 99 the agent is dead
The agent had 12 food, 17 water, and 25 sleep.
The total tree search depth for this trial was 1599546. 
The agent accessed its memory 26197510 times. 
The agent cleared its short-term memory 85 times. 
     State prediction error memory resets: 5. 
     Hill memory resets: 80. 
TRIAL 28 COMPLETE ?
End Time: 2024-05-22 21:38:24
Total runtime for this trial (minutes/seconds): 54:21
----------------------------------------
Total hill visits: 2024. 
Total prediction errors: 118. 
Total search depth: 36705138. 
Total times memory accessed: 602390124. 
Total times 25 >= t <= 50: 2. 
Total times 50 >= t <= 75: 0. 
Total times 75 >= t <= 100: 2. 
Total times t == 100: 24. 
Total time steps survived: 2633. 
Total runtime so far (hours/minutes/seconds): 20:46:44
----------------------------------------

----------------------------------------
TRIAL 29 STARTED
----------------------------------------
Start Time: 2024-05-22 21:38:23
At time step 99 the agent is dead
The agent had 15 food, 4 water, and 21 sleep.
The total tree search depth for this trial was 1597232. 
The agent accessed its memory 26229950 times. 
The agent cleared its short-term memory 87 times. 
     State prediction error memory resets: 5. 
     Hill memory resets: 82. 
TRIAL 29 COMPLETE ?
End Time: 2024-05-22 22:32:07
Total runtime for this trial (minutes/seconds): 53:44
----------------------------------------
Total hill visits: 2106. 
Total prediction errors: 123. 
Total search depth: 38302370. 
Total times memory accessed: 628620074. 
Total times 25 >= t <= 50: 2. 
Total times 50 >= t <= 75: 0. 
Total times 75 >= t <= 100: 2. 
Total times t == 100: 25. 
Total time steps survived: 2733. 
Total runtime so far (hours/minutes/seconds): 21:40:27
----------------------------------------

----------------------------------------
TRIAL 30 STARTED
----------------------------------------
Start Time: 2024-05-22 22:32:06
At time step 99 the agent is dead
The agent had 16 food, 9 water, and 12 sleep.
The total tree search depth for this trial was 1998569. 
The agent accessed its memory 32825861 times. 
The agent cleared its short-term memory 83 times. 
     State prediction error memory resets: 2. 
     Hill memory resets: 81. 
TRIAL 30 COMPLETE ?
End Time: 2024-05-22 23:39:14
Total runtime for this trial (minutes/seconds): 07:08
----------------------------------------
Total hill visits: 2187. 
Total prediction errors: 125. 
Total search depth: 40300939. 
Total times memory accessed: 661445935. 
Total times 25 >= t <= 50: 2. 
Total times 50 >= t <= 75: 0. 
Total times 75 >= t <= 100: 2. 
Total times t == 100: 26. 
Total time steps survived: 2833. 
Total runtime so far (hours/minutes/seconds): 22:47:34
----------------------------------------

----------------------------------------
TRIAL 31 STARTED
----------------------------------------
Start Time: 2024-05-22 23:39:13
At time step 99 the agent is dead
The agent had 4 food, 12 water, and 23 sleep.
The total tree search depth for this trial was 1898887. 
The agent accessed its memory 31148797 times. 
The agent cleared its short-term memory 81 times. 
     State prediction error memory resets: 1. 
     Hill memory resets: 80. 
TRIAL 31 COMPLETE ?
End Time: 2024-05-23 00:43:18
Total runtime for this trial (minutes/seconds): 04:05
----------------------------------------
Total hill visits: 2267. 
Total prediction errors: 126. 
Total search depth: 42199826. 
Total times memory accessed: 692594732. 
Total times 25 >= t <= 50: 2. 
Total times 50 >= t <= 75: 0. 
Total times 75 >= t <= 100: 2. 
Total times t == 100: 27. 
Total time steps survived: 2933. 
Total runtime so far (hours/minutes/seconds): 23:51:38
----------------------------------------

----------------------------------------
TRIAL 32 STARTED
----------------------------------------
Start Time: 2024-05-23 00:43:17
At time step 99 the agent is dead
The agent had 13 food, 7 water, and 10 sleep.
The total tree search depth for this trial was 2085173. 
The agent accessed its memory 34441379 times. 
The agent cleared its short-term memory 84 times. 
     State prediction error memory resets: 4. 
     Hill memory resets: 80. 
TRIAL 32 COMPLETE ?
End Time: 2024-05-23 01:51:36
Total runtime for this trial (minutes/seconds): 08:19
----------------------------------------
Total hill visits: 2347. 
Total prediction errors: 130. 
Total search depth: 44284999. 
Total times memory accessed: 727036111. 
Total times 25 >= t <= 50: 2. 
Total times 50 >= t <= 75: 0. 
Total times 75 >= t <= 100: 2. 
Total times t == 100: 28. 
Total time steps survived: 3033. 
Total runtime so far (hours/minutes/seconds): 24:59:56
----------------------------------------

----------------------------------------
TRIAL 33 STARTED
----------------------------------------
Start Time: 2024-05-23 01:51:35
At time step 99 the agent is dead
The agent had 15 food, 2 water, and 11 sleep.
The total tree search depth for this trial was 1490480. 
The agent accessed its memory 24543115 times. 
The agent cleared its short-term memory 87 times. 
     State prediction error memory resets: 6. 
     Hill memory resets: 81. 
TRIAL 33 COMPLETE ?
End Time: 2024-05-23 02:41:02
Total runtime for this trial (minutes/seconds): 49:27
----------------------------------------
Total hill visits: 2428. 
Total prediction errors: 136. 
Total search depth: 45775479. 
Total times memory accessed: 751579226. 
Total times 25 >= t <= 50: 2. 
Total times 50 >= t <= 75: 0. 
Total times 75 >= t <= 100: 2. 
Total times t == 100: 29. 
Total time steps survived: 3133. 
Total runtime so far (hours/minutes/seconds): 25:49:22
----------------------------------------

----------------------------------------
TRIAL 34 STARTED
----------------------------------------
Start Time: 2024-05-23 02:41:01
At time step 99 the agent is dead
The agent had 6 food, 10 water, and 20 sleep.
The total tree search depth for this trial was 1572272. 
The agent accessed its memory 25972133 times. 
The agent cleared its short-term memory 83 times. 
     State prediction error memory resets: 1. 
     Hill memory resets: 82. 
TRIAL 34 COMPLETE ?
End Time: 2024-05-23 03:32:28
Total runtime for this trial (minutes/seconds): 51:27
----------------------------------------
Total hill visits: 2510. 
Total prediction errors: 137. 
Total search depth: 47347751. 
Total times memory accessed: 777551359. 
Total times 25 >= t <= 50: 2. 
Total times 50 >= t <= 75: 0. 
Total times 75 >= t <= 100: 2. 
Total times t == 100: 30. 
Total time steps survived: 3233. 
Total runtime so far (hours/minutes/seconds): 26:40:48
----------------------------------------

----------------------------------------
TRIAL 35 STARTED
----------------------------------------
Start Time: 2024-05-23 03:32:27
At time step 99 the agent is dead
The agent had 18 food, 18 water, and 11 sleep.
The total tree search depth for this trial was 1589086. 
The agent accessed its memory 26302348 times. 
The agent cleared its short-term memory 85 times. 
     State prediction error memory resets: 4. 
     Hill memory resets: 81. 
TRIAL 35 COMPLETE ?
End Time: 2024-05-23 04:24:02
Total runtime for this trial (minutes/seconds): 51:35
----------------------------------------
Total hill visits: 2591. 
Total prediction errors: 141. 
Total search depth: 48936837. 
Total times memory accessed: 803853707. 
Total times 25 >= t <= 50: 2. 
Total times 50 >= t <= 75: 0. 
Total times 75 >= t <= 100: 2. 
Total times t == 100: 31. 
Total time steps survived: 3333. 
Total runtime so far (hours/minutes/seconds): 27:32:22
----------------------------------------

----------------------------------------
TRIAL 36 STARTED
----------------------------------------
Start Time: 2024-05-23 04:24:01
At time step 99 the agent is dead
The agent had 16 food, 18 water, and 25 sleep.
The total tree search depth for this trial was 1990767. 
The agent accessed its memory 32442342 times. 
The agent cleared its short-term memory 83 times. 
     State prediction error memory resets: 5. 
     Hill memory resets: 78. 
TRIAL 36 COMPLETE ?
End Time: 2024-05-23 05:33:10
Total runtime for this trial (minutes/seconds): 09:09
----------------------------------------
Total hill visits: 2669. 
Total prediction errors: 146. 
Total search depth: 50927604. 
Total times memory accessed: 836296049. 
Total times 25 >= t <= 50: 2. 
Total times 50 >= t <= 75: 0. 
Total times 75 >= t <= 100: 2. 
Total times t == 100: 32. 
Total time steps survived: 3433. 
Total runtime so far (hours/minutes/seconds): 28:41:30
----------------------------------------

----------------------------------------
TRIAL 37 STARTED
----------------------------------------
Start Time: 2024-05-23 05:33:09
At time step 99 the agent is dead
The agent had 7 food, 15 water, and 15 sleep.
The total tree search depth for this trial was 1863303. 
The agent accessed its memory 30293198 times. 
The agent cleared its short-term memory 83 times. 
     State prediction error memory resets: 5. 
     Hill memory resets: 78. 
TRIAL 37 COMPLETE ?
End Time: 2024-05-23 06:38:28
Total runtime for this trial (minutes/seconds): 05:19
----------------------------------------
Total hill visits: 2747. 
Total prediction errors: 151. 
Total search depth: 52790907. 
Total times memory accessed: 866589247. 
Total times 25 >= t <= 50: 2. 
Total times 50 >= t <= 75: 0. 
Total times 75 >= t <= 100: 2. 
Total times t == 100: 33. 
Total time steps survived: 3533. 
Total runtime so far (hours/minutes/seconds): 29:46:48
----------------------------------------

----------------------------------------
TRIAL 38 STARTED
----------------------------------------
Start Time: 2024-05-23 06:38:27
At time step 99 the agent is dead
The agent had 13 food, 7 water, and 18 sleep.
The total tree search depth for this trial was 1701658. 
The agent accessed its memory 27587443 times. 
The agent cleared its short-term memory 81 times. 
     State prediction error memory resets: 4. 
     Hill memory resets: 77. 
TRIAL 38 COMPLETE ?
End Time: 2024-05-23 07:38:45
Total runtime for this trial (minutes/seconds): 00:18
----------------------------------------
Total hill visits: 2824. 
Total prediction errors: 155. 
Total search depth: 54492565. 
Total times memory accessed: 894176690. 
Total times 25 >= t <= 50: 2. 
Total times 50 >= t <= 75: 0. 
Total times 75 >= t <= 100: 2. 
Total times t == 100: 34. 
Total time steps survived: 3633. 
Total runtime so far (hours/minutes/seconds): 30:47:05
----------------------------------------

----------------------------------------
TRIAL 39 STARTED
----------------------------------------
Start Time: 2024-05-23 07:38:44
At time step 99 the agent is dead
The agent had 22 food, 5 water, and 19 sleep.
The total tree search depth for this trial was 1631077. 
The agent accessed its memory 26315113 times. 
The agent cleared its short-term memory 84 times. 
     State prediction error memory resets: 3. 
     Hill memory resets: 81. 
TRIAL 39 COMPLETE ?
End Time: 2024-05-23 08:37:41
Total runtime for this trial (minutes/seconds): 58:57
----------------------------------------
Total hill visits: 2905. 
Total prediction errors: 158. 
Total search depth: 56123642. 
Total times memory accessed: 920491803. 
Total times 25 >= t <= 50: 2. 
Total times 50 >= t <= 75: 0. 
Total times 75 >= t <= 100: 2. 
Total times t == 100: 35. 
Total time steps survived: 3733. 
Total runtime so far (hours/minutes/seconds): 31:46:01
----------------------------------------

----------------------------------------
TRIAL 40 STARTED
----------------------------------------
Start Time: 2024-05-23 08:37:40
At time step 99 the agent is dead
The agent had 9 food, 17 water, and 25 sleep.
The total tree search depth for this trial was 1413277. 
The agent accessed its memory 22830816 times. 
The agent cleared its short-term memory 89 times. 
     State prediction error memory resets: 7. 
     Hill memory resets: 82. 
TRIAL 40 COMPLETE ?
End Time: 2024-05-23 09:28:30
Total runtime for this trial (minutes/seconds): 50:50
----------------------------------------
Total hill visits: 2987. 
Total prediction errors: 165. 
Total search depth: 57536919. 
Total times memory accessed: 943322619. 
Total times 25 >= t <= 50: 2. 
Total times 50 >= t <= 75: 0. 
Total times 75 >= t <= 100: 2. 
Total times t == 100: 36. 
Total time steps survived: 3833. 
Total runtime so far (hours/minutes/seconds): 32:36:50
----------------------------------------

----------------------------------------
TRIAL 41 STARTED
----------------------------------------
Start Time: 2024-05-23 09:28:29
At time step 99 the agent is dead
The agent had 18 food, 17 water, and 24 sleep.
The total tree search depth for this trial was 1580092. 
The agent accessed its memory 25553238 times. 
The agent cleared its short-term memory 79 times. 
     State prediction error memory resets: 1. 
     Hill memory resets: 78. 
TRIAL 41 COMPLETE ?
End Time: 2024-05-23 10:25:05
Total runtime for this trial (minutes/seconds): 56:36
----------------------------------------
Total hill visits: 3065. 
Total prediction errors: 166. 
Total search depth: 59117011. 
Total times memory accessed: 968875857. 
Total times 25 >= t <= 50: 2. 
Total times 50 >= t <= 75: 0. 
Total times 75 >= t <= 100: 2. 
Total times t == 100: 37. 
Total time steps survived: 3933. 
Total runtime so far (hours/minutes/seconds): 33:33:25
----------------------------------------

----------------------------------------
TRIAL 42 STARTED
----------------------------------------
Start Time: 2024-05-23 10:25:04
At time step 99 the agent is dead
The agent had 8 food, 17 water, and 18 sleep.
The total tree search depth for this trial was 1471328. 
The agent accessed its memory 23774411 times. 
The agent cleared its short-term memory 82 times. 
     State prediction error memory resets: 1. 
     Hill memory resets: 81. 
TRIAL 42 COMPLETE ?
End Time: 2024-05-23 11:17:57
Total runtime for this trial (minutes/seconds): 52:53
----------------------------------------
Total hill visits: 3146. 
Total prediction errors: 167. 
Total search depth: 60588339. 
Total times memory accessed: 992650268. 
Total times 25 >= t <= 50: 2. 
Total times 50 >= t <= 75: 0. 
Total times 75 >= t <= 100: 2. 
Total times t == 100: 38. 
Total time steps survived: 4033. 
Total runtime so far (hours/minutes/seconds): 34:26:17
----------------------------------------

----------------------------------------
TRIAL 43 STARTED
----------------------------------------
Start Time: 2024-05-23 11:17:56
At time step 99 the agent is dead
The agent had 20 food, 12 water, and 7 sleep.
The total tree search depth for this trial was 1468733. 
The agent accessed its memory 23600466 times. 
The agent cleared its short-term memory 83 times. 
     State prediction error memory resets: 1. 
     Hill memory resets: 82. 
TRIAL 43 COMPLETE ?
End Time: 2024-05-23 12:11:55
Total runtime for this trial (minutes/seconds): 53:59
----------------------------------------
Total hill visits: 3228. 
Total prediction errors: 168. 
Total search depth: 62057072. 
Total times memory accessed: 1016250734. 
Total times 25 >= t <= 50: 2. 
Total times 50 >= t <= 75: 0. 
Total times 75 >= t <= 100: 2. 
Total times t == 100: 39. 
Total time steps survived: 4133. 
Total runtime so far (hours/minutes/seconds): 35:20:15
----------------------------------------

----------------------------------------
TRIAL 44 STARTED
----------------------------------------
Start Time: 2024-05-23 12:11:54
At time step 99 the agent is dead
The agent had 10 food, 17 water, and 24 sleep.
The total tree search depth for this trial was 1500831. 
The agent accessed its memory 24298206 times. 
The agent cleared its short-term memory 82 times. 
     State prediction error memory resets: 3. 
     Hill memory resets: 79. 
TRIAL 44 COMPLETE ?
End Time: 2024-05-23 13:05:24
Total runtime for this trial (minutes/seconds): 53:30
----------------------------------------
Total hill visits: 3307. 
Total prediction errors: 171. 
Total search depth: 63557903. 
Total times memory accessed: 1040548940. 
Total times 25 >= t <= 50: 2. 
Total times 50 >= t <= 75: 0. 
Total times 75 >= t <= 100: 2. 
Total times t == 100: 40. 
Total time steps survived: 4233. 
Total runtime so far (hours/minutes/seconds): 36:13:44
----------------------------------------

----------------------------------------
TRIAL 45 STARTED
----------------------------------------
Start Time: 2024-05-23 13:05:23
At time step 55 the agent is dead
The agent had 11 food, 20 water, and 0 sleep.
The total tree search depth for this trial was 828547. 
The agent accessed its memory 13228950 times. 
The agent cleared its short-term memory 48 times. 
     State prediction error memory resets: 2. 
     Hill memory resets: 46. 
TRIAL 45 COMPLETE ?
End Time: 2024-05-23 13:36:35
Total runtime for this trial (minutes/seconds): 31:12
----------------------------------------
Total hill visits: 3353. 
Total prediction errors: 173. 
Total search depth: 64386450. 
Total times memory accessed: 1053777890. 
Total times 25 >= t <= 50: 2. 
Total times 50 >= t <= 75: 1. 
Total times 75 >= t <= 100: 2. 
Total times t == 100: 40. 
Total time steps survived: 4289. 
Total runtime so far (hours/minutes/seconds): 36:44:55
----------------------------------------

----------------------------------------
TRIAL 46 STARTED
----------------------------------------
Start Time: 2024-05-23 13:36:34
At time step 99 the agent is dead
The agent had 13 food, 17 water, and 12 sleep.
The total tree search depth for this trial was 1318491. 
The agent accessed its memory 21261251 times. 
The agent cleared its short-term memory 82 times. 
     State prediction error memory resets: 1. 
     Hill memory resets: 81. 
TRIAL 46 COMPLETE ?
End Time: 2024-05-23 14:24:19
Total runtime for this trial (minutes/seconds): 47:45
----------------------------------------
Total hill visits: 3434. 
Total prediction errors: 174. 
Total search depth: 65704941. 
Total times memory accessed: 1075039141. 
Total times 25 >= t <= 50: 2. 
Total times 50 >= t <= 75: 1. 
Total times 75 >= t <= 100: 2. 
Total times t == 100: 41. 
Total time steps survived: 4389. 
Total runtime so far (hours/minutes/seconds): 37:32:39
----------------------------------------

----------------------------------------
TRIAL 47 STARTED
----------------------------------------
Start Time: 2024-05-23 14:24:18
At time step 99 the agent is dead
The agent had 22 food, 6 water, and 18 sleep.
The total tree search depth for this trial was 1723536. 
The agent accessed its memory 27786550 times. 
The agent cleared its short-term memory 85 times. 
     State prediction error memory resets: 5. 
     Hill memory resets: 80. 
TRIAL 47 COMPLETE ?
End Time: 2024-05-23 15:26:47
Total runtime for this trial (minutes/seconds): 02:29
----------------------------------------
Total hill visits: 3514. 
Total prediction errors: 179. 
Total search depth: 67428477. 
Total times memory accessed: 1102825691. 
Total times 25 >= t <= 50: 2. 
Total times 50 >= t <= 75: 1. 
Total times 75 >= t <= 100: 2. 
Total times t == 100: 42. 
Total time steps survived: 4489. 
Total runtime so far (hours/minutes/seconds): 38:35:07
----------------------------------------

----------------------------------------
TRIAL 48 STARTED
----------------------------------------
Start Time: 2024-05-23 15:26:46
At time step 99 the agent is dead
The agent had 16 food, 15 water, and 6 sleep.
The total tree search depth for this trial was 1888051. 
The agent accessed its memory 30630765 times. 
The agent cleared its short-term memory 82 times. 
     State prediction error memory resets: 5. 
     Hill memory resets: 77. 
TRIAL 48 COMPLETE ?
End Time: 2024-05-23 16:33:28
Total runtime for this trial (minutes/seconds): 06:42
----------------------------------------
Total hill visits: 3591. 
Total prediction errors: 184. 
Total search depth: 69316528. 
Total times memory accessed: 1133456456. 
Total times 25 >= t <= 50: 2. 
Total times 50 >= t <= 75: 1. 
Total times 75 >= t <= 100: 2. 
Total times t == 100: 43. 
Total time steps survived: 4589. 
Total runtime so far (hours/minutes/seconds): 39:41:48
----------------------------------------

----------------------------------------
TRIAL 49 STARTED
----------------------------------------
Start Time: 2024-05-23 16:33:27
At time step 99 the agent is dead
The agent had 18 food, 14 water, and 14 sleep.
The total tree search depth for this trial was 1696142. 
The agent accessed its memory 27475341 times. 
The agent cleared its short-term memory 84 times. 
     State prediction error memory resets: 4. 
     Hill memory resets: 80. 
TRIAL 49 COMPLETE ?
End Time: 2024-05-23 17:33:47
Total runtime for this trial (minutes/seconds): 00:20
----------------------------------------
Total hill visits: 3671. 
Total prediction errors: 188. 
Total search depth: 71012670. 
Total times memory accessed: 1160931797. 
Total times 25 >= t <= 50: 2. 
Total times 50 >= t <= 75: 1. 
Total times 75 >= t <= 100: 2. 
Total times t == 100: 44. 
Total time steps survived: 4689. 
Total runtime so far (hours/minutes/seconds): 40:42:07
----------------------------------------

----------------------------------------
TRIAL 50 STARTED
----------------------------------------
Start Time: 2024-05-23 17:33:46
At time step 99 the agent is dead
The agent had 20 food, 19 water, and 5 sleep.
The total tree search depth for this trial was 1520358. 
The agent accessed its memory 24586302 times. 
The agent cleared its short-term memory 82 times. 
     State prediction error memory resets: 3. 
     Hill memory resets: 79. 
TRIAL 50 COMPLETE ?
End Time: 2024-05-23 18:28:11
Total runtime for this trial (minutes/seconds): 54:25
----------------------------------------
Total hill visits: 3750. 
Total prediction errors: 191. 
Total search depth: 72533028. 
Total times memory accessed: 1185518099. 
Total times 25 >= t <= 50: 2. 
Total times 50 >= t <= 75: 1. 
Total times 75 >= t <= 100: 2. 
Total times t == 100: 45. 
Total time steps survived: 4789. 
Total runtime so far (hours/minutes/seconds): 41:36:31
----------------------------------------

----------------------------------------
TRIAL 51 STARTED
----------------------------------------
Start Time: 2024-05-23 18:28:10
At time step 99 the agent is dead
The agent had 15 food, 9 water, and 10 sleep.
The total tree search depth for this trial was 1721204. 
The agent accessed its memory 27909469 times. 
The agent cleared its short-term memory 86 times. 
     State prediction error memory resets: 6. 
     Hill memory resets: 80. 
TRIAL 51 COMPLETE ?
End Time: 2024-05-23 19:29:11
Total runtime for this trial (minutes/seconds): 01:01
----------------------------------------
Total hill visits: 3830. 
Total prediction errors: 197. 
Total search depth: 74254232. 
Total times memory accessed: 1213427568. 
Total times 25 >= t <= 50: 2. 
Total times 50 >= t <= 75: 1. 
Total times 75 >= t <= 100: 2. 
Total times t == 100: 46. 
Total time steps survived: 4889. 
Total runtime so far (hours/minutes/seconds): 42:37:31
----------------------------------------

----------------------------------------
TRIAL 52 STARTED
----------------------------------------
Start Time: 2024-05-23 19:29:10
At time step 99 the agent is dead
The agent had 11 food, 14 water, and 5 sleep.
The total tree search depth for this trial was 1344556. 
The agent accessed its memory 21690022 times. 
The agent cleared its short-term memory 84 times. 
     State prediction error memory resets: 2. 
     Hill memory resets: 82. 
TRIAL 52 COMPLETE ?
End Time: 2024-05-23 20:17:45
Total runtime for this trial (minutes/seconds): 48:35
----------------------------------------
Total hill visits: 3912. 
Total prediction errors: 199. 
Total search depth: 75598788. 
Total times memory accessed: 1235117590. 
Total times 25 >= t <= 50: 2. 
Total times 50 >= t <= 75: 1. 
Total times 75 >= t <= 100: 2. 
Total times t == 100: 47. 
Total time steps survived: 4989. 
Total runtime so far (hours/minutes/seconds): 43:26:05
----------------------------------------

----------------------------------------
TRIAL 53 STARTED
----------------------------------------
Start Time: 2024-05-23 20:17:44
At time step 99 the agent is dead
The agent had 5 food, 17 water, and 24 sleep.
The total tree search depth for this trial was 1511199. 
The agent accessed its memory 24465612 times. 
The agent cleared its short-term memory 82 times. 
     State prediction error memory resets: 2. 
     Hill memory resets: 80. 
TRIAL 53 COMPLETE ?
End Time: 2024-05-23 21:11:35
Total runtime for this trial (minutes/seconds): 53:51
----------------------------------------
Total hill visits: 3992. 
Total prediction errors: 201. 
Total search depth: 77109987. 
Total times memory accessed: 1259583202. 
Total times 25 >= t <= 50: 2. 
Total times 50 >= t <= 75: 1. 
Total times 75 >= t <= 100: 2. 
Total times t == 100: 48. 
Total time steps survived: 5089. 
Total runtime so far (hours/minutes/seconds): 44:19:55
----------------------------------------

----------------------------------------
TRIAL 54 STARTED
----------------------------------------
Start Time: 2024-05-23 21:11:34
At time step 99 the agent is dead
The agent had 17 food, 17 water, and 25 sleep.
The total tree search depth for this trial was 1620965. 
The agent accessed its memory 25967997 times. 
The agent cleared its short-term memory 85 times. 
     State prediction error memory resets: 5. 
     Hill memory resets: 80. 
TRIAL 54 COMPLETE ?
End Time: 2024-05-23 22:11:49
Total runtime for this trial (minutes/seconds): 00:15
----------------------------------------
Total hill visits: 4072. 
Total prediction errors: 206. 
Total search depth: 78730952. 
Total times memory accessed: 1285551199. 
Total times 25 >= t <= 50: 2. 
Total times 50 >= t <= 75: 1. 
Total times 75 >= t <= 100: 2. 
Total times t == 100: 49. 
Total time steps survived: 5189. 
Total runtime so far (hours/minutes/seconds): 45:20:09
----------------------------------------

----------------------------------------
TRIAL 55 STARTED
----------------------------------------
Start Time: 2024-05-23 22:11:48
At time step 99 the agent is dead
The agent had 11 food, 17 water, and 24 sleep.
The total tree search depth for this trial was 1398514. 
The agent accessed its memory 22714873 times. 
The agent cleared its short-term memory 80 times. 
     State prediction error memory resets: 1. 
     Hill memory resets: 79. 
TRIAL 55 COMPLETE ?
End Time: 2024-05-23 23:00:59
Total runtime for this trial (minutes/seconds): 49:11
----------------------------------------
Total hill visits: 4151. 
Total prediction errors: 207. 
Total search depth: 80129466. 
Total times memory accessed: 1308266072. 
Total times 25 >= t <= 50: 2. 
Total times 50 >= t <= 75: 1. 
Total times 75 >= t <= 100: 2. 
Total times t == 100: 50. 
Total time steps survived: 5289. 
Total runtime so far (hours/minutes/seconds): 46:09:19
----------------------------------------

----------------------------------------
TRIAL 56 STARTED
----------------------------------------
Start Time: 2024-05-23 23:00:58
At time step 79 the agent is dead
The agent had 22 food, 18 water, and 0 sleep.
The total tree search depth for this trial was 1005564. 
The agent accessed its memory 16194521 times. 
The agent cleared its short-term memory 64 times. 
     State prediction error memory resets: 2. 
     Hill memory resets: 62. 
TRIAL 56 COMPLETE ?
End Time: 2024-05-23 23:37:36
Total runtime for this trial (minutes/seconds): 36:38
----------------------------------------
Total hill visits: 4213. 
Total prediction errors: 209. 
Total search depth: 81135030. 
Total times memory accessed: 1324460593. 
Total times 25 >= t <= 50: 2. 
Total times 50 >= t <= 75: 1. 
Total times 75 >= t <= 100: 3. 
Total times t == 100: 50. 
Total time steps survived: 5369. 
Total runtime so far (hours/minutes/seconds): 46:45:56
----------------------------------------

----------------------------------------
TRIAL 57 STARTED
----------------------------------------
Start Time: 2024-05-23 23:37:35
At time step 99 the agent is dead
The agent had 21 food, 3 water, and 10 sleep.
The total tree search depth for this trial was 2112442. 
The agent accessed its memory 34436886 times. 
The agent cleared its short-term memory 84 times. 
     State prediction error memory resets: 6. 
     Hill memory resets: 78. 
TRIAL 57 COMPLETE ?
End Time: 2024-05-24 00:50:50
Total runtime for this trial (minutes/seconds): 13:15
----------------------------------------
Total hill visits: 4291. 
Total prediction errors: 215. 
Total search depth: 83247472. 
Total times memory accessed: 1358897479. 
Total times 25 >= t <= 50: 2. 
Total times 50 >= t <= 75: 1. 
Total times 75 >= t <= 100: 3. 
Total times t == 100: 51. 
Total time steps survived: 5469. 
Total runtime so far (hours/minutes/seconds): 47:59:10
----------------------------------------

----------------------------------------
TRIAL 58 STARTED
----------------------------------------
Start Time: 2024-05-24 00:50:49
At time step 99 the agent is dead
The agent had 6 food, 17 water, and 17 sleep.
The total tree search depth for this trial was 1349202. 
The agent accessed its memory 21860537 times. 
The agent cleared its short-term memory 81 times. 
     State prediction error memory resets: 1. 
     Hill memory resets: 80. 
TRIAL 58 COMPLETE ?
End Time: 2024-05-24 01:38:44
Total runtime for this trial (minutes/seconds): 47:55
----------------------------------------
Total hill visits: 4371. 
Total prediction errors: 216. 
Total search depth: 84596674. 
Total times memory accessed: 1380758016. 
Total times 25 >= t <= 50: 2. 
Total times 50 >= t <= 75: 1. 
Total times 75 >= t <= 100: 3. 
Total times t == 100: 52. 
Total time steps survived: 5569. 
Total runtime so far (hours/minutes/seconds): 48:47:04
----------------------------------------

----------------------------------------
TRIAL 59 STARTED
----------------------------------------
Start Time: 2024-05-24 01:38:43
At time step 99 the agent is dead
The agent had 17 food, 8 water, and 2 sleep.
The total tree search depth for this trial was 1666196. 
The agent accessed its memory 27062863 times. 
The agent cleared its short-term memory 82 times. 
     State prediction error memory resets: 1. 
     Hill memory resets: 81. 
TRIAL 59 COMPLETE ?
End Time: 2024-05-24 02:37:20
Total runtime for this trial (minutes/seconds): 58:37
----------------------------------------
Total hill visits: 4452. 
Total prediction errors: 217. 
Total search depth: 86262870. 
Total times memory accessed: 1407820879. 
Total times 25 >= t <= 50: 2. 
Total times 50 >= t <= 75: 1. 
Total times 75 >= t <= 100: 3. 
Total times t == 100: 53. 
Total time steps survived: 5669. 
Total runtime so far (hours/minutes/seconds): 49:45:40
----------------------------------------

----------------------------------------
TRIAL 60 STARTED
----------------------------------------
Start Time: 2024-05-24 02:37:19
At time step 99 the agent is dead
The agent had 21 food, 7 water, and 5 sleep.
The total tree search depth for this trial was 1656066. 
The agent accessed its memory 26647199 times. 
The agent cleared its short-term memory 85 times. 
     State prediction error memory resets: 2. 
     Hill memory resets: 83. 
TRIAL 60 COMPLETE ?
End Time: 2024-05-24 03:37:54
Total runtime for this trial (minutes/seconds): 00:35
----------------------------------------
Total hill visits: 4535. 
Total prediction errors: 219. 
Total search depth: 87918936. 
Total times memory accessed: 1434468078. 
Total times 25 >= t <= 50: 2. 
Total times 50 >= t <= 75: 1. 
Total times 75 >= t <= 100: 3. 
Total times t == 100: 54. 
Total time steps survived: 5769. 
Total runtime so far (hours/minutes/seconds): 50:46:14
----------------------------------------

----------------------------------------
TRIAL 61 STARTED
----------------------------------------
Start Time: 2024-05-24 03:37:53
At time step 99 the agent is dead
The agent had 2 food, 17 water, and 7 sleep.
The total tree search depth for this trial was 1386346. 
The agent accessed its memory 22378306 times. 
The agent cleared its short-term memory 83 times. 
     State prediction error memory resets: 1. 
     Hill memory resets: 82. 
TRIAL 61 COMPLETE ?
End Time: 2024-05-24 04:27:52
Total runtime for this trial (minutes/seconds): 49:59
----------------------------------------
Total hill visits: 4617. 
Total prediction errors: 220. 
Total search depth: 89305282. 
Total times memory accessed: 1456846384. 
Total times 25 >= t <= 50: 2. 
Total times 50 >= t <= 75: 1. 
Total times 75 >= t <= 100: 3. 
Total times t == 100: 55. 
Total time steps survived: 5869. 
Total runtime so far (hours/minutes/seconds): 51:36:12
----------------------------------------

----------------------------------------
TRIAL 62 STARTED
----------------------------------------
Start Time: 2024-05-24 04:27:51
At time step 99 the agent is dead
The agent had 4 food, 17 water, and 15 sleep.
The total tree search depth for this trial was 1478029. 
The agent accessed its memory 23919765 times. 
The agent cleared its short-term memory 84 times. 
     State prediction error memory resets: 2. 
     Hill memory resets: 82. 
TRIAL 62 COMPLETE ?
End Time: 2024-05-24 05:20:35
Total runtime for this trial (minutes/seconds): 52:44
----------------------------------------
Total hill visits: 4699. 
Total prediction errors: 222. 
Total search depth: 90783311. 
Total times memory accessed: 1480766149. 
Total times 25 >= t <= 50: 2. 
Total times 50 >= t <= 75: 1. 
Total times 75 >= t <= 100: 3. 
Total times t == 100: 56. 
Total time steps survived: 5969. 
Total runtime so far (hours/minutes/seconds): 52:28:55
----------------------------------------

----------------------------------------
TRIAL 63 STARTED
----------------------------------------
Start Time: 2024-05-24 05:20:34
At time step 99 the agent is dead
The agent had 5 food, 11 water, and 25 sleep.
The total tree search depth for this trial was 1432788. 
The agent accessed its memory 23218734 times. 
The agent cleared its short-term memory 80 times. 
     State prediction error memory resets: 2. 
     Hill memory resets: 78. 
TRIAL 63 COMPLETE ?
End Time: 2024-05-24 06:11:24
Total runtime for this trial (minutes/seconds): 50:50
----------------------------------------
Total hill visits: 4777. 
Total prediction errors: 224. 
Total search depth: 92216099. 
Total times memory accessed: 1503984883. 
Total times 25 >= t <= 50: 2. 
Total times 50 >= t <= 75: 1. 
Total times 75 >= t <= 100: 3. 
Total times t == 100: 57. 
Total time steps survived: 6069. 
Total runtime so far (hours/minutes/seconds): 53:19:44
----------------------------------------

----------------------------------------
TRIAL 64 STARTED
----------------------------------------
Start Time: 2024-05-24 06:11:23
At time step 99 the agent is dead
The agent had 4 food, 19 water, and 10 sleep.
The total tree search depth for this trial was 1427896. 
The agent accessed its memory 23036937 times. 
The agent cleared its short-term memory 83 times. 
     State prediction error memory resets: 2. 
     Hill memory resets: 81. 
TRIAL 64 COMPLETE ?
End Time: 2024-05-24 07:03:00
Total runtime for this trial (minutes/seconds): 51:37
----------------------------------------
Total hill visits: 4858. 
Total prediction errors: 226. 
Total search depth: 93643995. 
Total times memory accessed: 1527021820. 
Total times 25 >= t <= 50: 2. 
Total times 50 >= t <= 75: 1. 
Total times 75 >= t <= 100: 3. 
Total times t == 100: 58. 
Total time steps survived: 6169. 
Total runtime so far (hours/minutes/seconds): 54:11:20
----------------------------------------

----------------------------------------
TRIAL 65 STARTED
----------------------------------------
Start Time: 2024-05-24 07:02:59
At time step 86 the agent is dead
The agent had 0 food, 20 water, and 23 sleep.
The total tree search depth for this trial was 1670477. 
The agent accessed its memory 26898001 times. 
The agent cleared its short-term memory 73 times. 
     State prediction error memory resets: 1. 
     Hill memory resets: 72. 
TRIAL 65 COMPLETE ?
End Time: 2024-05-24 08:03:57
Total runtime for this trial (minutes/seconds): 00:58
----------------------------------------
Total hill visits: 4930. 
Total prediction errors: 227. 
Total search depth: 95314472. 
Total times memory accessed: 1553919821. 
Total times 25 >= t <= 50: 2. 
Total times 50 >= t <= 75: 1. 
Total times 75 >= t <= 100: 4. 
Total times t == 100: 58. 
Total time steps survived: 6256. 
Total runtime so far (hours/minutes/seconds): 55:12:17
----------------------------------------

----------------------------------------
TRIAL 66 STARTED
----------------------------------------
Start Time: 2024-05-24 08:03:56
At time step 99 the agent is dead
The agent had 18 food, 2 water, and 11 sleep.
The total tree search depth for this trial was 1235783. 
The agent accessed its memory 19997169 times. 
The agent cleared its short-term memory 83 times. 
     State prediction error memory resets: 2. 
     Hill memory resets: 81. 
TRIAL 66 COMPLETE ?
End Time: 2024-05-24 08:48:03
Total runtime for this trial (minutes/seconds): 44:07
----------------------------------------
Total hill visits: 5011. 
Total prediction errors: 229. 
Total search depth: 96550255. 
Total times memory accessed: 1573916990. 
Total times 25 >= t <= 50: 2. 
Total times 50 >= t <= 75: 1. 
Total times 75 >= t <= 100: 4. 
Total times t == 100: 59. 
Total time steps survived: 6356. 
Total runtime so far (hours/minutes/seconds): 55:56:23
----------------------------------------

----------------------------------------
TRIAL 67 STARTED
----------------------------------------
Start Time: 2024-05-24 08:48:02
At time step 99 the agent is dead
The agent had 4 food, 17 water, and 10 sleep.
The total tree search depth for this trial was 1332260. 
The agent accessed its memory 21462447 times. 
The agent cleared its short-term memory 83 times. 
     State prediction error memory resets: 2. 
     Hill memory resets: 81. 
TRIAL 67 COMPLETE ?
End Time: 2024-05-24 09:36:25
Total runtime for this trial (minutes/seconds): 48:23
----------------------------------------
Total hill visits: 5092. 
Total prediction errors: 231. 
Total search depth: 97882515. 
Total times memory accessed: 1595379437. 
Total times 25 >= t <= 50: 2. 
Total times 50 >= t <= 75: 1. 
Total times 75 >= t <= 100: 4. 
Total times t == 100: 60. 
Total time steps survived: 6456. 
Total runtime so far (hours/minutes/seconds): 56:44:45
----------------------------------------

----------------------------------------
TRIAL 68 STARTED
----------------------------------------
Start Time: 2024-05-24 09:36:24
At time step 99 the agent is dead
The agent had 2 food, 14 water, and 11 sleep.
The total tree search depth for this trial was 1454657. 
The agent accessed its memory 23476180 times. 
The agent cleared its short-term memory 83 times. 
     State prediction error memory resets: 2. 
     Hill memory resets: 81. 
TRIAL 68 COMPLETE ?
End Time: 2024-05-24 10:28:55
Total runtime for this trial (minutes/seconds): 52:31
----------------------------------------
Total hill visits: 5173. 
Total prediction errors: 233. 
Total search depth: 99337172. 
Total times memory accessed: 1618855617. 
Total times 25 >= t <= 50: 2. 
Total times 50 >= t <= 75: 1. 
Total times 75 >= t <= 100: 4. 
Total times t == 100: 61. 
Total time steps survived: 6556. 
Total runtime so far (hours/minutes/seconds): 57:37:15
----------------------------------------

----------------------------------------
TRIAL 69 STARTED
----------------------------------------
Start Time: 2024-05-24 10:28:54
At time step 99 the agent is dead
The agent had 21 food, 17 water, and 5 sleep.
The total tree search depth for this trial was 1519637. 
The agent accessed its memory 24661898 times. 
The agent cleared its short-term memory 81 times. 
     State prediction error memory resets: 1. 
     Hill memory resets: 80. 
TRIAL 69 COMPLETE ?
End Time: 2024-05-24 11:22:31
Total runtime for this trial (minutes/seconds): 53:37
----------------------------------------
Total hill visits: 5253. 
Total prediction errors: 234. 
Total search depth: 100856809. 
Total times memory accessed: 1643517515. 
Total times 25 >= t <= 50: 2. 
Total times 50 >= t <= 75: 1. 
Total times 75 >= t <= 100: 4. 
Total times t == 100: 62. 
Total time steps survived: 6656. 
Total runtime so far (hours/minutes/seconds): 58:30:51
----------------------------------------

----------------------------------------
TRIAL 70 STARTED
----------------------------------------
Start Time: 2024-05-24 11:22:30
At time step 99 the agent is dead
The agent had 7 food, 17 water, and 13 sleep.
The total tree search depth for this trial was 1545696. 
The agent accessed its memory 25041365 times. 
The agent cleared its short-term memory 87 times. 
     State prediction error memory resets: 4. 
     Hill memory resets: 83. 
TRIAL 70 COMPLETE ?
End Time: 2024-05-24 12:17:28
Total runtime for this trial (minutes/seconds): 54:58
----------------------------------------
Total hill visits: 5336. 
Total prediction errors: 238. 
Total search depth: 102402505. 
Total times memory accessed: 1668558880. 
Total times 25 >= t <= 50: 2. 
Total times 50 >= t <= 75: 1. 
Total times 75 >= t <= 100: 4. 
Total times t == 100: 63. 
Total time steps survived: 6756. 
Total runtime so far (hours/minutes/seconds): 59:25:48
----------------------------------------

----------------------------------------
TRIAL 71 STARTED
----------------------------------------
Start Time: 2024-05-24 12:17:27
At time step 99 the agent is dead
The agent had 15 food, 17 water, and 8 sleep.
The total tree search depth for this trial was 1658638. 
The agent accessed its memory 26902803 times. 
The agent cleared its short-term memory 85 times. 
     State prediction error memory resets: 4. 
     Hill memory resets: 81. 
TRIAL 71 COMPLETE ?
End Time: 2024-05-24 13:16:10
Total runtime for this trial (minutes/seconds): 58:43
----------------------------------------
Total hill visits: 5417. 
Total prediction errors: 242. 
Total search depth: 104061143. 
Total times memory accessed: 1695461683. 
Total times 25 >= t <= 50: 2. 
Total times 50 >= t <= 75: 1. 
Total times 75 >= t <= 100: 4. 
Total times t == 100: 64. 
Total time steps survived: 6856. 
Total runtime so far (hours/minutes/seconds): 60:24:30
----------------------------------------

----------------------------------------
TRIAL 72 STARTED
----------------------------------------
Start Time: 2024-05-24 13:16:09
At time step 99 the agent is dead
The agent had 10 food, 18 water, and 18 sleep.
The total tree search depth for this trial was 1714392. 
The agent accessed its memory 27729661 times. 
The agent cleared its short-term memory 82 times. 
     State prediction error memory resets: 1. 
     Hill memory resets: 81. 
TRIAL 72 COMPLETE ?
End Time: 2024-05-24 14:17:42
Total runtime for this trial (minutes/seconds): 01:33
----------------------------------------
Total hill visits: 5498. 
Total prediction errors: 243. 
Total search depth: 105775535. 
Total times memory accessed: 1723191344. 
Total times 25 >= t <= 50: 2. 
Total times 50 >= t <= 75: 1. 
Total times 75 >= t <= 100: 4. 
Total times t == 100: 65. 
Total time steps survived: 6956. 
Total runtime so far (hours/minutes/seconds): 61:26:02
----------------------------------------

----------------------------------------
TRIAL 73 STARTED
----------------------------------------
Start Time: 2024-05-24 14:17:41
At time step 99 the agent is dead
The agent had 19 food, 9 water, and 25 sleep.
The total tree search depth for this trial was 1602103. 
The agent accessed its memory 25954518 times. 
The agent cleared its short-term memory 80 times. 
     State prediction error memory resets: 3. 
     Hill memory resets: 77. 
TRIAL 73 COMPLETE ?
End Time: 2024-05-24 15:15:11
Total runtime for this trial (minutes/seconds): 57:30
----------------------------------------
Total hill visits: 5575. 
Total prediction errors: 246. 
Total search depth: 107377638. 
Total times memory accessed: 1749145862. 
Total times 25 >= t <= 50: 2. 
Total times 50 >= t <= 75: 1. 
Total times 75 >= t <= 100: 4. 
Total times t == 100: 66. 
Total time steps survived: 7056. 
Total runtime so far (hours/minutes/seconds): 62:23:31
----------------------------------------

----------------------------------------
TRIAL 74 STARTED
----------------------------------------
Start Time: 2024-05-24 15:15:10
At time step 99 the agent is dead
The agent had 12 food, 8 water, and 19 sleep.
The total tree search depth for this trial was 1739776. 
The agent accessed its memory 28089096 times. 
The agent cleared its short-term memory 87 times. 
     State prediction error memory resets: 4. 
     Hill memory resets: 83. 
TRIAL 74 COMPLETE ?
End Time: 2024-05-24 16:17:47
Total runtime for this trial (minutes/seconds): 02:37
----------------------------------------
Total hill visits: 5658. 
Total prediction errors: 250. 
Total search depth: 109117414. 
Total times memory accessed: 1777234958. 
Total times 25 >= t <= 50: 2. 
Total times 50 >= t <= 75: 1. 
Total times 75 >= t <= 100: 4. 
Total times t == 100: 67. 
Total time steps survived: 7156. 
Total runtime so far (hours/minutes/seconds): 63:26:07
----------------------------------------

----------------------------------------
TRIAL 75 STARTED
----------------------------------------
Start Time: 2024-05-24 16:17:46
At time step 99 the agent is dead
The agent had 19 food, 3 water, and 17 sleep.
The total tree search depth for this trial was 2120089. 
The agent accessed its memory 34426346 times. 
The agent cleared its short-term memory 84 times. 
     State prediction error memory resets: 5. 
     Hill memory resets: 79. 
TRIAL 75 COMPLETE ?
End Time: 2024-05-24 17:32:25
Total runtime for this trial (minutes/seconds): 14:39
----------------------------------------
Total hill visits: 5737. 
Total prediction errors: 255. 
Total search depth: 111237503. 
Total times memory accessed: 1811661304. 
Total times 25 >= t <= 50: 2. 
Total times 50 >= t <= 75: 1. 
Total times 75 >= t <= 100: 4. 
Total times t == 100: 68. 
Total time steps survived: 7256. 
Total runtime so far (hours/minutes/seconds): 64:40:45
----------------------------------------

----------------------------------------
TRIAL 76 STARTED
----------------------------------------
Start Time: 2024-05-24 17:32:24
At time step 99 the agent is dead
The agent had 20 food, 3 water, and 16 sleep.
The total tree search depth for this trial was 1715816. 
The agent accessed its memory 28036677 times. 
The agent cleared its short-term memory 77 times. 
     State prediction error memory resets: 4. 
     Hill memory resets: 73. 
TRIAL 76 COMPLETE ?
End Time: 2024-05-24 18:31:20
Total runtime for this trial (minutes/seconds): 58:56
----------------------------------------
Total hill visits: 5810. 
Total prediction errors: 259. 
Total search depth: 112953319. 
Total times memory accessed: 1839697981. 
Total times 25 >= t <= 50: 2. 
Total times 50 >= t <= 75: 1. 
Total times 75 >= t <= 100: 4. 
Total times t == 100: 69. 
Total time steps survived: 7356. 
Total runtime so far (hours/minutes/seconds): 65:39:40
----------------------------------------

----------------------------------------
TRIAL 77 STARTED
----------------------------------------
Start Time: 2024-05-24 18:31:19
At time step 74 the agent is dead
The agent had 7 food, 18 water, and 0 sleep.
The total tree search depth for this trial was 1190198. 
The agent accessed its memory 19211988 times. 
The agent cleared its short-term memory 60 times. 
     State prediction error memory resets: 2. 
     Hill memory resets: 58. 
TRIAL 77 COMPLETE ?
End Time: 2024-05-24 19:14:19
Total runtime for this trial (minutes/seconds): 43:00
----------------------------------------
Total hill visits: 5868. 
Total prediction errors: 261. 
Total search depth: 114143517. 
Total times memory accessed: 1858909969. 
Total times 25 >= t <= 50: 2. 
Total times 50 >= t <= 75: 1. 
Total times 75 >= t <= 100: 5. 
Total times t == 100: 69. 
Total time steps survived: 7431. 
Total runtime so far (hours/minutes/seconds): 66:22:39
----------------------------------------

----------------------------------------
TRIAL 78 STARTED
----------------------------------------
Start Time: 2024-05-24 19:14:18
At time step 99 the agent is dead
The agent had 11 food, 12 water, and 21 sleep.
The total tree search depth for this trial was 1668080. 
The agent accessed its memory 27161842 times. 
The agent cleared its short-term memory 87 times. 
     State prediction error memory resets: 5. 
     Hill memory resets: 82. 
TRIAL 78 COMPLETE ?
End Time: 2024-05-24 20:12:29
Total runtime for this trial (minutes/seconds): 58:11
----------------------------------------
Total hill visits: 5950. 
Total prediction errors: 266. 
Total search depth: 115811597. 
Total times memory accessed: 1886071811. 
Total times 25 >= t <= 50: 2. 
Total times 50 >= t <= 75: 1. 
Total times 75 >= t <= 100: 5. 
Total times t == 100: 70. 
Total time steps survived: 7531. 
Total runtime so far (hours/minutes/seconds): 67:20:49
----------------------------------------

----------------------------------------
TRIAL 79 STARTED
----------------------------------------
Start Time: 2024-05-24 20:12:28
At time step 99 the agent is dead
The agent had 9 food, 20 water, and 22 sleep.
The total tree search depth for this trial was 1232816. 
The agent accessed its memory 19847332 times. 
The agent cleared its short-term memory 85 times. 
     State prediction error memory resets: 3. 
     Hill memory resets: 82. 
TRIAL 79 COMPLETE ?
End Time: 2024-05-24 20:56:55
Total runtime for this trial (minutes/seconds): 44:27
----------------------------------------
Total hill visits: 6032. 
Total prediction errors: 269. 
Total search depth: 117044413. 
Total times memory accessed: 1905919143. 
Total times 25 >= t <= 50: 2. 
Total times 50 >= t <= 75: 1. 
Total times 75 >= t <= 100: 5. 
Total times t == 100: 71. 
Total time steps survived: 7631. 
Total runtime so far (hours/minutes/seconds): 68:05:15
----------------------------------------

----------------------------------------
TRIAL 80 STARTED
----------------------------------------
Start Time: 2024-05-24 20:56:54
At time step 99 the agent is dead
The agent had 9 food, 17 water, and 25 sleep.
The total tree search depth for this trial was 1252856. 
The agent accessed its memory 20167839 times. 
The agent cleared its short-term memory 83 times. 
     State prediction error memory resets: 3. 
     Hill memory resets: 80. 
TRIAL 80 COMPLETE ?
End Time: 2024-05-24 21:41:01
Total runtime for this trial (minutes/seconds): 44:07
----------------------------------------
Total hill visits: 6112. 
Total prediction errors: 272. 
Total search depth: 118297269. 
Total times memory accessed: 1926086982. 
Total times 25 >= t <= 50: 2. 
Total times 50 >= t <= 75: 1. 
Total times 75 >= t <= 100: 5. 
Total times t == 100: 72. 
Total time steps survived: 7731. 
Total runtime so far (hours/minutes/seconds): 68:49:21
----------------------------------------

----------------------------------------
TRIAL 81 STARTED
----------------------------------------
Start Time: 2024-05-24 21:41:00
At time step 99 the agent is dead
The agent had 19 food, 8 water, and 6 sleep.
The total tree search depth for this trial was 1499831. 
The agent accessed its memory 24121564 times. 
The agent cleared its short-term memory 82 times. 
     State prediction error memory resets: 0. 
     Hill memory resets: 82. 
TRIAL 81 COMPLETE ?
End Time: 2024-05-24 22:31:14
Total runtime for this trial (minutes/seconds): 50:14
----------------------------------------
Total hill visits: 6194. 
Total prediction errors: 272. 
Total search depth: 119797100. 
Total times memory accessed: 1950208546. 
Total times 25 >= t <= 50: 2. 
Total times 50 >= t <= 75: 1. 
Total times 75 >= t <= 100: 5. 
Total times t == 100: 73. 
Total time steps survived: 7831. 
Total runtime so far (hours/minutes/seconds): 69:39:34
----------------------------------------

----------------------------------------
TRIAL 82 STARTED
----------------------------------------
Start Time: 2024-05-24 22:31:13
At time step 96 the agent is dead
The agent had 22 food, 18 water, and 0 sleep.
The total tree search depth for this trial was 1630706. 
The agent accessed its memory 26420789 times. 
The agent cleared its short-term memory 82 times. 
     State prediction error memory resets: 5. 
     Hill memory resets: 77. 
TRIAL 82 COMPLETE ?
End Time: 2024-05-24 23:19:22
Total runtime for this trial (minutes/seconds): 48:09
----------------------------------------
Total hill visits: 6271. 
Total prediction errors: 277. 
Total search depth: 121427806. 
Total times memory accessed: 1976629335. 
Total times 25 >= t <= 50: 2. 
Total times 50 >= t <= 75: 1. 
Total times 75 >= t <= 100: 6. 
Total times t == 100: 73. 
Total time steps survived: 7928. 
Total runtime so far (hours/minutes/seconds): 70:27:42
----------------------------------------

----------------------------------------
TRIAL 83 STARTED
----------------------------------------
Start Time: 2024-05-24 23:19:21
At time step 99 the agent is dead
The agent had 10 food, 2 water, and 4 sleep.
The total tree search depth for this trial was 1693636. 
The agent accessed its memory 27422631 times. 
The agent cleared its short-term memory 84 times. 
     State prediction error memory resets: 2. 
     Hill memory resets: 82. 
TRIAL 83 COMPLETE ?
End Time: 2024-05-25 00:09:15
Total runtime for this trial (minutes/seconds): 49:54
----------------------------------------
Total hill visits: 6353. 
Total prediction errors: 279. 
Total search depth: 123121442. 
Total times memory accessed: 2004051966. 
Total times 25 >= t <= 50: 2. 
Total times 50 >= t <= 75: 1. 
Total times 75 >= t <= 100: 6. 
Total times t == 100: 74. 
Total time steps survived: 8028. 
Total runtime so far (hours/minutes/seconds): 71:17:35
----------------------------------------

----------------------------------------
TRIAL 84 STARTED
----------------------------------------
Start Time: 2024-05-25 00:09:14
