Running main with ALGORITHM=SI, SEED=12, HORIZON=2, K_FACTOR=0.7, ROOT_FOLDER=/home/grmstj001, MCT=3, NUM_MCT=100, AUTO_REST=

                            < M A T L A B (R) >
                  Copyright 1984-2024 The MathWorks, Inc.
                  R2024a (24.1.0.2537033) 64-bit (glnxa64)
                             February 21, 2024

 
To get started, type doc.
For product information, visit www.mathworks.com.
 
Algorithm: SI
Seed: 12
Horizon: 2
K-factor: 0.70
Root folder: /home/grmstj001
MCT: 3
Number of MCT: 100
Auto restore: 0
Results file name: 

ans = 

  struct with fields:

     Type: 'twister'
     Seed: 12
    State: [625x1 uint32]


----------------------------------------
TRIAL 1 STARTED
----------------------------------------
Start Time: 2024-05-13 13:29:47
At time step 26 the agent is dead
The agent had 20 food, 16 water, and 0 sleep.
The total tree search depth for this trial was 6554. 
The agent accessed its memory 48464 times. 
The agent cleared its short-term memory 14 times. 
     State prediction error memory resets: 12. 
     Hill memory resets: 2. 
TRIAL 1 COMPLETE ✔
End Time: 2024-05-13 13:30:02
Total runtime for this trial (minutes/seconds): 00:15
----------------------------------------
Total hill visits: 2. 
Total prediction errors: 12. 
Total search depth: 6554. 
Total times memory accessed: 48464. 
Total times 25 >= t <= 50: 1. 
Total times 50 >= t <= 75: 0. 
Total times 75 >= t <= 100: 0. 
Total times t == 100: 0. 
Total time steps survived: 27. 
Total runtime so far (hours/minutes/seconds): 00:00:15
----------------------------------------

----------------------------------------
TRIAL 2 STARTED
----------------------------------------
Start Time: 2024-05-13 13:30:01
At time step 21 the agent is dead
The agent had 11 food, 0 water, and 5 sleep.
The total tree search depth for this trial was 9672. 
The agent accessed its memory 70617 times. 
The agent cleared its short-term memory 8 times. 
     State prediction error memory resets: 7. 
     Hill memory resets: 1. 
TRIAL 2 COMPLETE ✔
End Time: 2024-05-13 13:30:13
Total runtime for this trial (minutes/seconds): 00:12
----------------------------------------
Total hill visits: 3. 
Total prediction errors: 19. 
Total search depth: 16226. 
Total times memory accessed: 119081. 
Total times 25 >= t <= 50: 1. 
Total times 50 >= t <= 75: 0. 
Total times 75 >= t <= 100: 0. 
Total times t == 100: 0. 
Total time steps survived: 49. 
Total runtime so far (hours/minutes/seconds): 00:00:26
----------------------------------------

----------------------------------------
TRIAL 3 STARTED
----------------------------------------
Start Time: 2024-05-13 13:30:12
At time step 21 the agent is dead
The agent had 2 food, 0 water, and 5 sleep.
The total tree search depth for this trial was 2787. 
The agent accessed its memory 23229 times. 
The agent cleared its short-term memory 7 times. 
     State prediction error memory resets: 7. 
     Hill memory resets: 0. 
TRIAL 3 COMPLETE ✔
End Time: 2024-05-13 13:30:18
Total runtime for this trial (minutes/seconds): 00:06
----------------------------------------
Total hill visits: 3. 
Total prediction errors: 26. 
Total search depth: 19013. 
Total times memory accessed: 142310. 
Total times 25 >= t <= 50: 1. 
Total times 50 >= t <= 75: 0. 
Total times 75 >= t <= 100: 0. 
Total times t == 100: 0. 
Total time steps survived: 71. 
Total runtime so far (hours/minutes/seconds): 00:00:31
----------------------------------------

----------------------------------------
TRIAL 4 STARTED
----------------------------------------
Start Time: 2024-05-13 13:30:17
At time step 21 the agent is dead
The agent had 2 food, 0 water, and 5 sleep.
The total tree search depth for this trial was 1917. 
The agent accessed its memory 27776 times. 
The agent cleared its short-term memory 10 times. 
     State prediction error memory resets: 10. 
     Hill memory resets: 0. 
TRIAL 4 COMPLETE ✔
End Time: 2024-05-13 13:30:21
Total runtime for this trial (minutes/seconds): 00:04
----------------------------------------
Total hill visits: 3. 
Total prediction errors: 36. 
Total search depth: 20930. 
Total times memory accessed: 170086. 
Total times 25 >= t <= 50: 1. 
Total times 50 >= t <= 75: 0. 
Total times 75 >= t <= 100: 0. 
Total times t == 100: 0. 
Total time steps survived: 93. 
Total runtime so far (hours/minutes/seconds): 00:00:34
----------------------------------------

----------------------------------------
TRIAL 5 STARTED
----------------------------------------
Start Time: 2024-05-13 13:30:20
At time step 21 the agent is dead
The agent had 2 food, 0 water, and 5 sleep.
The total tree search depth for this trial was 2286. 
The agent accessed its memory 17680 times. 
The agent cleared its short-term memory 9 times. 
     State prediction error memory resets: 9. 
     Hill memory resets: 0. 
TRIAL 5 COMPLETE ✔
End Time: 2024-05-13 13:30:26
Total runtime for this trial (minutes/seconds): 00:06
----------------------------------------
Total hill visits: 3. 
Total prediction errors: 45. 
Total search depth: 23216. 
Total times memory accessed: 187766. 
Total times 25 >= t <= 50: 1. 
Total times 50 >= t <= 75: 0. 
Total times 75 >= t <= 100: 0. 
Total times t == 100: 0. 
Total time steps survived: 115. 
Total runtime so far (hours/minutes/seconds): 00:00:39
----------------------------------------

----------------------------------------
TRIAL 6 STARTED
----------------------------------------
Start Time: 2024-05-13 13:30:25
At time step 21 the agent is dead
The agent had 6 food, 0 water, and 5 sleep.
The total tree search depth for this trial was 3092. 
The agent accessed its memory 33488 times. 
The agent cleared its short-term memory 12 times. 
     State prediction error memory resets: 12. 
     Hill memory resets: 0. 
TRIAL 6 COMPLETE ✔
End Time: 2024-05-13 13:30:32
Total runtime for this trial (minutes/seconds): 00:07
----------------------------------------
Total hill visits: 3. 
Total prediction errors: 57. 
Total search depth: 26308. 
Total times memory accessed: 221254. 
Total times 25 >= t <= 50: 1. 
Total times 50 >= t <= 75: 0. 
Total times 75 >= t <= 100: 0. 
Total times t == 100: 0. 
Total time steps survived: 137. 
Total runtime so far (hours/minutes/seconds): 00:00:45
----------------------------------------

----------------------------------------
TRIAL 7 STARTED
----------------------------------------
Start Time: 2024-05-13 13:30:31
At time step 21 the agent is dead
The agent had 6 food, 0 water, and 5 sleep.
The total tree search depth for this trial was 8160. 
The agent accessed its memory 74717 times. 
The agent cleared its short-term memory 13 times. 
     State prediction error memory resets: 13. 
     Hill memory resets: 0. 
TRIAL 7 COMPLETE ✔
End Time: 2024-05-13 13:30:46
Total runtime for this trial (minutes/seconds): 00:15
----------------------------------------
Total hill visits: 3. 
Total prediction errors: 70. 
Total search depth: 34468. 
Total times memory accessed: 295971. 
Total times 25 >= t <= 50: 1. 
Total times 50 >= t <= 75: 0. 
Total times 75 >= t <= 100: 0. 
Total times t == 100: 0. 
Total time steps survived: 159. 
Total runtime so far (hours/minutes/seconds): 00:00:59
----------------------------------------

----------------------------------------
TRIAL 8 STARTED
----------------------------------------
Start Time: 2024-05-13 13:30:45
At time step 21 the agent is dead
The agent had 2 food, 0 water, and 5 sleep.
The total tree search depth for this trial was 2148. 
The agent accessed its memory 26197 times. 
The agent cleared its short-term memory 11 times. 
     State prediction error memory resets: 10. 
     Hill memory resets: 1. 
TRIAL 8 COMPLETE ✔
End Time: 2024-05-13 13:30:51
Total runtime for this trial (minutes/seconds): 00:06
----------------------------------------
Total hill visits: 4. 
Total prediction errors: 80. 
Total search depth: 36616. 
Total times memory accessed: 322168. 
Total times 25 >= t <= 50: 1. 
Total times 50 >= t <= 75: 0. 
Total times 75 >= t <= 100: 0. 
Total times t == 100: 0. 
Total time steps survived: 181. 
Total runtime so far (hours/minutes/seconds): 00:01:04
----------------------------------------

----------------------------------------
TRIAL 9 STARTED
----------------------------------------
Start Time: 2024-05-13 13:30:50
At time step 21 the agent is dead
The agent had 2 food, 0 water, and 5 sleep.
The total tree search depth for this trial was 1937. 
The agent accessed its memory 23326 times. 
The agent cleared its short-term memory 8 times. 
     State prediction error memory resets: 8. 
     Hill memory resets: 0. 
TRIAL 9 COMPLETE ✔
End Time: 2024-05-13 13:30:55
Total runtime for this trial (minutes/seconds): 00:05
----------------------------------------
Total hill visits: 4. 
Total prediction errors: 88. 
Total search depth: 38553. 
Total times memory accessed: 345494. 
Total times 25 >= t <= 50: 1. 
Total times 50 >= t <= 75: 0. 
Total times 75 >= t <= 100: 0. 
Total times t == 100: 0. 
Total time steps survived: 203. 
Total runtime so far (hours/minutes/seconds): 00:01:08
----------------------------------------

----------------------------------------
TRIAL 10 STARTED
----------------------------------------
Start Time: 2024-05-13 13:30:54
At time step 21 the agent is dead
The agent had 2 food, 0 water, and 5 sleep.
The total tree search depth for this trial was 1792. 
The agent accessed its memory 21800 times. 
The agent cleared its short-term memory 9 times. 
     State prediction error memory resets: 9. 
     Hill memory resets: 0. 
TRIAL 10 COMPLETE ✔
End Time: 2024-05-13 13:30:58
Total runtime for this trial (minutes/seconds): 00:04
----------------------------------------
Total hill visits: 4. 
Total prediction errors: 97. 
Total search depth: 40345. 
Total times memory accessed: 367294. 
Total times 25 >= t <= 50: 1. 
Total times 50 >= t <= 75: 0. 
Total times 75 >= t <= 100: 0. 
Total times t == 100: 0. 
Total time steps survived: 225. 
Total runtime so far (hours/minutes/seconds): 00:01:11
----------------------------------------

----------------------------------------
TRIAL 11 STARTED
----------------------------------------
Start Time: 2024-05-13 13:30:57
At time step 21 the agent is dead
The agent had 2 food, 0 water, and 5 sleep.
The total tree search depth for this trial was 3604. 
The agent accessed its memory 27745 times. 
The agent cleared its short-term memory 13 times. 
     State prediction error memory resets: 10. 
     Hill memory resets: 3. 
TRIAL 11 COMPLETE ✔
End Time: 2024-05-13 13:31:06
Total runtime for this trial (minutes/seconds): 00:09
----------------------------------------
Total hill visits: 7. 
Total prediction errors: 107. 
Total search depth: 43949. 
Total times memory accessed: 395039. 
Total times 25 >= t <= 50: 1. 
Total times 50 >= t <= 75: 0. 
Total times 75 >= t <= 100: 0. 
Total times t == 100: 0. 
Total time steps survived: 247. 
Total runtime so far (hours/minutes/seconds): 00:01:19
----------------------------------------

----------------------------------------
TRIAL 12 STARTED
----------------------------------------
Start Time: 2024-05-13 13:31:05
At time step 21 the agent is dead
The agent had 2 food, 0 water, and 5 sleep.
The total tree search depth for this trial was 2260. 
The agent accessed its memory 30961 times. 
The agent cleared its short-term memory 8 times. 
     State prediction error memory resets: 8. 
     Hill memory resets: 0. 
TRIAL 12 COMPLETE ✔
End Time: 2024-05-13 13:31:10
Total runtime for this trial (minutes/seconds): 00:05
----------------------------------------
Total hill visits: 7. 
Total prediction errors: 115. 
Total search depth: 46209. 
Total times memory accessed: 426000. 
Total times 25 >= t <= 50: 1. 
Total times 50 >= t <= 75: 0. 
Total times 75 >= t <= 100: 0. 
Total times t == 100: 0. 
Total time steps survived: 269. 
Total runtime so far (hours/minutes/seconds): 00:01:23
----------------------------------------

----------------------------------------
TRIAL 13 STARTED
----------------------------------------
Start Time: 2024-05-13 13:31:09
At time step 21 the agent is dead
The agent had 2 food, 0 water, and 5 sleep.
The total tree search depth for this trial was 4266. 
The agent accessed its memory 48991 times. 
The agent cleared its short-term memory 12 times. 
     State prediction error memory resets: 12. 
     Hill memory resets: 0. 
TRIAL 13 COMPLETE ✔
End Time: 2024-05-13 13:31:17
Total runtime for this trial (minutes/seconds): 00:08
----------------------------------------
Total hill visits: 7. 
Total prediction errors: 127. 
Total search depth: 50475. 
Total times memory accessed: 474991. 
Total times 25 >= t <= 50: 1. 
Total times 50 >= t <= 75: 0. 
Total times 75 >= t <= 100: 0. 
Total times t == 100: 0. 
Total time steps survived: 291. 
Total runtime so far (hours/minutes/seconds): 00:01:30
----------------------------------------

----------------------------------------
TRIAL 14 STARTED
----------------------------------------
Start Time: 2024-05-13 13:31:16
At time step 21 the agent is dead
The agent had 2 food, 0 water, and 5 sleep.
The total tree search depth for this trial was 3654. 
The agent accessed its memory 45387 times. 
The agent cleared its short-term memory 9 times. 
     State prediction error memory resets: 9. 
     Hill memory resets: 0. 
TRIAL 14 COMPLETE ✔
End Time: 2024-05-13 13:31:23
Total runtime for this trial (minutes/seconds): 00:07
----------------------------------------
Total hill visits: 7. 
Total prediction errors: 136. 
Total search depth: 54129. 
Total times memory accessed: 520378. 
Total times 25 >= t <= 50: 1. 
Total times 50 >= t <= 75: 0. 
Total times 75 >= t <= 100: 0. 
Total times t == 100: 0. 
Total time steps survived: 313. 
Total runtime so far (hours/minutes/seconds): 00:01:36
----------------------------------------

----------------------------------------
TRIAL 15 STARTED
----------------------------------------
Start Time: 2024-05-13 13:31:22
At time step 21 the agent is dead
The agent had 2 food, 0 water, and 5 sleep.
The total tree search depth for this trial was 3225. 
The agent accessed its memory 32724 times. 
The agent cleared its short-term memory 11 times. 
     State prediction error memory resets: 11. 
     Hill memory resets: 0. 
TRIAL 15 COMPLETE ✔
End Time: 2024-05-13 13:31:29
Total runtime for this trial (minutes/seconds): 00:07
----------------------------------------
Total hill visits: 7. 
Total prediction errors: 147. 
Total search depth: 57354. 
Total times memory accessed: 553102. 
Total times 25 >= t <= 50: 1. 
Total times 50 >= t <= 75: 0. 
Total times 75 >= t <= 100: 0. 
Total times t == 100: 0. 
Total time steps survived: 335. 
Total runtime so far (hours/minutes/seconds): 00:01:42
----------------------------------------

----------------------------------------
TRIAL 16 STARTED
----------------------------------------
Start Time: 2024-05-13 13:31:28
At time step 21 the agent is dead
The agent had 5 food, 0 water, and 5 sleep.
The total tree search depth for this trial was 6315. 
The agent accessed its memory 71912 times. 
The agent cleared its short-term memory 13 times. 
     State prediction error memory resets: 13. 
     Hill memory resets: 0. 
TRIAL 16 COMPLETE ✔
End Time: 2024-05-13 13:31:40
Total runtime for this trial (minutes/seconds): 00:12
----------------------------------------
Total hill visits: 7. 
Total prediction errors: 160. 
Total search depth: 63669. 
Total times memory accessed: 625014. 
Total times 25 >= t <= 50: 1. 
Total times 50 >= t <= 75: 0. 
Total times 75 >= t <= 100: 0. 
Total times t == 100: 0. 
Total time steps survived: 357. 
Total runtime so far (hours/minutes/seconds): 00:01:53
----------------------------------------

----------------------------------------
TRIAL 17 STARTED
----------------------------------------
Start Time: 2024-05-13 13:31:39
At time step 21 the agent is dead
The agent had 2 food, 0 water, and 5 sleep.
The total tree search depth for this trial was 3245. 
The agent accessed its memory 33153 times. 
The agent cleared its short-term memory 16 times. 
     State prediction error memory resets: 15. 
     Hill memory resets: 1. 
TRIAL 17 COMPLETE ✔
End Time: 2024-05-13 13:31:45
Total runtime for this trial (minutes/seconds): 00:06
----------------------------------------
Total hill visits: 8. 
Total prediction errors: 175. 
Total search depth: 66914. 
Total times memory accessed: 658167. 
Total times 25 >= t <= 50: 1. 
Total times 50 >= t <= 75: 0. 
Total times 75 >= t <= 100: 0. 
Total times t == 100: 0. 
Total time steps survived: 379. 
Total runtime so far (hours/minutes/seconds): 00:01:58
----------------------------------------

----------------------------------------
TRIAL 18 STARTED
----------------------------------------
Start Time: 2024-05-13 13:31:44
At time step 21 the agent is dead
The agent had 2 food, 0 water, and 5 sleep.
The total tree search depth for this trial was 3052. 
The agent accessed its memory 33859 times. 
The agent cleared its short-term memory 9 times. 
     State prediction error memory resets: 7. 
     Hill memory resets: 2. 
TRIAL 18 COMPLETE ✔
End Time: 2024-05-13 13:31:51
Total runtime for this trial (minutes/seconds): 00:07
----------------------------------------
Total hill visits: 10. 
Total prediction errors: 182. 
Total search depth: 69966. 
Total times memory accessed: 692026. 
Total times 25 >= t <= 50: 1. 
Total times 50 >= t <= 75: 0. 
Total times 75 >= t <= 100: 0. 
Total times t == 100: 0. 
Total time steps survived: 401. 
Total runtime so far (hours/minutes/seconds): 00:02:04
----------------------------------------

----------------------------------------
TRIAL 19 STARTED
----------------------------------------
Start Time: 2024-05-13 13:31:50
At time step 21 the agent is dead
The agent had 2 food, 0 water, and 23 sleep.
The total tree search depth for this trial was 6136. 
The agent accessed its memory 59652 times. 
The agent cleared its short-term memory 10 times. 
     State prediction error memory resets: 9. 
     Hill memory resets: 1. 
TRIAL 19 COMPLETE ✔
End Time: 2024-05-13 13:32:02
Total runtime for this trial (minutes/seconds): 00:12
----------------------------------------
Total hill visits: 11. 
Total prediction errors: 191. 
Total search depth: 76102. 
Total times memory accessed: 751678. 
Total times 25 >= t <= 50: 1. 
Total times 50 >= t <= 75: 0. 
Total times 75 >= t <= 100: 0. 
Total times t == 100: 0. 
Total time steps survived: 423. 
Total runtime so far (hours/minutes/seconds): 00:02:15
----------------------------------------

----------------------------------------
TRIAL 20 STARTED
----------------------------------------
Start Time: 2024-05-13 13:32:01
At time step 21 the agent is dead
The agent had 2 food, 0 water, and 5 sleep.
The total tree search depth for this trial was 3003. 
The agent accessed its memory 28816 times. 
The agent cleared its short-term memory 12 times. 
     State prediction error memory resets: 11. 
     Hill memory resets: 1. 
TRIAL 20 COMPLETE ✔
End Time: 2024-05-13 13:32:08
Total runtime for this trial (minutes/seconds): 00:07
----------------------------------------
Total hill visits: 12. 
Total prediction errors: 202. 
Total search depth: 79105. 
Total times memory accessed: 780494. 
Total times 25 >= t <= 50: 1. 
Total times 50 >= t <= 75: 0. 
Total times 75 >= t <= 100: 0. 
Total times t == 100: 0. 
Total time steps survived: 445. 
Total runtime so far (hours/minutes/seconds): 00:02:21
----------------------------------------

----------------------------------------
TRIAL 21 STARTED
----------------------------------------
Start Time: 2024-05-13 13:32:07
At time step 26 the agent is dead
The agent had 12 food, 6 water, and 0 sleep.
The total tree search depth for this trial was 75792. 
The agent accessed its memory 581909 times. 
The agent cleared its short-term memory 9 times. 
     State prediction error memory resets: 8. 
     Hill memory resets: 1. 
TRIAL 21 COMPLETE ✔
End Time: 2024-05-13 13:33:32
Total runtime for this trial (minutes/seconds): 01:25
----------------------------------------
Total hill visits: 13. 
Total prediction errors: 210. 
Total search depth: 154897. 
Total times memory accessed: 1362403. 
Total times 25 >= t <= 50: 2. 
Total times 50 >= t <= 75: 0. 
Total times 75 >= t <= 100: 0. 
Total times t == 100: 0. 
Total time steps survived: 472. 
Total runtime so far (hours/minutes/seconds): 00:03:45
----------------------------------------

----------------------------------------
TRIAL 22 STARTED
----------------------------------------
Start Time: 2024-05-13 13:33:31
At time step 21 the agent is dead
The agent had 2 food, 0 water, and 5 sleep.
The total tree search depth for this trial was 2683. 
The agent accessed its memory 29162 times. 
The agent cleared its short-term memory 9 times. 
     State prediction error memory resets: 8. 
     Hill memory resets: 1. 
TRIAL 22 COMPLETE ✔
End Time: 2024-05-13 13:33:36
Total runtime for this trial (minutes/seconds): 00:05
----------------------------------------
Total hill visits: 14. 
Total prediction errors: 218. 
Total search depth: 157580. 
Total times memory accessed: 1391565. 
Total times 25 >= t <= 50: 2. 
Total times 50 >= t <= 75: 0. 
Total times 75 >= t <= 100: 0. 
Total times t == 100: 0. 
Total time steps survived: 494. 
Total runtime so far (hours/minutes/seconds): 00:03:49
----------------------------------------

----------------------------------------
TRIAL 23 STARTED
----------------------------------------
Start Time: 2024-05-13 13:33:35
At time step 21 the agent is dead
The agent had 2 food, 0 water, and 5 sleep.
The total tree search depth for this trial was 3936. 
The agent accessed its memory 45464 times. 
The agent cleared its short-term memory 14 times. 
     State prediction error memory resets: 9. 
     Hill memory resets: 5. 
TRIAL 23 COMPLETE ✔
End Time: 2024-05-13 13:33:42
Total runtime for this trial (minutes/seconds): 00:07
----------------------------------------
Total hill visits: 19. 
Total prediction errors: 227. 
Total search depth: 161516. 
Total times memory accessed: 1437029. 
Total times 25 >= t <= 50: 2. 
Total times 50 >= t <= 75: 0. 
Total times 75 >= t <= 100: 0. 
Total times t == 100: 0. 
Total time steps survived: 516. 
Total runtime so far (hours/minutes/seconds): 00:03:55
----------------------------------------

----------------------------------------
TRIAL 24 STARTED
----------------------------------------
Start Time: 2024-05-13 13:33:41
At time step 23 the agent is dead
The agent had 0 food, 9 water, and 3 sleep.
The total tree search depth for this trial was 27879. 
The agent accessed its memory 221990 times. 
The agent cleared its short-term memory 13 times. 
     State prediction error memory resets: 12. 
     Hill memory resets: 1. 
TRIAL 24 COMPLETE ✔
End Time: 2024-05-13 13:34:19
Total runtime for this trial (minutes/seconds): 00:38
----------------------------------------
Total hill visits: 20. 
Total prediction errors: 239. 
Total search depth: 189395. 
Total times memory accessed: 1659019. 
Total times 25 >= t <= 50: 2. 
Total times 50 >= t <= 75: 0. 
Total times 75 >= t <= 100: 0. 
Total times t == 100: 0. 
Total time steps survived: 540. 
Total runtime so far (hours/minutes/seconds): 00:04:32
----------------------------------------

----------------------------------------
TRIAL 25 STARTED
----------------------------------------
Start Time: 2024-05-13 13:34:18
At time step 21 the agent is dead
The agent had 20 food, 0 water, and 5 sleep.
The total tree search depth for this trial was 47876. 
The agent accessed its memory 366177 times. 
The agent cleared its short-term memory 8 times. 
     State prediction error memory resets: 7. 
     Hill memory resets: 1. 
TRIAL 25 COMPLETE ✔
End Time: 2024-05-13 13:35:19
Total runtime for this trial (minutes/seconds): 01:01
----------------------------------------
Total hill visits: 21. 
Total prediction errors: 246. 
Total search depth: 237271. 
Total times memory accessed: 2025196. 
Total times 25 >= t <= 50: 2. 
Total times 50 >= t <= 75: 0. 
Total times 75 >= t <= 100: 0. 
Total times t == 100: 0. 
Total time steps survived: 562. 
Total runtime so far (hours/minutes/seconds): 00:05:32
----------------------------------------

----------------------------------------
TRIAL 26 STARTED
----------------------------------------
Start Time: 2024-05-13 13:35:18
At time step 23 the agent is dead
The agent had 0 food, 5 water, and 3 sleep.
The total tree search depth for this trial was 22198. 
The agent accessed its memory 160078 times. 
The agent cleared its short-term memory 15 times. 
     State prediction error memory resets: 14. 
     Hill memory resets: 1. 
TRIAL 26 COMPLETE ✔
End Time: 2024-05-13 13:35:49
Total runtime for this trial (minutes/seconds): 00:31
----------------------------------------
Total hill visits: 22. 
Total prediction errors: 260. 
Total search depth: 259469. 
Total times memory accessed: 2185274. 
Total times 25 >= t <= 50: 2. 
Total times 50 >= t <= 75: 0. 
Total times 75 >= t <= 100: 0. 
Total times t == 100: 0. 
Total time steps survived: 586. 
Total runtime so far (hours/minutes/seconds): 00:06:02
----------------------------------------

----------------------------------------
TRIAL 27 STARTED
----------------------------------------
Start Time: 2024-05-13 13:35:48
At time step 26 the agent is dead
The agent had 6 food, 7 water, and 0 sleep.
The total tree search depth for this trial was 99476. 
The agent accessed its memory 755882 times. 
The agent cleared its short-term memory 11 times. 
     State prediction error memory resets: 9. 
     Hill memory resets: 2. 
TRIAL 27 COMPLETE ✔
End Time: 2024-05-13 13:37:51
Total runtime for this trial (minutes/seconds): 02:03
----------------------------------------
Total hill visits: 24. 
Total prediction errors: 269. 
Total search depth: 358945. 
Total times memory accessed: 2941156. 
Total times 25 >= t <= 50: 3. 
Total times 50 >= t <= 75: 0. 
Total times 75 >= t <= 100: 0. 
Total times t == 100: 0. 
Total time steps survived: 613. 
Total runtime so far (hours/minutes/seconds): 00:08:04
----------------------------------------

----------------------------------------
TRIAL 28 STARTED
----------------------------------------
Start Time: 2024-05-13 13:37:50
At time step 21 the agent is dead
The agent had 2 food, 0 water, and 5 sleep.
The total tree search depth for this trial was 3286. 
The agent accessed its memory 36078 times. 
The agent cleared its short-term memory 12 times. 
     State prediction error memory resets: 11. 
     Hill memory resets: 1. 
TRIAL 28 COMPLETE ✔
End Time: 2024-05-13 13:37:57
Total runtime for this trial (minutes/seconds): 00:07
----------------------------------------
Total hill visits: 25. 
Total prediction errors: 280. 
Total search depth: 362231. 
Total times memory accessed: 2977234. 
Total times 25 >= t <= 50: 3. 
Total times 50 >= t <= 75: 0. 
Total times 75 >= t <= 100: 0. 
Total times t == 100: 0. 
Total time steps survived: 635. 
Total runtime so far (hours/minutes/seconds): 00:08:10
----------------------------------------

----------------------------------------
TRIAL 29 STARTED
----------------------------------------
Start Time: 2024-05-13 13:37:56
At time step 21 the agent is dead
The agent had 2 food, 0 water, and 5 sleep.
The total tree search depth for this trial was 2973. 
The agent accessed its memory 32923 times. 
The agent cleared its short-term memory 13 times. 
     State prediction error memory resets: 12. 
     Hill memory resets: 1. 
TRIAL 29 COMPLETE ✔
End Time: 2024-05-13 13:38:03
Total runtime for this trial (minutes/seconds): 00:07
----------------------------------------
Total hill visits: 26. 
Total prediction errors: 292. 
Total search depth: 365204. 
Total times memory accessed: 3010157. 
Total times 25 >= t <= 50: 3. 
Total times 50 >= t <= 75: 0. 
Total times 75 >= t <= 100: 0. 
Total times t == 100: 0. 
Total time steps survived: 657. 
Total runtime so far (hours/minutes/seconds): 00:08:16
----------------------------------------

----------------------------------------
TRIAL 30 STARTED
----------------------------------------
Start Time: 2024-05-13 13:38:02
At time step 21 the agent is dead
The agent had 2 food, 0 water, and 5 sleep.
The total tree search depth for this trial was 3817. 
The agent accessed its memory 42086 times. 
The agent cleared its short-term memory 14 times. 
     State prediction error memory resets: 13. 
     Hill memory resets: 1. 
TRIAL 30 COMPLETE ✔
End Time: 2024-05-13 13:38:09
Total runtime for this trial (minutes/seconds): 00:07
----------------------------------------
Total hill visits: 27. 
Total prediction errors: 305. 
Total search depth: 369021. 
Total times memory accessed: 3052243. 
Total times 25 >= t <= 50: 3. 
Total times 50 >= t <= 75: 0. 
Total times 75 >= t <= 100: 0. 
Total times t == 100: 0. 
Total time steps survived: 679. 
Total runtime so far (hours/minutes/seconds): 00:08:22
----------------------------------------

----------------------------------------
TRIAL 31 STARTED
----------------------------------------
Start Time: 2024-05-13 13:38:08
At time step 21 the agent is dead
The agent had 2 food, 0 water, and 5 sleep.
The total tree search depth for this trial was 3011. 
The agent accessed its memory 28304 times. 
The agent cleared its short-term memory 13 times. 
     State prediction error memory resets: 12. 
     Hill memory resets: 1. 
TRIAL 31 COMPLETE ✔
End Time: 2024-05-13 13:38:15
Total runtime for this trial (minutes/seconds): 00:07
----------------------------------------
Total hill visits: 28. 
Total prediction errors: 317. 
Total search depth: 372032. 
Total times memory accessed: 3080547. 
Total times 25 >= t <= 50: 3. 
Total times 50 >= t <= 75: 0. 
Total times 75 >= t <= 100: 0. 
Total times t == 100: 0. 
Total time steps survived: 701. 
Total runtime so far (hours/minutes/seconds): 00:08:28
----------------------------------------

----------------------------------------
TRIAL 32 STARTED
----------------------------------------
Start Time: 2024-05-13 13:38:14
At time step 26 the agent is dead
The agent had 18 food, 6 water, and 0 sleep.
The total tree search depth for this trial was 12754. 
The agent accessed its memory 98194 times. 
The agent cleared its short-term memory 13 times. 
     State prediction error memory resets: 12. 
     Hill memory resets: 1. 
TRIAL 32 COMPLETE ✔
End Time: 2024-05-13 13:38:34
Total runtime for this trial (minutes/seconds): 00:20
----------------------------------------
Total hill visits: 29. 
Total prediction errors: 329. 
Total search depth: 384786. 
Total times memory accessed: 3178741. 
Total times 25 >= t <= 50: 4. 
Total times 50 >= t <= 75: 0. 
Total times 75 >= t <= 100: 0. 
Total times t == 100: 0. 
Total time steps survived: 728. 
Total runtime so far (hours/minutes/seconds): 00:08:47
----------------------------------------

----------------------------------------
TRIAL 33 STARTED
----------------------------------------
Start Time: 2024-05-13 13:38:33
At time step 26 the agent is dead
The agent had 12 food, 4 water, and 0 sleep.
The total tree search depth for this trial was 27679. 
The agent accessed its memory 202833 times. 
The agent cleared its short-term memory 7 times. 
     State prediction error memory resets: 6. 
     Hill memory resets: 1. 
TRIAL 33 COMPLETE ✔
End Time: 2024-05-13 13:39:07
Total runtime for this trial (minutes/seconds): 00:34
----------------------------------------
Total hill visits: 30. 
Total prediction errors: 335. 
Total search depth: 412465. 
Total times memory accessed: 3381574. 
Total times 25 >= t <= 50: 5. 
Total times 50 >= t <= 75: 0. 
Total times 75 >= t <= 100: 0. 
Total times t == 100: 0. 
Total time steps survived: 755. 
Total runtime so far (hours/minutes/seconds): 00:09:20
----------------------------------------

----------------------------------------
TRIAL 34 STARTED
----------------------------------------
Start Time: 2024-05-13 13:39:06
