Running main with ALGORITHM=SI, SEED=6, HORIZON=2, K_FACTOR=0.7, ROOT_FOLDER=/home/grmstj001, MCT=3, NUM_MCT=100, AUTO_REST=

                            < M A T L A B (R) >
                  Copyright 1984-2024 The MathWorks, Inc.
                  R2024a (24.1.0.2537033) 64-bit (glnxa64)
                             February 21, 2024

 
To get started, type doc.
For product information, visit www.mathworks.com.
 
Algorithm: SI
Seed: 6
Horizon: 2
K-factor: 0.70
Root folder: /home/grmstj001
MCT: 3
Number of MCT: 100
Auto restore: 0
Results file name: 

ans = 

  struct with fields:

     Type: 'twister'
     Seed: 6
    State: [625x1 uint32]


----------------------------------------
TRIAL 1 STARTED
----------------------------------------
Start Time: 2024-05-13 13:29:47
At time step 43 the agent is dead
The agent had 0 food, 16 water, and 6 sleep.
The total tree search depth for this trial was 17577. 
The agent accessed its memory 120569 times. 
The agent cleared its short-term memory 21 times. 
     State prediction error memory resets: 19. 
     Hill memory resets: 2. 
TRIAL 1 COMPLETE ✔
End Time: 2024-05-13 13:30:17
Total runtime for this trial (minutes/seconds): 00:30
----------------------------------------
Total hill visits: 2. 
Total prediction errors: 19. 
Total search depth: 17577. 
Total times memory accessed: 120569. 
Total times 25 >= t <= 50: 1. 
Total times 50 >= t <= 75: 0. 
Total times 75 >= t <= 100: 0. 
Total times t == 100: 0. 
Total time steps survived: 44. 
Total runtime so far (hours/minutes/seconds): 00:00:30
----------------------------------------

----------------------------------------
TRIAL 2 STARTED
----------------------------------------
Start Time: 2024-05-13 13:30:16
At time step 21 the agent is dead
The agent had 2 food, 0 water, and 5 sleep.
The total tree search depth for this trial was 11723. 
The agent accessed its memory 101698 times. 
The agent cleared its short-term memory 14 times. 
     State prediction error memory resets: 12. 
     Hill memory resets: 2. 
TRIAL 2 COMPLETE ✔
End Time: 2024-05-13 13:30:34
Total runtime for this trial (minutes/seconds): 00:18
----------------------------------------
Total hill visits: 4. 
Total prediction errors: 31. 
Total search depth: 29300. 
Total times memory accessed: 222267. 
Total times 25 >= t <= 50: 1. 
Total times 50 >= t <= 75: 0. 
Total times 75 >= t <= 100: 0. 
Total times t == 100: 0. 
Total time steps survived: 66. 
Total runtime so far (hours/minutes/seconds): 00:00:47
----------------------------------------

----------------------------------------
TRIAL 3 STARTED
----------------------------------------
Start Time: 2024-05-13 13:30:33
At time step 21 the agent is dead
The agent had 2 food, 0 water, and 5 sleep.
The total tree search depth for this trial was 8068. 
The agent accessed its memory 63878 times. 
The agent cleared its short-term memory 17 times. 
     State prediction error memory resets: 17. 
     Hill memory resets: 0. 
TRIAL 3 COMPLETE ✔
End Time: 2024-05-13 13:30:48
Total runtime for this trial (minutes/seconds): 00:15
----------------------------------------
Total hill visits: 4. 
Total prediction errors: 48. 
Total search depth: 37368. 
Total times memory accessed: 286145. 
Total times 25 >= t <= 50: 1. 
Total times 50 >= t <= 75: 0. 
Total times 75 >= t <= 100: 0. 
Total times t == 100: 0. 
Total time steps survived: 88. 
Total runtime so far (hours/minutes/seconds): 00:01:01
----------------------------------------

----------------------------------------
TRIAL 4 STARTED
----------------------------------------
Start Time: 2024-05-13 13:30:47
At time step 21 the agent is dead
The agent had 4 food, 0 water, and 5 sleep.
The total tree search depth for this trial was 2587. 
The agent accessed its memory 38960 times. 
The agent cleared its short-term memory 0 times. 
     State prediction error memory resets: 0. 
     Hill memory resets: 0. 
TRIAL 4 COMPLETE ✔
End Time: 2024-05-13 13:30:51
Total runtime for this trial (minutes/seconds): 00:04
----------------------------------------
Total hill visits: 4. 
Total prediction errors: 48. 
Total search depth: 39955. 
Total times memory accessed: 325105. 
Total times 25 >= t <= 50: 1. 
Total times 50 >= t <= 75: 0. 
Total times 75 >= t <= 100: 0. 
Total times t == 100: 0. 
Total time steps survived: 110. 
Total runtime so far (hours/minutes/seconds): 00:01:04
----------------------------------------

----------------------------------------
TRIAL 5 STARTED
----------------------------------------
Start Time: 2024-05-13 13:30:50
At time step 21 the agent is dead
The agent had 2 food, 0 water, and 5 sleep.
The total tree search depth for this trial was 1190. 
The agent accessed its memory 19586 times. 
The agent cleared its short-term memory 0 times. 
     State prediction error memory resets: 0. 
     Hill memory resets: 0. 
TRIAL 5 COMPLETE ✔
End Time: 2024-05-13 13:30:54
Total runtime for this trial (minutes/seconds): 00:04
----------------------------------------
Total hill visits: 4. 
Total prediction errors: 48. 
Total search depth: 41145. 
Total times memory accessed: 344691. 
Total times 25 >= t <= 50: 1. 
Total times 50 >= t <= 75: 0. 
Total times 75 >= t <= 100: 0. 
Total times t == 100: 0. 
Total time steps survived: 132. 
Total runtime so far (hours/minutes/seconds): 00:01:07
----------------------------------------

----------------------------------------
TRIAL 6 STARTED
----------------------------------------
Start Time: 2024-05-13 13:30:53
At time step 21 the agent is dead
The agent had 2 food, 0 water, and 5 sleep.
The total tree search depth for this trial was 18485. 
The agent accessed its memory 137641 times. 
The agent cleared its short-term memory 14 times. 
     State prediction error memory resets: 14. 
     Hill memory resets: 0. 
TRIAL 6 COMPLETE ✔
End Time: 2024-05-13 13:31:25
Total runtime for this trial (minutes/seconds): 00:32
----------------------------------------
Total hill visits: 4. 
Total prediction errors: 62. 
Total search depth: 59630. 
Total times memory accessed: 482332. 
Total times 25 >= t <= 50: 1. 
Total times 50 >= t <= 75: 0. 
Total times 75 >= t <= 100: 0. 
Total times t == 100: 0. 
Total time steps survived: 154. 
Total runtime so far (hours/minutes/seconds): 00:01:38
----------------------------------------

----------------------------------------
TRIAL 7 STARTED
----------------------------------------
Start Time: 2024-05-13 13:31:24
At time step 21 the agent is dead
The agent had 22 food, 0 water, and 5 sleep.
The total tree search depth for this trial was 2210. 
The agent accessed its memory 16120 times. 
The agent cleared its short-term memory 12 times. 
     State prediction error memory resets: 9. 
     Hill memory resets: 3. 
TRIAL 7 COMPLETE ✔
End Time: 2024-05-13 13:31:30
Total runtime for this trial (minutes/seconds): 00:06
----------------------------------------
Total hill visits: 7. 
Total prediction errors: 71. 
Total search depth: 61840. 
Total times memory accessed: 498452. 
Total times 25 >= t <= 50: 1. 
Total times 50 >= t <= 75: 0. 
Total times 75 >= t <= 100: 0. 
Total times t == 100: 0. 
Total time steps survived: 176. 
Total runtime so far (hours/minutes/seconds): 00:01:43
----------------------------------------

----------------------------------------
TRIAL 8 STARTED
----------------------------------------
Start Time: 2024-05-13 13:31:29
At time step 21 the agent is dead
The agent had 2 food, 0 water, and 5 sleep.
The total tree search depth for this trial was 8193. 
The agent accessed its memory 64513 times. 
The agent cleared its short-term memory 6 times. 
     State prediction error memory resets: 5. 
     Hill memory resets: 1. 
TRIAL 8 COMPLETE ✔
End Time: 2024-05-13 13:31:43
Total runtime for this trial (minutes/seconds): 00:14
----------------------------------------
Total hill visits: 8. 
Total prediction errors: 76. 
Total search depth: 70033. 
Total times memory accessed: 562965. 
Total times 25 >= t <= 50: 1. 
Total times 50 >= t <= 75: 0. 
Total times 75 >= t <= 100: 0. 
Total times t == 100: 0. 
Total time steps survived: 198. 
Total runtime so far (hours/minutes/seconds): 00:01:56
----------------------------------------

----------------------------------------
TRIAL 9 STARTED
----------------------------------------
Start Time: 2024-05-13 13:31:42
At time step 30 the agent is dead
The agent had 0 food, 0 water, and 18 sleep.
The total tree search depth for this trial was 50175. 
The agent accessed its memory 378670 times. 
The agent cleared its short-term memory 10 times. 
     State prediction error memory resets: 10. 
     Hill memory resets: 0. 
TRIAL 9 COMPLETE ✔
End Time: 2024-05-13 13:32:46
Total runtime for this trial (minutes/seconds): 01:04
----------------------------------------
Total hill visits: 8. 
Total prediction errors: 86. 
Total search depth: 120208. 
Total times memory accessed: 941635. 
Total times 25 >= t <= 50: 2. 
Total times 50 >= t <= 75: 0. 
Total times 75 >= t <= 100: 0. 
Total times t == 100: 0. 
Total time steps survived: 229. 
Total runtime so far (hours/minutes/seconds): 00:02:59
----------------------------------------

----------------------------------------
TRIAL 10 STARTED
----------------------------------------
Start Time: 2024-05-13 13:32:45
At time step 21 the agent is dead
The agent had 2 food, 0 water, and 5 sleep.
The total tree search depth for this trial was 24585. 
The agent accessed its memory 193860 times. 
The agent cleared its short-term memory 17 times. 
     State prediction error memory resets: 16. 
     Hill memory resets: 1. 
TRIAL 10 COMPLETE ✔
End Time: 2024-05-13 13:33:25
Total runtime for this trial (minutes/seconds): 00:40
----------------------------------------
Total hill visits: 9. 
Total prediction errors: 102. 
Total search depth: 144793. 
Total times memory accessed: 1135495. 
Total times 25 >= t <= 50: 2. 
Total times 50 >= t <= 75: 0. 
Total times 75 >= t <= 100: 0. 
Total times t == 100: 0. 
Total time steps survived: 251. 
Total runtime so far (hours/minutes/seconds): 00:03:38
----------------------------------------

----------------------------------------
TRIAL 11 STARTED
----------------------------------------
Start Time: 2024-05-13 13:33:24
At time step 21 the agent is dead
The agent had 2 food, 0 water, and 5 sleep.
The total tree search depth for this trial was 14598. 
The agent accessed its memory 109938 times. 
The agent cleared its short-term memory 13 times. 
     State prediction error memory resets: 10. 
     Hill memory resets: 3. 
TRIAL 11 COMPLETE ✔
End Time: 2024-05-13 13:33:49
Total runtime for this trial (minutes/seconds): 00:25
----------------------------------------
Total hill visits: 12. 
Total prediction errors: 112. 
Total search depth: 159391. 
Total times memory accessed: 1245433. 
Total times 25 >= t <= 50: 2. 
Total times 50 >= t <= 75: 0. 
Total times 75 >= t <= 100: 0. 
Total times t == 100: 0. 
Total time steps survived: 273. 
Total runtime so far (hours/minutes/seconds): 00:04:02
----------------------------------------

----------------------------------------
TRIAL 12 STARTED
----------------------------------------
Start Time: 2024-05-13 13:33:48
At time step 58 the agent is dead
The agent had 4 food, 0 water, and 16 sleep.
The total tree search depth for this trial was 78737. 
The agent accessed its memory 589128 times. 
The agent cleared its short-term memory 19 times. 
     State prediction error memory resets: 18. 
     Hill memory resets: 1. 
TRIAL 12 COMPLETE ✔
End Time: 2024-05-13 13:35:23
Total runtime for this trial (minutes/seconds): 01:35
----------------------------------------
Total hill visits: 13. 
Total prediction errors: 130. 
Total search depth: 238128. 
Total times memory accessed: 1834561. 
Total times 25 >= t <= 50: 2. 
Total times 50 >= t <= 75: 1. 
Total times 75 >= t <= 100: 0. 
Total times t == 100: 0. 
Total time steps survived: 332. 
Total runtime so far (hours/minutes/seconds): 00:05:36
----------------------------------------

----------------------------------------
TRIAL 13 STARTED
----------------------------------------
Start Time: 2024-05-13 13:35:22
At time step 29 the agent is dead
The agent had 10 food, 0 water, and 17 sleep.
The total tree search depth for this trial was 46489. 
The agent accessed its memory 356105 times. 
The agent cleared its short-term memory 9 times. 
     State prediction error memory resets: 8. 
     Hill memory resets: 1. 
TRIAL 13 COMPLETE ✔
End Time: 2024-05-13 13:36:25
Total runtime for this trial (minutes/seconds): 01:03
----------------------------------------
Total hill visits: 14. 
Total prediction errors: 138. 
Total search depth: 284617. 
Total times memory accessed: 2190666. 
Total times 25 >= t <= 50: 3. 
Total times 50 >= t <= 75: 1. 
Total times 75 >= t <= 100: 0. 
Total times t == 100: 0. 
Total time steps survived: 362. 
Total runtime so far (hours/minutes/seconds): 00:06:38
----------------------------------------

----------------------------------------
TRIAL 14 STARTED
----------------------------------------
Start Time: 2024-05-13 13:36:24
At time step 21 the agent is dead
The agent had 2 food, 0 water, and 5 sleep.
The total tree search depth for this trial was 10570. 
The agent accessed its memory 63449 times. 
The agent cleared its short-term memory 14 times. 
     State prediction error memory resets: 13. 
     Hill memory resets: 1. 
TRIAL 14 COMPLETE ✔
End Time: 2024-05-13 13:36:44
Total runtime for this trial (minutes/seconds): 00:20
----------------------------------------
Total hill visits: 15. 
Total prediction errors: 151. 
Total search depth: 295187. 
Total times memory accessed: 2254115. 
Total times 25 >= t <= 50: 3. 
Total times 50 >= t <= 75: 1. 
Total times 75 >= t <= 100: 0. 
Total times t == 100: 0. 
Total time steps survived: 384. 
Total runtime so far (hours/minutes/seconds): 00:06:57
----------------------------------------

----------------------------------------
TRIAL 15 STARTED
----------------------------------------
Start Time: 2024-05-13 13:36:43
At time step 21 the agent is dead
The agent had 2 food, 0 water, and 5 sleep.
The total tree search depth for this trial was 8995. 
The agent accessed its memory 60888 times. 
The agent cleared its short-term memory 14 times. 
     State prediction error memory resets: 13. 
     Hill memory resets: 1. 
TRIAL 15 COMPLETE ✔
End Time: 2024-05-13 13:37:01
Total runtime for this trial (minutes/seconds): 00:18
----------------------------------------
Total hill visits: 16. 
Total prediction errors: 164. 
Total search depth: 304182. 
Total times memory accessed: 2315003. 
Total times 25 >= t <= 50: 3. 
Total times 50 >= t <= 75: 1. 
Total times 75 >= t <= 100: 0. 
Total times t == 100: 0. 
Total time steps survived: 406. 
Total runtime so far (hours/minutes/seconds): 00:07:14
----------------------------------------

----------------------------------------
TRIAL 16 STARTED
----------------------------------------
Start Time: 2024-05-13 13:37:00
At time step 21 the agent is dead
The agent had 2 food, 0 water, and 5 sleep.
The total tree search depth for this trial was 5579. 
The agent accessed its memory 54679 times. 
The agent cleared its short-term memory 1 times. 
     State prediction error memory resets: 1. 
     Hill memory resets: 0. 
TRIAL 16 COMPLETE ✔
End Time: 2024-05-13 13:37:10
Total runtime for this trial (minutes/seconds): 00:10
----------------------------------------
Total hill visits: 16. 
Total prediction errors: 165. 
Total search depth: 309761. 
Total times memory accessed: 2369682. 
Total times 25 >= t <= 50: 3. 
Total times 50 >= t <= 75: 1. 
Total times 75 >= t <= 100: 0. 
Total times t == 100: 0. 
Total time steps survived: 428. 
Total runtime so far (hours/minutes/seconds): 00:07:23
----------------------------------------

----------------------------------------
TRIAL 17 STARTED
----------------------------------------
Start Time: 2024-05-13 13:37:09
At time step 26 the agent is dead
The agent had 14 food, 8 water, and 0 sleep.
The total tree search depth for this trial was 26505. 
The agent accessed its memory 186056 times. 
The agent cleared its short-term memory 12 times. 
     State prediction error memory resets: 10. 
     Hill memory resets: 2. 
TRIAL 17 COMPLETE ✔
End Time: 2024-05-13 13:37:45
Total runtime for this trial (minutes/seconds): 00:36
----------------------------------------
Total hill visits: 18. 
Total prediction errors: 175. 
Total search depth: 336266. 
Total times memory accessed: 2555738. 
Total times 25 >= t <= 50: 4. 
Total times 50 >= t <= 75: 1. 
Total times 75 >= t <= 100: 0. 
Total times t == 100: 0. 
Total time steps survived: 455. 
Total runtime so far (hours/minutes/seconds): 00:07:58
----------------------------------------

----------------------------------------
TRIAL 18 STARTED
----------------------------------------
Start Time: 2024-05-13 13:37:44
At time step 21 the agent is dead
The agent had 2 food, 0 water, and 5 sleep.
The total tree search depth for this trial was 6373. 
The agent accessed its memory 54677 times. 
The agent cleared its short-term memory 14 times. 
     State prediction error memory resets: 14. 
     Hill memory resets: 0. 
TRIAL 18 COMPLETE ✔
End Time: 2024-05-13 13:37:57
Total runtime for this trial (minutes/seconds): 00:13
----------------------------------------
Total hill visits: 18. 
Total prediction errors: 189. 
Total search depth: 342639. 
Total times memory accessed: 2610415. 
Total times 25 >= t <= 50: 4. 
Total times 50 >= t <= 75: 1. 
Total times 75 >= t <= 100: 0. 
Total times t == 100: 0. 
Total time steps survived: 477. 
Total runtime so far (hours/minutes/seconds): 00:08:10
----------------------------------------

----------------------------------------
TRIAL 19 STARTED
----------------------------------------
Start Time: 2024-05-13 13:37:56
At time step 21 the agent is dead
The agent had 12 food, 0 water, and 5 sleep.
The total tree search depth for this trial was 45862. 
The agent accessed its memory 309399 times. 
The agent cleared its short-term memory 12 times. 
     State prediction error memory resets: 11. 
     Hill memory resets: 1. 
TRIAL 19 COMPLETE ✔
End Time: 2024-05-13 13:38:59
Total runtime for this trial (minutes/seconds): 01:03
----------------------------------------
Total hill visits: 19. 
Total prediction errors: 200. 
Total search depth: 388501. 
Total times memory accessed: 2919814. 
Total times 25 >= t <= 50: 4. 
Total times 50 >= t <= 75: 1. 
Total times 75 >= t <= 100: 0. 
Total times t == 100: 0. 
Total time steps survived: 499. 
Total runtime so far (hours/minutes/seconds): 00:09:12
----------------------------------------

----------------------------------------
TRIAL 20 STARTED
----------------------------------------
Start Time: 2024-05-13 13:38:58
At time step 21 the agent is dead
The agent had 2 food, 0 water, and 5 sleep.
The total tree search depth for this trial was 9810. 
The agent accessed its memory 73284 times. 
The agent cleared its short-term memory 11 times. 
     State prediction error memory resets: 10. 
     Hill memory resets: 1. 
TRIAL 20 COMPLETE ✔
End Time: 2024-05-13 13:39:17
Total runtime for this trial (minutes/seconds): 00:19
----------------------------------------
Total hill visits: 20. 
Total prediction errors: 210. 
Total search depth: 398311. 
Total times memory accessed: 2993098. 
Total times 25 >= t <= 50: 4. 
Total times 50 >= t <= 75: 1. 
Total times 75 >= t <= 100: 0. 
Total times t == 100: 0. 
Total time steps survived: 521. 
Total runtime so far (hours/minutes/seconds): 00:09:30
----------------------------------------

----------------------------------------
TRIAL 21 STARTED
----------------------------------------
Start Time: 2024-05-13 13:39:16
