Running Python script with ALGORITHM=SI and SEED=24
At time 20 the agent is dead.
The agent had: 1 food, -1 water, and 4 sleep.
The total tree search depth for this trial was 1112.
The agent accessed its memory 1754 times.
The agent cleared its short-term memory 4 times.
    State prediction error memory resets: 3.
    Hill memory resets: 1.
At time 20 the agent is dead.
The agent had: 1 food, -1 water, and 4 sleep.
The total tree search depth for this trial was 1370.
The agent accessed its memory 2985 times.
The agent cleared its short-term memory 11 times.
    State prediction error memory resets: 11.
    Hill memory resets: 0.
At time 20 the agent is dead.
The agent had: 1 food, -1 water, and 4 sleep.
The total tree search depth for this trial was 452.
The agent accessed its memory 1068 times.
The agent cleared its short-term memory 5 times.
    State prediction error memory resets: 3.
    Hill memory resets: 2.
At time 20 the agent is dead.
The agent had: 1 food, -1 water, and 4 sleep.
The total tree search depth for this trial was 712.
The agent accessed its memory 2037 times.
The agent cleared its short-term memory 13 times.
    State prediction error memory resets: 13.
    Hill memory resets: 0.
At time 20 the agent is dead.
The agent had: 1 food, -1 water, and 4 sleep.
The total tree search depth for this trial was 1021.
The agent accessed its memory 2856 times.
The agent cleared its short-term memory 6 times.
    State prediction error memory resets: 5.
    Hill memory resets: 1.
At time 34 the agent is dead.
The agent had: -1 food, 3 water, and 0 sleep.
The total tree search depth for this trial was 18189.
The agent accessed its memory 64528 times.
The agent cleared its short-term memory 10 times.
    State prediction error memory resets: 9.
    Hill memory resets: 1.
At time 22 the agent is dead.
The agent had: -1 food, 9 water, and 2 sleep.
The total tree search depth for this trial was 9592.
The agent accessed its memory 36564 times.
The agent cleared its short-term memory 19 times.
    State prediction error memory resets: 19.
    Hill memory resets: 0.
At time 20 the agent is dead.
The agent had: 1 food, -1 water, and 4 sleep.
The total tree search depth for this trial was 2590.
The agent accessed its memory 11700 times.
The agent cleared its short-term memory 14 times.
    State prediction error memory resets: 14.
    Hill memory resets: 0.
At time 20 the agent is dead.
The agent had: 1 food, -1 water, and 4 sleep.
The total tree search depth for this trial was 16626.
The agent accessed its memory 74221 times.
The agent cleared its short-term memory 14 times.
    State prediction error memory resets: 10.
    Hill memory resets: 4.
At time 25 the agent is dead.
The agent had: 1 food, 5 water, and -1 sleep.
The total tree search depth for this trial was 64804.
The agent accessed its memory 240439 times.
The agent cleared its short-term memory 13 times.
    State prediction error memory resets: 13.
    Hill memory resets: 0.
At time 20 the agent is dead.
The agent had: 1 food, -1 water, and 4 sleep.
The total tree search depth for this trial was 5405.
The agent accessed its memory 21812 times.
The agent cleared its short-term memory 5 times.
    State prediction error memory resets: 5.
    Hill memory resets: 0.
At time 20 the agent is dead.
The agent had: 1 food, -1 water, and 20 sleep.
The total tree search depth for this trial was 26806.
The agent accessed its memory 108644 times.
The agent cleared its short-term memory 9 times.
    State prediction error memory resets: 8.
    Hill memory resets: 1.
At time 20 the agent is dead.
The agent had: 1 food, -1 water, and 4 sleep.
The total tree search depth for this trial was 23855.
The agent accessed its memory 102882 times.
The agent cleared its short-term memory 8 times.
    State prediction error memory resets: 8.
    Hill memory resets: 0.
At time 20 the agent is dead.
The agent had: 1 food, -1 water, and 4 sleep.
The total tree search depth for this trial was 16548.
The agent accessed its memory 65244 times.
The agent cleared its short-term memory 8 times.
    State prediction error memory resets: 6.
    Hill memory resets: 2.
At time 20 the agent is dead.
The agent had: 1 food, -1 water, and 11 sleep.
The total tree search depth for this trial was 34243.
The agent accessed its memory 142674 times.
The agent cleared its short-term memory 3 times.
    State prediction error memory resets: 2.
    Hill memory resets: 1.
At time 20 the agent is dead.
The agent had: 1 food, -1 water, and 4 sleep.
The total tree search depth for this trial was 6324.
The agent accessed its memory 23519 times.
The agent cleared its short-term memory 6 times.
    State prediction error memory resets: 5.
    Hill memory resets: 1.
At time 20 the agent is dead.
The agent had: 11 food, -1 water, and 4 sleep.
The total tree search depth for this trial was 15148.
The agent accessed its memory 59410 times.
The agent cleared its short-term memory 7 times.
    State prediction error memory resets: 6.
    Hill memory resets: 1.
At time 36 the agent is dead.
The agent had: -1 food, 9 water, and 17 sleep.
The total tree search depth for this trial was 43664.
The agent accessed its memory 166113 times.
The agent cleared its short-term memory 8 times.
    State prediction error memory resets: 7.
    Hill memory resets: 1.
At time 22 the agent is dead.
The agent had: -1 food, 4 water, and 2 sleep.
The total tree search depth for this trial was 19033.
The agent accessed its memory 71113 times.
The agent cleared its short-term memory 9 times.
    State prediction error memory resets: 8.
    Hill memory resets: 1.
At time 20 the agent is dead.
The agent had: 1 food, -1 water, and 4 sleep.
The total tree search depth for this trial was 17364.
The agent accessed its memory 73746 times.
The agent cleared its short-term memory 5 times.
    State prediction error memory resets: 4.
    Hill memory resets: 1.
At time 29 the agent is dead.
The agent had: -1 food, 12 water, and 16 sleep.
The total tree search depth for this trial was 49426.
The agent accessed its memory 183872 times.
The agent cleared its short-term memory 7 times.
    State prediction error memory resets: 6.
    Hill memory resets: 1.
At time 54 the agent is dead.
The agent had: -1 food, 11 water, and 17 sleep.
The total tree search depth for this trial was 37593.
The agent accessed its memory 139238 times.
The agent cleared its short-term memory 8 times.
    State prediction error memory resets: 7.
    Hill memory resets: 1.
At time 22 the agent is dead.
The agent had: -1 food, 11 water, and 2 sleep.
The total tree search depth for this trial was 15764.
The agent accessed its memory 65344 times.
The agent cleared its short-term memory 9 times.
    State prediction error memory resets: 5.
    Hill memory resets: 4.
At time 20 the agent is dead.
The agent had: 1 food, -1 water, and 16 sleep.
The total tree search depth for this trial was 25291.
The agent accessed its memory 102102 times.
The agent cleared its short-term memory 9 times.
    State prediction error memory resets: 8.
    Hill memory resets: 1.
At time 20 the agent is dead.
The agent had: 1 food, -1 water, and 4 sleep.
The total tree search depth for this trial was 9777.
The agent accessed its memory 35388 times.
The agent cleared its short-term memory 5 times.
    State prediction error memory resets: 4.
    Hill memory resets: 1.
At time 20 the agent is dead.
The agent had: 1 food, -1 water, and 4 sleep.
The total tree search depth for this trial was 17485.
The agent accessed its memory 70393 times.
The agent cleared its short-term memory 8 times.
    State prediction error memory resets: 7.
    Hill memory resets: 1.
At time 20 the agent is dead.
The agent had: 1 food, -1 water, and 4 sleep.
The total tree search depth for this trial was 75160.
The agent accessed its memory 343721 times.
The agent cleared its short-term memory 9 times.
    State prediction error memory resets: 7.
    Hill memory resets: 2.
At time 20 the agent is dead.
The agent had: 1 food, -1 water, and 4 sleep.
The total tree search depth for this trial was 15505.
The agent accessed its memory 65245 times.
The agent cleared its short-term memory 11 times.
    State prediction error memory resets: 10.
    Hill memory resets: 1.
At time 32 the agent is dead.
The agent had: -1 food, -1 water, and 5 sleep.
The total tree search depth for this trial was 10346.
The agent accessed its memory 36673 times.
The agent cleared its short-term memory 5 times.
    State prediction error memory resets: 4.
    Hill memory resets: 1.
At time 44 the agent is dead.
The agent had: 0 food, -1 water, and 1 sleep.
The total tree search depth for this trial was 72631.
The agent accessed its memory 260582 times.
The agent cleared its short-term memory 14 times.
    State prediction error memory resets: 13.
    Hill memory resets: 1.
At time 20 the agent is dead.
The agent had: 1 food, -1 water, and 14 sleep.
The total tree search depth for this trial was 24673.
The agent accessed its memory 95345 times.
The agent cleared its short-term memory 10 times.
    State prediction error memory resets: 9.
    Hill memory resets: 1.
At time 20 the agent is dead.
The agent had: 1 food, -1 water, and 4 sleep.
The total tree search depth for this trial was 42561.
The agent accessed its memory 190767 times.
The agent cleared its short-term memory 13 times.
    State prediction error memory resets: 12.
    Hill memory resets: 1.
At time 29 the agent is dead.
The agent had: 0 food, -1 water, and 2 sleep.
The total tree search depth for this trial was 39158.
The agent accessed its memory 143487 times.
The agent cleared its short-term memory 6 times.
    State prediction error memory resets: 5.
    Hill memory resets: 1.
At time 22 the agent is dead.
The agent had: -1 food, 13 water, and 16 sleep.
The total tree search depth for this trial was 11473.
The agent accessed its memory 42523 times.
The agent cleared its short-term memory 7 times.
    State prediction error memory resets: 6.
    Hill memory resets: 1.
At time 39 the agent is dead.
The agent had: 5 food, 1 water, and -1 sleep.
The total tree search depth for this trial was 97571.
The agent accessed its memory 325735 times.
The agent cleared its short-term memory 11 times.
    State prediction error memory resets: 10.
    Hill memory resets: 1.
At time 20 the agent is dead.
The agent had: 8 food, -1 water, and 12 sleep.
The total tree search depth for this trial was 52951.
The agent accessed its memory 177711 times.
The agent cleared its short-term memory 6 times.
    State prediction error memory resets: 5.
    Hill memory resets: 1.
At time 25 the agent is dead.
The agent had: 19 food, 9 water, and -1 sleep.
The total tree search depth for this trial was 15879.
The agent accessed its memory 54056 times.
The agent cleared its short-term memory 7 times.
    State prediction error memory resets: 6.
    Hill memory resets: 1.
At time 20 the agent is dead.
The agent had: 1 food, -1 water, and 4 sleep.
The total tree search depth for this trial was 15558.
The agent accessed its memory 52858 times.
The agent cleared its short-term memory 2 times.
    State prediction error memory resets: 2.
    Hill memory resets: 0.
At time 36 the agent is dead.
The agent had: 16 food, -1 water, and 2 sleep.
The total tree search depth for this trial was 43978.
The agent accessed its memory 145102 times.
The agent cleared its short-term memory 9 times.
    State prediction error memory resets: 8.
    Hill memory resets: 1.
At time 32 the agent is dead.
The agent had: 10 food, -1 water, and 2 sleep.
The total tree search depth for this trial was 74548.
The agent accessed its memory 259195 times.
The agent cleared its short-term memory 6 times.
    State prediction error memory resets: 5.
    Hill memory resets: 1.
At time 29 the agent is dead.
The agent had: -1 food, 9 water, and 9 sleep.
The total tree search depth for this trial was 38255.
The agent accessed its memory 126084 times.
The agent cleared its short-term memory 10 times.
    State prediction error memory resets: 8.
    Hill memory resets: 2.
At time 63 the agent is dead.
The agent had: 0 food, 5 water, and -1 sleep.
The total tree search depth for this trial was 156438.
The agent accessed its memory 565378 times.
The agent cleared its short-term memory 16 times.
    State prediction error memory resets: 15.
    Hill memory resets: 1.
At time 43 the agent is dead.
The agent had: -1 food, 3 water, and 17 sleep.
The total tree search depth for this trial was 75744.
The agent accessed its memory 277929 times.
The agent cleared its short-term memory 11 times.
    State prediction error memory resets: 10.
    Hill memory resets: 1.
At time 59 the agent is dead.
The agent had: -1 food, 14 water, and 5 sleep.
The total tree search depth for this trial was 138070.
The agent accessed its memory 459054 times.
The agent cleared its short-term memory 13 times.
    State prediction error memory resets: 11.
    Hill memory resets: 2.
At time 87 the agent is dead.
The agent had: 1 food, 1 water, and -1 sleep.
The total tree search depth for this trial was 201126.
The agent accessed its memory 665165 times.
The agent cleared its short-term memory 19 times.
    State prediction error memory resets: 17.
    Hill memory resets: 2.
At time 30 the agent is dead.
The agent had: 2 food, -1 water, and 6 sleep.
The total tree search depth for this trial was 84622.
The agent accessed its memory 264961 times.
The agent cleared its short-term memory 11 times.
    State prediction error memory resets: 10.
    Hill memory resets: 1.
At time 50 the agent is dead.
The agent had: -1 food, 6 water, and 8 sleep.
The total tree search depth for this trial was 62344.
The agent accessed its memory 201316 times.
The agent cleared its short-term memory 4 times.
    State prediction error memory resets: 3.
    Hill memory resets: 1.
At time 42 the agent is dead.
The agent had: 2 food, -1 water, and 2 sleep.
The total tree search depth for this trial was 48940.
The agent accessed its memory 156675 times.
The agent cleared its short-term memory 6 times.
    State prediction error memory resets: 4.
    Hill memory resets: 2.
At time 45 the agent is dead.
The agent had: 8 food, -1 water, and 12 sleep.
The total tree search depth for this trial was 104457.
The agent accessed its memory 335699 times.
The agent cleared its short-term memory 11 times.
    State prediction error memory resets: 9.
    Hill memory resets: 2.
At time 22 the agent is dead.
The agent had: -1 food, 11 water, and 22 sleep.
The total tree search depth for this trial was 50187.
The agent accessed its memory 181342 times.
The agent cleared its short-term memory 9 times.
    State prediction error memory resets: 8.
    Hill memory resets: 1.
At time 55 the agent is dead.
The agent had: -1 food, -1 water, and 19 sleep.
The total tree search depth for this trial was 128638.
The agent accessed its memory 428339 times.
The agent cleared its short-term memory 10 times.
    State prediction error memory resets: 8.
    Hill memory resets: 2.
At time 22 the agent is dead.
The agent had: -1 food, 5 water, and 19 sleep.
The total tree search depth for this trial was 53167.
The agent accessed its memory 194521 times.
The agent cleared its short-term memory 6 times.
    State prediction error memory resets: 4.
    Hill memory resets: 2.
At time 34 the agent is dead.
The agent had: 7 food, -1 water, and 2 sleep.
The total tree search depth for this trial was 63366.
The agent accessed its memory 212032 times.
The agent cleared its short-term memory 6 times.
    State prediction error memory resets: 4.
    Hill memory resets: 2.
At time 63 the agent is dead.
The agent had: -1 food, 4 water, and 22 sleep.
The total tree search depth for this trial was 124587.
The agent accessed its memory 389310 times.
The agent cleared its short-term memory 7 times.
    State prediction error memory resets: 5.
    Hill memory resets: 2.
At time 34 the agent is dead.
The agent had: 4 food, -1 water, and 2 sleep.
The total tree search depth for this trial was 76297.
The agent accessed its memory 273196 times.
The agent cleared its short-term memory 6 times.
    State prediction error memory resets: 5.
    Hill memory resets: 1.
At time 22 the agent is dead.
The agent had: -1 food, 10 water, and 21 sleep.
The total tree search depth for this trial was 22679.
The agent accessed its memory 79046 times.
The agent cleared its short-term memory 2 times.
    State prediction error memory resets: 1.
    Hill memory resets: 1.
At time 42 the agent is dead.
The agent had: 8 food, -1 water, and 21 sleep.
The total tree search depth for this trial was 110367.
The agent accessed its memory 370082 times.
The agent cleared its short-term memory 11 times.
    State prediction error memory resets: 10.
    Hill memory resets: 1.
At time 22 the agent is dead.
The agent had: -1 food, 9 water, and 21 sleep.
The total tree search depth for this trial was 59576.
The agent accessed its memory 209931 times.
The agent cleared its short-term memory 6 times.
    State prediction error memory resets: 5.
    Hill memory resets: 1.
At time 87 the agent is dead.
The agent had: -1 food, 1 water, and 20 sleep.
The total tree search depth for this trial was 200810.
The agent accessed its memory 669954 times.
The agent cleared its short-term memory 14 times.
    State prediction error memory resets: 12.
    Hill memory resets: 2.
At time 22 the agent is dead.
The agent had: -1 food, 11 water, and 21 sleep.
The total tree search depth for this trial was 37199.
The agent accessed its memory 123694 times.
The agent cleared its short-term memory 5 times.
    State prediction error memory resets: 4.
    Hill memory resets: 1.
At time 22 the agent is dead.
The agent had: -1 food, 7 water, and 19 sleep.
The total tree search depth for this trial was 29298.
The agent accessed its memory 100089 times.
The agent cleared its short-term memory 4 times.
    State prediction error memory resets: 3.
    Hill memory resets: 1.
At time 82 the agent is dead.
The agent had: -1 food, 14 water, and 12 sleep.
The total tree search depth for this trial was 223224.
The agent accessed its memory 710687 times.
The agent cleared its short-term memory 14 times.
    State prediction error memory resets: 12.
    Hill memory resets: 2.
At time 91 the agent is dead.
The agent had: -1 food, 8 water, and 10 sleep.
The total tree search depth for this trial was 109364.
The agent accessed its memory 342753 times.
The agent cleared its short-term memory 7 times.
    State prediction error memory resets: 6.
    Hill memory resets: 1.
At time 56 the agent is dead.
The agent had: -1 food, 15 water, and 14 sleep.
The total tree search depth for this trial was 75959.
The agent accessed its memory 246308 times.
The agent cleared its short-term memory 6 times.
    State prediction error memory resets: 4.
    Hill memory resets: 2.
At time 22 the agent is dead.
The agent had: -1 food, 10 water, and 21 sleep.
The total tree search depth for this trial was 32423.
The agent accessed its memory 109314 times.
The agent cleared its short-term memory 2 times.
    State prediction error memory resets: 1.
    Hill memory resets: 1.
At time 51 the agent is dead.
The agent had: -1 food, 1 water, and 21 sleep.
The total tree search depth for this trial was 88593.
The agent accessed its memory 283486 times.
The agent cleared its short-term memory 6 times.
    State prediction error memory resets: 5.
    Hill memory resets: 1.
At time 82 the agent is dead.
The agent had: -1 food, 9 water, and 21 sleep.
The total tree search depth for this trial was 126685.
The agent accessed its memory 384168 times.
The agent cleared its short-term memory 7 times.
    State prediction error memory resets: 5.
    Hill memory resets: 2.
At time 40 the agent is dead.
The agent had: -1 food, 14 water, and 3 sleep.
The total tree search depth for this trial was 92154.
The agent accessed its memory 310508 times.
The agent cleared its short-term memory 10 times.
    State prediction error memory resets: 8.
    Hill memory resets: 2.
At time 69 the agent is dead.
The agent had: -1 food, 1 water, and 9 sleep.
The total tree search depth for this trial was 170082.
The agent accessed its memory 535200 times.
The agent cleared its short-term memory 13 times.
    State prediction error memory resets: 11.
    Hill memory resets: 2.
At time 29 the agent is dead.
The agent had: -1 food, 11 water, and 3 sleep.
The total tree search depth for this trial was 67200.
The agent accessed its memory 210902 times.
The agent cleared its short-term memory 8 times.
    State prediction error memory resets: 6.
    Hill memory resets: 2.
At time 56 the agent is dead.
The agent had: -1 food, 15 water, and 14 sleep.
The total tree search depth for this trial was 97746.
The agent accessed its memory 298930 times.
The agent cleared its short-term memory 7 times.
    State prediction error memory resets: 6.
    Hill memory resets: 1.
At time 22 the agent is dead.
The agent had: -1 food, 8 water, and 18 sleep.
The total tree search depth for this trial was 35013.
The agent accessed its memory 114751 times.
The agent cleared its short-term memory 7 times.
    State prediction error memory resets: 6.
    Hill memory resets: 1.
At time 66 the agent is dead.
The agent had: 9 food, -1 water, and 11 sleep.
The total tree search depth for this trial was 91027.
The agent accessed its memory 281305 times.
The agent cleared its short-term memory 6 times.
    State prediction error memory resets: 4.
    Hill memory resets: 2.
At time 32 the agent is dead.
The agent had: -1 food, 3 water, and 11 sleep.
The total tree search depth for this trial was 100450.
The agent accessed its memory 314983 times.
The agent cleared its short-term memory 12 times.
    State prediction error memory resets: 10.
    Hill memory resets: 2.
At time 52 the agent is dead.
The agent had: -1 food, 8 water, and 17 sleep.
The total tree search depth for this trial was 81729.
The agent accessed its memory 248658 times.
The agent cleared its short-term memory 11 times.
    State prediction error memory resets: 9.
    Hill memory resets: 2.
At time 22 the agent is dead.
The agent had: -1 food, 9 water, and 2 sleep.
The total tree search depth for this trial was 44356.
The agent accessed its memory 146029 times.
The agent cleared its short-term memory 6 times.
    State prediction error memory resets: 5.
    Hill memory resets: 1.
At time 61 the agent is dead.
The agent had: -1 food, 9 water, and 19 sleep.
The total tree search depth for this trial was 81092.
The agent accessed its memory 267011 times.
The agent cleared its short-term memory 7 times.
    State prediction error memory resets: 5.
    Hill memory resets: 2.
At time 47 the agent is dead.
The agent had: -1 food, 7 water, and 1 sleep.
The total tree search depth for this trial was 100203.
The agent accessed its memory 345769 times.
The agent cleared its short-term memory 10 times.
    State prediction error memory resets: 6.
    Hill memory resets: 4.
At time 20 the agent is dead.
The agent had: 13 food, -1 water, and 15 sleep.
The total tree search depth for this trial was 53319.
The agent accessed its memory 175198 times.
The agent cleared its short-term memory 5 times.
    State prediction error memory resets: 3.
    Hill memory resets: 2.
At time 22 the agent is dead.
The agent had: -1 food, 7 water, and 18 sleep.
The total tree search depth for this trial was 27207.
The agent accessed its memory 87344 times.
The agent cleared its short-term memory 4 times.
    State prediction error memory resets: 3.
    Hill memory resets: 1.
At time 34 the agent is dead.
The agent had: 4 food, -1 water, and 6 sleep.
The total tree search depth for this trial was 35052.
The agent accessed its memory 104770 times.
The agent cleared its short-term memory 4 times.
    State prediction error memory resets: 3.
    Hill memory resets: 1.
At time 30 the agent is dead.
The agent had: 16 food, -1 water, and 20 sleep.
The total tree search depth for this trial was 51884.
The agent accessed its memory 167318 times.
The agent cleared its short-term memory 5 times.
    State prediction error memory resets: 4.
    Hill memory resets: 1.
At time 22 the agent is dead.
The agent had: -1 food, 7 water, and 18 sleep.
The total tree search depth for this trial was 27235.
The agent accessed its memory 85655 times.
The agent cleared its short-term memory 2 times.
    State prediction error memory resets: 1.
    Hill memory resets: 1.
At time 71 the agent is dead.
The agent had: 3 food, 3 water, and -1 sleep.
The total tree search depth for this trial was 207875.
The agent accessed its memory 669348 times.
The agent cleared its short-term memory 15 times.
    State prediction error memory resets: 12.
    Hill memory resets: 3.
At time 90 the agent is dead.
The agent had: -1 food, 7 water, and 20 sleep.
The total tree search depth for this trial was 135447.
The agent accessed its memory 408425 times.
The agent cleared its short-term memory 14 times.
    State prediction error memory resets: 12.
    Hill memory resets: 2.
At time 44 the agent is dead.
The agent had: -1 food, 1 water, and 10 sleep.
The total tree search depth for this trial was 166655.
The agent accessed its memory 523684 times.
The agent cleared its short-term memory 12 times.
    State prediction error memory resets: 11.
    Hill memory resets: 1.
At time 22 the agent is dead.
The agent had: -1 food, 16 water, and 18 sleep.
The total tree search depth for this trial was 48464.
The agent accessed its memory 154969 times.
The agent cleared its short-term memory 6 times.
    State prediction error memory resets: 4.
    Hill memory resets: 2.
At time 22 the agent is dead.
The agent had: -1 food, 13 water, and 2 sleep.
The total tree search depth for this trial was 52162.
The agent accessed its memory 178195 times.
The agent cleared its short-term memory 9 times.
    State prediction error memory resets: 6.
    Hill memory resets: 3.
At time 61 the agent is dead.
The agent had: -1 food, 15 water, and 14 sleep.
The total tree search depth for this trial was 160649.
The agent accessed its memory 507451 times.
The agent cleared its short-term memory 13 times.
    State prediction error memory resets: 11.
    Hill memory resets: 2.
At time 22 the agent is dead.
The agent had: -1 food, 7 water, and 20 sleep.
The total tree search depth for this trial was 26148.
The agent accessed its memory 82068 times.
The agent cleared its short-term memory 3 times.
    State prediction error memory resets: 2.
    Hill memory resets: 1.
At time 58 the agent is dead.
The agent had: -1 food, 16 water, and 15 sleep.
The total tree search depth for this trial was 205206.
The agent accessed its memory 635087 times.
The agent cleared its short-term memory 13 times.
    State prediction error memory resets: 11.
    Hill memory resets: 2.
At time 20 the agent is dead.
The agent had: 10 food, -1 water, and 19 sleep.
The total tree search depth for this trial was 60535.
The agent accessed its memory 184831 times.
The agent cleared its short-term memory 6 times.
    State prediction error memory resets: 5.
    Hill memory resets: 1.
At time 62 the agent is dead.
The agent had: -1 food, 1 water, and 11 sleep.
The total tree search depth for this trial was 207406.
The agent accessed its memory 659692 times.
The agent cleared its short-term memory 16 times.
    State prediction error memory resets: 12.
    Hill memory resets: 4.
At time 30 the agent is dead.
The agent had: -1 food, 15 water, and 15 sleep.
The total tree search depth for this trial was 98361.
The agent accessed its memory 290779 times.
The agent cleared its short-term memory 7 times.
    State prediction error memory resets: 6.
    Hill memory resets: 1.
At time 84 the agent is dead.
The agent had: -1 food, 7 water, and 20 sleep.
The total tree search depth for this trial was 173960.
The agent accessed its memory 516572 times.
The agent cleared its short-term memory 13 times.
    State prediction error memory resets: 11.
    Hill memory resets: 2.
At time 20 the agent is dead.
The agent had: 8 food, -1 water, and 16 sleep.
The total tree search depth for this trial was 74269.
The agent accessed its memory 221677 times.
The agent cleared its short-term memory 6 times.
    State prediction error memory resets: 5.
    Hill memory resets: 1.
At time 22 the agent is dead.
The agent had: -1 food, 6 water, and 19 sleep.
The total tree search depth for this trial was 29602.
The agent accessed its memory 87930 times.
The agent cleared its short-term memory 3 times.
    State prediction error memory resets: 2.
    Hill memory resets: 1.
At time 20 the agent is dead.
The agent had: 8 food, -1 water, and 4 sleep.
The total tree search depth for this trial was 124485.
The agent accessed its memory 378579 times.
The agent cleared its short-term memory 5 times.
    State prediction error memory resets: 4.
    Hill memory resets: 1.
At time 43 the agent is dead.
The agent had: -1 food, 16 water, and 16 sleep.
The total tree search depth for this trial was 79886.
The agent accessed its memory 241466 times.
The agent cleared its short-term memory 6 times.
    State prediction error memory resets: 5.
    Hill memory resets: 1.
At time 95 the agent is dead.
The agent had: -1 food, 4 water, and 15 sleep.
The total tree search depth for this trial was 174102.
The agent accessed its memory 538519 times.
The agent cleared its short-term memory 12 times.
    State prediction error memory resets: 10.
    Hill memory resets: 2.
At time 38 the agent is dead.
The agent had: -1 food, 8 water, and 11 sleep.
The total tree search depth for this trial was 46126.
The agent accessed its memory 144358 times.
The agent cleared its short-term memory 3 times.
    State prediction error memory resets: 2.
    Hill memory resets: 1.
At time 28 the agent is dead.
The agent had: -1 food, 5 water, and 13 sleep.
The total tree search depth for this trial was 100981.
The agent accessed its memory 309959 times.
The agent cleared its short-term memory 8 times.
    State prediction error memory resets: 7.
    Hill memory resets: 1.
At time 28 the agent is dead.
The agent had: -1 food, 14 water, and 15 sleep.
The total tree search depth for this trial was 68793.
The agent accessed its memory 212204 times.
The agent cleared its short-term memory 5 times.
    State prediction error memory resets: 4.
    Hill memory resets: 1.
At time 71 the agent is dead.
The agent had: -1 food, 5 water, and 16 sleep.
The total tree search depth for this trial was 156222.
The agent accessed its memory 472871 times.
The agent cleared its short-term memory 14 times.
    State prediction error memory resets: 11.
    Hill memory resets: 3.
At time 72 the agent is dead.
The agent had: -1 food, 11 water, and 9 sleep.
The total tree search depth for this trial was 144516.
The agent accessed its memory 432236 times.
The agent cleared its short-term memory 9 times.
    State prediction error memory resets: 7.
    Hill memory resets: 2.
At time 25 the agent is dead.
The agent had: 5 food, 5 water, and -1 sleep.
The total tree search depth for this trial was 125035.
The agent accessed its memory 377506 times.
The agent cleared its short-term memory 7 times.
    State prediction error memory resets: 6.
    Hill memory resets: 1.
At time 51 the agent is dead.
The agent had: 2 food, 8 water, and -1 sleep.
The total tree search depth for this trial was 141155.
The agent accessed its memory 447592 times.
The agent cleared its short-term memory 11 times.
    State prediction error memory resets: 9.
    Hill memory resets: 2.
At time 22 the agent is dead.
The agent had: -1 food, 16 water, and 18 sleep.
The total tree search depth for this trial was 27462.
The agent accessed its memory 82483 times.
The agent cleared its short-term memory 3 times.
    State prediction error memory resets: 2.
    Hill memory resets: 1.
At time 22 the agent is dead.
The agent had: -1 food, 16 water, and 18 sleep.
The total tree search depth for this trial was 24107.
The agent accessed its memory 72227 times.
The agent cleared its short-term memory 1 times.
    State prediction error memory resets: 0.
    Hill memory resets: 1.
At time 28 the agent is dead.
The agent had: 8 food, -1 water, and 2 sleep.
The total tree search depth for this trial was 57933.
The agent accessed its memory 177960 times.
The agent cleared its short-term memory 3 times.
    State prediction error memory resets: 2.
    Hill memory resets: 1.
At time 57 the agent is dead.
The agent had: -1 food, 5 water, and 20 sleep.
The total tree search depth for this trial was 93684.
The agent accessed its memory 288909 times.
The agent cleared its short-term memory 8 times.
    State prediction error memory resets: 6.
    Hill memory resets: 2.
At time 48 the agent is dead.
The agent had: -1 food, 14 water, and 22 sleep.
The total tree search depth for this trial was 159366.
The agent accessed its memory 463206 times.
The agent cleared its short-term memory 11 times.
    State prediction error memory resets: 10.
    Hill memory resets: 1.
