Running Python script with ALGORITHM=SI and SEED=26
At time 20 the agent is dead.
The agent had: 1 food, -1 water, and 4 sleep.
The total tree search depth for this trial was 1112.
The agent accessed its memory 1754 times.
The agent cleared its short-term memory 3 times.
    State prediction error memory resets: 2.
    Hill memory resets: 1.
At time 31 the agent is dead.
The agent had: -1 food, 3 water, and 4 sleep.
The total tree search depth for this trial was 13739.
The agent accessed its memory 42406 times.
The agent cleared its short-term memory 6 times.
    State prediction error memory resets: 6.
    Hill memory resets: 0.
At time 22 the agent is dead.
The agent had: -1 food, 17 water, and 19 sleep.
The total tree search depth for this trial was 6522.
The agent accessed its memory 27510 times.
The agent cleared its short-term memory 12 times.
    State prediction error memory resets: 10.
    Hill memory resets: 2.
At time 22 the agent is dead.
The agent had: -1 food, 15 water, and 14 sleep.
The total tree search depth for this trial was 20098.
The agent accessed its memory 99052 times.
The agent cleared its short-term memory 7 times.
    State prediction error memory resets: 7.
    Hill memory resets: 0.
At time 20 the agent is dead.
The agent had: 1 food, -1 water, and 4 sleep.
The total tree search depth for this trial was 7772.
The agent accessed its memory 40783 times.
The agent cleared its short-term memory 6 times.
    State prediction error memory resets: 6.
    Hill memory resets: 0.
At time 20 the agent is dead.
The agent had: 1 food, -1 water, and 4 sleep.
The total tree search depth for this trial was 4181.
The agent accessed its memory 20475 times.
The agent cleared its short-term memory 13 times.
    State prediction error memory resets: 11.
    Hill memory resets: 2.
At time 20 the agent is dead.
The agent had: 1 food, -1 water, and 4 sleep.
The total tree search depth for this trial was 1789.
The agent accessed its memory 9844 times.
The agent cleared its short-term memory 3 times.
    State prediction error memory resets: 3.
    Hill memory resets: 0.
At time 20 the agent is dead.
The agent had: 1 food, -1 water, and 4 sleep.
The total tree search depth for this trial was 3180.
The agent accessed its memory 17525 times.
The agent cleared its short-term memory 5 times.
    State prediction error memory resets: 5.
    Hill memory resets: 0.
At time 20 the agent is dead.
The agent had: 1 food, -1 water, and 4 sleep.
The total tree search depth for this trial was 2584.
The agent accessed its memory 12032 times.
The agent cleared its short-term memory 8 times.
    State prediction error memory resets: 7.
    Hill memory resets: 1.
At time 20 the agent is dead.
The agent had: 1 food, -1 water, and 4 sleep.
The total tree search depth for this trial was 4575.
The agent accessed its memory 22333 times.
The agent cleared its short-term memory 9 times.
    State prediction error memory resets: 9.
    Hill memory resets: 0.
At time 20 the agent is dead.
The agent had: 1 food, -1 water, and 4 sleep.
The total tree search depth for this trial was 4878.
The agent accessed its memory 20991 times.
The agent cleared its short-term memory 10 times.
    State prediction error memory resets: 7.
    Hill memory resets: 3.
At time 20 the agent is dead.
The agent had: 1 food, -1 water, and 4 sleep.
The total tree search depth for this trial was 21817.
The agent accessed its memory 111338 times.
The agent cleared its short-term memory 7 times.
    State prediction error memory resets: 6.
    Hill memory resets: 1.
At time 20 the agent is dead.
The agent had: 1 food, -1 water, and 4 sleep.
The total tree search depth for this trial was 16966.
The agent accessed its memory 73589 times.
The agent cleared its short-term memory 4 times.
    State prediction error memory resets: 3.
    Hill memory resets: 1.
At time 20 the agent is dead.
The agent had: 1 food, -1 water, and 4 sleep.
The total tree search depth for this trial was 8844.
The agent accessed its memory 36784 times.
The agent cleared its short-term memory 14 times.
    State prediction error memory resets: 13.
    Hill memory resets: 1.
At time 20 the agent is dead.
The agent had: 1 food, -1 water, and 4 sleep.
The total tree search depth for this trial was 18725.
The agent accessed its memory 70168 times.
The agent cleared its short-term memory 13 times.
    State prediction error memory resets: 12.
    Hill memory resets: 1.
At time 20 the agent is dead.
The agent had: 1 food, -1 water, and 4 sleep.
The total tree search depth for this trial was 15113.
The agent accessed its memory 61077 times.
The agent cleared its short-term memory 12 times.
    State prediction error memory resets: 11.
    Hill memory resets: 1.
At time 20 the agent is dead.
The agent had: 1 food, -1 water, and 4 sleep.
The total tree search depth for this trial was 14842.
The agent accessed its memory 67213 times.
The agent cleared its short-term memory 11 times.
    State prediction error memory resets: 10.
    Hill memory resets: 1.
At time 20 the agent is dead.
The agent had: 1 food, -1 water, and 4 sleep.
The total tree search depth for this trial was 14282.
The agent accessed its memory 65088 times.
The agent cleared its short-term memory 11 times.
    State prediction error memory resets: 10.
    Hill memory resets: 1.
At time 20 the agent is dead.
The agent had: 1 food, -1 water, and 4 sleep.
The total tree search depth for this trial was 7702.
The agent accessed its memory 27914 times.
The agent cleared its short-term memory 12 times.
    State prediction error memory resets: 11.
    Hill memory resets: 1.
At time 20 the agent is dead.
The agent had: 1 food, -1 water, and 4 sleep.
The total tree search depth for this trial was 8800.
The agent accessed its memory 35383 times.
The agent cleared its short-term memory 9 times.
    State prediction error memory resets: 6.
    Hill memory resets: 3.
At time 20 the agent is dead.
The agent had: 1 food, -1 water, and 4 sleep.
The total tree search depth for this trial was 6711.
The agent accessed its memory 25766 times.
The agent cleared its short-term memory 8 times.
    State prediction error memory resets: 7.
    Hill memory resets: 1.
At time 20 the agent is dead.
The agent had: 1 food, -1 water, and 4 sleep.
The total tree search depth for this trial was 7176.
The agent accessed its memory 27247 times.
The agent cleared its short-term memory 7 times.
    State prediction error memory resets: 3.
    Hill memory resets: 4.
At time 20 the agent is dead.
The agent had: 1 food, -1 water, and 11 sleep.
The total tree search depth for this trial was 22224.
The agent accessed its memory 89397 times.
The agent cleared its short-term memory 4 times.
    State prediction error memory resets: 3.
    Hill memory resets: 1.
At time 22 the agent is dead.
The agent had: -1 food, 11 water, and 21 sleep.
The total tree search depth for this trial was 9058.
The agent accessed its memory 32567 times.
The agent cleared its short-term memory 4 times.
    State prediction error memory resets: 3.
    Hill memory resets: 1.
At time 20 the agent is dead.
The agent had: 1 food, -1 water, and 4 sleep.
The total tree search depth for this trial was 8154.
The agent accessed its memory 27553 times.
The agent cleared its short-term memory 10 times.
    State prediction error memory resets: 9.
    Hill memory resets: 1.
At time 20 the agent is dead.
The agent had: 1 food, -1 water, and 4 sleep.
The total tree search depth for this trial was 9619.
The agent accessed its memory 34036 times.
The agent cleared its short-term memory 3 times.
    State prediction error memory resets: 2.
    Hill memory resets: 1.
At time 25 the agent is dead.
The agent had: 18 food, 11 water, and -1 sleep.
The total tree search depth for this trial was 19072.
The agent accessed its memory 72970 times.
The agent cleared its short-term memory 7 times.
    State prediction error memory resets: 5.
    Hill memory resets: 2.
At time 20 the agent is dead.
The agent had: 16 food, -1 water, and 4 sleep.
The total tree search depth for this trial was 7532.
The agent accessed its memory 25296 times.
The agent cleared its short-term memory 9 times.
    State prediction error memory resets: 8.
    Hill memory resets: 1.
At time 20 the agent is dead.
The agent had: 1 food, -1 water, and 4 sleep.
The total tree search depth for this trial was 18163.
The agent accessed its memory 68690 times.
The agent cleared its short-term memory 3 times.
    State prediction error memory resets: 2.
    Hill memory resets: 1.
At time 20 the agent is dead.
The agent had: 1 food, -1 water, and 4 sleep.
The total tree search depth for this trial was 15084.
The agent accessed its memory 48672 times.
The agent cleared its short-term memory 10 times.
    State prediction error memory resets: 9.
    Hill memory resets: 1.
At time 20 the agent is dead.
The agent had: 1 food, -1 water, and 4 sleep.
The total tree search depth for this trial was 20738.
The agent accessed its memory 68793 times.
The agent cleared its short-term memory 11 times.
    State prediction error memory resets: 7.
    Hill memory resets: 4.
At time 20 the agent is dead.
The agent had: 1 food, -1 water, and 4 sleep.
The total tree search depth for this trial was 6489.
The agent accessed its memory 20753 times.
The agent cleared its short-term memory 4 times.
    State prediction error memory resets: 2.
    Hill memory resets: 2.
At time 25 the agent is dead.
The agent had: 2 food, 2 water, and -1 sleep.
The total tree search depth for this trial was 40749.
The agent accessed its memory 135561 times.
The agent cleared its short-term memory 8 times.
    State prediction error memory resets: 7.
    Hill memory resets: 1.
At time 28 the agent is dead.
The agent had: -1 food, 15 water, and 19 sleep.
The total tree search depth for this trial was 50236.
The agent accessed its memory 165169 times.
The agent cleared its short-term memory 8 times.
    State prediction error memory resets: 7.
    Hill memory resets: 1.
At time 20 the agent is dead.
The agent had: 1 food, -1 water, and 4 sleep.
The total tree search depth for this trial was 11506.
The agent accessed its memory 42885 times.
The agent cleared its short-term memory 3 times.
    State prediction error memory resets: 1.
    Hill memory resets: 2.
At time 20 the agent is dead.
The agent had: 1 food, -1 water, and 12 sleep.
The total tree search depth for this trial was 33777.
The agent accessed its memory 113250 times.
The agent cleared its short-term memory 5 times.
    State prediction error memory resets: 3.
    Hill memory resets: 2.
At time 40 the agent is dead.
The agent had: -1 food, 16 water, and 20 sleep.
The total tree search depth for this trial was 112781.
The agent accessed its memory 377147 times.
The agent cleared its short-term memory 17 times.
    State prediction error memory resets: 14.
    Hill memory resets: 3.
At time 20 the agent is dead.
The agent had: 1 food, -1 water, and 4 sleep.
The total tree search depth for this trial was 62712.
The agent accessed its memory 271022 times.
The agent cleared its short-term memory 11 times.
    State prediction error memory resets: 10.
    Hill memory resets: 1.
At time 20 the agent is dead.
The agent had: 1 food, -1 water, and 4 sleep.
The total tree search depth for this trial was 19875.
The agent accessed its memory 77613 times.
The agent cleared its short-term memory 8 times.
    State prediction error memory resets: 5.
    Hill memory resets: 3.
At time 20 the agent is dead.
The agent had: 1 food, -1 water, and 4 sleep.
The total tree search depth for this trial was 25011.
The agent accessed its memory 94533 times.
The agent cleared its short-term memory 7 times.
    State prediction error memory resets: 6.
    Hill memory resets: 1.
At time 20 the agent is dead.
The agent had: 1 food, -1 water, and 4 sleep.
The total tree search depth for this trial was 27501.
The agent accessed its memory 102659 times.
The agent cleared its short-term memory 8 times.
    State prediction error memory resets: 4.
    Hill memory resets: 4.
At time 28 the agent is dead.
The agent had: -1 food, 2 water, and 21 sleep.
The total tree search depth for this trial was 116135.
The agent accessed its memory 378411 times.
The agent cleared its short-term memory 13 times.
    State prediction error memory resets: 12.
    Hill memory resets: 1.
At time 64 the agent is dead.
The agent had: 11 food, -1 water, and 11 sleep.
The total tree search depth for this trial was 191284.
The agent accessed its memory 644240 times.
The agent cleared its short-term memory 27 times.
    State prediction error memory resets: 24.
    Hill memory resets: 3.
At time 28 the agent is dead.
The agent had: -1 food, 16 water, and 22 sleep.
The total tree search depth for this trial was 56427.
The agent accessed its memory 174461 times.
The agent cleared its short-term memory 5 times.
    State prediction error memory resets: 4.
    Hill memory resets: 1.
At time 20 the agent is dead.
The agent had: 1 food, -1 water, and 4 sleep.
The total tree search depth for this trial was 49638.
The agent accessed its memory 193723 times.
The agent cleared its short-term memory 7 times.
    State prediction error memory resets: 5.
    Hill memory resets: 2.
At time 67 the agent is dead.
The agent had: 2 food, -1 water, and 6 sleep.
The total tree search depth for this trial was 197999.
The agent accessed its memory 654771 times.
The agent cleared its short-term memory 21 times.
    State prediction error memory resets: 17.
    Hill memory resets: 4.
At time 53 the agent is dead.
The agent had: 7 food, -1 water, and 11 sleep.
The total tree search depth for this trial was 104048.
The agent accessed its memory 318126 times.
The agent cleared its short-term memory 11 times.
    State prediction error memory resets: 10.
    Hill memory resets: 1.
At time 22 the agent is dead.
The agent had: -1 food, 8 water, and 2 sleep.
The total tree search depth for this trial was 49923.
The agent accessed its memory 177335 times.
The agent cleared its short-term memory 7 times.
    State prediction error memory resets: 6.
    Hill memory resets: 1.
At time 36 the agent is dead.
The agent had: -1 food, 13 water, and 21 sleep.
The total tree search depth for this trial was 128902.
The agent accessed its memory 399293 times.
The agent cleared its short-term memory 9 times.
    State prediction error memory resets: 7.
    Hill memory resets: 2.
At time 28 the agent is dead.
The agent had: -1 food, 16 water, and 20 sleep.
The total tree search depth for this trial was 66973.
The agent accessed its memory 212021 times.
The agent cleared its short-term memory 6 times.
    State prediction error memory resets: 5.
    Hill memory resets: 1.
At time 22 the agent is dead.
The agent had: -1 food, 6 water, and 21 sleep.
The total tree search depth for this trial was 18413.
The agent accessed its memory 59590 times.
The agent cleared its short-term memory 2 times.
    State prediction error memory resets: 1.
    Hill memory resets: 1.
At time 25 the agent is dead.
The agent had: 13 food, 15 water, and -1 sleep.
The total tree search depth for this trial was 27024.
The agent accessed its memory 89136 times.
The agent cleared its short-term memory 7 times.
    State prediction error memory resets: 6.
    Hill memory resets: 1.
At time 29 the agent is dead.
The agent had: -1 food, 15 water, and 21 sleep.
The total tree search depth for this trial was 59517.
The agent accessed its memory 195412 times.
The agent cleared its short-term memory 5 times.
    State prediction error memory resets: 3.
    Hill memory resets: 2.
At time 59 the agent is dead.
The agent had: 9 food, -1 water, and 11 sleep.
The total tree search depth for this trial was 89619.
The agent accessed its memory 296437 times.
The agent cleared its short-term memory 14 times.
    State prediction error memory resets: 11.
    Hill memory resets: 3.
At time 85 the agent is dead.
The agent had: -1 food, 10 water, and 19 sleep.
The total tree search depth for this trial was 136285.
The agent accessed its memory 444960 times.
The agent cleared its short-term memory 14 times.
    State prediction error memory resets: 12.
    Hill memory resets: 2.
At time 20 the agent is dead.
The agent had: 1 food, -1 water, and 4 sleep.
The total tree search depth for this trial was 40906.
The agent accessed its memory 133000 times.
The agent cleared its short-term memory 4 times.
    State prediction error memory resets: 2.
    Hill memory resets: 2.
At time 28 the agent is dead.
The agent had: -1 food, 7 water, and 21 sleep.
The total tree search depth for this trial was 134409.
The agent accessed its memory 447652 times.
The agent cleared its short-term memory 6 times.
    State prediction error memory resets: 5.
    Hill memory resets: 1.
At time 54 the agent is dead.
The agent had: -1 food, -1 water, and 12 sleep.
The total tree search depth for this trial was 200449.
The agent accessed its memory 693383 times.
The agent cleared its short-term memory 16 times.
    State prediction error memory resets: 14.
    Hill memory resets: 2.
At time 33 the agent is dead.
The agent had: -1 food, -1 water, and 0 sleep.
The total tree search depth for this trial was 118004.
The agent accessed its memory 375139 times.
The agent cleared its short-term memory 9 times.
    State prediction error memory resets: 8.
    Hill memory resets: 1.
At time 79 the agent is dead.
The agent had: 7 food, -1 water, and 15 sleep.
The total tree search depth for this trial was 226119.
The agent accessed its memory 743494 times.
The agent cleared its short-term memory 16 times.
    State prediction error memory resets: 14.
    Hill memory resets: 2.
At time 31 the agent is dead.
The agent had: 4 food, -1 water, and 6 sleep.
The total tree search depth for this trial was 29141.
The agent accessed its memory 89394 times.
The agent cleared its short-term memory 6 times.
    State prediction error memory resets: 5.
    Hill memory resets: 1.
At time 55 the agent is dead.
The agent had: 9 food, -1 water, and 13 sleep.
The total tree search depth for this trial was 183256.
The agent accessed its memory 618918 times.
The agent cleared its short-term memory 16 times.
    State prediction error memory resets: 13.
    Hill memory resets: 3.
At time 85 the agent is dead.
The agent had: -1 food, 1 water, and 5 sleep.
The total tree search depth for this trial was 285930.
The agent accessed its memory 951392 times.
The agent cleared its short-term memory 23 times.
    State prediction error memory resets: 22.
    Hill memory resets: 1.
At time 28 the agent is dead.
The agent had: 3 food, -1 water, and 11 sleep.
The total tree search depth for this trial was 138141.
The agent accessed its memory 462384 times.
The agent cleared its short-term memory 9 times.
    State prediction error memory resets: 8.
    Hill memory resets: 1.
At time 36 the agent is dead.
The agent had: -1 food, 1 water, and 22 sleep.
The total tree search depth for this trial was 81372.
The agent accessed its memory 268139 times.
The agent cleared its short-term memory 9 times.
    State prediction error memory resets: 7.
    Hill memory resets: 2.
At time 79 the agent is dead.
The agent had: -1 food, 3 water, and 15 sleep.
The total tree search depth for this trial was 209391.
The agent accessed its memory 686784 times.
The agent cleared its short-term memory 15 times.
    State prediction error memory resets: 13.
    Hill memory resets: 2.
At time 75 the agent is dead.
The agent had: -1 food, 4 water, and 14 sleep.
The total tree search depth for this trial was 189123.
The agent accessed its memory 609901 times.
The agent cleared its short-term memory 18 times.
    State prediction error memory resets: 17.
    Hill memory resets: 1.
At time 20 the agent is dead.
The agent had: 1 food, -1 water, and 4 sleep.
The total tree search depth for this trial was 38839.
The agent accessed its memory 134961 times.
The agent cleared its short-term memory 6 times.
    State prediction error memory resets: 4.
    Hill memory resets: 2.
At time 30 the agent is dead.
The agent had: -1 food, 3 water, and 9 sleep.
The total tree search depth for this trial was 95680.
The agent accessed its memory 310766 times.
The agent cleared its short-term memory 7 times.
    State prediction error memory resets: 6.
    Hill memory resets: 1.
At time 59 the agent is dead.
The agent had: 10 food, 6 water, and -1 sleep.
The total tree search depth for this trial was 164320.
The agent accessed its memory 529188 times.
The agent cleared its short-term memory 7 times.
    State prediction error memory resets: 6.
    Hill memory resets: 1.
At time 61 the agent is dead.
The agent had: 15 food, 11 water, and -1 sleep.
The total tree search depth for this trial was 128412.
The agent accessed its memory 423959 times.
The agent cleared its short-term memory 15 times.
    State prediction error memory resets: 11.
    Hill memory resets: 4.
At time 20 the agent is dead.
The agent had: 1 food, -1 water, and 10 sleep.
The total tree search depth for this trial was 51311.
The agent accessed its memory 152556 times.
The agent cleared its short-term memory 3 times.
    State prediction error memory resets: 2.
    Hill memory resets: 1.
At time 30 the agent is dead.
The agent had: -1 food, -1 water, and 12 sleep.
The total tree search depth for this trial was 203144.
The agent accessed its memory 664412 times.
The agent cleared its short-term memory 13 times.
    State prediction error memory resets: 12.
    Hill memory resets: 1.
At time 69 the agent is dead.
The agent had: -1 food, 15 water, and 16 sleep.
The total tree search depth for this trial was 130051.
The agent accessed its memory 412656 times.
The agent cleared its short-term memory 14 times.
    State prediction error memory resets: 12.
    Hill memory resets: 2.
At time 20 the agent is dead.
The agent had: 1 food, -1 water, and 4 sleep.
The total tree search depth for this trial was 46815.
The agent accessed its memory 156324 times.
The agent cleared its short-term memory 5 times.
    State prediction error memory resets: 4.
    Hill memory resets: 1.
At time 81 the agent is dead.
The agent had: 1 food, 10 water, and -1 sleep.
The total tree search depth for this trial was 170920.
The agent accessed its memory 548215 times.
The agent cleared its short-term memory 13 times.
    State prediction error memory resets: 11.
    Hill memory resets: 2.
At time 20 the agent is dead.
The agent had: 10 food, -1 water, and 4 sleep.
The total tree search depth for this trial was 73474.
The agent accessed its memory 246692 times.
The agent cleared its short-term memory 8 times.
    State prediction error memory resets: 7.
    Hill memory resets: 1.
At time 48 the agent is dead.
The agent had: -1 food, 6 water, and 21 sleep.
The total tree search depth for this trial was 124087.
The agent accessed its memory 395929 times.
The agent cleared its short-term memory 6 times.
    State prediction error memory resets: 5.
    Hill memory resets: 1.
At time 81 the agent is dead.
The agent had: -1 food, 7 water, and 17 sleep.
The total tree search depth for this trial was 260431.
The agent accessed its memory 896193 times.
The agent cleared its short-term memory 20 times.
    State prediction error memory resets: 16.
    Hill memory resets: 4.
At time 42 the agent is dead.
The agent had: -1 food, 15 water, and 17 sleep.
The total tree search depth for this trial was 65479.
The agent accessed its memory 205930 times.
The agent cleared its short-term memory 7 times.
    State prediction error memory resets: 6.
    Hill memory resets: 1.
At time 55 the agent is dead.
The agent had: 3 food, 5 water, and -1 sleep.
The total tree search depth for this trial was 155306.
The agent accessed its memory 493272 times.
The agent cleared its short-term memory 11 times.
    State prediction error memory resets: 10.
    Hill memory resets: 1.
At time 41 the agent is dead.
The agent had: -1 food, -1 water, and 10 sleep.
The total tree search depth for this trial was 115621.
The agent accessed its memory 357115 times.
The agent cleared its short-term memory 6 times.
    State prediction error memory resets: 5.
    Hill memory resets: 1.
At time 22 the agent is dead.
The agent had: -1 food, 12 water, and 22 sleep.
The total tree search depth for this trial was 45428.
The agent accessed its memory 143229 times.
The agent cleared its short-term memory 2 times.
    State prediction error memory resets: 1.
    Hill memory resets: 1.
At time 36 the agent is dead.
The agent had: 2 food, -1 water, and 7 sleep.
The total tree search depth for this trial was 52811.
The agent accessed its memory 169686 times.
The agent cleared its short-term memory 6 times.
    State prediction error memory resets: 4.
    Hill memory resets: 2.
At time 32 the agent is dead.
The agent had: -1 food, 5 water, and 16 sleep.
The total tree search depth for this trial was 76634.
The agent accessed its memory 254074 times.
The agent cleared its short-term memory 6 times.
    State prediction error memory resets: 4.
    Hill memory resets: 2.
At time 22 the agent is dead.
The agent had: -1 food, 6 water, and 19 sleep.
The total tree search depth for this trial was 28543.
The agent accessed its memory 89307 times.
The agent cleared its short-term memory 1 times.
    State prediction error memory resets: 0.
    Hill memory resets: 1.
At time 76 the agent is dead.
The agent had: -1 food, 7 water, and 20 sleep.
The total tree search depth for this trial was 249340.
The agent accessed its memory 757826 times.
The agent cleared its short-term memory 16 times.
    State prediction error memory resets: 14.
    Hill memory resets: 2.
At time 36 the agent is dead.
The agent had: 9 food, -1 water, and 6 sleep.
The total tree search depth for this trial was 150586.
The agent accessed its memory 481943 times.
The agent cleared its short-term memory 15 times.
    State prediction error memory resets: 12.
    Hill memory resets: 3.
At time 20 the agent is dead.
The agent had: 1 food, -1 water, and 4 sleep.
The total tree search depth for this trial was 44418.
The agent accessed its memory 139718 times.
The agent cleared its short-term memory 5 times.
    State prediction error memory resets: 4.
    Hill memory resets: 1.
At time 22 the agent is dead.
The agent had: -1 food, 12 water, and 2 sleep.
The total tree search depth for this trial was 46520.
The agent accessed its memory 146104 times.
The agent cleared its short-term memory 4 times.
    State prediction error memory resets: 3.
    Hill memory resets: 1.
At time 31 the agent is dead.
The agent had: -1 food, 11 water, and 19 sleep.
The total tree search depth for this trial was 96944.
The agent accessed its memory 319162 times.
The agent cleared its short-term memory 8 times.
    State prediction error memory resets: 6.
    Hill memory resets: 2.
At time 20 the agent is dead.
The agent had: 1 food, -1 water, and 4 sleep.
The total tree search depth for this trial was 25085.
The agent accessed its memory 81742 times.
The agent cleared its short-term memory 4 times.
    State prediction error memory resets: 2.
    Hill memory resets: 2.
At time 20 the agent is dead.
The agent had: 1 food, -1 water, and 4 sleep.
The total tree search depth for this trial was 26903.
The agent accessed its memory 90352 times.
The agent cleared its short-term memory 4 times.
    State prediction error memory resets: 2.
    Hill memory resets: 2.
At time 20 the agent is dead.
The agent had: 1 food, -1 water, and 4 sleep.
The total tree search depth for this trial was 16049.
The agent accessed its memory 51032 times.
The agent cleared its short-term memory 2 times.
    State prediction error memory resets: 1.
    Hill memory resets: 1.
At time 92 the agent is dead.
The agent had: -1 food, 16 water, and 14 sleep.
The total tree search depth for this trial was 164534.
The agent accessed its memory 521802 times.
The agent cleared its short-term memory 10 times.
    State prediction error memory resets: 8.
    Hill memory resets: 2.
At time 43 the agent is dead.
The agent had: -1 food, 1 water, and 11 sleep.
The total tree search depth for this trial was 103340.
The agent accessed its memory 344383 times.
The agent cleared its short-term memory 7 times.
    State prediction error memory resets: 6.
    Hill memory resets: 1.
At time 49 the agent is dead.
The agent had: -1 food, 7 water, and 20 sleep.
The total tree search depth for this trial was 131655.
The agent accessed its memory 421672 times.
The agent cleared its short-term memory 11 times.
    State prediction error memory resets: 9.
    Hill memory resets: 2.
At time 22 the agent is dead.
The agent had: -1 food, 16 water, and 18 sleep.
The total tree search depth for this trial was 29894.
The agent accessed its memory 92883 times.
The agent cleared its short-term memory 2 times.
    State prediction error memory resets: 1.
    Hill memory resets: 1.
At time 65 the agent is dead.
The agent had: -1 food, 14 water, and 9 sleep.
The total tree search depth for this trial was 95634.
The agent accessed its memory 289612 times.
The agent cleared its short-term memory 9 times.
    State prediction error memory resets: 7.
    Hill memory resets: 2.
At time 29 the agent is dead.
The agent had: -1 food, 1 water, and 12 sleep.
The total tree search depth for this trial was 45667.
The agent accessed its memory 145478 times.
The agent cleared its short-term memory 5 times.
    State prediction error memory resets: 3.
    Hill memory resets: 2.
At time 64 the agent is dead.
The agent had: 3 food, 4 water, and -1 sleep.
The total tree search depth for this trial was 160305.
The agent accessed its memory 535342 times.
The agent cleared its short-term memory 10 times.
    State prediction error memory resets: 9.
    Hill memory resets: 1.
At time 53 the agent is dead.
The agent had: -1 food, 9 water, and 20 sleep.
The total tree search depth for this trial was 89640.
The agent accessed its memory 287708 times.
The agent cleared its short-term memory 6 times.
    State prediction error memory resets: 5.
    Hill memory resets: 1.
At time 46 the agent is dead.
The agent had: 13 food, -1 water, and 2 sleep.
The total tree search depth for this trial was 77592.
The agent accessed its memory 252873 times.
The agent cleared its short-term memory 8 times.
    State prediction error memory resets: 6.
    Hill memory resets: 2.
At time 58 the agent is dead.
The agent had: -1 food, 2 water, and 19 sleep.
The total tree search depth for this trial was 164946.
The agent accessed its memory 514570 times.
The agent cleared its short-term memory 13 times.
    State prediction error memory resets: 10.
    Hill memory resets: 3.
At time 31 the agent is dead.
The agent had: 3 food, -1 water, and 8 sleep.
The total tree search depth for this trial was 64266.
The agent accessed its memory 201642 times.
The agent cleared its short-term memory 6 times.
    State prediction error memory resets: 3.
    Hill memory resets: 3.
At time 93 the agent is dead.
The agent had: -1 food, 11 water, and 9 sleep.
The total tree search depth for this trial was 235589.
The agent accessed its memory 723443 times.
The agent cleared its short-term memory 16 times.
    State prediction error memory resets: 13.
    Hill memory resets: 3.
At time 83 the agent is dead.
The agent had: -1 food, 5 water, and 14 sleep.
The total tree search depth for this trial was 130636.
The agent accessed its memory 403645 times.
The agent cleared its short-term memory 14 times.
    State prediction error memory resets: 12.
    Hill memory resets: 2.
At time 22 the agent is dead.
The agent had: -1 food, 8 water, and 16 sleep.
The total tree search depth for this trial was 42768.
The agent accessed its memory 138501 times.
The agent cleared its short-term memory 6 times.
    State prediction error memory resets: 5.
    Hill memory resets: 1.
At time 20 the agent is dead.
The agent had: 1 food, -1 water, and 4 sleep.
The total tree search depth for this trial was 42390.
The agent accessed its memory 137142 times.
The agent cleared its short-term memory 8 times.
    State prediction error memory resets: 3.
    Hill memory resets: 5.
At time 72 the agent is dead.
The agent had: 10 food, -1 water, and 20 sleep.
The total tree search depth for this trial was 88464.
The agent accessed its memory 270550 times.
The agent cleared its short-term memory 6 times.
    State prediction error memory resets: 5.
    Hill memory resets: 1.
At time 20 the agent is dead.
The agent had: 13 food, -1 water, and 20 sleep.
The total tree search depth for this trial was 47822.
The agent accessed its memory 157226 times.
The agent cleared its short-term memory 8 times.
    State prediction error memory resets: 6.
    Hill memory resets: 2.
At time 64 the agent is dead.
The agent had: -1 food, 4 water, and 19 sleep.
The total tree search depth for this trial was 105946.
The agent accessed its memory 336160 times.
The agent cleared its short-term memory 13 times.
    State prediction error memory resets: 10.
    Hill memory resets: 3.
At time 59 the agent is dead.
The agent had: -1 food, 16 water, and 17 sleep.
The total tree search depth for this trial was 121876.
The agent accessed its memory 372209 times.
The agent cleared its short-term memory 10 times.
    State prediction error memory resets: 8.
    Hill memory resets: 2.
At time 69 the agent is dead.
The agent had: -1 food, 6 water, and -1 sleep.
The total tree search depth for this trial was 172489.
The agent accessed its memory 532978 times.
The agent cleared its short-term memory 15 times.
    State prediction error memory resets: 11.
    Hill memory resets: 4.
At time 22 the agent is dead.
The agent had: -1 food, 7 water, and 19 sleep.
The total tree search depth for this trial was 40959.
The agent accessed its memory 124382 times.
The agent cleared its short-term memory 5 times.
    State prediction error memory resets: 4.
    Hill memory resets: 1.
