Running main with ALGORITHM=SI, SEED=1, HORIZON=2, K_FACTOR=0.7, ROOT_FOLDER=/home/grmstj001, MCT=3, NUM_MCT=100, AUTO_REST=

                            < M A T L A B (R) >
                  Copyright 1984-2024 The MathWorks, Inc.
                  R2024a (24.1.0.2537033) 64-bit (glnxa64)
                             February 21, 2024

 
To get started, type doc.
For product information, visit www.mathworks.com.
 
Algorithm: SI
Seed: 1
Horizon: 2
K-factor: 0.70
Root folder: /home/grmstj001
MCT: 3
Number of MCT: 100
Auto restore: 0
Results file name: 

ans = 

  struct with fields:

     Type: 'twister'
     Seed: 1
    State: [625x1 uint32]


----------------------------------------
TRIAL 1 STARTED
----------------------------------------
Start Time: 2024-05-13 13:29:47
At time step 21 the agent is dead
The agent had 2 food, 0 water, and 5 sleep.
The total tree search depth for this trial was 1874. 
The agent accessed its memory 21941 times. 
The agent cleared its short-term memory 9 times. 
     State prediction error memory resets: 8. 
     Hill memory resets: 1. 
TRIAL 1 COMPLETE ✔
End Time: 2024-05-13 13:29:56
Total runtime for this trial (minutes/seconds): 00:09
----------------------------------------
Total hill visits: 1. 
Total prediction errors: 8. 
Total search depth: 1874. 
Total times memory accessed: 21941. 
Total times 25 >= t <= 50: 0. 
Total times 50 >= t <= 75: 0. 
Total times 75 >= t <= 100: 0. 
Total times t == 100: 0. 
Total time steps survived: 22. 
Total runtime so far (hours/minutes/seconds): 00:00:09
----------------------------------------

----------------------------------------
TRIAL 2 STARTED
----------------------------------------
Start Time: 2024-05-13 13:29:55
At time step 21 the agent is dead
The agent had 2 food, 0 water, and 14 sleep.
The total tree search depth for this trial was 5854. 
The agent accessed its memory 47823 times. 
The agent cleared its short-term memory 14 times. 
     State prediction error memory resets: 13. 
     Hill memory resets: 1. 
TRIAL 2 COMPLETE ✔
End Time: 2024-05-13 13:30:05
Total runtime for this trial (minutes/seconds): 00:10
----------------------------------------
Total hill visits: 2. 
Total prediction errors: 21. 
Total search depth: 7728. 
Total times memory accessed: 69764. 
Total times 25 >= t <= 50: 0. 
Total times 50 >= t <= 75: 0. 
Total times 75 >= t <= 100: 0. 
Total times t == 100: 0. 
Total time steps survived: 44. 
Total runtime so far (hours/minutes/seconds): 00:00:18
----------------------------------------

----------------------------------------
TRIAL 3 STARTED
----------------------------------------
Start Time: 2024-05-13 13:30:04
At time step 21 the agent is dead
The agent had 2 food, 0 water, and 5 sleep.
The total tree search depth for this trial was 1667. 
The agent accessed its memory 17161 times. 
The agent cleared its short-term memory 12 times. 
     State prediction error memory resets: 12. 
     Hill memory resets: 0. 
TRIAL 3 COMPLETE ✔
End Time: 2024-05-13 13:30:08
Total runtime for this trial (minutes/seconds): 00:04
----------------------------------------
Total hill visits: 2. 
Total prediction errors: 33. 
Total search depth: 9395. 
Total times memory accessed: 86925. 
Total times 25 >= t <= 50: 0. 
Total times 50 >= t <= 75: 0. 
Total times 75 >= t <= 100: 0. 
Total times t == 100: 0. 
Total time steps survived: 66. 
Total runtime so far (hours/minutes/seconds): 00:00:21
----------------------------------------

----------------------------------------
TRIAL 4 STARTED
----------------------------------------
Start Time: 2024-05-13 13:30:07
At time step 21 the agent is dead
The agent had 2 food, 0 water, and 5 sleep.
The total tree search depth for this trial was 2552. 
The agent accessed its memory 22481 times. 
The agent cleared its short-term memory 14 times. 
     State prediction error memory resets: 14. 
     Hill memory resets: 0. 
TRIAL 4 COMPLETE ✔
End Time: 2024-05-13 13:30:13
Total runtime for this trial (minutes/seconds): 00:06
----------------------------------------
Total hill visits: 2. 
Total prediction errors: 47. 
Total search depth: 11947. 
Total times memory accessed: 109406. 
Total times 25 >= t <= 50: 0. 
Total times 50 >= t <= 75: 0. 
Total times 75 >= t <= 100: 0. 
Total times t == 100: 0. 
Total time steps survived: 88. 
Total runtime so far (hours/minutes/seconds): 00:00:26
----------------------------------------

----------------------------------------
TRIAL 5 STARTED
----------------------------------------
Start Time: 2024-05-13 13:30:12
At time step 21 the agent is dead
The agent had 2 food, 0 water, and 5 sleep.
The total tree search depth for this trial was 1304. 
The agent accessed its memory 14686 times. 
The agent cleared its short-term memory 8 times. 
     State prediction error memory resets: 8. 
     Hill memory resets: 0. 
TRIAL 5 COMPLETE ✔
End Time: 2024-05-13 13:30:17
Total runtime for this trial (minutes/seconds): 00:05
----------------------------------------
Total hill visits: 2. 
Total prediction errors: 55. 
Total search depth: 13251. 
Total times memory accessed: 124092. 
Total times 25 >= t <= 50: 0. 
Total times 50 >= t <= 75: 0. 
Total times 75 >= t <= 100: 0. 
Total times t == 100: 0. 
Total time steps survived: 110. 
Total runtime so far (hours/minutes/seconds): 00:00:30
----------------------------------------

----------------------------------------
TRIAL 6 STARTED
----------------------------------------
Start Time: 2024-05-13 13:30:16
At time step 21 the agent is dead
The agent had 2 food, 0 water, and 5 sleep.
The total tree search depth for this trial was 1619. 
The agent accessed its memory 18336 times. 
The agent cleared its short-term memory 9 times. 
     State prediction error memory resets: 9. 
     Hill memory resets: 0. 
TRIAL 6 COMPLETE ✔
End Time: 2024-05-13 13:30:20
Total runtime for this trial (minutes/seconds): 00:04
----------------------------------------
Total hill visits: 2. 
Total prediction errors: 64. 
Total search depth: 14870. 
Total times memory accessed: 142428. 
Total times 25 >= t <= 50: 0. 
Total times 50 >= t <= 75: 0. 
Total times 75 >= t <= 100: 0. 
Total times t == 100: 0. 
Total time steps survived: 132. 
Total runtime so far (hours/minutes/seconds): 00:00:33
----------------------------------------

----------------------------------------
TRIAL 7 STARTED
----------------------------------------
Start Time: 2024-05-13 13:30:19
At time step 26 the agent is dead
The agent had 10 food, 6 water, and 0 sleep.
The total tree search depth for this trial was 16175. 
The agent accessed its memory 121010 times. 
The agent cleared its short-term memory 7 times. 
     State prediction error memory resets: 6. 
     Hill memory resets: 1. 
TRIAL 7 COMPLETE ✔
End Time: 2024-05-13 13:30:38
Total runtime for this trial (minutes/seconds): 00:19
----------------------------------------
Total hill visits: 3. 
Total prediction errors: 70. 
Total search depth: 31045. 
Total times memory accessed: 263438. 
Total times 25 >= t <= 50: 1. 
Total times 50 >= t <= 75: 0. 
Total times 75 >= t <= 100: 0. 
Total times t == 100: 0. 
Total time steps survived: 159. 
Total runtime so far (hours/minutes/seconds): 00:00:51
----------------------------------------

----------------------------------------
TRIAL 8 STARTED
----------------------------------------
Start Time: 2024-05-13 13:30:37
At time step 21 the agent is dead
The agent had 2 food, 0 water, and 5 sleep.
The total tree search depth for this trial was 6060. 
The agent accessed its memory 48309 times. 
The agent cleared its short-term memory 9 times. 
     State prediction error memory resets: 7. 
     Hill memory resets: 2. 
TRIAL 8 COMPLETE ✔
End Time: 2024-05-13 13:30:47
Total runtime for this trial (minutes/seconds): 00:10
----------------------------------------
Total hill visits: 5. 
Total prediction errors: 77. 
Total search depth: 37105. 
Total times memory accessed: 311747. 
Total times 25 >= t <= 50: 1. 
Total times 50 >= t <= 75: 0. 
Total times 75 >= t <= 100: 0. 
Total times t == 100: 0. 
Total time steps survived: 181. 
Total runtime so far (hours/minutes/seconds): 00:01:00
----------------------------------------

----------------------------------------
TRIAL 9 STARTED
----------------------------------------
Start Time: 2024-05-13 13:30:46
At time step 21 the agent is dead
The agent had 2 food, 0 water, and 5 sleep.
The total tree search depth for this trial was 2169. 
The agent accessed its memory 18218 times. 
The agent cleared its short-term memory 14 times. 
     State prediction error memory resets: 14. 
     Hill memory resets: 0. 
TRIAL 9 COMPLETE ✔
End Time: 2024-05-13 13:30:52
Total runtime for this trial (minutes/seconds): 00:06
----------------------------------------
Total hill visits: 5. 
Total prediction errors: 91. 
Total search depth: 39274. 
Total times memory accessed: 329965. 
Total times 25 >= t <= 50: 1. 
Total times 50 >= t <= 75: 0. 
Total times 75 >= t <= 100: 0. 
Total times t == 100: 0. 
Total time steps survived: 203. 
Total runtime so far (hours/minutes/seconds): 00:01:05
----------------------------------------

----------------------------------------
TRIAL 10 STARTED
----------------------------------------
Start Time: 2024-05-13 13:30:51
At time step 21 the agent is dead
The agent had 2 food, 0 water, and 5 sleep.
The total tree search depth for this trial was 3106. 
The agent accessed its memory 28862 times. 
The agent cleared its short-term memory 11 times. 
     State prediction error memory resets: 11. 
     Hill memory resets: 0. 
TRIAL 10 COMPLETE ✔
End Time: 2024-05-13 13:30:58
Total runtime for this trial (minutes/seconds): 00:07
----------------------------------------
Total hill visits: 5. 
Total prediction errors: 102. 
Total search depth: 42380. 
Total times memory accessed: 358827. 
Total times 25 >= t <= 50: 1. 
Total times 50 >= t <= 75: 0. 
Total times 75 >= t <= 100: 0. 
Total times t == 100: 0. 
Total time steps survived: 225. 
Total runtime so far (hours/minutes/seconds): 00:01:11
----------------------------------------

----------------------------------------
TRIAL 11 STARTED
----------------------------------------
Start Time: 2024-05-13 13:30:57
At time step 21 the agent is dead
The agent had 2 food, 0 water, and 5 sleep.
The total tree search depth for this trial was 4926. 
The agent accessed its memory 46486 times. 
The agent cleared its short-term memory 14 times. 
     State prediction error memory resets: 13. 
     Hill memory resets: 1. 
TRIAL 11 COMPLETE ✔
End Time: 2024-05-13 13:31:07
Total runtime for this trial (minutes/seconds): 00:10
----------------------------------------
Total hill visits: 6. 
Total prediction errors: 115. 
Total search depth: 47306. 
Total times memory accessed: 405313. 
Total times 25 >= t <= 50: 1. 
Total times 50 >= t <= 75: 0. 
Total times 75 >= t <= 100: 0. 
Total times t == 100: 0. 
Total time steps survived: 247. 
Total runtime so far (hours/minutes/seconds): 00:01:20
----------------------------------------

----------------------------------------
TRIAL 12 STARTED
----------------------------------------
Start Time: 2024-05-13 13:31:06
At time step 21 the agent is dead
The agent had 2 food, 0 water, and 5 sleep.
The total tree search depth for this trial was 3395. 
The agent accessed its memory 32429 times. 
The agent cleared its short-term memory 15 times. 
     State prediction error memory resets: 14. 
     Hill memory resets: 1. 
TRIAL 12 COMPLETE ✔
End Time: 2024-05-13 13:31:13
Total runtime for this trial (minutes/seconds): 00:07
----------------------------------------
Total hill visits: 7. 
Total prediction errors: 129. 
Total search depth: 50701. 
Total times memory accessed: 437742. 
Total times 25 >= t <= 50: 1. 
Total times 50 >= t <= 75: 0. 
Total times 75 >= t <= 100: 0. 
Total times t == 100: 0. 
Total time steps survived: 269. 
Total runtime so far (hours/minutes/seconds): 00:01:26
----------------------------------------

----------------------------------------
TRIAL 13 STARTED
----------------------------------------
Start Time: 2024-05-13 13:31:12
At time step 21 the agent is dead
The agent had 4 food, 0 water, and 5 sleep.
The total tree search depth for this trial was 3357. 
The agent accessed its memory 41607 times. 
The agent cleared its short-term memory 10 times. 
     State prediction error memory resets: 10. 
     Hill memory resets: 0. 
TRIAL 13 COMPLETE ✔
End Time: 2024-05-13 13:31:19
Total runtime for this trial (minutes/seconds): 00:07
----------------------------------------
Total hill visits: 7. 
Total prediction errors: 139. 
Total search depth: 54058. 
Total times memory accessed: 479349. 
Total times 25 >= t <= 50: 1. 
Total times 50 >= t <= 75: 0. 
Total times 75 >= t <= 100: 0. 
Total times t == 100: 0. 
Total time steps survived: 291. 
Total runtime so far (hours/minutes/seconds): 00:01:32
----------------------------------------

----------------------------------------
TRIAL 14 STARTED
----------------------------------------
Start Time: 2024-05-13 13:31:18
At time step 21 the agent is dead
The agent had 2 food, 0 water, and 5 sleep.
The total tree search depth for this trial was 1875. 
The agent accessed its memory 18533 times. 
The agent cleared its short-term memory 5 times. 
     State prediction error memory resets: 4. 
     Hill memory resets: 1. 
TRIAL 14 COMPLETE ✔
End Time: 2024-05-13 13:31:22
Total runtime for this trial (minutes/seconds): 00:04
----------------------------------------
Total hill visits: 8. 
Total prediction errors: 143. 
Total search depth: 55933. 
Total times memory accessed: 497882. 
Total times 25 >= t <= 50: 1. 
Total times 50 >= t <= 75: 0. 
Total times 75 >= t <= 100: 0. 
Total times t == 100: 0. 
Total time steps survived: 313. 
Total runtime so far (hours/minutes/seconds): 00:01:35
----------------------------------------

----------------------------------------
TRIAL 15 STARTED
----------------------------------------
Start Time: 2024-05-13 13:31:21
At time step 23 the agent is dead
The agent had 0 food, 7 water, and 3 sleep.
The total tree search depth for this trial was 10041. 
The agent accessed its memory 91767 times. 
The agent cleared its short-term memory 13 times. 
     State prediction error memory resets: 12. 
     Hill memory resets: 1. 
TRIAL 15 COMPLETE ✔
End Time: 2024-05-13 13:31:37
Total runtime for this trial (minutes/seconds): 00:16
----------------------------------------
Total hill visits: 9. 
Total prediction errors: 155. 
Total search depth: 65974. 
Total times memory accessed: 589649. 
Total times 25 >= t <= 50: 1. 
Total times 50 >= t <= 75: 0. 
Total times 75 >= t <= 100: 0. 
Total times t == 100: 0. 
Total time steps survived: 337. 
Total runtime so far (hours/minutes/seconds): 00:01:50
----------------------------------------

----------------------------------------
TRIAL 16 STARTED
----------------------------------------
Start Time: 2024-05-13 13:31:36
At time step 21 the agent is dead
The agent had 2 food, 0 water, and 24 sleep.
The total tree search depth for this trial was 2605. 
The agent accessed its memory 22493 times. 
The agent cleared its short-term memory 8 times. 
     State prediction error memory resets: 7. 
     Hill memory resets: 1. 
TRIAL 16 COMPLETE ✔
End Time: 2024-05-13 13:31:42
Total runtime for this trial (minutes/seconds): 00:06
----------------------------------------
Total hill visits: 10. 
Total prediction errors: 162. 
Total search depth: 68579. 
Total times memory accessed: 612142. 
Total times 25 >= t <= 50: 1. 
Total times 50 >= t <= 75: 0. 
Total times 75 >= t <= 100: 0. 
Total times t == 100: 0. 
Total time steps survived: 359. 
Total runtime so far (hours/minutes/seconds): 00:01:55
----------------------------------------

----------------------------------------
TRIAL 17 STARTED
----------------------------------------
Start Time: 2024-05-13 13:31:41
At time step 23 the agent is dead
The agent had 0 food, 11 water, and 9 sleep.
The total tree search depth for this trial was 19285. 
The agent accessed its memory 127666 times. 
The agent cleared its short-term memory 11 times. 
     State prediction error memory resets: 10. 
     Hill memory resets: 1. 
TRIAL 17 COMPLETE ✔
End Time: 2024-05-13 13:32:06
Total runtime for this trial (minutes/seconds): 00:25
----------------------------------------
Total hill visits: 11. 
Total prediction errors: 172. 
Total search depth: 87864. 
Total times memory accessed: 739808. 
Total times 25 >= t <= 50: 1. 
Total times 50 >= t <= 75: 0. 
Total times 75 >= t <= 100: 0. 
Total times t == 100: 0. 
Total time steps survived: 383. 
Total runtime so far (hours/minutes/seconds): 00:02:19
----------------------------------------

----------------------------------------
TRIAL 18 STARTED
----------------------------------------
Start Time: 2024-05-13 13:32:05
At time step 21 the agent is dead
The agent had 2 food, 0 water, and 5 sleep.
The total tree search depth for this trial was 11756. 
The agent accessed its memory 97405 times. 
The agent cleared its short-term memory 12 times. 
     State prediction error memory resets: 11. 
     Hill memory resets: 1. 
TRIAL 18 COMPLETE ✔
End Time: 2024-05-13 13:32:24
Total runtime for this trial (minutes/seconds): 00:19
----------------------------------------
Total hill visits: 12. 
Total prediction errors: 183. 
Total search depth: 99620. 
Total times memory accessed: 837213. 
Total times 25 >= t <= 50: 1. 
Total times 50 >= t <= 75: 0. 
Total times 75 >= t <= 100: 0. 
Total times t == 100: 0. 
Total time steps survived: 405. 
Total runtime so far (hours/minutes/seconds): 00:02:37
----------------------------------------

----------------------------------------
TRIAL 19 STARTED
----------------------------------------
Start Time: 2024-05-13 13:32:23
At time step 34 the agent is dead
The agent had 20 food, 2 water, and 0 sleep.
The total tree search depth for this trial was 70976. 
The agent accessed its memory 569552 times. 
The agent cleared its short-term memory 12 times. 
     State prediction error memory resets: 12. 
     Hill memory resets: 0. 
TRIAL 19 COMPLETE ✔
End Time: 2024-05-13 13:33:51
Total runtime for this trial (minutes/seconds): 01:28
----------------------------------------
Total hill visits: 12. 
Total prediction errors: 195. 
Total search depth: 170596. 
Total times memory accessed: 1406765. 
Total times 25 >= t <= 50: 2. 
Total times 50 >= t <= 75: 0. 
Total times 75 >= t <= 100: 0. 
Total times t == 100: 0. 
Total time steps survived: 440. 
Total runtime so far (hours/minutes/seconds): 00:04:04
----------------------------------------

----------------------------------------
TRIAL 20 STARTED
----------------------------------------
Start Time: 2024-05-13 13:33:50
At time step 21 the agent is dead
The agent had 2 food, 0 water, and 5 sleep.
The total tree search depth for this trial was 18560. 
The agent accessed its memory 171883 times. 
The agent cleared its short-term memory 13 times. 
     State prediction error memory resets: 12. 
     Hill memory resets: 1. 
TRIAL 20 COMPLETE ✔
End Time: 2024-05-13 13:34:16
Total runtime for this trial (minutes/seconds): 00:26
----------------------------------------
Total hill visits: 13. 
Total prediction errors: 207. 
Total search depth: 189156. 
Total times memory accessed: 1578648. 
Total times 25 >= t <= 50: 2. 
Total times 50 >= t <= 75: 0. 
Total times 75 >= t <= 100: 0. 
Total times t == 100: 0. 
Total time steps survived: 462. 
Total runtime so far (hours/minutes/seconds): 00:04:29
----------------------------------------

----------------------------------------
TRIAL 21 STARTED
----------------------------------------
Start Time: 2024-05-13 13:34:15
At time step 21 the agent is dead
The agent had 2 food, 0 water, and 5 sleep.
The total tree search depth for this trial was 22657. 
The agent accessed its memory 213774 times. 
The agent cleared its short-term memory 6 times. 
     State prediction error memory resets: 5. 
     Hill memory resets: 1. 
TRIAL 21 COMPLETE ✔
End Time: 2024-05-13 13:34:43
Total runtime for this trial (minutes/seconds): 00:28
----------------------------------------
Total hill visits: 14. 
Total prediction errors: 212. 
Total search depth: 211813. 
Total times memory accessed: 1792422. 
Total times 25 >= t <= 50: 2. 
Total times 50 >= t <= 75: 0. 
Total times 75 >= t <= 100: 0. 
Total times t == 100: 0. 
Total time steps survived: 484. 
Total runtime so far (hours/minutes/seconds): 00:04:56
----------------------------------------

----------------------------------------
TRIAL 22 STARTED
----------------------------------------
Start Time: 2024-05-13 13:34:42
At time step 26 the agent is dead
The agent had 1 food, 5 water, and 0 sleep.
The total tree search depth for this trial was 78001. 
The agent accessed its memory 584827 times. 
The agent cleared its short-term memory 14 times. 
     State prediction error memory resets: 14. 
     Hill memory resets: 0. 
TRIAL 22 COMPLETE ✔
End Time: 2024-05-13 13:36:24
Total runtime for this trial (minutes/seconds): 01:42
----------------------------------------
Total hill visits: 14. 
Total prediction errors: 226. 
Total search depth: 289814. 
Total times memory accessed: 2377249. 
Total times 25 >= t <= 50: 3. 
Total times 50 >= t <= 75: 0. 
Total times 75 >= t <= 100: 0. 
Total times t == 100: 0. 
Total time steps survived: 511. 
Total runtime so far (hours/minutes/seconds): 00:06:37
----------------------------------------

----------------------------------------
TRIAL 23 STARTED
----------------------------------------
Start Time: 2024-05-13 13:36:23
At time step 21 the agent is dead
The agent had 2 food, 0 water, and 5 sleep.
The total tree search depth for this trial was 12034. 
The agent accessed its memory 112845 times. 
The agent cleared its short-term memory 6 times. 
     State prediction error memory resets: 6. 
     Hill memory resets: 0. 
TRIAL 23 COMPLETE ✔
End Time: 2024-05-13 13:36:39
Total runtime for this trial (minutes/seconds): 00:16
----------------------------------------
Total hill visits: 14. 
Total prediction errors: 232. 
Total search depth: 301848. 
Total times memory accessed: 2490094. 
Total times 25 >= t <= 50: 3. 
Total times 50 >= t <= 75: 0. 
Total times 75 >= t <= 100: 0. 
Total times t == 100: 0. 
Total time steps survived: 533. 
Total runtime so far (hours/minutes/seconds): 00:06:52
----------------------------------------

----------------------------------------
TRIAL 24 STARTED
----------------------------------------
Start Time: 2024-05-13 13:36:38
At time step 21 the agent is dead
The agent had 2 food, 0 water, and 5 sleep.
The total tree search depth for this trial was 14612. 
The agent accessed its memory 141790 times. 
The agent cleared its short-term memory 9 times. 
     State prediction error memory resets: 7. 
     Hill memory resets: 2. 
TRIAL 24 COMPLETE ✔
End Time: 2024-05-13 13:36:58
Total runtime for this trial (minutes/seconds): 00:20
----------------------------------------
Total hill visits: 16. 
Total prediction errors: 239. 
Total search depth: 316460. 
Total times memory accessed: 2631884. 
Total times 25 >= t <= 50: 3. 
Total times 50 >= t <= 75: 0. 
Total times 75 >= t <= 100: 0. 
Total times t == 100: 0. 
Total time steps survived: 555. 
Total runtime so far (hours/minutes/seconds): 00:07:11
----------------------------------------

----------------------------------------
TRIAL 25 STARTED
----------------------------------------
Start Time: 2024-05-13 13:36:57
At time step 21 the agent is dead
The agent had 2 food, 0 water, and 14 sleep.
The total tree search depth for this trial was 16631. 
The agent accessed its memory 135202 times. 
The agent cleared its short-term memory 15 times. 
     State prediction error memory resets: 14. 
     Hill memory resets: 1. 
TRIAL 25 COMPLETE ✔
End Time: 2024-05-13 13:37:21
Total runtime for this trial (minutes/seconds): 00:24
----------------------------------------
Total hill visits: 17. 
Total prediction errors: 253. 
Total search depth: 333091. 
Total times memory accessed: 2767086. 
Total times 25 >= t <= 50: 3. 
Total times 50 >= t <= 75: 0. 
Total times 75 >= t <= 100: 0. 
Total times t == 100: 0. 
Total time steps survived: 577. 
Total runtime so far (hours/minutes/seconds): 00:07:34
----------------------------------------

----------------------------------------
TRIAL 26 STARTED
----------------------------------------
Start Time: 2024-05-13 13:37:20
At time step 21 the agent is dead
The agent had 2 food, 0 water, and 5 sleep.
The total tree search depth for this trial was 6580. 
The agent accessed its memory 58761 times. 
The agent cleared its short-term memory 12 times. 
     State prediction error memory resets: 11. 
     Hill memory resets: 1. 
TRIAL 26 COMPLETE ✔
End Time: 2024-05-13 13:37:31
Total runtime for this trial (minutes/seconds): 00:11
----------------------------------------
Total hill visits: 18. 
Total prediction errors: 264. 
Total search depth: 339671. 
Total times memory accessed: 2825847. 
Total times 25 >= t <= 50: 3. 
Total times 50 >= t <= 75: 0. 
Total times 75 >= t <= 100: 0. 
Total times t == 100: 0. 
Total time steps survived: 599. 
Total runtime so far (hours/minutes/seconds): 00:07:44
----------------------------------------

----------------------------------------
TRIAL 27 STARTED
----------------------------------------
Start Time: 2024-05-13 13:37:30
At time step 21 the agent is dead
The agent had 2 food, 0 water, and 5 sleep.
The total tree search depth for this trial was 11651. 
The agent accessed its memory 92938 times. 
The agent cleared its short-term memory 18 times. 
     State prediction error memory resets: 17. 
     Hill memory resets: 1. 
TRIAL 27 COMPLETE ✔
End Time: 2024-05-13 13:37:49
Total runtime for this trial (minutes/seconds): 00:19
----------------------------------------
Total hill visits: 19. 
Total prediction errors: 281. 
Total search depth: 351322. 
Total times memory accessed: 2918785. 
Total times 25 >= t <= 50: 3. 
Total times 50 >= t <= 75: 0. 
Total times 75 >= t <= 100: 0. 
Total times t == 100: 0. 
Total time steps survived: 621. 
Total runtime so far (hours/minutes/seconds): 00:08:02
----------------------------------------

----------------------------------------
TRIAL 28 STARTED
----------------------------------------
Start Time: 2024-05-13 13:37:48
At time step 21 the agent is dead
The agent had 17 food, 0 water, and 24 sleep.
The total tree search depth for this trial was 17386. 
The agent accessed its memory 158553 times. 
The agent cleared its short-term memory 5 times. 
     State prediction error memory resets: 3. 
     Hill memory resets: 2. 
TRIAL 28 COMPLETE ✔
End Time: 2024-05-13 13:38:11
Total runtime for this trial (minutes/seconds): 00:23
----------------------------------------
Total hill visits: 21. 
Total prediction errors: 284. 
Total search depth: 368708. 
Total times memory accessed: 3077338. 
Total times 25 >= t <= 50: 3. 
Total times 50 >= t <= 75: 0. 
Total times 75 >= t <= 100: 0. 
Total times t == 100: 0. 
Total time steps survived: 643. 
Total runtime so far (hours/minutes/seconds): 00:08:24
----------------------------------------

----------------------------------------
TRIAL 29 STARTED
----------------------------------------
Start Time: 2024-05-13 13:38:10
At time step 21 the agent is dead
The agent had 2 food, 0 water, and 17 sleep.
The total tree search depth for this trial was 20332. 
The agent accessed its memory 172529 times. 
The agent cleared its short-term memory 9 times. 
     State prediction error memory resets: 8. 
     Hill memory resets: 1. 
TRIAL 29 COMPLETE ✔
End Time: 2024-05-13 13:38:35
Total runtime for this trial (minutes/seconds): 00:25
----------------------------------------
Total hill visits: 22. 
Total prediction errors: 292. 
Total search depth: 389040. 
Total times memory accessed: 3249867. 
Total times 25 >= t <= 50: 3. 
Total times 50 >= t <= 75: 0. 
Total times 75 >= t <= 100: 0. 
Total times t == 100: 0. 
Total time steps survived: 665. 
Total runtime so far (hours/minutes/seconds): 00:08:48
----------------------------------------

----------------------------------------
TRIAL 30 STARTED
----------------------------------------
Start Time: 2024-05-13 13:38:34
