
----------------------------------------
TRIAL 1 STARTED
----------------------------------------
Start Time: 2024-05-01 19:34:44
TRIAL 1 COMPLETE ✔
End Time: 2024-05-01 19:36:21
Total runtime for this trial (minutes/seconds): 01:37
----------------------------------------
Total hill visits: 1
Total prediction errors: 5
Total search depth: 15696
Total times memory accessed: 36773
Total times 24 >= t < 49: 1
Total times 49 >= t < 74: 0
Total times 74 >= t < 99: 0
Total times t == 99: 0
Total time steps survived: 31
Total runtime so far (hours/minutes/seconds): 00:01:37
----------------------------------------

----------------------------------------
TRIAL 2 STARTED
----------------------------------------
Start Time: 2024-05-01 19:36:21
TRIAL 2 COMPLETE ✔
End Time: 2024-05-01 19:37:06
Total runtime for this trial (minutes/seconds): 00:44
----------------------------------------
Total hill visits: 1
Total prediction errors: 19
Total search depth: 20428
Total times memory accessed: 54309
Total times 24 >= t < 49: 1
Total times 49 >= t < 74: 0
Total times 74 >= t < 99: 0
Total times t == 99: 0
Total time steps survived: 51
Total runtime so far (hours/minutes/seconds): 00:02:21
----------------------------------------

----------------------------------------
TRIAL 3 STARTED
----------------------------------------
Start Time: 2024-05-01 19:37:06
TRIAL 3 COMPLETE ✔
End Time: 2024-05-01 19:38:26
Total runtime for this trial (minutes/seconds): 01:20
----------------------------------------
Total hill visits: 1
Total prediction errors: 27
Total search depth: 28372
Total times memory accessed: 86527
Total times 24 >= t < 49: 2
Total times 49 >= t < 74: 0
Total times 74 >= t < 99: 0
Total times t == 99: 0
Total time steps survived: 76
Total runtime so far (hours/minutes/seconds): 00:03:42
----------------------------------------

----------------------------------------
TRIAL 4 STARTED
----------------------------------------
Start Time: 2024-05-01 19:38:26
TRIAL 4 COMPLETE ✔
End Time: 2024-05-01 19:38:43
Total runtime for this trial (minutes/seconds): 00:16
----------------------------------------
Total hill visits: 1
Total prediction errors: 40
Total search depth: 30206
Total times memory accessed: 93036
Total times 24 >= t < 49: 2
Total times 49 >= t < 74: 0
Total times 74 >= t < 99: 0
Total times t == 99: 0
Total time steps survived: 96
Total runtime so far (hours/minutes/seconds): 00:03:59
----------------------------------------

----------------------------------------
TRIAL 5 STARTED
----------------------------------------
Start Time: 2024-05-01 19:38:43
TRIAL 5 COMPLETE ✔
End Time: 2024-05-01 19:39:01
Total runtime for this trial (minutes/seconds): 00:18
----------------------------------------
Total hill visits: 1
Total prediction errors: 53
Total search depth: 32223
Total times memory accessed: 100147
Total times 24 >= t < 49: 2
Total times 49 >= t < 74: 0
Total times 74 >= t < 99: 0
Total times t == 99: 0
Total time steps survived: 116
Total runtime so far (hours/minutes/seconds): 00:04:17
----------------------------------------

----------------------------------------
TRIAL 6 STARTED
----------------------------------------
Start Time: 2024-05-01 19:39:01
TRIAL 6 COMPLETE ✔
End Time: 2024-05-01 19:40:37
Total runtime for this trial (minutes/seconds): 01:35
----------------------------------------
Total hill visits: 1
Total prediction errors: 59
Total search depth: 40808
Total times memory accessed: 135213
Total times 24 >= t < 49: 2
Total times 49 >= t < 74: 0
Total times 74 >= t < 99: 0
Total times t == 99: 0
Total time steps survived: 138
Total runtime so far (hours/minutes/seconds): 00:05:52
----------------------------------------

----------------------------------------
TRIAL 7 STARTED
----------------------------------------
Start Time: 2024-05-01 19:40:37
TRIAL 7 COMPLETE ✔
End Time: 2024-05-01 19:41:13
Total runtime for this trial (minutes/seconds): 00:35
----------------------------------------
Total hill visits: 2
Total prediction errors: 68
Total search depth: 44411
Total times memory accessed: 149121
Total times 24 >= t < 49: 3
Total times 49 >= t < 74: 0
Total times 74 >= t < 99: 0
Total times t == 99: 0
Total time steps survived: 163
Total runtime so far (hours/minutes/seconds): 00:06:28
----------------------------------------

----------------------------------------
TRIAL 8 STARTED
----------------------------------------
Start Time: 2024-05-01 19:41:13
TRIAL 8 COMPLETE ✔
End Time: 2024-05-01 19:46:54
Total runtime for this trial (minutes/seconds): 05:40
----------------------------------------
Total hill visits: 2
Total prediction errors: 83
Total search depth: 78428
Total times memory accessed: 282585
Total times 24 >= t < 49: 3
Total times 49 >= t < 74: 0
Total times 74 >= t < 99: 0
Total times t == 99: 0
Total time steps survived: 183
Total runtime so far (hours/minutes/seconds): 00:12:09
----------------------------------------

----------------------------------------
TRIAL 9 STARTED
----------------------------------------
Start Time: 2024-05-01 19:46:54
TRIAL 9 COMPLETE ✔
End Time: 2024-05-01 19:47:19
Total runtime for this trial (minutes/seconds): 00:25
----------------------------------------
Total hill visits: 2
Total prediction errors: 95
Total search depth: 81172
Total times memory accessed: 292385
Total times 24 >= t < 49: 3
Total times 49 >= t < 74: 0
Total times 74 >= t < 99: 0
Total times t == 99: 0
Total time steps survived: 203
Total runtime so far (hours/minutes/seconds): 00:12:35
----------------------------------------

----------------------------------------
TRIAL 10 STARTED
----------------------------------------
Start Time: 2024-05-01 19:47:19
TRIAL 10 COMPLETE ✔
End Time: 2024-05-01 19:51:28
Total runtime for this trial (minutes/seconds): 04:09
----------------------------------------
Total hill visits: 3
Total prediction errors: 104
Total search depth: 105883
Total times memory accessed: 389827
Total times 24 >= t < 49: 3
Total times 49 >= t < 74: 0
Total times 74 >= t < 99: 0
Total times t == 99: 0
Total time steps survived: 223
Total runtime so far (hours/minutes/seconds): 00:16:44
----------------------------------------

----------------------------------------
TRIAL 11 STARTED
----------------------------------------
Start Time: 2024-05-01 19:51:28
TRIAL 11 COMPLETE ✔
End Time: 2024-05-01 19:53:52
Total runtime for this trial (minutes/seconds): 02:23
----------------------------------------
Total hill visits: 3
Total prediction errors: 119
Total search depth: 119408
Total times memory accessed: 444861
Total times 24 >= t < 49: 3
Total times 49 >= t < 74: 0
Total times 74 >= t < 99: 0
Total times t == 99: 0
Total time steps survived: 245
Total runtime so far (hours/minutes/seconds): 00:19:07
----------------------------------------

----------------------------------------
TRIAL 12 STARTED
----------------------------------------
Start Time: 2024-05-01 19:53:52
TRIAL 12 COMPLETE ✔
End Time: 2024-05-01 19:56:50
Total runtime for this trial (minutes/seconds): 02:58
----------------------------------------
Total hill visits: 6
Total prediction errors: 130
Total search depth: 136132
Total times memory accessed: 514733
Total times 24 >= t < 49: 3
Total times 49 >= t < 74: 0
Total times 74 >= t < 99: 0
Total times t == 99: 0
Total time steps survived: 265
Total runtime so far (hours/minutes/seconds): 00:22:05
----------------------------------------

----------------------------------------
TRIAL 13 STARTED
----------------------------------------
Start Time: 2024-05-01 19:56:50
TRIAL 13 COMPLETE ✔
End Time: 2024-05-01 19:57:25
Total runtime for this trial (minutes/seconds): 00:35
----------------------------------------
Total hill visits: 7
Total prediction errors: 138
Total search depth: 139945
Total times memory accessed: 528210
Total times 24 >= t < 49: 3
Total times 49 >= t < 74: 0
Total times 74 >= t < 99: 0
Total times t == 99: 0
Total time steps survived: 285
Total runtime so far (hours/minutes/seconds): 00:22:40
----------------------------------------

----------------------------------------
TRIAL 14 STARTED
----------------------------------------
Start Time: 2024-05-01 19:57:25
TRIAL 14 COMPLETE ✔
End Time: 2024-05-01 19:58:49
Total runtime for this trial (minutes/seconds): 01:23
----------------------------------------
Total hill visits: 8
Total prediction errors: 139
Total search depth: 148060
Total times memory accessed: 560762
Total times 24 >= t < 49: 3
Total times 49 >= t < 74: 0
Total times 74 >= t < 99: 0
Total times t == 99: 0
Total time steps survived: 305
Total runtime so far (hours/minutes/seconds): 00:24:04
----------------------------------------

----------------------------------------
TRIAL 15 STARTED
----------------------------------------
Start Time: 2024-05-01 19:58:49
TRIAL 15 COMPLETE ✔
End Time: 2024-05-01 20:00:04
Total runtime for this trial (minutes/seconds): 01:15
----------------------------------------
Total hill visits: 8
Total prediction errors: 154
Total search depth: 155083
Total times memory accessed: 590239
Total times 24 >= t < 49: 3
Total times 49 >= t < 74: 0
Total times 74 >= t < 99: 0
Total times t == 99: 0
Total time steps survived: 325
Total runtime so far (hours/minutes/seconds): 00:25:20
----------------------------------------

----------------------------------------
TRIAL 16 STARTED
----------------------------------------
Start Time: 2024-05-01 20:00:04
TRIAL 16 COMPLETE ✔
End Time: 2024-05-01 20:02:22
Total runtime for this trial (minutes/seconds): 02:18
----------------------------------------
Total hill visits: 9
Total prediction errors: 157
Total search depth: 169415
Total times memory accessed: 642900
Total times 24 >= t < 49: 3
Total times 49 >= t < 74: 0
Total times 74 >= t < 99: 0
Total times t == 99: 0
Total time steps survived: 345
Total runtime so far (hours/minutes/seconds): 00:27:38
----------------------------------------

----------------------------------------
TRIAL 17 STARTED
----------------------------------------
Start Time: 2024-05-01 20:02:22
TRIAL 17 COMPLETE ✔
End Time: 2024-05-01 20:03:59
Total runtime for this trial (minutes/seconds): 01:36
----------------------------------------
Total hill visits: 10
Total prediction errors: 160
Total search depth: 178786
Total times memory accessed: 679429
Total times 24 >= t < 49: 3
Total times 49 >= t < 74: 0
Total times 74 >= t < 99: 0
Total times t == 99: 0
Total time steps survived: 365
Total runtime so far (hours/minutes/seconds): 00:29:15
----------------------------------------

----------------------------------------
TRIAL 18 STARTED
----------------------------------------
Start Time: 2024-05-01 20:03:59
TRIAL 18 COMPLETE ✔
End Time: 2024-05-01 20:05:12
Total runtime for this trial (minutes/seconds): 01:12
----------------------------------------
Total hill visits: 11
Total prediction errors: 172
Total search depth: 185758
Total times memory accessed: 707310
Total times 24 >= t < 49: 4
Total times 49 >= t < 74: 0
Total times 74 >= t < 99: 0
Total times t == 99: 0
Total time steps survived: 390
Total runtime so far (hours/minutes/seconds): 00:30:27
----------------------------------------

----------------------------------------
TRIAL 19 STARTED
----------------------------------------
Start Time: 2024-05-01 20:05:12
TRIAL 19 COMPLETE ✔
End Time: 2024-05-01 20:13:25
Total runtime for this trial (minutes/seconds): 08:12
----------------------------------------
Total hill visits: 12
Total prediction errors: 186
Total search depth: 234530
Total times memory accessed: 896540
Total times 24 >= t < 49: 5
Total times 49 >= t < 74: 0
Total times 74 >= t < 99: 0
Total times t == 99: 0
Total time steps survived: 415
Total runtime so far (hours/minutes/seconds): 00:38:40
----------------------------------------

----------------------------------------
TRIAL 20 STARTED
----------------------------------------
Start Time: 2024-05-01 20:13:25
TRIAL 20 COMPLETE ✔
End Time: 2024-05-01 20:18:27
Total runtime for this trial (minutes/seconds): 05:02
----------------------------------------
Total hill visits: 13
Total prediction errors: 190
Total search depth: 263647
Total times memory accessed: 1012863
Total times 24 >= t < 49: 5
Total times 49 >= t < 74: 0
Total times 74 >= t < 99: 0
Total times t == 99: 0
Total time steps survived: 435
Total runtime so far (hours/minutes/seconds): 00:43:42
----------------------------------------

----------------------------------------
TRIAL 21 STARTED
----------------------------------------
Start Time: 2024-05-01 20:18:27
TRIAL 21 COMPLETE ✔
End Time: 2024-05-01 20:26:49
Total runtime for this trial (minutes/seconds): 08:22
----------------------------------------
Total hill visits: 14
Total prediction errors: 204
Total search depth: 312042
Total times memory accessed: 1205814
Total times 24 >= t < 49: 5
Total times 49 >= t < 74: 0
Total times 74 >= t < 99: 0
Total times t == 99: 0
Total time steps survived: 457
Total runtime so far (hours/minutes/seconds): 00:52:04
----------------------------------------

----------------------------------------
TRIAL 22 STARTED
----------------------------------------
Start Time: 2024-05-01 20:26:49
TRIAL 22 COMPLETE ✔
End Time: 2024-05-01 20:32:00
Total runtime for this trial (minutes/seconds): 05:11
----------------------------------------
Total hill visits: 16
Total prediction errors: 207
Total search depth: 342567
Total times memory accessed: 1324223
Total times 24 >= t < 49: 6
Total times 49 >= t < 74: 0
Total times 74 >= t < 99: 0
Total times t == 99: 0
Total time steps survived: 482
Total runtime so far (hours/minutes/seconds): 00:57:15
----------------------------------------

----------------------------------------
TRIAL 23 STARTED
----------------------------------------
Start Time: 2024-05-01 20:32:00
TRIAL 23 COMPLETE ✔
End Time: 2024-05-01 20:38:54
Total runtime for this trial (minutes/seconds): 06:53
----------------------------------------
Total hill visits: 17
Total prediction errors: 215
Total search depth: 378454
Total times memory accessed: 1485684
Total times 24 >= t < 49: 6
Total times 49 >= t < 74: 0
Total times 74 >= t < 99: 0
Total times t == 99: 0
Total time steps survived: 504
Total runtime so far (hours/minutes/seconds): 01:04:09
----------------------------------------

----------------------------------------
TRIAL 24 STARTED
----------------------------------------
Start Time: 2024-05-01 20:38:54
TRIAL 24 COMPLETE ✔
End Time: 2024-05-01 20:41:33
Total runtime for this trial (minutes/seconds): 02:38
----------------------------------------
Total hill visits: 19
Total prediction errors: 217
Total search depth: 392577
Total times memory accessed: 1547038
Total times 24 >= t < 49: 6
Total times 49 >= t < 74: 0
Total times 74 >= t < 99: 0
Total times t == 99: 0
Total time steps survived: 524
Total runtime so far (hours/minutes/seconds): 01:06:48
----------------------------------------

----------------------------------------
TRIAL 25 STARTED
----------------------------------------
Start Time: 2024-05-01 20:41:33
TRIAL 25 COMPLETE ✔
End Time: 2024-05-01 20:42:34
Total runtime for this trial (minutes/seconds): 01:01
----------------------------------------
Total hill visits: 20
Total prediction errors: 226
Total search depth: 399228
Total times memory accessed: 1570889
Total times 24 >= t < 49: 6
Total times 49 >= t < 74: 0
Total times 74 >= t < 99: 0
Total times t == 99: 0
Total time steps survived: 544
Total runtime so far (hours/minutes/seconds): 01:07:49
----------------------------------------

----------------------------------------
TRIAL 26 STARTED
----------------------------------------
Start Time: 2024-05-01 20:42:34
TRIAL 26 COMPLETE ✔
End Time: 2024-05-01 20:44:05
Total runtime for this trial (minutes/seconds): 01:30
----------------------------------------
Total hill visits: 21
Total prediction errors: 239
Total search depth: 408577
Total times memory accessed: 1605760
Total times 24 >= t < 49: 6
Total times 49 >= t < 74: 0
Total times 74 >= t < 99: 0
Total times t == 99: 0
Total time steps survived: 564
Total runtime so far (hours/minutes/seconds): 01:09:20
----------------------------------------

----------------------------------------
TRIAL 27 STARTED
----------------------------------------
Start Time: 2024-05-01 20:44:05
TRIAL 27 COMPLETE ✔
End Time: 2024-05-01 20:45:52
Total runtime for this trial (minutes/seconds): 01:47
----------------------------------------
Total hill visits: 22
Total prediction errors: 248
Total search depth: 419479
Total times memory accessed: 1646117
Total times 24 >= t < 49: 6
Total times 49 >= t < 74: 0
Total times 74 >= t < 99: 0
Total times t == 99: 0
Total time steps survived: 584
Total runtime so far (hours/minutes/seconds): 01:11:07
----------------------------------------

----------------------------------------
TRIAL 28 STARTED
----------------------------------------
Start Time: 2024-05-01 20:45:52
TRIAL 28 COMPLETE ✔
End Time: 2024-05-01 20:52:57
Total runtime for this trial (minutes/seconds): 07:05
----------------------------------------
Total hill visits: 23
Total prediction errors: 252
Total search depth: 462957
Total times memory accessed: 1807044
Total times 24 >= t < 49: 6
Total times 49 >= t < 74: 0
Total times 74 >= t < 99: 0
Total times t == 99: 0
Total time steps survived: 606
Total runtime so far (hours/minutes/seconds): 01:18:13
----------------------------------------

----------------------------------------
TRIAL 29 STARTED
----------------------------------------
Start Time: 2024-05-01 20:52:57
TRIAL 29 COMPLETE ✔
End Time: 2024-05-01 20:56:04
Total runtime for this trial (minutes/seconds): 03:06
----------------------------------------
Total hill visits: 24
Total prediction errors: 257
Total search depth: 481321
Total times memory accessed: 1871047
Total times 24 >= t < 49: 7
Total times 49 >= t < 74: 0
Total times 74 >= t < 99: 0
Total times t == 99: 0
Total time steps survived: 631
Total runtime so far (hours/minutes/seconds): 01:21:19
----------------------------------------

----------------------------------------
TRIAL 30 STARTED
----------------------------------------
Start Time: 2024-05-01 20:56:04
TRIAL 30 COMPLETE ✔
End Time: 2024-05-01 21:01:12
Total runtime for this trial (minutes/seconds): 05:07
----------------------------------------
Total hill visits: 25
Total prediction errors: 267
Total search depth: 507642
Total times memory accessed: 1978319
Total times 24 >= t < 49: 7
Total times 49 >= t < 74: 0
Total times 74 >= t < 99: 0
Total times t == 99: 0
Total time steps survived: 651
Total runtime so far (hours/minutes/seconds): 01:26:27
----------------------------------------

----------------------------------------
TRIAL 31 STARTED
----------------------------------------
Start Time: 2024-05-01 21:01:12
TRIAL 31 COMPLETE ✔
End Time: 2024-05-01 21:06:30
Total runtime for this trial (minutes/seconds): 05:18
----------------------------------------
Total hill visits: 26
Total prediction errors: 272
Total search depth: 538105
Total times memory accessed: 2092527
Total times 24 >= t < 49: 8
Total times 49 >= t < 74: 0
Total times 74 >= t < 99: 0
Total times t == 99: 0
Total time steps survived: 676
Total runtime so far (hours/minutes/seconds): 01:31:45
----------------------------------------

----------------------------------------
TRIAL 32 STARTED
----------------------------------------
Start Time: 2024-05-01 21:06:30
TRIAL 32 COMPLETE ✔
End Time: 2024-05-01 21:09:22
Total runtime for this trial (minutes/seconds): 02:52
----------------------------------------
Total hill visits: 27
Total prediction errors: 277
Total search depth: 556526
Total times memory accessed: 2157211
Total times 24 >= t < 49: 8
Total times 49 >= t < 74: 0
Total times 74 >= t < 99: 0
Total times t == 99: 0
Total time steps survived: 698
Total runtime so far (hours/minutes/seconds): 01:34:38
----------------------------------------

----------------------------------------
TRIAL 33 STARTED
----------------------------------------
Start Time: 2024-05-01 21:09:23
TRIAL 33 COMPLETE ✔
End Time: 2024-05-01 21:11:42
Total runtime for this trial (minutes/seconds): 02:19
----------------------------------------
Total hill visits: 28
Total prediction errors: 277
Total search depth: 569546
Total times memory accessed: 2210418
Total times 24 >= t < 49: 8
Total times 49 >= t < 74: 0
Total times 74 >= t < 99: 0
Total times t == 99: 0
Total time steps survived: 718
Total runtime so far (hours/minutes/seconds): 01:36:57
----------------------------------------

----------------------------------------
TRIAL 34 STARTED
----------------------------------------
Start Time: 2024-05-01 21:11:42
TRIAL 34 COMPLETE ✔
End Time: 2024-05-01 21:13:43
Total runtime for this trial (minutes/seconds): 02:01
----------------------------------------
Total hill visits: 29
Total prediction errors: 285
Total search depth: 582198
Total times memory accessed: 2257547
Total times 24 >= t < 49: 8
Total times 49 >= t < 74: 0
Total times 74 >= t < 99: 0
Total times t == 99: 0
Total time steps survived: 738
Total runtime so far (hours/minutes/seconds): 01:38:59
----------------------------------------

----------------------------------------
TRIAL 35 STARTED
----------------------------------------
Start Time: 2024-05-01 21:13:43
TRIAL 35 COMPLETE ✔
End Time: 2024-05-01 21:15:02
Total runtime for this trial (minutes/seconds): 01:18
----------------------------------------
Total hill visits: 30
Total prediction errors: 285
Total search depth: 590525
Total times memory accessed: 2288008
Total times 24 >= t < 49: 8
Total times 49 >= t < 74: 0
Total times 74 >= t < 99: 0
Total times t == 99: 0
Total time steps survived: 758
Total runtime so far (hours/minutes/seconds): 01:40:17
----------------------------------------

----------------------------------------
TRIAL 36 STARTED
----------------------------------------
Start Time: 2024-05-01 21:15:02
TRIAL 36 COMPLETE ✔
End Time: 2024-05-01 21:17:24
Total runtime for this trial (minutes/seconds): 02:21
----------------------------------------
Total hill visits: 32
Total prediction errors: 286
Total search depth: 604746
Total times memory accessed: 2342281
Total times 24 >= t < 49: 8
Total times 49 >= t < 74: 0
Total times 74 >= t < 99: 0
Total times t == 99: 0
Total time steps survived: 778
Total runtime so far (hours/minutes/seconds): 01:42:39
----------------------------------------

----------------------------------------
TRIAL 37 STARTED
----------------------------------------
Start Time: 2024-05-01 21:17:24
TRIAL 37 COMPLETE ✔
End Time: 2024-05-01 21:21:58
Total runtime for this trial (minutes/seconds): 04:33
----------------------------------------
Total hill visits: 33
Total prediction errors: 289
Total search depth: 632903
Total times memory accessed: 2446441
Total times 24 >= t < 49: 8
Total times 49 >= t < 74: 0
Total times 74 >= t < 99: 0
Total times t == 99: 0
Total time steps survived: 800
Total runtime so far (hours/minutes/seconds): 01:47:13
----------------------------------------

----------------------------------------
TRIAL 38 STARTED
----------------------------------------
Start Time: 2024-05-01 21:21:58
TRIAL 38 COMPLETE ✔
End Time: 2024-05-01 21:27:56
Total runtime for this trial (minutes/seconds): 05:58
----------------------------------------
Total hill visits: 34
Total prediction errors: 295
Total search depth: 669221
Total times memory accessed: 2582223
Total times 24 >= t < 49: 8
Total times 49 >= t < 74: 0
Total times 74 >= t < 99: 0
Total times t == 99: 0
Total time steps survived: 820
Total runtime so far (hours/minutes/seconds): 01:53:12
----------------------------------------

----------------------------------------
TRIAL 39 STARTED
----------------------------------------
Start Time: 2024-05-01 21:27:56
TRIAL 39 COMPLETE ✔
End Time: 2024-05-01 21:32:31
Total runtime for this trial (minutes/seconds): 04:34
----------------------------------------
Total hill visits: 35
Total prediction errors: 301
Total search depth: 700409
Total times memory accessed: 2686834
Total times 24 >= t < 49: 9
Total times 49 >= t < 74: 0
Total times 74 >= t < 99: 0
Total times t == 99: 0
Total time steps survived: 845
Total runtime so far (hours/minutes/seconds): 01:57:46
----------------------------------------

----------------------------------------
TRIAL 40 STARTED
----------------------------------------
Start Time: 2024-05-01 21:32:31
TRIAL 40 COMPLETE ✔
End Time: 2024-05-01 21:34:10
Total runtime for this trial (minutes/seconds): 01:39
----------------------------------------
Total hill visits: 36
Total prediction errors: 305
Total search depth: 711116
Total times memory accessed: 2724717
Total times 24 >= t < 49: 9
Total times 49 >= t < 74: 0
Total times 74 >= t < 99: 0
Total times t == 99: 0
Total time steps survived: 865
Total runtime so far (hours/minutes/seconds): 01:59:26
----------------------------------------

----------------------------------------
TRIAL 41 STARTED
----------------------------------------
Start Time: 2024-05-01 21:34:10
TRIAL 41 COMPLETE ✔
End Time: 2024-05-01 21:39:04
Total runtime for this trial (minutes/seconds): 04:53
----------------------------------------
Total hill visits: 37
Total prediction errors: 308
Total search depth: 741538
Total times memory accessed: 2836511
Total times 24 >= t < 49: 9
Total times 49 >= t < 74: 0
Total times 74 >= t < 99: 0
Total times t == 99: 0
Total time steps survived: 885
Total runtime so far (hours/minutes/seconds): 02:04:19
----------------------------------------

----------------------------------------
TRIAL 42 STARTED
----------------------------------------
Start Time: 2024-05-01 21:39:04
TRIAL 42 COMPLETE ✔
End Time: 2024-05-01 21:43:19
Total runtime for this trial (minutes/seconds): 04:15
----------------------------------------
Total hill visits: 38
Total prediction errors: 314
Total search depth: 771409
Total times memory accessed: 2933517
Total times 24 >= t < 49: 10
Total times 49 >= t < 74: 0
Total times 74 >= t < 99: 0
Total times t == 99: 0
Total time steps survived: 910
Total runtime so far (hours/minutes/seconds): 02:08:34
----------------------------------------

----------------------------------------
TRIAL 43 STARTED
----------------------------------------
Start Time: 2024-05-01 21:43:19
TRIAL 43 COMPLETE ✔
End Time: 2024-05-01 21:46:26
Total runtime for this trial (minutes/seconds): 03:07
----------------------------------------
Total hill visits: 39
Total prediction errors: 315
Total search depth: 793462
Total times memory accessed: 3004089
Total times 24 >= t < 49: 11
Total times 49 >= t < 74: 0
Total times 74 >= t < 99: 0
Total times t == 99: 0
Total time steps survived: 935
Total runtime so far (hours/minutes/seconds): 02:11:42
----------------------------------------

----------------------------------------
TRIAL 44 STARTED
----------------------------------------
Start Time: 2024-05-01 21:46:26
TRIAL 44 COMPLETE ✔
End Time: 2024-05-01 21:50:21
Total runtime for this trial (minutes/seconds): 03:54
----------------------------------------
Total hill visits: 41
Total prediction errors: 317
Total search depth: 816577
Total times memory accessed: 3093930
Total times 24 >= t < 49: 11
Total times 49 >= t < 74: 0
Total times 74 >= t < 99: 0
Total times t == 99: 0
Total time steps survived: 955
Total runtime so far (hours/minutes/seconds): 02:15:36
----------------------------------------

----------------------------------------
TRIAL 45 STARTED
----------------------------------------
Start Time: 2024-05-01 21:50:21
TRIAL 45 COMPLETE ✔
End Time: 2024-05-01 21:56:13
Total runtime for this trial (minutes/seconds): 05:52
----------------------------------------
Total hill visits: 42
Total prediction errors: 326
Total search depth: 856322
Total times memory accessed: 3228240
Total times 24 >= t < 49: 12
Total times 49 >= t < 74: 0
Total times 74 >= t < 99: 0
Total times t == 99: 0
Total time steps survived: 980
Total runtime so far (hours/minutes/seconds): 02:21:28
----------------------------------------

----------------------------------------
TRIAL 46 STARTED
----------------------------------------
Start Time: 2024-05-01 21:56:13
TRIAL 46 COMPLETE ✔
End Time: 2024-05-01 22:00:25
Total runtime for this trial (minutes/seconds): 04:11
----------------------------------------
Total hill visits: 44
Total prediction errors: 328
Total search depth: 883932
Total times memory accessed: 3324908
Total times 24 >= t < 49: 13
Total times 49 >= t < 74: 0
Total times 74 >= t < 99: 0
Total times t == 99: 0
Total time steps survived: 1005
Total runtime so far (hours/minutes/seconds): 02:25:40
----------------------------------------

----------------------------------------
TRIAL 47 STARTED
----------------------------------------
Start Time: 2024-05-01 22:00:25
TRIAL 47 COMPLETE ✔
End Time: 2024-05-01 22:08:28
Total runtime for this trial (minutes/seconds): 08:03
----------------------------------------
Total hill visits: 45
Total prediction errors: 334
Total search depth: 939165
Total times memory accessed: 3510517
Total times 24 >= t < 49: 14
Total times 49 >= t < 74: 0
Total times 74 >= t < 99: 0
Total times t == 99: 0
Total time steps survived: 1036
Total runtime so far (hours/minutes/seconds): 02:33:44
----------------------------------------

----------------------------------------
TRIAL 48 STARTED
----------------------------------------
Start Time: 2024-05-01 22:08:28
TRIAL 48 COMPLETE ✔
End Time: 2024-05-01 22:30:32
Total runtime for this trial (minutes/seconds): 22:03
----------------------------------------
Total hill visits: 46
Total prediction errors: 346
Total search depth: 1074987
Total times memory accessed: 4013049
Total times 24 >= t < 49: 15
Total times 49 >= t < 74: 0
Total times 74 >= t < 99: 0
Total times t == 99: 0
Total time steps survived: 1074
Total runtime so far (hours/minutes/seconds): 02:55:47
----------------------------------------

----------------------------------------
TRIAL 49 STARTED
----------------------------------------
Start Time: 2024-05-01 22:30:32
TRIAL 49 COMPLETE ✔
End Time: 2024-05-01 22:43:29
Total runtime for this trial (minutes/seconds): 12:57
----------------------------------------
Total hill visits: 47
Total prediction errors: 353
Total search depth: 1155170
Total times memory accessed: 4308329
Total times 24 >= t < 49: 16
Total times 49 >= t < 74: 0
Total times 74 >= t < 99: 0
Total times t == 99: 0
Total time steps survived: 1105
Total runtime so far (hours/minutes/seconds): 03:08:45
----------------------------------------

----------------------------------------
TRIAL 50 STARTED
----------------------------------------
Start Time: 2024-05-01 22:43:29
TRIAL 50 COMPLETE ✔
End Time: 2024-05-01 23:13:54
Total runtime for this trial (minutes/seconds): 30:24
----------------------------------------
Total hill visits: 49
Total prediction errors: 367
Total search depth: 1354360
Total times memory accessed: 4998354
Total times 24 >= t < 49: 16
Total times 49 >= t < 74: 0
Total times 74 >= t < 99: 0
Total times t == 99: 0
Total time steps survived: 1204
Total runtime so far (hours/minutes/seconds): 03:39:09
----------------------------------------

----------------------------------------
TRIAL 51 STARTED
----------------------------------------
Start Time: 2024-05-01 23:13:54
TRIAL 51 COMPLETE ✔
End Time: 2024-05-01 23:18:48
Total runtime for this trial (minutes/seconds): 04:53
----------------------------------------
Total hill visits: 50
Total prediction errors: 372
Total search depth: 1389484
Total times memory accessed: 5109864
Total times 24 >= t < 49: 17
Total times 49 >= t < 74: 0
Total times 74 >= t < 99: 0
Total times t == 99: 0
Total time steps survived: 1229
Total runtime so far (hours/minutes/seconds): 03:44:03
----------------------------------------

----------------------------------------
TRIAL 52 STARTED
----------------------------------------
Start Time: 2024-05-01 23:18:48
TRIAL 52 COMPLETE ✔
End Time: 2024-05-01 23:38:54
Total runtime for this trial (minutes/seconds): 20:05
----------------------------------------
Total hill visits: 52
Total prediction errors: 382
Total search depth: 1512889
Total times memory accessed: 5566376
Total times 24 >= t < 49: 18
Total times 49 >= t < 74: 0
Total times 74 >= t < 99: 0
Total times t == 99: 0
Total time steps survived: 1267
Total runtime so far (hours/minutes/seconds): 04:04:09
----------------------------------------

----------------------------------------
TRIAL 53 STARTED
----------------------------------------
Start Time: 2024-05-01 23:38:54
TRIAL 53 COMPLETE ✔
End Time: 2024-05-01 23:44:42
Total runtime for this trial (minutes/seconds): 05:48
----------------------------------------
Total hill visits: 53
Total prediction errors: 387
Total search depth: 1553860
Total times memory accessed: 5699086
Total times 24 >= t < 49: 19
Total times 49 >= t < 74: 0
Total times 74 >= t < 99: 0
Total times t == 99: 0
Total time steps survived: 1292
Total runtime so far (hours/minutes/seconds): 04:09:57
----------------------------------------

----------------------------------------
TRIAL 54 STARTED
----------------------------------------
Start Time: 2024-05-01 23:44:42
TRIAL 54 COMPLETE ✔
End Time: 2024-05-01 23:49:51
Total runtime for this trial (minutes/seconds): 05:09
----------------------------------------
Total hill visits: 54
Total prediction errors: 391
Total search depth: 1585561
Total times memory accessed: 5815692
Total times 24 >= t < 49: 19
Total times 49 >= t < 74: 0
Total times 74 >= t < 99: 0
Total times t == 99: 0
Total time steps survived: 1314
Total runtime so far (hours/minutes/seconds): 04:15:07
----------------------------------------

----------------------------------------
TRIAL 55 STARTED
----------------------------------------
Start Time: 2024-05-01 23:49:51
TRIAL 55 COMPLETE ✔
End Time: 2024-05-02 00:06:00
Total runtime for this trial (minutes/seconds): 16:08
----------------------------------------
Total hill visits: 55
Total prediction errors: 399
Total search depth: 1683624
Total times memory accessed: 6187656
Total times 24 >= t < 49: 19
Total times 49 >= t < 74: 0
Total times 74 >= t < 99: 0
Total times t == 99: 0
Total time steps survived: 1334
Total runtime so far (hours/minutes/seconds): 04:31:15
----------------------------------------

----------------------------------------
TRIAL 56 STARTED
----------------------------------------
Start Time: 2024-05-02 00:06:00
TRIAL 56 COMPLETE ✔
End Time: 2024-05-02 00:14:24
Total runtime for this trial (minutes/seconds): 08:24
----------------------------------------
Total hill visits: 56
Total prediction errors: 405
Total search depth: 1735187
Total times memory accessed: 6379099
Total times 24 >= t < 49: 19
Total times 49 >= t < 74: 0
Total times 74 >= t < 99: 0
Total times t == 99: 0
Total time steps survived: 1354
Total runtime so far (hours/minutes/seconds): 04:39:40
----------------------------------------

----------------------------------------
TRIAL 57 STARTED
----------------------------------------
Start Time: 2024-05-02 00:14:24
TRIAL 57 COMPLETE ✔
End Time: 2024-05-02 00:19:31
Total runtime for this trial (minutes/seconds): 05:06
----------------------------------------
Total hill visits: 57
Total prediction errors: 409
Total search depth: 1767414
Total times memory accessed: 6495128
Total times 24 >= t < 49: 19
Total times 49 >= t < 74: 0
Total times 74 >= t < 99: 0
Total times t == 99: 0
Total time steps survived: 1374
Total runtime so far (hours/minutes/seconds): 04:44:46
----------------------------------------

----------------------------------------
TRIAL 58 STARTED
----------------------------------------
Start Time: 2024-05-02 00:19:31
TRIAL 58 COMPLETE ✔
End Time: 2024-05-02 00:29:02
Total runtime for this trial (minutes/seconds): 09:31
----------------------------------------
Total hill visits: 58
Total prediction errors: 417
Total search depth: 1830041
Total times memory accessed: 6712468
Total times 24 >= t < 49: 20
Total times 49 >= t < 74: 0
Total times 74 >= t < 99: 0
Total times t == 99: 0
Total time steps survived: 1399
Total runtime so far (hours/minutes/seconds): 04:54:18
----------------------------------------

----------------------------------------
TRIAL 59 STARTED
----------------------------------------
Start Time: 2024-05-02 00:29:02
TRIAL 59 COMPLETE ✔
End Time: 2024-05-02 00:32:55
Total runtime for this trial (minutes/seconds): 03:52
----------------------------------------
Total hill visits: 59
Total prediction errors: 421
Total search depth: 1855356
Total times memory accessed: 6801969
Total times 24 >= t < 49: 20
Total times 49 >= t < 74: 0
Total times 74 >= t < 99: 0
Total times t == 99: 0
Total time steps survived: 1421
Total runtime so far (hours/minutes/seconds): 04:58:10
----------------------------------------

----------------------------------------
TRIAL 60 STARTED
----------------------------------------
Start Time: 2024-05-02 00:32:55
TRIAL 60 COMPLETE ✔
End Time: 2024-05-02 00:58:17
Total runtime for this trial (minutes/seconds): 25:21
----------------------------------------
Total hill visits: 62
Total prediction errors: 432
Total search depth: 2017444
Total times memory accessed: 7397486
Total times 24 >= t < 49: 21
Total times 49 >= t < 74: 0
Total times 74 >= t < 99: 0
Total times t == 99: 0
Total time steps survived: 1462
Total runtime so far (hours/minutes/seconds): 05:23:32
----------------------------------------

----------------------------------------
TRIAL 61 STARTED
----------------------------------------
Start Time: 2024-05-02 00:58:17
TRIAL 61 COMPLETE ✔
End Time: 2024-05-02 01:01:53
Total runtime for this trial (minutes/seconds): 03:36
----------------------------------------
Total hill visits: 63
Total prediction errors: 435
Total search depth: 2042477
Total times memory accessed: 7482150
Total times 24 >= t < 49: 21
Total times 49 >= t < 74: 0
Total times 74 >= t < 99: 0
Total times t == 99: 0
Total time steps survived: 1484
Total runtime so far (hours/minutes/seconds): 05:27:08
----------------------------------------

----------------------------------------
TRIAL 62 STARTED
----------------------------------------
Start Time: 2024-05-02 01:01:53
TRIAL 62 COMPLETE ✔
End Time: 2024-05-02 01:07:00
Total runtime for this trial (minutes/seconds): 05:07
----------------------------------------
Total hill visits: 65
Total prediction errors: 437
Total search depth: 2080349
Total times memory accessed: 7603379
Total times 24 >= t < 49: 22
Total times 49 >= t < 74: 0
Total times 74 >= t < 99: 0
Total times t == 99: 0
Total time steps survived: 1509
Total runtime so far (hours/minutes/seconds): 05:32:15
----------------------------------------

----------------------------------------
TRIAL 63 STARTED
----------------------------------------
Start Time: 2024-05-02 01:07:00
TRIAL 63 COMPLETE ✔
End Time: 2024-05-02 01:12:29
Total runtime for this trial (minutes/seconds): 05:29
----------------------------------------
Total hill visits: 66
Total prediction errors: 441
Total search depth: 2118004
Total times memory accessed: 7734600
Total times 24 >= t < 49: 22
Total times 49 >= t < 74: 0
Total times 74 >= t < 99: 0
Total times t == 99: 0
Total time steps survived: 1529
Total runtime so far (hours/minutes/seconds): 05:37:45
----------------------------------------

----------------------------------------
TRIAL 64 STARTED
----------------------------------------
Start Time: 2024-05-02 01:12:29
TRIAL 64 COMPLETE ✔
End Time: 2024-05-02 01:22:51
Total runtime for this trial (minutes/seconds): 10:21
----------------------------------------
Total hill visits: 67
Total prediction errors: 447
Total search depth: 2189496
Total times memory accessed: 7974554
Total times 24 >= t < 49: 23
Total times 49 >= t < 74: 0
Total times 74 >= t < 99: 0
Total times t == 99: 0
Total time steps survived: 1560
Total runtime so far (hours/minutes/seconds): 05:48:07
----------------------------------------

----------------------------------------
TRIAL 65 STARTED
----------------------------------------
Start Time: 2024-05-02 01:22:51
TRIAL 65 COMPLETE ✔
End Time: 2024-05-02 01:29:45
Total runtime for this trial (minutes/seconds): 06:53
----------------------------------------
Total hill visits: 69
Total prediction errors: 450
Total search depth: 2238874
Total times memory accessed: 8135203
Total times 24 >= t < 49: 23
Total times 49 >= t < 74: 0
Total times 74 >= t < 99: 0
Total times t == 99: 0
Total time steps survived: 1580
Total runtime so far (hours/minutes/seconds): 05:55:01
----------------------------------------

----------------------------------------
TRIAL 66 STARTED
----------------------------------------
Start Time: 2024-05-02 01:29:45
TRIAL 66 COMPLETE ✔
End Time: 2024-05-02 01:55:28
Total runtime for this trial (minutes/seconds): 25:43
----------------------------------------
Total hill visits: 71
Total prediction errors: 463
Total search depth: 2421294
Total times memory accessed: 8730087
Total times 24 >= t < 49: 24
Total times 49 >= t < 74: 0
Total times 74 >= t < 99: 0
Total times t == 99: 0
Total time steps survived: 1626
Total runtime so far (hours/minutes/seconds): 06:20:44
----------------------------------------

----------------------------------------
TRIAL 67 STARTED
----------------------------------------
Start Time: 2024-05-02 01:55:28
TRIAL 67 COMPLETE ✔
End Time: 2024-05-02 02:01:52
Total runtime for this trial (minutes/seconds): 06:23
----------------------------------------
Total hill visits: 72
Total prediction errors: 468
Total search depth: 2464598
Total times memory accessed: 8876342
Total times 24 >= t < 49: 25
Total times 49 >= t < 74: 0
Total times 74 >= t < 99: 0
Total times t == 99: 0
Total time steps survived: 1669
Total runtime so far (hours/minutes/seconds): 06:27:07
----------------------------------------

----------------------------------------
TRIAL 68 STARTED
----------------------------------------
Start Time: 2024-05-02 02:01:52
TRIAL 68 COMPLETE ✔
End Time: 2024-05-02 02:06:48
Total runtime for this trial (minutes/seconds): 04:56
----------------------------------------
Total hill visits: 73
Total prediction errors: 473
Total search depth: 2498359
Total times memory accessed: 8987547
Total times 24 >= t < 49: 25
Total times 49 >= t < 74: 0
Total times 74 >= t < 99: 0
Total times t == 99: 0
Total time steps survived: 1691
Total runtime so far (hours/minutes/seconds): 06:32:03
----------------------------------------

----------------------------------------
TRIAL 69 STARTED
----------------------------------------
Start Time: 2024-05-02 02:06:48
TRIAL 69 COMPLETE ✔
End Time: 2024-05-02 02:20:05
Total runtime for this trial (minutes/seconds): 13:17
----------------------------------------
Total hill visits: 76
Total prediction errors: 478
Total search depth: 2589673
Total times memory accessed: 9288327
Total times 24 >= t < 49: 26
Total times 49 >= t < 74: 0
Total times 74 >= t < 99: 0
Total times t == 99: 0
Total time steps survived: 1716
Total runtime so far (hours/minutes/seconds): 06:45:21
----------------------------------------

----------------------------------------
TRIAL 70 STARTED
----------------------------------------
Start Time: 2024-05-02 02:20:05
TRIAL 70 COMPLETE ✔
End Time: 2024-05-02 02:35:21
Total runtime for this trial (minutes/seconds): 15:16
----------------------------------------
Total hill visits: 77
Total prediction errors: 482
Total search depth: 2687617
Total times memory accessed: 9635238
Total times 24 >= t < 49: 26
Total times 49 >= t < 74: 0
Total times 74 >= t < 99: 0
Total times t == 99: 0
Total time steps survived: 1736
Total runtime so far (hours/minutes/seconds): 07:00:37
----------------------------------------

----------------------------------------
TRIAL 71 STARTED
----------------------------------------
Start Time: 2024-05-02 02:35:21
TRIAL 71 COMPLETE ✔
End Time: 2024-05-02 02:39:09
Total runtime for this trial (minutes/seconds): 03:48
----------------------------------------
Total hill visits: 78
Total prediction errors: 488
Total search depth: 2713562
Total times memory accessed: 9720905
Total times 24 >= t < 49: 27
Total times 49 >= t < 74: 0
Total times 74 >= t < 99: 0
Total times t == 99: 0
Total time steps survived: 1761
Total runtime so far (hours/minutes/seconds): 07:04:25
----------------------------------------

----------------------------------------
TRIAL 72 STARTED
----------------------------------------
Start Time: 2024-05-02 02:39:10
TRIAL 72 COMPLETE ✔
End Time: 2024-05-02 02:43:45
Total runtime for this trial (minutes/seconds): 04:35
----------------------------------------
Total hill visits: 79
Total prediction errors: 491
Total search depth: 2745474
Total times memory accessed: 9821960
Total times 24 >= t < 49: 27
Total times 49 >= t < 74: 0
Total times 74 >= t < 99: 0
Total times t == 99: 0
Total time steps survived: 1781
Total runtime so far (hours/minutes/seconds): 07:09:01
----------------------------------------

----------------------------------------
TRIAL 73 STARTED
----------------------------------------
Start Time: 2024-05-02 02:43:45
TRIAL 73 COMPLETE ✔
End Time: 2024-05-02 02:49:55
Total runtime for this trial (minutes/seconds): 06:10
----------------------------------------
Total hill visits: 80
Total prediction errors: 495
Total search depth: 2786212
Total times memory accessed: 9960130
Total times 24 >= t < 49: 27
Total times 49 >= t < 74: 0
Total times 74 >= t < 99: 0
Total times t == 99: 0
Total time steps survived: 1803
Total runtime so far (hours/minutes/seconds): 07:15:11
----------------------------------------

----------------------------------------
TRIAL 74 STARTED
----------------------------------------
Start Time: 2024-05-02 02:49:55
TRIAL 74 COMPLETE ✔
End Time: 2024-05-02 02:57:34
Total runtime for this trial (minutes/seconds): 07:38
----------------------------------------
Total hill visits: 81
Total prediction errors: 499
Total search depth: 2839450
Total times memory accessed: 10131294
Total times 24 >= t < 49: 28
Total times 49 >= t < 74: 0
Total times 74 >= t < 99: 0
Total times t == 99: 0
Total time steps survived: 1828
Total runtime so far (hours/minutes/seconds): 07:22:50
----------------------------------------

----------------------------------------
TRIAL 75 STARTED
----------------------------------------
Start Time: 2024-05-02 02:57:34
TRIAL 75 COMPLETE ✔
End Time: 2024-05-02 03:03:15
Total runtime for this trial (minutes/seconds): 05:40
----------------------------------------
Total hill visits: 82
Total prediction errors: 502
Total search depth: 2879437
Total times memory accessed: 10257513
Total times 24 >= t < 49: 28
Total times 49 >= t < 74: 0
Total times 74 >= t < 99: 0
Total times t == 99: 0
Total time steps survived: 1848
Total runtime so far (hours/minutes/seconds): 07:28:31
----------------------------------------

----------------------------------------
TRIAL 76 STARTED
----------------------------------------
Start Time: 2024-05-02 03:03:15
TRIAL 76 COMPLETE ✔
End Time: 2024-05-02 03:07:57
Total runtime for this trial (minutes/seconds): 04:42
----------------------------------------
Total hill visits: 83
Total prediction errors: 508
Total search depth: 2911160
Total times memory accessed: 10364660
Total times 24 >= t < 49: 28
Total times 49 >= t < 74: 0
Total times 74 >= t < 99: 0
Total times t == 99: 0
Total time steps survived: 1870
Total runtime so far (hours/minutes/seconds): 07:33:13
----------------------------------------

----------------------------------------
TRIAL 77 STARTED
----------------------------------------
Start Time: 2024-05-02 03:07:57
TRIAL 77 COMPLETE ✔
End Time: 2024-05-02 03:12:00
Total runtime for this trial (minutes/seconds): 04:02
----------------------------------------
Total hill visits: 84
Total prediction errors: 511
Total search depth: 2940822
Total times memory accessed: 10460330
Total times 24 >= t < 49: 28
Total times 49 >= t < 74: 0
Total times 74 >= t < 99: 0
Total times t == 99: 0
Total time steps survived: 1892
Total runtime so far (hours/minutes/seconds): 07:37:16
----------------------------------------

----------------------------------------
TRIAL 78 STARTED
----------------------------------------
Start Time: 2024-05-02 03:12:00
TRIAL 78 COMPLETE ✔
End Time: 2024-05-02 03:18:06
Total runtime for this trial (minutes/seconds): 06:05
----------------------------------------
Total hill visits: 85
Total prediction errors: 515
Total search depth: 2986873
Total times memory accessed: 10596948
Total times 24 >= t < 49: 29
Total times 49 >= t < 74: 0
Total times 74 >= t < 99: 0
Total times t == 99: 0
Total time steps survived: 1917
Total runtime so far (hours/minutes/seconds): 07:43:21
----------------------------------------

----------------------------------------
TRIAL 79 STARTED
----------------------------------------
Start Time: 2024-05-02 03:18:06
TRIAL 79 COMPLETE ✔
End Time: 2024-05-02 03:31:41
Total runtime for this trial (minutes/seconds): 13:35
----------------------------------------
Total hill visits: 86
Total prediction errors: 523
Total search depth: 3079016
Total times memory accessed: 10907100
Total times 24 >= t < 49: 29
Total times 49 >= t < 74: 0
Total times 74 >= t < 99: 0
Total times t == 99: 0
Total time steps survived: 1939
Total runtime so far (hours/minutes/seconds): 07:56:56
----------------------------------------

----------------------------------------
TRIAL 80 STARTED
----------------------------------------
Start Time: 2024-05-02 03:31:41
TRIAL 80 COMPLETE ✔
End Time: 2024-05-02 03:36:03
Total runtime for this trial (minutes/seconds): 04:22
----------------------------------------
Total hill visits: 87
Total prediction errors: 524
Total search depth: 3109373
Total times memory accessed: 11004573
Total times 24 >= t < 49: 29
Total times 49 >= t < 74: 0
Total times 74 >= t < 99: 0
Total times t == 99: 0
Total time steps survived: 1961
Total runtime so far (hours/minutes/seconds): 08:01:18
----------------------------------------

----------------------------------------
TRIAL 81 STARTED
----------------------------------------
Start Time: 2024-05-02 03:36:03
TRIAL 81 COMPLETE ✔
End Time: 2024-05-02 03:39:00
Total runtime for this trial (minutes/seconds): 02:56
----------------------------------------
Total hill visits: 88
Total prediction errors: 526
Total search depth: 3130374
Total times memory accessed: 11071844
Total times 24 >= t < 49: 29
Total times 49 >= t < 74: 0
Total times 74 >= t < 99: 0
Total times t == 99: 0
Total time steps survived: 1981
Total runtime so far (hours/minutes/seconds): 08:04:15
----------------------------------------

----------------------------------------
TRIAL 82 STARTED
----------------------------------------
Start Time: 2024-05-02 03:39:00
TRIAL 82 COMPLETE ✔
End Time: 2024-05-02 03:52:19
Total runtime for this trial (minutes/seconds): 13:19
----------------------------------------
Total hill visits: 89
Total prediction errors: 531
Total search depth: 3218493
Total times memory accessed: 11370594
Total times 24 >= t < 49: 29
Total times 49 >= t < 74: 0
Total times 74 >= t < 99: 0
Total times t == 99: 0
Total time steps survived: 2001
Total runtime so far (hours/minutes/seconds): 08:17:34
----------------------------------------

----------------------------------------
TRIAL 83 STARTED
----------------------------------------
Start Time: 2024-05-02 03:52:19
TRIAL 83 COMPLETE ✔
End Time: 2024-05-02 04:00:39
Total runtime for this trial (minutes/seconds): 08:20
----------------------------------------
Total hill visits: 91
Total prediction errors: 534
Total search depth: 3278345
Total times memory accessed: 11559959
Total times 24 >= t < 49: 30
Total times 49 >= t < 74: 0
Total times 74 >= t < 99: 0
Total times t == 99: 0
Total time steps survived: 2029
Total runtime so far (hours/minutes/seconds): 08:25:55
----------------------------------------

----------------------------------------
TRIAL 84 STARTED
----------------------------------------
Start Time: 2024-05-02 04:00:39
TRIAL 84 COMPLETE ✔
End Time: 2024-05-02 04:14:44
Total runtime for this trial (minutes/seconds): 14:05
----------------------------------------
Total hill visits: 92
Total prediction errors: 542
Total search depth: 3375303
Total times memory accessed: 11875671
Total times 24 >= t < 49: 31
Total times 49 >= t < 74: 0
Total times 74 >= t < 99: 0
Total times t == 99: 0
Total time steps survived: 2054
Total runtime so far (hours/minutes/seconds): 08:40:00
----------------------------------------

----------------------------------------
TRIAL 85 STARTED
----------------------------------------
Start Time: 2024-05-02 04:14:45
TRIAL 85 COMPLETE ✔
End Time: 2024-05-02 04:44:20
Total runtime for this trial (minutes/seconds): 29:35
----------------------------------------
Total hill visits: 95
Total prediction errors: 553
Total search depth: 3572037
Total times memory accessed: 12520629
Total times 24 >= t < 49: 31
Total times 49 >= t < 74: 1
Total times 74 >= t < 99: 0
Total times t == 99: 0
Total time steps survived: 2126
Total runtime so far (hours/minutes/seconds): 09:09:35
----------------------------------------

----------------------------------------
TRIAL 86 STARTED
----------------------------------------
Start Time: 2024-05-02 04:44:20
TRIAL 86 COMPLETE ✔
End Time: 2024-05-02 04:54:41
Total runtime for this trial (minutes/seconds): 10:20
----------------------------------------
Total hill visits: 96
Total prediction errors: 561
Total search depth: 3643128
Total times memory accessed: 12751075
Total times 24 >= t < 49: 32
Total times 49 >= t < 74: 1
Total times 74 >= t < 99: 0
Total times t == 99: 0
Total time steps survived: 2151
Total runtime so far (hours/minutes/seconds): 09:19:56
----------------------------------------

----------------------------------------
TRIAL 87 STARTED
----------------------------------------
Start Time: 2024-05-02 04:54:41
TRIAL 87 COMPLETE ✔
End Time: 2024-05-02 05:00:59
Total runtime for this trial (minutes/seconds): 06:18
----------------------------------------
Total hill visits: 97
Total prediction errors: 563
Total search depth: 3688779
Total times memory accessed: 12892111
Total times 24 >= t < 49: 32
Total times 49 >= t < 74: 1
Total times 74 >= t < 99: 0
Total times t == 99: 0
Total time steps survived: 2171
Total runtime so far (hours/minutes/seconds): 09:26:14
----------------------------------------

----------------------------------------
TRIAL 88 STARTED
----------------------------------------
Start Time: 2024-05-02 05:00:59
TRIAL 88 COMPLETE ✔
End Time: 2024-05-02 05:06:54
Total runtime for this trial (minutes/seconds): 05:55
----------------------------------------
Total hill visits: 99
Total prediction errors: 567
Total search depth: 3728216
Total times memory accessed: 13026195
Total times 24 >= t < 49: 33
Total times 49 >= t < 74: 1
Total times 74 >= t < 99: 0
Total times t == 99: 0
Total time steps survived: 2211
Total runtime so far (hours/minutes/seconds): 09:32:09
----------------------------------------

----------------------------------------
TRIAL 89 STARTED
----------------------------------------
Start Time: 2024-05-02 05:06:54
TRIAL 89 COMPLETE ✔
End Time: 2024-05-02 05:34:16
Total runtime for this trial (minutes/seconds): 27:21
----------------------------------------
Total hill visits: 101
Total prediction errors: 580
Total search depth: 3925824
Total times memory accessed: 13629093
Total times 24 >= t < 49: 33
Total times 49 >= t < 74: 2
Total times 74 >= t < 99: 0
Total times t == 99: 0
Total time steps survived: 2259
Total runtime so far (hours/minutes/seconds): 09:59:31
----------------------------------------

----------------------------------------
TRIAL 90 STARTED
----------------------------------------
Start Time: 2024-05-02 05:34:16
TRIAL 90 COMPLETE ✔
End Time: 2024-05-02 06:11:13
Total runtime for this trial (minutes/seconds): 36:57
----------------------------------------
Total hill visits: 103
Total prediction errors: 599
Total search depth: 4180854
Total times memory accessed: 14458825
Total times 24 >= t < 49: 33
Total times 49 >= t < 74: 2
Total times 74 >= t < 99: 1
Total times t == 99: 0
Total time steps survived: 2354
Total runtime so far (hours/minutes/seconds): 10:36:29
----------------------------------------

----------------------------------------
TRIAL 91 STARTED
----------------------------------------
Start Time: 2024-05-02 06:11:13
TRIAL 91 COMPLETE ✔
End Time: 2024-05-02 06:23:28
Total runtime for this trial (minutes/seconds): 12:14
----------------------------------------
Total hill visits: 104
Total prediction errors: 605
Total search depth: 4264218
Total times memory accessed: 14730351
Total times 24 >= t < 49: 33
Total times 49 >= t < 74: 2
Total times 74 >= t < 99: 1
Total times t == 99: 0
Total time steps survived: 2374
Total runtime so far (hours/minutes/seconds): 10:48:43
----------------------------------------

----------------------------------------
TRIAL 92 STARTED
----------------------------------------
Start Time: 2024-05-02 06:23:28
TRIAL 92 COMPLETE ✔
End Time: 2024-05-02 06:29:47
Total runtime for this trial (minutes/seconds): 06:19
----------------------------------------
Total hill visits: 106
Total prediction errors: 609
Total search depth: 4308111
Total times memory accessed: 14871352
Total times 24 >= t < 49: 34
Total times 49 >= t < 74: 2
Total times 74 >= t < 99: 1
Total times t == 99: 0
Total time steps survived: 2399
Total runtime so far (hours/minutes/seconds): 10:55:03
----------------------------------------

----------------------------------------
TRIAL 93 STARTED
----------------------------------------
Start Time: 2024-05-02 06:29:47
TRIAL 93 COMPLETE ✔
End Time: 2024-05-02 06:37:10
Total runtime for this trial (minutes/seconds): 07:23
----------------------------------------
Total hill visits: 108
Total prediction errors: 613
Total search depth: 4364973
Total times memory accessed: 15035210
Total times 24 >= t < 49: 35
Total times 49 >= t < 74: 2
Total times 74 >= t < 99: 1
Total times t == 99: 0
Total time steps survived: 2424
Total runtime so far (hours/minutes/seconds): 11:02:26
----------------------------------------

----------------------------------------
TRIAL 94 STARTED
----------------------------------------
Start Time: 2024-05-02 06:37:10
TRIAL 94 COMPLETE ✔
End Time: 2024-05-02 06:41:10
Total runtime for this trial (minutes/seconds): 03:59
----------------------------------------
Total hill visits: 109
Total prediction errors: 615
Total search depth: 4393432
Total times memory accessed: 15124604
Total times 24 >= t < 49: 35
Total times 49 >= t < 74: 2
Total times 74 >= t < 99: 1
Total times t == 99: 0
Total time steps survived: 2446
Total runtime so far (hours/minutes/seconds): 11:06:25
----------------------------------------

----------------------------------------
TRIAL 95 STARTED
----------------------------------------
Start Time: 2024-05-02 06:41:10
TRIAL 95 COMPLETE ✔
End Time: 2024-05-02 06:53:00
Total runtime for this trial (minutes/seconds): 11:49
----------------------------------------
Total hill visits: 111
Total prediction errors: 620
Total search depth: 4477686
Total times memory accessed: 15385700
Total times 24 >= t < 49: 36
Total times 49 >= t < 74: 2
Total times 74 >= t < 99: 1
Total times t == 99: 0
Total time steps survived: 2493
Total runtime so far (hours/minutes/seconds): 11:18:15
----------------------------------------

----------------------------------------
TRIAL 96 STARTED
----------------------------------------
Start Time: 2024-05-02 06:53:00
TRIAL 96 COMPLETE ✔
End Time: 2024-05-02 07:10:55
Total runtime for this trial (minutes/seconds): 17:55
----------------------------------------
Total hill visits: 113
Total prediction errors: 628
Total search depth: 4607714
Total times memory accessed: 15783395
Total times 24 >= t < 49: 37
Total times 49 >= t < 74: 2
Total times 74 >= t < 99: 1
Total times t == 99: 0
Total time steps survived: 2535
Total runtime so far (hours/minutes/seconds): 11:36:11
----------------------------------------

----------------------------------------
TRIAL 97 STARTED
----------------------------------------
Start Time: 2024-05-02 07:10:55
TRIAL 97 COMPLETE ✔
End Time: 2024-05-02 07:17:27
Total runtime for this trial (minutes/seconds): 06:31
----------------------------------------
Total hill visits: 114
Total prediction errors: 629
Total search depth: 4657016
Total times memory accessed: 15930083
Total times 24 >= t < 49: 37
Total times 49 >= t < 74: 2
Total times 74 >= t < 99: 1
Total times t == 99: 0
Total time steps survived: 2555
Total runtime so far (hours/minutes/seconds): 11:42:42
----------------------------------------

----------------------------------------
TRIAL 98 STARTED
----------------------------------------
Start Time: 2024-05-02 07:17:27
TRIAL 98 COMPLETE ✔
End Time: 2024-05-02 07:25:01
Total runtime for this trial (minutes/seconds): 07:34
----------------------------------------
Total hill visits: 115
Total prediction errors: 632
Total search depth: 4710191
Total times memory accessed: 16105820
Total times 24 >= t < 49: 37
Total times 49 >= t < 74: 2
Total times 74 >= t < 99: 1
Total times t == 99: 0
Total time steps survived: 2575
Total runtime so far (hours/minutes/seconds): 11:50:17
----------------------------------------

----------------------------------------
TRIAL 99 STARTED
----------------------------------------
Start Time: 2024-05-02 07:25:01
TRIAL 99 COMPLETE ✔
End Time: 2024-05-02 07:39:08
Total runtime for this trial (minutes/seconds): 14:06
----------------------------------------
Total hill visits: 117
Total prediction errors: 637
Total search depth: 4810656
Total times memory accessed: 16422350
Total times 24 >= t < 49: 38
Total times 49 >= t < 74: 2
Total times 74 >= t < 99: 1
Total times t == 99: 0
Total time steps survived: 2612
Total runtime so far (hours/minutes/seconds): 12:04:23
----------------------------------------

----------------------------------------
TRIAL 100 STARTED
----------------------------------------
Start Time: 2024-05-02 07:39:08
TRIAL 100 COMPLETE ✔
End Time: 2024-05-02 07:49:46
Total runtime for this trial (minutes/seconds): 10:38
----------------------------------------
Total hill visits: 119
Total prediction errors: 640
Total search depth: 4891046
Total times memory accessed: 16656832
Total times 24 >= t < 49: 39
Total times 49 >= t < 74: 2
Total times 74 >= t < 99: 1
Total times t == 99: 0
Total time steps survived: 2637
Total runtime so far (hours/minutes/seconds): 12:15:02
----------------------------------------

----------------------------------------
TRIAL 101 STARTED
----------------------------------------
Start Time: 2024-05-02 07:49:46
TRIAL 101 COMPLETE ✔
End Time: 2024-05-02 07:53:54
Total runtime for this trial (minutes/seconds): 04:07
----------------------------------------
Total hill visits: 120
Total prediction errors: 641
Total search depth: 4919606
Total times memory accessed: 16748734
Total times 24 >= t < 49: 39
Total times 49 >= t < 74: 2
Total times 74 >= t < 99: 1
Total times t == 99: 0
Total time steps survived: 2659
Total runtime so far (hours/minutes/seconds): 12:19:09
----------------------------------------

----------------------------------------
TRIAL 102 STARTED
----------------------------------------
Start Time: 2024-05-02 07:53:54
TRIAL 102 COMPLETE ✔
End Time: 2024-05-02 08:13:24
Total runtime for this trial (minutes/seconds): 19:30
----------------------------------------
Total hill visits: 122
Total prediction errors: 652
Total search depth: 5054314
Total times memory accessed: 17180562
Total times 24 >= t < 49: 39
Total times 49 >= t < 74: 3
Total times 74 >= t < 99: 1
Total times t == 99: 0
Total time steps survived: 2728
Total runtime so far (hours/minutes/seconds): 12:38:39
----------------------------------------

----------------------------------------
TRIAL 103 STARTED
----------------------------------------
Start Time: 2024-05-02 08:13:24
TRIAL 103 COMPLETE ✔
End Time: 2024-05-02 09:14:20
Total runtime for this trial (minutes/seconds): 60:56
----------------------------------------
Total hill visits: 127
Total prediction errors: 674
Total search depth: 5491077
Total times memory accessed: 18533626
Total times 24 >= t < 49: 39
Total times 49 >= t < 74: 3
Total times 74 >= t < 99: 1
Total times t == 99: 0
Total time steps survived: 2827
Total runtime so far (hours/minutes/seconds): 13:39:36
----------------------------------------

----------------------------------------
TRIAL 104 STARTED
----------------------------------------
Start Time: 2024-05-02 09:14:20
TRIAL 104 COMPLETE ✔
End Time: 2024-05-02 09:26:07
Total runtime for this trial (minutes/seconds): 11:46
----------------------------------------
Total hill visits: 128
Total prediction errors: 681
Total search depth: 5569643
Total times memory accessed: 18796443
Total times 24 >= t < 49: 39
Total times 49 >= t < 74: 3
Total times 74 >= t < 99: 1
Total times t == 99: 0
Total time steps survived: 2847
Total runtime so far (hours/minutes/seconds): 13:51:22
----------------------------------------

----------------------------------------
TRIAL 105 STARTED
----------------------------------------
Start Time: 2024-05-02 09:26:07
TRIAL 105 COMPLETE ✔
End Time: 2024-05-02 09:32:13
Total runtime for this trial (minutes/seconds): 06:05
----------------------------------------
Total hill visits: 129
Total prediction errors: 683
Total search depth: 5614895
Total times memory accessed: 18932065
Total times 24 >= t < 49: 40
Total times 49 >= t < 74: 3
Total times 74 >= t < 99: 1
Total times t == 99: 0
Total time steps survived: 2872
Total runtime so far (hours/minutes/seconds): 13:57:28
----------------------------------------

----------------------------------------
TRIAL 106 STARTED
----------------------------------------
Start Time: 2024-05-02 09:32:13
TRIAL 106 COMPLETE ✔
End Time: 2024-05-02 10:12:48
Total runtime for this trial (minutes/seconds): 40:34
----------------------------------------
Total hill visits: 132
Total prediction errors: 698
Total search depth: 5908079
Total times memory accessed: 19836132
Total times 24 >= t < 49: 40
Total times 49 >= t < 74: 3
Total times 74 >= t < 99: 2
Total times t == 99: 0
Total time steps survived: 2949
Total runtime so far (hours/minutes/seconds): 14:38:03
----------------------------------------

----------------------------------------
TRIAL 107 STARTED
----------------------------------------
Start Time: 2024-05-02 10:12:48
TRIAL 107 COMPLETE ✔
End Time: 2024-05-02 10:17:09
Total runtime for this trial (minutes/seconds): 04:21
----------------------------------------
Total hill visits: 133
Total prediction errors: 698
Total search depth: 5938544
Total times memory accessed: 19933002
Total times 24 >= t < 49: 40
Total times 49 >= t < 74: 3
Total times 74 >= t < 99: 2
Total times t == 99: 0
Total time steps survived: 2971
Total runtime so far (hours/minutes/seconds): 14:42:25
----------------------------------------

----------------------------------------
TRIAL 108 STARTED
----------------------------------------
Start Time: 2024-05-02 10:17:09
TRIAL 108 COMPLETE ✔
End Time: 2024-05-02 10:31:20
Total runtime for this trial (minutes/seconds): 14:10
----------------------------------------
Total hill visits: 135
Total prediction errors: 704
Total search depth: 6039858
Total times memory accessed: 20251763
Total times 24 >= t < 49: 41
Total times 49 >= t < 74: 3
Total times 74 >= t < 99: 2
Total times t == 99: 0
Total time steps survived: 2996
Total runtime so far (hours/minutes/seconds): 14:56:35
----------------------------------------

----------------------------------------
TRIAL 109 STARTED
----------------------------------------
Start Time: 2024-05-02 10:31:20
TRIAL 109 COMPLETE ✔
End Time: 2024-05-02 10:57:25
Total runtime for this trial (minutes/seconds): 26:05
----------------------------------------
Total hill visits: 137
Total prediction errors: 719
Total search depth: 6226220
Total times memory accessed: 20821345
Total times 24 >= t < 49: 41
Total times 49 >= t < 74: 3
Total times 74 >= t < 99: 2
Total times t == 99: 0
Total time steps survived: 3095
Total runtime so far (hours/minutes/seconds): 15:22:41
----------------------------------------

----------------------------------------
TRIAL 110 STARTED
----------------------------------------
Start Time: 2024-05-02 10:57:25
TRIAL 110 COMPLETE ✔
End Time: 2024-05-02 11:12:35
Total runtime for this trial (minutes/seconds): 15:09
----------------------------------------
Total hill visits: 138
Total prediction errors: 725
Total search depth: 6339233
Total times memory accessed: 21156010
Total times 24 >= t < 49: 42
Total times 49 >= t < 74: 3
Total times 74 >= t < 99: 2
Total times t == 99: 0
Total time steps survived: 3120
Total runtime so far (hours/minutes/seconds): 15:37:50
----------------------------------------

----------------------------------------
TRIAL 111 STARTED
----------------------------------------
Start Time: 2024-05-02 11:12:35
TRIAL 111 COMPLETE ✔
End Time: 2024-05-02 11:22:10
Total runtime for this trial (minutes/seconds): 09:35
----------------------------------------
Total hill visits: 140
Total prediction errors: 732
Total search depth: 6407195
Total times memory accessed: 21370227
Total times 24 >= t < 49: 42
Total times 49 >= t < 74: 4
Total times 74 >= t < 99: 2
Total times t == 99: 0
Total time steps survived: 3170
Total runtime so far (hours/minutes/seconds): 15:47:26
----------------------------------------

----------------------------------------
TRIAL 112 STARTED
----------------------------------------
Start Time: 2024-05-02 11:22:10
TRIAL 112 COMPLETE ✔
End Time: 2024-05-02 11:30:10
Total runtime for this trial (minutes/seconds): 07:59
----------------------------------------
Total hill visits: 142
Total prediction errors: 736
Total search depth: 6466294
Total times memory accessed: 21545830
Total times 24 >= t < 49: 43
Total times 49 >= t < 74: 4
Total times 74 >= t < 99: 2
Total times t == 99: 0
Total time steps survived: 3200
Total runtime so far (hours/minutes/seconds): 15:55:25
----------------------------------------

----------------------------------------
TRIAL 113 STARTED
----------------------------------------
Start Time: 2024-05-02 11:30:10
TRIAL 113 COMPLETE ✔
End Time: 2024-05-02 11:41:11
Total runtime for this trial (minutes/seconds): 11:01
----------------------------------------
Total hill visits: 143
Total prediction errors: 742
Total search depth: 6540583
Total times memory accessed: 21793230
Total times 24 >= t < 49: 43
Total times 49 >= t < 74: 4
Total times 74 >= t < 99: 2
Total times t == 99: 0
Total time steps survived: 3220
Total runtime so far (hours/minutes/seconds): 16:06:27
----------------------------------------

----------------------------------------
TRIAL 114 STARTED
----------------------------------------
Start Time: 2024-05-02 11:41:11
TRIAL 114 COMPLETE ✔
End Time: 2024-05-02 11:55:33
Total runtime for this trial (minutes/seconds): 14:22
----------------------------------------
Total hill visits: 145
Total prediction errors: 752
Total search depth: 6648770
Total times memory accessed: 22110320
Total times 24 >= t < 49: 43
Total times 49 >= t < 74: 5
Total times 74 >= t < 99: 2
Total times t == 99: 0
Total time steps survived: 3273
Total runtime so far (hours/minutes/seconds): 16:20:49
----------------------------------------

----------------------------------------
TRIAL 115 STARTED
----------------------------------------
Start Time: 2024-05-02 11:55:33
TRIAL 115 COMPLETE ✔
End Time: 2024-05-02 11:58:29
Total runtime for this trial (minutes/seconds): 02:55
----------------------------------------
Total hill visits: 146
Total prediction errors: 753
Total search depth: 6670617
Total times memory accessed: 22175268
Total times 24 >= t < 49: 43
Total times 49 >= t < 74: 5
Total times 74 >= t < 99: 2
Total times t == 99: 0
Total time steps survived: 3293
Total runtime so far (hours/minutes/seconds): 16:23:44
----------------------------------------

----------------------------------------
TRIAL 116 STARTED
----------------------------------------
Start Time: 2024-05-02 11:58:29
TRIAL 116 COMPLETE ✔
End Time: 2024-05-02 12:01:34
Total runtime for this trial (minutes/seconds): 03:04
----------------------------------------
Total hill visits: 147
Total prediction errors: 755
Total search depth: 6693095
Total times memory accessed: 22242540
Total times 24 >= t < 49: 43
Total times 49 >= t < 74: 5
Total times 74 >= t < 99: 2
Total times t == 99: 0
Total time steps survived: 3313
Total runtime so far (hours/minutes/seconds): 16:26:49
----------------------------------------

----------------------------------------
TRIAL 117 STARTED
----------------------------------------
Start Time: 2024-05-02 12:01:34
TRIAL 117 COMPLETE ✔
End Time: 2024-05-02 12:09:14
Total runtime for this trial (minutes/seconds): 07:39
----------------------------------------
Total hill visits: 149
Total prediction errors: 759
Total search depth: 6749634
Total times memory accessed: 22412115
Total times 24 >= t < 49: 44
Total times 49 >= t < 74: 5
Total times 74 >= t < 99: 2
Total times t == 99: 0
Total time steps survived: 3359
Total runtime so far (hours/minutes/seconds): 16:34:29
----------------------------------------

----------------------------------------
TRIAL 118 STARTED
----------------------------------------
Start Time: 2024-05-02 12:09:14
TRIAL 118 COMPLETE ✔
End Time: 2024-05-02 12:12:15
Total runtime for this trial (minutes/seconds): 03:01
----------------------------------------
Total hill visits: 150
Total prediction errors: 761
Total search depth: 6772409
Total times memory accessed: 22479776
Total times 24 >= t < 49: 44
Total times 49 >= t < 74: 5
Total times 74 >= t < 99: 2
Total times t == 99: 0
Total time steps survived: 3379
Total runtime so far (hours/minutes/seconds): 16:37:30
----------------------------------------

----------------------------------------
TRIAL 119 STARTED
----------------------------------------
Start Time: 2024-05-02 12:12:15
TRIAL 119 COMPLETE ✔
End Time: 2024-05-02 12:15:10
Total runtime for this trial (minutes/seconds): 02:55
----------------------------------------
Total hill visits: 151
Total prediction errors: 763
Total search depth: 6794240
Total times memory accessed: 22544486
Total times 24 >= t < 49: 44
Total times 49 >= t < 74: 5
Total times 74 >= t < 99: 2
Total times t == 99: 0
Total time steps survived: 3399
Total runtime so far (hours/minutes/seconds): 16:40:26
----------------------------------------

----------------------------------------
TRIAL 120 STARTED
----------------------------------------
Start Time: 2024-05-02 12:15:10
TRIAL 120 COMPLETE ✔
End Time: 2024-05-02 12:41:32
Total runtime for this trial (minutes/seconds): 26:21
----------------------------------------
Total hill visits: 154
Total prediction errors: 776
Total search depth: 6978054
Total times memory accessed: 23133250
Total times 24 >= t < 49: 44
Total times 49 >= t < 74: 5
Total times 74 >= t < 99: 3
Total times t == 99: 0
Total time steps survived: 3480
Total runtime so far (hours/minutes/seconds): 17:06:48
----------------------------------------
EXPERIMENT COMPLETE ✔.
End Time: 2024-05-02 12:41:32
TOTAL RUNTIME (hours/minutes/seconds): 17:06:48
Traceback (most recent call last):
  File "/home/grmstj001/MATLAB-experiments/Sophisticated-Learning/src/Python/main.py", line 24, in <module>
    main(algorithm=args.algorithm, seed=args.seed)
  File "/home/grmstj001/MATLAB-experiments/Sophisticated-Learning/src/Python/main.py", line 8, in main
    si_experiment(seed)
  File "/home/grmstj001/MATLAB-experiments/Sophisticated-Learning/src/Python/algorithms/sophisticated_inference/sophisticated_inference.py", line 354, in experiment
    logging.info(f"AVERAGE RUNTIME PER TIME STEP: {round_half_up((runtime.total_seconds() / total_t), 3)} seconds")
NameError: name 'round_half_up' is not defined
/var/tmp/slurmd.spool/job2116100/slurm_script: line 32: deactivatepython: command not found
