Running Python script with ALGORITHM=SI and SEED=11
At time 31 the agent is dead.
The agent had: -1 food, 2 water, and 9 sleep.
The total tree search depth for this trial was 12807.
The agent accessed its memory 27282 times.
The agent cleared its short-term memory 7 times.
    State prediction error memory resets: 6.
    Hill memory resets: 1.
At time 20 the agent is dead.
The agent had: 10 food, -1 water, and 4 sleep.
The total tree search depth for this trial was 6257.
The agent accessed its memory 18336 times.
The agent cleared its short-term memory 2 times.
    State prediction error memory resets: 2.
    Hill memory resets: 0.
At time 20 the agent is dead.
The agent had: 1 food, -1 water, and 4 sleep.
The total tree search depth for this trial was 2660.
The agent accessed its memory 6804 times.
The agent cleared its short-term memory 0 times.
    State prediction error memory resets: 0.
    Hill memory resets: 0.
At time 22 the agent is dead.
The agent had: -1 food, 1 water, and 2 sleep.
The total tree search depth for this trial was 6055.
The agent accessed its memory 17031 times.
The agent cleared its short-term memory 11 times.
    State prediction error memory resets: 11.
    Hill memory resets: 0.
At time 24 the agent is dead.
The agent had: -1 food, 0 water, and 7 sleep.
The total tree search depth for this trial was 10392.
The agent accessed its memory 35705 times.
The agent cleared its short-term memory 9 times.
    State prediction error memory resets: 8.
    Hill memory resets: 1.
At time 22 the agent is dead.
The agent had: -1 food, 17 water, and 23 sleep.
The total tree search depth for this trial was 11938.
The agent accessed its memory 45414 times.
The agent cleared its short-term memory 10 times.
    State prediction error memory resets: 8.
    Hill memory resets: 2.
At time 20 the agent is dead.
The agent had: 1 food, -1 water, and 4 sleep.
The total tree search depth for this trial was 2371.
The agent accessed its memory 8813 times.
The agent cleared its short-term memory 8 times.
    State prediction error memory resets: 8.
    Hill memory resets: 0.
At time 20 the agent is dead.
The agent had: 1 food, -1 water, and 4 sleep.
The total tree search depth for this trial was 2149.
The agent accessed its memory 7709 times.
The agent cleared its short-term memory 8 times.
    State prediction error memory resets: 7.
    Hill memory resets: 1.
At time 20 the agent is dead.
The agent had: 10 food, -1 water, and 4 sleep.
The total tree search depth for this trial was 18868.
The agent accessed its memory 64485 times.
The agent cleared its short-term memory 0 times.
    State prediction error memory resets: 0.
    Hill memory resets: 0.
At time 20 the agent is dead.
The agent had: 1 food, -1 water, and 4 sleep.
The total tree search depth for this trial was 3852.
The agent accessed its memory 13135 times.
The agent cleared its short-term memory 11 times.
    State prediction error memory resets: 11.
    Hill memory resets: 0.
At time 20 the agent is dead.
The agent had: 1 food, -1 water, and 4 sleep.
The total tree search depth for this trial was 4396.
The agent accessed its memory 14959 times.
The agent cleared its short-term memory 14 times.
    State prediction error memory resets: 11.
    Hill memory resets: 3.
At time 20 the agent is dead.
The agent had: 1 food, -1 water, and 4 sleep.
The total tree search depth for this trial was 8360.
The agent accessed its memory 33109 times.
The agent cleared its short-term memory 5 times.
    State prediction error memory resets: 5.
    Hill memory resets: 0.
At time 20 the agent is dead.
The agent had: 1 food, -1 water, and 14 sleep.
The total tree search depth for this trial was 34136.
The agent accessed its memory 131586 times.
The agent cleared its short-term memory 6 times.
    State prediction error memory resets: 6.
    Hill memory resets: 0.
At time 20 the agent is dead.
The agent had: 1 food, -1 water, and 4 sleep.
The total tree search depth for this trial was 7307.
The agent accessed its memory 25421 times.
The agent cleared its short-term memory 14 times.
    State prediction error memory resets: 13.
    Hill memory resets: 1.
At time 22 the agent is dead.
The agent had: -1 food, 8 water, and 22 sleep.
The total tree search depth for this trial was 19686.
The agent accessed its memory 69074 times.
The agent cleared its short-term memory 14 times.
    State prediction error memory resets: 13.
    Hill memory resets: 1.
At time 22 the agent is dead.
The agent had: -1 food, 11 water, and 19 sleep.
The total tree search depth for this trial was 13588.
The agent accessed its memory 46442 times.
The agent cleared its short-term memory 3 times.
    State prediction error memory resets: 2.
    Hill memory resets: 1.
At time 20 the agent is dead.
The agent had: 1 food, -1 water, and 4 sleep.
The total tree search depth for this trial was 4651.
The agent accessed its memory 14755 times.
The agent cleared its short-term memory 10 times.
    State prediction error memory resets: 9.
    Hill memory resets: 1.
At time 20 the agent is dead.
The agent had: 4 food, -1 water, and 8 sleep.
The total tree search depth for this trial was 29450.
The agent accessed its memory 99902 times.
The agent cleared its short-term memory 9 times.
    State prediction error memory resets: 8.
    Hill memory resets: 1.
At time 20 the agent is dead.
The agent had: 1 food, -1 water, and 16 sleep.
The total tree search depth for this trial was 107768.
The agent accessed its memory 443059 times.
The agent cleared its short-term memory 10 times.
    State prediction error memory resets: 9.
    Hill memory resets: 1.
At time 64 the agent is dead.
The agent had: 3 food, -1 water, and 2 sleep.
The total tree search depth for this trial was 101542.
The agent accessed its memory 338787 times.
The agent cleared its short-term memory 11 times.
    State prediction error memory resets: 10.
    Hill memory resets: 1.
At time 22 the agent is dead.
The agent had: -1 food, 12 water, and 20 sleep.
The total tree search depth for this trial was 30265.
The agent accessed its memory 121070 times.
The agent cleared its short-term memory 10 times.
    State prediction error memory resets: 9.
    Hill memory resets: 1.
At time 20 the agent is dead.
The agent had: 1 food, -1 water, and 4 sleep.
The total tree search depth for this trial was 18110.
The agent accessed its memory 71651 times.
The agent cleared its short-term memory 9 times.
    State prediction error memory resets: 8.
    Hill memory resets: 1.
At time 43 the agent is dead.
The agent had: 9 food, -1 water, and 11 sleep.
The total tree search depth for this trial was 88486.
The agent accessed its memory 337646 times.
The agent cleared its short-term memory 11 times.
    State prediction error memory resets: 10.
    Hill memory resets: 1.
At time 20 the agent is dead.
The agent had: 1 food, -1 water, and 4 sleep.
The total tree search depth for this trial was 78951.
The agent accessed its memory 306585 times.
The agent cleared its short-term memory 10 times.
    State prediction error memory resets: 9.
    Hill memory resets: 1.
At time 45 the agent is dead.
The agent had: 2 food, -1 water, and 0 sleep.
The total tree search depth for this trial was 125118.
The agent accessed its memory 533604 times.
The agent cleared its short-term memory 12 times.
    State prediction error memory resets: 10.
    Hill memory resets: 2.
At time 20 the agent is dead.
The agent had: 1 food, -1 water, and 4 sleep.
The total tree search depth for this trial was 27807.
The agent accessed its memory 108056 times.
The agent cleared its short-term memory 8 times.
    State prediction error memory resets: 7.
    Hill memory resets: 1.
At time 25 the agent is dead.
The agent had: 8 food, 3 water, and -1 sleep.
The total tree search depth for this trial was 64782.
The agent accessed its memory 246083 times.
The agent cleared its short-term memory 15 times.
    State prediction error memory resets: 14.
    Hill memory resets: 1.
At time 57 the agent is dead.
The agent had: 8 food, -1 water, and 10 sleep.
The total tree search depth for this trial was 160097.
The agent accessed its memory 591571 times.
The agent cleared its short-term memory 11 times.
    State prediction error memory resets: 10.
    Hill memory resets: 1.
At time 20 the agent is dead.
The agent had: 16 food, -1 water, and 4 sleep.
The total tree search depth for this trial was 87577.
The agent accessed its memory 319350 times.
The agent cleared its short-term memory 11 times.
    State prediction error memory resets: 7.
    Hill memory resets: 4.
At time 20 the agent is dead.
The agent had: 8 food, -1 water, and 10 sleep.
The total tree search depth for this trial was 41063.
The agent accessed its memory 154371 times.
The agent cleared its short-term memory 5 times.
    State prediction error memory resets: 4.
    Hill memory resets: 1.
At time 22 the agent is dead.
The agent had: -1 food, 13 water, and 2 sleep.
The total tree search depth for this trial was 41718.
The agent accessed its memory 151773 times.
The agent cleared its short-term memory 6 times.
    State prediction error memory resets: 5.
    Hill memory resets: 1.
At time 22 the agent is dead.
The agent had: -1 food, 11 water, and 20 sleep.
The total tree search depth for this trial was 38232.
The agent accessed its memory 137702 times.
The agent cleared its short-term memory 6 times.
    State prediction error memory resets: 5.
    Hill memory resets: 1.
At time 20 the agent is dead.
The agent had: 11 food, -1 water, and 4 sleep.
The total tree search depth for this trial was 26874.
The agent accessed its memory 98179 times.
The agent cleared its short-term memory 4 times.
    State prediction error memory resets: 3.
    Hill memory resets: 1.
At time 20 the agent is dead.
The agent had: 10 food, -1 water, and 16 sleep.
The total tree search depth for this trial was 39248.
The agent accessed its memory 143224 times.
The agent cleared its short-term memory 5 times.
    State prediction error memory resets: 4.
    Hill memory resets: 1.
At time 29 the agent is dead.
The agent had: 7 food, -1 water, and 9 sleep.
The total tree search depth for this trial was 68360.
The agent accessed its memory 241834 times.
The agent cleared its short-term memory 8 times.
    State prediction error memory resets: 7.
    Hill memory resets: 1.
At time 22 the agent is dead.
The agent had: -1 food, 5 water, and 22 sleep.
The total tree search depth for this trial was 40151.
The agent accessed its memory 143614 times.
The agent cleared its short-term memory 5 times.
    State prediction error memory resets: 4.
    Hill memory resets: 1.
At time 67 the agent is dead.
The agent had: -1 food, 4 water, and 14 sleep.
The total tree search depth for this trial was 184733.
The agent accessed its memory 651812 times.
The agent cleared its short-term memory 15 times.
    State prediction error memory resets: 13.
    Hill memory resets: 2.
At time 55 the agent is dead.
The agent had: 2 food, -1 water, and 6 sleep.
The total tree search depth for this trial was 68135.
The agent accessed its memory 250608 times.
The agent cleared its short-term memory 6 times.
    State prediction error memory resets: 5.
    Hill memory resets: 1.
At time 22 the agent is dead.
The agent had: -1 food, 8 water, and 9 sleep.
The total tree search depth for this trial was 88224.
The agent accessed its memory 330315 times.
The agent cleared its short-term memory 13 times.
    State prediction error memory resets: 11.
    Hill memory resets: 2.
At time 35 the agent is dead.
The agent had: 0 food, -1 water, and 2 sleep.
The total tree search depth for this trial was 48955.
The agent accessed its memory 188153 times.
The agent cleared its short-term memory 3 times.
    State prediction error memory resets: 2.
    Hill memory resets: 1.
At time 20 the agent is dead.
The agent had: 9 food, -1 water, and 16 sleep.
The total tree search depth for this trial was 90067.
The agent accessed its memory 323541 times.
The agent cleared its short-term memory 9 times.
    State prediction error memory resets: 8.
    Hill memory resets: 1.
At time 33 the agent is dead.
The agent had: 5 food, -1 water, and 9 sleep.
The total tree search depth for this trial was 50443.
The agent accessed its memory 161324 times.
The agent cleared its short-term memory 6 times.
    State prediction error memory resets: 5.
    Hill memory resets: 1.
At time 20 the agent is dead.
The agent had: 1 food, -1 water, and 4 sleep.
The total tree search depth for this trial was 23347.
The agent accessed its memory 80651 times.
The agent cleared its short-term memory 3 times.
    State prediction error memory resets: 2.
    Hill memory resets: 1.
At time 22 the agent is dead.
The agent had: -1 food, 7 water, and 2 sleep.
The total tree search depth for this trial was 41839.
The agent accessed its memory 171636 times.
The agent cleared its short-term memory 7 times.
    State prediction error memory resets: 6.
    Hill memory resets: 1.
At time 61 the agent is dead.
The agent had: -1 food, 13 water, and 21 sleep.
The total tree search depth for this trial was 177240.
The agent accessed its memory 617834 times.
The agent cleared its short-term memory 14 times.
    State prediction error memory resets: 11.
    Hill memory resets: 3.
At time 22 the agent is dead.
The agent had: -1 food, 13 water, and 9 sleep.
The total tree search depth for this trial was 53539.
The agent accessed its memory 187700 times.
The agent cleared its short-term memory 6 times.
    State prediction error memory resets: 5.
    Hill memory resets: 1.
At time 43 the agent is dead.
The agent had: -1 food, 14 water, and 14 sleep.
The total tree search depth for this trial was 125039.
The agent accessed its memory 470758 times.
The agent cleared its short-term memory 12 times.
    State prediction error memory resets: 10.
    Hill memory resets: 2.
At time 53 the agent is dead.
The agent had: 2 food, 1 water, and -1 sleep.
The total tree search depth for this trial was 56120.
The agent accessed its memory 175685 times.
The agent cleared its short-term memory 6 times.
    State prediction error memory resets: 5.
    Hill memory resets: 1.
At time 75 the agent is dead.
The agent had: 10 food, -1 water, and 12 sleep.
The total tree search depth for this trial was 137772.
The agent accessed its memory 454712 times.
The agent cleared its short-term memory 16 times.
    State prediction error memory resets: 15.
    Hill memory resets: 1.
At time 80 the agent is dead.
The agent had: 6 food, -1 water, and 3 sleep.
The total tree search depth for this trial was 201915.
The agent accessed its memory 754861 times.
The agent cleared its short-term memory 11 times.
    State prediction error memory resets: 10.
    Hill memory resets: 1.
At time 54 the agent is dead.
The agent had: -1 food, 4 water, and 8 sleep.
The total tree search depth for this trial was 187073.
The agent accessed its memory 671798 times.
The agent cleared its short-term memory 16 times.
    State prediction error memory resets: 14.
    Hill memory resets: 2.
At time 58 the agent is dead.
The agent had: 12 food, -1 water, and 20 sleep.
The total tree search depth for this trial was 88173.
The agent accessed its memory 303886 times.
The agent cleared its short-term memory 8 times.
    State prediction error memory resets: 7.
    Hill memory resets: 1.
At time 49 the agent is dead.
The agent had: 11 food, 14 water, and -1 sleep.
The total tree search depth for this trial was 107892.
The agent accessed its memory 392896 times.
The agent cleared its short-term memory 9 times.
    State prediction error memory resets: 7.
    Hill memory resets: 2.
At time 64 the agent is dead.
The agent had: 0 food, 3 water, and -1 sleep.
The total tree search depth for this trial was 173949.
The agent accessed its memory 658065 times.
The agent cleared its short-term memory 13 times.
    State prediction error memory resets: 12.
    Hill memory resets: 1.
At time 80 the agent is dead.
The agent had: 9 food, 3 water, and -1 sleep.
The total tree search depth for this trial was 278975.
The agent accessed its memory 993876 times.
The agent cleared its short-term memory 12 times.
    State prediction error memory resets: 11.
    Hill memory resets: 1.
At time 48 the agent is dead.
The agent had: 4 food, -1 water, and 6 sleep.
The total tree search depth for this trial was 93529.
The agent accessed its memory 323150 times.
The agent cleared its short-term memory 12 times.
    State prediction error memory resets: 10.
    Hill memory resets: 2.
At time 30 the agent is dead.
The agent had: -1 food, -1 water, and 5 sleep.
The total tree search depth for this trial was 100024.
The agent accessed its memory 382448 times.
The agent cleared its short-term memory 8 times.
    State prediction error memory resets: 7.
    Hill memory resets: 1.
At time 25 the agent is dead.
The agent had: 8 food, 1 water, and -1 sleep.
The total tree search depth for this trial was 102690.
The agent accessed its memory 366530 times.
The agent cleared its short-term memory 9 times.
    State prediction error memory resets: 8.
    Hill memory resets: 1.
At time 20 the agent is dead.
The agent had: 1 food, -1 water, and 14 sleep.
The total tree search depth for this trial was 51558.
The agent accessed its memory 184389 times.
The agent cleared its short-term memory 5 times.
    State prediction error memory resets: 3.
    Hill memory resets: 2.
At time 22 the agent is dead.
The agent had: -1 food, 16 water, and 19 sleep.
The total tree search depth for this trial was 34015.
The agent accessed its memory 111669 times.
The agent cleared its short-term memory 2 times.
    State prediction error memory resets: 1.
    Hill memory resets: 1.
At time 45 the agent is dead.
The agent had: 11 food, -1 water, and 0 sleep.
The total tree search depth for this trial was 98205.
The agent accessed its memory 330577 times.
The agent cleared its short-term memory 10 times.
    State prediction error memory resets: 9.
    Hill memory resets: 1.
At time 70 the agent is dead.
The agent had: 11 food, -1 water, and 7 sleep.
The total tree search depth for this trial was 159990.
The agent accessed its memory 521415 times.
The agent cleared its short-term memory 16 times.
    State prediction error memory resets: 14.
    Hill memory resets: 2.
At time 25 the agent is dead.
The agent had: 13 food, 7 water, and -1 sleep.
The total tree search depth for this trial was 65439.
The agent accessed its memory 220414 times.
The agent cleared its short-term memory 8 times.
    State prediction error memory resets: 7.
    Hill memory resets: 1.
At time 67 the agent is dead.
The agent had: 17 food, 9 water, and -1 sleep.
The total tree search depth for this trial was 183194.
The agent accessed its memory 648323 times.
The agent cleared its short-term memory 12 times.
    State prediction error memory resets: 10.
    Hill memory resets: 2.
At time 71 the agent is dead.
The agent had: -1 food, 1 water, and 11 sleep.
The total tree search depth for this trial was 112476.
The agent accessed its memory 374447 times.
The agent cleared its short-term memory 5 times.
    State prediction error memory resets: 4.
    Hill memory resets: 1.
At time 61 the agent is dead.
The agent had: 16 food, 9 water, and -1 sleep.
The total tree search depth for this trial was 151511.
The agent accessed its memory 516296 times.
The agent cleared its short-term memory 14 times.
    State prediction error memory resets: 12.
    Hill memory resets: 2.
At time 44 the agent is dead.
The agent had: -1 food, -1 water, and 12 sleep.
The total tree search depth for this trial was 164414.
The agent accessed its memory 550938 times.
The agent cleared its short-term memory 11 times.
    State prediction error memory resets: 9.
    Hill memory resets: 2.
At time 35 the agent is dead.
The agent had: 13 food, 13 water, and -1 sleep.
The total tree search depth for this trial was 131842.
The agent accessed its memory 473694 times.
The agent cleared its short-term memory 9 times.
    State prediction error memory resets: 7.
    Hill memory resets: 2.
At time 25 the agent is dead.
The agent had: 11 food, 1 water, and -1 sleep.
The total tree search depth for this trial was 57683.
The agent accessed its memory 196842 times.
The agent cleared its short-term memory 5 times.
    State prediction error memory resets: 4.
    Hill memory resets: 1.
At time 28 the agent is dead.
The agent had: 6 food, -1 water, and 18 sleep.
The total tree search depth for this trial was 81563.
The agent accessed its memory 287624 times.
The agent cleared its short-term memory 7 times.
    State prediction error memory resets: 5.
    Hill memory resets: 2.
At time 41 the agent is dead.
The agent had: 12 food, 17 water, and -1 sleep.
The total tree search depth for this trial was 99381.
The agent accessed its memory 338819 times.
The agent cleared its short-term memory 8 times.
    State prediction error memory resets: 6.
    Hill memory resets: 2.
At time 68 the agent is dead.
The agent had: 9 food, 14 water, and -1 sleep.
The total tree search depth for this trial was 107172.
The agent accessed its memory 367258 times.
The agent cleared its short-term memory 12 times.
    State prediction error memory resets: 9.
    Hill memory resets: 3.
At time 22 the agent is dead.
The agent had: -1 food, 6 water, and 2 sleep.
The total tree search depth for this trial was 80888.
The agent accessed its memory 288692 times.
The agent cleared its short-term memory 8 times.
    State prediction error memory resets: 7.
    Hill memory resets: 1.
At time 82 the agent is dead.
The agent had: 7 food, -1 water, and 2 sleep.
The total tree search depth for this trial was 266307.
The agent accessed its memory 885754 times.
The agent cleared its short-term memory 15 times.
    State prediction error memory resets: 13.
    Hill memory resets: 2.
At time 47 the agent is dead.
The agent had: -1 food, -1 water, and 16 sleep.
The total tree search depth for this trial was 202121.
The agent accessed its memory 715579 times.
The agent cleared its short-term memory 17 times.
    State prediction error memory resets: 13.
    Hill memory resets: 4.
At time 48 the agent is dead.
The agent had: 6 food, -1 water, and 12 sleep.
The total tree search depth for this trial was 138247.
The agent accessed its memory 435736 times.
The agent cleared its short-term memory 9 times.
    State prediction error memory resets: 8.
    Hill memory resets: 1.
At time 30 the agent is dead.
The agent had: -1 food, 7 water, and 9 sleep.
The total tree search depth for this trial was 125733.
The agent accessed its memory 402541 times.
The agent cleared its short-term memory 10 times.
    State prediction error memory resets: 9.
    Hill memory resets: 1.
At time 49 the agent is dead.
The agent had: -1 food, 5 water, and 6 sleep.
The total tree search depth for this trial was 172595.
The agent accessed its memory 563044 times.
The agent cleared its short-term memory 10 times.
    State prediction error memory resets: 9.
    Hill memory resets: 1.
At time 29 the agent is dead.
The agent had: -1 food, 7 water, and 13 sleep.
The total tree search depth for this trial was 78514.
The agent accessed its memory 256305 times.
The agent cleared its short-term memory 6 times.
    State prediction error memory resets: 5.
    Hill memory resets: 1.
At time 20 the agent is dead.
The agent had: 13 food, -1 water, and 15 sleep.
The total tree search depth for this trial was 65010.
The agent accessed its memory 224674 times.
The agent cleared its short-term memory 8 times.
    State prediction error memory resets: 6.
    Hill memory resets: 2.
At time 74 the agent is dead.
The agent had: 6 food, -1 water, and 8 sleep.
The total tree search depth for this trial was 75058.
The agent accessed its memory 231842 times.
The agent cleared its short-term memory 7 times.
    State prediction error memory resets: 6.
    Hill memory resets: 1.
At time 36 the agent is dead.
The agent had: 10 food, -1 water, and 12 sleep.
The total tree search depth for this trial was 107672.
The agent accessed its memory 344455 times.
The agent cleared its short-term memory 9 times.
    State prediction error memory resets: 7.
    Hill memory resets: 2.
At time 50 the agent is dead.
The agent had: 10 food, 11 water, and -1 sleep.
The total tree search depth for this trial was 94341.
The agent accessed its memory 309396 times.
The agent cleared its short-term memory 13 times.
    State prediction error memory resets: 11.
    Hill memory resets: 2.
At time 25 the agent is dead.
The agent had: 3 food, 3 water, and -1 sleep.
The total tree search depth for this trial was 186543.
The agent accessed its memory 622888 times.
The agent cleared its short-term memory 9 times.
    State prediction error memory resets: 8.
    Hill memory resets: 1.
At time 22 the agent is dead.
The agent had: -1 food, 12 water, and 22 sleep.
The total tree search depth for this trial was 69335.
The agent accessed its memory 230595 times.
The agent cleared its short-term memory 5 times.
    State prediction error memory resets: 4.
    Hill memory resets: 1.
At time 64 the agent is dead.
The agent had: 6 food, -1 water, and 16 sleep.
The total tree search depth for this trial was 258744.
The agent accessed its memory 854764 times.
The agent cleared its short-term memory 18 times.
    State prediction error memory resets: 15.
    Hill memory resets: 3.
At time 64 the agent is dead.
The agent had: 18 food, 11 water, and -1 sleep.
The total tree search depth for this trial was 206962.
The agent accessed its memory 679929 times.
The agent cleared its short-term memory 12 times.
    State prediction error memory resets: 10.
    Hill memory resets: 2.
At time 67 the agent is dead.
The agent had: 18 food, 13 water, and -1 sleep.
The total tree search depth for this trial was 183105.
The agent accessed its memory 586730 times.
The agent cleared its short-term memory 10 times.
    State prediction error memory resets: 8.
    Hill memory resets: 2.
At time 20 the agent is dead.
The agent had: 10 food, -1 water, and 12 sleep.
The total tree search depth for this trial was 55415.
The agent accessed its memory 163682 times.
The agent cleared its short-term memory 6 times.
    State prediction error memory resets: 5.
    Hill memory resets: 1.
At time 22 the agent is dead.
The agent had: -1 food, 10 water, and 18 sleep.
The total tree search depth for this trial was 35999.
The agent accessed its memory 114013 times.
The agent cleared its short-term memory 2 times.
    State prediction error memory resets: 1.
    Hill memory resets: 1.
At time 80 the agent is dead.
The agent had: -1 food, 1 water, and 10 sleep.
The total tree search depth for this trial was 248846.
The agent accessed its memory 801657 times.
The agent cleared its short-term memory 18 times.
    State prediction error memory resets: 15.
    Hill memory resets: 3.
At time 73 the agent is dead.
The agent had: 18 food, 11 water, and -1 sleep.
The total tree search depth for this trial was 43592.
The agent accessed its memory 138379 times.
The agent cleared its short-term memory 5 times.
    State prediction error memory resets: 3.
    Hill memory resets: 2.
At time 61 the agent is dead.
The agent had: 14 food, -1 water, and 11 sleep.
The total tree search depth for this trial was 115724.
The agent accessed its memory 370299 times.
The agent cleared its short-term memory 17 times.
    State prediction error memory resets: 14.
    Hill memory resets: 3.
At time 34 the agent is dead.
The agent had: -1 food, 10 water, and 19 sleep.
The total tree search depth for this trial was 79053.
The agent accessed its memory 259009 times.
The agent cleared its short-term memory 5 times.
    State prediction error memory resets: 4.
    Hill memory resets: 1.
At time 37 the agent is dead.
The agent had: -1 food, -1 water, and 20 sleep.
The total tree search depth for this trial was 102994.
The agent accessed its memory 335949 times.
The agent cleared its short-term memory 7 times.
    State prediction error memory resets: 6.
    Hill memory resets: 1.
At time 79 the agent is dead.
The agent had: 7 food, -1 water, and 18 sleep.
The total tree search depth for this trial was 181812.
The agent accessed its memory 604633 times.
The agent cleared its short-term memory 12 times.
    State prediction error memory resets: 10.
    Hill memory resets: 2.
At time 81 the agent is dead.
The agent had: 17 food, 10 water, and -1 sleep.
The total tree search depth for this trial was 57139.
The agent accessed its memory 186171 times.
The agent cleared its short-term memory 6 times.
    State prediction error memory resets: 4.
    Hill memory resets: 2.
At time 25 the agent is dead.
The agent had: 17 food, 10 water, and -1 sleep.
The total tree search depth for this trial was 59733.
The agent accessed its memory 203608 times.
The agent cleared its short-term memory 6 times.
    State prediction error memory resets: 5.
    Hill memory resets: 1.
At time 22 the agent is dead.
The agent had: -1 food, 7 water, and 10 sleep.
The total tree search depth for this trial was 45676.
The agent accessed its memory 148122 times.
The agent cleared its short-term memory 6 times.
    State prediction error memory resets: 5.
    Hill memory resets: 1.
At time 22 the agent is dead.
The agent had: -1 food, 10 water, and 18 sleep.
The total tree search depth for this trial was 30154.
The agent accessed its memory 93249 times.
The agent cleared its short-term memory 4 times.
    State prediction error memory resets: 3.
    Hill memory resets: 1.
At time 25 the agent is dead.
The agent had: 12 food, 14 water, and -1 sleep.
The total tree search depth for this trial was 62504.
The agent accessed its memory 199917 times.
The agent cleared its short-term memory 5 times.
    State prediction error memory resets: 4.
    Hill memory resets: 1.
At time 25 the agent is dead.
The agent had: 10 food, 16 water, and -1 sleep.
The total tree search depth for this trial was 40706.
The agent accessed its memory 129013 times.
The agent cleared its short-term memory 3 times.
    State prediction error memory resets: 2.
    Hill memory resets: 1.
At time 48 the agent is dead.
The agent had: -1 food, 9 water, and 16 sleep.
The total tree search depth for this trial was 167884.
The agent accessed its memory 548302 times.
The agent cleared its short-term memory 10 times.
    State prediction error memory resets: 9.
    Hill memory resets: 1.
At time 22 the agent is dead.
The agent had: -1 food, 16 water, and 19 sleep.
The total tree search depth for this trial was 51863.
The agent accessed its memory 178445 times.
The agent cleared its short-term memory 6 times.
    State prediction error memory resets: 5.
    Hill memory resets: 1.
At time 63 the agent is dead.
The agent had: -1 food, 11 water, and 13 sleep.
The total tree search depth for this trial was 226264.
The agent accessed its memory 717819 times.
The agent cleared its short-term memory 15 times.
    State prediction error memory resets: 11.
    Hill memory resets: 4.
At time 22 the agent is dead.
The agent had: -1 food, 12 water, and 19 sleep.
The total tree search depth for this trial was 41908.
The agent accessed its memory 135288 times.
The agent cleared its short-term memory 6 times.
    State prediction error memory resets: 4.
    Hill memory resets: 2.
