Running main with ALGORITHM=SL, SEED=25, HORIZON=4, K_FACTOR=0.7, ROOT_FOLDER=/home/grmstj001, MCT=3, NUM_MCT=100, AUTO_REST=, GRID_SIZE=5, START_POS=9, HILL=13, FOOD=(20 19 24 15), WATER=(12 10 17 22), SLEEP=(14 23 2 25)

                            < M A T L A B (R) >
                  Copyright 1984-2022 The MathWorks, Inc.
             R2022b Update 9 (9.13.0.2553342) 64-bit (glnxa64)
                               March 13, 2024

 
To get started, type doc.
For product information, visit www.mathworks.com.
 
Starting SL.

----------------------------------------
TRIAL 1 STARTED
----------------------------------------
Start Time: 2024-05-22 10:23:57
At time step 45 the agent is dead
The agent had 0 food, 17 water, and 25 sleep.
The total tree search depth for this trial was 123036. 
The agent accessed its memory 2096832 times. 
The agent cleared its short-term memory 20 times. 
     State prediction error memory resets: 3. 
     Hill memory resets: 17. 
TRIAL 1 COMPLETE ?
End Time: 2024-05-22 10:26:58
Total runtime for this trial (minutes/seconds): 03:01
----------------------------------------
Total hill visits: 17. 
Total prediction errors: 3. 
Total search depth: 123036. 
Total times memory accessed: 2096832. 
Total times 25 >= t <= 50: 1. 
Total times 50 >= t <= 75: 0. 
Total times 75 >= t <= 100: 0. 
Total times t == 100: 0. 
Total time steps survived: 46. 
Total runtime so far (hours/minutes/seconds): 00:03:01
----------------------------------------

----------------------------------------
TRIAL 2 STARTED
----------------------------------------
Start Time: 2024-05-22 10:26:57
At time step 99 the agent is dead
The agent had 2 food, 11 water, and 25 sleep.
The total tree search depth for this trial was 744498. 
The agent accessed its memory 12225498 times. 
The agent cleared its short-term memory 70 times. 
     State prediction error memory resets: 8. 
     Hill memory resets: 62. 
TRIAL 2 COMPLETE ?
End Time: 2024-05-22 10:48:08
Total runtime for this trial (minutes/seconds): 21:11
----------------------------------------
Total hill visits: 79. 
Total prediction errors: 11. 
Total search depth: 867534. 
Total times memory accessed: 14322330. 
Total times 25 >= t <= 50: 1. 
Total times 50 >= t <= 75: 0. 
Total times 75 >= t <= 100: 0. 
Total times t == 100: 1. 
Total time steps survived: 146. 
Total runtime so far (hours/minutes/seconds): 00:24:11
----------------------------------------

----------------------------------------
TRIAL 3 STARTED
----------------------------------------
Start Time: 2024-05-22 10:48:07
At time step 99 the agent is dead
The agent had 8 food, 11 water, and 19 sleep.
The total tree search depth for this trial was 805065. 
The agent accessed its memory 13326970 times. 
The agent cleared its short-term memory 76 times. 
     State prediction error memory resets: 8. 
     Hill memory resets: 68. 
TRIAL 3 COMPLETE ?
End Time: 2024-05-22 11:10:00
Total runtime for this trial (minutes/seconds): 21:53
----------------------------------------
Total hill visits: 147. 
Total prediction errors: 19. 
Total search depth: 1672599. 
Total times memory accessed: 27649300. 
Total times 25 >= t <= 50: 1. 
Total times 50 >= t <= 75: 0. 
Total times 75 >= t <= 100: 0. 
Total times t == 100: 2. 
Total time steps survived: 246. 
Total runtime so far (hours/minutes/seconds): 00:46:03
----------------------------------------

----------------------------------------
TRIAL 4 STARTED
----------------------------------------
Start Time: 2024-05-22 11:09:59
At time step 89 the agent is dead
The agent had 0 food, 4 water, and 25 sleep.
The total tree search depth for this trial was 657874. 
The agent accessed its memory 10881159 times. 
The agent cleared its short-term memory 68 times. 
     State prediction error memory resets: 5. 
     Hill memory resets: 63. 
TRIAL 4 COMPLETE ?
End Time: 2024-05-22 11:27:53
Total runtime for this trial (minutes/seconds): 17:54
----------------------------------------
Total hill visits: 210. 
Total prediction errors: 24. 
Total search depth: 2330473. 
Total times memory accessed: 38530459. 
Total times 25 >= t <= 50: 1. 
Total times 50 >= t <= 75: 0. 
Total times 75 >= t <= 100: 1. 
Total times t == 100: 2. 
Total time steps survived: 336. 
Total runtime so far (hours/minutes/seconds): 01:03:56
----------------------------------------

----------------------------------------
TRIAL 5 STARTED
----------------------------------------
Start Time: 2024-05-22 11:27:52
At time step 61 the agent is dead
The agent had 22 food, 0 water, and 22 sleep.
The total tree search depth for this trial was 422011. 
The agent accessed its memory 6909559 times. 
The agent cleared its short-term memory 42 times. 
     State prediction error memory resets: 2. 
     Hill memory resets: 40. 
TRIAL 5 COMPLETE ?
End Time: 2024-05-22 11:39:55
Total runtime for this trial (minutes/seconds): 12:03
----------------------------------------
Total hill visits: 250. 
Total prediction errors: 26. 
Total search depth: 2752484. 
Total times memory accessed: 45440018. 
Total times 25 >= t <= 50: 1. 
Total times 50 >= t <= 75: 1. 
Total times 75 >= t <= 100: 1. 
Total times t == 100: 2. 
Total time steps survived: 398. 
Total runtime so far (hours/minutes/seconds): 01:15:58
----------------------------------------

----------------------------------------
TRIAL 6 STARTED
----------------------------------------
Start Time: 2024-05-22 11:39:54
At time step 99 the agent is dead
The agent had 11 food, 16 water, and 24 sleep.
The total tree search depth for this trial was 713819. 
The agent accessed its memory 11886866 times. 
The agent cleared its short-term memory 74 times. 
     State prediction error memory resets: 7. 
     Hill memory resets: 67. 
TRIAL 6 COMPLETE ?
End Time: 2024-05-22 11:58:44
Total runtime for this trial (minutes/seconds): 18:50
----------------------------------------
Total hill visits: 317. 
Total prediction errors: 33. 
Total search depth: 3466303. 
Total times memory accessed: 57326884. 
Total times 25 >= t <= 50: 1. 
Total times 50 >= t <= 75: 1. 
Total times 75 >= t <= 100: 1. 
Total times t == 100: 3. 
Total time steps survived: 498. 
Total runtime so far (hours/minutes/seconds): 01:34:47
----------------------------------------

----------------------------------------
TRIAL 7 STARTED
----------------------------------------
Start Time: 2024-05-22 11:58:43
At time step 99 the agent is dead
The agent had 7 food, 20 water, and 22 sleep.
The total tree search depth for this trial was 834080. 
The agent accessed its memory 13860971 times. 
The agent cleared its short-term memory 81 times. 
     State prediction error memory resets: 5. 
     Hill memory resets: 76. 
TRIAL 7 COMPLETE ?
End Time: 2024-05-22 12:20:57
Total runtime for this trial (minutes/seconds): 22:14
----------------------------------------
Total hill visits: 393. 
Total prediction errors: 38. 
Total search depth: 4300383. 
Total times memory accessed: 71187855. 
Total times 25 >= t <= 50: 1. 
Total times 50 >= t <= 75: 1. 
Total times 75 >= t <= 100: 1. 
Total times t == 100: 4. 
Total time steps survived: 598. 
Total runtime so far (hours/minutes/seconds): 01:57:00
----------------------------------------

----------------------------------------
TRIAL 8 STARTED
----------------------------------------
Start Time: 2024-05-22 12:20:56
At time step 44 the agent is dead
The agent had 0 food, 17 water, and 18 sleep.
The total tree search depth for this trial was 333962. 
The agent accessed its memory 5478888 times. 
The agent cleared its short-term memory 31 times. 
     State prediction error memory resets: 1. 
     Hill memory resets: 30. 
TRIAL 8 COMPLETE ?
End Time: 2024-05-22 12:30:24
Total runtime for this trial (minutes/seconds): 09:28
----------------------------------------
Total hill visits: 423. 
Total prediction errors: 39. 
Total search depth: 4634345. 
Total times memory accessed: 76666743. 
Total times 25 >= t <= 50: 2. 
Total times 50 >= t <= 75: 1. 
Total times 75 >= t <= 100: 1. 
Total times t == 100: 4. 
Total time steps survived: 643. 
Total runtime so far (hours/minutes/seconds): 02:06:27
----------------------------------------

----------------------------------------
TRIAL 9 STARTED
----------------------------------------
Start Time: 2024-05-22 12:30:23
At time step 44 the agent is dead
The agent had 0 food, 20 water, and 24 sleep.
The total tree search depth for this trial was 323100. 
The agent accessed its memory 5348218 times. 
The agent cleared its short-term memory 34 times. 
     State prediction error memory resets: 2. 
     Hill memory resets: 32. 
TRIAL 9 COMPLETE ?
End Time: 2024-05-22 12:39:10
Total runtime for this trial (minutes/seconds): 08:47
----------------------------------------
Total hill visits: 455. 
Total prediction errors: 41. 
Total search depth: 4957445. 
Total times memory accessed: 82014961. 
Total times 25 >= t <= 50: 3. 
Total times 50 >= t <= 75: 1. 
Total times 75 >= t <= 100: 1. 
Total times t == 100: 4. 
Total time steps survived: 688. 
Total runtime so far (hours/minutes/seconds): 02:15:13
----------------------------------------

----------------------------------------
TRIAL 10 STARTED
----------------------------------------
Start Time: 2024-05-22 12:39:09
At time step 51 the agent is dead
The agent had 17 food, 0 water, and 24 sleep.
The total tree search depth for this trial was 333731. 
The agent accessed its memory 5508779 times. 
The agent cleared its short-term memory 36 times. 
     State prediction error memory resets: 7. 
     Hill memory resets: 29. 
TRIAL 10 COMPLETE ?
End Time: 2024-05-22 12:48:20
Total runtime for this trial (minutes/seconds): 09:11
----------------------------------------
Total hill visits: 484. 
Total prediction errors: 48. 
Total search depth: 5291176. 
Total times memory accessed: 87523740. 
Total times 25 >= t <= 50: 3. 
Total times 50 >= t <= 75: 2. 
Total times 75 >= t <= 100: 1. 
Total times t == 100: 4. 
Total time steps survived: 740. 
Total runtime so far (hours/minutes/seconds): 02:24:23
----------------------------------------

----------------------------------------
TRIAL 11 STARTED
----------------------------------------
Start Time: 2024-05-22 12:48:19
At time step 99 the agent is dead
The agent had 9 food, 14 water, and 13 sleep.
The total tree search depth for this trial was 921906. 
The agent accessed its memory 15232983 times. 
The agent cleared its short-term memory 84 times. 
     State prediction error memory resets: 8. 
     Hill memory resets: 76. 
TRIAL 11 COMPLETE ?
End Time: 2024-05-22 13:13:33
Total runtime for this trial (minutes/seconds): 25:14
----------------------------------------
Total hill visits: 560. 
Total prediction errors: 56. 
Total search depth: 6213082. 
Total times memory accessed: 102756723. 
Total times 25 >= t <= 50: 3. 
Total times 50 >= t <= 75: 2. 
Total times 75 >= t <= 100: 1. 
Total times t == 100: 5. 
Total time steps survived: 840. 
Total runtime so far (hours/minutes/seconds): 02:49:36
----------------------------------------

----------------------------------------
TRIAL 12 STARTED
----------------------------------------
Start Time: 2024-05-22 13:13:32
At time step 23 the agent is dead
The agent had 0 food, 18 water, and 17 sleep.
The total tree search depth for this trial was 234417. 
The agent accessed its memory 3843240 times. 
The agent cleared its short-term memory 20 times. 
     State prediction error memory resets: 4. 
     Hill memory resets: 16. 
TRIAL 12 COMPLETE ?
End Time: 2024-05-22 13:20:10
Total runtime for this trial (minutes/seconds): 06:38
----------------------------------------
Total hill visits: 576. 
Total prediction errors: 60. 
Total search depth: 6447499. 
Total times memory accessed: 106599963. 
Total times 25 >= t <= 50: 3. 
Total times 50 >= t <= 75: 2. 
Total times 75 >= t <= 100: 1. 
Total times t == 100: 5. 
Total time steps survived: 864. 
Total runtime so far (hours/minutes/seconds): 02:56:13
----------------------------------------

----------------------------------------
TRIAL 13 STARTED
----------------------------------------
Start Time: 2024-05-22 13:20:09
At time step 99 the agent is dead
The agent had 7 food, 19 water, and 11 sleep.
The total tree search depth for this trial was 934188. 
The agent accessed its memory 15521660 times. 
The agent cleared its short-term memory 80 times. 
     State prediction error memory resets: 2. 
     Hill memory resets: 78. 
TRIAL 13 COMPLETE ?
End Time: 2024-05-22 13:45:02
Total runtime for this trial (minutes/seconds): 24:53
----------------------------------------
Total hill visits: 654. 
Total prediction errors: 62. 
Total search depth: 7381687. 
Total times memory accessed: 122121623. 
Total times 25 >= t <= 50: 3. 
Total times 50 >= t <= 75: 2. 
Total times 75 >= t <= 100: 1. 
Total times t == 100: 6. 
Total time steps survived: 964. 
Total runtime so far (hours/minutes/seconds): 03:21:05
----------------------------------------

----------------------------------------
TRIAL 14 STARTED
----------------------------------------
Start Time: 2024-05-22 13:45:01
At time step 99 the agent is dead
The agent had 8 food, 12 water, and 22 sleep.
The total tree search depth for this trial was 1114203. 
The agent accessed its memory 18731604 times. 
The agent cleared its short-term memory 78 times. 
     State prediction error memory resets: 3. 
     Hill memory resets: 75. 
TRIAL 14 COMPLETE ?
End Time: 2024-05-22 14:13:06
Total runtime for this trial (minutes/seconds): 28:05
----------------------------------------
Total hill visits: 729. 
Total prediction errors: 65. 
Total search depth: 8495890. 
Total times memory accessed: 140853227. 
Total times 25 >= t <= 50: 3. 
Total times 50 >= t <= 75: 2. 
Total times 75 >= t <= 100: 1. 
Total times t == 100: 7. 
Total time steps survived: 1064. 
Total runtime so far (hours/minutes/seconds): 03:49:09
----------------------------------------

----------------------------------------
TRIAL 15 STARTED
----------------------------------------
Start Time: 2024-05-22 14:13:05
At time step 23 the agent is dead
The agent had 0 food, 17 water, and 24 sleep.
The total tree search depth for this trial was 239536. 
The agent accessed its memory 3942015 times. 
The agent cleared its short-term memory 18 times. 
     State prediction error memory resets: 3. 
     Hill memory resets: 15. 
TRIAL 15 COMPLETE ?
End Time: 2024-05-22 14:20:00
Total runtime for this trial (minutes/seconds): 06:55
----------------------------------------
Total hill visits: 744. 
Total prediction errors: 68. 
Total search depth: 8735426. 
Total times memory accessed: 144795242. 
Total times 25 >= t <= 50: 3. 
Total times 50 >= t <= 75: 2. 
Total times 75 >= t <= 100: 1. 
Total times t == 100: 7. 
Total time steps survived: 1088. 
Total runtime so far (hours/minutes/seconds): 03:56:03
----------------------------------------

----------------------------------------
TRIAL 16 STARTED
----------------------------------------
Start Time: 2024-05-22 14:19:59
At time step 99 the agent is dead
The agent had 8 food, 17 water, and 12 sleep.
The total tree search depth for this trial was 1018978. 
The agent accessed its memory 16898991 times. 
The agent cleared its short-term memory 82 times. 
     State prediction error memory resets: 5. 
     Hill memory resets: 77. 
TRIAL 16 COMPLETE ?
End Time: 2024-05-22 14:47:26
Total runtime for this trial (minutes/seconds): 27:27
----------------------------------------
Total hill visits: 821. 
Total prediction errors: 73. 
Total search depth: 9754404. 
Total times memory accessed: 161694233. 
Total times 25 >= t <= 50: 3. 
Total times 50 >= t <= 75: 2. 
Total times 75 >= t <= 100: 1. 
Total times t == 100: 8. 
Total time steps survived: 1188. 
Total runtime so far (hours/minutes/seconds): 04:23:29
----------------------------------------

----------------------------------------
TRIAL 17 STARTED
----------------------------------------
Start Time: 2024-05-22 14:47:25
At time step 99 the agent is dead
The agent had 5 food, 14 water, and 9 sleep.
The total tree search depth for this trial was 1423852. 
The agent accessed its memory 23743664 times. 
The agent cleared its short-term memory 80 times. 
     State prediction error memory resets: 5. 
     Hill memory resets: 75. 
TRIAL 17 COMPLETE ?
End Time: 2024-05-22 15:24:39
Total runtime for this trial (minutes/seconds): 37:14
----------------------------------------
Total hill visits: 896. 
Total prediction errors: 78. 
Total search depth: 11178256. 
Total times memory accessed: 185437897. 
Total times 25 >= t <= 50: 3. 
Total times 50 >= t <= 75: 2. 
Total times 75 >= t <= 100: 1. 
Total times t == 100: 9. 
Total time steps survived: 1288. 
Total runtime so far (hours/minutes/seconds): 05:00:42
----------------------------------------

----------------------------------------
TRIAL 18 STARTED
----------------------------------------
Start Time: 2024-05-22 15:24:38
At time step 86 the agent is dead
The agent had 0 food, 18 water, and 18 sleep.
The total tree search depth for this trial was 913725. 
The agent accessed its memory 15131326 times. 
The agent cleared its short-term memory 69 times. 
     State prediction error memory resets: 3. 
     Hill memory resets: 66. 
TRIAL 18 COMPLETE ?
End Time: 2024-05-22 15:49:21
Total runtime for this trial (minutes/seconds): 24:43
----------------------------------------
Total hill visits: 962. 
Total prediction errors: 81. 
Total search depth: 12091981. 
Total times memory accessed: 200569223. 
Total times 25 >= t <= 50: 3. 
Total times 50 >= t <= 75: 2. 
Total times 75 >= t <= 100: 2. 
Total times t == 100: 9. 
Total time steps survived: 1375. 
Total runtime so far (hours/minutes/seconds): 05:25:24
----------------------------------------

----------------------------------------
TRIAL 19 STARTED
----------------------------------------
Start Time: 2024-05-22 15:49:20
At time step 99 the agent is dead
The agent had 10 food, 15 water, and 14 sleep.
The total tree search depth for this trial was 1150050. 
The agent accessed its memory 19141839 times. 
The agent cleared its short-term memory 84 times. 
     State prediction error memory resets: 4. 
     Hill memory resets: 80. 
TRIAL 19 COMPLETE ?
End Time: 2024-05-22 16:19:40
Total runtime for this trial (minutes/seconds): 30:20
----------------------------------------
Total hill visits: 1042. 
Total prediction errors: 85. 
Total search depth: 13242031. 
Total times memory accessed: 219711062. 
Total times 25 >= t <= 50: 3. 
Total times 50 >= t <= 75: 2. 
Total times 75 >= t <= 100: 2. 
Total times t == 100: 10. 
Total time steps survived: 1475. 
Total runtime so far (hours/minutes/seconds): 05:55:43
----------------------------------------

----------------------------------------
TRIAL 20 STARTED
----------------------------------------
Start Time: 2024-05-22 16:19:39
At time step 99 the agent is dead
The agent had 9 food, 11 water, and 25 sleep.
The total tree search depth for this trial was 1105357. 
The agent accessed its memory 18369178 times. 
The agent cleared its short-term memory 81 times. 
     State prediction error memory resets: 3. 
     Hill memory resets: 78. 
TRIAL 20 COMPLETE ?
End Time: 2024-05-22 16:49:08
Total runtime for this trial (minutes/seconds): 29:29
----------------------------------------
Total hill visits: 1120. 
Total prediction errors: 88. 
Total search depth: 14347388. 
Total times memory accessed: 238080240. 
Total times 25 >= t <= 50: 3. 
Total times 50 >= t <= 75: 2. 
Total times 75 >= t <= 100: 2. 
Total times t == 100: 11. 
Total time steps survived: 1575. 
Total runtime so far (hours/minutes/seconds): 06:25:11
----------------------------------------

----------------------------------------
TRIAL 21 STARTED
----------------------------------------
Start Time: 2024-05-22 16:49:07
At time step 99 the agent is dead
The agent had 9 food, 15 water, and 13 sleep.
The total tree search depth for this trial was 1095142. 
The agent accessed its memory 18293584 times. 
The agent cleared its short-term memory 85 times. 
     State prediction error memory resets: 10. 
     Hill memory resets: 75. 
TRIAL 21 COMPLETE ?
End Time: 2024-05-22 17:17:32
Total runtime for this trial (minutes/seconds): 28:25
----------------------------------------
Total hill visits: 1195. 
Total prediction errors: 98. 
Total search depth: 15442530. 
Total times memory accessed: 256373824. 
Total times 25 >= t <= 50: 3. 
Total times 50 >= t <= 75: 2. 
Total times 75 >= t <= 100: 2. 
Total times t == 100: 12. 
Total time steps survived: 1675. 
Total runtime so far (hours/minutes/seconds): 06:53:35
----------------------------------------

----------------------------------------
TRIAL 22 STARTED
----------------------------------------
Start Time: 2024-05-22 17:17:31
At time step 99 the agent is dead
The agent had 11 food, 13 water, and 21 sleep.
The total tree search depth for this trial was 1141507. 
The agent accessed its memory 19071843 times. 
The agent cleared its short-term memory 75 times. 
     State prediction error memory resets: 1. 
     Hill memory resets: 74. 
TRIAL 22 COMPLETE ?
End Time: 2024-05-22 17:47:02
Total runtime for this trial (minutes/seconds): 29:31
----------------------------------------
Total hill visits: 1269. 
Total prediction errors: 99. 
Total search depth: 16584037. 
Total times memory accessed: 275445667. 
Total times 25 >= t <= 50: 3. 
Total times 50 >= t <= 75: 2. 
Total times 75 >= t <= 100: 2. 
Total times t == 100: 13. 
Total time steps survived: 1775. 
Total runtime so far (hours/minutes/seconds): 07:23:05
----------------------------------------

----------------------------------------
TRIAL 23 STARTED
----------------------------------------
Start Time: 2024-05-22 17:47:01
At time step 99 the agent is dead
The agent had 6 food, 12 water, and 23 sleep.
The total tree search depth for this trial was 1121539. 
The agent accessed its memory 18787966 times. 
The agent cleared its short-term memory 82 times. 
     State prediction error memory resets: 5. 
     Hill memory resets: 77. 
TRIAL 23 COMPLETE ?
End Time: 2024-05-22 18:15:40
Total runtime for this trial (minutes/seconds): 28:39
----------------------------------------
Total hill visits: 1346. 
Total prediction errors: 104. 
Total search depth: 17705576. 
Total times memory accessed: 294233633. 
Total times 25 >= t <= 50: 3. 
Total times 50 >= t <= 75: 2. 
Total times 75 >= t <= 100: 2. 
Total times t == 100: 14. 
Total time steps survived: 1875. 
Total runtime so far (hours/minutes/seconds): 07:51:43
----------------------------------------

----------------------------------------
TRIAL 24 STARTED
----------------------------------------
Start Time: 2024-05-22 18:15:39
At time step 99 the agent is dead
The agent had 7 food, 10 water, and 25 sleep.
The total tree search depth for this trial was 1192517. 
The agent accessed its memory 19893595 times. 
The agent cleared its short-term memory 84 times. 
     State prediction error memory resets: 7. 
     Hill memory resets: 77. 
TRIAL 24 COMPLETE ?
End Time: 2024-05-22 18:46:42
Total runtime for this trial (minutes/seconds): 31:03
----------------------------------------
Total hill visits: 1423. 
Total prediction errors: 111. 
Total search depth: 18898093. 
Total times memory accessed: 314127228. 
Total times 25 >= t <= 50: 3. 
Total times 50 >= t <= 75: 2. 
Total times 75 >= t <= 100: 2. 
Total times t == 100: 15. 
Total time steps survived: 1975. 
Total runtime so far (hours/minutes/seconds): 08:22:45
----------------------------------------

----------------------------------------
TRIAL 25 STARTED
----------------------------------------
Start Time: 2024-05-22 18:46:41
At time step 23 the agent is dead
The agent had 0 food, 19 water, and 20 sleep.
The total tree search depth for this trial was 250153. 
The agent accessed its memory 4128031 times. 
The agent cleared its short-term memory 18 times. 
     State prediction error memory resets: 2. 
     Hill memory resets: 16. 
TRIAL 25 COMPLETE ?
End Time: 2024-05-22 18:53:33
Total runtime for this trial (minutes/seconds): 06:52
----------------------------------------
Total hill visits: 1439. 
Total prediction errors: 113. 
Total search depth: 19148246. 
Total times memory accessed: 318255259. 
Total times 25 >= t <= 50: 3. 
Total times 50 >= t <= 75: 2. 
Total times 75 >= t <= 100: 2. 
Total times t == 100: 15. 
Total time steps survived: 1999. 
Total runtime so far (hours/minutes/seconds): 08:29:36
----------------------------------------

----------------------------------------
TRIAL 26 STARTED
----------------------------------------
Start Time: 2024-05-22 18:53:32
At time step 99 the agent is dead
The agent had 15 food, 16 water, and 19 sleep.
The total tree search depth for this trial was 1151313. 
The agent accessed its memory 18877141 times. 
The agent cleared its short-term memory 74 times. 
     State prediction error memory resets: 4. 
     Hill memory resets: 70. 
TRIAL 26 COMPLETE ?
End Time: 2024-05-22 19:26:05
Total runtime for this trial (minutes/seconds): 32:33
----------------------------------------
Total hill visits: 1509. 
Total prediction errors: 117. 
Total search depth: 20299559. 
Total times memory accessed: 337132400. 
Total times 25 >= t <= 50: 3. 
Total times 50 >= t <= 75: 2. 
Total times 75 >= t <= 100: 2. 
Total times t == 100: 16. 
Total time steps survived: 2099. 
Total runtime so far (hours/minutes/seconds): 09:02:08
----------------------------------------

----------------------------------------
TRIAL 27 STARTED
----------------------------------------
Start Time: 2024-05-22 19:26:04
At time step 99 the agent is dead
The agent had 11 food, 5 water, and 15 sleep.
The total tree search depth for this trial was 1364192. 
The agent accessed its memory 22407269 times. 
The agent cleared its short-term memory 80 times. 
     State prediction error memory resets: 6. 
     Hill memory resets: 74. 
TRIAL 27 COMPLETE ?
End Time: 2024-05-22 20:04:14
Total runtime for this trial (minutes/seconds): 38:10
----------------------------------------
Total hill visits: 1583. 
Total prediction errors: 123. 
Total search depth: 21663751. 
Total times memory accessed: 359539669. 
Total times 25 >= t <= 50: 3. 
Total times 50 >= t <= 75: 2. 
Total times 75 >= t <= 100: 2. 
Total times t == 100: 17. 
Total time steps survived: 2199. 
Total runtime so far (hours/minutes/seconds): 09:40:17
----------------------------------------

----------------------------------------
TRIAL 28 STARTED
----------------------------------------
Start Time: 2024-05-22 20:04:13
At time step 99 the agent is dead
The agent had 11 food, 6 water, and 15 sleep.
The total tree search depth for this trial was 1357395. 
The agent accessed its memory 22485936 times. 
The agent cleared its short-term memory 81 times. 
     State prediction error memory resets: 7. 
     Hill memory resets: 74. 
TRIAL 28 COMPLETE ?
End Time: 2024-05-22 20:40:50
Total runtime for this trial (minutes/seconds): 36:37
----------------------------------------
Total hill visits: 1657. 
Total prediction errors: 130. 
Total search depth: 23021146. 
Total times memory accessed: 382025605. 
Total times 25 >= t <= 50: 3. 
Total times 50 >= t <= 75: 2. 
Total times 75 >= t <= 100: 2. 
Total times t == 100: 18. 
Total time steps survived: 2299. 
Total runtime so far (hours/minutes/seconds): 10:16:53
----------------------------------------

----------------------------------------
TRIAL 29 STARTED
----------------------------------------
Start Time: 2024-05-22 20:40:49
At time step 99 the agent is dead
The agent had 8 food, 14 water, and 12 sleep.
The total tree search depth for this trial was 1350096. 
The agent accessed its memory 22419434 times. 
The agent cleared its short-term memory 83 times. 
     State prediction error memory resets: 6. 
     Hill memory resets: 77. 
TRIAL 29 COMPLETE ?
End Time: 2024-05-22 21:16:44
Total runtime for this trial (minutes/seconds): 35:55
----------------------------------------
Total hill visits: 1734. 
Total prediction errors: 136. 
Total search depth: 24371242. 
Total times memory accessed: 404445039. 
Total times 25 >= t <= 50: 3. 
Total times 50 >= t <= 75: 2. 
Total times 75 >= t <= 100: 2. 
Total times t == 100: 19. 
Total time steps survived: 2399. 
Total runtime so far (hours/minutes/seconds): 10:52:47
----------------------------------------

----------------------------------------
TRIAL 30 STARTED
----------------------------------------
Start Time: 2024-05-22 21:16:43
At time step 99 the agent is dead
The agent had 13 food, 6 water, and 17 sleep.
The total tree search depth for this trial was 1298652. 
The agent accessed its memory 21511735 times. 
The agent cleared its short-term memory 80 times. 
     State prediction error memory resets: 4. 
     Hill memory resets: 76. 
TRIAL 30 COMPLETE ?
End Time: 2024-05-22 21:51:42
Total runtime for this trial (minutes/seconds): 34:59
----------------------------------------
Total hill visits: 1810. 
Total prediction errors: 140. 
Total search depth: 25669894. 
Total times memory accessed: 425956774. 
Total times 25 >= t <= 50: 3. 
Total times 50 >= t <= 75: 2. 
Total times 75 >= t <= 100: 2. 
Total times t == 100: 20. 
Total time steps survived: 2499. 
Total runtime so far (hours/minutes/seconds): 11:27:45
----------------------------------------

----------------------------------------
TRIAL 31 STARTED
----------------------------------------
Start Time: 2024-05-22 21:51:41
At time step 99 the agent is dead
The agent had 10 food, 14 water, and 14 sleep.
The total tree search depth for this trial was 1253229. 
The agent accessed its memory 20773270 times. 
The agent cleared its short-term memory 76 times. 
     State prediction error memory resets: 0. 
     Hill memory resets: 76. 
TRIAL 31 COMPLETE ?
End Time: 2024-05-22 22:25:46
Total runtime for this trial (minutes/seconds): 34:05
----------------------------------------
Total hill visits: 1886. 
Total prediction errors: 140. 
Total search depth: 26923123. 
Total times memory accessed: 446730044. 
Total times 25 >= t <= 50: 3. 
Total times 50 >= t <= 75: 2. 
Total times 75 >= t <= 100: 2. 
Total times t == 100: 21. 
Total time steps survived: 2599. 
Total runtime so far (hours/minutes/seconds): 12:01:49
----------------------------------------

----------------------------------------
TRIAL 32 STARTED
----------------------------------------
Start Time: 2024-05-22 22:25:45
At time step 99 the agent is dead
The agent had 14 food, 19 water, and 18 sleep.
The total tree search depth for this trial was 1428113. 
The agent accessed its memory 23674797 times. 
The agent cleared its short-term memory 78 times. 
     State prediction error memory resets: 5. 
     Hill memory resets: 73. 
TRIAL 32 COMPLETE ?
End Time: 2024-05-22 23:04:04
Total runtime for this trial (minutes/seconds): 38:19
----------------------------------------
Total hill visits: 1959. 
Total prediction errors: 145. 
Total search depth: 28351236. 
Total times memory accessed: 470404841. 
Total times 25 >= t <= 50: 3. 
Total times 50 >= t <= 75: 2. 
Total times 75 >= t <= 100: 2. 
Total times t == 100: 22. 
Total time steps survived: 2699. 
Total runtime so far (hours/minutes/seconds): 12:40:07
----------------------------------------

----------------------------------------
TRIAL 33 STARTED
----------------------------------------
Start Time: 2024-05-22 23:04:03
At time step 99 the agent is dead
The agent had 13 food, 8 water, and 17 sleep.
The total tree search depth for this trial was 1456570. 
The agent accessed its memory 24105658 times. 
The agent cleared its short-term memory 79 times. 
     State prediction error memory resets: 4. 
     Hill memory resets: 75. 
TRIAL 33 COMPLETE ?
End Time: 2024-05-22 23:43:30
Total runtime for this trial (minutes/seconds): 39:27
----------------------------------------
Total hill visits: 2034. 
Total prediction errors: 149. 
Total search depth: 29807806. 
Total times memory accessed: 494510499. 
Total times 25 >= t <= 50: 3. 
Total times 50 >= t <= 75: 2. 
Total times 75 >= t <= 100: 2. 
Total times t == 100: 23. 
Total time steps survived: 2799. 
Total runtime so far (hours/minutes/seconds): 13:19:33
----------------------------------------

----------------------------------------
TRIAL 34 STARTED
----------------------------------------
Start Time: 2024-05-22 23:43:29
At time step 99 the agent is dead
The agent had 11 food, 8 water, and 15 sleep.
The total tree search depth for this trial was 1553245. 
The agent accessed its memory 25569147 times. 
The agent cleared its short-term memory 75 times. 
     State prediction error memory resets: 1. 
     Hill memory resets: 74. 
TRIAL 34 COMPLETE ?
End Time: 2024-05-23 00:26:30
Total runtime for this trial (minutes/seconds): 43:01
----------------------------------------
Total hill visits: 2108. 
Total prediction errors: 150. 
Total search depth: 31361051. 
Total times memory accessed: 520079646. 
Total times 25 >= t <= 50: 3. 
Total times 50 >= t <= 75: 2. 
Total times 75 >= t <= 100: 2. 
Total times t == 100: 24. 
Total time steps survived: 2899. 
Total runtime so far (hours/minutes/seconds): 14:02:33
----------------------------------------

----------------------------------------
TRIAL 35 STARTED
----------------------------------------
Start Time: 2024-05-23 00:26:29
At time step 99 the agent is dead
The agent had 12 food, 15 water, and 16 sleep.
The total tree search depth for this trial was 1279970. 
The agent accessed its memory 21169297 times. 
The agent cleared its short-term memory 78 times. 
     State prediction error memory resets: 6. 
     Hill memory resets: 72. 
TRIAL 35 COMPLETE ?
End Time: 2024-05-23 01:01:11
Total runtime for this trial (minutes/seconds): 34:42
----------------------------------------
Total hill visits: 2180. 
Total prediction errors: 156. 
Total search depth: 32641021. 
Total times memory accessed: 541248943. 
Total times 25 >= t <= 50: 3. 
Total times 50 >= t <= 75: 2. 
Total times 75 >= t <= 100: 2. 
Total times t == 100: 25. 
Total time steps survived: 2999. 
Total runtime so far (hours/minutes/seconds): 14:37:14
----------------------------------------

----------------------------------------
TRIAL 36 STARTED
----------------------------------------
Start Time: 2024-05-23 01:01:10
At time step 99 the agent is dead
The agent had 13 food, 7 water, and 17 sleep.
The total tree search depth for this trial was 1553567. 
The agent accessed its memory 25735952 times. 
The agent cleared its short-term memory 76 times. 
     State prediction error memory resets: 5. 
     Hill memory resets: 71. 
TRIAL 36 COMPLETE ?
End Time: 2024-05-23 01:42:57
Total runtime for this trial (minutes/seconds): 41:47
----------------------------------------
Total hill visits: 2251. 
Total prediction errors: 161. 
Total search depth: 34194588. 
Total times memory accessed: 566984895. 
Total times 25 >= t <= 50: 3. 
Total times 50 >= t <= 75: 2. 
Total times 75 >= t <= 100: 2. 
Total times t == 100: 26. 
Total time steps survived: 3099. 
Total runtime so far (hours/minutes/seconds): 15:19:00
----------------------------------------

----------------------------------------
TRIAL 37 STARTED
----------------------------------------
Start Time: 2024-05-23 01:42:56
At time step 99 the agent is dead
The agent had 10 food, 3 water, and 14 sleep.
The total tree search depth for this trial was 1491117. 
The agent accessed its memory 24716755 times. 
The agent cleared its short-term memory 78 times. 
     State prediction error memory resets: 5. 
     Hill memory resets: 73. 
TRIAL 37 COMPLETE ?
End Time: 2024-05-23 02:23:02
Total runtime for this trial (minutes/seconds): 40:06
----------------------------------------
Total hill visits: 2324. 
Total prediction errors: 166. 
Total search depth: 35685705. 
Total times memory accessed: 591701650. 
Total times 25 >= t <= 50: 3. 
Total times 50 >= t <= 75: 2. 
Total times 75 >= t <= 100: 2. 
Total times t == 100: 27. 
Total time steps survived: 3199. 
Total runtime so far (hours/minutes/seconds): 15:59:05
----------------------------------------

----------------------------------------
TRIAL 38 STARTED
----------------------------------------
Start Time: 2024-05-23 02:23:01
At time step 99 the agent is dead
The agent had 9 food, 15 water, and 13 sleep.
The total tree search depth for this trial was 1530842. 
The agent accessed its memory 25432674 times. 
The agent cleared its short-term memory 84 times. 
     State prediction error memory resets: 9. 
     Hill memory resets: 75. 
TRIAL 38 COMPLETE ?
End Time: 2024-05-23 03:03:43
Total runtime for this trial (minutes/seconds): 40:42
----------------------------------------
Total hill visits: 2399. 
Total prediction errors: 175. 
Total search depth: 37216547. 
Total times memory accessed: 617134324. 
Total times 25 >= t <= 50: 3. 
Total times 50 >= t <= 75: 2. 
Total times 75 >= t <= 100: 2. 
Total times t == 100: 28. 
Total time steps survived: 3299. 
Total runtime so far (hours/minutes/seconds): 16:39:46
----------------------------------------

----------------------------------------
TRIAL 39 STARTED
----------------------------------------
Start Time: 2024-05-23 03:03:42
At time step 99 the agent is dead
The agent had 15 food, 7 water, and 19 sleep.
The total tree search depth for this trial was 1461214. 
The agent accessed its memory 24168955 times. 
The agent cleared its short-term memory 78 times. 
     State prediction error memory resets: 7. 
     Hill memory resets: 71. 
TRIAL 39 COMPLETE ?
End Time: 2024-05-23 03:43:15
Total runtime for this trial (minutes/seconds): 39:33
----------------------------------------
Total hill visits: 2470. 
Total prediction errors: 182. 
Total search depth: 38677761. 
Total times memory accessed: 641303279. 
Total times 25 >= t <= 50: 3. 
Total times 50 >= t <= 75: 2. 
Total times 75 >= t <= 100: 2. 
Total times t == 100: 29. 
Total time steps survived: 3399. 
Total runtime so far (hours/minutes/seconds): 17:19:18
----------------------------------------

----------------------------------------
TRIAL 40 STARTED
----------------------------------------
Start Time: 2024-05-23 03:43:14
At time step 66 the agent is dead
The agent had 0 food, 18 water, and 19 sleep.
The total tree search depth for this trial was 1022834. 
The agent accessed its memory 16923197 times. 
The agent cleared its short-term memory 53 times. 
     State prediction error memory resets: 5. 
     Hill memory resets: 48. 
TRIAL 40 COMPLETE ?
End Time: 2024-05-23 04:10:57
Total runtime for this trial (minutes/seconds): 27:43
----------------------------------------
Total hill visits: 2518. 
Total prediction errors: 187. 
Total search depth: 39700595. 
Total times memory accessed: 658226476. 
Total times 25 >= t <= 50: 3. 
Total times 50 >= t <= 75: 3. 
Total times 75 >= t <= 100: 2. 
Total times t == 100: 29. 
Total time steps survived: 3466. 
Total runtime so far (hours/minutes/seconds): 17:47:00
----------------------------------------

----------------------------------------
TRIAL 41 STARTED
----------------------------------------
Start Time: 2024-05-23 04:10:56
At time step 99 the agent is dead
The agent had 10 food, 11 water, and 14 sleep.
The total tree search depth for this trial was 1562396. 
The agent accessed its memory 25726720 times. 
The agent cleared its short-term memory 78 times. 
     State prediction error memory resets: 5. 
     Hill memory resets: 73. 
TRIAL 41 COMPLETE ?
End Time: 2024-05-23 04:54:12
Total runtime for this trial (minutes/seconds): 43:16
----------------------------------------
Total hill visits: 2591. 
Total prediction errors: 192. 
Total search depth: 41262991. 
Total times memory accessed: 683953196. 
Total times 25 >= t <= 50: 3. 
Total times 50 >= t <= 75: 3. 
Total times 75 >= t <= 100: 2. 
Total times t == 100: 30. 
Total time steps survived: 3566. 
Total runtime so far (hours/minutes/seconds): 18:30:15
----------------------------------------

----------------------------------------
TRIAL 42 STARTED
----------------------------------------
Start Time: 2024-05-23 04:54:11
At time step 99 the agent is dead
The agent had 13 food, 17 water, and 17 sleep.
The total tree search depth for this trial was 1498627. 
The agent accessed its memory 24832799 times. 
The agent cleared its short-term memory 78 times. 
     State prediction error memory resets: 6. 
     Hill memory resets: 72. 
TRIAL 42 COMPLETE ?
End Time: 2024-05-23 05:34:28
Total runtime for this trial (minutes/seconds): 40:17
----------------------------------------
Total hill visits: 2663. 
Total prediction errors: 198. 
Total search depth: 42761618. 
Total times memory accessed: 708785995. 
Total times 25 >= t <= 50: 3. 
Total times 50 >= t <= 75: 3. 
Total times 75 >= t <= 100: 2. 
Total times t == 100: 31. 
Total time steps survived: 3666. 
Total runtime so far (hours/minutes/seconds): 19:10:31
----------------------------------------

----------------------------------------
TRIAL 43 STARTED
----------------------------------------
Start Time: 2024-05-23 05:34:27
At time step 99 the agent is dead
The agent had 14 food, 11 water, and 18 sleep.
The total tree search depth for this trial was 1558184. 
The agent accessed its memory 25803760 times. 
The agent cleared its short-term memory 79 times. 
     State prediction error memory resets: 7. 
     Hill memory resets: 72. 
TRIAL 43 COMPLETE ?
End Time: 2024-05-23 06:16:36
Total runtime for this trial (minutes/seconds): 42:09
----------------------------------------
Total hill visits: 2735. 
Total prediction errors: 205. 
Total search depth: 44319802. 
Total times memory accessed: 734589755. 
Total times 25 >= t <= 50: 3. 
Total times 50 >= t <= 75: 3. 
Total times 75 >= t <= 100: 2. 
Total times t == 100: 32. 
Total time steps survived: 3766. 
Total runtime so far (hours/minutes/seconds): 19:52:39
----------------------------------------

----------------------------------------
TRIAL 44 STARTED
----------------------------------------
Start Time: 2024-05-23 06:16:35
At time step 99 the agent is dead
The agent had 5 food, 10 water, and 22 sleep.
The total tree search depth for this trial was 1798989. 
The agent accessed its memory 29877326 times. 
The agent cleared its short-term memory 78 times. 
     State prediction error memory resets: 3. 
     Hill memory resets: 75. 
TRIAL 44 COMPLETE ?
End Time: 2024-05-23 07:04:30
Total runtime for this trial (minutes/seconds): 47:55
----------------------------------------
Total hill visits: 2810. 
Total prediction errors: 208. 
Total search depth: 46118791. 
Total times memory accessed: 764467081. 
Total times 25 >= t <= 50: 3. 
Total times 50 >= t <= 75: 3. 
Total times 75 >= t <= 100: 2. 
Total times t == 100: 33. 
Total time steps survived: 3866. 
Total runtime so far (hours/minutes/seconds): 20:40:33
----------------------------------------

----------------------------------------
TRIAL 45 STARTED
----------------------------------------
Start Time: 2024-05-23 07:04:29
At time step 68 the agent is dead
The agent had 20 food, 0 water, and 24 sleep.
The total tree search depth for this trial was 1146316. 
The agent accessed its memory 18927445 times. 
The agent cleared its short-term memory 54 times. 
     State prediction error memory resets: 2. 
     Hill memory resets: 52. 
TRIAL 45 COMPLETE ?
End Time: 2024-05-23 07:35:48
Total runtime for this trial (minutes/seconds): 31:19
----------------------------------------
Total hill visits: 2862. 
Total prediction errors: 210. 
Total search depth: 47265107. 
Total times memory accessed: 783394526. 
Total times 25 >= t <= 50: 3. 
Total times 50 >= t <= 75: 4. 
Total times 75 >= t <= 100: 2. 
Total times t == 100: 33. 
Total time steps survived: 3935. 
Total runtime so far (hours/minutes/seconds): 21:11:51
----------------------------------------

----------------------------------------
TRIAL 46 STARTED
----------------------------------------
Start Time: 2024-05-23 07:35:47
At time step 99 the agent is dead
The agent had 7 food, 8 water, and 25 sleep.
The total tree search depth for this trial was 1862640. 
The agent accessed its memory 30707040 times. 
The agent cleared its short-term memory 83 times. 
     State prediction error memory resets: 5. 
     Hill memory resets: 78. 
TRIAL 46 COMPLETE ?
End Time: 2024-05-23 08:27:04
Total runtime for this trial (minutes/seconds): 51:17
----------------------------------------
Total hill visits: 2940. 
Total prediction errors: 215. 
Total search depth: 49127747. 
Total times memory accessed: 814101566. 
Total times 25 >= t <= 50: 3. 
Total times 50 >= t <= 75: 4. 
Total times 75 >= t <= 100: 2. 
Total times t == 100: 34. 
Total time steps survived: 4035. 
Total runtime so far (hours/minutes/seconds): 22:03:07
----------------------------------------

----------------------------------------
TRIAL 47 STARTED
----------------------------------------
Start Time: 2024-05-23 08:27:03
At time step 99 the agent is dead
The agent had 10 food, 7 water, and 14 sleep.
The total tree search depth for this trial was 1683301. 
The agent accessed its memory 27829690 times. 
The agent cleared its short-term memory 80 times. 
     State prediction error memory resets: 4. 
     Hill memory resets: 76. 
TRIAL 47 COMPLETE ?
End Time: 2024-05-23 09:12:47
Total runtime for this trial (minutes/seconds): 45:44
----------------------------------------
Total hill visits: 3016. 
Total prediction errors: 219. 
Total search depth: 50811048. 
Total times memory accessed: 841931256. 
Total times 25 >= t <= 50: 3. 
Total times 50 >= t <= 75: 4. 
Total times 75 >= t <= 100: 2. 
Total times t == 100: 35. 
Total time steps survived: 4135. 
Total runtime so far (hours/minutes/seconds): 22:48:50
----------------------------------------

----------------------------------------
TRIAL 48 STARTED
----------------------------------------
Start Time: 2024-05-23 09:12:46
At time step 46 the agent is dead
The agent had 16 food, 0 water, and 24 sleep.
The total tree search depth for this trial was 796199. 
The agent accessed its memory 13179439 times. 
The agent cleared its short-term memory 31 times. 
     State prediction error memory resets: 3. 
     Hill memory resets: 28. 
TRIAL 48 COMPLETE ?
End Time: 2024-05-23 09:34:23
Total runtime for this trial (minutes/seconds): 21:37
----------------------------------------
Total hill visits: 3044. 
Total prediction errors: 222. 
Total search depth: 51607247. 
Total times memory accessed: 855110695. 
Total times 25 >= t <= 50: 4. 
Total times 50 >= t <= 75: 4. 
Total times 75 >= t <= 100: 2. 
Total times t == 100: 35. 
Total time steps survived: 4182. 
Total runtime so far (hours/minutes/seconds): 23:10:26
----------------------------------------

----------------------------------------
TRIAL 49 STARTED
----------------------------------------
Start Time: 2024-05-23 09:34:22
At time step 99 the agent is dead
The agent had 11 food, 12 water, and 15 sleep.
The total tree search depth for this trial was 1801278. 
The agent accessed its memory 29813054 times. 
The agent cleared its short-term memory 76 times. 
     State prediction error memory resets: 3. 
     Hill memory resets: 73. 
TRIAL 49 COMPLETE ?
End Time: 2024-05-23 10:23:08
Total runtime for this trial (minutes/seconds): 48:46
----------------------------------------
Total hill visits: 3117. 
Total prediction errors: 225. 
Total search depth: 53408525. 
Total times memory accessed: 884923749. 
Total times 25 >= t <= 50: 4. 
Total times 50 >= t <= 75: 4. 
Total times 75 >= t <= 100: 2. 
Total times t == 100: 36. 
Total time steps survived: 4282. 
Total runtime so far (hours/minutes/seconds): 23:59:11
----------------------------------------

----------------------------------------
TRIAL 50 STARTED
----------------------------------------
Start Time: 2024-05-23 10:23:07
At time step 87 the agent is dead
The agent had 21 food, 0 water, and 25 sleep.
The total tree search depth for this trial was 1501220. 
The agent accessed its memory 24756287 times. 
The agent cleared its short-term memory 70 times. 
     State prediction error memory resets: 6. 
     Hill memory resets: 64. 
TRIAL 50 COMPLETE ?
End Time: 2024-05-23 11:14:41
Total runtime for this trial (minutes/seconds): 51:34
----------------------------------------
Total hill visits: 3181. 
Total prediction errors: 231. 
Total search depth: 54909745. 
Total times memory accessed: 909680036. 
Total times 25 >= t <= 50: 4. 
Total times 50 >= t <= 75: 4. 
Total times 75 >= t <= 100: 3. 
Total times t == 100: 36. 
Total time steps survived: 4370. 
Total runtime so far (hours/minutes/seconds): 24:50:44
----------------------------------------

----------------------------------------
TRIAL 51 STARTED
----------------------------------------
Start Time: 2024-05-23 11:14:40
At time step 99 the agent is dead
The agent had 12 food, 7 water, and 16 sleep.
The total tree search depth for this trial was 1817476. 
The agent accessed its memory 30080831 times. 
The agent cleared its short-term memory 78 times. 
     State prediction error memory resets: 3. 
     Hill memory resets: 75. 
TRIAL 51 COMPLETE ?
End Time: 2024-05-23 12:16:09
Total runtime for this trial (minutes/seconds): 01:29
----------------------------------------
Total hill visits: 3256. 
Total prediction errors: 234. 
Total search depth: 56727221. 
Total times memory accessed: 939760867. 
Total times 25 >= t <= 50: 4. 
Total times 50 >= t <= 75: 4. 
Total times 75 >= t <= 100: 3. 
Total times t == 100: 37. 
Total time steps survived: 4470. 
Total runtime so far (hours/minutes/seconds): 25:52:12
----------------------------------------

----------------------------------------
TRIAL 52 STARTED
----------------------------------------
Start Time: 2024-05-23 12:16:08
At time step 99 the agent is dead
The agent had 11 food, 19 water, and 15 sleep.
The total tree search depth for this trial was 1430078. 
The agent accessed its memory 23654093 times. 
The agent cleared its short-term memory 81 times. 
     State prediction error memory resets: 7. 
     Hill memory resets: 74. 
TRIAL 52 COMPLETE ?
End Time: 2024-05-23 13:04:38
Total runtime for this trial (minutes/seconds): 48:30
----------------------------------------
Total hill visits: 3330. 
Total prediction errors: 241. 
Total search depth: 58157299. 
Total times memory accessed: 963414960. 
Total times 25 >= t <= 50: 4. 
Total times 50 >= t <= 75: 4. 
Total times 75 >= t <= 100: 3. 
Total times t == 100: 38. 
Total time steps survived: 4570. 
Total runtime so far (hours/minutes/seconds): 26:40:41
----------------------------------------

----------------------------------------
TRIAL 53 STARTED
----------------------------------------
Start Time: 2024-05-23 13:04:37
At time step 99 the agent is dead
The agent had 9 food, 15 water, and 25 sleep.
The total tree search depth for this trial was 1378249. 
The agent accessed its memory 22698074 times. 
The agent cleared its short-term memory 79 times. 
     State prediction error memory resets: 5. 
     Hill memory resets: 74. 
TRIAL 53 COMPLETE ?
End Time: 2024-05-23 13:52:11
Total runtime for this trial (minutes/seconds): 47:34
----------------------------------------
Total hill visits: 3404. 
Total prediction errors: 246. 
Total search depth: 59535548. 
Total times memory accessed: 986113034. 
Total times 25 >= t <= 50: 4. 
Total times 50 >= t <= 75: 4. 
Total times 75 >= t <= 100: 3. 
Total times t == 100: 39. 
Total time steps survived: 4670. 
Total runtime so far (hours/minutes/seconds): 27:28:14
----------------------------------------

----------------------------------------
TRIAL 54 STARTED
----------------------------------------
Start Time: 2024-05-23 13:52:10
At time step 99 the agent is dead
The agent had 13 food, 17 water, and 17 sleep.
The total tree search depth for this trial was 1541894. 
The agent accessed its memory 25441075 times. 
The agent cleared its short-term memory 73 times. 
     State prediction error memory resets: 3. 
     Hill memory resets: 70. 
TRIAL 54 COMPLETE ?
End Time: 2024-05-23 14:45:04
Total runtime for this trial (minutes/seconds): 52:54
----------------------------------------
Total hill visits: 3474. 
Total prediction errors: 249. 
Total search depth: 61077442. 
Total times memory accessed: 1011554109. 
Total times 25 >= t <= 50: 4. 
Total times 50 >= t <= 75: 4. 
Total times 75 >= t <= 100: 3. 
Total times t == 100: 40. 
Total time steps survived: 4770. 
Total runtime so far (hours/minutes/seconds): 28:21:07
----------------------------------------

----------------------------------------
TRIAL 55 STARTED
----------------------------------------
Start Time: 2024-05-23 14:45:03
At time step 99 the agent is dead
The agent had 13 food, 5 water, and 17 sleep.
The total tree search depth for this trial was 1621755. 
The agent accessed its memory 26888707 times. 
The agent cleared its short-term memory 74 times. 
     State prediction error memory resets: 4. 
     Hill memory resets: 70. 
TRIAL 55 COMPLETE ?
End Time: 2024-05-23 15:39:27
Total runtime for this trial (minutes/seconds): 54:24
----------------------------------------
Total hill visits: 3544. 
Total prediction errors: 253. 
Total search depth: 62699197. 
Total times memory accessed: 1038442816. 
Total times 25 >= t <= 50: 4. 
Total times 50 >= t <= 75: 4. 
Total times 75 >= t <= 100: 3. 
Total times t == 100: 41. 
Total time steps survived: 4870. 
Total runtime so far (hours/minutes/seconds): 29:15:30
----------------------------------------

----------------------------------------
TRIAL 56 STARTED
----------------------------------------
Start Time: 2024-05-23 15:39:26
At time step 99 the agent is dead
The agent had 14 food, 19 water, and 18 sleep.
The total tree search depth for this trial was 1387717. 
The agent accessed its memory 22773154 times. 
The agent cleared its short-term memory 78 times. 
     State prediction error memory resets: 6. 
     Hill memory resets: 72. 
TRIAL 56 COMPLETE ?
End Time: 2024-05-23 16:28:10
Total runtime for this trial (minutes/seconds): 48:44
----------------------------------------
Total hill visits: 3616. 
Total prediction errors: 259. 
Total search depth: 64086914. 
Total times memory accessed: 1061215970. 
Total times 25 >= t <= 50: 4. 
Total times 50 >= t <= 75: 4. 
Total times 75 >= t <= 100: 3. 
Total times t == 100: 42. 
Total time steps survived: 4970. 
Total runtime so far (hours/minutes/seconds): 30:04:13
----------------------------------------

----------------------------------------
TRIAL 57 STARTED
----------------------------------------
Start Time: 2024-05-23 16:28:09
At time step 87 the agent is dead
The agent had 0 food, 19 water, and 18 sleep.
The total tree search depth for this trial was 1330996. 
The agent accessed its memory 21637363 times. 
The agent cleared its short-term memory 67 times. 
     State prediction error memory resets: 7. 
     Hill memory resets: 60. 
TRIAL 57 COMPLETE ?
End Time: 2024-05-23 17:17:33
Total runtime for this trial (minutes/seconds): 49:24
----------------------------------------
Total hill visits: 3676. 
Total prediction errors: 266. 
Total search depth: 65417910. 
Total times memory accessed: 1082853333. 
Total times 25 >= t <= 50: 4. 
Total times 50 >= t <= 75: 4. 
Total times 75 >= t <= 100: 4. 
Total times t == 100: 42. 
Total time steps survived: 5058. 
Total runtime so far (hours/minutes/seconds): 30:53:36
----------------------------------------

----------------------------------------
TRIAL 58 STARTED
----------------------------------------
Start Time: 2024-05-23 17:17:32
At time step 99 the agent is dead
The agent had 12 food, 17 water, and 16 sleep.
The total tree search depth for this trial was 1487770. 
The agent accessed its memory 24394421 times. 
The agent cleared its short-term memory 75 times. 
     State prediction error memory resets: 6. 
     Hill memory resets: 69. 
TRIAL 58 COMPLETE ?
End Time: 2024-05-23 18:10:42
Total runtime for this trial (minutes/seconds): 53:10
----------------------------------------
Total hill visits: 3745. 
Total prediction errors: 272. 
Total search depth: 66905680. 
Total times memory accessed: 1107247754. 
Total times 25 >= t <= 50: 4. 
Total times 50 >= t <= 75: 4. 
Total times 75 >= t <= 100: 4. 
Total times t == 100: 43. 
Total time steps survived: 5158. 
Total runtime so far (hours/minutes/seconds): 31:46:45
----------------------------------------

----------------------------------------
TRIAL 59 STARTED
----------------------------------------
Start Time: 2024-05-23 18:10:41
At time step 99 the agent is dead
The agent had 12 food, 6 water, and 16 sleep.
The total tree search depth for this trial was 1872186. 
The agent accessed its memory 30466791 times. 
The agent cleared its short-term memory 76 times. 
     State prediction error memory resets: 1. 
     Hill memory resets: 75. 
TRIAL 59 COMPLETE ?
End Time: 2024-05-23 19:19:55
Total runtime for this trial (minutes/seconds): 09:14
----------------------------------------
Total hill visits: 3820. 
Total prediction errors: 273. 
Total search depth: 68777866. 
Total times memory accessed: 1137714545. 
Total times 25 >= t <= 50: 4. 
Total times 50 >= t <= 75: 4. 
Total times 75 >= t <= 100: 4. 
Total times t == 100: 44. 
Total time steps survived: 5258. 
Total runtime so far (hours/minutes/seconds): 32:55:58
----------------------------------------

----------------------------------------
TRIAL 60 STARTED
----------------------------------------
Start Time: 2024-05-23 19:19:54
At time step 99 the agent is dead
The agent had 9 food, 10 water, and 25 sleep.
The total tree search depth for this trial was 1571468. 
The agent accessed its memory 25655351 times. 
The agent cleared its short-term memory 80 times. 
     State prediction error memory resets: 3. 
     Hill memory resets: 77. 
TRIAL 60 COMPLETE ?
End Time: 2024-05-23 20:14:57
Total runtime for this trial (minutes/seconds): 55:03
----------------------------------------
Total hill visits: 3897. 
Total prediction errors: 276. 
Total search depth: 70349334. 
Total times memory accessed: 1163369896. 
Total times 25 >= t <= 50: 4. 
Total times 50 >= t <= 75: 4. 
Total times 75 >= t <= 100: 4. 
Total times t == 100: 45. 
Total time steps survived: 5358. 
Total runtime so far (hours/minutes/seconds): 33:51:00
----------------------------------------

----------------------------------------
TRIAL 61 STARTED
----------------------------------------
Start Time: 2024-05-23 20:14:56
At time step 99 the agent is dead
The agent had 12 food, 17 water, and 16 sleep.
The total tree search depth for this trial was 1503798. 
The agent accessed its memory 24842421 times. 
The agent cleared its short-term memory 76 times. 
     State prediction error memory resets: 7. 
     Hill memory resets: 69. 
TRIAL 61 COMPLETE ?
End Time: 2024-05-23 21:02:58
Total runtime for this trial (minutes/seconds): 48:02
----------------------------------------
Total hill visits: 3966. 
Total prediction errors: 283. 
Total search depth: 71853132. 
Total times memory accessed: 1188212317. 
Total times 25 >= t <= 50: 4. 
Total times 50 >= t <= 75: 4. 
Total times 75 >= t <= 100: 4. 
Total times t == 100: 46. 
Total time steps survived: 5458. 
Total runtime so far (hours/minutes/seconds): 34:39:01
----------------------------------------

----------------------------------------
TRIAL 62 STARTED
----------------------------------------
Start Time: 2024-05-23 21:02:57
At time step 99 the agent is dead
The agent had 13 food, 17 water, and 17 sleep.
The total tree search depth for this trial was 1702989. 
The agent accessed its memory 27943678 times. 
The agent cleared its short-term memory 77 times. 
     State prediction error memory resets: 4. 
     Hill memory resets: 73. 
TRIAL 62 COMPLETE ?
End Time: 2024-05-23 21:58:38
Total runtime for this trial (minutes/seconds): 55:41
----------------------------------------
Total hill visits: 4039. 
Total prediction errors: 287. 
Total search depth: 73556121. 
Total times memory accessed: 1216155995. 
Total times 25 >= t <= 50: 4. 
Total times 50 >= t <= 75: 4. 
Total times 75 >= t <= 100: 4. 
Total times t == 100: 47. 
Total time steps survived: 5558. 
Total runtime so far (hours/minutes/seconds): 35:34:41
----------------------------------------

----------------------------------------
TRIAL 63 STARTED
----------------------------------------
Start Time: 2024-05-23 21:58:37
At time step 99 the agent is dead
The agent had 8 food, 18 water, and 12 sleep.
The total tree search depth for this trial was 1598599. 
The agent accessed its memory 26405589 times. 
The agent cleared its short-term memory 78 times. 
     State prediction error memory resets: 5. 
     Hill memory resets: 73. 
TRIAL 63 COMPLETE ?
End Time: 2024-05-23 22:47:14
Total runtime for this trial (minutes/seconds): 48:37
----------------------------------------
Total hill visits: 4112. 
Total prediction errors: 292. 
Total search depth: 75154720. 
Total times memory accessed: 1242561584. 
Total times 25 >= t <= 50: 4. 
Total times 50 >= t <= 75: 4. 
Total times 75 >= t <= 100: 4. 
Total times t == 100: 48. 
Total time steps survived: 5658. 
Total runtime so far (hours/minutes/seconds): 36:23:17
----------------------------------------

----------------------------------------
TRIAL 64 STARTED
----------------------------------------
Start Time: 2024-05-23 22:47:13
At time step 99 the agent is dead
The agent had 12 food, 13 water, and 16 sleep.
The total tree search depth for this trial was 1695420. 
The agent accessed its memory 27880258 times. 
The agent cleared its short-term memory 75 times. 
     State prediction error memory resets: 3. 
     Hill memory resets: 72. 
TRIAL 64 COMPLETE ?
End Time: 2024-05-23 23:37:24
Total runtime for this trial (minutes/seconds): 50:11
----------------------------------------
Total hill visits: 4184. 
Total prediction errors: 295. 
Total search depth: 76850140. 
Total times memory accessed: 1270441842. 
Total times 25 >= t <= 50: 4. 
Total times 50 >= t <= 75: 4. 
Total times 75 >= t <= 100: 4. 
Total times t == 100: 49. 
Total time steps survived: 5758. 
Total runtime so far (hours/minutes/seconds): 37:13:27
----------------------------------------

----------------------------------------
TRIAL 65 STARTED
----------------------------------------
Start Time: 2024-05-23 23:37:23
At time step 99 the agent is dead
The agent had 11 food, 12 water, and 15 sleep.
The total tree search depth for this trial was 1865870. 
The agent accessed its memory 30579307 times. 
The agent cleared its short-term memory 76 times. 
     State prediction error memory resets: 4. 
     Hill memory resets: 72. 
TRIAL 65 COMPLETE ?
End Time: 2024-05-24 00:31:03
Total runtime for this trial (minutes/seconds): 53:40
----------------------------------------
Total hill visits: 4256. 
Total prediction errors: 299. 
Total search depth: 78716010. 
Total times memory accessed: 1301021149. 
Total times 25 >= t <= 50: 4. 
Total times 50 >= t <= 75: 4. 
Total times 75 >= t <= 100: 4. 
Total times t == 100: 50. 
Total time steps survived: 5858. 
Total runtime so far (hours/minutes/seconds): 38:07:06
----------------------------------------

----------------------------------------
TRIAL 66 STARTED
----------------------------------------
Start Time: 2024-05-24 00:31:02
At time step 99 the agent is dead
The agent had 12 food, 19 water, and 16 sleep.
The total tree search depth for this trial was 1702582. 
The agent accessed its memory 27845165 times. 
The agent cleared its short-term memory 80 times. 
     State prediction error memory resets: 7. 
     Hill memory resets: 73. 
TRIAL 66 COMPLETE ?
End Time: 2024-05-24 01:19:49
Total runtime for this trial (minutes/seconds): 48:47
----------------------------------------
Total hill visits: 4329. 
Total prediction errors: 306. 
Total search depth: 80418592. 
Total times memory accessed: 1328866314. 
Total times 25 >= t <= 50: 4. 
Total times 50 >= t <= 75: 4. 
Total times 75 >= t <= 100: 4. 
Total times t == 100: 51. 
Total time steps survived: 5958. 
Total runtime so far (hours/minutes/seconds): 38:55:52
----------------------------------------

----------------------------------------
TRIAL 67 STARTED
----------------------------------------
Start Time: 2024-05-24 01:19:48
At time step 99 the agent is dead
The agent had 16 food, 13 water, and 20 sleep.
The total tree search depth for this trial was 1635630. 
The agent accessed its memory 26741968 times. 
The agent cleared its short-term memory 75 times. 
     State prediction error memory resets: 3. 
     Hill memory resets: 72. 
TRIAL 67 COMPLETE ?
End Time: 2024-05-24 02:06:42
Total runtime for this trial (minutes/seconds): 46:54
----------------------------------------
Total hill visits: 4401. 
Total prediction errors: 309. 
Total search depth: 82054222. 
Total times memory accessed: 1355608282. 
Total times 25 >= t <= 50: 4. 
Total times 50 >= t <= 75: 4. 
Total times 75 >= t <= 100: 4. 
Total times t == 100: 52. 
Total time steps survived: 6058. 
Total runtime so far (hours/minutes/seconds): 39:42:45
----------------------------------------

----------------------------------------
TRIAL 68 STARTED
----------------------------------------
Start Time: 2024-05-24 02:06:41
At time step 99 the agent is dead
The agent had 16 food, 20 water, and 20 sleep.
The total tree search depth for this trial was 1603420. 
The agent accessed its memory 26366865 times. 
The agent cleared its short-term memory 72 times. 
     State prediction error memory resets: 3. 
     Hill memory resets: 69. 
TRIAL 68 COMPLETE ?
End Time: 2024-05-24 02:51:41
Total runtime for this trial (minutes/seconds): 45:00
----------------------------------------
Total hill visits: 4470. 
Total prediction errors: 312. 
Total search depth: 83657642. 
Total times memory accessed: 1381975147. 
Total times 25 >= t <= 50: 4. 
Total times 50 >= t <= 75: 4. 
Total times 75 >= t <= 100: 4. 
Total times t == 100: 53. 
Total time steps survived: 6158. 
Total runtime so far (hours/minutes/seconds): 40:27:44
----------------------------------------

----------------------------------------
TRIAL 69 STARTED
----------------------------------------
Start Time: 2024-05-24 02:51:40
At time step 99 the agent is dead
The agent had 9 food, 14 water, and 25 sleep.
The total tree search depth for this trial was 1757108. 
The agent accessed its memory 29011574 times. 
The agent cleared its short-term memory 77 times. 
     State prediction error memory resets: 6. 
     Hill memory resets: 71. 
TRIAL 69 COMPLETE ?
End Time: 2024-05-24 03:40:00
Total runtime for this trial (minutes/seconds): 48:20
----------------------------------------
Total hill visits: 4541. 
Total prediction errors: 318. 
Total search depth: 85414750. 
Total times memory accessed: 1410986721. 
Total times 25 >= t <= 50: 4. 
Total times 50 >= t <= 75: 4. 
Total times 75 >= t <= 100: 4. 
Total times t == 100: 54. 
Total time steps survived: 6258. 
Total runtime so far (hours/minutes/seconds): 41:16:03
----------------------------------------

----------------------------------------
TRIAL 70 STARTED
----------------------------------------
Start Time: 2024-05-24 03:39:59
At time step 67 the agent is dead
The agent had 0 food, 18 water, and 2 sleep.
The total tree search depth for this trial was 1151147. 
The agent accessed its memory 18855979 times. 
The agent cleared its short-term memory 54 times. 
     State prediction error memory resets: 3. 
     Hill memory resets: 51. 
TRIAL 70 COMPLETE ?
End Time: 2024-05-24 04:12:48
Total runtime for this trial (minutes/seconds): 32:49
----------------------------------------
Total hill visits: 4592. 
Total prediction errors: 321. 
Total search depth: 86565897. 
Total times memory accessed: 1429842700. 
Total times 25 >= t <= 50: 4. 
Total times 50 >= t <= 75: 5. 
Total times 75 >= t <= 100: 4. 
Total times t == 100: 54. 
Total time steps survived: 6326. 
Total runtime so far (hours/minutes/seconds): 41:48:51
----------------------------------------

----------------------------------------
TRIAL 71 STARTED
----------------------------------------
Start Time: 2024-05-24 04:12:47
At time step 99 the agent is dead
The agent had 12 food, 9 water, and 16 sleep.
The total tree search depth for this trial was 2027650. 
The agent accessed its memory 33390706 times. 
The agent cleared its short-term memory 81 times. 
     State prediction error memory resets: 7. 
     Hill memory resets: 74. 
TRIAL 71 COMPLETE ?
End Time: 2024-05-24 05:09:07
Total runtime for this trial (minutes/seconds): 56:20
----------------------------------------
Total hill visits: 4666. 
Total prediction errors: 328. 
Total search depth: 88593547. 
Total times memory accessed: 1463233406. 
Total times 25 >= t <= 50: 4. 
Total times 50 >= t <= 75: 5. 
Total times 75 >= t <= 100: 4. 
Total times t == 100: 55. 
Total time steps survived: 6426. 
Total runtime so far (hours/minutes/seconds): 42:45:10
----------------------------------------

----------------------------------------
TRIAL 72 STARTED
----------------------------------------
Start Time: 2024-05-24 05:09:06
At time step 99 the agent is dead
The agent had 14 food, 9 water, and 18 sleep.
The total tree search depth for this trial was 1780074. 
The agent accessed its memory 29464832 times. 
The agent cleared its short-term memory 71 times. 
     State prediction error memory resets: 1. 
     Hill memory resets: 70. 
TRIAL 72 COMPLETE ?
End Time: 2024-05-24 05:57:23
Total runtime for this trial (minutes/seconds): 48:17
----------------------------------------
Total hill visits: 4736. 
Total prediction errors: 329. 
Total search depth: 90373621. 
Total times memory accessed: 1492698238. 
Total times 25 >= t <= 50: 4. 
Total times 50 >= t <= 75: 5. 
Total times 75 >= t <= 100: 4. 
Total times t == 100: 56. 
Total time steps survived: 6526. 
Total runtime so far (hours/minutes/seconds): 43:33:26
----------------------------------------

----------------------------------------
TRIAL 73 STARTED
----------------------------------------
Start Time: 2024-05-24 05:57:22
At time step 99 the agent is dead
The agent had 15 food, 12 water, and 19 sleep.
The total tree search depth for this trial was 1561493. 
The agent accessed its memory 25857318 times. 
The agent cleared its short-term memory 76 times. 
     State prediction error memory resets: 8. 
     Hill memory resets: 68. 
TRIAL 73 COMPLETE ?
End Time: 2024-05-24 06:39:30
Total runtime for this trial (minutes/seconds): 42:08
----------------------------------------
Total hill visits: 4804. 
Total prediction errors: 337. 
Total search depth: 91935114. 
Total times memory accessed: 1518555556. 
Total times 25 >= t <= 50: 4. 
Total times 50 >= t <= 75: 5. 
Total times 75 >= t <= 100: 4. 
Total times t == 100: 57. 
Total time steps survived: 6626. 
Total runtime so far (hours/minutes/seconds): 44:15:33
----------------------------------------

----------------------------------------
TRIAL 74 STARTED
----------------------------------------
Start Time: 2024-05-24 06:39:29
At time step 99 the agent is dead
The agent had 12 food, 13 water, and 14 sleep.
The total tree search depth for this trial was 2049698. 
The agent accessed its memory 34012635 times. 
The agent cleared its short-term memory 83 times. 
     State prediction error memory resets: 9. 
     Hill memory resets: 74. 
TRIAL 74 COMPLETE ?
End Time: 2024-05-24 07:34:21
Total runtime for this trial (minutes/seconds): 54:52
----------------------------------------
Total hill visits: 4878. 
Total prediction errors: 346. 
Total search depth: 93984812. 
Total times memory accessed: 1552568191. 
Total times 25 >= t <= 50: 4. 
Total times 50 >= t <= 75: 5. 
Total times 75 >= t <= 100: 4. 
Total times t == 100: 58. 
Total time steps survived: 6726. 
Total runtime so far (hours/minutes/seconds): 45:10:24
----------------------------------------

----------------------------------------
TRIAL 75 STARTED
----------------------------------------
Start Time: 2024-05-24 07:34:20
At time step 99 the agent is dead
The agent had 9 food, 10 water, and 11 sleep.
The total tree search depth for this trial was 2233959. 
The agent accessed its memory 37037447 times. 
The agent cleared its short-term memory 73 times. 
     State prediction error memory resets: 4. 
     Hill memory resets: 69. 
TRIAL 75 COMPLETE ?
End Time: 2024-05-24 08:34:28
Total runtime for this trial (minutes/seconds): 00:08
----------------------------------------
Total hill visits: 4947. 
Total prediction errors: 350. 
Total search depth: 96218771. 
Total times memory accessed: 1589605638. 
Total times 25 >= t <= 50: 4. 
Total times 50 >= t <= 75: 5. 
Total times 75 >= t <= 100: 4. 
Total times t == 100: 59. 
Total time steps survived: 6826. 
Total runtime so far (hours/minutes/seconds): 46:10:31
----------------------------------------

----------------------------------------
TRIAL 76 STARTED
----------------------------------------
Start Time: 2024-05-24 08:34:27
At time step 99 the agent is dead
The agent had 12 food, 13 water, and 22 sleep.
The total tree search depth for this trial was 2044544. 
The agent accessed its memory 33904569 times. 
The agent cleared its short-term memory 77 times. 
     State prediction error memory resets: 3. 
     Hill memory resets: 74. 
TRIAL 76 COMPLETE ?
End Time: 2024-05-24 09:30:57
Total runtime for this trial (minutes/seconds): 56:30
----------------------------------------
Total hill visits: 5021. 
Total prediction errors: 353. 
Total search depth: 98263315. 
Total times memory accessed: 1623510207. 
Total times 25 >= t <= 50: 4. 
Total times 50 >= t <= 75: 5. 
Total times 75 >= t <= 100: 4. 
Total times t == 100: 60. 
Total time steps survived: 6926. 
Total runtime so far (hours/minutes/seconds): 47:07:00
----------------------------------------

----------------------------------------
TRIAL 77 STARTED
----------------------------------------
Start Time: 2024-05-24 09:30:56
At time step 99 the agent is dead
The agent had 15 food, 16 water, and 19 sleep.
The total tree search depth for this trial was 1915605. 
The agent accessed its memory 31818787 times. 
The agent cleared its short-term memory 79 times. 
     State prediction error memory resets: 8. 
     Hill memory resets: 71. 
TRIAL 77 COMPLETE ?
End Time: 2024-05-24 10:34:50
Total runtime for this trial (minutes/seconds): 03:54
----------------------------------------
Total hill visits: 5092. 
Total prediction errors: 361. 
Total search depth: 100178920. 
Total times memory accessed: 1655328994. 
Total times 25 >= t <= 50: 4. 
Total times 50 >= t <= 75: 5. 
Total times 75 >= t <= 100: 4. 
Total times t == 100: 61. 
Total time steps survived: 7026. 
Total runtime so far (hours/minutes/seconds): 48:10:53
----------------------------------------

----------------------------------------
TRIAL 78 STARTED
----------------------------------------
Start Time: 2024-05-24 10:34:49
At time step 99 the agent is dead
The agent had 8 food, 10 water, and 12 sleep.
The total tree search depth for this trial was 2271687. 
The agent accessed its memory 37736597 times. 
The agent cleared its short-term memory 79 times. 
     State prediction error memory resets: 4. 
     Hill memory resets: 75. 
TRIAL 78 COMPLETE ?
End Time: 2024-05-24 11:51:23
Total runtime for this trial (minutes/seconds): 16:34
----------------------------------------
Total hill visits: 5167. 
Total prediction errors: 365. 
Total search depth: 102450607. 
Total times memory accessed: 1693065591. 
Total times 25 >= t <= 50: 4. 
Total times 50 >= t <= 75: 5. 
Total times 75 >= t <= 100: 4. 
Total times t == 100: 62. 
Total time steps survived: 7126. 
Total runtime so far (hours/minutes/seconds): 49:27:26
----------------------------------------

----------------------------------------
TRIAL 79 STARTED
----------------------------------------
Start Time: 2024-05-24 11:51:22
At time step 99 the agent is dead
The agent had 10 food, 18 water, and 12 sleep.
The total tree search depth for this trial was 1844310. 
The agent accessed its memory 30722069 times. 
The agent cleared its short-term memory 77 times. 
     State prediction error memory resets: 3. 
     Hill memory resets: 74. 
TRIAL 79 COMPLETE ?
End Time: 2024-05-24 12:50:44
Total runtime for this trial (minutes/seconds): 59:22
----------------------------------------
Total hill visits: 5241. 
Total prediction errors: 368. 
Total search depth: 104294917. 
Total times memory accessed: 1723787660. 
Total times 25 >= t <= 50: 4. 
Total times 50 >= t <= 75: 5. 
Total times 75 >= t <= 100: 4. 
Total times t == 100: 63. 
Total time steps survived: 7226. 
Total runtime so far (hours/minutes/seconds): 50:26:47
----------------------------------------

----------------------------------------
TRIAL 80 STARTED
----------------------------------------
Start Time: 2024-05-24 12:50:43
At time step 99 the agent is dead
The agent had 5 food, 13 water, and 9 sleep.
The total tree search depth for this trial was 2303602. 
The agent accessed its memory 38562308 times. 
The agent cleared its short-term memory 80 times. 
     State prediction error memory resets: 6. 
     Hill memory resets: 74. 
TRIAL 80 COMPLETE ?
End Time: 2024-05-24 13:54:39
Total runtime for this trial (minutes/seconds): 03:56
----------------------------------------
Total hill visits: 5315. 
Total prediction errors: 374. 
Total search depth: 106598519. 
Total times memory accessed: 1762349968. 
Total times 25 >= t <= 50: 4. 
Total times 50 >= t <= 75: 5. 
Total times 75 >= t <= 100: 4. 
Total times t == 100: 64. 
Total time steps survived: 7326. 
Total runtime so far (hours/minutes/seconds): 51:30:42
----------------------------------------

----------------------------------------
TRIAL 81 STARTED
----------------------------------------
Start Time: 2024-05-24 13:54:38
At time step 67 the agent is dead
The agent had 21 food, 0 water, and 22 sleep.
The total tree search depth for this trial was 1373021. 
The agent accessed its memory 22821523 times. 
The agent cleared its short-term memory 51 times. 
     State prediction error memory resets: 4. 
     Hill memory resets: 47. 
TRIAL 81 COMPLETE ?
End Time: 2024-05-24 14:33:27
Total runtime for this trial (minutes/seconds): 38:49
----------------------------------------
Total hill visits: 5362. 
Total prediction errors: 378. 
Total search depth: 107971540. 
Total times memory accessed: 1785171491. 
Total times 25 >= t <= 50: 4. 
Total times 50 >= t <= 75: 6. 
Total times 75 >= t <= 100: 4. 
Total times t == 100: 64. 
Total time steps survived: 7394. 
Total runtime so far (hours/minutes/seconds): 52:09:30
----------------------------------------

----------------------------------------
TRIAL 82 STARTED
----------------------------------------
Start Time: 2024-05-24 14:33:26
At time step 99 the agent is dead
The agent had 9 food, 16 water, and 13 sleep.
The total tree search depth for this trial was 2347922. 
The agent accessed its memory 39319532 times. 
The agent cleared its short-term memory 78 times. 
     State prediction error memory resets: 6. 
     Hill memory resets: 72. 
TRIAL 82 COMPLETE ?
End Time: 2024-05-24 15:37:28
Total runtime for this trial (minutes/seconds): 04:02
----------------------------------------
Total hill visits: 5434. 
Total prediction errors: 384. 
Total search depth: 110319462. 
Total times memory accessed: 1824491023. 
Total times 25 >= t <= 50: 4. 
Total times 50 >= t <= 75: 6. 
Total times 75 >= t <= 100: 4. 
Total times t == 100: 65. 
Total time steps survived: 7494. 
Total runtime so far (hours/minutes/seconds): 53:13:31
----------------------------------------

----------------------------------------
TRIAL 83 STARTED
----------------------------------------
Start Time: 2024-05-24 15:37:27
At time step 99 the agent is dead
The agent had 11 food, 14 water, and 13 sleep.
The total tree search depth for this trial was 2153952. 
The agent accessed its memory 35935850 times. 
The agent cleared its short-term memory 80 times. 
     State prediction error memory resets: 4. 
     Hill memory resets: 76. 
TRIAL 83 COMPLETE ?
End Time: 2024-05-24 16:37:14
Total runtime for this trial (minutes/seconds): 59:47
----------------------------------------
Total hill visits: 5510. 
Total prediction errors: 388. 
Total search depth: 112473414. 
Total times memory accessed: 1860426873. 
Total times 25 >= t <= 50: 4. 
Total times 50 >= t <= 75: 6. 
Total times 75 >= t <= 100: 4. 
Total times t == 100: 66. 
Total time steps survived: 7594. 
Total runtime so far (hours/minutes/seconds): 54:13:17
----------------------------------------

----------------------------------------
TRIAL 84 STARTED
----------------------------------------
Start Time: 2024-05-24 16:37:13
At time step 99 the agent is dead
The agent had 21 food, 17 water, and 25 sleep.
The total tree search depth for this trial was 1737257. 
The agent accessed its memory 28863422 times. 
The agent cleared its short-term memory 59 times. 
     State prediction error memory resets: 9. 
     Hill memory resets: 50. 
TRIAL 84 COMPLETE ?
End Time: 2024-05-24 17:26:18
Total runtime for this trial (minutes/seconds): 49:05
----------------------------------------
Total hill visits: 5560. 
Total prediction errors: 397. 
Total search depth: 114210671. 
Total times memory accessed: 1889290295. 
Total times 25 >= t <= 50: 4. 
Total times 50 >= t <= 75: 6. 
Total times 75 >= t <= 100: 4. 
Total times t == 100: 67. 
Total time steps survived: 7694. 
Total runtime so far (hours/minutes/seconds): 55:02:21
----------------------------------------

----------------------------------------
TRIAL 85 STARTED
----------------------------------------
Start Time: 2024-05-24 17:26:17
At time step 99 the agent is dead
The agent had 9 food, 18 water, and 13 sleep.
The total tree search depth for this trial was 2238360. 
The agent accessed its memory 37470129 times. 
The agent cleared its short-term memory 84 times. 
     State prediction error memory resets: 8. 
     Hill memory resets: 76. 
TRIAL 85 COMPLETE ?
End Time: 2024-05-24 18:24:32
Total runtime for this trial (minutes/seconds): 58:15
----------------------------------------
Total hill visits: 5636. 
Total prediction errors: 405. 
Total search depth: 116449031. 
Total times memory accessed: 1926760424. 
Total times 25 >= t <= 50: 4. 
Total times 50 >= t <= 75: 6. 
Total times 75 >= t <= 100: 4. 
Total times t == 100: 68. 
Total time steps survived: 7794. 
Total runtime so far (hours/minutes/seconds): 56:00:35
----------------------------------------

----------------------------------------
TRIAL 86 STARTED
----------------------------------------
Start Time: 2024-05-24 18:24:31
At time step 99 the agent is dead
The agent had 14 food, 18 water, and 18 sleep.
The total tree search depth for this trial was 1860586. 
The agent accessed its memory 31192707 times. 
The agent cleared its short-term memory 78 times. 
     State prediction error memory resets: 4. 
     Hill memory resets: 74. 
TRIAL 86 COMPLETE ?
End Time: 2024-05-24 19:11:58
Total runtime for this trial (minutes/seconds): 47:27
----------------------------------------
Total hill visits: 5710. 
Total prediction errors: 409. 
Total search depth: 118309617. 
Total times memory accessed: 1957953131. 
Total times 25 >= t <= 50: 4. 
Total times 50 >= t <= 75: 6. 
Total times 75 >= t <= 100: 4. 
Total times t == 100: 69. 
Total time steps survived: 7894. 
Total runtime so far (hours/minutes/seconds): 56:48:01
----------------------------------------

----------------------------------------
TRIAL 87 STARTED
----------------------------------------
Start Time: 2024-05-24 19:11:57
At time step 99 the agent is dead
The agent had 8 food, 10 water, and 12 sleep.
The total tree search depth for this trial was 2448844. 
The agent accessed its memory 41001888 times. 
The agent cleared its short-term memory 81 times. 
     State prediction error memory resets: 4. 
     Hill memory resets: 77. 
TRIAL 87 COMPLETE ?
End Time: 2024-05-24 20:15:00
Total runtime for this trial (minutes/seconds): 03:03
----------------------------------------
Total hill visits: 5787. 
Total prediction errors: 413. 
Total search depth: 120758461. 
Total times memory accessed: 1998955019. 
Total times 25 >= t <= 50: 4. 
Total times 50 >= t <= 75: 6. 
Total times 75 >= t <= 100: 4. 
Total times t == 100: 70. 
Total time steps survived: 7994. 
Total runtime so far (hours/minutes/seconds): 57:51:03
----------------------------------------

----------------------------------------
TRIAL 88 STARTED
----------------------------------------
Start Time: 2024-05-24 20:14:59
At time step 99 the agent is dead
The agent had 9 food, 16 water, and 13 sleep.
The total tree search depth for this trial was 1715611. 
The agent accessed its memory 28673952 times. 
The agent cleared its short-term memory 79 times. 
     State prediction error memory resets: 2. 
     Hill memory resets: 77. 
TRIAL 88 COMPLETE ?
End Time: 2024-05-24 20:59:20
Total runtime for this trial (minutes/seconds): 44:21
----------------------------------------
Total hill visits: 5864. 
Total prediction errors: 415. 
Total search depth: 122474072. 
Total times memory accessed: 2027628971. 
Total times 25 >= t <= 50: 4. 
Total times 50 >= t <= 75: 6. 
Total times 75 >= t <= 100: 4. 
Total times t == 100: 71. 
Total time steps survived: 8094. 
Total runtime so far (hours/minutes/seconds): 58:35:23
----------------------------------------

----------------------------------------
TRIAL 89 STARTED
----------------------------------------
Start Time: 2024-05-24 20:59:19
At time step 99 the agent is dead
The agent had 11 food, 14 water, and 15 sleep.
The total tree search depth for this trial was 2121527. 
The agent accessed its memory 35495741 times. 
The agent cleared its short-term memory 83 times. 
     State prediction error memory resets: 8. 
     Hill memory resets: 75. 
TRIAL 89 COMPLETE ?
End Time: 2024-05-24 22:00:17
Total runtime for this trial (minutes/seconds): 00:58
----------------------------------------
Total hill visits: 5939. 
Total prediction errors: 423. 
Total search depth: 124595599. 
Total times memory accessed: 2063124712. 
Total times 25 >= t <= 50: 4. 
Total times 50 >= t <= 75: 6. 
Total times 75 >= t <= 100: 4. 
Total times t == 100: 72. 
Total time steps survived: 8194. 
Total runtime so far (hours/minutes/seconds): 59:36:20
----------------------------------------

----------------------------------------
TRIAL 90 STARTED
----------------------------------------
Start Time: 2024-05-24 22:00:16
At time step 23 the agent is dead
The agent had 0 food, 17 water, and 10 sleep.
The total tree search depth for this trial was 424765. 
The agent accessed its memory 7184045 times. 
The agent cleared its short-term memory 18 times. 
     State prediction error memory resets: 2. 
     Hill memory resets: 16. 
TRIAL 90 COMPLETE ?
End Time: 2024-05-24 22:12:45
Total runtime for this trial (minutes/seconds): 12:29
----------------------------------------
Total hill visits: 5955. 
Total prediction errors: 425. 
Total search depth: 125020364. 
Total times memory accessed: 2070308757. 
Total times 25 >= t <= 50: 4. 
Total times 50 >= t <= 75: 6. 
Total times 75 >= t <= 100: 4. 
Total times t == 100: 72. 
Total time steps survived: 8218. 
Total runtime so far (hours/minutes/seconds): 59:48:48
----------------------------------------

----------------------------------------
TRIAL 91 STARTED
----------------------------------------
Start Time: 2024-05-24 22:12:44
At time step 99 the agent is dead
The agent had 10 food, 14 water, and 14 sleep.
The total tree search depth for this trial was 1925702. 
The agent accessed its memory 32325880 times. 
The agent cleared its short-term memory 81 times. 
     State prediction error memory resets: 5. 
     Hill memory resets: 76. 
TRIAL 91 COMPLETE ?
End Time: 2024-05-24 23:08:18
Total runtime for this trial (minutes/seconds): 55:34
----------------------------------------
Total hill visits: 6031. 
Total prediction errors: 430. 
Total search depth: 126946066. 
Total times memory accessed: 2102634637. 
Total times 25 >= t <= 50: 4. 
Total times 50 >= t <= 75: 6. 
Total times 75 >= t <= 100: 4. 
Total times t == 100: 73. 
Total time steps survived: 8318. 
Total runtime so far (hours/minutes/seconds): 60:44:21
----------------------------------------

----------------------------------------
TRIAL 92 STARTED
----------------------------------------
Start Time: 2024-05-24 23:08:17
At time step 23 the agent is dead
The agent had 0 food, 17 water, and 24 sleep.
The total tree search depth for this trial was 419417. 
The agent accessed its memory 7075073 times. 
The agent cleared its short-term memory 17 times. 
     State prediction error memory resets: 1. 
     Hill memory resets: 16. 
TRIAL 92 COMPLETE ?
End Time: 2024-05-24 23:20:13
Total runtime for this trial (minutes/seconds): 11:56
----------------------------------------
Total hill visits: 6047. 
Total prediction errors: 431. 
Total search depth: 127365483. 
Total times memory accessed: 2109709710. 
Total times 25 >= t <= 50: 4. 
Total times 50 >= t <= 75: 6. 
Total times 75 >= t <= 100: 4. 
Total times t == 100: 73. 
Total time steps survived: 8342. 
Total runtime so far (hours/minutes/seconds): 60:56:16
----------------------------------------

----------------------------------------
TRIAL 93 STARTED
----------------------------------------
Start Time: 2024-05-24 23:20:12
At time step 99 the agent is dead
The agent had 10 food, 17 water, and 14 sleep.
The total tree search depth for this trial was 1970333. 
The agent accessed its memory 33087667 times. 
The agent cleared its short-term memory 77 times. 
     State prediction error memory resets: 0. 
     Hill memory resets: 77. 
TRIAL 93 COMPLETE ?
End Time: 2024-05-25 00:18:47
Total runtime for this trial (minutes/seconds): 58:35
----------------------------------------
Total hill visits: 6124. 
Total prediction errors: 431. 
Total search depth: 129335816. 
Total times memory accessed: 2142797377. 
Total times 25 >= t <= 50: 4. 
Total times 50 >= t <= 75: 6. 
Total times 75 >= t <= 100: 4. 
Total times t == 100: 74. 
Total time steps survived: 8442. 
Total runtime so far (hours/minutes/seconds): 61:54:50
----------------------------------------

----------------------------------------
TRIAL 94 STARTED
----------------------------------------
Start Time: 2024-05-25 00:18:46
At time step 99 the agent is dead
The agent had 10 food, 20 water, and 14 sleep.
The total tree search depth for this trial was 1878361. 
The agent accessed its memory 31620977 times. 
The agent cleared its short-term memory 80 times. 
     State prediction error memory resets: 5. 
     Hill memory resets: 75. 
TRIAL 94 COMPLETE ?
End Time: 2024-05-25 01:11:04
Total runtime for this trial (minutes/seconds): 52:18
----------------------------------------
Total hill visits: 6199. 
Total prediction errors: 436. 
Total search depth: 131214177. 
Total times memory accessed: 2174418354. 
Total times 25 >= t <= 50: 4. 
Total times 50 >= t <= 75: 6. 
Total times 75 >= t <= 100: 4. 
Total times t == 100: 75. 
Total time steps survived: 8542. 
Total runtime so far (hours/minutes/seconds): 62:47:07
----------------------------------------

----------------------------------------
TRIAL 95 STARTED
----------------------------------------
Start Time: 2024-05-25 01:11:03
At time step 99 the agent is dead
The agent had 11 food, 12 water, and 15 sleep.
The total tree search depth for this trial was 2181520. 
The agent accessed its memory 36840473 times. 
The agent cleared its short-term memory 78 times. 
     State prediction error memory resets: 1. 
     Hill memory resets: 77. 
TRIAL 95 COMPLETE ?
End Time: 2024-05-25 02:07:38
Total runtime for this trial (minutes/seconds): 56:35
----------------------------------------
Total hill visits: 6276. 
Total prediction errors: 437. 
Total search depth: 133395697. 
Total times memory accessed: 2211258827. 
Total times 25 >= t <= 50: 4. 
Total times 50 >= t <= 75: 6. 
Total times 75 >= t <= 100: 4. 
Total times t == 100: 76. 
Total time steps survived: 8642. 
Total runtime so far (hours/minutes/seconds): 63:43:41
----------------------------------------

----------------------------------------
TRIAL 96 STARTED
----------------------------------------
Start Time: 2024-05-25 02:07:37
At time step 99 the agent is dead
The agent had 12 food, 11 water, and 19 sleep.
The total tree search depth for this trial was 2374908. 
The agent accessed its memory 39954375 times. 
The agent cleared its short-term memory 78 times. 
     State prediction error memory resets: 6. 
     Hill memory resets: 72. 
TRIAL 96 COMPLETE ?
End Time: 2024-05-25 03:07:47
Total runtime for this trial (minutes/seconds): 00:10
----------------------------------------
Total hill visits: 6348. 
Total prediction errors: 443. 
Total search depth: 135770605. 
Total times memory accessed: 2251213202. 
Total times 25 >= t <= 50: 4. 
Total times 50 >= t <= 75: 6. 
Total times 75 >= t <= 100: 4. 
Total times t == 100: 77. 
Total time steps survived: 8742. 
Total runtime so far (hours/minutes/seconds): 64:43:50
----------------------------------------

----------------------------------------
TRIAL 97 STARTED
----------------------------------------
Start Time: 2024-05-25 03:07:46
At time step 99 the agent is dead
The agent had 10 food, 12 water, and 14 sleep.
The total tree search depth for this trial was 2482026. 
The agent accessed its memory 41902692 times. 
The agent cleared its short-term memory 80 times. 
     State prediction error memory resets: 5. 
     Hill memory resets: 75. 
TRIAL 97 COMPLETE ?
End Time: 2024-05-25 04:15:09
Total runtime for this trial (minutes/seconds): 07:23
----------------------------------------
Total hill visits: 6423. 
Total prediction errors: 448. 
Total search depth: 138252631. 
Total times memory accessed: 2293115894. 
Total times 25 >= t <= 50: 4. 
Total times 50 >= t <= 75: 6. 
Total times 75 >= t <= 100: 4. 
Total times t == 100: 78. 
Total time steps survived: 8842. 
Total runtime so far (hours/minutes/seconds): 65:51:12
----------------------------------------

----------------------------------------
TRIAL 98 STARTED
----------------------------------------
Start Time: 2024-05-25 04:15:08
At time step 99 the agent is dead
The agent had 10 food, 11 water, and 14 sleep.
The total tree search depth for this trial was 2232689. 
The agent accessed its memory 37649279 times. 
The agent cleared its short-term memory 84 times. 
     State prediction error memory resets: 6. 
     Hill memory resets: 78. 
TRIAL 98 COMPLETE ?
End Time: 2024-05-25 05:18:31
Total runtime for this trial (minutes/seconds): 03:23
----------------------------------------
Total hill visits: 6501. 
Total prediction errors: 454. 
Total search depth: 140485320. 
Total times memory accessed: 2330765173. 
Total times 25 >= t <= 50: 4. 
Total times 50 >= t <= 75: 6. 
Total times 75 >= t <= 100: 4. 
Total times t == 100: 79. 
Total time steps survived: 8942. 
Total runtime so far (hours/minutes/seconds): 66:54:34
----------------------------------------

----------------------------------------
TRIAL 99 STARTED
----------------------------------------
Start Time: 2024-05-25 05:18:30
At time step 99 the agent is dead
The agent had 13 food, 8 water, and 23 sleep.
The total tree search depth for this trial was 2377242. 
The agent accessed its memory 40207239 times. 
The agent cleared its short-term memory 80 times. 
     State prediction error memory resets: 8. 
     Hill memory resets: 72. 
TRIAL 99 COMPLETE ?
End Time: 2024-05-25 06:27:02
Total runtime for this trial (minutes/seconds): 08:32
----------------------------------------
Total hill visits: 6573. 
Total prediction errors: 462. 
Total search depth: 142862562. 
Total times memory accessed: 2370972412. 
Total times 25 >= t <= 50: 4. 
Total times 50 >= t <= 75: 6. 
Total times 75 >= t <= 100: 4. 
Total times t == 100: 80. 
Total time steps survived: 9042. 
Total runtime so far (hours/minutes/seconds): 68:03:05
----------------------------------------

----------------------------------------
TRIAL 100 STARTED
----------------------------------------
Start Time: 2024-05-25 06:27:01
At time step 99 the agent is dead
The agent had 11 food, 17 water, and 15 sleep.
The total tree search depth for this trial was 1967598. 
The agent accessed its memory 33287998 times. 
The agent cleared its short-term memory 76 times. 
     State prediction error memory resets: 2. 
     Hill memory resets: 74. 
TRIAL 100 COMPLETE ?
End Time: 2024-05-25 07:23:59
Total runtime for this trial (minutes/seconds): 56:58
----------------------------------------
Total hill visits: 6647. 
Total prediction errors: 464. 
Total search depth: 144830160. 
Total times memory accessed: 2404260410. 
Total times 25 >= t <= 50: 4. 
Total times 50 >= t <= 75: 6. 
Total times 75 >= t <= 100: 4. 
Total times t == 100: 81. 
Total time steps survived: 9142. 
Total runtime so far (hours/minutes/seconds): 69:00:02
----------------------------------------

----------------------------------------
TRIAL 101 STARTED
----------------------------------------
Start Time: 2024-05-25 07:23:58
At time step 99 the agent is dead
The agent had 9 food, 15 water, and 13 sleep.
The total tree search depth for this trial was 2246600. 
The agent accessed its memory 37992315 times. 
The agent cleared its short-term memory 81 times. 
     State prediction error memory resets: 3. 
     Hill memory resets: 78. 
TRIAL 101 COMPLETE ?
End Time: 2024-05-25 08:29:16
Total runtime for this trial (minutes/seconds): 05:18
----------------------------------------
Total hill visits: 6725. 
Total prediction errors: 467. 
Total search depth: 147076760. 
Total times memory accessed: 2442252725. 
Total times 25 >= t <= 50: 4. 
Total times 50 >= t <= 75: 6. 
Total times 75 >= t <= 100: 4. 
Total times t == 100: 82. 
Total time steps survived: 9242. 
Total runtime so far (hours/minutes/seconds): 70:05:19
----------------------------------------

----------------------------------------
TRIAL 102 STARTED
----------------------------------------
Start Time: 2024-05-25 08:29:15
At time step 99 the agent is dead
The agent had 11 food, 8 water, and 15 sleep.
The total tree search depth for this trial was 2568348. 
The agent accessed its memory 43441325 times. 
The agent cleared its short-term memory 80 times. 
     State prediction error memory resets: 5. 
     Hill memory resets: 75. 
TRIAL 102 COMPLETE ?
End Time: 2024-05-25 09:45:26
Total runtime for this trial (minutes/seconds): 16:11
----------------------------------------
Total hill visits: 6800. 
Total prediction errors: 472. 
Total search depth: 149645108. 
Total times memory accessed: 2485694050. 
Total times 25 >= t <= 50: 4. 
Total times 50 >= t <= 75: 6. 
Total times 75 >= t <= 100: 4. 
Total times t == 100: 83. 
Total time steps survived: 9342. 
Total runtime so far (hours/minutes/seconds): 71:21:29
----------------------------------------

----------------------------------------
TRIAL 103 STARTED
----------------------------------------
Start Time: 2024-05-25 09:45:25
