Running Python script with ALGORITHM=SI and SEED=19
At time 20 the agent is dead.
The agent had: 5 food, -1 water, and 4 sleep.
The total tree search depth for this trial was 2241.
The agent accessed its memory 3685 times.
The agent cleared its short-term memory 5 times.
    State prediction error memory resets: 4.
    Hill memory resets: 1.
At time 20 the agent is dead.
The agent had: 18 food, -1 water, and 22 sleep.
The total tree search depth for this trial was 1081.
The agent accessed its memory 3042 times.
The agent cleared its short-term memory 10 times.
    State prediction error memory resets: 10.
    Hill memory resets: 0.
At time 20 the agent is dead.
The agent had: 1 food, -1 water, and 4 sleep.
The total tree search depth for this trial was 5789.
The agent accessed its memory 21813 times.
The agent cleared its short-term memory 4 times.
    State prediction error memory resets: 4.
    Hill memory resets: 0.
At time 20 the agent is dead.
The agent had: 1 food, -1 water, and 4 sleep.
The total tree search depth for this trial was 1569.
The agent accessed its memory 5105 times.
The agent cleared its short-term memory 6 times.
    State prediction error memory resets: 4.
    Hill memory resets: 2.
At time 20 the agent is dead.
The agent had: 4 food, -1 water, and 14 sleep.
The total tree search depth for this trial was 26940.
The agent accessed its memory 94172 times.
The agent cleared its short-term memory 13 times.
    State prediction error memory resets: 12.
    Hill memory resets: 1.
At time 20 the agent is dead.
The agent had: 1 food, -1 water, and 4 sleep.
The total tree search depth for this trial was 3129.
The agent accessed its memory 10290 times.
The agent cleared its short-term memory 0 times.
    State prediction error memory resets: 0.
    Hill memory resets: 0.
At time 20 the agent is dead.
The agent had: 1 food, -1 water, and 4 sleep.
The total tree search depth for this trial was 32833.
The agent accessed its memory 129947 times.
The agent cleared its short-term memory 7 times.
    State prediction error memory resets: 7.
    Hill memory resets: 0.
At time 20 the agent is dead.
The agent had: 1 food, -1 water, and 4 sleep.
The total tree search depth for this trial was 3947.
The agent accessed its memory 12708 times.
The agent cleared its short-term memory 7 times.
    State prediction error memory resets: 7.
    Hill memory resets: 0.
At time 20 the agent is dead.
The agent had: 1 food, -1 water, and 4 sleep.
The total tree search depth for this trial was 18652.
The agent accessed its memory 74842 times.
The agent cleared its short-term memory 3 times.
    State prediction error memory resets: 3.
    Hill memory resets: 0.
At time 25 the agent is dead.
The agent had: -1 food, 3 water, and -1 sleep.
The total tree search depth for this trial was 70868.
The agent accessed its memory 302032 times.
The agent cleared its short-term memory 18 times.
    State prediction error memory resets: 18.
    Hill memory resets: 0.
At time 20 the agent is dead.
The agent had: 1 food, -1 water, and 4 sleep.
The total tree search depth for this trial was 11310.
The agent accessed its memory 54872 times.
The agent cleared its short-term memory 8 times.
    State prediction error memory resets: 8.
    Hill memory resets: 0.
At time 25 the agent is dead.
The agent had: 4 food, 3 water, and -1 sleep.
The total tree search depth for this trial was 101518.
The agent accessed its memory 414750 times.
The agent cleared its short-term memory 10 times.
    State prediction error memory resets: 10.
    Hill memory resets: 0.
At time 20 the agent is dead.
The agent had: 1 food, -1 water, and 4 sleep.
The total tree search depth for this trial was 22192.
The agent accessed its memory 92705 times.
The agent cleared its short-term memory 1 times.
    State prediction error memory resets: 1.
    Hill memory resets: 0.
At time 20 the agent is dead.
The agent had: 1 food, -1 water, and 4 sleep.
The total tree search depth for this trial was 47136.
The agent accessed its memory 212354 times.
The agent cleared its short-term memory 9 times.
    State prediction error memory resets: 6.
    Hill memory resets: 3.
At time 22 the agent is dead.
The agent had: -1 food, 4 water, and 2 sleep.
The total tree search depth for this trial was 8039.
The agent accessed its memory 33928 times.
The agent cleared its short-term memory 9 times.
    State prediction error memory resets: 8.
    Hill memory resets: 1.
At time 20 the agent is dead.
The agent had: 1 food, -1 water, and 4 sleep.
The total tree search depth for this trial was 54270.
The agent accessed its memory 240763 times.
The agent cleared its short-term memory 12 times.
    State prediction error memory resets: 9.
    Hill memory resets: 3.
At time 20 the agent is dead.
The agent had: 1 food, -1 water, and 4 sleep.
The total tree search depth for this trial was 45356.
The agent accessed its memory 201745 times.
The agent cleared its short-term memory 9 times.
    State prediction error memory resets: 4.
    Hill memory resets: 5.
At time 20 the agent is dead.
The agent had: 1 food, -1 water, and 4 sleep.
The total tree search depth for this trial was 10691.
The agent accessed its memory 40244 times.
The agent cleared its short-term memory 3 times.
    State prediction error memory resets: 2.
    Hill memory resets: 1.
At time 20 the agent is dead.
The agent had: 1 food, -1 water, and 4 sleep.
The total tree search depth for this trial was 9065.
The agent accessed its memory 34624 times.
The agent cleared its short-term memory 11 times.
    State prediction error memory resets: 10.
    Hill memory resets: 1.
At time 20 the agent is dead.
The agent had: 1 food, -1 water, and 4 sleep.
The total tree search depth for this trial was 25603.
The agent accessed its memory 103503 times.
The agent cleared its short-term memory 18 times.
    State prediction error memory resets: 17.
    Hill memory resets: 1.
At time 20 the agent is dead.
The agent had: 1 food, -1 water, and 4 sleep.
The total tree search depth for this trial was 13209.
The agent accessed its memory 50908 times.
The agent cleared its short-term memory 15 times.
    State prediction error memory resets: 14.
    Hill memory resets: 1.
At time 20 the agent is dead.
The agent had: 1 food, -1 water, and 4 sleep.
The total tree search depth for this trial was 23981.
The agent accessed its memory 102441 times.
The agent cleared its short-term memory 10 times.
    State prediction error memory resets: 8.
    Hill memory resets: 2.
At time 20 the agent is dead.
The agent had: 1 food, -1 water, and 4 sleep.
The total tree search depth for this trial was 10082.
The agent accessed its memory 38599 times.
The agent cleared its short-term memory 3 times.
    State prediction error memory resets: 2.
    Hill memory resets: 1.
At time 20 the agent is dead.
The agent had: 1 food, -1 water, and 4 sleep.
The total tree search depth for this trial was 10020.
The agent accessed its memory 36775 times.
The agent cleared its short-term memory 14 times.
    State prediction error memory resets: 13.
    Hill memory resets: 1.
At time 20 the agent is dead.
The agent had: 1 food, -1 water, and 18 sleep.
The total tree search depth for this trial was 20355.
The agent accessed its memory 75904 times.
The agent cleared its short-term memory 6 times.
    State prediction error memory resets: 4.
    Hill memory resets: 2.
At time 20 the agent is dead.
The agent had: 1 food, -1 water, and 4 sleep.
The total tree search depth for this trial was 16125.
The agent accessed its memory 63388 times.
The agent cleared its short-term memory 15 times.
    State prediction error memory resets: 14.
    Hill memory resets: 1.
At time 20 the agent is dead.
The agent had: 1 food, -1 water, and 4 sleep.
The total tree search depth for this trial was 9878.
The agent accessed its memory 36914 times.
The agent cleared its short-term memory 2 times.
    State prediction error memory resets: 1.
    Hill memory resets: 1.
At time 20 the agent is dead.
The agent had: 1 food, -1 water, and 4 sleep.
The total tree search depth for this trial was 74645.
The agent accessed its memory 340894 times.
The agent cleared its short-term memory 8 times.
    State prediction error memory resets: 6.
    Hill memory resets: 2.
At time 20 the agent is dead.
The agent had: 1 food, -1 water, and 16 sleep.
The total tree search depth for this trial was 12937.
The agent accessed its memory 46243 times.
The agent cleared its short-term memory 5 times.
    State prediction error memory resets: 3.
    Hill memory resets: 2.
At time 22 the agent is dead.
The agent had: -1 food, 17 water, and 20 sleep.
The total tree search depth for this trial was 20741.
The agent accessed its memory 72349 times.
The agent cleared its short-term memory 5 times.
    State prediction error memory resets: 4.
    Hill memory resets: 1.
At time 22 the agent is dead.
The agent had: -1 food, 16 water, and 8 sleep.
The total tree search depth for this trial was 41672.
The agent accessed its memory 143921 times.
The agent cleared its short-term memory 6 times.
    State prediction error memory resets: 5.
    Hill memory resets: 1.
At time 22 the agent is dead.
The agent had: -1 food, 16 water, and 2 sleep.
The total tree search depth for this trial was 12367.
The agent accessed its memory 42258 times.
The agent cleared its short-term memory 4 times.
    State prediction error memory resets: 3.
    Hill memory resets: 1.
At time 22 the agent is dead.
The agent had: -1 food, 16 water, and 10 sleep.
The total tree search depth for this trial was 26203.
The agent accessed its memory 89308 times.
The agent cleared its short-term memory 6 times.
    State prediction error memory resets: 5.
    Hill memory resets: 1.
At time 20 the agent is dead.
The agent had: 1 food, -1 water, and 4 sleep.
The total tree search depth for this trial was 26065.
The agent accessed its memory 92662 times.
The agent cleared its short-term memory 9 times.
    State prediction error memory resets: 8.
    Hill memory resets: 1.
At time 20 the agent is dead.
The agent had: 1 food, -1 water, and 4 sleep.
The total tree search depth for this trial was 35219.
The agent accessed its memory 128822 times.
The agent cleared its short-term memory 11 times.
    State prediction error memory resets: 8.
    Hill memory resets: 3.
At time 22 the agent is dead.
The agent had: -1 food, 16 water, and 13 sleep.
The total tree search depth for this trial was 57007.
The agent accessed its memory 203237 times.
The agent cleared its short-term memory 6 times.
    State prediction error memory resets: 4.
    Hill memory resets: 2.
At time 20 the agent is dead.
The agent had: 19 food, -1 water, and 4 sleep.
The total tree search depth for this trial was 31773.
The agent accessed its memory 125851 times.
The agent cleared its short-term memory 9 times.
    State prediction error memory resets: 5.
    Hill memory resets: 4.
At time 20 the agent is dead.
The agent had: 1 food, -1 water, and 4 sleep.
The total tree search depth for this trial was 22383.
The agent accessed its memory 88211 times.
The agent cleared its short-term memory 4 times.
    State prediction error memory resets: 2.
    Hill memory resets: 2.
At time 20 the agent is dead.
The agent had: 16 food, -1 water, and 4 sleep.
The total tree search depth for this trial was 15397.
The agent accessed its memory 57303 times.
The agent cleared its short-term memory 3 times.
    State prediction error memory resets: 2.
    Hill memory resets: 1.
At time 22 the agent is dead.
The agent had: -1 food, 13 water, and 20 sleep.
The total tree search depth for this trial was 22563.
The agent accessed its memory 77951 times.
The agent cleared its short-term memory 5 times.
    State prediction error memory resets: 4.
    Hill memory resets: 1.
At time 20 the agent is dead.
The agent had: 14 food, -1 water, and 4 sleep.
The total tree search depth for this trial was 15429.
The agent accessed its memory 57031 times.
The agent cleared its short-term memory 2 times.
    State prediction error memory resets: 1.
    Hill memory resets: 1.
At time 20 the agent is dead.
The agent had: 1 food, -1 water, and 4 sleep.
The total tree search depth for this trial was 18033.
The agent accessed its memory 70036 times.
The agent cleared its short-term memory 4 times.
    State prediction error memory resets: 2.
    Hill memory resets: 2.
At time 22 the agent is dead.
The agent had: -1 food, 11 water, and 2 sleep.
The total tree search depth for this trial was 24380.
The agent accessed its memory 92272 times.
The agent cleared its short-term memory 4 times.
    State prediction error memory resets: 3.
    Hill memory resets: 1.
At time 25 the agent is dead.
The agent had: 2 food, 14 water, and -1 sleep.
The total tree search depth for this trial was 117207.
The agent accessed its memory 425132 times.
The agent cleared its short-term memory 9 times.
    State prediction error memory resets: 8.
    Hill memory resets: 1.
At time 20 the agent is dead.
The agent had: 1 food, -1 water, and 4 sleep.
The total tree search depth for this trial was 17258.
The agent accessed its memory 64792 times.
The agent cleared its short-term memory 2 times.
    State prediction error memory resets: 1.
    Hill memory resets: 1.
At time 22 the agent is dead.
The agent had: -1 food, 6 water, and 2 sleep.
The total tree search depth for this trial was 33120.
The agent accessed its memory 124687 times.
The agent cleared its short-term memory 9 times.
    State prediction error memory resets: 8.
    Hill memory resets: 1.
At time 20 the agent is dead.
The agent had: 1 food, -1 water, and 4 sleep.
The total tree search depth for this trial was 15575.
The agent accessed its memory 56302 times.
The agent cleared its short-term memory 1 times.
    State prediction error memory resets: 0.
    Hill memory resets: 1.
At time 20 the agent is dead.
The agent had: 1 food, -1 water, and 15 sleep.
The total tree search depth for this trial was 19880.
The agent accessed its memory 70081 times.
The agent cleared its short-term memory 4 times.
    State prediction error memory resets: 3.
    Hill memory resets: 1.
At time 20 the agent is dead.
The agent had: 18 food, -1 water, and 4 sleep.
The total tree search depth for this trial was 69342.
The agent accessed its memory 250706 times.
The agent cleared its short-term memory 10 times.
    State prediction error memory resets: 9.
    Hill memory resets: 1.
At time 25 the agent is dead.
The agent had: 6 food, 16 water, and -1 sleep.
The total tree search depth for this trial was 73559.
The agent accessed its memory 268640 times.
The agent cleared its short-term memory 6 times.
    State prediction error memory resets: 5.
    Hill memory resets: 1.
At time 25 the agent is dead.
The agent had: 11 food, 16 water, and -1 sleep.
The total tree search depth for this trial was 33903.
The agent accessed its memory 123625 times.
The agent cleared its short-term memory 6 times.
    State prediction error memory resets: 5.
    Hill memory resets: 1.
At time 25 the agent is dead.
The agent had: 8 food, 10 water, and -1 sleep.
The total tree search depth for this trial was 91167.
The agent accessed its memory 353688 times.
The agent cleared its short-term memory 16 times.
    State prediction error memory resets: 12.
    Hill memory resets: 4.
At time 20 the agent is dead.
The agent had: 1 food, -1 water, and 4 sleep.
The total tree search depth for this trial was 44103.
The agent accessed its memory 182986 times.
The agent cleared its short-term memory 6 times.
    State prediction error memory resets: 1.
    Hill memory resets: 5.
At time 22 the agent is dead.
The agent had: -1 food, 8 water, and 2 sleep.
The total tree search depth for this trial was 28257.
The agent accessed its memory 97091 times.
The agent cleared its short-term memory 7 times.
    State prediction error memory resets: 6.
    Hill memory resets: 1.
At time 22 the agent is dead.
The agent had: -1 food, 12 water, and 2 sleep.
The total tree search depth for this trial was 22305.
The agent accessed its memory 74978 times.
The agent cleared its short-term memory 5 times.
    State prediction error memory resets: 4.
    Hill memory resets: 1.
At time 20 the agent is dead.
The agent had: 1 food, -1 water, and 4 sleep.
The total tree search depth for this trial was 60178.
The agent accessed its memory 253624 times.
The agent cleared its short-term memory 8 times.
    State prediction error memory resets: 4.
    Hill memory resets: 4.
At time 22 the agent is dead.
The agent had: -1 food, 4 water, and 2 sleep.
The total tree search depth for this trial was 41384.
The agent accessed its memory 137314 times.
The agent cleared its short-term memory 10 times.
    State prediction error memory resets: 8.
    Hill memory resets: 2.
At time 22 the agent is dead.
The agent had: -1 food, 15 water, and 23 sleep.
The total tree search depth for this trial was 22439.
The agent accessed its memory 72730 times.
The agent cleared its short-term memory 4 times.
    State prediction error memory resets: 3.
    Hill memory resets: 1.
At time 25 the agent is dead.
The agent had: 5 food, 10 water, and -1 sleep.
The total tree search depth for this trial was 67970.
The agent accessed its memory 250481 times.
The agent cleared its short-term memory 12 times.
    State prediction error memory resets: 10.
    Hill memory resets: 2.
At time 20 the agent is dead.
The agent had: 11 food, -1 water, and 4 sleep.
The total tree search depth for this trial was 24672.
The agent accessed its memory 85156 times.
The agent cleared its short-term memory 2 times.
    State prediction error memory resets: 1.
    Hill memory resets: 1.
At time 20 the agent is dead.
The agent had: 1 food, -1 water, and 4 sleep.
The total tree search depth for this trial was 44791.
The agent accessed its memory 142694 times.
The agent cleared its short-term memory 3 times.
    State prediction error memory resets: 2.
    Hill memory resets: 1.
At time 20 the agent is dead.
The agent had: 11 food, -1 water, and 4 sleep.
The total tree search depth for this trial was 21772.
The agent accessed its memory 75612 times.
The agent cleared its short-term memory 3 times.
    State prediction error memory resets: 2.
    Hill memory resets: 1.
At time 22 the agent is dead.
The agent had: -1 food, 10 water, and 2 sleep.
The total tree search depth for this trial was 28712.
The agent accessed its memory 98837 times.
The agent cleared its short-term memory 6 times.
    State prediction error memory resets: 5.
    Hill memory resets: 1.
At time 64 the agent is dead.
The agent had: -1 food, 10 water, and 22 sleep.
The total tree search depth for this trial was 211188.
The agent accessed its memory 754726 times.
The agent cleared its short-term memory 20 times.
    State prediction error memory resets: 16.
    Hill memory resets: 4.
At time 22 the agent is dead.
The agent had: -1 food, 4 water, and 21 sleep.
The total tree search depth for this trial was 48118.
The agent accessed its memory 166008 times.
The agent cleared its short-term memory 6 times.
    State prediction error memory resets: 5.
    Hill memory resets: 1.
At time 22 the agent is dead.
The agent had: -1 food, 4 water, and 2 sleep.
The total tree search depth for this trial was 51757.
The agent accessed its memory 196116 times.
The agent cleared its short-term memory 7 times.
    State prediction error memory resets: 6.
    Hill memory resets: 1.
At time 56 the agent is dead.
The agent had: 4 food, -1 water, and 2 sleep.
The total tree search depth for this trial was 93796.
The agent accessed its memory 323704 times.
The agent cleared its short-term memory 10 times.
    State prediction error memory resets: 9.
    Hill memory resets: 1.
At time 61 the agent is dead.
The agent had: 8 food, -1 water, and 0 sleep.
The total tree search depth for this trial was 120561.
The agent accessed its memory 405434 times.
The agent cleared its short-term memory 10 times.
    State prediction error memory resets: 8.
    Hill memory resets: 2.
At time 20 the agent is dead.
The agent had: 1 food, -1 water, and 4 sleep.
The total tree search depth for this trial was 62449.
The agent accessed its memory 230998 times.
The agent cleared its short-term memory 8 times.
    State prediction error memory resets: 7.
    Hill memory resets: 1.
At time 22 the agent is dead.
The agent had: -1 food, 5 water, and 21 sleep.
The total tree search depth for this trial was 31972.
The agent accessed its memory 104402 times.
The agent cleared its short-term memory 4 times.
    State prediction error memory resets: 3.
    Hill memory resets: 1.
At time 62 the agent is dead.
The agent had: -1 food, -1 water, and 13 sleep.
The total tree search depth for this trial was 181116.
The agent accessed its memory 652028 times.
The agent cleared its short-term memory 21 times.
    State prediction error memory resets: 18.
    Hill memory resets: 3.
At time 20 the agent is dead.
The agent had: 1 food, -1 water, and 4 sleep.
The total tree search depth for this trial was 65138.
The agent accessed its memory 248738 times.
The agent cleared its short-term memory 5 times.
    State prediction error memory resets: 3.
    Hill memory resets: 2.
At time 51 the agent is dead.
The agent had: 0 food, 17 water, and -1 sleep.
The total tree search depth for this trial was 171865.
The agent accessed its memory 606703 times.
The agent cleared its short-term memory 12 times.
    State prediction error memory resets: 9.
    Hill memory resets: 3.
At time 22 the agent is dead.
The agent had: -1 food, 8 water, and 11 sleep.
The total tree search depth for this trial was 38875.
The agent accessed its memory 122846 times.
The agent cleared its short-term memory 6 times.
    State prediction error memory resets: 5.
    Hill memory resets: 1.
At time 20 the agent is dead.
The agent had: 1 food, -1 water, and 4 sleep.
The total tree search depth for this trial was 35647.
The agent accessed its memory 126243 times.
The agent cleared its short-term memory 3 times.
    State prediction error memory resets: 1.
    Hill memory resets: 2.
At time 22 the agent is dead.
The agent had: -1 food, 6 water, and 19 sleep.
The total tree search depth for this trial was 45403.
The agent accessed its memory 149511 times.
The agent cleared its short-term memory 7 times.
    State prediction error memory resets: 6.
    Hill memory resets: 1.
At time 31 the agent is dead.
The agent had: 5 food, -1 water, and 2 sleep.
The total tree search depth for this trial was 42399.
The agent accessed its memory 132122 times.
The agent cleared its short-term memory 5 times.
    State prediction error memory resets: 4.
    Hill memory resets: 1.
At time 52 the agent is dead.
The agent had: -1 food, 4 water, and 10 sleep.
The total tree search depth for this trial was 292754.
The agent accessed its memory 1022486 times.
The agent cleared its short-term memory 22 times.
    State prediction error memory resets: 19.
    Hill memory resets: 3.
At time 67 the agent is dead.
The agent had: 2 food, 3 water, and -1 sleep.
The total tree search depth for this trial was 113802.
The agent accessed its memory 393753 times.
The agent cleared its short-term memory 9 times.
    State prediction error memory resets: 7.
    Hill memory resets: 2.
At time 30 the agent is dead.
The agent had: 7 food, -1 water, and 2 sleep.
The total tree search depth for this trial was 64160.
The agent accessed its memory 203191 times.
The agent cleared its short-term memory 4 times.
    State prediction error memory resets: 3.
    Hill memory resets: 1.
At time 36 the agent is dead.
The agent had: 6 food, -1 water, and 17 sleep.
The total tree search depth for this trial was 134926.
The agent accessed its memory 457893 times.
The agent cleared its short-term memory 8 times.
    State prediction error memory resets: 6.
    Hill memory resets: 2.
At time 22 the agent is dead.
The agent had: -1 food, 14 water, and 12 sleep.
The total tree search depth for this trial was 38357.
The agent accessed its memory 119248 times.
The agent cleared its short-term memory 3 times.
    State prediction error memory resets: 2.
    Hill memory resets: 1.
At time 20 the agent is dead.
The agent had: 1 food, -1 water, and 4 sleep.
The total tree search depth for this trial was 63823.
The agent accessed its memory 229528 times.
The agent cleared its short-term memory 5 times.
    State prediction error memory resets: 2.
    Hill memory resets: 3.
At time 58 the agent is dead.
The agent had: 2 food, -1 water, and 6 sleep.
The total tree search depth for this trial was 203677.
The agent accessed its memory 691499 times.
The agent cleared its short-term memory 14 times.
    State prediction error memory resets: 7.
    Hill memory resets: 7.
At time 22 the agent is dead.
The agent had: -1 food, 6 water, and 21 sleep.
The total tree search depth for this trial was 58908.
The agent accessed its memory 200648 times.
The agent cleared its short-term memory 3 times.
    State prediction error memory resets: 2.
    Hill memory resets: 1.
At time 89 the agent is dead.
The agent had: 4 food, -1 water, and 20 sleep.
The total tree search depth for this trial was 227914.
The agent accessed its memory 770618 times.
The agent cleared its short-term memory 11 times.
    State prediction error memory resets: 6.
    Hill memory resets: 5.
At time 30 the agent is dead.
The agent had: 4 food, -1 water, and 1 sleep.
The total tree search depth for this trial was 37121.
The agent accessed its memory 128566 times.
The agent cleared its short-term memory 3 times.
    State prediction error memory resets: 2.
    Hill memory resets: 1.
At time 22 the agent is dead.
The agent had: -1 food, 6 water, and 20 sleep.
The total tree search depth for this trial was 27311.
The agent accessed its memory 89596 times.
The agent cleared its short-term memory 1 times.
    State prediction error memory resets: 0.
    Hill memory resets: 1.
At time 63 the agent is dead.
The agent had: 7 food, -1 water, and 0 sleep.
The total tree search depth for this trial was 77579.
The agent accessed its memory 261375 times.
The agent cleared its short-term memory 6 times.
    State prediction error memory resets: 5.
    Hill memory resets: 1.
At time 30 the agent is dead.
The agent had: 4 food, -1 water, and 2 sleep.
The total tree search depth for this trial was 38242.
The agent accessed its memory 131295 times.
The agent cleared its short-term memory 4 times.
    State prediction error memory resets: 3.
    Hill memory resets: 1.
At time 61 the agent is dead.
The agent had: -1 food, 1 water, and 10 sleep.
The total tree search depth for this trial was 281773.
The agent accessed its memory 1004037 times.
The agent cleared its short-term memory 20 times.
    State prediction error memory resets: 14.
    Hill memory resets: 6.
At time 48 the agent is dead.
The agent had: -1 food, 5 water, and -1 sleep.
The total tree search depth for this trial was 136235.
The agent accessed its memory 442190 times.
The agent cleared its short-term memory 12 times.
    State prediction error memory resets: 11.
    Hill memory resets: 1.
At time 39 the agent is dead.
The agent had: 7 food, -1 water, and 9 sleep.
The total tree search depth for this trial was 131235.
The agent accessed its memory 464648 times.
The agent cleared its short-term memory 17 times.
    State prediction error memory resets: 13.
    Hill memory resets: 4.
At time 48 the agent is dead.
The agent had: 3 food, -1 water, and 2 sleep.
The total tree search depth for this trial was 45346.
The agent accessed its memory 150219 times.
The agent cleared its short-term memory 3 times.
    State prediction error memory resets: 2.
    Hill memory resets: 1.
At time 49 the agent is dead.
The agent had: 6 food, -1 water, and 8 sleep.
The total tree search depth for this trial was 142010.
The agent accessed its memory 466799 times.
The agent cleared its short-term memory 8 times.
    State prediction error memory resets: 7.
    Hill memory resets: 1.
At time 20 the agent is dead.
The agent had: 1 food, -1 water, and 11 sleep.
The total tree search depth for this trial was 43623.
The agent accessed its memory 152136 times.
The agent cleared its short-term memory 5 times.
    State prediction error memory resets: 3.
    Hill memory resets: 2.
At time 22 the agent is dead.
The agent had: -1 food, 8 water, and 2 sleep.
The total tree search depth for this trial was 69707.
The agent accessed its memory 229332 times.
The agent cleared its short-term memory 8 times.
    State prediction error memory resets: 7.
    Hill memory resets: 1.
At time 22 the agent is dead.
The agent had: -1 food, 12 water, and 21 sleep.
The total tree search depth for this trial was 92503.
The agent accessed its memory 324297 times.
The agent cleared its short-term memory 10 times.
    State prediction error memory resets: 7.
    Hill memory resets: 3.
At time 22 the agent is dead.
The agent had: -1 food, 10 water, and 20 sleep.
The total tree search depth for this trial was 53725.
The agent accessed its memory 171488 times.
The agent cleared its short-term memory 5 times.
    State prediction error memory resets: 4.
    Hill memory resets: 1.
At time 20 the agent is dead.
The agent had: 1 food, -1 water, and 4 sleep.
The total tree search depth for this trial was 74235.
The agent accessed its memory 266654 times.
The agent cleared its short-term memory 6 times.
    State prediction error memory resets: 3.
    Hill memory resets: 3.
At time 22 the agent is dead.
The agent had: -1 food, 10 water, and 19 sleep.
The total tree search depth for this trial was 34967.
The agent accessed its memory 111587 times.
The agent cleared its short-term memory 4 times.
    State prediction error memory resets: 3.
    Hill memory resets: 1.
At time 49 the agent is dead.
The agent had: -1 food, 13 water, and 22 sleep.
The total tree search depth for this trial was 123488.
The agent accessed its memory 385604 times.
The agent cleared its short-term memory 8 times.
    State prediction error memory resets: 7.
    Hill memory resets: 1.
At time 40 the agent is dead.
The agent had: -1 food, 8 water, and 11 sleep.
The total tree search depth for this trial was 45372.
The agent accessed its memory 141064 times.
The agent cleared its short-term memory 3 times.
    State prediction error memory resets: 2.
    Hill memory resets: 1.
At time 22 the agent is dead.
The agent had: -1 food, 7 water, and 20 sleep.
The total tree search depth for this trial was 81894.
The agent accessed its memory 264809 times.
The agent cleared its short-term memory 5 times.
    State prediction error memory resets: 4.
    Hill memory resets: 1.
At time 22 the agent is dead.
The agent had: -1 food, 10 water, and 19 sleep.
The total tree search depth for this trial was 31299.
The agent accessed its memory 99636 times.
The agent cleared its short-term memory 3 times.
    State prediction error memory resets: 2.
    Hill memory resets: 1.
At time 91 the agent is dead.
The agent had: 4 food, -1 water, and 2 sleep.
The total tree search depth for this trial was 192066.
The agent accessed its memory 608262 times.
The agent cleared its short-term memory 16 times.
    State prediction error memory resets: 14.
    Hill memory resets: 2.
At time 49 the agent is dead.
The agent had: -1 food, 15 water, and 13 sleep.
The total tree search depth for this trial was 123775.
The agent accessed its memory 385545 times.
The agent cleared its short-term memory 9 times.
    State prediction error memory resets: 7.
    Hill memory resets: 2.
At time 71 the agent is dead.
The agent had: 10 food, -1 water, and 12 sleep.
The total tree search depth for this trial was 152519.
The agent accessed its memory 486138 times.
The agent cleared its short-term memory 12 times.
    State prediction error memory resets: 10.
    Hill memory resets: 2.
At time 65 the agent is dead.
The agent had: -1 food, 3 water, and 7 sleep.
The total tree search depth for this trial was 127433.
The agent accessed its memory 409757 times.
The agent cleared its short-term memory 11 times.
    State prediction error memory resets: 10.
    Hill memory resets: 1.
At time 99 the agent is dead.
The agent had: -1 food, 12 water, and 16 sleep.
The total tree search depth for this trial was 238074.
The agent accessed its memory 713881 times.
The agent cleared its short-term memory 21 times.
    State prediction error memory resets: 18.
    Hill memory resets: 3.
At time 76 the agent is dead.
The agent had: -1 food, 1 water, and 14 sleep.
The total tree search depth for this trial was 221848.
The agent accessed its memory 680567 times.
The agent cleared its short-term memory 16 times.
    State prediction error memory resets: 14.
    Hill memory resets: 2.
At time 29 the agent is dead.
The agent had: -1 food, -1 water, and 13 sleep.
The total tree search depth for this trial was 90671.
The agent accessed its memory 266060 times.
The agent cleared its short-term memory 7 times.
    State prediction error memory resets: 6.
    Hill memory resets: 1.
At time 30 the agent is dead.
The agent had: 4 food, -1 water, and 6 sleep.
The total tree search depth for this trial was 42848.
The agent accessed its memory 129314 times.
The agent cleared its short-term memory 7 times.
    State prediction error memory resets: 6.
    Hill memory resets: 1.
At time 63 the agent is dead.
The agent had: -1 food, 15 water, and 8 sleep.
The total tree search depth for this trial was 134365.
The agent accessed its memory 407720 times.
The agent cleared its short-term memory 4 times.
    State prediction error memory resets: 3.
    Hill memory resets: 1.
