
----------------------------------------
TRIAL 1 STARTED
----------------------------------------
Start Time: 2024-05-01 20:21:14
TRIAL 1 COMPLETE ✔
End Time: 2024-05-01 20:21:18
Total runtime for this trial (minutes/seconds): 00:03
----------------------------------------
Total hill visits: 1
Total prediction errors: 2
Total search depth: 1112
Total times memory accessed: 1754
Total times 24 >= t < 49: 0
Total times 49 >= t < 74: 0
Total times 74 >= t < 99: 0
Total times t == 99: 0
Total time steps survived: 20
Total runtime so far (hours/minutes/seconds): 00:00:04
----------------------------------------

----------------------------------------
TRIAL 2 STARTED
----------------------------------------
Start Time: 2024-05-01 20:21:18
TRIAL 2 COMPLETE ✔
End Time: 2024-05-01 20:21:24
Total runtime for this trial (minutes/seconds): 00:06
----------------------------------------
Total hill visits: 1
Total prediction errors: 10
Total search depth: 2597
Total times memory accessed: 4984
Total times 24 >= t < 49: 0
Total times 49 >= t < 74: 0
Total times 74 >= t < 99: 0
Total times t == 99: 0
Total time steps survived: 40
Total runtime so far (hours/minutes/seconds): 00:00:10
----------------------------------------

----------------------------------------
TRIAL 3 STARTED
----------------------------------------
Start Time: 2024-05-01 20:21:24
TRIAL 3 COMPLETE ✔
End Time: 2024-05-01 20:21:28
Total runtime for this trial (minutes/seconds): 00:03
----------------------------------------
Total hill visits: 1
Total prediction errors: 19
Total search depth: 3395
Total times memory accessed: 7193
Total times 24 >= t < 49: 0
Total times 49 >= t < 74: 0
Total times 74 >= t < 99: 0
Total times t == 99: 0
Total time steps survived: 60
Total runtime so far (hours/minutes/seconds): 00:00:14
----------------------------------------

----------------------------------------
TRIAL 4 STARTED
----------------------------------------
Start Time: 2024-05-01 20:21:28
TRIAL 4 COMPLETE ✔
End Time: 2024-05-01 20:21:30
Total runtime for this trial (minutes/seconds): 00:01
----------------------------------------
Total hill visits: 3
Total prediction errors: 27
Total search depth: 3796
Total times memory accessed: 8183
Total times 24 >= t < 49: 0
Total times 49 >= t < 74: 0
Total times 74 >= t < 99: 0
Total times t == 99: 0
Total time steps survived: 80
Total runtime so far (hours/minutes/seconds): 00:00:15
----------------------------------------

----------------------------------------
TRIAL 5 STARTED
----------------------------------------
Start Time: 2024-05-01 20:21:30
TRIAL 5 COMPLETE ✔
End Time: 2024-05-01 20:21:45
Total runtime for this trial (minutes/seconds): 00:14
----------------------------------------
Total hill visits: 3
Total prediction errors: 27
Total search depth: 6498
Total times memory accessed: 15873
Total times 24 >= t < 49: 0
Total times 49 >= t < 74: 0
Total times 74 >= t < 99: 0
Total times t == 99: 0
Total time steps survived: 100
Total runtime so far (hours/minutes/seconds): 00:00:30
----------------------------------------

----------------------------------------
TRIAL 6 STARTED
----------------------------------------
Start Time: 2024-05-01 20:21:45
TRIAL 6 COMPLETE ✔
End Time: 2024-05-01 20:21:56
Total runtime for this trial (minutes/seconds): 00:11
----------------------------------------
Total hill visits: 3
Total prediction errors: 28
Total search depth: 8547
Total times memory accessed: 21879
Total times 24 >= t < 49: 0
Total times 49 >= t < 74: 0
Total times 74 >= t < 99: 0
Total times t == 99: 0
Total time steps survived: 120
Total runtime so far (hours/minutes/seconds): 00:00:42
----------------------------------------

----------------------------------------
TRIAL 7 STARTED
----------------------------------------
Start Time: 2024-05-01 20:21:56
TRIAL 7 COMPLETE ✔
End Time: 2024-05-01 20:22:15
Total runtime for this trial (minutes/seconds): 00:19
----------------------------------------
Total hill visits: 5
Total prediction errors: 35
Total search depth: 11522
Total times memory accessed: 31245
Total times 24 >= t < 49: 0
Total times 49 >= t < 74: 0
Total times 74 >= t < 99: 0
Total times t == 99: 0
Total time steps survived: 140
Total runtime so far (hours/minutes/seconds): 00:01:01
----------------------------------------

----------------------------------------
TRIAL 8 STARTED
----------------------------------------
Start Time: 2024-05-01 20:22:15
TRIAL 8 COMPLETE ✔
End Time: 2024-05-01 20:22:31
Total runtime for this trial (minutes/seconds): 00:15
----------------------------------------
Total hill visits: 5
Total prediction errors: 48
Total search depth: 14123
Total times memory accessed: 39140
Total times 24 >= t < 49: 0
Total times 49 >= t < 74: 0
Total times 74 >= t < 99: 0
Total times t == 99: 0
Total time steps survived: 160
Total runtime so far (hours/minutes/seconds): 00:01:16
----------------------------------------

----------------------------------------
TRIAL 9 STARTED
----------------------------------------
Start Time: 2024-05-01 20:22:31
TRIAL 9 COMPLETE ✔
End Time: 2024-05-01 20:22:42
Total runtime for this trial (minutes/seconds): 00:11
----------------------------------------
Total hill visits: 7
Total prediction errors: 51
Total search depth: 16173
Total times memory accessed: 45520
Total times 24 >= t < 49: 0
Total times 49 >= t < 74: 0
Total times 74 >= t < 99: 0
Total times t == 99: 0
Total time steps survived: 180
Total runtime so far (hours/minutes/seconds): 00:01:28
----------------------------------------

----------------------------------------
TRIAL 10 STARTED
----------------------------------------
Start Time: 2024-05-01 20:22:42
TRIAL 10 COMPLETE ✔
End Time: 2024-05-01 20:22:48
Total runtime for this trial (minutes/seconds): 00:06
----------------------------------------
Total hill visits: 7
Total prediction errors: 54
Total search depth: 17544
Total times memory accessed: 49226
Total times 24 >= t < 49: 0
Total times 49 >= t < 74: 0
Total times 74 >= t < 99: 0
Total times t == 99: 0
Total time steps survived: 200
Total runtime so far (hours/minutes/seconds): 00:01:34
----------------------------------------

----------------------------------------
TRIAL 11 STARTED
----------------------------------------
Start Time: 2024-05-01 20:22:48
TRIAL 11 COMPLETE ✔
End Time: 2024-05-01 20:23:06
Total runtime for this trial (minutes/seconds): 00:17
----------------------------------------
Total hill visits: 9
Total prediction errors: 61
Total search depth: 20770
Total times memory accessed: 59590
Total times 24 >= t < 49: 0
Total times 49 >= t < 74: 0
Total times 74 >= t < 99: 0
Total times t == 99: 0
Total time steps survived: 220
Total runtime so far (hours/minutes/seconds): 00:01:52
----------------------------------------

----------------------------------------
TRIAL 12 STARTED
----------------------------------------
Start Time: 2024-05-01 20:23:06
TRIAL 12 COMPLETE ✔
End Time: 2024-05-01 20:23:59
Total runtime for this trial (minutes/seconds): 00:52
----------------------------------------
Total hill visits: 10
Total prediction errors: 77
Total search depth: 29906
Total times memory accessed: 88231
Total times 24 >= t < 49: 0
Total times 49 >= t < 74: 0
Total times 74 >= t < 99: 0
Total times t == 99: 0
Total time steps survived: 242
Total runtime so far (hours/minutes/seconds): 00:02:45
----------------------------------------

----------------------------------------
TRIAL 13 STARTED
----------------------------------------
Start Time: 2024-05-01 20:23:59
TRIAL 13 COMPLETE ✔
End Time: 2024-05-01 20:24:10
Total runtime for this trial (minutes/seconds): 00:10
----------------------------------------
Total hill visits: 11
Total prediction errors: 81
Total search depth: 31740
Total times memory accessed: 93296
Total times 24 >= t < 49: 0
Total times 49 >= t < 74: 0
Total times 74 >= t < 99: 0
Total times t == 99: 0
Total time steps survived: 262
Total runtime so far (hours/minutes/seconds): 00:02:55
----------------------------------------

----------------------------------------
TRIAL 14 STARTED
----------------------------------------
Start Time: 2024-05-01 20:24:10
TRIAL 14 COMPLETE ✔
End Time: 2024-05-01 20:24:29
Total runtime for this trial (minutes/seconds): 00:18
----------------------------------------
Total hill visits: 12
Total prediction errors: 84
Total search depth: 34832
Total times memory accessed: 102986
Total times 24 >= t < 49: 0
Total times 49 >= t < 74: 0
Total times 74 >= t < 99: 0
Total times t == 99: 0
Total time steps survived: 282
Total runtime so far (hours/minutes/seconds): 00:03:14
----------------------------------------

----------------------------------------
TRIAL 15 STARTED
----------------------------------------
Start Time: 2024-05-01 20:24:29
TRIAL 15 COMPLETE ✔
End Time: 2024-05-01 20:24:38
Total runtime for this trial (minutes/seconds): 00:08
----------------------------------------
Total hill visits: 13
Total prediction errors: 89
Total search depth: 36561
Total times memory accessed: 107543
Total times 24 >= t < 49: 0
Total times 49 >= t < 74: 0
Total times 74 >= t < 99: 0
Total times t == 99: 0
Total time steps survived: 302
Total runtime so far (hours/minutes/seconds): 00:03:23
----------------------------------------

----------------------------------------
TRIAL 16 STARTED
----------------------------------------
Start Time: 2024-05-01 20:24:38
TRIAL 16 COMPLETE ✔
End Time: 2024-05-01 20:24:52
Total runtime for this trial (minutes/seconds): 00:14
----------------------------------------
Total hill visits: 15
Total prediction errors: 91
Total search depth: 38833
Total times memory accessed: 114412
Total times 24 >= t < 49: 0
Total times 49 >= t < 74: 0
Total times 74 >= t < 99: 0
Total times t == 99: 0
Total time steps survived: 324
Total runtime so far (hours/minutes/seconds): 00:03:37
----------------------------------------

----------------------------------------
TRIAL 17 STARTED
----------------------------------------
Start Time: 2024-05-01 20:24:52
TRIAL 17 COMPLETE ✔
End Time: 2024-05-01 20:25:20
Total runtime for this trial (minutes/seconds): 00:28
----------------------------------------
Total hill visits: 16
Total prediction errors: 92
Total search depth: 43244
Total times memory accessed: 127032
Total times 24 >= t < 49: 0
Total times 49 >= t < 74: 0
Total times 74 >= t < 99: 0
Total times t == 99: 0
Total time steps survived: 344
Total runtime so far (hours/minutes/seconds): 00:04:06
----------------------------------------

----------------------------------------
TRIAL 18 STARTED
----------------------------------------
Start Time: 2024-05-01 20:25:20
TRIAL 18 COMPLETE ✔
End Time: 2024-05-01 20:29:12
Total runtime for this trial (minutes/seconds): 03:51
----------------------------------------
Total hill visits: 17
Total prediction errors: 96
Total search depth: 78435
Total times memory accessed: 246320
Total times 24 >= t < 49: 1
Total times 49 >= t < 74: 0
Total times 74 >= t < 99: 0
Total times t == 99: 0
Total time steps survived: 382
Total runtime so far (hours/minutes/seconds): 00:07:58
----------------------------------------

----------------------------------------
TRIAL 19 STARTED
----------------------------------------
Start Time: 2024-05-01 20:29:12
TRIAL 19 COMPLETE ✔
End Time: 2024-05-01 20:30:25
Total runtime for this trial (minutes/seconds): 01:12
----------------------------------------
Total hill visits: 19
Total prediction errors: 103
Total search depth: 88055
Total times memory accessed: 284622
Total times 24 >= t < 49: 1
Total times 49 >= t < 74: 0
Total times 74 >= t < 99: 0
Total times t == 99: 0
Total time steps survived: 402
Total runtime so far (hours/minutes/seconds): 00:09:10
----------------------------------------

----------------------------------------
TRIAL 20 STARTED
----------------------------------------
Start Time: 2024-05-01 20:30:25
TRIAL 20 COMPLETE ✔
End Time: 2024-05-01 20:32:15
Total runtime for this trial (minutes/seconds): 01:50
----------------------------------------
Total hill visits: 19
Total prediction errors: 109
Total search depth: 102849
Total times memory accessed: 343942
Total times 24 >= t < 49: 1
Total times 49 >= t < 74: 0
Total times 74 >= t < 99: 0
Total times t == 99: 0
Total time steps survived: 422
Total runtime so far (hours/minutes/seconds): 00:11:01
----------------------------------------

----------------------------------------
TRIAL 21 STARTED
----------------------------------------
Start Time: 2024-05-01 20:32:15
TRIAL 21 COMPLETE ✔
End Time: 2024-05-01 20:34:29
Total runtime for this trial (minutes/seconds): 02:14
----------------------------------------
Total hill visits: 20
Total prediction errors: 116
Total search depth: 121587
Total times memory accessed: 416213
Total times 24 >= t < 49: 1
Total times 49 >= t < 74: 0
Total times 74 >= t < 99: 0
Total times t == 99: 0
Total time steps survived: 444
Total runtime so far (hours/minutes/seconds): 00:13:15
----------------------------------------

----------------------------------------
TRIAL 22 STARTED
----------------------------------------
Start Time: 2024-05-01 20:34:29
TRIAL 22 COMPLETE ✔
End Time: 2024-05-01 20:35:52
Total runtime for this trial (minutes/seconds): 01:22
----------------------------------------
Total hill visits: 21
Total prediction errors: 125
Total search depth: 133585
Total times memory accessed: 462154
Total times 24 >= t < 49: 1
Total times 49 >= t < 74: 0
Total times 74 >= t < 99: 0
Total times t == 99: 0
Total time steps survived: 466
Total runtime so far (hours/minutes/seconds): 00:14:38
----------------------------------------

----------------------------------------
TRIAL 23 STARTED
----------------------------------------
Start Time: 2024-05-01 20:35:52
TRIAL 23 COMPLETE ✔
End Time: 2024-05-01 20:43:17
Total runtime for this trial (minutes/seconds): 07:24
----------------------------------------
Total hill visits: 22
Total prediction errors: 131
Total search depth: 198308
Total times memory accessed: 697683
Total times 24 >= t < 49: 2
Total times 49 >= t < 74: 0
Total times 74 >= t < 99: 0
Total times t == 99: 0
Total time steps survived: 511
Total runtime so far (hours/minutes/seconds): 00:22:02
----------------------------------------

----------------------------------------
TRIAL 24 STARTED
----------------------------------------
Start Time: 2024-05-01 20:43:17
TRIAL 24 COMPLETE ✔
End Time: 2024-05-01 20:46:32
Total runtime for this trial (minutes/seconds): 03:15
----------------------------------------
Total hill visits: 23
Total prediction errors: 139
Total search depth: 223872
Total times memory accessed: 797963
Total times 24 >= t < 49: 2
Total times 49 >= t < 74: 0
Total times 74 >= t < 99: 0
Total times t == 99: 0
Total time steps survived: 531
Total runtime so far (hours/minutes/seconds): 00:25:17
----------------------------------------

----------------------------------------
TRIAL 25 STARTED
----------------------------------------
Start Time: 2024-05-01 20:46:32
TRIAL 25 COMPLETE ✔
End Time: 2024-05-01 20:47:50
Total runtime for this trial (minutes/seconds): 01:17
----------------------------------------
Total hill visits: 24
Total prediction errors: 147
Total search depth: 235056
Total times memory accessed: 837727
Total times 24 >= t < 49: 2
Total times 49 >= t < 74: 0
Total times 74 >= t < 99: 0
Total times t == 99: 0
Total time steps survived: 551
Total runtime so far (hours/minutes/seconds): 00:26:35
----------------------------------------

----------------------------------------
TRIAL 26 STARTED
----------------------------------------
Start Time: 2024-05-01 20:47:50
TRIAL 26 COMPLETE ✔
End Time: 2024-05-01 20:58:20
Total runtime for this trial (minutes/seconds): 10:30
----------------------------------------
Total hill visits: 27
Total prediction errors: 156
Total search depth: 317110
Total times memory accessed: 1159279
Total times 24 >= t < 49: 2
Total times 49 >= t < 74: 1
Total times 74 >= t < 99: 0
Total times t == 99: 0
Total time steps survived: 607
Total runtime so far (hours/minutes/seconds): 00:37:06
----------------------------------------

----------------------------------------
TRIAL 27 STARTED
----------------------------------------
Start Time: 2024-05-01 20:58:20
TRIAL 27 COMPLETE ✔
End Time: 2024-05-01 20:59:32
Total runtime for this trial (minutes/seconds): 01:11
----------------------------------------
Total hill visits: 28
Total prediction errors: 160
Total search depth: 328122
Total times memory accessed: 1196838
Total times 24 >= t < 49: 2
Total times 49 >= t < 74: 1
Total times 74 >= t < 99: 0
Total times t == 99: 0
Total time steps survived: 627
Total runtime so far (hours/minutes/seconds): 00:38:17
----------------------------------------

----------------------------------------
TRIAL 28 STARTED
----------------------------------------
Start Time: 2024-05-01 20:59:32
TRIAL 28 COMPLETE ✔
End Time: 2024-05-01 21:07:23
Total runtime for this trial (minutes/seconds): 07:50
----------------------------------------
Total hill visits: 30
Total prediction errors: 170
Total search depth: 400424
Total times memory accessed: 1457993
Total times 24 >= t < 49: 2
Total times 49 >= t < 74: 2
Total times 74 >= t < 99: 0
Total times t == 99: 0
Total time steps survived: 690
Total runtime so far (hours/minutes/seconds): 00:46:08
----------------------------------------

----------------------------------------
TRIAL 29 STARTED
----------------------------------------
Start Time: 2024-05-01 21:07:23
TRIAL 29 COMPLETE ✔
End Time: 2024-05-01 21:09:37
Total runtime for this trial (minutes/seconds): 02:14
----------------------------------------
Total hill visits: 31
Total prediction errors: 176
Total search depth: 423172
Total times memory accessed: 1541440
Total times 24 >= t < 49: 2
Total times 49 >= t < 74: 2
Total times 74 >= t < 99: 0
Total times t == 99: 0
Total time steps survived: 710
Total runtime so far (hours/minutes/seconds): 00:48:22
----------------------------------------

----------------------------------------
TRIAL 30 STARTED
----------------------------------------
Start Time: 2024-05-01 21:09:37
TRIAL 30 COMPLETE ✔
End Time: 2024-05-01 21:16:32
Total runtime for this trial (minutes/seconds): 06:55
----------------------------------------
Total hill visits: 33
Total prediction errors: 183
Total search depth: 492385
Total times memory accessed: 1768782
Total times 24 >= t < 49: 3
Total times 49 >= t < 74: 2
Total times 74 >= t < 99: 0
Total times t == 99: 0
Total time steps survived: 753
Total runtime so far (hours/minutes/seconds): 00:55:18
----------------------------------------

----------------------------------------
TRIAL 31 STARTED
----------------------------------------
Start Time: 2024-05-01 21:16:32
TRIAL 31 COMPLETE ✔
End Time: 2024-05-01 21:21:42
Total runtime for this trial (minutes/seconds): 05:09
----------------------------------------
Total hill visits: 34
Total prediction errors: 187
Total search depth: 544083
Total times memory accessed: 1939388
Total times 24 >= t < 49: 4
Total times 49 >= t < 74: 2
Total times 74 >= t < 99: 0
Total times t == 99: 0
Total time steps survived: 795
Total runtime so far (hours/minutes/seconds): 01:00:27
----------------------------------------

----------------------------------------
TRIAL 32 STARTED
----------------------------------------
Start Time: 2024-05-01 21:21:42
TRIAL 32 COMPLETE ✔
End Time: 2024-05-01 21:24:43
Total runtime for this trial (minutes/seconds): 03:01
----------------------------------------
Total hill visits: 35
Total prediction errors: 190
Total search depth: 571721
Total times memory accessed: 2032462
Total times 24 >= t < 49: 4
Total times 49 >= t < 74: 2
Total times 74 >= t < 99: 0
Total times t == 99: 0
Total time steps survived: 815
Total runtime so far (hours/minutes/seconds): 01:03:29
----------------------------------------

----------------------------------------
TRIAL 33 STARTED
----------------------------------------
Start Time: 2024-05-01 21:24:43
TRIAL 33 COMPLETE ✔
End Time: 2024-05-01 21:31:33
Total runtime for this trial (minutes/seconds): 06:50
----------------------------------------
Total hill visits: 36
Total prediction errors: 196
Total search depth: 634686
Total times memory accessed: 2234916
Total times 24 >= t < 49: 5
Total times 49 >= t < 74: 2
Total times 74 >= t < 99: 0
Total times t == 99: 0
Total time steps survived: 849
Total runtime so far (hours/minutes/seconds): 01:10:19
----------------------------------------

----------------------------------------
TRIAL 34 STARTED
----------------------------------------
Start Time: 2024-05-01 21:31:33
TRIAL 34 COMPLETE ✔
End Time: 2024-05-01 21:37:49
Total runtime for this trial (minutes/seconds): 06:15
----------------------------------------
Total hill visits: 37
Total prediction errors: 203
Total search depth: 691274
Total times memory accessed: 2422557
Total times 24 >= t < 49: 5
Total times 49 >= t < 74: 2
Total times 74 >= t < 99: 0
Total times t == 99: 0
Total time steps survived: 948
Total runtime so far (hours/minutes/seconds): 01:16:35
----------------------------------------

----------------------------------------
TRIAL 35 STARTED
----------------------------------------
Start Time: 2024-05-01 21:37:49
TRIAL 35 COMPLETE ✔
End Time: 2024-05-01 21:43:03
Total runtime for this trial (minutes/seconds): 05:13
----------------------------------------
Total hill visits: 39
Total prediction errors: 211
Total search depth: 735006
Total times memory accessed: 2583955
Total times 24 >= t < 49: 5
Total times 49 >= t < 74: 2
Total times 74 >= t < 99: 0
Total times t == 99: 0
Total time steps survived: 968
Total runtime so far (hours/minutes/seconds): 01:21:48
----------------------------------------

----------------------------------------
TRIAL 36 STARTED
----------------------------------------
Start Time: 2024-05-01 21:43:03
TRIAL 36 COMPLETE ✔
End Time: 2024-05-01 21:54:46
Total runtime for this trial (minutes/seconds): 11:42
----------------------------------------
Total hill visits: 41
Total prediction errors: 223
Total search depth: 840113
Total times memory accessed: 2955003
Total times 24 >= t < 49: 5
Total times 49 >= t < 74: 3
Total times 74 >= t < 99: 0
Total times t == 99: 0
Total time steps survived: 1018
Total runtime so far (hours/minutes/seconds): 01:33:31
----------------------------------------

----------------------------------------
TRIAL 37 STARTED
----------------------------------------
Start Time: 2024-05-01 21:54:46
TRIAL 37 COMPLETE ✔
End Time: 2024-05-01 21:58:40
Total runtime for this trial (minutes/seconds): 03:53
----------------------------------------
Total hill visits: 42
Total prediction errors: 226
Total search depth: 875682
Total times memory accessed: 3076131
Total times 24 >= t < 49: 5
Total times 49 >= t < 74: 3
Total times 74 >= t < 99: 0
Total times t == 99: 0
Total time steps survived: 1040
Total runtime so far (hours/minutes/seconds): 01:37:25
----------------------------------------

----------------------------------------
TRIAL 38 STARTED
----------------------------------------
Start Time: 2024-05-01 21:58:40
TRIAL 38 COMPLETE ✔
End Time: 2024-05-01 22:16:56
Total runtime for this trial (minutes/seconds): 18:16
----------------------------------------
Total hill visits: 44
Total prediction errors: 246
Total search depth: 1026866
Total times memory accessed: 3646178
Total times 24 >= t < 49: 6
Total times 49 >= t < 74: 3
Total times 74 >= t < 99: 0
Total times t == 99: 0
Total time steps survived: 1086
Total runtime so far (hours/minutes/seconds): 01:55:42
----------------------------------------

----------------------------------------
TRIAL 39 STARTED
----------------------------------------
Start Time: 2024-05-01 22:16:56
TRIAL 39 COMPLETE ✔
End Time: 2024-05-01 22:29:45
Total runtime for this trial (minutes/seconds): 12:49
----------------------------------------
Total hill visits: 45
Total prediction errors: 259
Total search depth: 1128601
Total times memory accessed: 4052608
Total times 24 >= t < 49: 7
Total times 49 >= t < 74: 3
Total times 74 >= t < 99: 0
Total times t == 99: 0
Total time steps survived: 1111
Total runtime so far (hours/minutes/seconds): 02:08:31
----------------------------------------

----------------------------------------
TRIAL 40 STARTED
----------------------------------------
Start Time: 2024-05-01 22:29:45
TRIAL 40 COMPLETE ✔
End Time: 2024-05-01 22:48:32
Total runtime for this trial (minutes/seconds): 18:46
----------------------------------------
Total hill visits: 46
Total prediction errors: 276
Total search depth: 1284508
Total times memory accessed: 4650596
Total times 24 >= t < 49: 7
Total times 49 >= t < 74: 4
Total times 74 >= t < 99: 0
Total times t == 99: 0
Total time steps survived: 1172
Total runtime so far (hours/minutes/seconds): 02:27:17
----------------------------------------

----------------------------------------
TRIAL 41 STARTED
----------------------------------------
Start Time: 2024-05-01 22:48:32
TRIAL 41 COMPLETE ✔
End Time: 2024-05-01 23:13:05
Total runtime for this trial (minutes/seconds): 24:33
----------------------------------------
Total hill visits: 47
Total prediction errors: 295
Total search depth: 1487532
Total times memory accessed: 5476784
Total times 24 >= t < 49: 7
Total times 49 >= t < 74: 5
Total times 74 >= t < 99: 0
Total times t == 99: 0
Total time steps survived: 1227
Total runtime so far (hours/minutes/seconds): 02:51:51
----------------------------------------

----------------------------------------
TRIAL 42 STARTED
----------------------------------------
Start Time: 2024-05-01 23:13:05
TRIAL 42 COMPLETE ✔
End Time: 2024-05-01 23:23:07
Total runtime for this trial (minutes/seconds): 10:01
----------------------------------------
Total hill visits: 48
Total prediction errors: 306
Total search depth: 1559311
Total times memory accessed: 5798480
Total times 24 >= t < 49: 7
Total times 49 >= t < 74: 5
Total times 74 >= t < 99: 0
Total times t == 99: 0
Total time steps survived: 1249
Total runtime so far (hours/minutes/seconds): 03:01:53
----------------------------------------

----------------------------------------
TRIAL 43 STARTED
----------------------------------------
Start Time: 2024-05-01 23:23:07
TRIAL 43 COMPLETE ✔
End Time: 2024-05-01 23:28:12
Total runtime for this trial (minutes/seconds): 05:04
----------------------------------------
Total hill visits: 49
Total prediction errors: 310
Total search depth: 1604904
Total times memory accessed: 5954934
Total times 24 >= t < 49: 8
Total times 49 >= t < 74: 5
Total times 74 >= t < 99: 0
Total times t == 99: 0
Total time steps survived: 1283
Total runtime so far (hours/minutes/seconds): 03:06:57
----------------------------------------

----------------------------------------
TRIAL 44 STARTED
----------------------------------------
Start Time: 2024-05-01 23:28:12
TRIAL 44 COMPLETE ✔
End Time: 2024-05-01 23:33:08
Total runtime for this trial (minutes/seconds): 04:56
----------------------------------------
Total hill visits: 50
Total prediction errors: 313
Total search depth: 1646971
Total times memory accessed: 6104251
Total times 24 >= t < 49: 8
Total times 49 >= t < 74: 5
Total times 74 >= t < 99: 0
Total times t == 99: 0
Total time steps survived: 1305
Total runtime so far (hours/minutes/seconds): 03:11:54
----------------------------------------

----------------------------------------
TRIAL 45 STARTED
----------------------------------------
Start Time: 2024-05-01 23:33:08
TRIAL 45 COMPLETE ✔
End Time: 2024-05-01 23:35:12
Total runtime for this trial (minutes/seconds): 02:03
----------------------------------------
Total hill visits: 51
Total prediction errors: 316
Total search depth: 1665338
Total times memory accessed: 6168935
Total times 24 >= t < 49: 8
Total times 49 >= t < 74: 5
Total times 74 >= t < 99: 0
Total times t == 99: 0
Total time steps survived: 1325
Total runtime so far (hours/minutes/seconds): 03:13:58
----------------------------------------

----------------------------------------
TRIAL 46 STARTED
----------------------------------------
Start Time: 2024-05-01 23:35:12
TRIAL 46 COMPLETE ✔
End Time: 2024-05-01 23:45:16
Total runtime for this trial (minutes/seconds): 10:04
----------------------------------------
Total hill visits: 52
Total prediction errors: 325
Total search depth: 1748158
Total times memory accessed: 6481365
Total times 24 >= t < 49: 9
Total times 49 >= t < 74: 5
Total times 74 >= t < 99: 0
Total times t == 99: 0
Total time steps survived: 1353
Total runtime so far (hours/minutes/seconds): 03:24:02
----------------------------------------

----------------------------------------
TRIAL 47 STARTED
----------------------------------------
Start Time: 2024-05-01 23:45:16
TRIAL 47 COMPLETE ✔
End Time: 2024-05-01 23:49:09
Total runtime for this trial (minutes/seconds): 03:52
----------------------------------------
Total hill visits: 53
Total prediction errors: 330
Total search depth: 1783323
Total times memory accessed: 6601005
Total times 24 >= t < 49: 9
Total times 49 >= t < 74: 5
Total times 74 >= t < 99: 0
Total times t == 99: 0
Total time steps survived: 1375
Total runtime so far (hours/minutes/seconds): 03:27:55
----------------------------------------

----------------------------------------
TRIAL 48 STARTED
----------------------------------------
Start Time: 2024-05-01 23:49:09
TRIAL 48 COMPLETE ✔
End Time: 2024-05-01 23:55:18
Total runtime for this trial (minutes/seconds): 06:09
----------------------------------------
Total hill visits: 56
Total prediction errors: 334
Total search depth: 1834085
Total times memory accessed: 6791002
Total times 24 >= t < 49: 9
Total times 49 >= t < 74: 5
Total times 74 >= t < 99: 0
Total times t == 99: 0
Total time steps survived: 1395
Total runtime so far (hours/minutes/seconds): 03:34:04
----------------------------------------

----------------------------------------
TRIAL 49 STARTED
----------------------------------------
Start Time: 2024-05-01 23:55:18
TRIAL 49 COMPLETE ✔
End Time: 2024-05-02 00:08:07
Total runtime for this trial (minutes/seconds): 12:48
----------------------------------------
Total hill visits: 58
Total prediction errors: 345
Total search depth: 1938403
Total times memory accessed: 7186009
Total times 24 >= t < 49: 10
Total times 49 >= t < 74: 5
Total times 74 >= t < 99: 0
Total times t == 99: 0
Total time steps survived: 1435
Total runtime so far (hours/minutes/seconds): 03:46:52
----------------------------------------

----------------------------------------
TRIAL 50 STARTED
----------------------------------------
Start Time: 2024-05-02 00:08:07
TRIAL 50 COMPLETE ✔
End Time: 2024-05-02 00:12:36
Total runtime for this trial (minutes/seconds): 04:29
----------------------------------------
Total hill visits: 59
Total prediction errors: 351
Total search depth: 1976939
Total times memory accessed: 7322937
Total times 24 >= t < 49: 10
Total times 49 >= t < 74: 5
Total times 74 >= t < 99: 0
Total times t == 99: 0
Total time steps survived: 1455
Total runtime so far (hours/minutes/seconds): 03:51:21
----------------------------------------

----------------------------------------
TRIAL 51 STARTED
----------------------------------------
Start Time: 2024-05-02 00:12:36
TRIAL 51 COMPLETE ✔
End Time: 2024-05-02 00:18:34
Total runtime for this trial (minutes/seconds): 05:58
----------------------------------------
Total hill visits: 61
Total prediction errors: 354
Total search depth: 2027212
Total times memory accessed: 7504834
Total times 24 >= t < 49: 10
Total times 49 >= t < 74: 5
Total times 74 >= t < 99: 0
Total times t == 99: 0
Total time steps survived: 1477
Total runtime so far (hours/minutes/seconds): 03:57:19
----------------------------------------

----------------------------------------
TRIAL 52 STARTED
----------------------------------------
Start Time: 2024-05-02 00:18:34
TRIAL 52 COMPLETE ✔
End Time: 2024-05-02 00:37:17
Total runtime for this trial (minutes/seconds): 18:42
----------------------------------------
Total hill visits: 65
Total prediction errors: 362
Total search depth: 2189229
Total times memory accessed: 8094526
Total times 24 >= t < 49: 11
Total times 49 >= t < 74: 5
Total times 74 >= t < 99: 0
Total times t == 99: 0
Total time steps survived: 1518
Total runtime so far (hours/minutes/seconds): 04:16:02
----------------------------------------

----------------------------------------
TRIAL 53 STARTED
----------------------------------------
Start Time: 2024-05-02 00:37:17
TRIAL 53 COMPLETE ✔
End Time: 2024-05-02 00:41:51
Total runtime for this trial (minutes/seconds): 04:34
----------------------------------------
Total hill visits: 66
Total prediction errors: 365
Total search depth: 2237209
Total times memory accessed: 8257119
Total times 24 >= t < 49: 11
Total times 49 >= t < 74: 5
Total times 74 >= t < 99: 0
Total times t == 99: 0
Total time steps survived: 1540
Total runtime so far (hours/minutes/seconds): 04:20:37
----------------------------------------

----------------------------------------
TRIAL 54 STARTED
----------------------------------------
Start Time: 2024-05-02 00:41:51
TRIAL 54 COMPLETE ✔
End Time: 2024-05-02 01:03:36
Total runtime for this trial (minutes/seconds): 21:44
----------------------------------------
Total hill visits: 67
Total prediction errors: 377
Total search depth: 2441504
Total times memory accessed: 9006088
Total times 24 >= t < 49: 11
Total times 49 >= t < 74: 5
Total times 74 >= t < 99: 1
Total times t == 99: 0
Total time steps survived: 1620
Total runtime so far (hours/minutes/seconds): 04:42:21
----------------------------------------

----------------------------------------
TRIAL 55 STARTED
----------------------------------------
Start Time: 2024-05-02 01:03:36
TRIAL 55 COMPLETE ✔
End Time: 2024-05-02 01:21:25
Total runtime for this trial (minutes/seconds): 17:48
----------------------------------------
Total hill visits: 68
Total prediction errors: 387
Total search depth: 2608205
Total times memory accessed: 9562543
Total times 24 >= t < 49: 11
Total times 49 >= t < 74: 5
Total times 74 >= t < 99: 1
Total times t == 99: 0
Total time steps survived: 1719
Total runtime so far (hours/minutes/seconds): 05:00:10
----------------------------------------

----------------------------------------
TRIAL 56 STARTED
----------------------------------------
Start Time: 2024-05-02 01:21:25
TRIAL 56 COMPLETE ✔
End Time: 2024-05-02 01:42:19
Total runtime for this trial (minutes/seconds): 20:54
----------------------------------------
Total hill visits: 70
Total prediction errors: 397
Total search depth: 2790502
Total times memory accessed: 10287985
Total times 24 >= t < 49: 12
Total times 49 >= t < 74: 5
Total times 74 >= t < 99: 1
Total times t == 99: 0
Total time steps survived: 1751
Total runtime so far (hours/minutes/seconds): 05:21:05
----------------------------------------

----------------------------------------
TRIAL 57 STARTED
----------------------------------------
Start Time: 2024-05-02 01:42:19
TRIAL 57 COMPLETE ✔
End Time: 2024-05-02 01:49:25
Total runtime for this trial (minutes/seconds): 07:05
----------------------------------------
Total hill visits: 71
Total prediction errors: 401
Total search depth: 2855723
Total times memory accessed: 10528188
Total times 24 >= t < 49: 12
Total times 49 >= t < 74: 5
Total times 74 >= t < 99: 1
Total times t == 99: 0
Total time steps survived: 1771
Total runtime so far (hours/minutes/seconds): 05:28:11
----------------------------------------

----------------------------------------
TRIAL 58 STARTED
----------------------------------------
Start Time: 2024-05-02 01:49:25
TRIAL 58 COMPLETE ✔
End Time: 2024-05-02 01:56:57
Total runtime for this trial (minutes/seconds): 07:31
----------------------------------------
Total hill visits: 73
Total prediction errors: 411
Total search depth: 2938665
Total times memory accessed: 10800183
Total times 24 >= t < 49: 12
Total times 49 >= t < 74: 6
Total times 74 >= t < 99: 1
Total times t == 99: 0
Total time steps survived: 1835
Total runtime so far (hours/minutes/seconds): 05:35:43
----------------------------------------

----------------------------------------
TRIAL 59 STARTED
----------------------------------------
Start Time: 2024-05-02 01:56:57
TRIAL 59 COMPLETE ✔
End Time: 2024-05-02 02:10:52
Total runtime for this trial (minutes/seconds): 13:54
----------------------------------------
Total hill visits: 74
Total prediction errors: 424
Total search depth: 3065933
Total times memory accessed: 11245090
Total times 24 >= t < 49: 12
Total times 49 >= t < 74: 7
Total times 74 >= t < 99: 1
Total times t == 99: 0
Total time steps survived: 1892
Total runtime so far (hours/minutes/seconds): 05:49:37
----------------------------------------

----------------------------------------
TRIAL 60 STARTED
----------------------------------------
Start Time: 2024-05-02 02:10:52
TRIAL 60 COMPLETE ✔
End Time: 2024-05-02 02:18:13
Total runtime for this trial (minutes/seconds): 07:21
----------------------------------------
Total hill visits: 75
Total prediction errors: 433
Total search depth: 3141600
Total times memory accessed: 11502164
Total times 24 >= t < 49: 12
Total times 49 >= t < 74: 8
Total times 74 >= t < 99: 1
Total times t == 99: 0
Total time steps survived: 1956
Total runtime so far (hours/minutes/seconds): 05:56:59
----------------------------------------

----------------------------------------
TRIAL 61 STARTED
----------------------------------------
Start Time: 2024-05-02 02:18:13
TRIAL 61 COMPLETE ✔
End Time: 2024-05-02 02:31:47
Total runtime for this trial (minutes/seconds): 13:33
----------------------------------------
Total hill visits: 76
Total prediction errors: 445
Total search depth: 3272273
Total times memory accessed: 11989224
Total times 24 >= t < 49: 13
Total times 49 >= t < 74: 8
Total times 74 >= t < 99: 1
Total times t == 99: 0
Total time steps survived: 1994
Total runtime so far (hours/minutes/seconds): 06:10:32
----------------------------------------

----------------------------------------
TRIAL 62 STARTED
----------------------------------------
Start Time: 2024-05-02 02:31:47
TRIAL 62 COMPLETE ✔
End Time: 2024-05-02 03:00:58
Total runtime for this trial (minutes/seconds): 29:11
----------------------------------------
Total hill visits: 78
Total prediction errors: 459
Total search depth: 3520702
Total times memory accessed: 12948993
Total times 24 >= t < 49: 13
Total times 49 >= t < 74: 9
Total times 74 >= t < 99: 1
Total times t == 99: 0
Total time steps survived: 2054
Total runtime so far (hours/minutes/seconds): 06:39:44
----------------------------------------

----------------------------------------
TRIAL 63 STARTED
----------------------------------------
Start Time: 2024-05-02 03:00:58
TRIAL 63 COMPLETE ✔
End Time: 2024-05-02 03:09:43
Total runtime for this trial (minutes/seconds): 08:44
----------------------------------------
Total hill visits: 80
Total prediction errors: 464
Total search depth: 3603263
Total times memory accessed: 13242864
Total times 24 >= t < 49: 14
Total times 49 >= t < 74: 9
Total times 74 >= t < 99: 1
Total times t == 99: 0
Total time steps survived: 2085
Total runtime so far (hours/minutes/seconds): 06:48:28
----------------------------------------

----------------------------------------
TRIAL 64 STARTED
----------------------------------------
Start Time: 2024-05-02 03:09:43
TRIAL 64 COMPLETE ✔
End Time: 2024-05-02 03:14:25
Total runtime for this trial (minutes/seconds): 04:42
----------------------------------------
Total hill visits: 81
Total prediction errors: 470
Total search depth: 3647843
Total times memory accessed: 13391074
Total times 24 >= t < 49: 14
Total times 49 >= t < 74: 9
Total times 74 >= t < 99: 1
Total times t == 99: 0
Total time steps survived: 2105
Total runtime so far (hours/minutes/seconds): 06:53:10
----------------------------------------

----------------------------------------
TRIAL 65 STARTED
----------------------------------------
Start Time: 2024-05-02 03:14:25
TRIAL 65 COMPLETE ✔
End Time: 2024-05-02 03:18:30
Total runtime for this trial (minutes/seconds): 04:05
----------------------------------------
Total hill visits: 82
Total prediction errors: 476
Total search depth: 3689377
Total times memory accessed: 13523424
Total times 24 >= t < 49: 15
Total times 49 >= t < 74: 9
Total times 74 >= t < 99: 1
Total times t == 99: 0
Total time steps survived: 2136
Total runtime so far (hours/minutes/seconds): 06:57:16
----------------------------------------

----------------------------------------
TRIAL 66 STARTED
----------------------------------------
Start Time: 2024-05-02 03:18:30
TRIAL 66 COMPLETE ✔
End Time: 2024-05-02 03:35:59
Total runtime for this trial (minutes/seconds): 17:28
----------------------------------------
Total hill visits: 83
Total prediction errors: 487
Total search depth: 3853610
Total times memory accessed: 14063731
Total times 24 >= t < 49: 15
Total times 49 >= t < 74: 10
Total times 74 >= t < 99: 1
Total times t == 99: 0
Total time steps survived: 2204
Total runtime so far (hours/minutes/seconds): 07:14:45
----------------------------------------

----------------------------------------
TRIAL 67 STARTED
----------------------------------------
Start Time: 2024-05-02 03:35:59
TRIAL 67 COMPLETE ✔
End Time: 2024-05-02 03:45:00
Total runtime for this trial (minutes/seconds): 09:00
----------------------------------------
Total hill visits: 84
Total prediction errors: 494
Total search depth: 3930750
Total times memory accessed: 14357511
Total times 24 >= t < 49: 15
Total times 49 >= t < 74: 10
Total times 74 >= t < 99: 1
Total times t == 99: 0
Total time steps survived: 2226
Total runtime so far (hours/minutes/seconds): 07:23:46
----------------------------------------

----------------------------------------
TRIAL 68 STARTED
----------------------------------------
Start Time: 2024-05-02 03:45:00
TRIAL 68 COMPLETE ✔
End Time: 2024-05-02 04:06:36
Total runtime for this trial (minutes/seconds): 21:35
----------------------------------------
Total hill visits: 85
Total prediction errors: 505
Total search depth: 4129846
Total times memory accessed: 15038482
Total times 24 >= t < 49: 15
Total times 49 >= t < 74: 10
Total times 74 >= t < 99: 2
Total times t == 99: 0
Total time steps survived: 2311
Total runtime so far (hours/minutes/seconds): 07:45:21
----------------------------------------

----------------------------------------
TRIAL 69 STARTED
----------------------------------------
Start Time: 2024-05-02 04:06:36
TRIAL 69 COMPLETE ✔
End Time: 2024-05-02 04:19:10
Total runtime for this trial (minutes/seconds): 12:33
----------------------------------------
Total hill visits: 87
Total prediction errors: 512
Total search depth: 4245586
Total times memory accessed: 15430394
Total times 24 >= t < 49: 16
Total times 49 >= t < 74: 10
Total times 74 >= t < 99: 2
Total times t == 99: 0
Total time steps survived: 2356
Total runtime so far (hours/minutes/seconds): 07:57:55
----------------------------------------

----------------------------------------
TRIAL 70 STARTED
----------------------------------------
Start Time: 2024-05-02 04:19:10
TRIAL 70 COMPLETE ✔
End Time: 2024-05-02 04:38:00
Total runtime for this trial (minutes/seconds): 18:50
----------------------------------------
Total hill visits: 89
Total prediction errors: 519
Total search depth: 4400239
Total times memory accessed: 16018220
Total times 24 >= t < 49: 17
Total times 49 >= t < 74: 10
Total times 74 >= t < 99: 2
Total times t == 99: 0
Total time steps survived: 2381
Total runtime so far (hours/minutes/seconds): 08:16:46
----------------------------------------

----------------------------------------
TRIAL 71 STARTED
----------------------------------------
Start Time: 2024-05-02 04:38:00
TRIAL 71 COMPLETE ✔
End Time: 2024-05-02 04:44:41
Total runtime for this trial (minutes/seconds): 06:40
----------------------------------------
Total hill visits: 90
Total prediction errors: 522
Total search depth: 4461957
Total times memory accessed: 16220972
Total times 24 >= t < 49: 17
Total times 49 >= t < 74: 10
Total times 74 >= t < 99: 2
Total times t == 99: 0
Total time steps survived: 2401
Total runtime so far (hours/minutes/seconds): 08:23:26
----------------------------------------

----------------------------------------
TRIAL 72 STARTED
----------------------------------------
Start Time: 2024-05-02 04:44:41
TRIAL 72 COMPLETE ✔
End Time: 2024-05-02 05:03:16
Total runtime for this trial (minutes/seconds): 18:34
----------------------------------------
Total hill visits: 91
Total prediction errors: 534
Total search depth: 4637098
Total times memory accessed: 16853757
Total times 24 >= t < 49: 17
Total times 49 >= t < 74: 11
Total times 74 >= t < 99: 2
Total times t == 99: 0
Total time steps survived: 2453
Total runtime so far (hours/minutes/seconds): 08:42:01
----------------------------------------

----------------------------------------
TRIAL 73 STARTED
----------------------------------------
Start Time: 2024-05-02 05:03:16
TRIAL 73 COMPLETE ✔
End Time: 2024-05-02 05:12:35
Total runtime for this trial (minutes/seconds): 09:19
----------------------------------------
Total hill visits: 92
Total prediction errors: 537
Total search depth: 4732768
Total times memory accessed: 17169910
Total times 24 >= t < 49: 18
Total times 49 >= t < 74: 11
Total times 74 >= t < 99: 2
Total times t == 99: 0
Total time steps survived: 2492
Total runtime so far (hours/minutes/seconds): 08:51:21
----------------------------------------

----------------------------------------
TRIAL 74 STARTED
----------------------------------------
Start Time: 2024-05-02 05:12:35
TRIAL 74 COMPLETE ✔
End Time: 2024-05-02 05:32:03
Total runtime for this trial (minutes/seconds): 19:27
----------------------------------------
Total hill visits: 94
Total prediction errors: 553
Total search depth: 4931271
Total times memory accessed: 17852764
Total times 24 >= t < 49: 18
Total times 49 >= t < 74: 12
Total times 74 >= t < 99: 2
Total times t == 99: 0
Total time steps survived: 2547
Total runtime so far (hours/minutes/seconds): 09:10:49
----------------------------------------

----------------------------------------
TRIAL 75 STARTED
----------------------------------------
Start Time: 2024-05-02 05:32:03
TRIAL 75 COMPLETE ✔
End Time: 2024-05-02 05:45:56
Total runtime for this trial (minutes/seconds): 13:53
----------------------------------------
Total hill visits: 95
Total prediction errors: 564
Total search depth: 5085933
Total times memory accessed: 18392867
Total times 24 >= t < 49: 18
Total times 49 >= t < 74: 13
Total times 74 >= t < 99: 2
Total times t == 99: 0
Total time steps survived: 2607
Total runtime so far (hours/minutes/seconds): 09:24:42
----------------------------------------

----------------------------------------
TRIAL 76 STARTED
----------------------------------------
Start Time: 2024-05-02 05:45:56
TRIAL 76 COMPLETE ✔
End Time: 2024-05-02 06:06:46
Total runtime for this trial (minutes/seconds): 20:49
----------------------------------------
Total hill visits: 96
Total prediction errors: 572
Total search depth: 5298941
Total times memory accessed: 19186298
Total times 24 >= t < 49: 19
Total times 49 >= t < 74: 13
Total times 74 >= t < 99: 2
Total times t == 99: 0
Total time steps survived: 2645
Total runtime so far (hours/minutes/seconds): 09:45:31
----------------------------------------

----------------------------------------
TRIAL 77 STARTED
----------------------------------------
Start Time: 2024-05-02 06:06:46
TRIAL 77 COMPLETE ✔
End Time: 2024-05-02 06:14:09
Total runtime for this trial (minutes/seconds): 07:23
----------------------------------------
Total hill visits: 97
Total prediction errors: 579
Total search depth: 5375080
Total times memory accessed: 19461055
Total times 24 >= t < 49: 20
Total times 49 >= t < 74: 13
Total times 74 >= t < 99: 2
Total times t == 99: 0
Total time steps survived: 2682
Total runtime so far (hours/minutes/seconds): 09:52:55
----------------------------------------

----------------------------------------
TRIAL 78 STARTED
----------------------------------------
Start Time: 2024-05-02 06:14:09
TRIAL 78 COMPLETE ✔
End Time: 2024-05-02 06:26:57
Total runtime for this trial (minutes/seconds): 12:48
----------------------------------------
Total hill visits: 98
Total prediction errors: 588
Total search depth: 5504092
Total times memory accessed: 19950748
Total times 24 >= t < 49: 21
Total times 49 >= t < 74: 13
Total times 74 >= t < 99: 2
Total times t == 99: 0
Total time steps survived: 2717
Total runtime so far (hours/minutes/seconds): 10:05:43
----------------------------------------

----------------------------------------
TRIAL 79 STARTED
----------------------------------------
Start Time: 2024-05-02 06:26:57
TRIAL 79 COMPLETE ✔
End Time: 2024-05-02 06:33:39
Total runtime for this trial (minutes/seconds): 06:42
----------------------------------------
Total hill visits: 99
Total prediction errors: 592
Total search depth: 5576757
Total times memory accessed: 20201792
Total times 24 >= t < 49: 22
Total times 49 >= t < 74: 13
Total times 74 >= t < 99: 2
Total times t == 99: 0
Total time steps survived: 2742
Total runtime so far (hours/minutes/seconds): 10:12:25
----------------------------------------

----------------------------------------
TRIAL 80 STARTED
----------------------------------------
Start Time: 2024-05-02 06:33:39
TRIAL 80 COMPLETE ✔
End Time: 2024-05-02 06:50:43
Total runtime for this trial (minutes/seconds): 17:04
----------------------------------------
Total hill visits: 100
Total prediction errors: 603
Total search depth: 5764063
Total times memory accessed: 20849636
Total times 24 >= t < 49: 22
Total times 49 >= t < 74: 13
Total times 74 >= t < 99: 3
Total times t == 99: 0
Total time steps survived: 2821
Total runtime so far (hours/minutes/seconds): 10:29:29
----------------------------------------

----------------------------------------
TRIAL 81 STARTED
----------------------------------------
Start Time: 2024-05-02 06:50:43
TRIAL 81 COMPLETE ✔
End Time: 2024-05-02 07:02:49
Total runtime for this trial (minutes/seconds): 12:05
----------------------------------------
Total hill visits: 101
Total prediction errors: 611
Total search depth: 5894907
Total times memory accessed: 21303546
Total times 24 >= t < 49: 23
Total times 49 >= t < 74: 13
Total times 74 >= t < 99: 3
Total times t == 99: 0
Total time steps survived: 2866
Total runtime so far (hours/minutes/seconds): 10:41:35
----------------------------------------

----------------------------------------
TRIAL 82 STARTED
----------------------------------------
Start Time: 2024-05-02 07:02:49
TRIAL 82 COMPLETE ✔
End Time: 2024-05-02 07:21:16
Total runtime for this trial (minutes/seconds): 18:26
----------------------------------------
Total hill visits: 102
Total prediction errors: 623
Total search depth: 6099459
Total times memory accessed: 22006679
Total times 24 >= t < 49: 23
Total times 49 >= t < 74: 14
Total times 74 >= t < 99: 3
Total times t == 99: 0
Total time steps survived: 2932
Total runtime so far (hours/minutes/seconds): 11:00:01
----------------------------------------

----------------------------------------
TRIAL 83 STARTED
----------------------------------------
Start Time: 2024-05-02 07:21:16
TRIAL 83 COMPLETE ✔
End Time: 2024-05-02 07:33:55
Total runtime for this trial (minutes/seconds): 12:39
----------------------------------------
Total hill visits: 104
Total prediction errors: 628
Total search depth: 6224577
Total times memory accessed: 22440961
Total times 24 >= t < 49: 23
Total times 49 >= t < 74: 15
Total times 74 >= t < 99: 3
Total times t == 99: 0
Total time steps survived: 2981
Total runtime so far (hours/minutes/seconds): 11:12:41
----------------------------------------

----------------------------------------
TRIAL 84 STARTED
----------------------------------------
Start Time: 2024-05-02 07:33:55
TRIAL 84 COMPLETE ✔
End Time: 2024-05-02 07:39:26
Total runtime for this trial (minutes/seconds): 05:30
----------------------------------------
Total hill visits: 106
Total prediction errors: 634
Total search depth: 6277478
Total times memory accessed: 22623366
Total times 24 >= t < 49: 24
Total times 49 >= t < 74: 15
Total times 74 >= t < 99: 3
Total times t == 99: 0
Total time steps survived: 3006
Total runtime so far (hours/minutes/seconds): 11:18:12
----------------------------------------

----------------------------------------
TRIAL 85 STARTED
----------------------------------------
Start Time: 2024-05-02 07:39:26
TRIAL 85 COMPLETE ✔
End Time: 2024-05-02 07:49:16
Total runtime for this trial (minutes/seconds): 09:49
----------------------------------------
Total hill visits: 108
Total prediction errors: 640
Total search depth: 6382383
Total times memory accessed: 22963770
Total times 24 >= t < 49: 24
Total times 49 >= t < 74: 15
Total times 74 >= t < 99: 3
Total times t == 99: 0
Total time steps survived: 3105
Total runtime so far (hours/minutes/seconds): 11:28:01
----------------------------------------

----------------------------------------
TRIAL 86 STARTED
----------------------------------------
Start Time: 2024-05-02 07:49:16
TRIAL 86 COMPLETE ✔
End Time: 2024-05-02 07:55:46
Total runtime for this trial (minutes/seconds): 06:30
----------------------------------------
Total hill visits: 109
Total prediction errors: 646
Total search depth: 6453649
Total times memory accessed: 23196843
Total times 24 >= t < 49: 25
Total times 49 >= t < 74: 15
Total times 74 >= t < 99: 3
Total times t == 99: 0
Total time steps survived: 3135
Total runtime so far (hours/minutes/seconds): 11:34:31
----------------------------------------

----------------------------------------
TRIAL 87 STARTED
----------------------------------------
Start Time: 2024-05-02 07:55:46
TRIAL 87 COMPLETE ✔
End Time: 2024-05-02 07:58:02
Total runtime for this trial (minutes/seconds): 02:16
----------------------------------------
Total hill visits: 110
Total prediction errors: 648
Total search depth: 6478230
Total times memory accessed: 23275925
Total times 24 >= t < 49: 25
Total times 49 >= t < 74: 15
Total times 74 >= t < 99: 3
Total times t == 99: 0
Total time steps survived: 3157
Total runtime so far (hours/minutes/seconds): 11:36:48
----------------------------------------

----------------------------------------
TRIAL 88 STARTED
----------------------------------------
Start Time: 2024-05-02 07:58:02
TRIAL 88 COMPLETE ✔
End Time: 2024-05-02 08:30:07
Total runtime for this trial (minutes/seconds): 32:04
----------------------------------------
Total hill visits: 112
Total prediction errors: 667
Total search depth: 6810492
Total times memory accessed: 24406399
Total times 24 >= t < 49: 25
Total times 49 >= t < 74: 15
Total times 74 >= t < 99: 4
Total times t == 99: 0
Total time steps survived: 3243
Total runtime so far (hours/minutes/seconds): 12:08:52
----------------------------------------

----------------------------------------
TRIAL 89 STARTED
----------------------------------------
Start Time: 2024-05-02 08:30:07
TRIAL 89 COMPLETE ✔
End Time: 2024-05-02 08:56:11
Total runtime for this trial (minutes/seconds): 26:04
----------------------------------------
Total hill visits: 114
Total prediction errors: 681
Total search depth: 7114613
Total times memory accessed: 25399599
Total times 24 >= t < 49: 25
Total times 49 >= t < 74: 15
Total times 74 >= t < 99: 4
Total times t == 99: 0
Total time steps survived: 3342
Total runtime so far (hours/minutes/seconds): 12:34:57
----------------------------------------

----------------------------------------
TRIAL 90 STARTED
----------------------------------------
Start Time: 2024-05-02 08:56:11
TRIAL 90 COMPLETE ✔
End Time: 2024-05-02 09:03:30
Total runtime for this trial (minutes/seconds): 07:19
----------------------------------------
Total hill visits: 116
Total prediction errors: 693
Total search depth: 7200170
Total times memory accessed: 25675527
Total times 24 >= t < 49: 25
Total times 49 >= t < 74: 16
Total times 74 >= t < 99: 4
Total times t == 99: 0
Total time steps survived: 3413
Total runtime so far (hours/minutes/seconds): 12:42:16
----------------------------------------

----------------------------------------
TRIAL 91 STARTED
----------------------------------------
Start Time: 2024-05-02 09:03:30
TRIAL 91 COMPLETE ✔
End Time: 2024-05-02 09:23:58
Total runtime for this trial (minutes/seconds): 20:28
----------------------------------------
Total hill visits: 119
Total prediction errors: 709
Total search depth: 7439845
Total times memory accessed: 26457186
Total times 24 >= t < 49: 25
Total times 49 >= t < 74: 16
Total times 74 >= t < 99: 4
Total times t == 99: 0
Total time steps survived: 3512
Total runtime so far (hours/minutes/seconds): 13:02:44
----------------------------------------

----------------------------------------
TRIAL 92 STARTED
----------------------------------------
Start Time: 2024-05-02 09:23:58
TRIAL 92 COMPLETE ✔
End Time: 2024-05-02 09:29:48
Total runtime for this trial (minutes/seconds): 05:49
----------------------------------------
Total hill visits: 120
Total prediction errors: 716
Total search depth: 7500359
Total times memory accessed: 26680510
Total times 24 >= t < 49: 25
Total times 49 >= t < 74: 16
Total times 74 >= t < 99: 4
Total times t == 99: 0
Total time steps survived: 3534
Total runtime so far (hours/minutes/seconds): 13:08:33
----------------------------------------

----------------------------------------
TRIAL 93 STARTED
----------------------------------------
Start Time: 2024-05-02 09:29:48
TRIAL 93 COMPLETE ✔
End Time: 2024-05-02 09:48:06
Total runtime for this trial (minutes/seconds): 18:18
----------------------------------------
Total hill visits: 122
Total prediction errors: 729
Total search depth: 7695890
Total times memory accessed: 27370845
Total times 24 >= t < 49: 25
Total times 49 >= t < 74: 17
Total times 74 >= t < 99: 4
Total times t == 99: 0
Total time steps survived: 3585
Total runtime so far (hours/minutes/seconds): 13:26:52
----------------------------------------

----------------------------------------
TRIAL 94 STARTED
----------------------------------------
Start Time: 2024-05-02 09:48:06
TRIAL 94 COMPLETE ✔
End Time: 2024-05-02 10:03:23
Total runtime for this trial (minutes/seconds): 15:16
----------------------------------------
Total hill visits: 124
Total prediction errors: 736
Total search depth: 7873075
Total times memory accessed: 27941220
Total times 24 >= t < 49: 25
Total times 49 >= t < 74: 17
Total times 74 >= t < 99: 4
Total times t == 99: 0
Total time steps survived: 3684
Total runtime so far (hours/minutes/seconds): 13:42:08
----------------------------------------

----------------------------------------
TRIAL 95 STARTED
----------------------------------------
Start Time: 2024-05-02 10:03:23
TRIAL 95 COMPLETE ✔
End Time: 2024-05-02 10:08:25
Total runtime for this trial (minutes/seconds): 05:02
----------------------------------------
Total hill visits: 125
Total prediction errors: 741
Total search depth: 7932059
Total times memory accessed: 28129962
Total times 24 >= t < 49: 26
Total times 49 >= t < 74: 17
Total times 74 >= t < 99: 4
Total times t == 99: 0
Total time steps survived: 3713
Total runtime so far (hours/minutes/seconds): 13:47:11
----------------------------------------

----------------------------------------
TRIAL 96 STARTED
----------------------------------------
Start Time: 2024-05-02 10:08:25
TRIAL 96 COMPLETE ✔
End Time: 2024-05-02 10:25:54
Total runtime for this trial (minutes/seconds): 17:28
----------------------------------------
Total hill visits: 129
Total prediction errors: 755
Total search depth: 8129653
Total times memory accessed: 28789863
Total times 24 >= t < 49: 26
Total times 49 >= t < 74: 17
Total times 74 >= t < 99: 4
Total times t == 99: 0
Total time steps survived: 3812
Total runtime so far (hours/minutes/seconds): 14:04:39
----------------------------------------

----------------------------------------
TRIAL 97 STARTED
----------------------------------------
Start Time: 2024-05-02 10:25:54
TRIAL 97 COMPLETE ✔
End Time: 2024-05-02 10:36:53
Total runtime for this trial (minutes/seconds): 10:59
----------------------------------------
Total hill visits: 130
Total prediction errors: 761
Total search depth: 8262582
Total times memory accessed: 29205567
Total times 24 >= t < 49: 26
Total times 49 >= t < 74: 17
Total times 74 >= t < 99: 4
Total times t == 99: 0
Total time steps survived: 3911
Total runtime so far (hours/minutes/seconds): 14:15:38
----------------------------------------

----------------------------------------
TRIAL 98 STARTED
----------------------------------------
Start Time: 2024-05-02 10:36:53
TRIAL 98 COMPLETE ✔
End Time: 2024-05-02 10:39:11
Total runtime for this trial (minutes/seconds): 02:18
----------------------------------------
Total hill visits: 131
Total prediction errors: 764
Total search depth: 8291417
Total times memory accessed: 29298942
Total times 24 >= t < 49: 26
Total times 49 >= t < 74: 17
Total times 74 >= t < 99: 4
Total times t == 99: 0
Total time steps survived: 3931
Total runtime so far (hours/minutes/seconds): 14:17:57
----------------------------------------

----------------------------------------
TRIAL 99 STARTED
----------------------------------------
Start Time: 2024-05-02 10:39:11
TRIAL 99 COMPLETE ✔
End Time: 2024-05-02 10:45:54
Total runtime for this trial (minutes/seconds): 06:42
----------------------------------------
Total hill visits: 133
Total prediction errors: 770
Total search depth: 8369679
Total times memory accessed: 29564777
Total times 24 >= t < 49: 27
Total times 49 >= t < 74: 17
Total times 74 >= t < 99: 4
Total times t == 99: 0
Total time steps survived: 3969
Total runtime so far (hours/minutes/seconds): 14:24:40
----------------------------------------

----------------------------------------
TRIAL 100 STARTED
----------------------------------------
Start Time: 2024-05-02 10:45:54
TRIAL 100 COMPLETE ✔
End Time: 2024-05-02 10:57:13
Total runtime for this trial (minutes/seconds): 11:19
----------------------------------------
Total hill visits: 134
Total prediction errors: 778
Total search depth: 8498379
Total times memory accessed: 30003623
Total times 24 >= t < 49: 27
Total times 49 >= t < 74: 18
Total times 74 >= t < 99: 4
Total times t == 99: 0
Total time steps survived: 4032
Total runtime so far (hours/minutes/seconds): 14:35:59
----------------------------------------

----------------------------------------
TRIAL 101 STARTED
----------------------------------------
Start Time: 2024-05-02 10:57:13
TRIAL 101 COMPLETE ✔
End Time: 2024-05-02 11:06:05
Total runtime for this trial (minutes/seconds): 08:51
----------------------------------------
Total hill visits: 136
Total prediction errors: 787
Total search depth: 8610043
Total times memory accessed: 30355033
Total times 24 >= t < 49: 27
Total times 49 >= t < 74: 19
Total times 74 >= t < 99: 4
Total times t == 99: 0
Total time steps survived: 4088
Total runtime so far (hours/minutes/seconds): 14:44:50
----------------------------------------

----------------------------------------
TRIAL 102 STARTED
----------------------------------------
Start Time: 2024-05-02 11:06:05
TRIAL 102 COMPLETE ✔
End Time: 2024-05-02 11:15:07
Total runtime for this trial (minutes/seconds): 09:02
----------------------------------------
Total hill visits: 138
Total prediction errors: 799
Total search depth: 8721381
Total times memory accessed: 30711191
Total times 24 >= t < 49: 27
Total times 49 >= t < 74: 19
Total times 74 >= t < 99: 4
Total times t == 99: 0
Total time steps survived: 4187
Total runtime so far (hours/minutes/seconds): 14:53:53
----------------------------------------

----------------------------------------
TRIAL 103 STARTED
----------------------------------------
Start Time: 2024-05-02 11:15:07
TRIAL 103 COMPLETE ✔
End Time: 2024-05-02 11:30:04
Total runtime for this trial (minutes/seconds): 14:57
----------------------------------------
Total hill visits: 139
Total prediction errors: 809
Total search depth: 8887396
Total times memory accessed: 31263942
Total times 24 >= t < 49: 27
Total times 49 >= t < 74: 19
Total times 74 >= t < 99: 5
Total times t == 99: 0
Total time steps survived: 4262
Total runtime so far (hours/minutes/seconds): 15:08:50
----------------------------------------

----------------------------------------
TRIAL 104 STARTED
----------------------------------------
Start Time: 2024-05-02 11:30:04
TRIAL 104 COMPLETE ✔
End Time: 2024-05-02 11:45:00
Total runtime for this trial (minutes/seconds): 14:55
----------------------------------------
Total hill visits: 142
Total prediction errors: 820
Total search depth: 9057816
Total times memory accessed: 31821998
Total times 24 >= t < 49: 27
Total times 49 >= t < 74: 20
Total times 74 >= t < 99: 5
Total times t == 99: 0
Total time steps survived: 4326
Total runtime so far (hours/minutes/seconds): 15:23:45
----------------------------------------

----------------------------------------
TRIAL 105 STARTED
----------------------------------------
Start Time: 2024-05-02 11:45:00
TRIAL 105 COMPLETE ✔
End Time: 2024-05-02 11:54:07
Total runtime for this trial (minutes/seconds): 09:07
----------------------------------------
Total hill visits: 143
Total prediction errors: 827
Total search depth: 9159302
Total times memory accessed: 32155645
Total times 24 >= t < 49: 28
Total times 49 >= t < 74: 20
Total times 74 >= t < 99: 5
Total times t == 99: 0
Total time steps survived: 4367
Total runtime so far (hours/minutes/seconds): 15:32:53
----------------------------------------

----------------------------------------
TRIAL 106 STARTED
----------------------------------------
Start Time: 2024-05-02 11:54:07
TRIAL 106 COMPLETE ✔
End Time: 2024-05-02 12:09:38
Total runtime for this trial (minutes/seconds): 15:30
----------------------------------------
Total hill visits: 144
Total prediction errors: 834
Total search depth: 9337989
Total times memory accessed: 32725296
Total times 24 >= t < 49: 29
Total times 49 >= t < 74: 20
Total times 74 >= t < 99: 5
Total times t == 99: 0
Total time steps survived: 4414
Total runtime so far (hours/minutes/seconds): 15:48:23
----------------------------------------

----------------------------------------
TRIAL 107 STARTED
----------------------------------------
Start Time: 2024-05-02 12:09:38
TRIAL 107 COMPLETE ✔
End Time: 2024-05-02 12:30:18
Total runtime for this trial (minutes/seconds): 20:39
----------------------------------------
Total hill visits: 145
Total prediction errors: 844
Total search depth: 9595243
Total times memory accessed: 33526409
Total times 24 >= t < 49: 29
Total times 49 >= t < 74: 20
Total times 74 >= t < 99: 6
Total times t == 99: 0
Total time steps survived: 4492
Total runtime so far (hours/minutes/seconds): 16:09:03
----------------------------------------

----------------------------------------
TRIAL 108 STARTED
----------------------------------------
Start Time: 2024-05-02 12:30:18
TRIAL 108 COMPLETE ✔
End Time: 2024-05-02 12:37:46
Total runtime for this trial (minutes/seconds): 07:28
----------------------------------------
Total hill visits: 146
Total prediction errors: 848
Total search depth: 9691248
Total times memory accessed: 33832024
Total times 24 >= t < 49: 29
Total times 49 >= t < 74: 21
Total times 74 >= t < 99: 6
Total times t == 99: 0
Total time steps survived: 4547
Total runtime so far (hours/minutes/seconds): 16:16:32
----------------------------------------

----------------------------------------
TRIAL 109 STARTED
----------------------------------------
Start Time: 2024-05-02 12:37:46
TRIAL 109 COMPLETE ✔
End Time: 2024-05-02 12:41:58
Total runtime for this trial (minutes/seconds): 04:11
----------------------------------------
Total hill visits: 147
Total prediction errors: 851
Total search depth: 9743913
Total times memory accessed: 34001915
Total times 24 >= t < 49: 29
Total times 49 >= t < 74: 21
Total times 74 >= t < 99: 6
Total times t == 99: 0
Total time steps survived: 4569
Total runtime so far (hours/minutes/seconds): 16:20:43
----------------------------------------

----------------------------------------
TRIAL 110 STARTED
----------------------------------------
Start Time: 2024-05-02 12:41:58
TRIAL 110 COMPLETE ✔
End Time: 2024-05-02 12:50:43
Total runtime for this trial (minutes/seconds): 08:45
----------------------------------------
Total hill visits: 149
Total prediction errors: 858
Total search depth: 9853749
Total times memory accessed: 34331017
Total times 24 >= t < 49: 30
Total times 49 >= t < 74: 21
Total times 74 >= t < 99: 6
Total times t == 99: 0
Total time steps survived: 4609
Total runtime so far (hours/minutes/seconds): 16:29:29
----------------------------------------

----------------------------------------
TRIAL 111 STARTED
----------------------------------------
Start Time: 2024-05-02 12:50:43
TRIAL 111 COMPLETE ✔
End Time: 2024-05-02 12:59:23
Total runtime for this trial (minutes/seconds): 08:40
----------------------------------------
Total hill visits: 151
Total prediction errors: 864
Total search depth: 9959457
Total times memory accessed: 34662993
Total times 24 >= t < 49: 30
Total times 49 >= t < 74: 22
Total times 74 >= t < 99: 6
Total times t == 99: 0
Total time steps survived: 4661
Total runtime so far (hours/minutes/seconds): 16:38:09
----------------------------------------

----------------------------------------
TRIAL 112 STARTED
----------------------------------------
Start Time: 2024-05-02 12:59:23
TRIAL 112 COMPLETE ✔
End Time: 2024-05-02 13:13:28
Total runtime for this trial (minutes/seconds): 14:04
----------------------------------------
Total hill visits: 152
Total prediction errors: 872
Total search depth: 10122914
Total times memory accessed: 35166207
Total times 24 >= t < 49: 30
Total times 49 >= t < 74: 23
Total times 74 >= t < 99: 6
Total times t == 99: 0
Total time steps survived: 4725
Total runtime so far (hours/minutes/seconds): 16:52:14
----------------------------------------

----------------------------------------
TRIAL 113 STARTED
----------------------------------------
Start Time: 2024-05-02 13:13:28
TRIAL 113 COMPLETE ✔
End Time: 2024-05-02 13:30:18
Total runtime for this trial (minutes/seconds): 16:49
----------------------------------------
Total hill visits: 154
Total prediction errors: 880
Total search depth: 10311011
Total times memory accessed: 35767837
Total times 24 >= t < 49: 30
Total times 49 >= t < 74: 23
Total times 74 >= t < 99: 7
Total times t == 99: 0
Total time steps survived: 4809
Total runtime so far (hours/minutes/seconds): 17:09:04
----------------------------------------

----------------------------------------
TRIAL 114 STARTED
----------------------------------------
Start Time: 2024-05-02 13:30:18
TRIAL 114 COMPLETE ✔
End Time: 2024-05-02 13:50:22
Total runtime for this trial (minutes/seconds): 20:04
----------------------------------------
Total hill visits: 158
Total prediction errors: 891
Total search depth: 10549754
Total times memory accessed: 36525922
Total times 24 >= t < 49: 30
Total times 49 >= t < 74: 23
Total times 74 >= t < 99: 7
Total times t == 99: 0
Total time steps survived: 4908
Total runtime so far (hours/minutes/seconds): 17:29:08
----------------------------------------

----------------------------------------
TRIAL 115 STARTED
----------------------------------------
Start Time: 2024-05-02 13:50:22
TRIAL 115 COMPLETE ✔
End Time: 2024-05-02 14:03:24
Total runtime for this trial (minutes/seconds): 13:01
----------------------------------------
Total hill visits: 159
Total prediction errors: 897
Total search depth: 10702739
Total times memory accessed: 37027443
Total times 24 >= t < 49: 30
Total times 49 >= t < 74: 24
Total times 74 >= t < 99: 7
Total times t == 99: 0
Total time steps survived: 4980
Total runtime so far (hours/minutes/seconds): 17:42:09
----------------------------------------

----------------------------------------
TRIAL 116 STARTED
----------------------------------------
Start Time: 2024-05-02 14:03:24
TRIAL 116 COMPLETE ✔
End Time: 2024-05-02 14:12:08
Total runtime for this trial (minutes/seconds): 08:44
----------------------------------------
Total hill visits: 160
Total prediction errors: 902
Total search depth: 10810123
Total times memory accessed: 37373099
Total times 24 >= t < 49: 30
Total times 49 >= t < 74: 25
Total times 74 >= t < 99: 7
Total times t == 99: 0
Total time steps survived: 5043
Total runtime so far (hours/minutes/seconds): 17:50:53
----------------------------------------

----------------------------------------
TRIAL 117 STARTED
----------------------------------------
Start Time: 2024-05-02 14:12:08
TRIAL 117 COMPLETE ✔
End Time: 2024-05-02 14:26:58
Total runtime for this trial (minutes/seconds): 14:50
----------------------------------------
Total hill visits: 162
Total prediction errors: 914
Total search depth: 10986863
Total times memory accessed: 37959698
Total times 24 >= t < 49: 30
Total times 49 >= t < 74: 26
Total times 74 >= t < 99: 7
Total times t == 99: 0
Total time steps survived: 5092
Total runtime so far (hours/minutes/seconds): 18:05:44
----------------------------------------

----------------------------------------
TRIAL 118 STARTED
----------------------------------------
Start Time: 2024-05-02 14:26:58
TRIAL 118 COMPLETE ✔
End Time: 2024-05-02 14:33:50
Total runtime for this trial (minutes/seconds): 06:51
----------------------------------------
Total hill visits: 163
Total prediction errors: 919
Total search depth: 11073595
Total times memory accessed: 38239707
Total times 24 >= t < 49: 30
Total times 49 >= t < 74: 27
Total times 74 >= t < 99: 7
Total times t == 99: 0
Total time steps survived: 5149
Total runtime so far (hours/minutes/seconds): 18:12:35
----------------------------------------

----------------------------------------
TRIAL 119 STARTED
----------------------------------------
Start Time: 2024-05-02 14:33:50
TRIAL 119 COMPLETE ✔
End Time: 2024-05-02 14:51:27
Total runtime for this trial (minutes/seconds): 17:37
----------------------------------------
Total hill visits: 165
Total prediction errors: 927
Total search depth: 11274860
Total times memory accessed: 38887343
Total times 24 >= t < 49: 30
Total times 49 >= t < 74: 27
Total times 74 >= t < 99: 8
Total times t == 99: 0
Total time steps survived: 5227
Total runtime so far (hours/minutes/seconds): 18:30:13
----------------------------------------

----------------------------------------
TRIAL 120 STARTED
----------------------------------------
Start Time: 2024-05-02 14:51:27
TRIAL 120 COMPLETE ✔
End Time: 2024-05-02 14:57:51
Total runtime for this trial (minutes/seconds): 06:23
----------------------------------------
Total hill visits: 167
Total prediction errors: 931
Total search depth: 11344390
Total times memory accessed: 39111537
Total times 24 >= t < 49: 31
Total times 49 >= t < 74: 27
Total times 74 >= t < 99: 8
Total times t == 99: 0
Total time steps survived: 5265
Total runtime so far (hours/minutes/seconds): 18:36:36
----------------------------------------
EXPERIMENT COMPLETE ✔.
End Time: 2024-05-02 14:57:51
TOTAL RUNTIME (hours/minutes/seconds): 18:36:36
Traceback (most recent call last):
  File "/home/grmstj001/MATLAB-experiments/Sophisticated-Learning/src/Python/main.py", line 24, in <module>
    main(algorithm=args.algorithm, seed=args.seed)
  File "/home/grmstj001/MATLAB-experiments/Sophisticated-Learning/src/Python/main.py", line 8, in main
    si_experiment(seed)
  File "/home/grmstj001/MATLAB-experiments/Sophisticated-Learning/src/Python/algorithms/sophisticated_inference/sophisticated_inference.py", line 354, in experiment
    logging.info(f"AVERAGE RUNTIME PER TIME STEP: {round_half_up((runtime.total_seconds() / total_t), 3)} seconds")
NameError: name 'round_half_up' is not defined
/var/tmp/slurmd.spool/job2116105/slurm_script: line 32: deactivatepython: command not found
