Running Python script with ALGORITHM=SI and SEED=18
At time 20 the agent is dead.
The agent had: 1 food, -1 water, and 4 sleep.
The total tree search depth for this trial was 1112.
The agent accessed its memory 1754 times.
The agent cleared its short-term memory 3 times.
    State prediction error memory resets: 2.
    Hill memory resets: 1.
At time 20 the agent is dead.
The agent had: 1 food, -1 water, and 4 sleep.
The total tree search depth for this trial was 1485.
The agent accessed its memory 3230 times.
The agent cleared its short-term memory 8 times.
    State prediction error memory resets: 8.
    Hill memory resets: 0.
At time 20 the agent is dead.
The agent had: 1 food, -1 water, and 4 sleep.
The total tree search depth for this trial was 798.
The agent accessed its memory 2209 times.
The agent cleared its short-term memory 9 times.
    State prediction error memory resets: 9.
    Hill memory resets: 0.
At time 20 the agent is dead.
The agent had: 1 food, -1 water, and 21 sleep.
The total tree search depth for this trial was 401.
The agent accessed its memory 990 times.
The agent cleared its short-term memory 10 times.
    State prediction error memory resets: 8.
    Hill memory resets: 2.
At time 20 the agent is dead.
The agent had: 8 food, -1 water, and 4 sleep.
The total tree search depth for this trial was 2702.
The agent accessed its memory 7690 times.
The agent cleared its short-term memory 0 times.
    State prediction error memory resets: 0.
    Hill memory resets: 0.
At time 20 the agent is dead.
The agent had: 1 food, -1 water, and 4 sleep.
The total tree search depth for this trial was 2049.
The agent accessed its memory 6006 times.
The agent cleared its short-term memory 1 times.
    State prediction error memory resets: 1.
    Hill memory resets: 0.
At time 20 the agent is dead.
The agent had: 1 food, -1 water, and 4 sleep.
The total tree search depth for this trial was 2975.
The agent accessed its memory 9366 times.
The agent cleared its short-term memory 9 times.
    State prediction error memory resets: 7.
    Hill memory resets: 2.
At time 20 the agent is dead.
The agent had: 1 food, -1 water, and 4 sleep.
The total tree search depth for this trial was 2601.
The agent accessed its memory 7895 times.
The agent cleared its short-term memory 13 times.
    State prediction error memory resets: 13.
    Hill memory resets: 0.
At time 20 the agent is dead.
The agent had: 1 food, -1 water, and 4 sleep.
The total tree search depth for this trial was 2050.
The agent accessed its memory 6380 times.
The agent cleared its short-term memory 5 times.
    State prediction error memory resets: 3.
    Hill memory resets: 2.
At time 20 the agent is dead.
The agent had: 1 food, -1 water, and 4 sleep.
The total tree search depth for this trial was 1371.
The agent accessed its memory 3706 times.
The agent cleared its short-term memory 3 times.
    State prediction error memory resets: 3.
    Hill memory resets: 0.
At time 20 the agent is dead.
The agent had: 1 food, -1 water, and 4 sleep.
The total tree search depth for this trial was 3226.
The agent accessed its memory 10364 times.
The agent cleared its short-term memory 9 times.
    State prediction error memory resets: 7.
    Hill memory resets: 2.
At time 22 the agent is dead.
The agent had: -1 food, 6 water, and 2 sleep.
The total tree search depth for this trial was 9136.
The agent accessed its memory 28641 times.
The agent cleared its short-term memory 17 times.
    State prediction error memory resets: 16.
    Hill memory resets: 1.
At time 20 the agent is dead.
The agent had: 1 food, -1 water, and 4 sleep.
The total tree search depth for this trial was 1834.
The agent accessed its memory 5065 times.
The agent cleared its short-term memory 5 times.
    State prediction error memory resets: 4.
    Hill memory resets: 1.
At time 20 the agent is dead.
The agent had: 1 food, -1 water, and 4 sleep.
The total tree search depth for this trial was 3092.
The agent accessed its memory 9690 times.
The agent cleared its short-term memory 4 times.
    State prediction error memory resets: 3.
    Hill memory resets: 1.
At time 20 the agent is dead.
The agent had: 1 food, -1 water, and 4 sleep.
The total tree search depth for this trial was 1729.
The agent accessed its memory 4557 times.
The agent cleared its short-term memory 6 times.
    State prediction error memory resets: 5.
    Hill memory resets: 1.
At time 22 the agent is dead.
The agent had: -1 food, 17 water, and 23 sleep.
The total tree search depth for this trial was 2272.
The agent accessed its memory 6869 times.
The agent cleared its short-term memory 4 times.
    State prediction error memory resets: 2.
    Hill memory resets: 2.
At time 20 the agent is dead.
The agent had: 1 food, -1 water, and 15 sleep.
The total tree search depth for this trial was 4411.
The agent accessed its memory 12620 times.
The agent cleared its short-term memory 2 times.
    State prediction error memory resets: 1.
    Hill memory resets: 1.
At time 38 the agent is dead.
The agent had: -1 food, 3 water, and -1 sleep.
The total tree search depth for this trial was 35191.
The agent accessed its memory 119288 times.
The agent cleared its short-term memory 5 times.
    State prediction error memory resets: 4.
    Hill memory resets: 1.
At time 20 the agent is dead.
The agent had: 1 food, -1 water, and 21 sleep.
The total tree search depth for this trial was 9620.
The agent accessed its memory 38302 times.
The agent cleared its short-term memory 9 times.
    State prediction error memory resets: 7.
    Hill memory resets: 2.
At time 20 the agent is dead.
The agent had: 1 food, -1 water, and 17 sleep.
The total tree search depth for this trial was 14794.
The agent accessed its memory 59320 times.
The agent cleared its short-term memory 6 times.
    State prediction error memory resets: 6.
    Hill memory resets: 0.
At time 22 the agent is dead.
The agent had: -1 food, 16 water, and 19 sleep.
The total tree search depth for this trial was 18738.
The agent accessed its memory 72271 times.
The agent cleared its short-term memory 8 times.
    State prediction error memory resets: 7.
    Hill memory resets: 1.
At time 22 the agent is dead.
The agent had: -1 food, 8 water, and 17 sleep.
The total tree search depth for this trial was 11998.
The agent accessed its memory 45941 times.
The agent cleared its short-term memory 10 times.
    State prediction error memory resets: 9.
    Hill memory resets: 1.
At time 45 the agent is dead.
The agent had: 9 food, -1 water, and 11 sleep.
The total tree search depth for this trial was 64723.
The agent accessed its memory 235529 times.
The agent cleared its short-term memory 7 times.
    State prediction error memory resets: 6.
    Hill memory resets: 1.
At time 20 the agent is dead.
The agent had: 1 food, -1 water, and 13 sleep.
The total tree search depth for this trial was 25564.
The agent accessed its memory 100280 times.
The agent cleared its short-term memory 9 times.
    State prediction error memory resets: 8.
    Hill memory resets: 1.
At time 20 the agent is dead.
The agent had: 1 food, -1 water, and 4 sleep.
The total tree search depth for this trial was 11184.
The agent accessed its memory 39764 times.
The agent cleared its short-term memory 9 times.
    State prediction error memory resets: 8.
    Hill memory resets: 1.
At time 56 the agent is dead.
The agent had: 1 food, 0 water, and -1 sleep.
The total tree search depth for this trial was 82054.
The agent accessed its memory 321552 times.
The agent cleared its short-term memory 12 times.
    State prediction error memory resets: 9.
    Hill memory resets: 3.
At time 20 the agent is dead.
The agent had: 1 food, -1 water, and 4 sleep.
The total tree search depth for this trial was 11012.
The agent accessed its memory 37559 times.
The agent cleared its short-term memory 5 times.
    State prediction error memory resets: 4.
    Hill memory resets: 1.
At time 63 the agent is dead.
The agent had: -1 food, 0 water, and 1 sleep.
The total tree search depth for this trial was 72302.
The agent accessed its memory 261155 times.
The agent cleared its short-term memory 12 times.
    State prediction error memory resets: 10.
    Hill memory resets: 2.
At time 20 the agent is dead.
The agent had: 1 food, -1 water, and 4 sleep.
The total tree search depth for this trial was 22748.
The agent accessed its memory 83447 times.
The agent cleared its short-term memory 7 times.
    State prediction error memory resets: 6.
    Hill memory resets: 1.
At time 43 the agent is dead.
The agent had: -1 food, -1 water, and 5 sleep.
The total tree search depth for this trial was 69213.
The agent accessed its memory 227342 times.
The agent cleared its short-term memory 9 times.
    State prediction error memory resets: 7.
    Hill memory resets: 2.
At time 42 the agent is dead.
The agent had: 0 food, 0 water, and -1 sleep.
The total tree search depth for this trial was 51698.
The agent accessed its memory 170606 times.
The agent cleared its short-term memory 5 times.
    State prediction error memory resets: 4.
    Hill memory resets: 1.
At time 20 the agent is dead.
The agent had: 10 food, -1 water, and 14 sleep.
The total tree search depth for this trial was 27638.
The agent accessed its memory 93074 times.
The agent cleared its short-term memory 4 times.
    State prediction error memory resets: 3.
    Hill memory resets: 1.
At time 34 the agent is dead.
The agent had: 6 food, 3 water, and -1 sleep.
The total tree search depth for this trial was 62965.
The agent accessed its memory 202454 times.
The agent cleared its short-term memory 7 times.
    State prediction error memory resets: 6.
    Hill memory resets: 1.
At time 20 the agent is dead.
The agent had: 1 food, -1 water, and 13 sleep.
The total tree search depth for this trial was 43732.
The agent accessed its memory 161398 times.
The agent cleared its short-term memory 10 times.
    State prediction error memory resets: 8.
    Hill memory resets: 2.
At time 50 the agent is dead.
The agent had: -1 food, 4 water, and 10 sleep.
The total tree search depth for this trial was 105107.
The agent accessed its memory 371048 times.
The agent cleared its short-term memory 14 times.
    State prediction error memory resets: 12.
    Hill memory resets: 2.
At time 22 the agent is dead.
The agent had: -1 food, 16 water, and 8 sleep.
The total tree search depth for this trial was 35569.
The agent accessed its memory 121128 times.
The agent cleared its short-term memory 4 times.
    State prediction error memory resets: 3.
    Hill memory resets: 1.
At time 46 the agent is dead.
The agent had: -1 food, 6 water, and 5 sleep.
The total tree search depth for this trial was 151184.
The agent accessed its memory 570047 times.
The agent cleared its short-term memory 22 times.
    State prediction error memory resets: 20.
    Hill memory resets: 2.
At time 25 the agent is dead.
The agent had: 16 food, 5 water, and -1 sleep.
The total tree search depth for this trial was 101735.
The agent accessed its memory 406430 times.
The agent cleared its short-term memory 14 times.
    State prediction error memory resets: 13.
    Hill memory resets: 1.
At time 61 the agent is dead.
The agent had: 14 food, 1 water, and -1 sleep.
The total tree search depth for this trial was 155907.
The agent accessed its memory 597988 times.
The agent cleared its short-term memory 18 times.
    State prediction error memory resets: 17.
    Hill memory resets: 1.
At time 55 the agent is dead.
The agent had: -1 food, -1 water, and 17 sleep.
The total tree search depth for this trial was 203024.
The agent accessed its memory 826188 times.
The agent cleared its short-term memory 20 times.
    State prediction error memory resets: 19.
    Hill memory resets: 1.
At time 22 the agent is dead.
The agent had: -1 food, 5 water, and 2 sleep.
The total tree search depth for this trial was 71779.
The agent accessed its memory 321696 times.
The agent cleared its short-term memory 12 times.
    State prediction error memory resets: 11.
    Hill memory resets: 1.
At time 34 the agent is dead.
The agent had: 11 food, -1 water, and 13 sleep.
The total tree search depth for this trial was 45593.
The agent accessed its memory 156454 times.
The agent cleared its short-term memory 5 times.
    State prediction error memory resets: 4.
    Hill memory resets: 1.
At time 22 the agent is dead.
The agent had: -1 food, 5 water, and 8 sleep.
The total tree search depth for this trial was 42067.
The agent accessed its memory 149317 times.
The agent cleared its short-term memory 4 times.
    State prediction error memory resets: 3.
    Hill memory resets: 1.
At time 20 the agent is dead.
The agent had: 1 food, -1 water, and 4 sleep.
The total tree search depth for this trial was 18367.
The agent accessed its memory 64684 times.
The agent cleared its short-term memory 4 times.
    State prediction error memory resets: 3.
    Hill memory resets: 1.
At time 28 the agent is dead.
The agent had: -1 food, 4 water, and 13 sleep.
The total tree search depth for this trial was 82820.
The agent accessed its memory 312430 times.
The agent cleared its short-term memory 10 times.
    State prediction error memory resets: 9.
    Hill memory resets: 1.
At time 22 the agent is dead.
The agent had: -1 food, 10 water, and 17 sleep.
The total tree search depth for this trial was 35165.
The agent accessed its memory 119640 times.
The agent cleared its short-term memory 6 times.
    State prediction error memory resets: 5.
    Hill memory resets: 1.
At time 20 the agent is dead.
The agent had: 1 food, -1 water, and 4 sleep.
The total tree search depth for this trial was 50762.
The agent accessed its memory 189997 times.
The agent cleared its short-term memory 7 times.
    State prediction error memory resets: 4.
    Hill memory resets: 3.
At time 40 the agent is dead.
The agent had: 5 food, -1 water, and 3 sleep.
The total tree search depth for this trial was 104318.
The agent accessed its memory 395007 times.
The agent cleared its short-term memory 13 times.
    State prediction error memory resets: 11.
    Hill memory resets: 2.
At time 20 the agent is dead.
The agent had: 1 food, -1 water, and 4 sleep.
The total tree search depth for this trial was 38536.
The agent accessed its memory 136928 times.
The agent cleared its short-term memory 7 times.
    State prediction error memory resets: 6.
    Hill memory resets: 1.
At time 22 the agent is dead.
The agent had: -1 food, 5 water, and 12 sleep.
The total tree search depth for this trial was 50273.
The agent accessed its memory 181897 times.
The agent cleared its short-term memory 5 times.
    State prediction error memory resets: 3.
    Hill memory resets: 2.
At time 41 the agent is dead.
The agent had: -1 food, -1 water, and -1 sleep.
The total tree search depth for this trial was 162017.
The agent accessed its memory 589692 times.
The agent cleared its short-term memory 12 times.
    State prediction error memory resets: 8.
    Hill memory resets: 4.
At time 22 the agent is dead.
The agent had: -1 food, 10 water, and 18 sleep.
The total tree search depth for this trial was 47980.
The agent accessed its memory 162593 times.
The agent cleared its short-term memory 4 times.
    State prediction error memory resets: 3.
    Hill memory resets: 1.
At time 80 the agent is dead.
The agent had: -1 food, 12 water, and 22 sleep.
The total tree search depth for this trial was 204295.
The agent accessed its memory 748969 times.
The agent cleared its short-term memory 13 times.
    State prediction error memory resets: 12.
    Hill memory resets: 1.
At time 32 the agent is dead.
The agent had: 3 food, -1 water, and 9 sleep.
The total tree search depth for this trial was 182297.
The agent accessed its memory 725442 times.
The agent cleared its short-term memory 12 times.
    State prediction error memory resets: 10.
    Hill memory resets: 2.
At time 20 the agent is dead.
The agent had: 1 food, -1 water, and 10 sleep.
The total tree search depth for this trial was 65221.
The agent accessed its memory 240203 times.
The agent cleared its short-term memory 5 times.
    State prediction error memory resets: 4.
    Hill memory resets: 1.
At time 64 the agent is dead.
The agent had: 2 food, -1 water, and 0 sleep.
The total tree search depth for this trial was 82942.
The agent accessed its memory 271995 times.
The agent cleared its short-term memory 12 times.
    State prediction error memory resets: 10.
    Hill memory resets: 2.
At time 57 the agent is dead.
The agent had: 12 food, 8 water, and -1 sleep.
The total tree search depth for this trial was 127268.
The agent accessed its memory 444907 times.
The agent cleared its short-term memory 14 times.
    State prediction error memory resets: 13.
    Hill memory resets: 1.
At time 64 the agent is dead.
The agent had: 2 food, -1 water, and 7 sleep.
The total tree search depth for this trial was 75667.
The agent accessed its memory 257074 times.
The agent cleared its short-term memory 10 times.
    State prediction error memory resets: 9.
    Hill memory resets: 1.
At time 38 the agent is dead.
The agent had: -1 food, 9 water, and 5 sleep.
The total tree search depth for this trial was 130673.
The agent accessed its memory 487060 times.
The agent cleared its short-term memory 13 times.
    State prediction error memory resets: 12.
    Hill memory resets: 1.
At time 60 the agent is dead.
The agent had: 0 food, 8 water, and -1 sleep.
The total tree search depth for this trial was 248429.
The agent accessed its memory 959769 times.
The agent cleared its short-term memory 16 times.
    State prediction error memory resets: 14.
    Hill memory resets: 2.
At time 31 the agent is dead.
The agent had: 18 food, 14 water, and -1 sleep.
The total tree search depth for this trial was 82561.
The agent accessed its memory 293871 times.
The agent cleared its short-term memory 7 times.
    State prediction error memory resets: 5.
    Hill memory resets: 2.
At time 20 the agent is dead.
The agent had: 8 food, -1 water, and 12 sleep.
The total tree search depth for this trial was 44580.
The agent accessed its memory 148210 times.
The agent cleared its short-term memory 7 times.
    State prediction error memory resets: 6.
    Hill memory resets: 1.
At time 31 the agent is dead.
The agent had: 2 food, -1 water, and 6 sleep.
The total tree search depth for this trial was 41534.
The agent accessed its memory 132350 times.
The agent cleared its short-term memory 7 times.
    State prediction error memory resets: 6.
    Hill memory resets: 1.
At time 68 the agent is dead.
The agent had: 10 food, 16 water, and -1 sleep.
The total tree search depth for this trial was 164233.
The agent accessed its memory 540307 times.
The agent cleared its short-term memory 12 times.
    State prediction error memory resets: 11.
    Hill memory resets: 1.
At time 22 the agent is dead.
The agent had: -1 food, 6 water, and 2 sleep.
The total tree search depth for this trial was 77140.
The agent accessed its memory 293780 times.
The agent cleared its short-term memory 8 times.
    State prediction error memory resets: 7.
    Hill memory resets: 1.
At time 85 the agent is dead.
The agent had: 7 food, 3 water, and -1 sleep.
The total tree search depth for this trial was 199096.
The agent accessed its memory 680971 times.
The agent cleared its short-term memory 12 times.
    State prediction error memory resets: 11.
    Hill memory resets: 1.
At time 45 the agent is dead.
The agent had: 7 food, -1 water, and 7 sleep.
The total tree search depth for this trial was 115740.
The agent accessed its memory 391912 times.
The agent cleared its short-term memory 9 times.
    State prediction error memory resets: 7.
    Hill memory resets: 2.
At time 25 the agent is dead.
The agent had: 9 food, 5 water, and -1 sleep.
The total tree search depth for this trial was 154653.
The agent accessed its memory 587826 times.
The agent cleared its short-term memory 9 times.
    State prediction error memory resets: 7.
    Hill memory resets: 2.
At time 20 the agent is dead.
The agent had: 10 food, -1 water, and 14 sleep.
The total tree search depth for this trial was 61718.
The agent accessed its memory 202752 times.
The agent cleared its short-term memory 4 times.
    State prediction error memory resets: 3.
    Hill memory resets: 1.
At time 52 the agent is dead.
The agent had: 18 food, -1 water, and 7 sleep.
The total tree search depth for this trial was 175141.
The agent accessed its memory 632785 times.
The agent cleared its short-term memory 13 times.
    State prediction error memory resets: 12.
    Hill memory resets: 1.
At time 39 the agent is dead.
The agent had: 16 food, 6 water, and -1 sleep.
The total tree search depth for this trial was 95670.
The agent accessed its memory 316153 times.
The agent cleared its short-term memory 4 times.
    State prediction error memory resets: 3.
    Hill memory resets: 1.
At time 55 the agent is dead.
The agent had: 8 food, -1 water, and 7 sleep.
The total tree search depth for this trial was 198503.
The agent accessed its memory 682854 times.
The agent cleared its short-term memory 18 times.
    State prediction error memory resets: 16.
    Hill memory resets: 2.
At time 60 the agent is dead.
The agent had: 11 food, 2 water, and -1 sleep.
The total tree search depth for this trial was 154662.
The agent accessed its memory 540103 times.
The agent cleared its short-term memory 12 times.
    State prediction error memory resets: 11.
    Hill memory resets: 1.
At time 38 the agent is dead.
The agent had: 3 food, -1 water, and 19 sleep.
The total tree search depth for this trial was 213008.
The agent accessed its memory 793431 times.
The agent cleared its short-term memory 9 times.
    State prediction error memory resets: 8.
    Hill memory resets: 1.
At time 37 the agent is dead.
The agent had: -1 food, 16 water, and 18 sleep.
The total tree search depth for this trial was 76139.
The agent accessed its memory 274757 times.
The agent cleared its short-term memory 8 times.
    State prediction error memory resets: 7.
    Hill memory resets: 1.
At time 35 the agent is dead.
The agent had: -1 food, -1 water, and 8 sleep.
The total tree search depth for this trial was 129012.
The agent accessed its memory 489693 times.
The agent cleared its short-term memory 10 times.
    State prediction error memory resets: 9.
    Hill memory resets: 1.
At time 25 the agent is dead.
The agent had: 7 food, 2 water, and -1 sleep.
The total tree search depth for this trial was 72665.
The agent accessed its memory 251044 times.
The agent cleared its short-term memory 5 times.
    State prediction error memory resets: 4.
    Hill memory resets: 1.
At time 79 the agent is dead.
The agent had: -1 food, 0 water, and 10 sleep.
The total tree search depth for this trial was 187306.
The agent accessed its memory 647844 times.
The agent cleared its short-term memory 12 times.
    State prediction error memory resets: 11.
    Hill memory resets: 1.
At time 45 the agent is dead.
The agent had: 9 food, 4 water, and -1 sleep.
The total tree search depth for this trial was 130844.
The agent accessed its memory 453910 times.
The agent cleared its short-term memory 9 times.
    State prediction error memory resets: 8.
    Hill memory resets: 1.
At time 66 the agent is dead.
The agent had: 5 food, -1 water, and 12 sleep.
The total tree search depth for this trial was 204552.
The agent accessed its memory 703133 times.
The agent cleared its short-term memory 13 times.
    State prediction error memory resets: 12.
    Hill memory resets: 1.
At time 49 the agent is dead.
The agent had: -1 food, 4 water, and 14 sleep.
The total tree search depth for this trial was 125118.
The agent accessed its memory 434282 times.
The agent cleared its short-term memory 7 times.
    State prediction error memory resets: 5.
    Hill memory resets: 2.
At time 25 the agent is dead.
The agent had: 15 food, 9 water, and -1 sleep.
The total tree search depth for this trial was 52901.
The agent accessed its memory 182405 times.
The agent cleared its short-term memory 8 times.
    State prediction error memory resets: 6.
    Hill memory resets: 2.
At time 30 the agent is dead.
The agent had: -1 food, 11 water, and 12 sleep.
The total tree search depth for this trial was 71266.
The agent accessed its memory 233073 times.
The agent cleared its short-term memory 7 times.
    State prediction error memory resets: 6.
    Hill memory resets: 1.
At time 22 the agent is dead.
The agent had: -1 food, 6 water, and 17 sleep.
The total tree search depth for this trial was 24581.
The agent accessed its memory 79082 times.
The agent cleared its short-term memory 3 times.
    State prediction error memory resets: 2.
    Hill memory resets: 1.
At time 86 the agent is dead.
The agent had: 4 food, 4 water, and -1 sleep.
The total tree search depth for this trial was 332262.
The agent accessed its memory 1130474 times.
The agent cleared its short-term memory 21 times.
    State prediction error memory resets: 19.
    Hill memory resets: 2.
At time 71 the agent is dead.
The agent had: 3 food, -1 water, and 9 sleep.
The total tree search depth for this trial was 85557.
The agent accessed its memory 275928 times.
The agent cleared its short-term memory 14 times.
    State prediction error memory resets: 12.
    Hill memory resets: 2.
At time 22 the agent is dead.
The agent had: -1 food, 4 water, and 2 sleep.
The total tree search depth for this trial was 60514.
The agent accessed its memory 223324 times.
The agent cleared its short-term memory 8 times.
    State prediction error memory resets: 7.
    Hill memory resets: 1.
At time 51 the agent is dead.
The agent had: 6 food, -1 water, and 17 sleep.
The total tree search depth for this trial was 195531.
The agent accessed its memory 690335 times.
The agent cleared its short-term memory 15 times.
    State prediction error memory resets: 13.
    Hill memory resets: 2.
At time 29 the agent is dead.
The agent had: 6 food, -1 water, and 15 sleep.
The total tree search depth for this trial was 58984.
The agent accessed its memory 188742 times.
The agent cleared its short-term memory 6 times.
    State prediction error memory resets: 5.
    Hill memory resets: 1.
At time 20 the agent is dead.
The agent had: 1 food, -1 water, and 4 sleep.
The total tree search depth for this trial was 28835.
The agent accessed its memory 93375 times.
The agent cleared its short-term memory 4 times.
    State prediction error memory resets: 3.
    Hill memory resets: 1.
At time 38 the agent is dead.
The agent had: -1 food, 1 water, and 18 sleep.
The total tree search depth for this trial was 78262.
The agent accessed its memory 265835 times.
The agent cleared its short-term memory 8 times.
    State prediction error memory resets: 6.
    Hill memory resets: 2.
At time 63 the agent is dead.
The agent had: -1 food, 1 water, and 13 sleep.
The total tree search depth for this trial was 128700.
The agent accessed its memory 438846 times.
The agent cleared its short-term memory 9 times.
    State prediction error memory resets: 8.
    Hill memory resets: 1.
At time 56 the agent is dead.
The agent had: 12 food, -1 water, and 12 sleep.
The total tree search depth for this trial was 111664.
The agent accessed its memory 351410 times.
The agent cleared its short-term memory 11 times.
    State prediction error memory resets: 9.
    Hill memory resets: 2.
At time 75 the agent is dead.
The agent had: 5 food, -1 water, and 2 sleep.
The total tree search depth for this trial was 166015.
The agent accessed its memory 552751 times.
The agent cleared its short-term memory 11 times.
    State prediction error memory resets: 10.
    Hill memory resets: 1.
At time 64 the agent is dead.
The agent had: 11 food, 6 water, and -1 sleep.
The total tree search depth for this trial was 170420.
The agent accessed its memory 558056 times.
The agent cleared its short-term memory 14 times.
    State prediction error memory resets: 11.
    Hill memory resets: 3.
At time 41 the agent is dead.
The agent had: 7 food, -1 water, and 9 sleep.
The total tree search depth for this trial was 101486.
The agent accessed its memory 333647 times.
The agent cleared its short-term memory 8 times.
    State prediction error memory resets: 7.
    Hill memory resets: 1.
At time 47 the agent is dead.
The agent had: -1 food, -1 water, and 22 sleep.
The total tree search depth for this trial was 178687.
The agent accessed its memory 569651 times.
The agent cleared its short-term memory 8 times.
    State prediction error memory resets: 7.
    Hill memory resets: 1.
At time 78 the agent is dead.
The agent had: -1 food, 4 water, and 19 sleep.
The total tree search depth for this trial was 257254.
The agent accessed its memory 801113 times.
The agent cleared its short-term memory 11 times.
    State prediction error memory resets: 10.
    Hill memory resets: 1.
At time 55 the agent is dead.
The agent had: -1 food, -1 water, and 11 sleep.
The total tree search depth for this trial was 96005.
The agent accessed its memory 305615 times.
The agent cleared its short-term memory 5 times.
    State prediction error memory resets: 4.
    Hill memory resets: 1.
At time 22 the agent is dead.
The agent had: -1 food, 6 water, and 8 sleep.
The total tree search depth for this trial was 52665.
The agent accessed its memory 169891 times.
The agent cleared its short-term memory 4 times.
    State prediction error memory resets: 3.
    Hill memory resets: 1.
At time 40 the agent is dead.
The agent had: 16 food, -1 water, and 16 sleep.
The total tree search depth for this trial was 109836.
The agent accessed its memory 329102 times.
The agent cleared its short-term memory 9 times.
    State prediction error memory resets: 7.
    Hill memory resets: 2.
At time 52 the agent is dead.
The agent had: -1 food, 3 water, and 22 sleep.
The total tree search depth for this trial was 105708.
The agent accessed its memory 331976 times.
The agent cleared its short-term memory 8 times.
    State prediction error memory resets: 6.
    Hill memory resets: 2.
At time 64 the agent is dead.
The agent had: 13 food, -1 water, and 13 sleep.
The total tree search depth for this trial was 163457.
The agent accessed its memory 503214 times.
The agent cleared its short-term memory 9 times.
    State prediction error memory resets: 8.
    Hill memory resets: 1.
At time 84 the agent is dead.
The agent had: -1 food, -1 water, and 9 sleep.
The total tree search depth for this trial was 188097.
The agent accessed its memory 601630 times.
The agent cleared its short-term memory 10 times.
    State prediction error memory resets: 8.
    Hill memory resets: 2.
At time 72 the agent is dead.
The agent had: -1 food, 8 water, and 9 sleep.
The total tree search depth for this trial was 152985.
The agent accessed its memory 501521 times.
The agent cleared its short-term memory 7 times.
    State prediction error memory resets: 6.
    Hill memory resets: 1.
At time 63 the agent is dead.
The agent had: -1 food, 9 water, and 12 sleep.
The total tree search depth for this trial was 107384.
The agent accessed its memory 345656 times.
The agent cleared its short-term memory 6 times.
    State prediction error memory resets: 5.
    Hill memory resets: 1.
At time 49 the agent is dead.
The agent had: -1 food, -1 water, and 12 sleep.
The total tree search depth for this trial was 176740.
The agent accessed its memory 586599 times.
The agent cleared its short-term memory 14 times.
    State prediction error memory resets: 12.
    Hill memory resets: 2.
At time 57 the agent is dead.
The agent had: 13 food, -1 water, and 13 sleep.
The total tree search depth for this trial was 86732.
The agent accessed its memory 280009 times.
The agent cleared its short-term memory 6 times.
    State prediction error memory resets: 5.
    Hill memory resets: 1.
At time 78 the agent is dead.
The agent had: -1 food, -1 water, and 10 sleep.
The total tree search depth for this trial was 201265.
The agent accessed its memory 647636 times.
The agent cleared its short-term memory 10 times.
    State prediction error memory resets: 8.
    Hill memory resets: 2.
At time 38 the agent is dead.
The agent had: 10 food, -1 water, and 18 sleep.
The total tree search depth for this trial was 69530.
The agent accessed its memory 224194 times.
The agent cleared its short-term memory 6 times.
    State prediction error memory resets: 4.
    Hill memory resets: 2.
