Running main with ALGORITHM=SL, SEED=10, HORIZON=4, K_FACTOR=0.7, ROOT_FOLDER=/home/grmstj001, MCT=3, NUM_MCT=100, AUTO_REST=, GRID_SIZE=5, START_POS=9, HILL=13, FOOD=(20 19 24 15), WATER=(12 10 17 22), SLEEP=(14 23 2 25)

                            < M A T L A B (R) >
                  Copyright 1984-2022 The MathWorks, Inc.
             R2022b Update 9 (9.13.0.2553342) 64-bit (glnxa64)
                               March 13, 2024

 
To get started, type doc.
For product information, visit www.mathworks.com.
 
Starting SL.

----------------------------------------
TRIAL 1 STARTED
----------------------------------------
Start Time: 2024-05-22 10:20:18
At time step 63 the agent is dead
The agent had 19 food, 0 water, and 23 sleep.
The total tree search depth for this trial was 59904. 
The agent accessed its memory 1032326 times. 
The agent cleared its short-term memory 15 times. 
     State prediction error memory resets: 4. 
     Hill memory resets: 11. 
TRIAL 1 COMPLETE ?
End Time: 2024-05-22 10:22:03
Total runtime for this trial (minutes/seconds): 01:45
----------------------------------------
Total hill visits: 11. 
Total prediction errors: 4. 
Total search depth: 59904. 
Total times memory accessed: 1032326. 
Total times 25 >= t <= 50: 0. 
Total times 50 >= t <= 75: 1. 
Total times 75 >= t <= 100: 0. 
Total times t == 100: 0. 
Total time steps survived: 64. 
Total runtime so far (hours/minutes/seconds): 00:01:45
----------------------------------------

----------------------------------------
TRIAL 2 STARTED
----------------------------------------
Start Time: 2024-05-22 10:22:02
At time step 99 the agent is dead
The agent had 21 food, 15 water, and 25 sleep.
The total tree search depth for this trial was 172571. 
The agent accessed its memory 2982625 times. 
The agent cleared its short-term memory 21 times. 
     State prediction error memory resets: 8. 
     Hill memory resets: 13. 
TRIAL 2 COMPLETE ?
End Time: 2024-05-22 10:26:47
Total runtime for this trial (minutes/seconds): 04:45
----------------------------------------
Total hill visits: 24. 
Total prediction errors: 12. 
Total search depth: 232475. 
Total times memory accessed: 4014951. 
Total times 25 >= t <= 50: 0. 
Total times 50 >= t <= 75: 1. 
Total times 75 >= t <= 100: 0. 
Total times t == 100: 1. 
Total time steps survived: 164. 
Total runtime so far (hours/minutes/seconds): 00:06:29
----------------------------------------

----------------------------------------
TRIAL 3 STARTED
----------------------------------------
Start Time: 2024-05-22 10:26:46
At time step 23 the agent is dead
The agent had 0 food, 18 water, and 20 sleep.
The total tree search depth for this trial was 132028. 
The agent accessed its memory 2198682 times. 
The agent cleared its short-term memory 13 times. 
     State prediction error memory resets: 0. 
     Hill memory resets: 13. 
TRIAL 3 COMPLETE ?
End Time: 2024-05-22 10:31:12
Total runtime for this trial (minutes/seconds): 04:26
----------------------------------------
Total hill visits: 37. 
Total prediction errors: 12. 
Total search depth: 364503. 
Total times memory accessed: 6213633. 
Total times 25 >= t <= 50: 0. 
Total times 50 >= t <= 75: 1. 
Total times 75 >= t <= 100: 0. 
Total times t == 100: 1. 
Total time steps survived: 188. 
Total runtime so far (hours/minutes/seconds): 00:10:54
----------------------------------------

----------------------------------------
TRIAL 4 STARTED
----------------------------------------
Start Time: 2024-05-22 10:31:11
At time step 44 the agent is dead
The agent had 0 food, 19 water, and 17 sleep.
The total tree search depth for this trial was 299740. 
The agent accessed its memory 5047074 times. 
The agent cleared its short-term memory 30 times. 
     State prediction error memory resets: 5. 
     Hill memory resets: 25. 
TRIAL 4 COMPLETE ?
End Time: 2024-05-22 10:40:42
Total runtime for this trial (minutes/seconds): 09:31
----------------------------------------
Total hill visits: 62. 
Total prediction errors: 17. 
Total search depth: 664243. 
Total times memory accessed: 11260707. 
Total times 25 >= t <= 50: 1. 
Total times 50 >= t <= 75: 1. 
Total times 75 >= t <= 100: 0. 
Total times t == 100: 1. 
Total time steps survived: 233. 
Total runtime so far (hours/minutes/seconds): 00:20:24
----------------------------------------

----------------------------------------
TRIAL 5 STARTED
----------------------------------------
Start Time: 2024-05-22 10:40:41
At time step 23 the agent is dead
The agent had 0 food, 20 water, and 23 sleep.
The total tree search depth for this trial was 151409. 
The agent accessed its memory 2531428 times. 
The agent cleared its short-term memory 14 times. 
     State prediction error memory resets: 0. 
     Hill memory resets: 14. 
TRIAL 5 COMPLETE ?
End Time: 2024-05-22 10:45:41
Total runtime for this trial (minutes/seconds): 05:00
----------------------------------------
Total hill visits: 76. 
Total prediction errors: 17. 
Total search depth: 815652. 
Total times memory accessed: 13792135. 
Total times 25 >= t <= 50: 1. 
Total times 50 >= t <= 75: 1. 
Total times 75 >= t <= 100: 0. 
Total times t == 100: 1. 
Total time steps survived: 257. 
Total runtime so far (hours/minutes/seconds): 00:25:23
----------------------------------------

----------------------------------------
TRIAL 6 STARTED
----------------------------------------
Start Time: 2024-05-22 10:45:40
At time step 99 the agent is dead
The agent had 22 food, 9 water, and 24 sleep.
The total tree search depth for this trial was 903903. 
The agent accessed its memory 14752177 times. 
The agent cleared its short-term memory 78 times. 
     State prediction error memory resets: 7. 
     Hill memory resets: 71. 
TRIAL 6 COMPLETE ?
End Time: 2024-05-22 11:18:52
Total runtime for this trial (minutes/seconds): 33:12
----------------------------------------
Total hill visits: 147. 
Total prediction errors: 24. 
Total search depth: 1719555. 
Total times memory accessed: 28544312. 
Total times 25 >= t <= 50: 1. 
Total times 50 >= t <= 75: 1. 
Total times 75 >= t <= 100: 0. 
Total times t == 100: 2. 
Total time steps survived: 357. 
Total runtime so far (hours/minutes/seconds): 00:58:34
----------------------------------------

----------------------------------------
TRIAL 7 STARTED
----------------------------------------
Start Time: 2024-05-22 11:18:51
At time step 99 the agent is dead
The agent had 13 food, 20 water, and 17 sleep.
The total tree search depth for this trial was 852797. 
The agent accessed its memory 13724257 times. 
The agent cleared its short-term memory 75 times. 
     State prediction error memory resets: 6. 
     Hill memory resets: 69. 
TRIAL 7 COMPLETE ?
End Time: 2024-05-22 11:52:01
Total runtime for this trial (minutes/seconds): 33:10
----------------------------------------
Total hill visits: 216. 
Total prediction errors: 30. 
Total search depth: 2572352. 
Total times memory accessed: 42268569. 
Total times 25 >= t <= 50: 1. 
Total times 50 >= t <= 75: 1. 
Total times 75 >= t <= 100: 0. 
Total times t == 100: 3. 
Total time steps survived: 457. 
Total runtime so far (hours/minutes/seconds): 01:31:43
----------------------------------------

----------------------------------------
TRIAL 8 STARTED
----------------------------------------
Start Time: 2024-05-22 11:52:00
At time step 23 the agent is dead
The agent had 0 food, 17 water, and 19 sleep.
The total tree search depth for this trial was 243662. 
The agent accessed its memory 3914513 times. 
The agent cleared its short-term memory 16 times. 
     State prediction error memory resets: 1. 
     Hill memory resets: 15. 
TRIAL 8 COMPLETE ?
End Time: 2024-05-22 12:01:33
Total runtime for this trial (minutes/seconds): 09:33
----------------------------------------
Total hill visits: 231. 
Total prediction errors: 31. 
Total search depth: 2816014. 
Total times memory accessed: 46183082. 
Total times 25 >= t <= 50: 1. 
Total times 50 >= t <= 75: 1. 
Total times 75 >= t <= 100: 0. 
Total times t == 100: 3. 
Total time steps survived: 481. 
Total runtime so far (hours/minutes/seconds): 01:41:15
----------------------------------------

----------------------------------------
TRIAL 9 STARTED
----------------------------------------
Start Time: 2024-05-22 12:01:32
At time step 99 the agent is dead
The agent had 7 food, 12 water, and 11 sleep.
The total tree search depth for this trial was 1033437. 
The agent accessed its memory 16867740 times. 
The agent cleared its short-term memory 78 times. 
     State prediction error memory resets: 2. 
     Hill memory resets: 76. 
TRIAL 9 COMPLETE ?
End Time: 2024-05-22 12:39:30
Total runtime for this trial (minutes/seconds): 37:58
----------------------------------------
Total hill visits: 307. 
Total prediction errors: 33. 
Total search depth: 3849451. 
Total times memory accessed: 63050822. 
Total times 25 >= t <= 50: 1. 
Total times 50 >= t <= 75: 1. 
Total times 75 >= t <= 100: 0. 
Total times t == 100: 4. 
Total time steps survived: 581. 
Total runtime so far (hours/minutes/seconds): 02:19:12
----------------------------------------

----------------------------------------
TRIAL 10 STARTED
----------------------------------------
Start Time: 2024-05-22 12:39:29
At time step 65 the agent is dead
The agent had 0 food, 19 water, and 18 sleep.
The total tree search depth for this trial was 609501. 
The agent accessed its memory 9969343 times. 
The agent cleared its short-term memory 49 times. 
     State prediction error memory resets: 1. 
     Hill memory resets: 48. 
TRIAL 10 COMPLETE ?
End Time: 2024-05-22 13:01:39
Total runtime for this trial (minutes/seconds): 22:10
----------------------------------------
Total hill visits: 355. 
Total prediction errors: 34. 
Total search depth: 4458952. 
Total times memory accessed: 73020165. 
Total times 25 >= t <= 50: 1. 
Total times 50 >= t <= 75: 2. 
Total times 75 >= t <= 100: 0. 
Total times t == 100: 4. 
Total time steps survived: 647. 
Total runtime so far (hours/minutes/seconds): 02:41:21
----------------------------------------

----------------------------------------
TRIAL 11 STARTED
----------------------------------------
Start Time: 2024-05-22 13:01:38
At time step 23 the agent is dead
The agent had 0 food, 20 water, and 14 sleep.
The total tree search depth for this trial was 199282. 
The agent accessed its memory 3244326 times. 
The agent cleared its short-term memory 18 times. 
     State prediction error memory resets: 1. 
     Hill memory resets: 17. 
TRIAL 11 COMPLETE ?
End Time: 2024-05-22 13:09:02
Total runtime for this trial (minutes/seconds): 07:24
----------------------------------------
Total hill visits: 372. 
Total prediction errors: 35. 
Total search depth: 4658234. 
Total times memory accessed: 76264491. 
Total times 25 >= t <= 50: 1. 
Total times 50 >= t <= 75: 2. 
Total times 75 >= t <= 100: 0. 
Total times t == 100: 4. 
Total time steps survived: 671. 
Total runtime so far (hours/minutes/seconds): 02:48:44
----------------------------------------

----------------------------------------
TRIAL 12 STARTED
----------------------------------------
Start Time: 2024-05-22 13:09:01
At time step 23 the agent is dead
The agent had 0 food, 19 water, and 15 sleep.
The total tree search depth for this trial was 204590. 
The agent accessed its memory 3335434 times. 
The agent cleared its short-term memory 16 times. 
     State prediction error memory resets: 0. 
     Hill memory resets: 16. 
TRIAL 12 COMPLETE ?
End Time: 2024-05-22 13:16:35
Total runtime for this trial (minutes/seconds): 07:34
----------------------------------------
Total hill visits: 388. 
Total prediction errors: 35. 
Total search depth: 4862824. 
Total times memory accessed: 79599925. 
Total times 25 >= t <= 50: 1. 
Total times 50 >= t <= 75: 2. 
Total times 75 >= t <= 100: 0. 
Total times t == 100: 4. 
Total time steps survived: 695. 
Total runtime so far (hours/minutes/seconds): 02:56:17
----------------------------------------

----------------------------------------
TRIAL 13 STARTED
----------------------------------------
Start Time: 2024-05-22 13:16:34
At time step 99 the agent is dead
The agent had 12 food, 16 water, and 16 sleep.
The total tree search depth for this trial was 914106. 
The agent accessed its memory 15196386 times. 
The agent cleared its short-term memory 76 times. 
     State prediction error memory resets: 3. 
     Hill memory resets: 73. 
TRIAL 13 COMPLETE ?
End Time: 2024-05-22 13:47:28
Total runtime for this trial (minutes/seconds): 30:54
----------------------------------------
Total hill visits: 461. 
Total prediction errors: 38. 
Total search depth: 5776930. 
Total times memory accessed: 94796311. 
Total times 25 >= t <= 50: 1. 
Total times 50 >= t <= 75: 2. 
Total times 75 >= t <= 100: 0. 
Total times t == 100: 5. 
Total time steps survived: 795. 
Total runtime so far (hours/minutes/seconds): 03:27:10
----------------------------------------

----------------------------------------
TRIAL 14 STARTED
----------------------------------------
Start Time: 2024-05-22 13:47:27
At time step 65 the agent is dead
The agent had 0 food, 6 water, and 4 sleep.
The total tree search depth for this trial was 645841. 
The agent accessed its memory 10690268 times. 
The agent cleared its short-term memory 55 times. 
     State prediction error memory resets: 4. 
     Hill memory resets: 51. 
TRIAL 14 COMPLETE ?
End Time: 2024-05-22 14:09:43
Total runtime for this trial (minutes/seconds): 22:16
----------------------------------------
Total hill visits: 512. 
Total prediction errors: 42. 
Total search depth: 6422771. 
Total times memory accessed: 105486579. 
Total times 25 >= t <= 50: 1. 
Total times 50 >= t <= 75: 3. 
Total times 75 >= t <= 100: 0. 
Total times t == 100: 5. 
Total time steps survived: 861. 
Total runtime so far (hours/minutes/seconds): 03:49:25
----------------------------------------

----------------------------------------
TRIAL 15 STARTED
----------------------------------------
Start Time: 2024-05-22 14:09:42
At time step 45 the agent is dead
The agent had 0 food, 6 water, and 4 sleep.
The total tree search depth for this trial was 490790. 
The agent accessed its memory 8179294 times. 
The agent cleared its short-term memory 40 times. 
     State prediction error memory resets: 3. 
     Hill memory resets: 37. 
TRIAL 15 COMPLETE ?
End Time: 2024-05-22 14:26:05
Total runtime for this trial (minutes/seconds): 16:23
----------------------------------------
Total hill visits: 549. 
Total prediction errors: 45. 
Total search depth: 6913561. 
Total times memory accessed: 113665873. 
Total times 25 >= t <= 50: 2. 
Total times 50 >= t <= 75: 3. 
Total times 75 >= t <= 100: 0. 
Total times t == 100: 5. 
Total time steps survived: 907. 
Total runtime so far (hours/minutes/seconds): 04:05:47
----------------------------------------

----------------------------------------
TRIAL 16 STARTED
----------------------------------------
Start Time: 2024-05-22 14:26:04
At time step 44 the agent is dead
The agent had 0 food, 20 water, and 17 sleep.
The total tree search depth for this trial was 416425. 
The agent accessed its memory 6963193 times. 
The agent cleared its short-term memory 36 times. 
     State prediction error memory resets: 4. 
     Hill memory resets: 32. 
TRIAL 16 COMPLETE ?
End Time: 2024-05-22 14:39:45
Total runtime for this trial (minutes/seconds): 13:41
----------------------------------------
Total hill visits: 581. 
Total prediction errors: 49. 
Total search depth: 7329986. 
Total times memory accessed: 120629066. 
Total times 25 >= t <= 50: 3. 
Total times 50 >= t <= 75: 3. 
Total times 75 >= t <= 100: 0. 
Total times t == 100: 5. 
Total time steps survived: 952. 
Total runtime so far (hours/minutes/seconds): 04:19:27
----------------------------------------

----------------------------------------
TRIAL 17 STARTED
----------------------------------------
Start Time: 2024-05-22 14:39:44
At time step 99 the agent is dead
The agent had 10 food, 19 water, and 14 sleep.
The total tree search depth for this trial was 1175878. 
The agent accessed its memory 19521340 times. 
The agent cleared its short-term memory 78 times. 
     State prediction error memory resets: 2. 
     Hill memory resets: 76. 
TRIAL 17 COMPLETE ?
End Time: 2024-05-22 15:19:42
Total runtime for this trial (minutes/seconds): 39:58
----------------------------------------
Total hill visits: 657. 
Total prediction errors: 51. 
Total search depth: 8505864. 
Total times memory accessed: 140150406. 
Total times 25 >= t <= 50: 3. 
Total times 50 >= t <= 75: 3. 
Total times 75 >= t <= 100: 0. 
Total times t == 100: 6. 
Total time steps survived: 1052. 
Total runtime so far (hours/minutes/seconds): 04:59:24
----------------------------------------

----------------------------------------
TRIAL 18 STARTED
----------------------------------------
Start Time: 2024-05-22 15:19:41
At time step 99 the agent is dead
The agent had 8 food, 17 water, and 12 sleep.
The total tree search depth for this trial was 1037235. 
The agent accessed its memory 17202908 times. 
The agent cleared its short-term memory 84 times. 
     State prediction error memory resets: 7. 
     Hill memory resets: 77. 
TRIAL 18 COMPLETE ?
End Time: 2024-05-22 15:55:05
Total runtime for this trial (minutes/seconds): 35:24
----------------------------------------
Total hill visits: 734. 
Total prediction errors: 58. 
Total search depth: 9543099. 
Total times memory accessed: 157353314. 
Total times 25 >= t <= 50: 3. 
Total times 50 >= t <= 75: 3. 
Total times 75 >= t <= 100: 0. 
Total times t == 100: 7. 
Total time steps survived: 1152. 
Total runtime so far (hours/minutes/seconds): 05:34:47
----------------------------------------

----------------------------------------
TRIAL 19 STARTED
----------------------------------------
Start Time: 2024-05-22 15:55:04
At time step 23 the agent is dead
The agent had 0 food, 17 water, and 4 sleep.
The total tree search depth for this trial was 311861. 
The agent accessed its memory 5179377 times. 
The agent cleared its short-term memory 19 times. 
     State prediction error memory resets: 2. 
     Hill memory resets: 17. 
TRIAL 19 COMPLETE ?
End Time: 2024-05-22 16:05:39
Total runtime for this trial (minutes/seconds): 10:35
----------------------------------------
Total hill visits: 751. 
Total prediction errors: 60. 
Total search depth: 9854960. 
Total times memory accessed: 162532691. 
Total times 25 >= t <= 50: 3. 
Total times 50 >= t <= 75: 3. 
Total times 75 >= t <= 100: 0. 
Total times t == 100: 7. 
Total time steps survived: 1176. 
Total runtime so far (hours/minutes/seconds): 05:45:21
----------------------------------------

----------------------------------------
TRIAL 20 STARTED
----------------------------------------
Start Time: 2024-05-22 16:05:38
At time step 44 the agent is dead
The agent had 0 food, 18 water, and 14 sleep.
The total tree search depth for this trial was 558681. 
The agent accessed its memory 9352564 times. 
The agent cleared its short-term memory 33 times. 
     State prediction error memory resets: 2. 
     Hill memory resets: 31. 
TRIAL 20 COMPLETE ?
End Time: 2024-05-22 16:23:52
Total runtime for this trial (minutes/seconds): 18:14
----------------------------------------
Total hill visits: 782. 
Total prediction errors: 62. 
Total search depth: 10413641. 
Total times memory accessed: 171885255. 
Total times 25 >= t <= 50: 4. 
Total times 50 >= t <= 75: 3. 
Total times 75 >= t <= 100: 0. 
Total times t == 100: 7. 
Total time steps survived: 1221. 
Total runtime so far (hours/minutes/seconds): 06:03:34
----------------------------------------

----------------------------------------
TRIAL 21 STARTED
----------------------------------------
Start Time: 2024-05-22 16:23:51
At time step 99 the agent is dead
The agent had 8 food, 18 water, and 19 sleep.
The total tree search depth for this trial was 1184101. 
The agent accessed its memory 19720921 times. 
The agent cleared its short-term memory 79 times. 
     State prediction error memory resets: 3. 
     Hill memory resets: 76. 
TRIAL 21 COMPLETE ?
End Time: 2024-05-22 17:03:27
Total runtime for this trial (minutes/seconds): 39:36
----------------------------------------
Total hill visits: 858. 
Total prediction errors: 65. 
Total search depth: 11597742. 
Total times memory accessed: 191606176. 
Total times 25 >= t <= 50: 4. 
Total times 50 >= t <= 75: 3. 
Total times 75 >= t <= 100: 0. 
Total times t == 100: 8. 
Total time steps survived: 1321. 
Total runtime so far (hours/minutes/seconds): 06:43:09
----------------------------------------

----------------------------------------
TRIAL 22 STARTED
----------------------------------------
Start Time: 2024-05-22 17:03:26
At time step 65 the agent is dead
The agent had 0 food, 18 water, and 15 sleep.
The total tree search depth for this trial was 857234. 
The agent accessed its memory 14321655 times. 
The agent cleared its short-term memory 52 times. 
     State prediction error memory resets: 3. 
     Hill memory resets: 49. 
TRIAL 22 COMPLETE ?
End Time: 2024-05-22 17:31:19
Total runtime for this trial (minutes/seconds): 27:53
----------------------------------------
Total hill visits: 907. 
Total prediction errors: 68. 
Total search depth: 12454976. 
Total times memory accessed: 205927831. 
Total times 25 >= t <= 50: 4. 
Total times 50 >= t <= 75: 4. 
Total times 75 >= t <= 100: 0. 
Total times t == 100: 8. 
Total time steps survived: 1387. 
Total runtime so far (hours/minutes/seconds): 07:11:01
----------------------------------------

----------------------------------------
TRIAL 23 STARTED
----------------------------------------
Start Time: 2024-05-22 17:31:18
At time step 99 the agent is dead
The agent had 8 food, 15 water, and 12 sleep.
The total tree search depth for this trial was 1290369. 
The agent accessed its memory 21617214 times. 
The agent cleared its short-term memory 79 times. 
     State prediction error memory resets: 3. 
     Hill memory resets: 76. 
TRIAL 23 COMPLETE ?
End Time: 2024-05-22 18:12:22
Total runtime for this trial (minutes/seconds): 41:04
----------------------------------------
Total hill visits: 983. 
Total prediction errors: 71. 
Total search depth: 13745345. 
Total times memory accessed: 227545045. 
Total times 25 >= t <= 50: 4. 
Total times 50 >= t <= 75: 4. 
Total times 75 >= t <= 100: 0. 
Total times t == 100: 9. 
Total time steps survived: 1487. 
Total runtime so far (hours/minutes/seconds): 07:52:04
----------------------------------------

----------------------------------------
TRIAL 24 STARTED
----------------------------------------
Start Time: 2024-05-22 18:12:21
At time step 99 the agent is dead
The agent had 7 food, 17 water, and 11 sleep.
The total tree search depth for this trial was 1235677. 
The agent accessed its memory 20670835 times. 
The agent cleared its short-term memory 81 times. 
     State prediction error memory resets: 5. 
     Hill memory resets: 76. 
TRIAL 24 COMPLETE ?
End Time: 2024-05-22 18:51:56
Total runtime for this trial (minutes/seconds): 39:35
----------------------------------------
Total hill visits: 1059. 
Total prediction errors: 76. 
Total search depth: 14981022. 
Total times memory accessed: 248215880. 
Total times 25 >= t <= 50: 4. 
Total times 50 >= t <= 75: 4. 
Total times 75 >= t <= 100: 0. 
Total times t == 100: 10. 
Total time steps survived: 1587. 
Total runtime so far (hours/minutes/seconds): 08:31:38
----------------------------------------

----------------------------------------
TRIAL 25 STARTED
----------------------------------------
Start Time: 2024-05-22 18:51:55
At time step 64 the agent is dead
The agent had 0 food, 19 water, and 21 sleep.
The total tree search depth for this trial was 1020717. 
The agent accessed its memory 17008604 times. 
The agent cleared its short-term memory 49 times. 
     State prediction error memory resets: 1. 
     Hill memory resets: 48. 
TRIAL 25 COMPLETE ?
End Time: 2024-05-22 19:25:17
Total runtime for this trial (minutes/seconds): 33:22
----------------------------------------
Total hill visits: 1107. 
Total prediction errors: 77. 
Total search depth: 16001739. 
Total times memory accessed: 265224484. 
Total times 25 >= t <= 50: 4. 
Total times 50 >= t <= 75: 5. 
Total times 75 >= t <= 100: 0. 
Total times t == 100: 10. 
Total time steps survived: 1652. 
Total runtime so far (hours/minutes/seconds): 09:04:59
----------------------------------------

----------------------------------------
TRIAL 26 STARTED
----------------------------------------
Start Time: 2024-05-22 19:25:16
At time step 99 the agent is dead
The agent had 12 food, 15 water, and 24 sleep.
The total tree search depth for this trial was 1554216. 
The agent accessed its memory 25931793 times. 
The agent cleared its short-term memory 76 times. 
     State prediction error memory resets: 3. 
     Hill memory resets: 73. 
TRIAL 26 COMPLETE ?
End Time: 2024-05-22 20:15:46
Total runtime for this trial (minutes/seconds): 50:30
----------------------------------------
Total hill visits: 1180. 
Total prediction errors: 80. 
Total search depth: 17555955. 
Total times memory accessed: 291156277. 
Total times 25 >= t <= 50: 4. 
Total times 50 >= t <= 75: 5. 
Total times 75 >= t <= 100: 0. 
Total times t == 100: 11. 
Total time steps survived: 1752. 
Total runtime so far (hours/minutes/seconds): 09:55:28
----------------------------------------

----------------------------------------
TRIAL 27 STARTED
----------------------------------------
Start Time: 2024-05-22 20:15:45
At time step 99 the agent is dead
The agent had 10 food, 20 water, and 14 sleep.
The total tree search depth for this trial was 1545596. 
The agent accessed its memory 25833011 times. 
The agent cleared its short-term memory 76 times. 
     State prediction error memory resets: 3. 
     Hill memory resets: 73. 
TRIAL 27 COMPLETE ?
End Time: 2024-05-22 21:05:31
Total runtime for this trial (minutes/seconds): 49:46
----------------------------------------
Total hill visits: 1253. 
Total prediction errors: 83. 
Total search depth: 19101551. 
Total times memory accessed: 316989288. 
Total times 25 >= t <= 50: 4. 
Total times 50 >= t <= 75: 5. 
Total times 75 >= t <= 100: 0. 
Total times t == 100: 12. 
Total time steps survived: 1852. 
Total runtime so far (hours/minutes/seconds): 10:45:13
----------------------------------------

----------------------------------------
TRIAL 28 STARTED
----------------------------------------
Start Time: 2024-05-22 21:05:30
At time step 47 the agent is dead
The agent had 21 food, 0 water, and 25 sleep.
The total tree search depth for this trial was 758354. 
The agent accessed its memory 12624972 times. 
The agent cleared its short-term memory 36 times. 
     State prediction error memory resets: 1. 
     Hill memory resets: 35. 
TRIAL 28 COMPLETE ?
End Time: 2024-05-22 21:30:24
Total runtime for this trial (minutes/seconds): 24:54
----------------------------------------
Total hill visits: 1288. 
Total prediction errors: 84. 
Total search depth: 19859905. 
Total times memory accessed: 329614260. 
Total times 25 >= t <= 50: 5. 
Total times 50 >= t <= 75: 5. 
Total times 75 >= t <= 100: 0. 
Total times t == 100: 12. 
Total time steps survived: 1900. 
Total runtime so far (hours/minutes/seconds): 11:10:06
----------------------------------------

----------------------------------------
TRIAL 29 STARTED
----------------------------------------
Start Time: 2024-05-22 21:30:23
At time step 99 the agent is dead
The agent had 9 food, 10 water, and 13 sleep.
The total tree search depth for this trial was 1834358. 
The agent accessed its memory 30719516 times. 
The agent cleared its short-term memory 81 times. 
     State prediction error memory resets: 4. 
     Hill memory resets: 77. 
TRIAL 29 COMPLETE ?
End Time: 2024-05-22 22:28:59
Total runtime for this trial (minutes/seconds): 58:36
----------------------------------------
Total hill visits: 1365. 
Total prediction errors: 88. 
Total search depth: 21694263. 
Total times memory accessed: 360333776. 
Total times 25 >= t <= 50: 5. 
Total times 50 >= t <= 75: 5. 
Total times 75 >= t <= 100: 0. 
Total times t == 100: 13. 
Total time steps survived: 2000. 
Total runtime so far (hours/minutes/seconds): 12:08:41
----------------------------------------

----------------------------------------
TRIAL 30 STARTED
----------------------------------------
Start Time: 2024-05-22 22:28:58
At time step 99 the agent is dead
The agent had 8 food, 18 water, and 12 sleep.
The total tree search depth for this trial was 1618010. 
The agent accessed its memory 27156515 times. 
The agent cleared its short-term memory 83 times. 
     State prediction error memory resets: 8. 
     Hill memory resets: 75. 
TRIAL 30 COMPLETE ?
End Time: 2024-05-22 23:19:58
Total runtime for this trial (minutes/seconds): 51:00
----------------------------------------
Total hill visits: 1440. 
Total prediction errors: 96. 
Total search depth: 23312273. 
Total times memory accessed: 387490291. 
Total times 25 >= t <= 50: 5. 
Total times 50 >= t <= 75: 5. 
Total times 75 >= t <= 100: 0. 
Total times t == 100: 14. 
Total time steps survived: 2100. 
Total runtime so far (hours/minutes/seconds): 12:59:40
----------------------------------------

----------------------------------------
TRIAL 31 STARTED
----------------------------------------
Start Time: 2024-05-22 23:19:57
At time step 46 the agent is dead
The agent had 21 food, 0 water, and 25 sleep.
The total tree search depth for this trial was 824078. 
The agent accessed its memory 13749677 times. 
The agent cleared its short-term memory 34 times. 
     State prediction error memory resets: 1. 
     Hill memory resets: 33. 
TRIAL 31 COMPLETE ?
End Time: 2024-05-22 23:46:44
Total runtime for this trial (minutes/seconds): 26:47
----------------------------------------
Total hill visits: 1473. 
Total prediction errors: 97. 
Total search depth: 24136351. 
Total times memory accessed: 401239968. 
Total times 25 >= t <= 50: 6. 
Total times 50 >= t <= 75: 5. 
Total times 75 >= t <= 100: 0. 
Total times t == 100: 14. 
Total time steps survived: 2147. 
Total runtime so far (hours/minutes/seconds): 13:26:26
----------------------------------------

----------------------------------------
TRIAL 32 STARTED
----------------------------------------
Start Time: 2024-05-22 23:46:43
At time step 99 the agent is dead
The agent had 10 food, 15 water, and 14 sleep.
The total tree search depth for this trial was 1483503. 
The agent accessed its memory 24879387 times. 
The agent cleared its short-term memory 83 times. 
     State prediction error memory resets: 5. 
     Hill memory resets: 78. 
TRIAL 32 COMPLETE ?
End Time: 2024-05-23 00:33:42
Total runtime for this trial (minutes/seconds): 46:59
----------------------------------------
Total hill visits: 1551. 
Total prediction errors: 102. 
Total search depth: 25619854. 
Total times memory accessed: 426119355. 
Total times 25 >= t <= 50: 6. 
Total times 50 >= t <= 75: 5. 
Total times 75 >= t <= 100: 0. 
Total times t == 100: 15. 
Total time steps survived: 2247. 
Total runtime so far (hours/minutes/seconds): 14:13:24
----------------------------------------

----------------------------------------
TRIAL 33 STARTED
----------------------------------------
Start Time: 2024-05-23 00:33:41
At time step 86 the agent is dead
The agent had 0 food, 19 water, and 17 sleep.
The total tree search depth for this trial was 1406319. 
The agent accessed its memory 23410733 times. 
The agent cleared its short-term memory 70 times. 
     State prediction error memory resets: 5. 
     Hill memory resets: 65. 
TRIAL 33 COMPLETE ?
End Time: 2024-05-23 01:19:48
Total runtime for this trial (minutes/seconds): 46:07
----------------------------------------
Total hill visits: 1616. 
Total prediction errors: 107. 
Total search depth: 27026173. 
Total times memory accessed: 449530088. 
Total times 25 >= t <= 50: 6. 
Total times 50 >= t <= 75: 5. 
Total times 75 >= t <= 100: 1. 
Total times t == 100: 15. 
Total time steps survived: 2334. 
Total runtime so far (hours/minutes/seconds): 14:59:30
----------------------------------------

----------------------------------------
TRIAL 34 STARTED
----------------------------------------
Start Time: 2024-05-23 01:19:47
At time step 99 the agent is dead
The agent had 7 food, 13 water, and 11 sleep.
The total tree search depth for this trial was 1586595. 
The agent accessed its memory 26617311 times. 
The agent cleared its short-term memory 82 times. 
     State prediction error memory resets: 3. 
     Hill memory resets: 79. 
TRIAL 34 COMPLETE ?
End Time: 2024-05-23 02:09:57
Total runtime for this trial (minutes/seconds): 50:10
----------------------------------------
Total hill visits: 1695. 
Total prediction errors: 110. 
Total search depth: 28612768. 
Total times memory accessed: 476147399. 
Total times 25 >= t <= 50: 6. 
Total times 50 >= t <= 75: 5. 
Total times 75 >= t <= 100: 1. 
Total times t == 100: 16. 
Total time steps survived: 2434. 
Total runtime so far (hours/minutes/seconds): 15:49:39
----------------------------------------

----------------------------------------
TRIAL 35 STARTED
----------------------------------------
Start Time: 2024-05-23 02:09:56
At time step 23 the agent is dead
The agent had 0 food, 17 water, and 11 sleep.
The total tree search depth for this trial was 325402. 
The agent accessed its memory 5487686 times. 
The agent cleared its short-term memory 17 times. 
     State prediction error memory resets: 1. 
     Hill memory resets: 16. 
TRIAL 35 COMPLETE ?
End Time: 2024-05-23 02:19:57
Total runtime for this trial (minutes/seconds): 10:01
----------------------------------------
Total hill visits: 1711. 
Total prediction errors: 111. 
Total search depth: 28938170. 
Total times memory accessed: 481635085. 
Total times 25 >= t <= 50: 6. 
Total times 50 >= t <= 75: 5. 
Total times 75 >= t <= 100: 1. 
Total times t == 100: 16. 
Total time steps survived: 2458. 
Total runtime so far (hours/minutes/seconds): 15:59:39
----------------------------------------

----------------------------------------
TRIAL 36 STARTED
----------------------------------------
Start Time: 2024-05-23 02:19:56
At time step 99 the agent is dead
The agent had 8 food, 12 water, and 12 sleep.
The total tree search depth for this trial was 1511497. 
The agent accessed its memory 25306133 times. 
The agent cleared its short-term memory 81 times. 
     State prediction error memory resets: 2. 
     Hill memory resets: 79. 
TRIAL 36 COMPLETE ?
End Time: 2024-05-23 03:08:09
Total runtime for this trial (minutes/seconds): 48:13
----------------------------------------
Total hill visits: 1790. 
Total prediction errors: 113. 
Total search depth: 30449667. 
Total times memory accessed: 506941218. 
Total times 25 >= t <= 50: 6. 
Total times 50 >= t <= 75: 5. 
Total times 75 >= t <= 100: 1. 
Total times t == 100: 17. 
Total time steps survived: 2558. 
Total runtime so far (hours/minutes/seconds): 16:47:51
----------------------------------------

----------------------------------------
TRIAL 37 STARTED
----------------------------------------
Start Time: 2024-05-23 03:08:08
At time step 99 the agent is dead
The agent had 8 food, 10 water, and 20 sleep.
The total tree search depth for this trial was 1917675. 
The agent accessed its memory 32342196 times. 
The agent cleared its short-term memory 77 times. 
     State prediction error memory resets: 3. 
     Hill memory resets: 74. 
TRIAL 37 COMPLETE ?
End Time: 2024-05-23 04:07:12
Total runtime for this trial (minutes/seconds): 59:04
----------------------------------------
Total hill visits: 1864. 
Total prediction errors: 116. 
Total search depth: 32367342. 
Total times memory accessed: 539283414. 
Total times 25 >= t <= 50: 6. 
Total times 50 >= t <= 75: 5. 
Total times 75 >= t <= 100: 1. 
Total times t == 100: 18. 
Total time steps survived: 2658. 
Total runtime so far (hours/minutes/seconds): 17:46:54
----------------------------------------

----------------------------------------
TRIAL 38 STARTED
----------------------------------------
Start Time: 2024-05-23 04:07:11
At time step 99 the agent is dead
The agent had 9 food, 10 water, and 13 sleep.
The total tree search depth for this trial was 1773521. 
The agent accessed its memory 29763650 times. 
The agent cleared its short-term memory 79 times. 
     State prediction error memory resets: 1. 
     Hill memory resets: 78. 
TRIAL 38 COMPLETE ?
End Time: 2024-05-23 05:03:10
Total runtime for this trial (minutes/seconds): 55:59
----------------------------------------
Total hill visits: 1942. 
Total prediction errors: 117. 
Total search depth: 34140863. 
Total times memory accessed: 569047064. 
Total times 25 >= t <= 50: 6. 
Total times 50 >= t <= 75: 5. 
Total times 75 >= t <= 100: 1. 
Total times t == 100: 19. 
Total time steps survived: 2758. 
Total runtime so far (hours/minutes/seconds): 18:42:52
----------------------------------------

----------------------------------------
TRIAL 39 STARTED
----------------------------------------
Start Time: 2024-05-23 05:03:09
At time step 99 the agent is dead
The agent had 8 food, 15 water, and 12 sleep.
The total tree search depth for this trial was 1437600. 
The agent accessed its memory 24073087 times. 
The agent cleared its short-term memory 83 times. 
     State prediction error memory resets: 3. 
     Hill memory resets: 80. 
TRIAL 39 COMPLETE ?
End Time: 2024-05-23 05:49:01
Total runtime for this trial (minutes/seconds): 45:52
----------------------------------------
Total hill visits: 2022. 
Total prediction errors: 120. 
Total search depth: 35578463. 
Total times memory accessed: 593120151. 
Total times 25 >= t <= 50: 6. 
Total times 50 >= t <= 75: 5. 
Total times 75 >= t <= 100: 1. 
Total times t == 100: 20. 
Total time steps survived: 2858. 
Total runtime so far (hours/minutes/seconds): 19:28:43
----------------------------------------

----------------------------------------
TRIAL 40 STARTED
----------------------------------------
Start Time: 2024-05-23 05:49:00
At time step 99 the agent is dead
The agent had 9 food, 15 water, and 13 sleep.
The total tree search depth for this trial was 1396878. 
The agent accessed its memory 23387594 times. 
The agent cleared its short-term memory 81 times. 
     State prediction error memory resets: 2. 
     Hill memory resets: 79. 
TRIAL 40 COMPLETE ?
End Time: 2024-05-23 06:33:35
Total runtime for this trial (minutes/seconds): 44:35
----------------------------------------
Total hill visits: 2101. 
Total prediction errors: 122. 
Total search depth: 36975341. 
Total times memory accessed: 616507745. 
Total times 25 >= t <= 50: 6. 
Total times 50 >= t <= 75: 5. 
Total times 75 >= t <= 100: 1. 
Total times t == 100: 21. 
Total time steps survived: 2958. 
Total runtime so far (hours/minutes/seconds): 20:13:17
----------------------------------------

----------------------------------------
TRIAL 41 STARTED
----------------------------------------
Start Time: 2024-05-23 06:33:34
At time step 99 the agent is dead
The agent had 9 food, 15 water, and 13 sleep.
The total tree search depth for this trial was 1429879. 
The agent accessed its memory 23972837 times. 
The agent cleared its short-term memory 80 times. 
     State prediction error memory resets: 2. 
     Hill memory resets: 78. 
TRIAL 41 COMPLETE ?
End Time: 2024-05-23 07:18:53
Total runtime for this trial (minutes/seconds): 45:19
----------------------------------------
Total hill visits: 2179. 
Total prediction errors: 124. 
Total search depth: 38405220. 
Total times memory accessed: 640480582. 
Total times 25 >= t <= 50: 6. 
Total times 50 >= t <= 75: 5. 
Total times 75 >= t <= 100: 1. 
Total times t == 100: 22. 
Total time steps survived: 3058. 
Total runtime so far (hours/minutes/seconds): 20:58:35
----------------------------------------

----------------------------------------
TRIAL 42 STARTED
----------------------------------------
Start Time: 2024-05-23 07:18:52
At time step 99 the agent is dead
The agent had 12 food, 13 water, and 25 sleep.
The total tree search depth for this trial was 1638725. 
The agent accessed its memory 27543698 times. 
The agent cleared its short-term memory 76 times. 
     State prediction error memory resets: 5. 
     Hill memory resets: 71. 
TRIAL 42 COMPLETE ?
End Time: 2024-05-23 08:10:10
Total runtime for this trial (minutes/seconds): 51:18
----------------------------------------
Total hill visits: 2250. 
Total prediction errors: 129. 
Total search depth: 40043945. 
Total times memory accessed: 668024280. 
Total times 25 >= t <= 50: 6. 
Total times 50 >= t <= 75: 5. 
Total times 75 >= t <= 100: 1. 
Total times t == 100: 23. 
Total time steps survived: 3158. 
Total runtime so far (hours/minutes/seconds): 21:49:52
----------------------------------------

----------------------------------------
TRIAL 43 STARTED
----------------------------------------
Start Time: 2024-05-23 08:10:09
At time step 88 the agent is dead
The agent had 21 food, 0 water, and 25 sleep.
The total tree search depth for this trial was 1379748. 
The agent accessed its memory 23272307 times. 
The agent cleared its short-term memory 70 times. 
     State prediction error memory resets: 5. 
     Hill memory resets: 65. 
TRIAL 43 COMPLETE ?
End Time: 2024-05-23 08:52:34
Total runtime for this trial (minutes/seconds): 42:25
----------------------------------------
Total hill visits: 2315. 
Total prediction errors: 134. 
Total search depth: 41423693. 
Total times memory accessed: 691296587. 
Total times 25 >= t <= 50: 6. 
Total times 50 >= t <= 75: 5. 
Total times 75 >= t <= 100: 2. 
Total times t == 100: 23. 
Total time steps survived: 3247. 
Total runtime so far (hours/minutes/seconds): 22:32:16
----------------------------------------

----------------------------------------
TRIAL 44 STARTED
----------------------------------------
Start Time: 2024-05-23 08:52:33
At time step 99 the agent is dead
The agent had 10 food, 4 water, and 14 sleep.
The total tree search depth for this trial was 1932114. 
The agent accessed its memory 32660425 times. 
The agent cleared its short-term memory 80 times. 
     State prediction error memory resets: 2. 
     Hill memory resets: 78. 
TRIAL 44 COMPLETE ?
End Time: 2024-05-23 09:51:20
Total runtime for this trial (minutes/seconds): 58:47
----------------------------------------
Total hill visits: 2393. 
Total prediction errors: 136. 
Total search depth: 43355807. 
Total times memory accessed: 723957012. 
Total times 25 >= t <= 50: 6. 
Total times 50 >= t <= 75: 5. 
Total times 75 >= t <= 100: 2. 
Total times t == 100: 24. 
Total time steps survived: 3347. 
Total runtime so far (hours/minutes/seconds): 23:31:02
----------------------------------------

----------------------------------------
TRIAL 45 STARTED
----------------------------------------
Start Time: 2024-05-23 09:51:19
At time step 23 the agent is dead
The agent had 0 food, 19 water, and 16 sleep.
The total tree search depth for this trial was 343859. 
The agent accessed its memory 5857612 times. 
The agent cleared its short-term memory 16 times. 
     State prediction error memory resets: 1. 
     Hill memory resets: 15. 
TRIAL 45 COMPLETE ?
End Time: 2024-05-23 10:01:22
Total runtime for this trial (minutes/seconds): 10:03
----------------------------------------
Total hill visits: 2408. 
Total prediction errors: 137. 
Total search depth: 43699666. 
Total times memory accessed: 729814624. 
Total times 25 >= t <= 50: 6. 
Total times 50 >= t <= 75: 5. 
Total times 75 >= t <= 100: 2. 
Total times t == 100: 24. 
Total time steps survived: 3371. 
Total runtime so far (hours/minutes/seconds): 23:41:04
----------------------------------------

----------------------------------------
TRIAL 46 STARTED
----------------------------------------
Start Time: 2024-05-23 10:01:21
At time step 69 the agent is dead
The agent had 21 food, 0 water, and 25 sleep.
The total tree search depth for this trial was 1117901. 
The agent accessed its memory 18911719 times. 
The agent cleared its short-term memory 53 times. 
     State prediction error memory resets: 3. 
     Hill memory resets: 50. 
TRIAL 46 COMPLETE ?
End Time: 2024-05-23 10:34:51
Total runtime for this trial (minutes/seconds): 33:30
----------------------------------------
Total hill visits: 2458. 
Total prediction errors: 140. 
Total search depth: 44817567. 
Total times memory accessed: 748726343. 
Total times 25 >= t <= 50: 6. 
Total times 50 >= t <= 75: 6. 
Total times 75 >= t <= 100: 2. 
Total times t == 100: 24. 
Total time steps survived: 3441. 
Total runtime so far (hours/minutes/seconds): 24:14:33
----------------------------------------

----------------------------------------
TRIAL 47 STARTED
----------------------------------------
Start Time: 2024-05-23 10:34:50
At time step 90 the agent is dead
The agent had 21 food, 0 water, and 25 sleep.
The total tree search depth for this trial was 1931960. 
The agent accessed its memory 32869581 times. 
The agent cleared its short-term memory 71 times. 
     State prediction error memory resets: 4. 
     Hill memory resets: 67. 
TRIAL 47 COMPLETE ?
End Time: 2024-05-23 11:29:47
Total runtime for this trial (minutes/seconds): 54:57
----------------------------------------
Total hill visits: 2525. 
Total prediction errors: 144. 
Total search depth: 46749527. 
Total times memory accessed: 781595924. 
Total times 25 >= t <= 50: 6. 
Total times 50 >= t <= 75: 6. 
Total times 75 >= t <= 100: 3. 
Total times t == 100: 24. 
Total time steps survived: 3532. 
Total runtime so far (hours/minutes/seconds): 25:09:29
----------------------------------------

----------------------------------------
TRIAL 48 STARTED
----------------------------------------
Start Time: 2024-05-23 11:29:46
At time step 47 the agent is dead
The agent had 20 food, 0 water, and 24 sleep.
The total tree search depth for this trial was 1094195. 
The agent accessed its memory 18596012 times. 
The agent cleared its short-term memory 35 times. 
     State prediction error memory resets: 2. 
     Hill memory resets: 33. 
TRIAL 48 COMPLETE ?
End Time: 2024-05-23 12:01:06
Total runtime for this trial (minutes/seconds): 31:20
----------------------------------------
Total hill visits: 2558. 
Total prediction errors: 146. 
Total search depth: 47843722. 
Total times memory accessed: 800191936. 
Total times 25 >= t <= 50: 7. 
Total times 50 >= t <= 75: 6. 
Total times 75 >= t <= 100: 3. 
Total times t == 100: 24. 
Total time steps survived: 3580. 
Total runtime so far (hours/minutes/seconds): 25:40:48
----------------------------------------

----------------------------------------
TRIAL 49 STARTED
----------------------------------------
Start Time: 2024-05-23 12:01:05
At time step 99 the agent is dead
The agent had 9 food, 14 water, and 13 sleep.
The total tree search depth for this trial was 1732419. 
The agent accessed its memory 29581020 times. 
The agent cleared its short-term memory 84 times. 
     State prediction error memory resets: 5. 
     Hill memory resets: 79. 
TRIAL 49 COMPLETE ?
End Time: 2024-05-23 12:49:17
Total runtime for this trial (minutes/seconds): 48:12
----------------------------------------
Total hill visits: 2637. 
Total prediction errors: 151. 
Total search depth: 49576141. 
Total times memory accessed: 829772956. 
Total times 25 >= t <= 50: 7. 
Total times 50 >= t <= 75: 6. 
Total times 75 >= t <= 100: 3. 
Total times t == 100: 25. 
Total time steps survived: 3680. 
Total runtime so far (hours/minutes/seconds): 26:28:59
----------------------------------------

----------------------------------------
TRIAL 50 STARTED
----------------------------------------
Start Time: 2024-05-23 12:49:16
At time step 88 the agent is dead
The agent had 20 food, 0 water, and 24 sleep.
The total tree search depth for this trial was 1811637. 
The agent accessed its memory 31044378 times. 
The agent cleared its short-term memory 70 times. 
     State prediction error memory resets: 4. 
     Hill memory resets: 66. 
TRIAL 50 COMPLETE ?
End Time: 2024-05-23 13:38:49
Total runtime for this trial (minutes/seconds): 49:33
----------------------------------------
Total hill visits: 2703. 
Total prediction errors: 155. 
Total search depth: 51387778. 
Total times memory accessed: 860817334. 
Total times 25 >= t <= 50: 7. 
Total times 50 >= t <= 75: 6. 
Total times 75 >= t <= 100: 4. 
Total times t == 100: 25. 
Total time steps survived: 3769. 
Total runtime so far (hours/minutes/seconds): 27:18:31
----------------------------------------

----------------------------------------
TRIAL 51 STARTED
----------------------------------------
Start Time: 2024-05-23 13:38:48
At time step 99 the agent is dead
The agent had 10 food, 16 water, and 14 sleep.
The total tree search depth for this trial was 2334693. 
The agent accessed its memory 40043840 times. 
The agent cleared its short-term memory 85 times. 
     State prediction error memory resets: 8. 
     Hill memory resets: 77. 
TRIAL 51 COMPLETE ?
End Time: 2024-05-23 14:44:13
Total runtime for this trial (minutes/seconds): 05:25
----------------------------------------
Total hill visits: 2780. 
Total prediction errors: 163. 
Total search depth: 53722471. 
Total times memory accessed: 900861174. 
Total times 25 >= t <= 50: 7. 
Total times 50 >= t <= 75: 6. 
Total times 75 >= t <= 100: 4. 
Total times t == 100: 26. 
Total time steps survived: 3869. 
Total runtime so far (hours/minutes/seconds): 28:23:55
----------------------------------------

----------------------------------------
TRIAL 52 STARTED
----------------------------------------
Start Time: 2024-05-23 14:44:13
At time step 99 the agent is dead
The agent had 11 food, 6 water, and 21 sleep.
The total tree search depth for this trial was 2278522. 
The agent accessed its memory 38930187 times. 
The agent cleared its short-term memory 80 times. 
     State prediction error memory resets: 3. 
     Hill memory resets: 77. 
TRIAL 52 COMPLETE ?
End Time: 2024-05-23 15:49:58
Total runtime for this trial (minutes/seconds): 05:45
----------------------------------------
Total hill visits: 2857. 
Total prediction errors: 166. 
Total search depth: 56000993. 
Total times memory accessed: 939791361. 
Total times 25 >= t <= 50: 7. 
Total times 50 >= t <= 75: 6. 
Total times 75 >= t <= 100: 4. 
Total times t == 100: 27. 
Total time steps survived: 3969. 
Total runtime so far (hours/minutes/seconds): 29:29:40
----------------------------------------

----------------------------------------
TRIAL 53 STARTED
----------------------------------------
Start Time: 2024-05-23 15:49:57
At time step 46 the agent is dead
The agent had 20 food, 0 water, and 24 sleep.
The total tree search depth for this trial was 1059257. 
The agent accessed its memory 18166171 times. 
The agent cleared its short-term memory 36 times. 
     State prediction error memory resets: 2. 
     Hill memory resets: 34. 
TRIAL 53 COMPLETE ?
End Time: 2024-05-23 16:19:52
Total runtime for this trial (minutes/seconds): 29:55
----------------------------------------
Total hill visits: 2891. 
Total prediction errors: 168. 
Total search depth: 57060250. 
Total times memory accessed: 957957532. 
Total times 25 >= t <= 50: 8. 
Total times 50 >= t <= 75: 6. 
Total times 75 >= t <= 100: 4. 
Total times t == 100: 27. 
Total time steps survived: 4016. 
Total runtime so far (hours/minutes/seconds): 29:59:34
----------------------------------------

----------------------------------------
TRIAL 54 STARTED
----------------------------------------
Start Time: 2024-05-23 16:19:51
At time step 99 the agent is dead
The agent had 8 food, 13 water, and 25 sleep.
The total tree search depth for this trial was 1836607. 
The agent accessed its memory 31492565 times. 
The agent cleared its short-term memory 83 times. 
     State prediction error memory resets: 5. 
     Hill memory resets: 78. 
TRIAL 54 COMPLETE ?
End Time: 2024-05-23 17:11:41
Total runtime for this trial (minutes/seconds): 51:50
----------------------------------------
Total hill visits: 2969. 
Total prediction errors: 173. 
Total search depth: 58896857. 
Total times memory accessed: 989450097. 
Total times 25 >= t <= 50: 8. 
Total times 50 >= t <= 75: 6. 
Total times 75 >= t <= 100: 4. 
Total times t == 100: 28. 
Total time steps survived: 4116. 
Total runtime so far (hours/minutes/seconds): 30:51:23
----------------------------------------

----------------------------------------
TRIAL 55 STARTED
----------------------------------------
Start Time: 2024-05-23 17:11:40
At time step 99 the agent is dead
The agent had 11 food, 14 water, and 15 sleep.
The total tree search depth for this trial was 2183162. 
The agent accessed its memory 37329479 times. 
The agent cleared its short-term memory 79 times. 
     State prediction error memory resets: 3. 
     Hill memory resets: 76. 
TRIAL 55 COMPLETE ?
End Time: 2024-05-23 18:14:19
Total runtime for this trial (minutes/seconds): 02:39
----------------------------------------
Total hill visits: 3045. 
Total prediction errors: 176. 
Total search depth: 61080019. 
Total times memory accessed: 1026779576. 
Total times 25 >= t <= 50: 8. 
Total times 50 >= t <= 75: 6. 
Total times 75 >= t <= 100: 4. 
Total times t == 100: 29. 
Total time steps survived: 4216. 
Total runtime so far (hours/minutes/seconds): 31:54:01
----------------------------------------

----------------------------------------
TRIAL 56 STARTED
----------------------------------------
Start Time: 2024-05-23 18:14:18
At time step 99 the agent is dead
The agent had 10 food, 19 water, and 19 sleep.
The total tree search depth for this trial was 2123705. 
The agent accessed its memory 35974826 times. 
The agent cleared its short-term memory 83 times. 
     State prediction error memory resets: 6. 
     Hill memory resets: 77. 
TRIAL 56 COMPLETE ?
End Time: 2024-05-23 19:18:21
Total runtime for this trial (minutes/seconds): 04:03
----------------------------------------
Total hill visits: 3122. 
Total prediction errors: 182. 
Total search depth: 63203724. 
Total times memory accessed: 1062754402. 
Total times 25 >= t <= 50: 8. 
Total times 50 >= t <= 75: 6. 
Total times 75 >= t <= 100: 4. 
Total times t == 100: 30. 
Total time steps survived: 4316. 
Total runtime so far (hours/minutes/seconds): 32:58:03
----------------------------------------

----------------------------------------
TRIAL 57 STARTED
----------------------------------------
Start Time: 2024-05-23 19:18:20
At time step 99 the agent is dead
The agent had 9 food, 15 water, and 13 sleep.
The total tree search depth for this trial was 1642744. 
The agent accessed its memory 27746255 times. 
The agent cleared its short-term memory 80 times. 
     State prediction error memory resets: 4. 
     Hill memory resets: 76. 
TRIAL 57 COMPLETE ?
End Time: 2024-05-23 20:08:37
Total runtime for this trial (minutes/seconds): 50:17
----------------------------------------
Total hill visits: 3198. 
Total prediction errors: 186. 
Total search depth: 64846468. 
Total times memory accessed: 1090500657. 
Total times 25 >= t <= 50: 8. 
Total times 50 >= t <= 75: 6. 
Total times 75 >= t <= 100: 4. 
Total times t == 100: 31. 
Total time steps survived: 4416. 
Total runtime so far (hours/minutes/seconds): 33:48:19
----------------------------------------

----------------------------------------
TRIAL 58 STARTED
----------------------------------------
Start Time: 2024-05-23 20:08:36
At time step 99 the agent is dead
The agent had 8 food, 9 water, and 12 sleep.
The total tree search depth for this trial was 2384351. 
The agent accessed its memory 40260569 times. 
The agent cleared its short-term memory 86 times. 
     State prediction error memory resets: 8. 
     Hill memory resets: 78. 
TRIAL 58 COMPLETE ?
End Time: 2024-05-23 21:21:48
Total runtime for this trial (minutes/seconds): 13:12
----------------------------------------
Total hill visits: 3276. 
Total prediction errors: 194. 
Total search depth: 67230819. 
Total times memory accessed: 1130761226. 
Total times 25 >= t <= 50: 8. 
Total times 50 >= t <= 75: 6. 
Total times 75 >= t <= 100: 4. 
Total times t == 100: 32. 
Total time steps survived: 4516. 
Total runtime so far (hours/minutes/seconds): 35:01:30
----------------------------------------

----------------------------------------
TRIAL 59 STARTED
----------------------------------------
Start Time: 2024-05-23 21:21:47
At time step 99 the agent is dead
The agent had 12 food, 7 water, and 16 sleep.
The total tree search depth for this trial was 2104790. 
The agent accessed its memory 35519217 times. 
The agent cleared its short-term memory 79 times. 
     State prediction error memory resets: 3. 
     Hill memory resets: 76. 
TRIAL 59 COMPLETE ?
End Time: 2024-05-23 22:26:32
Total runtime for this trial (minutes/seconds): 04:45
----------------------------------------
Total hill visits: 3352. 
Total prediction errors: 197. 
Total search depth: 69335609. 
Total times memory accessed: 1166280443. 
Total times 25 >= t <= 50: 8. 
Total times 50 >= t <= 75: 6. 
Total times 75 >= t <= 100: 4. 
Total times t == 100: 33. 
Total time steps survived: 4616. 
Total runtime so far (hours/minutes/seconds): 36:06:14
----------------------------------------

----------------------------------------
TRIAL 60 STARTED
----------------------------------------
Start Time: 2024-05-23 22:26:31
At time step 99 the agent is dead
The agent had 11 food, 4 water, and 15 sleep.
The total tree search depth for this trial was 1853724. 
The agent accessed its memory 31283892 times. 
The agent cleared its short-term memory 82 times. 
     State prediction error memory resets: 6. 
     Hill memory resets: 76. 
TRIAL 60 COMPLETE ?
End Time: 2024-05-23 23:23:27
Total runtime for this trial (minutes/seconds): 56:56
----------------------------------------
Total hill visits: 3428. 
Total prediction errors: 203. 
Total search depth: 71189333. 
Total times memory accessed: 1197564335. 
Total times 25 >= t <= 50: 8. 
Total times 50 >= t <= 75: 6. 
Total times 75 >= t <= 100: 4. 
Total times t == 100: 34. 
Total time steps survived: 4716. 
Total runtime so far (hours/minutes/seconds): 37:03:09
----------------------------------------

----------------------------------------
TRIAL 61 STARTED
----------------------------------------
Start Time: 2024-05-23 23:23:26
At time step 99 the agent is dead
The agent had 13 food, 20 water, and 17 sleep.
The total tree search depth for this trial was 2341324. 
The agent accessed its memory 39581180 times. 
The agent cleared its short-term memory 79 times. 
     State prediction error memory resets: 5. 
     Hill memory resets: 74. 
TRIAL 61 COMPLETE ?
End Time: 2024-05-24 00:34:50
Total runtime for this trial (minutes/seconds): 11:24
----------------------------------------
Total hill visits: 3502. 
Total prediction errors: 208. 
Total search depth: 73530657. 
Total times memory accessed: 1237145515. 
Total times 25 >= t <= 50: 8. 
Total times 50 >= t <= 75: 6. 
Total times 75 >= t <= 100: 4. 
Total times t == 100: 35. 
Total time steps survived: 4816. 
Total runtime so far (hours/minutes/seconds): 38:14:32
----------------------------------------

----------------------------------------
TRIAL 62 STARTED
----------------------------------------
Start Time: 2024-05-24 00:34:49
At time step 99 the agent is dead
The agent had 12 food, 16 water, and 16 sleep.
The total tree search depth for this trial was 1796495. 
The agent accessed its memory 30391070 times. 
The agent cleared its short-term memory 75 times. 
     State prediction error memory resets: 1. 
     Hill memory resets: 74. 
TRIAL 62 COMPLETE ?
End Time: 2024-05-24 01:29:18
Total runtime for this trial (minutes/seconds): 54:29
----------------------------------------
Total hill visits: 3576. 
Total prediction errors: 209. 
Total search depth: 75327152. 
Total times memory accessed: 1267536585. 
Total times 25 >= t <= 50: 8. 
Total times 50 >= t <= 75: 6. 
Total times 75 >= t <= 100: 4. 
Total times t == 100: 36. 
Total time steps survived: 4916. 
Total runtime so far (hours/minutes/seconds): 39:09:00
----------------------------------------

----------------------------------------
TRIAL 63 STARTED
----------------------------------------
Start Time: 2024-05-24 01:29:17
At time step 99 the agent is dead
The agent had 11 food, 14 water, and 15 sleep.
The total tree search depth for this trial was 2331492. 
The agent accessed its memory 39430082 times. 
The agent cleared its short-term memory 79 times. 
     State prediction error memory resets: 4. 
     Hill memory resets: 75. 
TRIAL 63 COMPLETE ?
End Time: 2024-05-24 02:40:14
Total runtime for this trial (minutes/seconds): 10:57
----------------------------------------
Total hill visits: 3651. 
Total prediction errors: 213. 
Total search depth: 77658644. 
Total times memory accessed: 1306966667. 
Total times 25 >= t <= 50: 8. 
Total times 50 >= t <= 75: 6. 
Total times 75 >= t <= 100: 4. 
Total times t == 100: 37. 
Total time steps survived: 5016. 
Total runtime so far (hours/minutes/seconds): 40:19:56
----------------------------------------

----------------------------------------
TRIAL 64 STARTED
----------------------------------------
Start Time: 2024-05-24 02:40:13
At time step 99 the agent is dead
The agent had 10 food, 14 water, and 14 sleep.
The total tree search depth for this trial was 1803281. 
The agent accessed its memory 30462624 times. 
The agent cleared its short-term memory 77 times. 
     State prediction error memory resets: 1. 
     Hill memory resets: 76. 
TRIAL 64 COMPLETE ?
End Time: 2024-05-24 03:35:22
Total runtime for this trial (minutes/seconds): 55:09
----------------------------------------
Total hill visits: 3727. 
Total prediction errors: 214. 
Total search depth: 79461925. 
Total times memory accessed: 1337429291. 
Total times 25 >= t <= 50: 8. 
Total times 50 >= t <= 75: 6. 
Total times 75 >= t <= 100: 4. 
Total times t == 100: 38. 
Total time steps survived: 5116. 
Total runtime so far (hours/minutes/seconds): 41:15:04
----------------------------------------

----------------------------------------
TRIAL 65 STARTED
----------------------------------------
Start Time: 2024-05-24 03:35:21
At time step 99 the agent is dead
The agent had 6 food, 16 water, and 10 sleep.
The total tree search depth for this trial was 2276881. 
The agent accessed its memory 38432919 times. 
The agent cleared its short-term memory 83 times. 
     State prediction error memory resets: 6. 
     Hill memory resets: 77. 
TRIAL 65 COMPLETE ?
End Time: 2024-05-24 04:45:16
Total runtime for this trial (minutes/seconds): 09:55
----------------------------------------
Total hill visits: 3804. 
Total prediction errors: 220. 
Total search depth: 81738806. 
Total times memory accessed: 1375862210. 
Total times 25 >= t <= 50: 8. 
Total times 50 >= t <= 75: 6. 
Total times 75 >= t <= 100: 4. 
Total times t == 100: 39. 
Total time steps survived: 5216. 
Total runtime so far (hours/minutes/seconds): 42:24:58
----------------------------------------

----------------------------------------
TRIAL 66 STARTED
----------------------------------------
Start Time: 2024-05-24 04:45:15
At time step 99 the agent is dead
The agent had 14 food, 11 water, and 18 sleep.
The total tree search depth for this trial was 2278124. 
The agent accessed its memory 38620066 times. 
The agent cleared its short-term memory 76 times. 
     State prediction error memory resets: 3. 
     Hill memory resets: 73. 
TRIAL 66 COMPLETE ?
End Time: 2024-05-24 05:53:41
Total runtime for this trial (minutes/seconds): 08:26
----------------------------------------
Total hill visits: 3877. 
Total prediction errors: 223. 
Total search depth: 84016930. 
Total times memory accessed: 1414482276. 
Total times 25 >= t <= 50: 8. 
Total times 50 >= t <= 75: 6. 
Total times 75 >= t <= 100: 4. 
Total times t == 100: 40. 
Total time steps survived: 5316. 
Total runtime so far (hours/minutes/seconds): 43:33:23
----------------------------------------

----------------------------------------
TRIAL 67 STARTED
----------------------------------------
Start Time: 2024-05-24 05:53:40
At time step 99 the agent is dead
The agent had 14 food, 19 water, and 18 sleep.
The total tree search depth for this trial was 1913746. 
The agent accessed its memory 32216813 times. 
The agent cleared its short-term memory 77 times. 
     State prediction error memory resets: 5. 
     Hill memory resets: 72. 
TRIAL 67 COMPLETE ?
End Time: 2024-05-24 06:53:14
Total runtime for this trial (minutes/seconds): 59:34
----------------------------------------
Total hill visits: 3949. 
Total prediction errors: 228. 
Total search depth: 85930676. 
Total times memory accessed: 1446699089. 
Total times 25 >= t <= 50: 8. 
Total times 50 >= t <= 75: 6. 
Total times 75 >= t <= 100: 4. 
Total times t == 100: 41. 
Total time steps survived: 5416. 
Total runtime so far (hours/minutes/seconds): 44:32:56
----------------------------------------

----------------------------------------
TRIAL 68 STARTED
----------------------------------------
Start Time: 2024-05-24 06:53:13
At time step 99 the agent is dead
The agent had 11 food, 19 water, and 15 sleep.
The total tree search depth for this trial was 1572254. 
The agent accessed its memory 26383755 times. 
The agent cleared its short-term memory 81 times. 
     State prediction error memory resets: 6. 
     Hill memory resets: 75. 
TRIAL 68 COMPLETE ?
End Time: 2024-05-24 07:42:52
Total runtime for this trial (minutes/seconds): 49:39
----------------------------------------
Total hill visits: 4024. 
Total prediction errors: 234. 
Total search depth: 87502930. 
Total times memory accessed: 1473082844. 
Total times 25 >= t <= 50: 8. 
Total times 50 >= t <= 75: 6. 
Total times 75 >= t <= 100: 4. 
Total times t == 100: 42. 
Total time steps survived: 5516. 
Total runtime so far (hours/minutes/seconds): 45:22:34
----------------------------------------

----------------------------------------
TRIAL 69 STARTED
----------------------------------------
Start Time: 2024-05-24 07:42:51
At time step 99 the agent is dead
The agent had 9 food, 6 water, and 13 sleep.
The total tree search depth for this trial was 2451313. 
The agent accessed its memory 41232620 times. 
The agent cleared its short-term memory 80 times. 
     State prediction error memory resets: 3. 
     Hill memory resets: 77. 
TRIAL 69 COMPLETE ?
End Time: 2024-05-24 08:59:25
Total runtime for this trial (minutes/seconds): 16:34
----------------------------------------
Total hill visits: 4101. 
Total prediction errors: 237. 
Total search depth: 89954243. 
Total times memory accessed: 1514315464. 
Total times 25 >= t <= 50: 8. 
Total times 50 >= t <= 75: 6. 
Total times 75 >= t <= 100: 4. 
Total times t == 100: 43. 
Total time steps survived: 5616. 
Total runtime so far (hours/minutes/seconds): 46:39:07
----------------------------------------

----------------------------------------
TRIAL 70 STARTED
----------------------------------------
Start Time: 2024-05-24 08:59:24
At time step 99 the agent is dead
The agent had 14 food, 5 water, and 18 sleep.
The total tree search depth for this trial was 1983554. 
The agent accessed its memory 33407650 times. 
The agent cleared its short-term memory 81 times. 
     State prediction error memory resets: 7. 
     Hill memory resets: 74. 
TRIAL 70 COMPLETE ?
End Time: 2024-05-24 09:59:32
Total runtime for this trial (minutes/seconds): 00:08
----------------------------------------
Total hill visits: 4175. 
Total prediction errors: 244. 
Total search depth: 91937797. 
Total times memory accessed: 1547723114. 
Total times 25 >= t <= 50: 8. 
Total times 50 >= t <= 75: 6. 
Total times 75 >= t <= 100: 4. 
Total times t == 100: 44. 
Total time steps survived: 5716. 
Total runtime so far (hours/minutes/seconds): 47:39:14
----------------------------------------

----------------------------------------
TRIAL 71 STARTED
----------------------------------------
Start Time: 2024-05-24 09:59:31
At time step 90 the agent is dead
The agent had 0 food, 18 water, and 6 sleep.
The total tree search depth for this trial was 1839375. 
The agent accessed its memory 30911007 times. 
The agent cleared its short-term memory 71 times. 
     State prediction error memory resets: 3. 
     Hill memory resets: 68. 
TRIAL 71 COMPLETE ?
End Time: 2024-05-24 10:56:10
Total runtime for this trial (minutes/seconds): 56:39
----------------------------------------
Total hill visits: 4243. 
Total prediction errors: 247. 
Total search depth: 93777172. 
Total times memory accessed: 1578634121. 
Total times 25 >= t <= 50: 8. 
Total times 50 >= t <= 75: 6. 
Total times 75 >= t <= 100: 5. 
Total times t == 100: 44. 
Total time steps survived: 5807. 
Total runtime so far (hours/minutes/seconds): 48:35:52
----------------------------------------

----------------------------------------
TRIAL 72 STARTED
----------------------------------------
Start Time: 2024-05-24 10:56:09
At time step 99 the agent is dead
The agent had 16 food, 13 water, and 20 sleep.
The total tree search depth for this trial was 1865099. 
The agent accessed its memory 31524377 times. 
The agent cleared its short-term memory 74 times. 
     State prediction error memory resets: 4. 
     Hill memory resets: 70. 
TRIAL 72 COMPLETE ?
End Time: 2024-05-24 11:53:06
Total runtime for this trial (minutes/seconds): 56:57
----------------------------------------
Total hill visits: 4313. 
Total prediction errors: 251. 
Total search depth: 95642271. 
Total times memory accessed: 1610158498. 
Total times 25 >= t <= 50: 8. 
Total times 50 >= t <= 75: 6. 
Total times 75 >= t <= 100: 5. 
Total times t == 100: 45. 
Total time steps survived: 5907. 
Total runtime so far (hours/minutes/seconds): 49:32:48
----------------------------------------

----------------------------------------
TRIAL 73 STARTED
----------------------------------------
Start Time: 2024-05-24 11:53:05
At time step 99 the agent is dead
The agent had 11 food, 13 water, and 15 sleep.
The total tree search depth for this trial was 2245840. 
The agent accessed its memory 38246294 times. 
The agent cleared its short-term memory 82 times. 
     State prediction error memory resets: 7. 
     Hill memory resets: 75. 
TRIAL 73 COMPLETE ?
End Time: 2024-05-24 12:59:01
Total runtime for this trial (minutes/seconds): 05:56
----------------------------------------
Total hill visits: 4388. 
Total prediction errors: 258. 
Total search depth: 97888111. 
Total times memory accessed: 1648404792. 
Total times 25 >= t <= 50: 8. 
Total times 50 >= t <= 75: 6. 
Total times 75 >= t <= 100: 5. 
Total times t == 100: 46. 
Total time steps survived: 6007. 
Total runtime so far (hours/minutes/seconds): 50:38:43
----------------------------------------

----------------------------------------
TRIAL 74 STARTED
----------------------------------------
Start Time: 2024-05-24 12:59:00
At time step 99 the agent is dead
The agent had 13 food, 4 water, and 17 sleep.
The total tree search depth for this trial was 1642327. 
The agent accessed its memory 28020818 times. 
The agent cleared its short-term memory 77 times. 
     State prediction error memory resets: 3. 
     Hill memory resets: 74. 
TRIAL 74 COMPLETE ?
End Time: 2024-05-24 13:46:32
Total runtime for this trial (minutes/seconds): 47:32
----------------------------------------
Total hill visits: 4462. 
Total prediction errors: 261. 
Total search depth: 99530438. 
Total times memory accessed: 1676425610. 
Total times 25 >= t <= 50: 8. 
Total times 50 >= t <= 75: 6. 
Total times 75 >= t <= 100: 5. 
Total times t == 100: 47. 
Total time steps survived: 6107. 
Total runtime so far (hours/minutes/seconds): 51:26:14
----------------------------------------

----------------------------------------
TRIAL 75 STARTED
----------------------------------------
Start Time: 2024-05-24 13:46:31
At time step 99 the agent is dead
The agent had 10 food, 5 water, and 19 sleep.
The total tree search depth for this trial was 1842764. 
The agent accessed its memory 31232090 times. 
The agent cleared its short-term memory 80 times. 
     State prediction error memory resets: 4. 
     Hill memory resets: 76. 
TRIAL 75 COMPLETE ?
End Time: 2024-05-24 14:41:47
Total runtime for this trial (minutes/seconds): 55:16
----------------------------------------
Total hill visits: 4538. 
Total prediction errors: 265. 
Total search depth: 101373202. 
Total times memory accessed: 1707657700. 
Total times 25 >= t <= 50: 8. 
Total times 50 >= t <= 75: 6. 
Total times 75 >= t <= 100: 5. 
Total times t == 100: 48. 
Total time steps survived: 6207. 
Total runtime so far (hours/minutes/seconds): 52:21:29
----------------------------------------

----------------------------------------
TRIAL 76 STARTED
----------------------------------------
Start Time: 2024-05-24 14:41:46
At time step 99 the agent is dead
The agent had 11 food, 13 water, and 15 sleep.
The total tree search depth for this trial was 2120016. 
The agent accessed its memory 35815241 times. 
The agent cleared its short-term memory 82 times. 
     State prediction error memory resets: 5. 
     Hill memory resets: 77. 
TRIAL 76 COMPLETE ?
End Time: 2024-05-24 15:46:36
Total runtime for this trial (minutes/seconds): 04:50
----------------------------------------
Total hill visits: 4615. 
Total prediction errors: 270. 
Total search depth: 103493218. 
Total times memory accessed: 1743472941. 
Total times 25 >= t <= 50: 8. 
Total times 50 >= t <= 75: 6. 
Total times 75 >= t <= 100: 5. 
Total times t == 100: 49. 
Total time steps survived: 6307. 
Total runtime so far (hours/minutes/seconds): 53:26:18
----------------------------------------

----------------------------------------
TRIAL 77 STARTED
----------------------------------------
Start Time: 2024-05-24 15:46:35
At time step 99 the agent is dead
The agent had 11 food, 15 water, and 15 sleep.
The total tree search depth for this trial was 1854845. 
The agent accessed its memory 31603929 times. 
The agent cleared its short-term memory 83 times. 
     State prediction error memory resets: 7. 
     Hill memory resets: 76. 
TRIAL 77 COMPLETE ?
End Time: 2024-05-24 16:40:40
Total runtime for this trial (minutes/seconds): 54:05
----------------------------------------
Total hill visits: 4691. 
Total prediction errors: 277. 
Total search depth: 105348063. 
Total times memory accessed: 1775076870. 
Total times 25 >= t <= 50: 8. 
Total times 50 >= t <= 75: 6. 
Total times 75 >= t <= 100: 5. 
Total times t == 100: 50. 
Total time steps survived: 6407. 
Total runtime so far (hours/minutes/seconds): 54:20:22
----------------------------------------

----------------------------------------
TRIAL 78 STARTED
----------------------------------------
Start Time: 2024-05-24 16:40:39
At time step 99 the agent is dead
The agent had 14 food, 18 water, and 18 sleep.
The total tree search depth for this trial was 2183568. 
The agent accessed its memory 36970905 times. 
The agent cleared its short-term memory 80 times. 
     State prediction error memory resets: 6. 
     Hill memory resets: 74. 
TRIAL 78 COMPLETE ?
End Time: 2024-05-24 17:46:39
Total runtime for this trial (minutes/seconds): 06:00
----------------------------------------
Total hill visits: 4765. 
Total prediction errors: 283. 
Total search depth: 107531631. 
Total times memory accessed: 1812047775. 
Total times 25 >= t <= 50: 8. 
Total times 50 >= t <= 75: 6. 
Total times 75 >= t <= 100: 5. 
Total times t == 100: 51. 
Total time steps survived: 6507. 
Total runtime so far (hours/minutes/seconds): 55:26:21
----------------------------------------

----------------------------------------
TRIAL 79 STARTED
----------------------------------------
Start Time: 2024-05-24 17:46:38
At time step 99 the agent is dead
The agent had 10 food, 11 water, and 14 sleep.
The total tree search depth for this trial was 2493061. 
The agent accessed its memory 42166397 times. 
The agent cleared its short-term memory 82 times. 
     State prediction error memory resets: 5. 
     Hill memory resets: 77. 
TRIAL 79 COMPLETE ?
End Time: 2024-05-24 19:02:31
Total runtime for this trial (minutes/seconds): 15:53
----------------------------------------
Total hill visits: 4842. 
Total prediction errors: 288. 
Total search depth: 110024692. 
Total times memory accessed: 1854214172. 
Total times 25 >= t <= 50: 8. 
Total times 50 >= t <= 75: 6. 
Total times 75 >= t <= 100: 5. 
Total times t == 100: 52. 
Total time steps survived: 6607. 
Total runtime so far (hours/minutes/seconds): 56:42:13
----------------------------------------

----------------------------------------
TRIAL 80 STARTED
----------------------------------------
Start Time: 2024-05-24 19:02:30
At time step 99 the agent is dead
The agent had 13 food, 16 water, and 17 sleep.
The total tree search depth for this trial was 1667065. 
The agent accessed its memory 28363402 times. 
The agent cleared its short-term memory 82 times. 
     State prediction error memory resets: 10. 
     Hill memory resets: 72. 
TRIAL 80 COMPLETE ?
End Time: 2024-05-24 19:51:34
Total runtime for this trial (minutes/seconds): 49:04
----------------------------------------
Total hill visits: 4914. 
Total prediction errors: 298. 
Total search depth: 111691757. 
Total times memory accessed: 1882577574. 
Total times 25 >= t <= 50: 8. 
Total times 50 >= t <= 75: 6. 
Total times 75 >= t <= 100: 5. 
Total times t == 100: 53. 
Total time steps survived: 6707. 
Total runtime so far (hours/minutes/seconds): 57:31:16
----------------------------------------

----------------------------------------
TRIAL 81 STARTED
----------------------------------------
Start Time: 2024-05-24 19:51:33
At time step 99 the agent is dead
The agent had 13 food, 16 water, and 17 sleep.
The total tree search depth for this trial was 2242854. 
The agent accessed its memory 38134813 times. 
The agent cleared its short-term memory 79 times. 
     State prediction error memory resets: 5. 
     Hill memory resets: 74. 
TRIAL 81 COMPLETE ?
End Time: 2024-05-24 20:57:47
Total runtime for this trial (minutes/seconds): 06:14
----------------------------------------
Total hill visits: 4988. 
Total prediction errors: 303. 
Total search depth: 113934611. 
Total times memory accessed: 1920712387. 
Total times 25 >= t <= 50: 8. 
Total times 50 >= t <= 75: 6. 
Total times 75 >= t <= 100: 5. 
Total times t == 100: 54. 
Total time steps survived: 6807. 
Total runtime so far (hours/minutes/seconds): 58:37:29
----------------------------------------

----------------------------------------
TRIAL 82 STARTED
----------------------------------------
Start Time: 2024-05-24 20:57:46
At time step 99 the agent is dead
The agent had 11 food, 4 water, and 15 sleep.
The total tree search depth for this trial was 2079050. 
The agent accessed its memory 35210189 times. 
The agent cleared its short-term memory 78 times. 
     State prediction error memory resets: 2. 
     Hill memory resets: 76. 
TRIAL 82 COMPLETE ?
End Time: 2024-05-24 22:00:33
Total runtime for this trial (minutes/seconds): 02:47
----------------------------------------
Total hill visits: 5064. 
Total prediction errors: 305. 
Total search depth: 116013661. 
Total times memory accessed: 1955922576. 
Total times 25 >= t <= 50: 8. 
Total times 50 >= t <= 75: 6. 
Total times 75 >= t <= 100: 5. 
Total times t == 100: 55. 
Total time steps survived: 6907. 
Total runtime so far (hours/minutes/seconds): 59:40:15
----------------------------------------

----------------------------------------
TRIAL 83 STARTED
----------------------------------------
Start Time: 2024-05-24 22:00:32
At time step 99 the agent is dead
The agent had 9 food, 11 water, and 13 sleep.
The total tree search depth for this trial was 2389161. 
The agent accessed its memory 40569660 times. 
The agent cleared its short-term memory 80 times. 
     State prediction error memory resets: 6. 
     Hill memory resets: 74. 
TRIAL 83 COMPLETE ?
End Time: 2024-05-24 23:11:45
Total runtime for this trial (minutes/seconds): 11:13
----------------------------------------
Total hill visits: 5138. 
Total prediction errors: 311. 
Total search depth: 118402822. 
Total times memory accessed: 1996492236. 
Total times 25 >= t <= 50: 8. 
Total times 50 >= t <= 75: 6. 
Total times 75 >= t <= 100: 5. 
Total times t == 100: 56. 
Total time steps survived: 7007. 
Total runtime so far (hours/minutes/seconds): 60:51:27
----------------------------------------

----------------------------------------
TRIAL 84 STARTED
----------------------------------------
Start Time: 2024-05-24 23:11:44
At time step 99 the agent is dead
The agent had 14 food, 6 water, and 18 sleep.
The total tree search depth for this trial was 2052200. 
The agent accessed its memory 34886786 times. 
The agent cleared its short-term memory 78 times. 
     State prediction error memory resets: 6. 
     Hill memory resets: 72. 
TRIAL 84 COMPLETE ?
End Time: 2024-05-25 00:12:26
Total runtime for this trial (minutes/seconds): 00:42
----------------------------------------
Total hill visits: 5210. 
Total prediction errors: 317. 
Total search depth: 120455022. 
Total times memory accessed: 2031379022. 
Total times 25 >= t <= 50: 8. 
Total times 50 >= t <= 75: 6. 
Total times 75 >= t <= 100: 5. 
Total times t == 100: 57. 
Total time steps survived: 7107. 
Total runtime so far (hours/minutes/seconds): 61:52:08
----------------------------------------

----------------------------------------
TRIAL 85 STARTED
----------------------------------------
Start Time: 2024-05-25 00:12:25
At time step 99 the agent is dead
The agent had 14 food, 11 water, and 18 sleep.
The total tree search depth for this trial was 2275359. 
The agent accessed its memory 38757647 times. 
The agent cleared its short-term memory 81 times. 
     State prediction error memory resets: 7. 
     Hill memory resets: 74. 
TRIAL 85 COMPLETE ?
End Time: 2024-05-25 01:19:02
Total runtime for this trial (minutes/seconds): 06:37
----------------------------------------
Total hill visits: 5284. 
Total prediction errors: 324. 
Total search depth: 122730381. 
Total times memory accessed: 2070136669. 
Total times 25 >= t <= 50: 8. 
Total times 50 >= t <= 75: 6. 
Total times 75 >= t <= 100: 5. 
Total times t == 100: 58. 
Total time steps survived: 7207. 
Total runtime so far (hours/minutes/seconds): 62:58:44
----------------------------------------

----------------------------------------
TRIAL 86 STARTED
----------------------------------------
Start Time: 2024-05-25 01:19:01
At time step 99 the agent is dead
The agent had 11 food, 4 water, and 15 sleep.
The total tree search depth for this trial was 2150096. 
The agent accessed its memory 36585223 times. 
The agent cleared its short-term memory 82 times. 
     State prediction error memory resets: 6. 
     Hill memory resets: 76. 
TRIAL 86 COMPLETE ?
End Time: 2024-05-25 02:22:13
Total runtime for this trial (minutes/seconds): 03:12
----------------------------------------
Total hill visits: 5360. 
Total prediction errors: 330. 
Total search depth: 124880477. 
Total times memory accessed: 2106721892. 
Total times 25 >= t <= 50: 8. 
Total times 50 >= t <= 75: 6. 
Total times 75 >= t <= 100: 5. 
Total times t == 100: 59. 
Total time steps survived: 7307. 
Total runtime so far (hours/minutes/seconds): 64:01:55
----------------------------------------

----------------------------------------
TRIAL 87 STARTED
----------------------------------------
Start Time: 2024-05-25 02:22:12
At time step 99 the agent is dead
The agent had 12 food, 5 water, and 16 sleep.
The total tree search depth for this trial was 1891659. 
The agent accessed its memory 32154336 times. 
The agent cleared its short-term memory 81 times. 
     State prediction error memory resets: 7. 
     Hill memory resets: 74. 
TRIAL 87 COMPLETE ?
End Time: 2024-05-25 03:18:08
Total runtime for this trial (minutes/seconds): 55:56
----------------------------------------
Total hill visits: 5434. 
Total prediction errors: 337. 
Total search depth: 126772136. 
Total times memory accessed: 2138876228. 
Total times 25 >= t <= 50: 8. 
Total times 50 >= t <= 75: 6. 
Total times 75 >= t <= 100: 5. 
Total times t == 100: 60. 
Total time steps survived: 7407. 
Total runtime so far (hours/minutes/seconds): 64:57:50
----------------------------------------

----------------------------------------
TRIAL 88 STARTED
----------------------------------------
Start Time: 2024-05-25 03:18:07
At time step 99 the agent is dead
The agent had 11 food, 14 water, and 15 sleep.
The total tree search depth for this trial was 1822243. 
The agent accessed its memory 31025672 times. 
The agent cleared its short-term memory 82 times. 
     State prediction error memory resets: 5. 
     Hill memory resets: 77. 
TRIAL 88 COMPLETE ?
End Time: 2024-05-25 04:11:41
Total runtime for this trial (minutes/seconds): 53:34
----------------------------------------
Total hill visits: 5511. 
Total prediction errors: 342. 
Total search depth: 128594379. 
Total times memory accessed: 2169901900. 
Total times 25 >= t <= 50: 8. 
Total times 50 >= t <= 75: 6. 
Total times 75 >= t <= 100: 5. 
Total times t == 100: 61. 
Total time steps survived: 7507. 
Total runtime so far (hours/minutes/seconds): 65:51:23
----------------------------------------

----------------------------------------
TRIAL 89 STARTED
----------------------------------------
Start Time: 2024-05-25 04:11:40
At time step 99 the agent is dead
The agent had 12 food, 9 water, and 24 sleep.
The total tree search depth for this trial was 2307031. 
The agent accessed its memory 39231703 times. 
The agent cleared its short-term memory 79 times. 
     State prediction error memory resets: 3. 
     Hill memory resets: 76. 
TRIAL 89 COMPLETE ?
End Time: 2024-05-25 05:20:00
Total runtime for this trial (minutes/seconds): 08:20
----------------------------------------
Total hill visits: 5587. 
Total prediction errors: 345. 
Total search depth: 130901410. 
Total times memory accessed: 2209133603. 
Total times 25 >= t <= 50: 8. 
Total times 50 >= t <= 75: 6. 
Total times 75 >= t <= 100: 5. 
Total times t == 100: 62. 
Total time steps survived: 7607. 
Total runtime so far (hours/minutes/seconds): 66:59:42
----------------------------------------

----------------------------------------
TRIAL 90 STARTED
----------------------------------------
Start Time: 2024-05-25 05:19:59
At time step 99 the agent is dead
The agent had 11 food, 18 water, and 15 sleep.
The total tree search depth for this trial was 2192455. 
The agent accessed its memory 37339513 times. 
The agent cleared its short-term memory 79 times. 
     State prediction error memory resets: 4. 
     Hill memory resets: 75. 
TRIAL 90 COMPLETE ?
End Time: 2024-05-25 06:24:19
Total runtime for this trial (minutes/seconds): 04:20
----------------------------------------
Total hill visits: 5662. 
Total prediction errors: 349. 
Total search depth: 133093865. 
Total times memory accessed: 2246473116. 
Total times 25 >= t <= 50: 8. 
Total times 50 >= t <= 75: 6. 
Total times 75 >= t <= 100: 5. 
Total times t == 100: 63. 
Total time steps survived: 7707. 
Total runtime so far (hours/minutes/seconds): 68:04:01
----------------------------------------

----------------------------------------
TRIAL 91 STARTED
----------------------------------------
Start Time: 2024-05-25 06:24:18
At time step 99 the agent is dead
The agent had 11 food, 17 water, and 15 sleep.
The total tree search depth for this trial was 2498153. 
The agent accessed its memory 42645190 times. 
The agent cleared its short-term memory 82 times. 
     State prediction error memory resets: 7. 
     Hill memory resets: 75. 
TRIAL 91 COMPLETE ?
End Time: 2024-05-25 07:36:47
Total runtime for this trial (minutes/seconds): 12:29
----------------------------------------
Total hill visits: 5737. 
Total prediction errors: 356. 
Total search depth: 135592018. 
Total times memory accessed: 2289118306. 
Total times 25 >= t <= 50: 8. 
Total times 50 >= t <= 75: 6. 
Total times 75 >= t <= 100: 5. 
Total times t == 100: 64. 
Total time steps survived: 7807. 
Total runtime so far (hours/minutes/seconds): 69:16:29
----------------------------------------

----------------------------------------
TRIAL 92 STARTED
----------------------------------------
Start Time: 2024-05-25 07:36:46
At time step 99 the agent is dead
The agent had 12 food, 14 water, and 16 sleep.
The total tree search depth for this trial was 2090515. 
The agent accessed its memory 35551910 times. 
The agent cleared its short-term memory 79 times. 
     State prediction error memory resets: 3. 
     Hill memory resets: 76. 
TRIAL 92 COMPLETE ?
End Time: 2024-05-25 08:38:35
Total runtime for this trial (minutes/seconds): 01:49
----------------------------------------
Total hill visits: 5813. 
Total prediction errors: 359. 
Total search depth: 137682533. 
Total times memory accessed: 2324670216. 
Total times 25 >= t <= 50: 8. 
Total times 50 >= t <= 75: 6. 
Total times 75 >= t <= 100: 5. 
Total times t == 100: 65. 
Total time steps survived: 7907. 
Total runtime so far (hours/minutes/seconds): 70:18:17
----------------------------------------

----------------------------------------
TRIAL 93 STARTED
----------------------------------------
Start Time: 2024-05-25 08:38:34
At time step 99 the agent is dead
The agent had 12 food, 18 water, and 16 sleep.
The total tree search depth for this trial was 2082502. 
The agent accessed its memory 35572528 times. 
The agent cleared its short-term memory 77 times. 
     State prediction error memory resets: 4. 
     Hill memory resets: 73. 
TRIAL 93 COMPLETE ?
End Time: 2024-05-25 09:38:41
Total runtime for this trial (minutes/seconds): 00:07
----------------------------------------
Total hill visits: 5886. 
Total prediction errors: 363. 
Total search depth: 139765035. 
Total times memory accessed: 2360242744. 
Total times 25 >= t <= 50: 8. 
Total times 50 >= t <= 75: 6. 
Total times 75 >= t <= 100: 5. 
Total times t == 100: 66. 
Total time steps survived: 8007. 
Total runtime so far (hours/minutes/seconds): 71:18:23
----------------------------------------

----------------------------------------
TRIAL 94 STARTED
----------------------------------------
Start Time: 2024-05-25 09:38:40
