Running Python script with ALGORITHM=SI and SEED=1
At time 20 the agent is dead.
The agent had: 1 food, -1 water, and 4 sleep.
The total tree search depth for this trial was 1112.
The agent accessed its memory 1754 times.
The agent cleared its short-term memory 3 times.
    State prediction error memory resets: 2.
    Hill memory resets: 1.
At time 20 the agent is dead.
The agent had: 1 food, -1 water, and 4 sleep.
The total tree search depth for this trial was 1663.
The agent accessed its memory 3644 times.
The agent cleared its short-term memory 8 times.
    State prediction error memory resets: 8.
    Hill memory resets: 0.
At time 38 the agent is dead.
The agent had: -1 food, -1 water, and 1 sleep.
The total tree search depth for this trial was 17760.
The agent accessed its memory 60550 times.
The agent cleared its short-term memory 11 times.
    State prediction error memory resets: 10.
    Hill memory resets: 1.
At time 20 the agent is dead.
The agent had: 1 food, -1 water, and 4 sleep.
The total tree search depth for this trial was 27528.
The agent accessed its memory 128170 times.
The agent cleared its short-term memory 9 times.
    State prediction error memory resets: 9.
    Hill memory resets: 0.
At time 20 the agent is dead.
The agent had: 1 food, -1 water, and 4 sleep.
The total tree search depth for this trial was 10916.
The agent accessed its memory 50774 times.
The agent cleared its short-term memory 7 times.
    State prediction error memory resets: 7.
    Hill memory resets: 0.
At time 20 the agent is dead.
The agent had: 1 food, -1 water, and 4 sleep.
The total tree search depth for this trial was 6853.
The agent accessed its memory 32846 times.
The agent cleared its short-term memory 7 times.
    State prediction error memory resets: 7.
    Hill memory resets: 0.
At time 20 the agent is dead.
The agent had: 1 food, -1 water, and 4 sleep.
The total tree search depth for this trial was 5117.
The agent accessed its memory 29527 times.
The agent cleared its short-term memory 2 times.
    State prediction error memory resets: 2.
    Hill memory resets: 0.
At time 20 the agent is dead.
The agent had: 1 food, -1 water, and 4 sleep.
The total tree search depth for this trial was 6203.
The agent accessed its memory 28216 times.
The agent cleared its short-term memory 11 times.
    State prediction error memory resets: 9.
    Hill memory resets: 2.
At time 20 the agent is dead.
The agent had: 1 food, -1 water, and 4 sleep.
The total tree search depth for this trial was 11550.
The agent accessed its memory 52385 times.
The agent cleared its short-term memory 9 times.
    State prediction error memory resets: 7.
    Hill memory resets: 2.
At time 20 the agent is dead.
The agent had: 1 food, -1 water, and 4 sleep.
The total tree search depth for this trial was 6584.
The agent accessed its memory 27264 times.
The agent cleared its short-term memory 3 times.
    State prediction error memory resets: 2.
    Hill memory resets: 1.
At time 20 the agent is dead.
The agent had: 1 food, -1 water, and 4 sleep.
The total tree search depth for this trial was 9757.
The agent accessed its memory 39808 times.
The agent cleared its short-term memory 9 times.
    State prediction error memory resets: 9.
    Hill memory resets: 0.
At time 22 the agent is dead.
The agent had: -1 food, 11 water, and 2 sleep.
The total tree search depth for this trial was 18269.
The agent accessed its memory 70675 times.
The agent cleared its short-term memory 10 times.
    State prediction error memory resets: 9.
    Hill memory resets: 1.
At time 20 the agent is dead.
The agent had: 1 food, -1 water, and 4 sleep.
The total tree search depth for this trial was 6721.
The agent accessed its memory 27307 times.
The agent cleared its short-term memory 4 times.
    State prediction error memory resets: 3.
    Hill memory resets: 1.
At time 25 the agent is dead.
The agent had: 3 food, 19 water, and -1 sleep.
The total tree search depth for this trial was 73724.
The agent accessed its memory 312845 times.
The agent cleared its short-term memory 10 times.
    State prediction error memory resets: 10.
    Hill memory resets: 0.
At time 22 the agent is dead.
The agent had: -1 food, 17 water, and 20 sleep.
The total tree search depth for this trial was 7238.
The agent accessed its memory 29904 times.
The agent cleared its short-term memory 2 times.
    State prediction error memory resets: 1.
    Hill memory resets: 1.
At time 20 the agent is dead.
The agent had: 1 food, -1 water, and 13 sleep.
The total tree search depth for this trial was 40358.
The agent accessed its memory 178994 times.
The agent cleared its short-term memory 10 times.
    State prediction error memory resets: 9.
    Hill memory resets: 1.
At time 20 the agent is dead.
The agent had: 1 food, -1 water, and 4 sleep.
The total tree search depth for this trial was 7686.
The agent accessed its memory 31440 times.
The agent cleared its short-term memory 9 times.
    State prediction error memory resets: 8.
    Hill memory resets: 1.
At time 20 the agent is dead.
The agent had: 1 food, -1 water, and 4 sleep.
The total tree search depth for this trial was 17557.
The agent accessed its memory 73642 times.
The agent cleared its short-term memory 11 times.
    State prediction error memory resets: 10.
    Hill memory resets: 1.
At time 20 the agent is dead.
The agent had: 1 food, -1 water, and 4 sleep.
The total tree search depth for this trial was 8973.
The agent accessed its memory 32492 times.
The agent cleared its short-term memory 9 times.
    State prediction error memory resets: 8.
    Hill memory resets: 1.
At time 20 the agent is dead.
The agent had: 1 food, -1 water, and 13 sleep.
The total tree search depth for this trial was 25669.
The agent accessed its memory 112641 times.
The agent cleared its short-term memory 9 times.
    State prediction error memory resets: 8.
    Hill memory resets: 1.
At time 20 the agent is dead.
The agent had: 1 food, -1 water, and 4 sleep.
The total tree search depth for this trial was 30945.
The agent accessed its memory 118337 times.
The agent cleared its short-term memory 6 times.
    State prediction error memory resets: 5.
    Hill memory resets: 1.
At time 20 the agent is dead.
The agent had: 1 food, -1 water, and 10 sleep.
The total tree search depth for this trial was 12905.
The agent accessed its memory 47413 times.
The agent cleared its short-term memory 4 times.
    State prediction error memory resets: 3.
    Hill memory resets: 1.
At time 20 the agent is dead.
The agent had: 1 food, -1 water, and 4 sleep.
The total tree search depth for this trial was 18498.
The agent accessed its memory 73759 times.
The agent cleared its short-term memory 3 times.
    State prediction error memory resets: 2.
    Hill memory resets: 1.
At time 20 the agent is dead.
The agent had: 1 food, -1 water, and 16 sleep.
The total tree search depth for this trial was 12163.
The agent accessed its memory 41770 times.
The agent cleared its short-term memory 9 times.
    State prediction error memory resets: 8.
    Hill memory resets: 1.
At time 20 the agent is dead.
The agent had: 8 food, -1 water, and 21 sleep.
The total tree search depth for this trial was 34957.
The agent accessed its memory 123331 times.
The agent cleared its short-term memory 10 times.
    State prediction error memory resets: 8.
    Hill memory resets: 2.
At time 20 the agent is dead.
The agent had: 1 food, -1 water, and 21 sleep.
The total tree search depth for this trial was 26623.
The agent accessed its memory 105775 times.
The agent cleared its short-term memory 6 times.
    State prediction error memory resets: 4.
    Hill memory resets: 2.
At time 20 the agent is dead.
The agent had: 1 food, -1 water, and 19 sleep.
The total tree search depth for this trial was 30848.
The agent accessed its memory 134248 times.
The agent cleared its short-term memory 6 times.
    State prediction error memory resets: 4.
    Hill memory resets: 2.
At time 22 the agent is dead.
The agent had: -1 food, 17 water, and 19 sleep.
The total tree search depth for this trial was 12446.
The agent accessed its memory 43812 times.
The agent cleared its short-term memory 4 times.
    State prediction error memory resets: 3.
    Hill memory resets: 1.
At time 20 the agent is dead.
The agent had: 1 food, -1 water, and 10 sleep.
The total tree search depth for this trial was 54576.
The agent accessed its memory 211210 times.
The agent cleared its short-term memory 8 times.
    State prediction error memory resets: 7.
    Hill memory resets: 1.
At time 20 the agent is dead.
The agent had: 8 food, -1 water, and 4 sleep.
The total tree search depth for this trial was 39775.
The agent accessed its memory 147769 times.
The agent cleared its short-term memory 10 times.
    State prediction error memory resets: 9.
    Hill memory resets: 1.
At time 22 the agent is dead.
The agent had: -1 food, 16 water, and 11 sleep.
The total tree search depth for this trial was 37500.
The agent accessed its memory 133471 times.
The agent cleared its short-term memory 7 times.
    State prediction error memory resets: 6.
    Hill memory resets: 1.
At time 20 the agent is dead.
The agent had: 1 food, -1 water, and 11 sleep.
The total tree search depth for this trial was 57299.
The agent accessed its memory 226034 times.
The agent cleared its short-term memory 6 times.
    State prediction error memory resets: 5.
    Hill memory resets: 1.
At time 20 the agent is dead.
The agent had: 11 food, -1 water, and 4 sleep.
The total tree search depth for this trial was 23235.
The agent accessed its memory 83802 times.
The agent cleared its short-term memory 3 times.
    State prediction error memory resets: 2.
    Hill memory resets: 1.
At time 57 the agent is dead.
The agent had: -1 food, -1 water, and 9 sleep.
The total tree search depth for this trial was 67152.
The agent accessed its memory 256116 times.
The agent cleared its short-term memory 11 times.
    State prediction error memory resets: 10.
    Hill memory resets: 1.
At time 20 the agent is dead.
The agent had: 1 food, -1 water, and 4 sleep.
The total tree search depth for this trial was 28387.
The agent accessed its memory 116810 times.
The agent cleared its short-term memory 1 times.
    State prediction error memory resets: 1.
    Hill memory resets: 0.
At time 20 the agent is dead.
The agent had: 1 food, -1 water, and 4 sleep.
The total tree search depth for this trial was 42860.
The agent accessed its memory 145128 times.
The agent cleared its short-term memory 3 times.
    State prediction error memory resets: 2.
    Hill memory resets: 1.
At time 34 the agent is dead.
The agent had: -1 food, 0 water, and 8 sleep.
The total tree search depth for this trial was 93124.
The agent accessed its memory 324486 times.
The agent cleared its short-term memory 7 times.
    State prediction error memory resets: 7.
    Hill memory resets: 0.
At time 20 the agent is dead.
The agent had: 13 food, -1 water, and 4 sleep.
The total tree search depth for this trial was 28866.
The agent accessed its memory 97503 times.
The agent cleared its short-term memory 5 times.
    State prediction error memory resets: 4.
    Hill memory resets: 1.
At time 33 the agent is dead.
The agent had: -1 food, 11 water, and 15 sleep.
The total tree search depth for this trial was 54879.
The agent accessed its memory 191793 times.
The agent cleared its short-term memory 3 times.
    State prediction error memory resets: 2.
    Hill memory resets: 1.
At time 20 the agent is dead.
The agent had: 15 food, -1 water, and 17 sleep.
The total tree search depth for this trial was 48628.
The agent accessed its memory 163673 times.
The agent cleared its short-term memory 6 times.
    State prediction error memory resets: 4.
    Hill memory resets: 2.
At time 30 the agent is dead.
The agent had: -1 food, 5 water, and 11 sleep.
The total tree search depth for this trial was 69859.
The agent accessed its memory 269983 times.
The agent cleared its short-term memory 16 times.
    State prediction error memory resets: 13.
    Hill memory resets: 3.
At time 20 the agent is dead.
The agent had: 1 food, -1 water, and 21 sleep.
The total tree search depth for this trial was 22851.
The agent accessed its memory 84943 times.
The agent cleared its short-term memory 12 times.
    State prediction error memory resets: 11.
    Hill memory resets: 1.
At time 20 the agent is dead.
The agent had: 1 food, -1 water, and 4 sleep.
The total tree search depth for this trial was 15434.
The agent accessed its memory 50539 times.
The agent cleared its short-term memory 10 times.
    State prediction error memory resets: 9.
    Hill memory resets: 1.
At time 39 the agent is dead.
The agent had: -1 food, 2 water, and 11 sleep.
The total tree search depth for this trial was 116543.
The agent accessed its memory 393871 times.
The agent cleared its short-term memory 6 times.
    State prediction error memory resets: 5.
    Hill memory resets: 1.
At time 20 the agent is dead.
The agent had: 20 food, -1 water, and 20 sleep.
The total tree search depth for this trial was 23821.
The agent accessed its memory 83273 times.
The agent cleared its short-term memory 5 times.
    State prediction error memory resets: 4.
    Hill memory resets: 1.
At time 38 the agent is dead.
The agent had: 7 food, 1 water, and -1 sleep.
The total tree search depth for this trial was 105664.
The agent accessed its memory 368250 times.
The agent cleared its short-term memory 20 times.
    State prediction error memory resets: 19.
    Hill memory resets: 1.
At time 20 the agent is dead.
The agent had: 1 food, -1 water, and 13 sleep.
The total tree search depth for this trial was 24716.
The agent accessed its memory 88630 times.
The agent cleared its short-term memory 7 times.
    State prediction error memory resets: 6.
    Hill memory resets: 1.
At time 65 the agent is dead.
The agent had: 15 food, -1 water, and 14 sleep.
The total tree search depth for this trial was 161198.
The agent accessed its memory 543739 times.
The agent cleared its short-term memory 17 times.
    State prediction error memory resets: 13.
    Hill memory resets: 4.
At time 53 the agent is dead.
The agent had: -1 food, 9 water, and 13 sleep.
The total tree search depth for this trial was 153968.
The agent accessed its memory 552739 times.
The agent cleared its short-term memory 13 times.
    State prediction error memory resets: 11.
    Hill memory resets: 2.
At time 69 the agent is dead.
The agent had: -1 food, -1 water, and 7 sleep.
The total tree search depth for this trial was 209822.
The agent accessed its memory 744886 times.
The agent cleared its short-term memory 20 times.
    State prediction error memory resets: 18.
    Hill memory resets: 2.
At time 72 the agent is dead.
The agent had: 2 food, -1 water, and 6 sleep.
The total tree search depth for this trial was 148522.
The agent accessed its memory 487553 times.
The agent cleared its short-term memory 12 times.
    State prediction error memory resets: 11.
    Hill memory resets: 1.
At time 47 the agent is dead.
The agent had: 3 food, -1 water, and 1 sleep.
The total tree search depth for this trial was 112951.
The agent accessed its memory 366865 times.
The agent cleared its short-term memory 8 times.
    State prediction error memory resets: 7.
    Hill memory resets: 1.
At time 88 the agent is dead.
The agent had: -1 food, 9 water, and 12 sleep.
The total tree search depth for this trial was 97425.
The agent accessed its memory 308945 times.
The agent cleared its short-term memory 8 times.
    State prediction error memory resets: 7.
    Hill memory resets: 1.
At time 50 the agent is dead.
The agent had: 7 food, -1 water, and 2 sleep.
The total tree search depth for this trial was 106415.
The agent accessed its memory 357191 times.
The agent cleared its short-term memory 7 times.
    State prediction error memory resets: 5.
    Hill memory resets: 2.
At time 69 the agent is dead.
The agent had: -1 food, -1 water, and 13 sleep.
The total tree search depth for this trial was 171605.
The agent accessed its memory 586737 times.
The agent cleared its short-term memory 13 times.
    State prediction error memory resets: 12.
    Hill memory resets: 1.
At time 20 the agent is dead.
The agent had: 1 food, -1 water, and 18 sleep.
The total tree search depth for this trial was 54653.
The agent accessed its memory 203265 times.
The agent cleared its short-term memory 8 times.
    State prediction error memory resets: 7.
    Hill memory resets: 1.
At time 51 the agent is dead.
The agent had: 4 food, -1 water, and 16 sleep.
The total tree search depth for this trial was 173956.
The agent accessed its memory 581266 times.
The agent cleared its short-term memory 16 times.
    State prediction error memory resets: 14.
    Hill memory resets: 2.
At time 20 the agent is dead.
The agent had: 1 food, -1 water, and 14 sleep.
The total tree search depth for this trial was 54229.
The agent accessed its memory 193901 times.
The agent cleared its short-term memory 8 times.
    State prediction error memory resets: 6.
    Hill memory resets: 2.
At time 42 the agent is dead.
The agent had: 9 food, -1 water, and 20 sleep.
The total tree search depth for this trial was 59252.
The agent accessed its memory 198102 times.
The agent cleared its short-term memory 5 times.
    State prediction error memory resets: 4.
    Hill memory resets: 1.
At time 50 the agent is dead.
The agent had: -1 food, 6 water, and 21 sleep.
The total tree search depth for this trial was 83938.
The agent accessed its memory 275691 times.
The agent cleared its short-term memory 7 times.
    State prediction error memory resets: 6.
    Hill memory resets: 1.
At time 39 the agent is dead.
The agent had: 7 food, -1 water, and 2 sleep.
The total tree search depth for this trial was 82296.
The agent accessed its memory 292731 times.
The agent cleared its short-term memory 7 times.
    State prediction error memory resets: 4.
    Hill memory resets: 3.
At time 44 the agent is dead.
The agent had: -1 food, 1 water, and 7 sleep.
The total tree search depth for this trial was 218692.
The agent accessed its memory 735126 times.
The agent cleared its short-term memory 13 times.
    State prediction error memory resets: 12.
    Hill memory resets: 1.
At time 46 the agent is dead.
The agent had: -1 food, 11 water, and 15 sleep.
The total tree search depth for this trial was 69816.
The agent accessed its memory 226530 times.
The agent cleared its short-term memory 7 times.
    State prediction error memory resets: 6.
    Hill memory resets: 1.
At time 79 the agent is dead.
The agent had: 2 food, -1 water, and 7 sleep.
The total tree search depth for this trial was 165653.
The agent accessed its memory 541554 times.
The agent cleared its short-term memory 13 times.
    State prediction error memory resets: 12.
    Hill memory resets: 1.
At time 76 the agent is dead.
The agent had: -1 food, 5 water, and 21 sleep.
The total tree search depth for this trial was 128106.
The agent accessed its memory 414613 times.
The agent cleared its short-term memory 8 times.
    State prediction error memory resets: 7.
    Hill memory resets: 1.
At time 20 the agent is dead.
The agent had: 11 food, -1 water, and 13 sleep.
The total tree search depth for this trial was 52818.
The agent accessed its memory 163822 times.
The agent cleared its short-term memory 5 times.
    State prediction error memory resets: 4.
    Hill memory resets: 1.
At time 57 the agent is dead.
The agent had: 2 food, -1 water, and 6 sleep.
The total tree search depth for this trial was 105497.
The agent accessed its memory 351916 times.
The agent cleared its short-term memory 7 times.
    State prediction error memory resets: 6.
    Hill memory resets: 1.
At time 20 the agent is dead.
The agent had: 1 food, -1 water, and 4 sleep.
The total tree search depth for this trial was 62328.
The agent accessed its memory 225850 times.
The agent cleared its short-term memory 5 times.
    State prediction error memory resets: 3.
    Hill memory resets: 2.
At time 48 the agent is dead.
The agent had: -1 food, 1 water, and 21 sleep.
The total tree search depth for this trial was 86414.
The agent accessed its memory 281036 times.
The agent cleared its short-term memory 6 times.
    State prediction error memory resets: 4.
    Hill memory resets: 2.
At time 36 the agent is dead.
The agent had: 6 food, -1 water, and 19 sleep.
The total tree search depth for this trial was 103777.
The agent accessed its memory 372899 times.
The agent cleared its short-term memory 9 times.
    State prediction error memory resets: 7.
    Hill memory resets: 2.
At time 63 the agent is dead.
The agent had: -1 food, -1 water, and 19 sleep.
The total tree search depth for this trial was 197008.
The agent accessed its memory 654192 times.
The agent cleared its short-term memory 13 times.
    State prediction error memory resets: 11.
    Hill memory resets: 2.
At time 20 the agent is dead.
The agent had: 1 food, -1 water, and 18 sleep.
The total tree search depth for this trial was 79640.
The agent accessed its memory 292736 times.
The agent cleared its short-term memory 7 times.
    State prediction error memory resets: 2.
    Hill memory resets: 5.
At time 73 the agent is dead.
The agent had: 7 food, -1 water, and 9 sleep.
The total tree search depth for this trial was 187636.
The agent accessed its memory 619627 times.
The agent cleared its short-term memory 14 times.
    State prediction error memory resets: 12.
    Hill memory resets: 2.
At time 20 the agent is dead.
The agent had: 1 food, -1 water, and 20 sleep.
The total tree search depth for this trial was 32148.
The agent accessed its memory 106804 times.
The agent cleared its short-term memory 4 times.
    State prediction error memory resets: 2.
    Hill memory resets: 2.
At time 64 the agent is dead.
The agent had: 3 food, -1 water, and 15 sleep.
The total tree search depth for this trial was 123835.
The agent accessed its memory 397486 times.
The agent cleared its short-term memory 8 times.
    State prediction error memory resets: 6.
    Hill memory resets: 2.
At time 20 the agent is dead.
The agent had: 1 food, -1 water, and 10 sleep.
The total tree search depth for this trial was 54947.
The agent accessed its memory 171417 times.
The agent cleared its short-term memory 3 times.
    State prediction error memory resets: 2.
    Hill memory resets: 1.
At time 20 the agent is dead.
The agent had: 7 food, -1 water, and 20 sleep.
The total tree search depth for this trial was 72989.
The agent accessed its memory 245758 times.
The agent cleared its short-term memory 3 times.
    State prediction error memory resets: 2.
    Hill memory resets: 1.
At time 88 the agent is dead.
The agent had: -1 food, 7 water, and 11 sleep.
The total tree search depth for this trial was 152300.
The agent accessed its memory 487318 times.
The agent cleared its short-term memory 10 times.
    State prediction error memory resets: 7.
    Hill memory resets: 3.
At time 74 the agent is dead.
The agent had: 10 food, -1 water, and 21 sleep.
The total tree search depth for this trial was 201824.
The agent accessed its memory 665232 times.
The agent cleared its short-term memory 17 times.
    State prediction error memory resets: 15.
    Hill memory resets: 2.
At time 86 the agent is dead.
The agent had: -1 food, 3 water, and 20 sleep.
The total tree search depth for this trial was 202967.
The agent accessed its memory 637045 times.
The agent cleared its short-term memory 16 times.
    State prediction error memory resets: 14.
    Hill memory resets: 2.
At time 20 the agent is dead.
The agent had: 1 food, -1 water, and 23 sleep.
The total tree search depth for this trial was 24496.
The agent accessed its memory 76769 times.
The agent cleared its short-term memory 4 times.
    State prediction error memory resets: 3.
    Hill memory resets: 1.
At time 97 the agent is dead.
The agent had: 3 food, -1 water, and 20 sleep.
The total tree search depth for this trial was 171621.
The agent accessed its memory 549907 times.
The agent cleared its short-term memory 12 times.
    State prediction error memory resets: 9.
    Hill memory resets: 3.
At time 82 the agent is dead.
The agent had: 1 food, 1 water, and -1 sleep.
The total tree search depth for this trial was 241179.
The agent accessed its memory 781301 times.
The agent cleared its short-term memory 21 times.
    State prediction error memory resets: 18.
    Hill memory resets: 3.
At time 80 the agent is dead.
The agent had: -1 food, 8 water, and 3 sleep.
The total tree search depth for this trial was 137452.
The agent accessed its memory 480521 times.
The agent cleared its short-term memory 13 times.
    State prediction error memory resets: 11.
    Hill memory resets: 2.
At time 73 the agent is dead.
The agent had: 7 food, 3 water, and -1 sleep.
The total tree search depth for this trial was 265725.
The agent accessed its memory 883049 times.
The agent cleared its short-term memory 14 times.
    State prediction error memory resets: 12.
    Hill memory resets: 2.
At time 22 the agent is dead.
The agent had: -1 food, 7 water, and 9 sleep.
The total tree search depth for this trial was 31986.
The agent accessed its memory 102529 times.
The agent cleared its short-term memory 3 times.
    State prediction error memory resets: 2.
    Hill memory resets: 1.
At time 65 the agent is dead.
The agent had: -1 food, 1 water, and 8 sleep.
The total tree search depth for this trial was 165487.
The agent accessed its memory 548039 times.
The agent cleared its short-term memory 10 times.
    State prediction error memory resets: 8.
    Hill memory resets: 2.
At time 30 the agent is dead.
The agent had: -1 food, 16 water, and 18 sleep.
The total tree search depth for this trial was 94402.
The agent accessed its memory 302356 times.
The agent cleared its short-term memory 7 times.
    State prediction error memory resets: 6.
    Hill memory resets: 1.
At time 61 the agent is dead.
The agent had: -1 food, 4 water, and 14 sleep.
The total tree search depth for this trial was 172555.
The agent accessed its memory 573042 times.
The agent cleared its short-term memory 9 times.
    State prediction error memory resets: 8.
    Hill memory resets: 1.
At time 60 the agent is dead.
The agent had: -1 food, 12 water, and 20 sleep.
The total tree search depth for this trial was 130653.
The agent accessed its memory 432680 times.
The agent cleared its short-term memory 8 times.
    State prediction error memory resets: 6.
    Hill memory resets: 2.
At time 42 the agent is dead.
The agent had: 4 food, -1 water, and 11 sleep.
The total tree search depth for this trial was 111081.
The agent accessed its memory 367124 times.
The agent cleared its short-term memory 5 times.
    State prediction error memory resets: 4.
    Hill memory resets: 1.
At time 98 the agent is dead.
The agent had: 4 food, -1 water, and 14 sleep.
The total tree search depth for this trial was 306961.
The agent accessed its memory 1023814 times.
The agent cleared its short-term memory 21 times.
    State prediction error memory resets: 20.
    Hill memory resets: 1.
At time 75 the agent is dead.
The agent had: 2 food, -1 water, and 2 sleep.
The total tree search depth for this trial was 133369.
The agent accessed its memory 425060 times.
The agent cleared its short-term memory 10 times.
    State prediction error memory resets: 9.
    Hill memory resets: 1.
At time 42 the agent is dead.
The agent had: 7 food, 3 water, and -1 sleep.
The total tree search depth for this trial was 77825.
The agent accessed its memory 248100 times.
The agent cleared its short-term memory 6 times.
    State prediction error memory resets: 5.
    Hill memory resets: 1.
At time 62 the agent is dead.
The agent had: -1 food, 5 water, and 13 sleep.
The total tree search depth for this trial was 112185.
The agent accessed its memory 354618 times.
The agent cleared its short-term memory 11 times.
    State prediction error memory resets: 9.
    Hill memory resets: 2.
At time 80 the agent is dead.
The agent had: 6 food, -1 water, and 2 sleep.
The total tree search depth for this trial was 70327.
The agent accessed its memory 225814 times.
The agent cleared its short-term memory 7 times.
    State prediction error memory resets: 5.
    Hill memory resets: 2.
At time 25 the agent is dead.
The agent had: 7 food, 1 water, and -1 sleep.
The total tree search depth for this trial was 114850.
The agent accessed its memory 399208 times.
The agent cleared its short-term memory 9 times.
    State prediction error memory resets: 8.
    Hill memory resets: 1.
At time 29 the agent is dead.
The agent had: 3 food, -1 water, and 1 sleep.
The total tree search depth for this trial was 38068.
The agent accessed its memory 125258 times.
The agent cleared its short-term memory 4 times.
    State prediction error memory resets: 3.
    Hill memory resets: 1.
At time 36 the agent is dead.
The agent had: 2 food, -1 water, and 6 sleep.
The total tree search depth for this trial was 39617.
The agent accessed its memory 114138 times.
The agent cleared its short-term memory 4 times.
    State prediction error memory resets: 3.
    Hill memory resets: 1.
At time 48 the agent is dead.
The agent had: -1 food, 5 water, and 12 sleep.
The total tree search depth for this trial was 132097.
The agent accessed its memory 415434 times.
The agent cleared its short-term memory 10 times.
    State prediction error memory resets: 9.
    Hill memory resets: 1.
At time 77 the agent is dead.
The agent had: 2 food, -1 water, and 2 sleep.
The total tree search depth for this trial was 109901.
The agent accessed its memory 338937 times.
The agent cleared its short-term memory 9 times.
    State prediction error memory resets: 8.
    Hill memory resets: 1.
At time 29 the agent is dead.
The agent had: 6 food, -1 water, and 1 sleep.
The total tree search depth for this trial was 39601.
The agent accessed its memory 130017 times.
The agent cleared its short-term memory 3 times.
    State prediction error memory resets: 2.
    Hill memory resets: 1.
At time 22 the agent is dead.
The agent had: -1 food, 8 water, and 2 sleep.
The total tree search depth for this trial was 81781.
The agent accessed its memory 292685 times.
The agent cleared its short-term memory 11 times.
    State prediction error memory resets: 9.
    Hill memory resets: 2.
At time 30 the agent is dead.
The agent had: -1 food, 3 water, and 7 sleep.
The total tree search depth for this trial was 158335.
The agent accessed its memory 515822 times.
The agent cleared its short-term memory 12 times.
    State prediction error memory resets: 10.
    Hill memory resets: 2.
At time 80 the agent is dead.
The agent had: 4 food, -1 water, and 6 sleep.
The total tree search depth for this trial was 157350.
The agent accessed its memory 519927 times.
The agent cleared its short-term memory 17 times.
    State prediction error memory resets: 14.
    Hill memory resets: 3.
At time 38 the agent is dead.
The agent had: -1 food, 8 water, and 10 sleep.
The total tree search depth for this trial was 127320.
The agent accessed its memory 392394 times.
The agent cleared its short-term memory 10 times.
    State prediction error memory resets: 8.
    Hill memory resets: 2.
At time 60 the agent is dead.
The agent had: 11 food, 12 water, and -1 sleep.
The total tree search depth for this trial was 194704.
The agent accessed its memory 587642 times.
The agent cleared its short-term memory 12 times.
    State prediction error memory resets: 11.
    Hill memory resets: 1.
