Running main with ALGORITHM=SI, SEED=18, HORIZON=2, K_FACTOR=0.7, ROOT_FOLDER=/home/grmstj001, MCT=3, NUM_MCT=100, AUTO_REST=

                            < M A T L A B (R) >
                  Copyright 1984-2024 The MathWorks, Inc.
                  R2024a (24.1.0.2537033) 64-bit (glnxa64)
                             February 21, 2024

 
To get started, type doc.
For product information, visit www.mathworks.com.
 
Algorithm: SI
Seed: 18
Horizon: 2
K-factor: 0.70
Root folder: /home/grmstj001
MCT: 3
Number of MCT: 100
Auto restore: 0
Results file name: 

ans = 

  struct with fields:

     Type: 'twister'
     Seed: 18
    State: [625x1 uint32]


----------------------------------------
TRIAL 1 STARTED
----------------------------------------
Start Time: 2024-05-13 13:29:52
At time step 26 the agent is dead
The agent had 19 food, 18 water, and 0 sleep.
The total tree search depth for this trial was 1792. 
The agent accessed its memory 14102 times. 
The agent cleared its short-term memory 10 times. 
     State prediction error memory resets: 9. 
     Hill memory resets: 1. 
TRIAL 1 COMPLETE ✔
End Time: 2024-05-13 13:30:00
Total runtime for this trial (minutes/seconds): 00:08
----------------------------------------
Total hill visits: 1. 
Total prediction errors: 9. 
Total search depth: 1792. 
Total times memory accessed: 14102. 
Total times 25 >= t <= 50: 1. 
Total times 50 >= t <= 75: 0. 
Total times 75 >= t <= 100: 0. 
Total times t == 100: 0. 
Total time steps survived: 27. 
Total runtime so far (hours/minutes/seconds): 00:00:08
----------------------------------------

----------------------------------------
TRIAL 2 STARTED
----------------------------------------
Start Time: 2024-05-13 13:29:59
At time step 21 the agent is dead
The agent had 2 food, 0 water, and 5 sleep.
The total tree search depth for this trial was 1317. 
The agent accessed its memory 21605 times. 
The agent cleared its short-term memory 0 times. 
     State prediction error memory resets: 0. 
     Hill memory resets: 0. 
TRIAL 2 COMPLETE ✔
End Time: 2024-05-13 13:30:02
Total runtime for this trial (minutes/seconds): 00:03
----------------------------------------
Total hill visits: 1. 
Total prediction errors: 9. 
Total search depth: 3109. 
Total times memory accessed: 35707. 
Total times 25 >= t <= 50: 1. 
Total times 50 >= t <= 75: 0. 
Total times 75 >= t <= 100: 0. 
Total times t == 100: 0. 
Total time steps survived: 49. 
Total runtime so far (hours/minutes/seconds): 00:00:10
----------------------------------------

----------------------------------------
TRIAL 3 STARTED
----------------------------------------
Start Time: 2024-05-13 13:30:01
At time step 21 the agent is dead
The agent had 2 food, 0 water, and 5 sleep.
The total tree search depth for this trial was 1142. 
The agent accessed its memory 18555 times. 
The agent cleared its short-term memory 0 times. 
     State prediction error memory resets: 0. 
     Hill memory resets: 0. 
TRIAL 3 COMPLETE ✔
End Time: 2024-05-13 13:30:03
Total runtime for this trial (minutes/seconds): 00:02
----------------------------------------
Total hill visits: 1. 
Total prediction errors: 9. 
Total search depth: 4251. 
Total times memory accessed: 54262. 
Total times 25 >= t <= 50: 1. 
Total times 50 >= t <= 75: 0. 
Total times 75 >= t <= 100: 0. 
Total times t == 100: 0. 
Total time steps survived: 71. 
Total runtime so far (hours/minutes/seconds): 00:00:11
----------------------------------------

----------------------------------------
TRIAL 4 STARTED
----------------------------------------
Start Time: 2024-05-13 13:30:02
At time step 23 the agent is dead
The agent had 0 food, 12 water, and 20 sleep.
The total tree search depth for this trial was 10106. 
The agent accessed its memory 84806 times. 
The agent cleared its short-term memory 10 times. 
     State prediction error memory resets: 9. 
     Hill memory resets: 1. 
TRIAL 4 COMPLETE ✔
End Time: 2024-05-13 13:30:15
Total runtime for this trial (minutes/seconds): 00:13
----------------------------------------
Total hill visits: 2. 
Total prediction errors: 18. 
Total search depth: 14357. 
Total times memory accessed: 139068. 
Total times 25 >= t <= 50: 1. 
Total times 50 >= t <= 75: 0. 
Total times 75 >= t <= 100: 0. 
Total times t == 100: 0. 
Total time steps survived: 95. 
Total runtime so far (hours/minutes/seconds): 00:00:23
----------------------------------------

----------------------------------------
TRIAL 5 STARTED
----------------------------------------
Start Time: 2024-05-13 13:30:14
At time step 23 the agent is dead
The agent had 0 food, 2 water, and 3 sleep.
The total tree search depth for this trial was 10977. 
The agent accessed its memory 101028 times. 
The agent cleared its short-term memory 12 times. 
     State prediction error memory resets: 11. 
     Hill memory resets: 1. 
TRIAL 5 COMPLETE ✔
End Time: 2024-05-13 13:30:31
Total runtime for this trial (minutes/seconds): 00:17
----------------------------------------
Total hill visits: 3. 
Total prediction errors: 29. 
Total search depth: 25334. 
Total times memory accessed: 240096. 
Total times 25 >= t <= 50: 1. 
Total times 50 >= t <= 75: 0. 
Total times 75 >= t <= 100: 0. 
Total times t == 100: 0. 
Total time steps survived: 119. 
Total runtime so far (hours/minutes/seconds): 00:00:39
----------------------------------------

----------------------------------------
TRIAL 6 STARTED
----------------------------------------
Start Time: 2024-05-13 13:30:30
At time step 23 the agent is dead
The agent had 0 food, 18 water, and 22 sleep.
The total tree search depth for this trial was 12415. 
The agent accessed its memory 115260 times. 
The agent cleared its short-term memory 14 times. 
     State prediction error memory resets: 14. 
     Hill memory resets: 0. 
TRIAL 6 COMPLETE ✔
End Time: 2024-05-13 13:30:50
Total runtime for this trial (minutes/seconds): 00:20
----------------------------------------
Total hill visits: 3. 
Total prediction errors: 43. 
Total search depth: 37749. 
Total times memory accessed: 355356. 
Total times 25 >= t <= 50: 1. 
Total times 50 >= t <= 75: 0. 
Total times 75 >= t <= 100: 0. 
Total times t == 100: 0. 
Total time steps survived: 143. 
Total runtime so far (hours/minutes/seconds): 00:00:58
----------------------------------------

----------------------------------------
TRIAL 7 STARTED
----------------------------------------
Start Time: 2024-05-13 13:30:49
At time step 21 the agent is dead
The agent had 2 food, 0 water, and 5 sleep.
The total tree search depth for this trial was 1772. 
The agent accessed its memory 24137 times. 
The agent cleared its short-term memory 1 times. 
     State prediction error memory resets: 1. 
     Hill memory resets: 0. 
TRIAL 7 COMPLETE ✔
End Time: 2024-05-13 13:30:53
Total runtime for this trial (minutes/seconds): 00:04
----------------------------------------
Total hill visits: 3. 
Total prediction errors: 44. 
Total search depth: 39521. 
Total times memory accessed: 379493. 
Total times 25 >= t <= 50: 1. 
Total times 50 >= t <= 75: 0. 
Total times 75 >= t <= 100: 0. 
Total times t == 100: 0. 
Total time steps survived: 165. 
Total runtime so far (hours/minutes/seconds): 00:01:01
----------------------------------------

----------------------------------------
TRIAL 8 STARTED
----------------------------------------
Start Time: 2024-05-13 13:30:52
At time step 28 the agent is dead
The agent had 15 food, 0 water, and 8 sleep.
The total tree search depth for this trial was 21084. 
The agent accessed its memory 160303 times. 
The agent cleared its short-term memory 11 times. 
     State prediction error memory resets: 10. 
     Hill memory resets: 1. 
TRIAL 8 COMPLETE ✔
End Time: 2024-05-13 13:31:19
Total runtime for this trial (minutes/seconds): 00:27
----------------------------------------
Total hill visits: 4. 
Total prediction errors: 54. 
Total search depth: 60605. 
Total times memory accessed: 539796. 
Total times 25 >= t <= 50: 2. 
Total times 50 >= t <= 75: 0. 
Total times 75 >= t <= 100: 0. 
Total times t == 100: 0. 
Total time steps survived: 194. 
Total runtime so far (hours/minutes/seconds): 00:01:27
----------------------------------------

----------------------------------------
TRIAL 9 STARTED
----------------------------------------
Start Time: 2024-05-13 13:31:18
At time step 21 the agent is dead
The agent had 2 food, 0 water, and 5 sleep.
The total tree search depth for this trial was 2802. 
The agent accessed its memory 29320 times. 
The agent cleared its short-term memory 9 times. 
     State prediction error memory resets: 9. 
     Hill memory resets: 0. 
TRIAL 9 COMPLETE ✔
End Time: 2024-05-13 13:31:25
Total runtime for this trial (minutes/seconds): 00:07
----------------------------------------
Total hill visits: 4. 
Total prediction errors: 63. 
Total search depth: 63407. 
Total times memory accessed: 569116. 
Total times 25 >= t <= 50: 2. 
Total times 50 >= t <= 75: 0. 
Total times 75 >= t <= 100: 0. 
Total times t == 100: 0. 
Total time steps survived: 216. 
Total runtime so far (hours/minutes/seconds): 00:01:33
----------------------------------------

----------------------------------------
TRIAL 10 STARTED
----------------------------------------
Start Time: 2024-05-13 13:31:24
At time step 23 the agent is dead
The agent had 0 food, 16 water, and 22 sleep.
The total tree search depth for this trial was 7343. 
The agent accessed its memory 53939 times. 
The agent cleared its short-term memory 9 times. 
     State prediction error memory resets: 8. 
     Hill memory resets: 1. 
TRIAL 10 COMPLETE ✔
End Time: 2024-05-13 13:31:38
Total runtime for this trial (minutes/seconds): 00:14
----------------------------------------
Total hill visits: 5. 
Total prediction errors: 71. 
Total search depth: 70750. 
Total times memory accessed: 623055. 
Total times 25 >= t <= 50: 2. 
Total times 50 >= t <= 75: 0. 
Total times 75 >= t <= 100: 0. 
Total times t == 100: 0. 
Total time steps survived: 240. 
Total runtime so far (hours/minutes/seconds): 00:01:46
----------------------------------------

----------------------------------------
TRIAL 11 STARTED
----------------------------------------
Start Time: 2024-05-13 13:31:37
At time step 21 the agent is dead
The agent had 2 food, 0 water, and 13 sleep.
The total tree search depth for this trial was 18085. 
The agent accessed its memory 122068 times. 
The agent cleared its short-term memory 14 times. 
     State prediction error memory resets: 12. 
     Hill memory resets: 2. 
TRIAL 11 COMPLETE ✔
End Time: 2024-05-13 13:32:04
Total runtime for this trial (minutes/seconds): 00:27
----------------------------------------
Total hill visits: 7. 
Total prediction errors: 83. 
Total search depth: 88835. 
Total times memory accessed: 745123. 
Total times 25 >= t <= 50: 2. 
Total times 50 >= t <= 75: 0. 
Total times 75 >= t <= 100: 0. 
Total times t == 100: 0. 
Total time steps survived: 262. 
Total runtime so far (hours/minutes/seconds): 00:02:12
----------------------------------------

----------------------------------------
TRIAL 12 STARTED
----------------------------------------
Start Time: 2024-05-13 13:32:03
At time step 21 the agent is dead
The agent had 2 food, 0 water, and 5 sleep.
The total tree search depth for this trial was 2219. 
The agent accessed its memory 25947 times. 
The agent cleared its short-term memory 7 times. 
     State prediction error memory resets: 7. 
     Hill memory resets: 0. 
TRIAL 12 COMPLETE ✔
End Time: 2024-05-13 13:32:09
Total runtime for this trial (minutes/seconds): 00:06
----------------------------------------
Total hill visits: 7. 
Total prediction errors: 90. 
Total search depth: 91054. 
Total times memory accessed: 771070. 
Total times 25 >= t <= 50: 2. 
Total times 50 >= t <= 75: 0. 
Total times 75 >= t <= 100: 0. 
Total times t == 100: 0. 
Total time steps survived: 284. 
Total runtime so far (hours/minutes/seconds): 00:02:17
----------------------------------------

----------------------------------------
TRIAL 13 STARTED
----------------------------------------
Start Time: 2024-05-13 13:32:08
At time step 21 the agent is dead
The agent had 2 food, 0 water, and 14 sleep.
The total tree search depth for this trial was 16564. 
The agent accessed its memory 135583 times. 
The agent cleared its short-term memory 12 times. 
     State prediction error memory resets: 12. 
     Hill memory resets: 0. 
TRIAL 13 COMPLETE ✔
End Time: 2024-05-13 13:32:33
Total runtime for this trial (minutes/seconds): 00:25
----------------------------------------
Total hill visits: 7. 
Total prediction errors: 102. 
Total search depth: 107618. 
Total times memory accessed: 906653. 
Total times 25 >= t <= 50: 2. 
Total times 50 >= t <= 75: 0. 
Total times 75 >= t <= 100: 0. 
Total times t == 100: 0. 
Total time steps survived: 306. 
Total runtime so far (hours/minutes/seconds): 00:02:41
----------------------------------------

----------------------------------------
TRIAL 14 STARTED
----------------------------------------
Start Time: 2024-05-13 13:32:32
At time step 26 the agent is dead
The agent had 15 food, 3 water, and 0 sleep.
The total tree search depth for this trial was 51399. 
The agent accessed its memory 450094 times. 
The agent cleared its short-term memory 18 times. 
     State prediction error memory resets: 18. 
     Hill memory resets: 0. 
TRIAL 14 COMPLETE ✔
End Time: 2024-05-13 13:33:48
Total runtime for this trial (minutes/seconds): 01:16
----------------------------------------
Total hill visits: 7. 
Total prediction errors: 120. 
Total search depth: 159017. 
Total times memory accessed: 1356747. 
Total times 25 >= t <= 50: 3. 
Total times 50 >= t <= 75: 0. 
Total times 75 >= t <= 100: 0. 
Total times t == 100: 0. 
Total time steps survived: 333. 
Total runtime so far (hours/minutes/seconds): 00:03:56
----------------------------------------

----------------------------------------
TRIAL 15 STARTED
----------------------------------------
Start Time: 2024-05-13 13:33:47
At time step 21 the agent is dead
The agent had 12 food, 0 water, and 5 sleep.
The total tree search depth for this trial was 27237. 
The agent accessed its memory 162901 times. 
The agent cleared its short-term memory 8 times. 
     State prediction error memory resets: 7. 
     Hill memory resets: 1. 
TRIAL 15 COMPLETE ✔
End Time: 2024-05-13 13:34:25
Total runtime for this trial (minutes/seconds): 00:38
----------------------------------------
Total hill visits: 8. 
Total prediction errors: 127. 
Total search depth: 186254. 
Total times memory accessed: 1519648. 
Total times 25 >= t <= 50: 3. 
Total times 50 >= t <= 75: 0. 
Total times 75 >= t <= 100: 0. 
Total times t == 100: 0. 
Total time steps survived: 355. 
Total runtime so far (hours/minutes/seconds): 00:04:33
----------------------------------------

----------------------------------------
TRIAL 16 STARTED
----------------------------------------
Start Time: 2024-05-13 13:34:24
At time step 58 the agent is dead
The agent had 0 food, 10 water, and 19 sleep.
The total tree search depth for this trial was 75248. 
The agent accessed its memory 487386 times. 
The agent cleared its short-term memory 13 times. 
     State prediction error memory resets: 11. 
     Hill memory resets: 2. 
TRIAL 16 COMPLETE ✔
End Time: 2024-05-13 13:36:04
Total runtime for this trial (minutes/seconds): 01:40
----------------------------------------
Total hill visits: 10. 
Total prediction errors: 138. 
Total search depth: 261502. 
Total times memory accessed: 2007034. 
Total times 25 >= t <= 50: 3. 
Total times 50 >= t <= 75: 1. 
Total times 75 >= t <= 100: 0. 
Total times t == 100: 0. 
Total time steps survived: 414. 
Total runtime so far (hours/minutes/seconds): 00:06:12
----------------------------------------

----------------------------------------
TRIAL 17 STARTED
----------------------------------------
Start Time: 2024-05-13 13:36:03
At time step 21 the agent is dead
The agent had 2 food, 0 water, and 5 sleep.
The total tree search depth for this trial was 20082. 
The agent accessed its memory 135863 times. 
The agent cleared its short-term memory 12 times. 
     State prediction error memory resets: 10. 
     Hill memory resets: 2. 
TRIAL 17 COMPLETE ✔
End Time: 2024-05-13 13:36:35
Total runtime for this trial (minutes/seconds): 00:32
----------------------------------------
Total hill visits: 12. 
Total prediction errors: 148. 
Total search depth: 281584. 
Total times memory accessed: 2142897. 
Total times 25 >= t <= 50: 3. 
Total times 50 >= t <= 75: 1. 
Total times 75 >= t <= 100: 0. 
Total times t == 100: 0. 
Total time steps survived: 436. 
Total runtime so far (hours/minutes/seconds): 00:06:43
----------------------------------------

----------------------------------------
TRIAL 18 STARTED
----------------------------------------
Start Time: 2024-05-13 13:36:34
At time step 21 the agent is dead
The agent had 2 food, 0 water, and 5 sleep.
The total tree search depth for this trial was 19368. 
The agent accessed its memory 127360 times. 
The agent cleared its short-term memory 13 times. 
     State prediction error memory resets: 12. 
     Hill memory resets: 1. 
TRIAL 18 COMPLETE ✔
End Time: 2024-05-13 13:37:08
Total runtime for this trial (minutes/seconds): 00:34
----------------------------------------
Total hill visits: 13. 
Total prediction errors: 160. 
Total search depth: 300952. 
Total times memory accessed: 2270257. 
Total times 25 >= t <= 50: 3. 
Total times 50 >= t <= 75: 1. 
Total times 75 >= t <= 100: 0. 
Total times t == 100: 0. 
Total time steps survived: 458. 
Total runtime so far (hours/minutes/seconds): 00:07:16
----------------------------------------

----------------------------------------
TRIAL 19 STARTED
----------------------------------------
Start Time: 2024-05-13 13:37:07
At time step 21 the agent is dead
The agent had 10 food, 0 water, and 24 sleep.
The total tree search depth for this trial was 37641. 
The agent accessed its memory 240859 times. 
The agent cleared its short-term memory 9 times. 
     State prediction error memory resets: 8. 
     Hill memory resets: 1. 
TRIAL 19 COMPLETE ✔
End Time: 2024-05-13 13:38:02
Total runtime for this trial (minutes/seconds): 00:55
----------------------------------------
Total hill visits: 14. 
Total prediction errors: 168. 
Total search depth: 338593. 
Total times memory accessed: 2511116. 
Total times 25 >= t <= 50: 3. 
Total times 50 >= t <= 75: 1. 
Total times 75 >= t <= 100: 0. 
Total times t == 100: 0. 
Total time steps survived: 480. 
Total runtime so far (hours/minutes/seconds): 00:08:10
----------------------------------------

----------------------------------------
TRIAL 20 STARTED
----------------------------------------
Start Time: 2024-05-13 13:38:01
At time step 21 the agent is dead
The agent had 2 food, 0 water, and 5 sleep.
The total tree search depth for this trial was 5371. 
The agent accessed its memory 43816 times. 
The agent cleared its short-term memory 12 times. 
     State prediction error memory resets: 11. 
     Hill memory resets: 1. 
TRIAL 20 COMPLETE ✔
End Time: 2024-05-13 13:38:12
Total runtime for this trial (minutes/seconds): 00:11
----------------------------------------
Total hill visits: 15. 
Total prediction errors: 179. 
Total search depth: 343964. 
Total times memory accessed: 2554932. 
Total times 25 >= t <= 50: 3. 
Total times 50 >= t <= 75: 1. 
Total times 75 >= t <= 100: 0. 
Total times t == 100: 0. 
Total time steps survived: 502. 
Total runtime so far (hours/minutes/seconds): 00:08:20
----------------------------------------

----------------------------------------
TRIAL 21 STARTED
----------------------------------------
Start Time: 2024-05-13 13:38:11
At time step 21 the agent is dead
The agent had 2 food, 0 water, and 5 sleep.
The total tree search depth for this trial was 2704. 
The agent accessed its memory 27986 times. 
The agent cleared its short-term memory 10 times. 
     State prediction error memory resets: 9. 
     Hill memory resets: 1. 
TRIAL 21 COMPLETE ✔
End Time: 2024-05-13 13:38:17
Total runtime for this trial (minutes/seconds): 00:06
----------------------------------------
Total hill visits: 16. 
Total prediction errors: 188. 
Total search depth: 346668. 
Total times memory accessed: 2582918. 
Total times 25 >= t <= 50: 3. 
Total times 50 >= t <= 75: 1. 
Total times 75 >= t <= 100: 0. 
Total times t == 100: 0. 
Total time steps survived: 524. 
Total runtime so far (hours/minutes/seconds): 00:08:25
----------------------------------------

----------------------------------------
TRIAL 22 STARTED
----------------------------------------
Start Time: 2024-05-13 13:38:16
At time step 21 the agent is dead
The agent had 2 food, 0 water, and 20 sleep.
The total tree search depth for this trial was 12449. 
The agent accessed its memory 86213 times. 
The agent cleared its short-term memory 9 times. 
     State prediction error memory resets: 8. 
     Hill memory resets: 1. 
TRIAL 22 COMPLETE ✔
End Time: 2024-05-13 13:38:37
Total runtime for this trial (minutes/seconds): 00:21
----------------------------------------
Total hill visits: 17. 
Total prediction errors: 196. 
Total search depth: 359117. 
Total times memory accessed: 2669131. 
Total times 25 >= t <= 50: 3. 
Total times 50 >= t <= 75: 1. 
Total times 75 >= t <= 100: 0. 
Total times t == 100: 0. 
Total time steps survived: 546. 
Total runtime so far (hours/minutes/seconds): 00:08:45
----------------------------------------

----------------------------------------
TRIAL 23 STARTED
----------------------------------------
Start Time: 2024-05-13 13:38:36
