Running main with ALGORITHM=SI, SEED=9, HORIZON=2, K_FACTOR=0.7, ROOT_FOLDER=/home/grmstj001, MCT=3, NUM_MCT=100, AUTO_REST=

                            < M A T L A B (R) >
                  Copyright 1984-2024 The MathWorks, Inc.
                  R2024a (24.1.0.2537033) 64-bit (glnxa64)
                             February 21, 2024

 
To get started, type doc.
For product information, visit www.mathworks.com.
 
Algorithm: SI
Seed: 9
Horizon: 2
K-factor: 0.70
Root folder: /home/grmstj001
MCT: 3
Number of MCT: 100
Auto restore: 0
Results file name: 

ans = 

  struct with fields:

     Type: 'twister'
     Seed: 9
    State: [625x1 uint32]


----------------------------------------
TRIAL 1 STARTED
----------------------------------------
Start Time: 2024-05-13 13:29:46
At time step 21 the agent is dead
The agent had 2 food, 0 water, and 5 sleep.
The total tree search depth for this trial was 1781. 
The agent accessed its memory 22475 times. 
The agent cleared its short-term memory 7 times. 
     State prediction error memory resets: 6. 
     Hill memory resets: 1. 
TRIAL 1 COMPLETE ✔
End Time: 2024-05-13 13:29:54
Total runtime for this trial (minutes/seconds): 00:08
----------------------------------------
Total hill visits: 1. 
Total prediction errors: 6. 
Total search depth: 1781. 
Total times memory accessed: 22475. 
Total times 25 >= t <= 50: 0. 
Total times 50 >= t <= 75: 0. 
Total times 75 >= t <= 100: 0. 
Total times t == 100: 0. 
Total time steps survived: 22. 
Total runtime so far (hours/minutes/seconds): 00:00:08
----------------------------------------

----------------------------------------
TRIAL 2 STARTED
----------------------------------------
Start Time: 2024-05-13 13:29:53
At time step 21 the agent is dead
The agent had 2 food, 0 water, and 5 sleep.
The total tree search depth for this trial was 1890. 
The agent accessed its memory 17060 times. 
The agent cleared its short-term memory 5 times. 
     State prediction error memory resets: 4. 
     Hill memory resets: 1. 
TRIAL 2 COMPLETE ✔
End Time: 2024-05-13 13:29:59
Total runtime for this trial (minutes/seconds): 00:06
----------------------------------------
Total hill visits: 2. 
Total prediction errors: 10. 
Total search depth: 3671. 
Total times memory accessed: 39535. 
Total times 25 >= t <= 50: 0. 
Total times 50 >= t <= 75: 0. 
Total times 75 >= t <= 100: 0. 
Total times t == 100: 0. 
Total time steps survived: 44. 
Total runtime so far (hours/minutes/seconds): 00:00:13
----------------------------------------

----------------------------------------
TRIAL 3 STARTED
----------------------------------------
Start Time: 2024-05-13 13:29:58
At time step 21 the agent is dead
The agent had 2 food, 0 water, and 5 sleep.
The total tree search depth for this trial was 1364. 
The agent accessed its memory 21231 times. 
The agent cleared its short-term memory 0 times. 
     State prediction error memory resets: 0. 
     Hill memory resets: 0. 
TRIAL 3 COMPLETE ✔
End Time: 2024-05-13 13:30:01
Total runtime for this trial (minutes/seconds): 00:03
----------------------------------------
Total hill visits: 2. 
Total prediction errors: 10. 
Total search depth: 5035. 
Total times memory accessed: 60766. 
Total times 25 >= t <= 50: 0. 
Total times 50 >= t <= 75: 0. 
Total times 75 >= t <= 100: 0. 
Total times t == 100: 0. 
Total time steps survived: 66. 
Total runtime so far (hours/minutes/seconds): 00:00:15
----------------------------------------

----------------------------------------
TRIAL 4 STARTED
----------------------------------------
Start Time: 2024-05-13 13:30:00
At time step 21 the agent is dead
The agent had 2 food, 0 water, and 5 sleep.
The total tree search depth for this trial was 1937. 
The agent accessed its memory 15957 times. 
The agent cleared its short-term memory 8 times. 
     State prediction error memory resets: 7. 
     Hill memory resets: 1. 
TRIAL 4 COMPLETE ✔
End Time: 2024-05-13 13:30:04
Total runtime for this trial (minutes/seconds): 00:04
----------------------------------------
Total hill visits: 3. 
Total prediction errors: 17. 
Total search depth: 6972. 
Total times memory accessed: 76723. 
Total times 25 >= t <= 50: 0. 
Total times 50 >= t <= 75: 0. 
Total times 75 >= t <= 100: 0. 
Total times t == 100: 0. 
Total time steps survived: 88. 
Total runtime so far (hours/minutes/seconds): 00:00:18
----------------------------------------

----------------------------------------
TRIAL 5 STARTED
----------------------------------------
Start Time: 2024-05-13 13:30:03
At time step 21 the agent is dead
The agent had 2 food, 0 water, and 5 sleep.
The total tree search depth for this trial was 2299. 
The agent accessed its memory 33212 times. 
The agent cleared its short-term memory 7 times. 
     State prediction error memory resets: 7. 
     Hill memory resets: 0. 
TRIAL 5 COMPLETE ✔
End Time: 2024-05-13 13:30:07
Total runtime for this trial (minutes/seconds): 00:04
----------------------------------------
Total hill visits: 3. 
Total prediction errors: 24. 
Total search depth: 9271. 
Total times memory accessed: 109935. 
Total times 25 >= t <= 50: 0. 
Total times 50 >= t <= 75: 0. 
Total times 75 >= t <= 100: 0. 
Total times t == 100: 0. 
Total time steps survived: 110. 
Total runtime so far (hours/minutes/seconds): 00:00:21
----------------------------------------

----------------------------------------
TRIAL 6 STARTED
----------------------------------------
Start Time: 2024-05-13 13:30:06
At time step 21 the agent is dead
The agent had 2 food, 0 water, and 5 sleep.
The total tree search depth for this trial was 2241. 
The agent accessed its memory 28424 times. 
The agent cleared its short-term memory 8 times. 
     State prediction error memory resets: 8. 
     Hill memory resets: 0. 
TRIAL 6 COMPLETE ✔
End Time: 2024-05-13 13:30:11
Total runtime for this trial (minutes/seconds): 00:05
----------------------------------------
Total hill visits: 3. 
Total prediction errors: 32. 
Total search depth: 11512. 
Total times memory accessed: 138359. 
Total times 25 >= t <= 50: 0. 
Total times 50 >= t <= 75: 0. 
Total times 75 >= t <= 100: 0. 
Total times t == 100: 0. 
Total time steps survived: 132. 
Total runtime so far (hours/minutes/seconds): 00:00:25
----------------------------------------

----------------------------------------
TRIAL 7 STARTED
----------------------------------------
Start Time: 2024-05-13 13:30:10
At time step 21 the agent is dead
The agent had 17 food, 0 water, and 5 sleep.
The total tree search depth for this trial was 3958. 
The agent accessed its memory 45886 times. 
The agent cleared its short-term memory 10 times. 
     State prediction error memory resets: 10. 
     Hill memory resets: 0. 
TRIAL 7 COMPLETE ✔
End Time: 2024-05-13 13:30:17
Total runtime for this trial (minutes/seconds): 00:07
----------------------------------------
Total hill visits: 3. 
Total prediction errors: 42. 
Total search depth: 15470. 
Total times memory accessed: 184245. 
Total times 25 >= t <= 50: 0. 
Total times 50 >= t <= 75: 0. 
Total times 75 >= t <= 100: 0. 
Total times t == 100: 0. 
Total time steps survived: 154. 
Total runtime so far (hours/minutes/seconds): 00:00:31
----------------------------------------

----------------------------------------
TRIAL 8 STARTED
----------------------------------------
Start Time: 2024-05-13 13:30:16
At time step 21 the agent is dead
The agent had 2 food, 0 water, and 5 sleep.
The total tree search depth for this trial was 1960. 
The agent accessed its memory 22687 times. 
The agent cleared its short-term memory 12 times. 
     State prediction error memory resets: 12. 
     Hill memory resets: 0. 
TRIAL 8 COMPLETE ✔
End Time: 2024-05-13 13:30:20
Total runtime for this trial (minutes/seconds): 00:04
----------------------------------------
Total hill visits: 3. 
Total prediction errors: 54. 
Total search depth: 17430. 
Total times memory accessed: 206932. 
Total times 25 >= t <= 50: 0. 
Total times 50 >= t <= 75: 0. 
Total times 75 >= t <= 100: 0. 
Total times t == 100: 0. 
Total time steps survived: 176. 
Total runtime so far (hours/minutes/seconds): 00:00:34
----------------------------------------

----------------------------------------
TRIAL 9 STARTED
----------------------------------------
Start Time: 2024-05-13 13:30:19
At time step 21 the agent is dead
The agent had 2 food, 0 water, and 5 sleep.
The total tree search depth for this trial was 4159. 
The agent accessed its memory 49316 times. 
The agent cleared its short-term memory 10 times. 
     State prediction error memory resets: 10. 
     Hill memory resets: 0. 
TRIAL 9 COMPLETE ✔
End Time: 2024-05-13 13:30:28
Total runtime for this trial (minutes/seconds): 00:09
----------------------------------------
Total hill visits: 3. 
Total prediction errors: 64. 
Total search depth: 21589. 
Total times memory accessed: 256248. 
Total times 25 >= t <= 50: 0. 
Total times 50 >= t <= 75: 0. 
Total times 75 >= t <= 100: 0. 
Total times t == 100: 0. 
Total time steps survived: 198. 
Total runtime so far (hours/minutes/seconds): 00:00:42
----------------------------------------

----------------------------------------
TRIAL 10 STARTED
----------------------------------------
Start Time: 2024-05-13 13:30:27
At time step 26 the agent is dead
The agent had 5 food, 8 water, and 0 sleep.
The total tree search depth for this trial was 12344. 
The agent accessed its memory 92360 times. 
The agent cleared its short-term memory 12 times. 
     State prediction error memory resets: 11. 
     Hill memory resets: 1. 
TRIAL 10 COMPLETE ✔
End Time: 2024-05-13 13:30:42
Total runtime for this trial (minutes/seconds): 00:15
----------------------------------------
Total hill visits: 4. 
Total prediction errors: 75. 
Total search depth: 33933. 
Total times memory accessed: 348608. 
Total times 25 >= t <= 50: 1. 
Total times 50 >= t <= 75: 0. 
Total times 75 >= t <= 100: 0. 
Total times t == 100: 0. 
Total time steps survived: 225. 
Total runtime so far (hours/minutes/seconds): 00:00:56
----------------------------------------

----------------------------------------
TRIAL 11 STARTED
----------------------------------------
Start Time: 2024-05-13 13:30:41
At time step 21 the agent is dead
The agent had 2 food, 0 water, and 5 sleep.
The total tree search depth for this trial was 2273. 
The agent accessed its memory 19388 times. 
The agent cleared its short-term memory 16 times. 
     State prediction error memory resets: 15. 
     Hill memory resets: 1. 
TRIAL 11 COMPLETE ✔
End Time: 2024-05-13 13:30:47
Total runtime for this trial (minutes/seconds): 00:06
----------------------------------------
Total hill visits: 5. 
Total prediction errors: 90. 
Total search depth: 36206. 
Total times memory accessed: 367996. 
Total times 25 >= t <= 50: 1. 
Total times 50 >= t <= 75: 0. 
Total times 75 >= t <= 100: 0. 
Total times t == 100: 0. 
Total time steps survived: 247. 
Total runtime so far (hours/minutes/seconds): 00:01:01
----------------------------------------

----------------------------------------
TRIAL 12 STARTED
----------------------------------------
Start Time: 2024-05-13 13:30:46
At time step 21 the agent is dead
The agent had 2 food, 0 water, and 5 sleep.
The total tree search depth for this trial was 1437. 
The agent accessed its memory 15503 times. 
The agent cleared its short-term memory 9 times. 
     State prediction error memory resets: 8. 
     Hill memory resets: 1. 
TRIAL 12 COMPLETE ✔
End Time: 2024-05-13 13:30:50
Total runtime for this trial (minutes/seconds): 00:04
----------------------------------------
Total hill visits: 6. 
Total prediction errors: 98. 
Total search depth: 37643. 
Total times memory accessed: 383499. 
Total times 25 >= t <= 50: 1. 
Total times 50 >= t <= 75: 0. 
Total times 75 >= t <= 100: 0. 
Total times t == 100: 0. 
Total time steps survived: 269. 
Total runtime so far (hours/minutes/seconds): 00:01:04
----------------------------------------

----------------------------------------
TRIAL 13 STARTED
----------------------------------------
Start Time: 2024-05-13 13:30:49
At time step 21 the agent is dead
The agent had 2 food, 0 water, and 21 sleep.
The total tree search depth for this trial was 3698. 
The agent accessed its memory 30606 times. 
The agent cleared its short-term memory 7 times. 
     State prediction error memory resets: 6. 
     Hill memory resets: 1. 
TRIAL 13 COMPLETE ✔
End Time: 2024-05-13 13:30:56
Total runtime for this trial (minutes/seconds): 00:07
----------------------------------------
Total hill visits: 7. 
Total prediction errors: 104. 
Total search depth: 41341. 
Total times memory accessed: 414105. 
Total times 25 >= t <= 50: 1. 
Total times 50 >= t <= 75: 0. 
Total times 75 >= t <= 100: 0. 
Total times t == 100: 0. 
Total time steps survived: 291. 
Total runtime so far (hours/minutes/seconds): 00:01:10
----------------------------------------

----------------------------------------
TRIAL 14 STARTED
----------------------------------------
Start Time: 2024-05-13 13:30:55
At time step 23 the agent is dead
The agent had 0 food, 8 water, and 14 sleep.
The total tree search depth for this trial was 29087. 
The agent accessed its memory 207470 times. 
The agent cleared its short-term memory 16 times. 
     State prediction error memory resets: 15. 
     Hill memory resets: 1. 
TRIAL 14 COMPLETE ✔
End Time: 2024-05-13 13:31:33
Total runtime for this trial (minutes/seconds): 00:38
----------------------------------------
Total hill visits: 8. 
Total prediction errors: 119. 
Total search depth: 70428. 
Total times memory accessed: 621575. 
Total times 25 >= t <= 50: 1. 
Total times 50 >= t <= 75: 0. 
Total times 75 >= t <= 100: 0. 
Total times t == 100: 0. 
Total time steps survived: 315. 
Total runtime so far (hours/minutes/seconds): 00:01:47
----------------------------------------

----------------------------------------
TRIAL 15 STARTED
----------------------------------------
Start Time: 2024-05-13 13:31:32
At time step 21 the agent is dead
The agent had 2 food, 0 water, and 5 sleep.
The total tree search depth for this trial was 1898. 
The agent accessed its memory 15619 times. 
The agent cleared its short-term memory 8 times. 
     State prediction error memory resets: 7. 
     Hill memory resets: 1. 
TRIAL 15 COMPLETE ✔
End Time: 2024-05-13 13:31:36
Total runtime for this trial (minutes/seconds): 00:04
----------------------------------------
Total hill visits: 9. 
Total prediction errors: 126. 
Total search depth: 72326. 
Total times memory accessed: 637194. 
Total times 25 >= t <= 50: 1. 
Total times 50 >= t <= 75: 0. 
Total times 75 >= t <= 100: 0. 
Total times t == 100: 0. 
Total time steps survived: 337. 
Total runtime so far (hours/minutes/seconds): 00:01:50
----------------------------------------

----------------------------------------
TRIAL 16 STARTED
----------------------------------------
Start Time: 2024-05-13 13:31:35
At time step 21 the agent is dead
The agent had 2 food, 0 water, and 5 sleep.
The total tree search depth for this trial was 1313. 
The agent accessed its memory 14588 times. 
The agent cleared its short-term memory 11 times. 
     State prediction error memory resets: 11. 
     Hill memory resets: 0. 
TRIAL 16 COMPLETE ✔
End Time: 2024-05-13 13:31:39
Total runtime for this trial (minutes/seconds): 00:04
----------------------------------------
Total hill visits: 9. 
Total prediction errors: 137. 
Total search depth: 73639. 
Total times memory accessed: 651782. 
Total times 25 >= t <= 50: 1. 
Total times 50 >= t <= 75: 0. 
Total times 75 >= t <= 100: 0. 
Total times t == 100: 0. 
Total time steps survived: 359. 
Total runtime so far (hours/minutes/seconds): 00:01:53
----------------------------------------

----------------------------------------
TRIAL 17 STARTED
----------------------------------------
Start Time: 2024-05-13 13:31:38
At time step 21 the agent is dead
The agent had 2 food, 0 water, and 22 sleep.
The total tree search depth for this trial was 24088. 
The agent accessed its memory 173117 times. 
The agent cleared its short-term memory 12 times. 
     State prediction error memory resets: 11. 
     Hill memory resets: 1. 
TRIAL 17 COMPLETE ✔
End Time: 2024-05-13 13:32:17
Total runtime for this trial (minutes/seconds): 00:39
----------------------------------------
Total hill visits: 10. 
Total prediction errors: 148. 
Total search depth: 97727. 
Total times memory accessed: 824899. 
Total times 25 >= t <= 50: 1. 
Total times 50 >= t <= 75: 0. 
Total times 75 >= t <= 100: 0. 
Total times t == 100: 0. 
Total time steps survived: 381. 
Total runtime so far (hours/minutes/seconds): 00:02:31
----------------------------------------

----------------------------------------
TRIAL 18 STARTED
----------------------------------------
Start Time: 2024-05-13 13:32:16
At time step 21 the agent is dead
The agent had 2 food, 0 water, and 5 sleep.
The total tree search depth for this trial was 1404. 
The agent accessed its memory 20242 times. 
The agent cleared its short-term memory 11 times. 
     State prediction error memory resets: 10. 
     Hill memory resets: 1. 
TRIAL 18 COMPLETE ✔
End Time: 2024-05-13 13:32:20
Total runtime for this trial (minutes/seconds): 00:04
----------------------------------------
Total hill visits: 11. 
Total prediction errors: 158. 
Total search depth: 99131. 
Total times memory accessed: 845141. 
Total times 25 >= t <= 50: 1. 
Total times 50 >= t <= 75: 0. 
Total times 75 >= t <= 100: 0. 
Total times t == 100: 0. 
Total time steps survived: 403. 
Total runtime so far (hours/minutes/seconds): 00:02:34
----------------------------------------

----------------------------------------
TRIAL 19 STARTED
----------------------------------------
Start Time: 2024-05-13 13:32:19
At time step 21 the agent is dead
The agent had 2 food, 0 water, and 5 sleep.
The total tree search depth for this trial was 1452. 
The agent accessed its memory 14057 times. 
The agent cleared its short-term memory 10 times. 
     State prediction error memory resets: 7. 
     Hill memory resets: 3. 
TRIAL 19 COMPLETE ✔
End Time: 2024-05-13 13:32:23
Total runtime for this trial (minutes/seconds): 00:04
----------------------------------------
Total hill visits: 14. 
Total prediction errors: 165. 
Total search depth: 100583. 
Total times memory accessed: 859198. 
Total times 25 >= t <= 50: 1. 
Total times 50 >= t <= 75: 0. 
Total times 75 >= t <= 100: 0. 
Total times t == 100: 0. 
Total time steps survived: 425. 
Total runtime so far (hours/minutes/seconds): 00:02:37
----------------------------------------

----------------------------------------
TRIAL 20 STARTED
----------------------------------------
Start Time: 2024-05-13 13:32:22
At time step 21 the agent is dead
The agent had 2 food, 0 water, and 5 sleep.
The total tree search depth for this trial was 2241. 
The agent accessed its memory 19095 times. 
The agent cleared its short-term memory 14 times. 
     State prediction error memory resets: 12. 
     Hill memory resets: 2. 
TRIAL 20 COMPLETE ✔
End Time: 2024-05-13 13:32:28
Total runtime for this trial (minutes/seconds): 00:06
----------------------------------------
Total hill visits: 16. 
Total prediction errors: 177. 
Total search depth: 102824. 
Total times memory accessed: 878293. 
Total times 25 >= t <= 50: 1. 
Total times 50 >= t <= 75: 0. 
Total times 75 >= t <= 100: 0. 
Total times t == 100: 0. 
Total time steps survived: 447. 
Total runtime so far (hours/minutes/seconds): 00:02:42
----------------------------------------

----------------------------------------
TRIAL 21 STARTED
----------------------------------------
Start Time: 2024-05-13 13:32:27
At time step 21 the agent is dead
The agent had 2 food, 0 water, and 5 sleep.
The total tree search depth for this trial was 1105. 
The agent accessed its memory 12296 times. 
The agent cleared its short-term memory 9 times. 
     State prediction error memory resets: 8. 
     Hill memory resets: 1. 
TRIAL 21 COMPLETE ✔
End Time: 2024-05-13 13:32:30
Total runtime for this trial (minutes/seconds): 00:03
----------------------------------------
Total hill visits: 17. 
Total prediction errors: 185. 
Total search depth: 103929. 
Total times memory accessed: 890589. 
Total times 25 >= t <= 50: 1. 
Total times 50 >= t <= 75: 0. 
Total times 75 >= t <= 100: 0. 
Total times t == 100: 0. 
Total time steps survived: 469. 
Total runtime so far (hours/minutes/seconds): 00:02:44
----------------------------------------

----------------------------------------
TRIAL 22 STARTED
----------------------------------------
Start Time: 2024-05-13 13:32:29
At time step 21 the agent is dead
The agent had 2 food, 0 water, and 5 sleep.
The total tree search depth for this trial was 2609. 
The agent accessed its memory 27116 times. 
The agent cleared its short-term memory 12 times. 
     State prediction error memory resets: 11. 
     Hill memory resets: 1. 
TRIAL 22 COMPLETE ✔
End Time: 2024-05-13 13:32:35
Total runtime for this trial (minutes/seconds): 00:06
----------------------------------------
Total hill visits: 18. 
Total prediction errors: 196. 
Total search depth: 106538. 
Total times memory accessed: 917705. 
Total times 25 >= t <= 50: 1. 
Total times 50 >= t <= 75: 0. 
Total times 75 >= t <= 100: 0. 
Total times t == 100: 0. 
Total time steps survived: 491. 
Total runtime so far (hours/minutes/seconds): 00:02:49
----------------------------------------

----------------------------------------
TRIAL 23 STARTED
----------------------------------------
Start Time: 2024-05-13 13:32:34
At time step 30 the agent is dead
The agent had 0 food, 0 water, and 6 sleep.
The total tree search depth for this trial was 35924. 
The agent accessed its memory 251040 times. 
The agent cleared its short-term memory 13 times. 
     State prediction error memory resets: 11. 
     Hill memory resets: 2. 
TRIAL 23 COMPLETE ✔
End Time: 2024-05-13 13:33:20
Total runtime for this trial (minutes/seconds): 00:46
----------------------------------------
Total hill visits: 20. 
Total prediction errors: 207. 
Total search depth: 142462. 
Total times memory accessed: 1168745. 
Total times 25 >= t <= 50: 2. 
Total times 50 >= t <= 75: 0. 
Total times 75 >= t <= 100: 0. 
Total times t == 100: 0. 
Total time steps survived: 522. 
Total runtime so far (hours/minutes/seconds): 00:03:34
----------------------------------------

----------------------------------------
TRIAL 24 STARTED
----------------------------------------
Start Time: 2024-05-13 13:33:19
At time step 21 the agent is dead
The agent had 2 food, 0 water, and 5 sleep.
The total tree search depth for this trial was 1523. 
The agent accessed its memory 14891 times. 
The agent cleared its short-term memory 8 times. 
     State prediction error memory resets: 7. 
     Hill memory resets: 1. 
TRIAL 24 COMPLETE ✔
End Time: 2024-05-13 13:33:23
Total runtime for this trial (minutes/seconds): 00:04
----------------------------------------
Total hill visits: 21. 
Total prediction errors: 214. 
Total search depth: 143985. 
Total times memory accessed: 1183636. 
Total times 25 >= t <= 50: 2. 
Total times 50 >= t <= 75: 0. 
Total times 75 >= t <= 100: 0. 
Total times t == 100: 0. 
Total time steps survived: 544. 
Total runtime so far (hours/minutes/seconds): 00:03:37
----------------------------------------

----------------------------------------
TRIAL 25 STARTED
----------------------------------------
Start Time: 2024-05-13 13:33:22
At time step 21 the agent is dead
The agent had 2 food, 0 water, and 5 sleep.
The total tree search depth for this trial was 3394. 
The agent accessed its memory 26027 times. 
The agent cleared its short-term memory 11 times. 
     State prediction error memory resets: 9. 
     Hill memory resets: 2. 
TRIAL 25 COMPLETE ✔
End Time: 2024-05-13 13:33:29
Total runtime for this trial (minutes/seconds): 00:07
----------------------------------------
Total hill visits: 23. 
Total prediction errors: 223. 
Total search depth: 147379. 
Total times memory accessed: 1209663. 
Total times 25 >= t <= 50: 2. 
Total times 50 >= t <= 75: 0. 
Total times 75 >= t <= 100: 0. 
Total times t == 100: 0. 
Total time steps survived: 566. 
Total runtime so far (hours/minutes/seconds): 00:03:43
----------------------------------------

----------------------------------------
TRIAL 26 STARTED
----------------------------------------
Start Time: 2024-05-13 13:33:28
At time step 21 the agent is dead
The agent had 2 food, 0 water, and 16 sleep.
The total tree search depth for this trial was 5294. 
The agent accessed its memory 39882 times. 
The agent cleared its short-term memory 11 times. 
     State prediction error memory resets: 7. 
     Hill memory resets: 4. 
TRIAL 26 COMPLETE ✔
End Time: 2024-05-13 13:33:38
Total runtime for this trial (minutes/seconds): 00:10
----------------------------------------
Total hill visits: 27. 
Total prediction errors: 230. 
Total search depth: 152673. 
Total times memory accessed: 1249545. 
Total times 25 >= t <= 50: 2. 
Total times 50 >= t <= 75: 0. 
Total times 75 >= t <= 100: 0. 
Total times t == 100: 0. 
Total time steps survived: 588. 
Total runtime so far (hours/minutes/seconds): 00:03:52
----------------------------------------

----------------------------------------
TRIAL 27 STARTED
----------------------------------------
Start Time: 2024-05-13 13:33:37
At time step 21 the agent is dead
The agent had 2 food, 0 water, and 5 sleep.
The total tree search depth for this trial was 2813. 
The agent accessed its memory 26020 times. 
The agent cleared its short-term memory 10 times. 
     State prediction error memory resets: 6. 
     Hill memory resets: 4. 
TRIAL 27 COMPLETE ✔
End Time: 2024-05-13 13:33:42
Total runtime for this trial (minutes/seconds): 00:05
----------------------------------------
Total hill visits: 31. 
Total prediction errors: 236. 
Total search depth: 155486. 
Total times memory accessed: 1275565. 
Total times 25 >= t <= 50: 2. 
Total times 50 >= t <= 75: 0. 
Total times 75 >= t <= 100: 0. 
Total times t == 100: 0. 
Total time steps survived: 610. 
Total runtime so far (hours/minutes/seconds): 00:03:56
----------------------------------------

----------------------------------------
TRIAL 28 STARTED
----------------------------------------
Start Time: 2024-05-13 13:33:41
At time step 21 the agent is dead
The agent had 2 food, 0 water, and 5 sleep.
The total tree search depth for this trial was 2938. 
The agent accessed its memory 28417 times. 
The agent cleared its short-term memory 7 times. 
     State prediction error memory resets: 6. 
     Hill memory resets: 1. 
TRIAL 28 COMPLETE ✔
End Time: 2024-05-13 13:33:48
Total runtime for this trial (minutes/seconds): 00:07
----------------------------------------
Total hill visits: 32. 
Total prediction errors: 242. 
Total search depth: 158424. 
Total times memory accessed: 1303982. 
Total times 25 >= t <= 50: 2. 
Total times 50 >= t <= 75: 0. 
Total times 75 >= t <= 100: 0. 
Total times t == 100: 0. 
Total time steps survived: 632. 
Total runtime so far (hours/minutes/seconds): 00:04:02
----------------------------------------

----------------------------------------
TRIAL 29 STARTED
----------------------------------------
Start Time: 2024-05-13 13:33:47
At time step 35 the agent is dead
The agent had 4 food, 0 water, and 16 sleep.
The total tree search depth for this trial was 68450. 
The agent accessed its memory 472151 times. 
The agent cleared its short-term memory 12 times. 
     State prediction error memory resets: 10. 
     Hill memory resets: 2. 
TRIAL 29 COMPLETE ✔
End Time: 2024-05-13 13:35:09
Total runtime for this trial (minutes/seconds): 01:22
----------------------------------------
Total hill visits: 34. 
Total prediction errors: 252. 
Total search depth: 226874. 
Total times memory accessed: 1776133. 
Total times 25 >= t <= 50: 3. 
Total times 50 >= t <= 75: 0. 
Total times 75 >= t <= 100: 0. 
Total times t == 100: 0. 
Total time steps survived: 668. 
Total runtime so far (hours/minutes/seconds): 00:05:23
----------------------------------------

----------------------------------------
TRIAL 30 STARTED
----------------------------------------
Start Time: 2024-05-13 13:35:08
At time step 26 the agent is dead
The agent had 8 food, 2 water, and 0 sleep.
The total tree search depth for this trial was 87272. 
The agent accessed its memory 670306 times. 
The agent cleared its short-term memory 11 times. 
     State prediction error memory resets: 9. 
     Hill memory resets: 2. 
TRIAL 30 COMPLETE ✔
End Time: 2024-05-13 13:36:50
Total runtime for this trial (minutes/seconds): 01:42
----------------------------------------
Total hill visits: 36. 
Total prediction errors: 261. 
Total search depth: 314146. 
Total times memory accessed: 2446439. 
Total times 25 >= t <= 50: 4. 
Total times 50 >= t <= 75: 0. 
Total times 75 >= t <= 100: 0. 
Total times t == 100: 0. 
Total time steps survived: 695. 
Total runtime so far (hours/minutes/seconds): 00:07:04
----------------------------------------

----------------------------------------
TRIAL 31 STARTED
----------------------------------------
Start Time: 2024-05-13 13:36:49
At time step 21 the agent is dead
The agent had 2 food, 0 water, and 19 sleep.
The total tree search depth for this trial was 6528. 
The agent accessed its memory 50884 times. 
The agent cleared its short-term memory 7 times. 
     State prediction error memory resets: 6. 
     Hill memory resets: 1. 
TRIAL 31 COMPLETE ✔
End Time: 2024-05-13 13:36:58
Total runtime for this trial (minutes/seconds): 00:09
----------------------------------------
Total hill visits: 37. 
Total prediction errors: 267. 
Total search depth: 320674. 
Total times memory accessed: 2497323. 
Total times 25 >= t <= 50: 4. 
Total times 50 >= t <= 75: 0. 
Total times 75 >= t <= 100: 0. 
Total times t == 100: 0. 
Total time steps survived: 717. 
Total runtime so far (hours/minutes/seconds): 00:07:12
----------------------------------------

----------------------------------------
TRIAL 32 STARTED
----------------------------------------
Start Time: 2024-05-13 13:36:57
At time step 23 the agent is dead
The agent had 0 food, 9 water, and 3 sleep.
The total tree search depth for this trial was 15708. 
The agent accessed its memory 122320 times. 
The agent cleared its short-term memory 9 times. 
     State prediction error memory resets: 8. 
     Hill memory resets: 1. 
TRIAL 32 COMPLETE ✔
End Time: 2024-05-13 13:37:17
Total runtime for this trial (minutes/seconds): 00:20
----------------------------------------
Total hill visits: 38. 
Total prediction errors: 275. 
Total search depth: 336382. 
Total times memory accessed: 2619643. 
Total times 25 >= t <= 50: 4. 
Total times 50 >= t <= 75: 0. 
Total times 75 >= t <= 100: 0. 
Total times t == 100: 0. 
Total time steps survived: 741. 
Total runtime so far (hours/minutes/seconds): 00:07:31
----------------------------------------

----------------------------------------
TRIAL 33 STARTED
----------------------------------------
Start Time: 2024-05-13 13:37:16
At time step 34 the agent is dead
The agent had 5 food, 2 water, and 0 sleep.
The total tree search depth for this trial was 91744. 
The agent accessed its memory 627244 times. 
The agent cleared its short-term memory 19 times. 
     State prediction error memory resets: 18. 
     Hill memory resets: 1. 
TRIAL 33 COMPLETE ✔
End Time: 2024-05-13 13:38:59
Total runtime for this trial (minutes/seconds): 01:43
----------------------------------------
Total hill visits: 39. 
Total prediction errors: 293. 
Total search depth: 428126. 
Total times memory accessed: 3246887. 
Total times 25 >= t <= 50: 5. 
Total times 50 >= t <= 75: 0. 
Total times 75 >= t <= 100: 0. 
Total times t == 100: 0. 
Total time steps survived: 776. 
Total runtime so far (hours/minutes/seconds): 00:09:13
----------------------------------------

----------------------------------------
TRIAL 34 STARTED
----------------------------------------
Start Time: 2024-05-13 13:38:58
