
----------------------------------------
TRIAL 1 STARTED
----------------------------------------
Start Time: 2024-05-01 19:15:15
TRIAL 1 COMPLETE ✔
End Time: 2024-05-01 19:16:32
Total runtime for this trial (minutes/seconds): 01:17
----------------------------------------
Total hill visits: 2
Total prediction errors: 5
Total search depth: 12301
Total times memory accessed: 20719
Total times 24 >= t < 49: 1
Total times 49 >= t < 74: 0
Total times 74 >= t < 99: 0
Total times t == 99: 0
Total time steps survived: 25
Total runtime so far (hours/minutes/seconds): 00:01:17
----------------------------------------

----------------------------------------
TRIAL 2 STARTED
----------------------------------------
Start Time: 2024-05-01 19:16:32
TRIAL 2 COMPLETE ✔
End Time: 2024-05-01 19:17:06
Total runtime for this trial (minutes/seconds): 00:33
----------------------------------------
Total hill visits: 2
Total prediction errors: 5
Total search depth: 15705
Total times memory accessed: 30799
Total times 24 >= t < 49: 1
Total times 49 >= t < 74: 0
Total times 74 >= t < 99: 0
Total times t == 99: 0
Total time steps survived: 45
Total runtime so far (hours/minutes/seconds): 00:01:51
----------------------------------------

----------------------------------------
TRIAL 3 STARTED
----------------------------------------
Start Time: 2024-05-01 19:17:06
TRIAL 3 COMPLETE ✔
End Time: 2024-05-01 19:17:54
Total runtime for this trial (minutes/seconds): 00:48
----------------------------------------
Total hill visits: 2
Total prediction errors: 5
Total search depth: 20263
Total times memory accessed: 46176
Total times 24 >= t < 49: 1
Total times 49 >= t < 74: 0
Total times 74 >= t < 99: 0
Total times t == 99: 0
Total time steps survived: 65
Total runtime so far (hours/minutes/seconds): 00:02:39
----------------------------------------

----------------------------------------
TRIAL 4 STARTED
----------------------------------------
Start Time: 2024-05-01 19:17:54
TRIAL 4 COMPLETE ✔
End Time: 2024-05-01 19:18:07
Total runtime for this trial (minutes/seconds): 00:12
----------------------------------------
Total hill visits: 2
Total prediction errors: 10
Total search depth: 21449
Total times memory accessed: 49756
Total times 24 >= t < 49: 1
Total times 49 >= t < 74: 0
Total times 74 >= t < 99: 0
Total times t == 99: 0
Total time steps survived: 85
Total runtime so far (hours/minutes/seconds): 00:02:52
----------------------------------------

----------------------------------------
TRIAL 5 STARTED
----------------------------------------
Start Time: 2024-05-01 19:18:07
TRIAL 5 COMPLETE ✔
End Time: 2024-05-01 19:18:19
Total runtime for this trial (minutes/seconds): 00:11
----------------------------------------
Total hill visits: 4
Total prediction errors: 22
Total search depth: 22601
Total times memory accessed: 53412
Total times 24 >= t < 49: 1
Total times 49 >= t < 74: 0
Total times 74 >= t < 99: 0
Total times t == 99: 0
Total time steps survived: 105
Total runtime so far (hours/minutes/seconds): 00:03:04
----------------------------------------

----------------------------------------
TRIAL 6 STARTED
----------------------------------------
Start Time: 2024-05-01 19:18:19
TRIAL 6 COMPLETE ✔
End Time: 2024-05-01 19:18:36
Total runtime for this trial (minutes/seconds): 00:16
----------------------------------------
Total hill visits: 4
Total prediction errors: 29
Total search depth: 24526
Total times memory accessed: 58653
Total times 24 >= t < 49: 1
Total times 49 >= t < 74: 0
Total times 74 >= t < 99: 0
Total times t == 99: 0
Total time steps survived: 125
Total runtime so far (hours/minutes/seconds): 00:03:20
----------------------------------------

----------------------------------------
TRIAL 7 STARTED
----------------------------------------
Start Time: 2024-05-01 19:18:36
TRIAL 7 COMPLETE ✔
End Time: 2024-05-01 19:18:50
Total runtime for this trial (minutes/seconds): 00:14
----------------------------------------
Total hill visits: 4
Total prediction errors: 32
Total search depth: 25933
Total times memory accessed: 62525
Total times 24 >= t < 49: 1
Total times 49 >= t < 74: 0
Total times 74 >= t < 99: 0
Total times t == 99: 0
Total time steps survived: 145
Total runtime so far (hours/minutes/seconds): 00:03:35
----------------------------------------

----------------------------------------
TRIAL 8 STARTED
----------------------------------------
Start Time: 2024-05-01 19:18:50
TRIAL 8 COMPLETE ✔
End Time: 2024-05-01 19:19:32
Total runtime for this trial (minutes/seconds): 00:42
----------------------------------------
Total hill visits: 4
Total prediction errors: 35
Total search depth: 29690
Total times memory accessed: 76046
Total times 24 >= t < 49: 2
Total times 49 >= t < 74: 0
Total times 74 >= t < 99: 0
Total times t == 99: 0
Total time steps survived: 170
Total runtime so far (hours/minutes/seconds): 00:04:17
----------------------------------------

----------------------------------------
TRIAL 9 STARTED
----------------------------------------
Start Time: 2024-05-01 19:19:32
TRIAL 9 COMPLETE ✔
End Time: 2024-05-01 19:20:58
Total runtime for this trial (minutes/seconds): 01:25
----------------------------------------
Total hill visits: 4
Total prediction errors: 41
Total search depth: 37938
Total times memory accessed: 101854
Total times 24 >= t < 49: 2
Total times 49 >= t < 74: 0
Total times 74 >= t < 99: 0
Total times t == 99: 0
Total time steps survived: 190
Total runtime so far (hours/minutes/seconds): 00:05:43
----------------------------------------

----------------------------------------
TRIAL 10 STARTED
----------------------------------------
Start Time: 2024-05-01 19:20:58
TRIAL 10 COMPLETE ✔
End Time: 2024-05-01 19:21:32
Total runtime for this trial (minutes/seconds): 00:34
----------------------------------------
Total hill visits: 5
Total prediction errors: 48
Total search depth: 42083
Total times memory accessed: 114172
Total times 24 >= t < 49: 2
Total times 49 >= t < 74: 0
Total times 74 >= t < 99: 0
Total times t == 99: 0
Total time steps survived: 210
Total runtime so far (hours/minutes/seconds): 00:06:17
----------------------------------------

----------------------------------------
TRIAL 11 STARTED
----------------------------------------
Start Time: 2024-05-01 19:21:32
TRIAL 11 COMPLETE ✔
End Time: 2024-05-01 19:21:59
Total runtime for this trial (minutes/seconds): 00:26
----------------------------------------
Total hill visits: 5
Total prediction errors: 53
Total search depth: 45090
Total times memory accessed: 122804
Total times 24 >= t < 49: 2
Total times 49 >= t < 74: 0
Total times 74 >= t < 99: 0
Total times t == 99: 0
Total time steps survived: 230
Total runtime so far (hours/minutes/seconds): 00:06:44
----------------------------------------

----------------------------------------
TRIAL 12 STARTED
----------------------------------------
Start Time: 2024-05-01 19:21:59
TRIAL 12 COMPLETE ✔
End Time: 2024-05-01 19:22:31
Total runtime for this trial (minutes/seconds): 00:31
----------------------------------------
Total hill visits: 6
Total prediction errors: 57
Total search depth: 47965
Total times memory accessed: 130983
Total times 24 >= t < 49: 2
Total times 49 >= t < 74: 0
Total times 74 >= t < 99: 0
Total times t == 99: 0
Total time steps survived: 250
Total runtime so far (hours/minutes/seconds): 00:07:15
----------------------------------------

----------------------------------------
TRIAL 13 STARTED
----------------------------------------
Start Time: 2024-05-01 19:22:31
TRIAL 13 COMPLETE ✔
End Time: 2024-05-01 19:23:17
Total runtime for this trial (minutes/seconds): 00:46
----------------------------------------
Total hill visits: 7
Total prediction errors: 62
Total search depth: 52034
Total times memory accessed: 143330
Total times 24 >= t < 49: 2
Total times 49 >= t < 74: 0
Total times 74 >= t < 99: 0
Total times t == 99: 0
Total time steps survived: 270
Total runtime so far (hours/minutes/seconds): 00:08:02
----------------------------------------

----------------------------------------
TRIAL 14 STARTED
----------------------------------------
Start Time: 2024-05-01 19:23:17
TRIAL 14 COMPLETE ✔
End Time: 2024-05-01 19:23:43
Total runtime for this trial (minutes/seconds): 00:26
----------------------------------------
Total hill visits: 8
Total prediction errors: 75
Total search depth: 54650
Total times memory accessed: 151238
Total times 24 >= t < 49: 2
Total times 49 >= t < 74: 0
Total times 74 >= t < 99: 0
Total times t == 99: 0
Total time steps survived: 290
Total runtime so far (hours/minutes/seconds): 00:08:28
----------------------------------------

----------------------------------------
TRIAL 15 STARTED
----------------------------------------
Start Time: 2024-05-01 19:23:43
TRIAL 15 COMPLETE ✔
End Time: 2024-05-01 19:24:20
Total runtime for this trial (minutes/seconds): 00:36
----------------------------------------
Total hill visits: 9
Total prediction errors: 92
Total search depth: 58126
Total times memory accessed: 161581
Total times 24 >= t < 49: 2
Total times 49 >= t < 74: 0
Total times 74 >= t < 99: 0
Total times t == 99: 0
Total time steps survived: 310
Total runtime so far (hours/minutes/seconds): 00:09:05
----------------------------------------

----------------------------------------
TRIAL 16 STARTED
----------------------------------------
Start Time: 2024-05-01 19:24:20
TRIAL 16 COMPLETE ✔
End Time: 2024-05-01 19:24:51
Total runtime for this trial (minutes/seconds): 00:30
----------------------------------------
Total hill visits: 10
Total prediction errors: 94
Total search depth: 60937
Total times memory accessed: 169702
Total times 24 >= t < 49: 2
Total times 49 >= t < 74: 0
Total times 74 >= t < 99: 0
Total times t == 99: 0
Total time steps survived: 330
Total runtime so far (hours/minutes/seconds): 00:09:36
----------------------------------------

----------------------------------------
TRIAL 17 STARTED
----------------------------------------
Start Time: 2024-05-01 19:24:51
TRIAL 17 COMPLETE ✔
End Time: 2024-05-01 19:25:18
Total runtime for this trial (minutes/seconds): 00:27
----------------------------------------
Total hill visits: 11
Total prediction errors: 98
Total search depth: 63717
Total times memory accessed: 178076
Total times 24 >= t < 49: 2
Total times 49 >= t < 74: 0
Total times 74 >= t < 99: 0
Total times t == 99: 0
Total time steps survived: 352
Total runtime so far (hours/minutes/seconds): 00:10:03
----------------------------------------

----------------------------------------
TRIAL 18 STARTED
----------------------------------------
Start Time: 2024-05-01 19:25:18
TRIAL 18 COMPLETE ✔
End Time: 2024-05-01 19:25:59
Total runtime for this trial (minutes/seconds): 00:40
----------------------------------------
Total hill visits: 14
Total prediction errors: 99
Total search depth: 67471
Total times memory accessed: 190218
Total times 24 >= t < 49: 2
Total times 49 >= t < 74: 0
Total times 74 >= t < 99: 0
Total times t == 99: 0
Total time steps survived: 372
Total runtime so far (hours/minutes/seconds): 00:10:44
----------------------------------------

----------------------------------------
TRIAL 19 STARTED
----------------------------------------
Start Time: 2024-05-01 19:25:59
TRIAL 19 COMPLETE ✔
End Time: 2024-05-01 19:29:22
Total runtime for this trial (minutes/seconds): 03:23
----------------------------------------
Total hill visits: 17
Total prediction errors: 107
Total search depth: 83388
Total times memory accessed: 249902
Total times 24 >= t < 49: 2
Total times 49 >= t < 74: 0
Total times 74 >= t < 99: 0
Total times t == 99: 0
Total time steps survived: 392
Total runtime so far (hours/minutes/seconds): 00:14:07
----------------------------------------

----------------------------------------
TRIAL 20 STARTED
----------------------------------------
Start Time: 2024-05-01 19:29:22
TRIAL 20 COMPLETE ✔
End Time: 2024-05-01 19:45:38
Total runtime for this trial (minutes/seconds): 16:15
----------------------------------------
Total hill visits: 18
Total prediction errors: 122
Total search depth: 161803
Total times memory accessed: 553413
Total times 24 >= t < 49: 2
Total times 49 >= t < 74: 1
Total times 74 >= t < 99: 0
Total times t == 99: 0
Total time steps survived: 441
Total runtime so far (hours/minutes/seconds): 00:30:23
----------------------------------------

----------------------------------------
TRIAL 21 STARTED
----------------------------------------
Start Time: 2024-05-01 19:45:38
TRIAL 21 COMPLETE ✔
End Time: 2024-05-01 19:46:38
Total runtime for this trial (minutes/seconds): 01:00
----------------------------------------
Total hill visits: 19
Total prediction errors: 123
Total search depth: 167102
Total times memory accessed: 573198
Total times 24 >= t < 49: 2
Total times 49 >= t < 74: 1
Total times 74 >= t < 99: 0
Total times t == 99: 0
Total time steps survived: 461
Total runtime so far (hours/minutes/seconds): 00:31:23
----------------------------------------

----------------------------------------
TRIAL 22 STARTED
----------------------------------------
Start Time: 2024-05-01 19:46:38
TRIAL 22 COMPLETE ✔
End Time: 2024-05-01 19:47:42
Total runtime for this trial (minutes/seconds): 01:04
----------------------------------------
Total hill visits: 21
Total prediction errors: 133
Total search depth: 173566
Total times memory accessed: 594657
Total times 24 >= t < 49: 2
Total times 49 >= t < 74: 1
Total times 74 >= t < 99: 0
Total times t == 99: 0
Total time steps survived: 481
Total runtime so far (hours/minutes/seconds): 00:32:27
----------------------------------------

----------------------------------------
TRIAL 23 STARTED
----------------------------------------
Start Time: 2024-05-01 19:47:42
TRIAL 23 COMPLETE ✔
End Time: 2024-05-01 19:48:23
Total runtime for this trial (minutes/seconds): 00:40
----------------------------------------
Total hill visits: 23
Total prediction errors: 139
Total search depth: 177568
Total times memory accessed: 607856
Total times 24 >= t < 49: 2
Total times 49 >= t < 74: 1
Total times 74 >= t < 99: 0
Total times t == 99: 0
Total time steps survived: 501
Total runtime so far (hours/minutes/seconds): 00:33:08
----------------------------------------

----------------------------------------
TRIAL 24 STARTED
----------------------------------------
Start Time: 2024-05-01 19:48:23
TRIAL 24 COMPLETE ✔
End Time: 2024-05-01 19:50:58
Total runtime for this trial (minutes/seconds): 02:35
----------------------------------------
Total hill visits: 24
Total prediction errors: 145
Total search depth: 190996
Total times memory accessed: 658770
Total times 24 >= t < 49: 2
Total times 49 >= t < 74: 1
Total times 74 >= t < 99: 0
Total times t == 99: 0
Total time steps survived: 523
Total runtime so far (hours/minutes/seconds): 00:35:43
----------------------------------------

----------------------------------------
TRIAL 25 STARTED
----------------------------------------
Start Time: 2024-05-01 19:50:58
TRIAL 25 COMPLETE ✔
End Time: 2024-05-01 19:51:39
Total runtime for this trial (minutes/seconds): 00:40
----------------------------------------
Total hill visits: 25
Total prediction errors: 154
Total search depth: 195024
Total times memory accessed: 671446
Total times 24 >= t < 49: 2
Total times 49 >= t < 74: 1
Total times 74 >= t < 99: 0
Total times t == 99: 0
Total time steps survived: 543
Total runtime so far (hours/minutes/seconds): 00:36:24
----------------------------------------

----------------------------------------
TRIAL 26 STARTED
----------------------------------------
Start Time: 2024-05-01 19:51:39
TRIAL 26 COMPLETE ✔
End Time: 2024-05-01 19:57:01
Total runtime for this trial (minutes/seconds): 05:22
----------------------------------------
Total hill visits: 26
Total prediction errors: 164
Total search depth: 219601
Total times memory accessed: 779918
Total times 24 >= t < 49: 2
Total times 49 >= t < 74: 1
Total times 74 >= t < 99: 0
Total times t == 99: 0
Total time steps survived: 563
Total runtime so far (hours/minutes/seconds): 00:41:46
----------------------------------------

----------------------------------------
TRIAL 27 STARTED
----------------------------------------
Start Time: 2024-05-01 19:57:01
TRIAL 27 COMPLETE ✔
End Time: 2024-05-01 20:03:49
Total runtime for this trial (minutes/seconds): 06:47
----------------------------------------
Total hill visits: 27
Total prediction errors: 169
Total search depth: 258423
Total times memory accessed: 907788
Total times 24 >= t < 49: 2
Total times 49 >= t < 74: 1
Total times 74 >= t < 99: 0
Total times t == 99: 0
Total time steps survived: 585
Total runtime so far (hours/minutes/seconds): 00:48:34
----------------------------------------

----------------------------------------
TRIAL 28 STARTED
----------------------------------------
Start Time: 2024-05-01 20:03:49
TRIAL 28 COMPLETE ✔
End Time: 2024-05-01 20:05:07
Total runtime for this trial (minutes/seconds): 01:18
----------------------------------------
Total hill visits: 28
Total prediction errors: 180
Total search depth: 265093
Total times memory accessed: 931740
Total times 24 >= t < 49: 2
Total times 49 >= t < 74: 1
Total times 74 >= t < 99: 0
Total times t == 99: 0
Total time steps survived: 605
Total runtime so far (hours/minutes/seconds): 00:49:52
----------------------------------------

----------------------------------------
TRIAL 29 STARTED
----------------------------------------
Start Time: 2024-05-01 20:05:07
TRIAL 29 COMPLETE ✔
End Time: 2024-05-01 20:08:52
Total runtime for this trial (minutes/seconds): 03:45
----------------------------------------
Total hill visits: 29
Total prediction errors: 185
Total search depth: 285159
Total times memory accessed: 998708
Total times 24 >= t < 49: 2
Total times 49 >= t < 74: 1
Total times 74 >= t < 99: 0
Total times t == 99: 0
Total time steps survived: 627
Total runtime so far (hours/minutes/seconds): 00:53:37
----------------------------------------

----------------------------------------
TRIAL 30 STARTED
----------------------------------------
Start Time: 2024-05-01 20:08:52
TRIAL 30 COMPLETE ✔
End Time: 2024-05-01 20:18:12
Total runtime for this trial (minutes/seconds): 09:20
----------------------------------------
Total hill visits: 30
Total prediction errors: 198
Total search depth: 334333
Total times memory accessed: 1184117
Total times 24 >= t < 49: 3
Total times 49 >= t < 74: 1
Total times 74 >= t < 99: 0
Total times t == 99: 0
Total time steps survived: 657
Total runtime so far (hours/minutes/seconds): 01:02:57
----------------------------------------

----------------------------------------
TRIAL 31 STARTED
----------------------------------------
Start Time: 2024-05-01 20:18:12
TRIAL 31 COMPLETE ✔
End Time: 2024-05-01 20:27:39
Total runtime for this trial (minutes/seconds): 09:26
----------------------------------------
Total hill visits: 33
Total prediction errors: 206
Total search depth: 386813
Total times memory accessed: 1379928
Total times 24 >= t < 49: 4
Total times 49 >= t < 74: 1
Total times 74 >= t < 99: 0
Total times t == 99: 0
Total time steps survived: 688
Total runtime so far (hours/minutes/seconds): 01:12:24
----------------------------------------

----------------------------------------
TRIAL 32 STARTED
----------------------------------------
Start Time: 2024-05-01 20:27:39
TRIAL 32 COMPLETE ✔
End Time: 2024-05-01 20:31:10
Total runtime for this trial (minutes/seconds): 03:30
----------------------------------------
Total hill visits: 34
Total prediction errors: 214
Total search depth: 410013
Total times memory accessed: 1460985
Total times 24 >= t < 49: 4
Total times 49 >= t < 74: 1
Total times 74 >= t < 99: 0
Total times t == 99: 0
Total time steps survived: 710
Total runtime so far (hours/minutes/seconds): 01:15:55
----------------------------------------

----------------------------------------
TRIAL 33 STARTED
----------------------------------------
Start Time: 2024-05-01 20:31:10
TRIAL 33 COMPLETE ✔
End Time: 2024-05-01 20:31:59
Total runtime for this trial (minutes/seconds): 00:49
----------------------------------------
Total hill visits: 35
Total prediction errors: 223
Total search depth: 415994
Total times memory accessed: 1480857
Total times 24 >= t < 49: 4
Total times 49 >= t < 74: 1
Total times 74 >= t < 99: 0
Total times t == 99: 0
Total time steps survived: 730
Total runtime so far (hours/minutes/seconds): 01:16:44
----------------------------------------

----------------------------------------
TRIAL 34 STARTED
----------------------------------------
Start Time: 2024-05-01 20:31:59
TRIAL 34 COMPLETE ✔
End Time: 2024-05-01 20:32:30
Total runtime for this trial (minutes/seconds): 00:31
----------------------------------------
Total hill visits: 36
Total prediction errors: 228
Total search depth: 420338
Total times memory accessed: 1494470
Total times 24 >= t < 49: 4
Total times 49 >= t < 74: 1
Total times 74 >= t < 99: 0
Total times t == 99: 0
Total time steps survived: 750
Total runtime so far (hours/minutes/seconds): 01:17:15
----------------------------------------

----------------------------------------
TRIAL 35 STARTED
----------------------------------------
Start Time: 2024-05-01 20:32:30
TRIAL 35 COMPLETE ✔
End Time: 2024-05-01 20:46:46
Total runtime for this trial (minutes/seconds): 14:15
----------------------------------------
Total hill visits: 38
Total prediction errors: 244
Total search depth: 513153
Total times memory accessed: 1827123
Total times 24 >= t < 49: 5
Total times 49 >= t < 74: 1
Total times 74 >= t < 99: 0
Total times t == 99: 0
Total time steps survived: 788
Total runtime so far (hours/minutes/seconds): 01:31:31
----------------------------------------

----------------------------------------
TRIAL 36 STARTED
----------------------------------------
Start Time: 2024-05-01 20:46:46
TRIAL 36 COMPLETE ✔
End Time: 2024-05-01 20:48:04
Total runtime for this trial (minutes/seconds): 01:17
----------------------------------------
Total hill visits: 39
Total prediction errors: 252
Total search depth: 521481
Total times memory accessed: 1855933
Total times 24 >= t < 49: 5
Total times 49 >= t < 74: 1
Total times 74 >= t < 99: 0
Total times t == 99: 0
Total time steps survived: 810
Total runtime so far (hours/minutes/seconds): 01:32:49
----------------------------------------

----------------------------------------
TRIAL 37 STARTED
----------------------------------------
Start Time: 2024-05-01 20:48:04
TRIAL 37 COMPLETE ✔
End Time: 2024-05-01 20:51:33
Total runtime for this trial (minutes/seconds): 03:29
----------------------------------------
Total hill visits: 40
Total prediction errors: 257
Total search depth: 544936
Total times memory accessed: 1931608
Total times 24 >= t < 49: 5
Total times 49 >= t < 74: 1
Total times 74 >= t < 99: 0
Total times t == 99: 0
Total time steps survived: 832
Total runtime so far (hours/minutes/seconds): 01:36:18
----------------------------------------

----------------------------------------
TRIAL 38 STARTED
----------------------------------------
Start Time: 2024-05-01 20:51:33
TRIAL 38 COMPLETE ✔
End Time: 2024-05-01 20:53:23
Total runtime for this trial (minutes/seconds): 01:49
----------------------------------------
Total hill visits: 45
Total prediction errors: 263
Total search depth: 555740
Total times memory accessed: 1968824
Total times 24 >= t < 49: 5
Total times 49 >= t < 74: 1
Total times 74 >= t < 99: 0
Total times t == 99: 0
Total time steps survived: 854
Total runtime so far (hours/minutes/seconds): 01:38:08
----------------------------------------

----------------------------------------
TRIAL 39 STARTED
----------------------------------------
Start Time: 2024-05-01 20:53:23
TRIAL 39 COMPLETE ✔
End Time: 2024-05-01 21:08:34
Total runtime for this trial (minutes/seconds): 15:11
----------------------------------------
Total hill visits: 46
Total prediction errors: 278
Total search depth: 647458
Total times memory accessed: 2293623
Total times 24 >= t < 49: 5
Total times 49 >= t < 74: 1
Total times 74 >= t < 99: 1
Total times t == 99: 0
Total time steps survived: 934
Total runtime so far (hours/minutes/seconds): 01:53:19
----------------------------------------

----------------------------------------
TRIAL 40 STARTED
----------------------------------------
Start Time: 2024-05-01 21:08:34
TRIAL 40 COMPLETE ✔
End Time: 2024-05-01 21:19:51
Total runtime for this trial (minutes/seconds): 11:16
----------------------------------------
Total hill visits: 49
Total prediction errors: 291
Total search depth: 711737
Total times memory accessed: 2517267
Total times 24 >= t < 49: 6
Total times 49 >= t < 74: 1
Total times 74 >= t < 99: 1
Total times t == 99: 0
Total time steps survived: 977
Total runtime so far (hours/minutes/seconds): 02:04:36
----------------------------------------

----------------------------------------
TRIAL 41 STARTED
----------------------------------------
Start Time: 2024-05-01 21:19:51
TRIAL 41 COMPLETE ✔
End Time: 2024-05-01 21:22:05
Total runtime for this trial (minutes/seconds): 02:14
----------------------------------------
Total hill visits: 50
Total prediction errors: 292
Total search depth: 724674
Total times memory accessed: 2561892
Total times 24 >= t < 49: 6
Total times 49 >= t < 74: 1
Total times 74 >= t < 99: 1
Total times t == 99: 0
Total time steps survived: 999
Total runtime so far (hours/minutes/seconds): 02:06:50
----------------------------------------

----------------------------------------
TRIAL 42 STARTED
----------------------------------------
Start Time: 2024-05-01 21:22:05
TRIAL 42 COMPLETE ✔
End Time: 2024-05-01 21:29:40
Total runtime for this trial (minutes/seconds): 07:34
----------------------------------------
Total hill visits: 51
Total prediction errors: 297
Total search depth: 773886
Total times memory accessed: 2727173
Total times 24 >= t < 49: 7
Total times 49 >= t < 74: 1
Total times 74 >= t < 99: 1
Total times t == 99: 0
Total time steps survived: 1031
Total runtime so far (hours/minutes/seconds): 02:14:25
----------------------------------------

----------------------------------------
TRIAL 43 STARTED
----------------------------------------
Start Time: 2024-05-01 21:29:40
TRIAL 43 COMPLETE ✔
End Time: 2024-05-01 21:35:10
Total runtime for this trial (minutes/seconds): 05:29
----------------------------------------
Total hill visits: 55
Total prediction errors: 300
Total search depth: 804318
Total times memory accessed: 2841490
Total times 24 >= t < 49: 7
Total times 49 >= t < 74: 1
Total times 74 >= t < 99: 1
Total times t == 99: 0
Total time steps survived: 1051
Total runtime so far (hours/minutes/seconds): 02:19:55
----------------------------------------

----------------------------------------
TRIAL 44 STARTED
----------------------------------------
Start Time: 2024-05-01 21:35:10
TRIAL 44 COMPLETE ✔
End Time: 2024-05-01 21:38:47
Total runtime for this trial (minutes/seconds): 03:37
----------------------------------------
Total hill visits: 56
Total prediction errors: 303
Total search depth: 822815
Total times memory accessed: 2911244
Total times 24 >= t < 49: 7
Total times 49 >= t < 74: 1
Total times 74 >= t < 99: 1
Total times t == 99: 0
Total time steps survived: 1071
Total runtime so far (hours/minutes/seconds): 02:23:32
----------------------------------------

----------------------------------------
TRIAL 45 STARTED
----------------------------------------
Start Time: 2024-05-01 21:38:47
TRIAL 45 COMPLETE ✔
End Time: 2024-05-01 21:47:44
Total runtime for this trial (minutes/seconds): 08:57
----------------------------------------
Total hill visits: 57
Total prediction errors: 311
Total search depth: 864716
Total times memory accessed: 3073510
Total times 24 >= t < 49: 7
Total times 49 >= t < 74: 1
Total times 74 >= t < 99: 1
Total times t == 99: 0
Total time steps survived: 1091
Total runtime so far (hours/minutes/seconds): 02:32:29
----------------------------------------

----------------------------------------
TRIAL 46 STARTED
----------------------------------------
Start Time: 2024-05-01 21:47:44
TRIAL 46 COMPLETE ✔
End Time: 2024-05-01 22:09:43
Total runtime for this trial (minutes/seconds): 21:59
----------------------------------------
Total hill visits: 58
Total prediction errors: 326
Total search depth: 971161
Total times memory accessed: 3482905
Total times 24 >= t < 49: 8
Total times 49 >= t < 74: 1
Total times 74 >= t < 99: 1
Total times t == 99: 0
Total time steps survived: 1131
Total runtime so far (hours/minutes/seconds): 02:54:28
----------------------------------------

----------------------------------------
TRIAL 47 STARTED
----------------------------------------
Start Time: 2024-05-01 22:09:43
TRIAL 47 COMPLETE ✔
End Time: 2024-05-01 22:26:32
Total runtime for this trial (minutes/seconds): 16:48
----------------------------------------
Total hill visits: 64
Total prediction errors: 340
Total search depth: 1068484
Total times memory accessed: 3833453
Total times 24 >= t < 49: 9
Total times 49 >= t < 74: 1
Total times 74 >= t < 99: 1
Total times t == 99: 0
Total time steps survived: 1165
Total runtime so far (hours/minutes/seconds): 03:11:17
----------------------------------------

----------------------------------------
TRIAL 48 STARTED
----------------------------------------
Start Time: 2024-05-01 22:26:32
TRIAL 48 COMPLETE ✔
End Time: 2024-05-01 22:31:41
Total runtime for this trial (minutes/seconds): 05:09
----------------------------------------
Total hill visits: 65
Total prediction errors: 346
Total search depth: 1100657
Total times memory accessed: 3949157
Total times 24 >= t < 49: 9
Total times 49 >= t < 74: 1
Total times 74 >= t < 99: 1
Total times t == 99: 0
Total time steps survived: 1185
Total runtime so far (hours/minutes/seconds): 03:16:26
----------------------------------------

----------------------------------------
TRIAL 49 STARTED
----------------------------------------
Start Time: 2024-05-01 22:31:41
TRIAL 49 COMPLETE ✔
End Time: 2024-05-01 22:40:47
Total runtime for this trial (minutes/seconds): 09:06
----------------------------------------
Total hill visits: 66
Total prediction errors: 355
Total search depth: 1169920
Total times memory accessed: 4179096
Total times 24 >= t < 49: 10
Total times 49 >= t < 74: 1
Total times 74 >= t < 99: 1
Total times t == 99: 0
Total time steps survived: 1220
Total runtime so far (hours/minutes/seconds): 03:25:32
----------------------------------------

----------------------------------------
TRIAL 50 STARTED
----------------------------------------
Start Time: 2024-05-01 22:40:47
TRIAL 50 COMPLETE ✔
End Time: 2024-05-01 22:45:51
Total runtime for this trial (minutes/seconds): 05:03
----------------------------------------
Total hill visits: 68
Total prediction errors: 358
Total search depth: 1213701
Total times memory accessed: 4349392
Total times 24 >= t < 49: 10
Total times 49 >= t < 74: 1
Total times 74 >= t < 99: 1
Total times t == 99: 0
Total time steps survived: 1240
Total runtime so far (hours/minutes/seconds): 03:30:36
----------------------------------------

----------------------------------------
TRIAL 51 STARTED
----------------------------------------
Start Time: 2024-05-01 22:45:51
TRIAL 51 COMPLETE ✔
End Time: 2024-05-01 22:55:21
Total runtime for this trial (minutes/seconds): 09:30
----------------------------------------
Total hill visits: 71
Total prediction errors: 365
Total search depth: 1294909
Total times memory accessed: 4649891
Total times 24 >= t < 49: 11
Total times 49 >= t < 74: 1
Total times 74 >= t < 99: 1
Total times t == 99: 0
Total time steps survived: 1278
Total runtime so far (hours/minutes/seconds): 03:40:06
----------------------------------------

----------------------------------------
TRIAL 52 STARTED
----------------------------------------
Start Time: 2024-05-01 22:55:21
TRIAL 52 COMPLETE ✔
End Time: 2024-05-01 22:58:21
Total runtime for this trial (minutes/seconds): 03:00
----------------------------------------
Total hill visits: 74
Total prediction errors: 371
Total search depth: 1322942
Total times memory accessed: 4749204
Total times 24 >= t < 49: 11
Total times 49 >= t < 74: 1
Total times 74 >= t < 99: 1
Total times t == 99: 0
Total time steps survived: 1300
Total runtime so far (hours/minutes/seconds): 03:43:06
----------------------------------------

----------------------------------------
TRIAL 53 STARTED
----------------------------------------
Start Time: 2024-05-01 22:58:21
TRIAL 53 COMPLETE ✔
End Time: 2024-05-01 23:00:04
Total runtime for this trial (minutes/seconds): 01:42
----------------------------------------
Total hill visits: 75
Total prediction errors: 373
Total search depth: 1344751
Total times memory accessed: 4821334
Total times 24 >= t < 49: 12
Total times 49 >= t < 74: 1
Total times 74 >= t < 99: 1
Total times t == 99: 0
Total time steps survived: 1329
Total runtime so far (hours/minutes/seconds): 03:44:49
----------------------------------------

----------------------------------------
TRIAL 54 STARTED
----------------------------------------
Start Time: 2024-05-01 23:00:04
TRIAL 54 COMPLETE ✔
End Time: 2024-05-01 23:21:23
Total runtime for this trial (minutes/seconds): 21:19
----------------------------------------
Total hill visits: 77
Total prediction errors: 384
Total search depth: 1527784
Total times memory accessed: 5469274
Total times 24 >= t < 49: 13
Total times 49 >= t < 74: 1
Total times 74 >= t < 99: 1
Total times t == 99: 0
Total time steps survived: 1368
Total runtime so far (hours/minutes/seconds): 04:06:08
----------------------------------------

----------------------------------------
TRIAL 55 STARTED
----------------------------------------
Start Time: 2024-05-01 23:21:23
TRIAL 55 COMPLETE ✔
End Time: 2024-05-01 23:28:19
Total runtime for this trial (minutes/seconds): 06:56
----------------------------------------
Total hill visits: 79
Total prediction errors: 390
Total search depth: 1569746
Total times memory accessed: 5616805
Total times 24 >= t < 49: 13
Total times 49 >= t < 74: 1
Total times 74 >= t < 99: 1
Total times t == 99: 0
Total time steps survived: 1388
Total runtime so far (hours/minutes/seconds): 04:13:04
----------------------------------------

----------------------------------------
TRIAL 56 STARTED
----------------------------------------
Start Time: 2024-05-01 23:28:19
TRIAL 56 COMPLETE ✔
End Time: 2024-05-01 23:30:09
Total runtime for this trial (minutes/seconds): 01:49
----------------------------------------
Total hill visits: 82
Total prediction errors: 391
Total search depth: 1581286
Total times memory accessed: 5657044
Total times 24 >= t < 49: 13
Total times 49 >= t < 74: 1
Total times 74 >= t < 99: 1
Total times t == 99: 0
Total time steps survived: 1408
Total runtime so far (hours/minutes/seconds): 04:14:54
----------------------------------------

----------------------------------------
TRIAL 57 STARTED
----------------------------------------
Start Time: 2024-05-01 23:30:09
TRIAL 57 COMPLETE ✔
End Time: 2024-05-01 23:35:52
Total runtime for this trial (minutes/seconds): 05:43
----------------------------------------
Total hill visits: 83
Total prediction errors: 398
Total search depth: 1615331
Total times memory accessed: 5775199
Total times 24 >= t < 49: 13
Total times 49 >= t < 74: 1
Total times 74 >= t < 99: 1
Total times t == 99: 0
Total time steps survived: 1428
Total runtime so far (hours/minutes/seconds): 04:20:37
----------------------------------------

----------------------------------------
TRIAL 58 STARTED
----------------------------------------
Start Time: 2024-05-01 23:35:52
TRIAL 58 COMPLETE ✔
End Time: 2024-05-01 23:40:01
Total runtime for this trial (minutes/seconds): 04:08
----------------------------------------
Total hill visits: 85
Total prediction errors: 401
Total search depth: 1645791
Total times memory accessed: 5886590
Total times 24 >= t < 49: 13
Total times 49 >= t < 74: 1
Total times 74 >= t < 99: 1
Total times t == 99: 0
Total time steps survived: 1448
Total runtime so far (hours/minutes/seconds): 04:24:46
----------------------------------------

----------------------------------------
TRIAL 59 STARTED
----------------------------------------
Start Time: 2024-05-01 23:40:01
TRIAL 59 COMPLETE ✔
End Time: 2024-05-01 23:45:55
Total runtime for this trial (minutes/seconds): 05:54
----------------------------------------
Total hill visits: 87
Total prediction errors: 405
Total search depth: 1680001
Total times memory accessed: 6013167
Total times 24 >= t < 49: 13
Total times 49 >= t < 74: 1
Total times 74 >= t < 99: 1
Total times t == 99: 0
Total time steps survived: 1468
Total runtime so far (hours/minutes/seconds): 04:30:40
----------------------------------------

----------------------------------------
TRIAL 60 STARTED
----------------------------------------
Start Time: 2024-05-01 23:45:55
TRIAL 60 COMPLETE ✔
End Time: 2024-05-02 00:00:17
Total runtime for this trial (minutes/seconds): 14:22
----------------------------------------
Total hill visits: 88
Total prediction errors: 412
Total search depth: 1760360
Total times memory accessed: 6281784
Total times 24 >= t < 49: 14
Total times 49 >= t < 74: 1
Total times 74 >= t < 99: 1
Total times t == 99: 0
Total time steps survived: 1510
Total runtime so far (hours/minutes/seconds): 04:45:02
----------------------------------------

----------------------------------------
TRIAL 61 STARTED
----------------------------------------
Start Time: 2024-05-02 00:00:17
TRIAL 61 COMPLETE ✔
End Time: 2024-05-02 00:13:08
Total runtime for this trial (minutes/seconds): 12:51
----------------------------------------
Total hill visits: 89
Total prediction errors: 419
Total search depth: 1832989
Total times memory accessed: 6521629
Total times 24 >= t < 49: 15
Total times 49 >= t < 74: 1
Total times 74 >= t < 99: 1
Total times t == 99: 0
Total time steps survived: 1538
Total runtime so far (hours/minutes/seconds): 04:57:53
----------------------------------------

----------------------------------------
TRIAL 62 STARTED
----------------------------------------
Start Time: 2024-05-02 00:13:08
TRIAL 62 COMPLETE ✔
End Time: 2024-05-02 00:23:33
Total runtime for this trial (minutes/seconds): 10:24
----------------------------------------
Total hill visits: 96
Total prediction errors: 424
Total search depth: 1889996
Total times memory accessed: 6725390
Total times 24 >= t < 49: 15
Total times 49 >= t < 74: 1
Total times 74 >= t < 99: 1
Total times t == 99: 0
Total time steps survived: 1558
Total runtime so far (hours/minutes/seconds): 05:08:18
----------------------------------------

----------------------------------------
TRIAL 63 STARTED
----------------------------------------
Start Time: 2024-05-02 00:23:33
TRIAL 63 COMPLETE ✔
End Time: 2024-05-02 00:26:00
Total runtime for this trial (minutes/seconds): 02:26
----------------------------------------
Total hill visits: 97
Total prediction errors: 426
Total search depth: 1902556
Total times memory accessed: 6770958
Total times 24 >= t < 49: 15
Total times 49 >= t < 74: 1
Total times 74 >= t < 99: 1
Total times t == 99: 0
Total time steps survived: 1578
Total runtime so far (hours/minutes/seconds): 05:10:45
----------------------------------------

----------------------------------------
TRIAL 64 STARTED
----------------------------------------
Start Time: 2024-05-02 00:26:00
TRIAL 64 COMPLETE ✔
End Time: 2024-05-02 00:41:58
Total runtime for this trial (minutes/seconds): 15:58
----------------------------------------
Total hill visits: 98
Total prediction errors: 431
Total search depth: 1992322
Total times memory accessed: 7064615
Total times 24 >= t < 49: 16
Total times 49 >= t < 74: 1
Total times 74 >= t < 99: 1
Total times t == 99: 0
Total time steps survived: 1617
Total runtime so far (hours/minutes/seconds): 05:26:43
----------------------------------------

----------------------------------------
TRIAL 65 STARTED
----------------------------------------
Start Time: 2024-05-02 00:41:58
TRIAL 65 COMPLETE ✔
End Time: 2024-05-02 00:44:02
Total runtime for this trial (minutes/seconds): 02:04
----------------------------------------
Total hill visits: 100
Total prediction errors: 432
Total search depth: 2003650
Total times memory accessed: 7104414
Total times 24 >= t < 49: 16
Total times 49 >= t < 74: 1
Total times 74 >= t < 99: 1
Total times t == 99: 0
Total time steps survived: 1637
Total runtime so far (hours/minutes/seconds): 05:28:47
----------------------------------------

----------------------------------------
TRIAL 66 STARTED
----------------------------------------
Start Time: 2024-05-02 00:44:02
TRIAL 66 COMPLETE ✔
End Time: 2024-05-02 01:28:00
Total runtime for this trial (minutes/seconds): 43:57
----------------------------------------
Total hill visits: 101
Total prediction errors: 446
Total search depth: 2236053
Total times memory accessed: 7881646
Total times 24 >= t < 49: 16
Total times 49 >= t < 74: 1
Total times 74 >= t < 99: 1
Total times t == 99: 0
Total time steps survived: 1736
Total runtime so far (hours/minutes/seconds): 06:12:45
----------------------------------------

----------------------------------------
TRIAL 67 STARTED
----------------------------------------
Start Time: 2024-05-02 01:28:00
TRIAL 67 COMPLETE ✔
End Time: 2024-05-02 01:38:17
Total runtime for this trial (minutes/seconds): 10:16
----------------------------------------
Total hill visits: 104
Total prediction errors: 452
Total search depth: 2294529
Total times memory accessed: 8074653
Total times 24 >= t < 49: 17
Total times 49 >= t < 74: 1
Total times 74 >= t < 99: 1
Total times t == 99: 0
Total time steps survived: 1781
Total runtime so far (hours/minutes/seconds): 06:23:02
----------------------------------------

----------------------------------------
TRIAL 68 STARTED
----------------------------------------
Start Time: 2024-05-02 01:38:17
TRIAL 68 COMPLETE ✔
End Time: 2024-05-02 02:03:32
Total runtime for this trial (minutes/seconds): 25:14
----------------------------------------
Total hill visits: 107
Total prediction errors: 462
Total search depth: 2426811
Total times memory accessed: 8504569
Total times 24 >= t < 49: 17
Total times 49 >= t < 74: 2
Total times 74 >= t < 99: 1
Total times t == 99: 0
Total time steps survived: 1836
Total runtime so far (hours/minutes/seconds): 06:48:17
----------------------------------------

----------------------------------------
TRIAL 69 STARTED
----------------------------------------
Start Time: 2024-05-02 02:03:32
TRIAL 69 COMPLETE ✔
End Time: 2024-05-02 02:18:43
Total runtime for this trial (minutes/seconds): 15:10
----------------------------------------
Total hill visits: 108
Total prediction errors: 468
Total search depth: 2490226
Total times memory accessed: 8753911
Total times 24 >= t < 49: 17
Total times 49 >= t < 74: 2
Total times 74 >= t < 99: 1
Total times t == 99: 0
Total time steps survived: 1856
Total runtime so far (hours/minutes/seconds): 07:03:28
----------------------------------------

----------------------------------------
TRIAL 70 STARTED
----------------------------------------
Start Time: 2024-05-02 02:18:43
TRIAL 70 COMPLETE ✔
End Time: 2024-05-02 02:45:08
Total runtime for this trial (minutes/seconds): 26:24
----------------------------------------
Total hill visits: 110
Total prediction errors: 474
Total search depth: 2632940
Total times memory accessed: 9212159
Total times 24 >= t < 49: 17
Total times 49 >= t < 74: 3
Total times 74 >= t < 99: 1
Total times t == 99: 0
Total time steps survived: 1919
Total runtime so far (hours/minutes/seconds): 07:29:53
----------------------------------------

----------------------------------------
TRIAL 71 STARTED
----------------------------------------
Start Time: 2024-05-02 02:45:08
TRIAL 71 COMPLETE ✔
End Time: 2024-05-02 02:50:01
Total runtime for this trial (minutes/seconds): 04:53
----------------------------------------
Total hill visits: 113
Total prediction errors: 476
Total search depth: 2656139
Total times memory accessed: 9299228
Total times 24 >= t < 49: 17
Total times 49 >= t < 74: 3
Total times 74 >= t < 99: 1
Total times t == 99: 0
Total time steps survived: 1939
Total runtime so far (hours/minutes/seconds): 07:34:46
----------------------------------------

----------------------------------------
TRIAL 72 STARTED
----------------------------------------
Start Time: 2024-05-02 02:50:01
TRIAL 72 COMPLETE ✔
End Time: 2024-05-02 02:57:00
Total runtime for this trial (minutes/seconds): 06:59
----------------------------------------
Total hill visits: 117
Total prediction errors: 485
Total search depth: 2690547
Total times memory accessed: 9425079
Total times 24 >= t < 49: 18
Total times 49 >= t < 74: 3
Total times 74 >= t < 99: 1
Total times t == 99: 0
Total time steps survived: 1978
Total runtime so far (hours/minutes/seconds): 07:41:45
----------------------------------------

----------------------------------------
TRIAL 73 STARTED
----------------------------------------
Start Time: 2024-05-02 02:57:00
TRIAL 73 COMPLETE ✔
End Time: 2024-05-02 03:25:15
Total runtime for this trial (minutes/seconds): 28:14
----------------------------------------
Total hill visits: 120
Total prediction errors: 498
Total search depth: 2823978
Total times memory accessed: 9913811
Total times 24 >= t < 49: 19
Total times 49 >= t < 74: 3
Total times 74 >= t < 99: 1
Total times t == 99: 0
Total time steps survived: 2014
Total runtime so far (hours/minutes/seconds): 08:10:00
----------------------------------------

----------------------------------------
TRIAL 74 STARTED
----------------------------------------
Start Time: 2024-05-02 03:25:15
TRIAL 74 COMPLETE ✔
End Time: 2024-05-02 04:47:55
Total runtime for this trial (minutes/seconds): 82:39
----------------------------------------
Total hill visits: 127
Total prediction errors: 519
Total search depth: 3257435
Total times memory accessed: 11355121
Total times 24 >= t < 49: 19
Total times 49 >= t < 74: 3
Total times 74 >= t < 99: 1
Total times t == 99: 0
Total time steps survived: 2113
Total runtime so far (hours/minutes/seconds): 09:32:40
----------------------------------------

----------------------------------------
TRIAL 75 STARTED
----------------------------------------
Start Time: 2024-05-02 04:47:55
TRIAL 75 COMPLETE ✔
End Time: 2024-05-02 05:38:06
Total runtime for this trial (minutes/seconds): 50:11
----------------------------------------
Total hill visits: 132
Total prediction errors: 529
Total search depth: 3501521
Total times memory accessed: 12213334
Total times 24 >= t < 49: 19
Total times 49 >= t < 74: 4
Total times 74 >= t < 99: 1
Total times t == 99: 0
Total time steps survived: 2167
Total runtime so far (hours/minutes/seconds): 10:22:51
----------------------------------------

----------------------------------------
TRIAL 76 STARTED
----------------------------------------
Start Time: 2024-05-02 05:38:06
TRIAL 76 COMPLETE ✔
End Time: 2024-05-02 06:37:00
Total runtime for this trial (minutes/seconds): 58:53
----------------------------------------
Total hill visits: 136
Total prediction errors: 550
Total search depth: 3834783
Total times memory accessed: 13275349
Total times 24 >= t < 49: 19
Total times 49 >= t < 74: 4
Total times 74 >= t < 99: 1
Total times t == 99: 0
Total time steps survived: 2266
Total runtime so far (hours/minutes/seconds): 11:21:45
----------------------------------------

----------------------------------------
TRIAL 77 STARTED
----------------------------------------
Start Time: 2024-05-02 06:37:00
TRIAL 77 COMPLETE ✔
End Time: 2024-05-02 07:30:38
Total runtime for this trial (minutes/seconds): 53:38
----------------------------------------
Total hill visits: 137
Total prediction errors: 567
Total search depth: 4125219
Total times memory accessed: 14223356
Total times 24 >= t < 49: 19
Total times 49 >= t < 74: 4
Total times 74 >= t < 99: 2
Total times t == 99: 0
Total time steps survived: 2361
Total runtime so far (hours/minutes/seconds): 12:15:23
----------------------------------------

----------------------------------------
TRIAL 78 STARTED
----------------------------------------
Start Time: 2024-05-02 07:30:38
TRIAL 78 COMPLETE ✔
End Time: 2024-05-02 07:43:19
Total runtime for this trial (minutes/seconds): 12:40
----------------------------------------
Total hill visits: 138
Total prediction errors: 577
Total search depth: 4186830
Total times memory accessed: 14436830
Total times 24 >= t < 49: 20
Total times 49 >= t < 74: 4
Total times 74 >= t < 99: 2
Total times t == 99: 0
Total time steps survived: 2402
Total runtime so far (hours/minutes/seconds): 12:28:04
----------------------------------------

----------------------------------------
TRIAL 79 STARTED
----------------------------------------
Start Time: 2024-05-02 07:43:19
TRIAL 79 COMPLETE ✔
End Time: 2024-05-02 08:16:23
Total runtime for this trial (minutes/seconds): 33:04
----------------------------------------
Total hill visits: 139
Total prediction errors: 584
Total search depth: 4357423
Total times memory accessed: 15029145
Total times 24 >= t < 49: 21
Total times 49 >= t < 74: 4
Total times 74 >= t < 99: 2
Total times t == 99: 0
Total time steps survived: 2443
Total runtime so far (hours/minutes/seconds): 13:01:08
----------------------------------------

----------------------------------------
TRIAL 80 STARTED
----------------------------------------
Start Time: 2024-05-02 08:16:23
TRIAL 80 COMPLETE ✔
End Time: 2024-05-02 08:52:06
Total runtime for this trial (minutes/seconds): 35:42
----------------------------------------
Total hill visits: 140
Total prediction errors: 594
Total search depth: 4545226
Total times memory accessed: 15650655
Total times 24 >= t < 49: 21
Total times 49 >= t < 74: 4
Total times 74 >= t < 99: 2
Total times t == 99: 0
Total time steps survived: 2542
Total runtime so far (hours/minutes/seconds): 13:36:51
----------------------------------------

----------------------------------------
TRIAL 81 STARTED
----------------------------------------
Start Time: 2024-05-02 08:52:06
TRIAL 81 COMPLETE ✔
End Time: 2024-05-02 09:59:41
Total runtime for this trial (minutes/seconds): 67:34
----------------------------------------
Total hill visits: 145
Total prediction errors: 616
Total search depth: 4929700
Total times memory accessed: 16922159
Total times 24 >= t < 49: 21
Total times 49 >= t < 74: 5
Total times 74 >= t < 99: 2
Total times t == 99: 0
Total time steps survived: 2613
Total runtime so far (hours/minutes/seconds): 14:44:26
----------------------------------------

----------------------------------------
TRIAL 82 STARTED
----------------------------------------
Start Time: 2024-05-02 09:59:41
TRIAL 82 COMPLETE ✔
End Time: 2024-05-02 10:12:01
Total runtime for this trial (minutes/seconds): 12:20
----------------------------------------
Total hill visits: 147
Total prediction errors: 622
Total search depth: 5021001
Total times memory accessed: 17224544
Total times 24 >= t < 49: 22
Total times 49 >= t < 74: 5
Total times 74 >= t < 99: 2
Total times t == 99: 0
Total time steps survived: 2646
Total runtime so far (hours/minutes/seconds): 14:56:46
----------------------------------------

----------------------------------------
TRIAL 83 STARTED
----------------------------------------
Start Time: 2024-05-02 10:12:01
TRIAL 83 COMPLETE ✔
End Time: 2024-05-02 10:23:10
Total runtime for this trial (minutes/seconds): 11:08
----------------------------------------
Total hill visits: 151
Total prediction errors: 630
Total search depth: 5122611
Total times memory accessed: 17570211
Total times 24 >= t < 49: 23
Total times 49 >= t < 74: 5
Total times 74 >= t < 99: 2
Total times t == 99: 0
Total time steps survived: 2678
Total runtime so far (hours/minutes/seconds): 15:07:55
----------------------------------------

----------------------------------------
TRIAL 84 STARTED
----------------------------------------
Start Time: 2024-05-02 10:23:10
TRIAL 84 COMPLETE ✔
End Time: 2024-05-02 10:33:01
Total runtime for this trial (minutes/seconds): 09:50
----------------------------------------
Total hill visits: 152
Total prediction errors: 634
Total search depth: 5212656
Total times memory accessed: 17873846
Total times 24 >= t < 49: 23
Total times 49 >= t < 74: 5
Total times 74 >= t < 99: 2
Total times t == 99: 0
Total time steps survived: 2700
Total runtime so far (hours/minutes/seconds): 15:17:46
----------------------------------------

----------------------------------------
TRIAL 85 STARTED
----------------------------------------
Start Time: 2024-05-02 10:33:01
TRIAL 85 COMPLETE ✔
End Time: 2024-05-02 10:41:32
Total runtime for this trial (minutes/seconds): 08:31
----------------------------------------
Total hill visits: 153
Total prediction errors: 641
Total search depth: 5297349
Total times memory accessed: 18131944
Total times 24 >= t < 49: 24
Total times 49 >= t < 74: 5
Total times 74 >= t < 99: 2
Total times t == 99: 0
Total time steps survived: 2743
Total runtime so far (hours/minutes/seconds): 15:26:17
----------------------------------------

----------------------------------------
TRIAL 86 STARTED
----------------------------------------
Start Time: 2024-05-02 10:41:32
TRIAL 86 COMPLETE ✔
End Time: 2024-05-02 10:54:26
Total runtime for this trial (minutes/seconds): 12:53
----------------------------------------
Total hill visits: 154
Total prediction errors: 648
Total search depth: 5413155
Total times memory accessed: 18502499
Total times 24 >= t < 49: 24
Total times 49 >= t < 74: 5
Total times 74 >= t < 99: 2
Total times t == 99: 0
Total time steps survived: 2763
Total runtime so far (hours/minutes/seconds): 15:39:10
----------------------------------------

----------------------------------------
TRIAL 87 STARTED
----------------------------------------
Start Time: 2024-05-02 10:54:26
TRIAL 87 COMPLETE ✔
End Time: 2024-05-02 11:01:51
Total runtime for this trial (minutes/seconds): 07:25
----------------------------------------
Total hill visits: 155
Total prediction errors: 652
Total search depth: 5456250
Total times memory accessed: 18651257
Total times 24 >= t < 49: 24
Total times 49 >= t < 74: 5
Total times 74 >= t < 99: 2
Total times t == 99: 0
Total time steps survived: 2785
Total runtime so far (hours/minutes/seconds): 15:46:36
----------------------------------------

----------------------------------------
TRIAL 88 STARTED
----------------------------------------
Start Time: 2024-05-02 11:01:51
TRIAL 88 COMPLETE ✔
End Time: 2024-05-02 11:23:47
Total runtime for this trial (minutes/seconds): 21:55
----------------------------------------
Total hill visits: 157
Total prediction errors: 660
Total search depth: 5602694
Total times memory accessed: 19115117
Total times 24 >= t < 49: 24
Total times 49 >= t < 74: 6
Total times 74 >= t < 99: 2
Total times t == 99: 0
Total time steps survived: 2833
Total runtime so far (hours/minutes/seconds): 16:08:32
----------------------------------------

----------------------------------------
TRIAL 89 STARTED
----------------------------------------
Start Time: 2024-05-02 11:23:47
TRIAL 89 COMPLETE ✔
End Time: 2024-05-02 12:14:08
Total runtime for this trial (minutes/seconds): 50:21
----------------------------------------
Total hill visits: 159
Total prediction errors: 674
Total search depth: 5904654
Total times memory accessed: 20080339
Total times 24 >= t < 49: 24
Total times 49 >= t < 74: 6
Total times 74 >= t < 99: 2
Total times t == 99: 0
Total time steps survived: 2932
Total runtime so far (hours/minutes/seconds): 16:58:53
----------------------------------------

----------------------------------------
TRIAL 90 STARTED
----------------------------------------
Start Time: 2024-05-02 12:14:09
TRIAL 90 COMPLETE ✔
End Time: 2024-05-02 12:50:09
Total runtime for this trial (minutes/seconds): 36:00
----------------------------------------
Total hill visits: 162
Total prediction errors: 685
Total search depth: 6111675
Total times memory accessed: 20741800
Total times 24 >= t < 49: 24
Total times 49 >= t < 74: 6
Total times 74 >= t < 99: 3
Total times t == 99: 0
Total time steps survived: 3019
Total runtime so far (hours/minutes/seconds): 17:34:54
----------------------------------------

----------------------------------------
TRIAL 91 STARTED
----------------------------------------
Start Time: 2024-05-02 12:50:09
TRIAL 91 COMPLETE ✔
End Time: 2024-05-02 12:55:05
Total runtime for this trial (minutes/seconds): 04:55
----------------------------------------
Total hill visits: 163
Total prediction errors: 688
Total search depth: 6143094
Total times memory accessed: 20842838
Total times 24 >= t < 49: 25
Total times 49 >= t < 74: 6
Total times 74 >= t < 99: 3
Total times t == 99: 0
Total time steps survived: 3044
Total runtime so far (hours/minutes/seconds): 17:39:50
----------------------------------------

----------------------------------------
TRIAL 92 STARTED
----------------------------------------
Start Time: 2024-05-02 12:55:05
TRIAL 92 COMPLETE ✔
End Time: 2024-05-02 13:31:46
Total runtime for this trial (minutes/seconds): 36:40
----------------------------------------
Total hill visits: 166
Total prediction errors: 695
Total search depth: 6374358
Total times memory accessed: 21575446
Total times 24 >= t < 49: 25
Total times 49 >= t < 74: 7
Total times 74 >= t < 99: 3
Total times t == 99: 0
Total time steps survived: 3109
Total runtime so far (hours/minutes/seconds): 18:16:31
----------------------------------------

----------------------------------------
TRIAL 93 STARTED
----------------------------------------
Start Time: 2024-05-02 13:31:46
TRIAL 93 COMPLETE ✔
End Time: 2024-05-02 13:44:11
Total runtime for this trial (minutes/seconds): 12:25
----------------------------------------
Total hill visits: 167
Total prediction errors: 701
Total search depth: 6437826
Total times memory accessed: 21783500
Total times 24 >= t < 49: 25
Total times 49 >= t < 74: 7
Total times 74 >= t < 99: 3
Total times t == 99: 0
Total time steps survived: 3131
Total runtime so far (hours/minutes/seconds): 18:28:56
----------------------------------------

----------------------------------------
TRIAL 94 STARTED
----------------------------------------
Start Time: 2024-05-02 13:44:11
TRIAL 94 COMPLETE ✔
End Time: 2024-05-02 14:25:22
Total runtime for this trial (minutes/seconds): 41:10
----------------------------------------
Total hill visits: 169
Total prediction errors: 718
Total search depth: 6671326
Total times memory accessed: 22529371
Total times 24 >= t < 49: 25
Total times 49 >= t < 74: 7
Total times 74 >= t < 99: 3
Total times t == 99: 0
Total time steps survived: 3230
Total runtime so far (hours/minutes/seconds): 19:10:07
----------------------------------------

----------------------------------------
TRIAL 95 STARTED
----------------------------------------
Start Time: 2024-05-02 14:25:22
TRIAL 95 COMPLETE ✔
End Time: 2024-05-02 14:52:28
Total runtime for this trial (minutes/seconds): 27:05
----------------------------------------
Total hill visits: 173
Total prediction errors: 733
Total search depth: 6852844
Total times memory accessed: 23098633
Total times 24 >= t < 49: 25
Total times 49 >= t < 74: 7
Total times 74 >= t < 99: 4
Total times t == 99: 0
Total time steps survived: 3312
Total runtime so far (hours/minutes/seconds): 19:37:13
----------------------------------------

----------------------------------------
TRIAL 96 STARTED
----------------------------------------
Start Time: 2024-05-02 14:52:28
TRIAL 96 COMPLETE ✔
End Time: 2024-05-02 15:05:12
Total runtime for this trial (minutes/seconds): 12:44
----------------------------------------
Total hill visits: 174
Total prediction errors: 738
Total search depth: 6937391
Total times memory accessed: 23371304
Total times 24 >= t < 49: 26
Total times 49 >= t < 74: 7
Total times 74 >= t < 99: 4
Total times t == 99: 0
Total time steps survived: 3340
Total runtime so far (hours/minutes/seconds): 19:49:57
----------------------------------------

----------------------------------------
TRIAL 97 STARTED
----------------------------------------
Start Time: 2024-05-02 15:05:13
TRIAL 97 COMPLETE ✔
End Time: 2024-05-02 15:26:10
Total runtime for this trial (minutes/seconds): 20:57
----------------------------------------
Total hill visits: 176
Total prediction errors: 748
Total search depth: 7071519
Total times memory accessed: 23807251
Total times 24 >= t < 49: 26
Total times 49 >= t < 74: 7
Total times 74 >= t < 99: 4
Total times t == 99: 0
Total time steps survived: 3439
Total runtime so far (hours/minutes/seconds): 20:10:55
----------------------------------------

----------------------------------------
TRIAL 98 STARTED
----------------------------------------
Start Time: 2024-05-02 15:26:10
TRIAL 98 COMPLETE ✔
End Time: 2024-05-02 15:52:30
Total runtime for this trial (minutes/seconds): 26:19
----------------------------------------
Total hill visits: 178
Total prediction errors: 757
Total search depth: 7238985
Total times memory accessed: 24340185
Total times 24 >= t < 49: 26
Total times 49 >= t < 74: 7
Total times 74 >= t < 99: 4
Total times t == 99: 0
Total time steps survived: 3538
Total runtime so far (hours/minutes/seconds): 20:37:15
----------------------------------------

----------------------------------------
TRIAL 99 STARTED
----------------------------------------
Start Time: 2024-05-02 15:52:30
TRIAL 99 COMPLETE ✔
End Time: 2024-05-02 16:03:24
Total runtime for this trial (minutes/seconds): 10:54
----------------------------------------
Total hill visits: 179
Total prediction errors: 760
Total search depth: 7304707
Total times memory accessed: 24543564
Total times 24 >= t < 49: 27
Total times 49 >= t < 74: 7
Total times 74 >= t < 99: 4
Total times t == 99: 0
Total time steps survived: 3567
Total runtime so far (hours/minutes/seconds): 20:48:09
----------------------------------------

----------------------------------------
TRIAL 100 STARTED
----------------------------------------
Start Time: 2024-05-02 16:03:24
TRIAL 100 COMPLETE ✔
End Time: 2024-05-02 16:41:10
Total runtime for this trial (minutes/seconds): 37:45
----------------------------------------
Total hill visits: 180
Total prediction errors: 771
Total search depth: 7535660
Total times memory accessed: 25260975
Total times 24 >= t < 49: 27
Total times 49 >= t < 74: 7
Total times 74 >= t < 99: 4
Total times t == 99: 0
Total time steps survived: 3666
Total runtime so far (hours/minutes/seconds): 21:25:55
----------------------------------------

----------------------------------------
TRIAL 101 STARTED
----------------------------------------
Start Time: 2024-05-02 16:41:10
TRIAL 101 COMPLETE ✔
End Time: 2024-05-02 16:59:24
Total runtime for this trial (minutes/seconds): 18:14
----------------------------------------
Total hill visits: 181
Total prediction errors: 779
Total search depth: 7644075
Total times memory accessed: 25606517
Total times 24 >= t < 49: 27
Total times 49 >= t < 74: 8
Total times 74 >= t < 99: 4
Total times t == 99: 0
Total time steps survived: 3732
Total runtime so far (hours/minutes/seconds): 21:44:09
----------------------------------------

----------------------------------------
TRIAL 102 STARTED
----------------------------------------
Start Time: 2024-05-02 16:59:25
TRIAL 102 COMPLETE ✔
End Time: 2024-05-02 17:38:04
Total runtime for this trial (minutes/seconds): 38:39
----------------------------------------
Total hill visits: 183
Total prediction errors: 792
Total search depth: 7869283
Total times memory accessed: 26329628
Total times 24 >= t < 49: 27
Total times 49 >= t < 74: 8
Total times 74 >= t < 99: 4
Total times t == 99: 0
Total time steps survived: 3831
Total runtime so far (hours/minutes/seconds): 22:22:49
----------------------------------------

----------------------------------------
TRIAL 103 STARTED
----------------------------------------
Start Time: 2024-05-02 17:38:04
TRIAL 103 COMPLETE ✔
End Time: 2024-05-02 18:10:22
Total runtime for this trial (minutes/seconds): 32:17
----------------------------------------
Total hill visits: 188
Total prediction errors: 803
Total search depth: 8063035
Total times memory accessed: 26957953
Total times 24 >= t < 49: 27
Total times 49 >= t < 74: 8
Total times 74 >= t < 99: 4
Total times t == 99: 0
Total time steps survived: 3930
Total runtime so far (hours/minutes/seconds): 22:55:07
----------------------------------------

----------------------------------------
TRIAL 104 STARTED
----------------------------------------
Start Time: 2024-05-02 18:10:22
TRIAL 104 COMPLETE ✔
End Time: 2024-05-02 18:41:59
Total runtime for this trial (minutes/seconds): 31:36
----------------------------------------
Total hill visits: 189
Total prediction errors: 813
Total search depth: 8251451
Total times memory accessed: 27566257
Total times 24 >= t < 49: 27
Total times 49 >= t < 74: 8
Total times 74 >= t < 99: 4
Total times t == 99: 0
Total time steps survived: 4029
Total runtime so far (hours/minutes/seconds): 23:26:44
----------------------------------------

----------------------------------------
TRIAL 105 STARTED
----------------------------------------
Start Time: 2024-05-02 18:41:59
TRIAL 105 COMPLETE ✔
End Time: 2024-05-02 18:54:08
Total runtime for this trial (minutes/seconds): 12:09
----------------------------------------
Total hill visits: 190
Total prediction errors: 821
Total search depth: 8340050
Total times memory accessed: 27841287
Total times 24 >= t < 49: 28
Total times 49 >= t < 74: 8
Total times 74 >= t < 99: 4
Total times t == 99: 0
Total time steps survived: 4056
Total runtime so far (hours/minutes/seconds): 23:38:53
----------------------------------------

----------------------------------------
TRIAL 106 STARTED
----------------------------------------
Start Time: 2024-05-02 18:54:08
TRIAL 106 COMPLETE ✔
End Time: 2024-05-02 19:03:45
Total runtime for this trial (minutes/seconds): 09:36
----------------------------------------
Total hill visits: 192
Total prediction errors: 826
Total search depth: 8415951
Total times memory accessed: 28083947
Total times 24 >= t < 49: 29
Total times 49 >= t < 74: 8
Total times 74 >= t < 99: 4
Total times t == 99: 0
Total time steps survived: 4089
Total runtime so far (hours/minutes/seconds): 23:48:30
----------------------------------------

----------------------------------------
TRIAL 107 STARTED
----------------------------------------
Start Time: 2024-05-02 19:03:45
TRIAL 107 COMPLETE ✔
End Time: 2024-05-02 19:26:12
Total runtime for this trial (minutes/seconds): 22:26
----------------------------------------
Total hill visits: 194
Total prediction errors: 837
Total search depth: 8613924
Total times memory accessed: 28694360
Total times 24 >= t < 49: 29
Total times 49 >= t < 74: 8
Total times 74 >= t < 99: 5
Total times t == 99: 0
Total time steps survived: 4175
Total runtime so far (hours/minutes/seconds): 00:10:57
----------------------------------------

----------------------------------------
TRIAL 108 STARTED
----------------------------------------
Start Time: 2024-05-02 19:26:12
TRIAL 108 COMPLETE ✔
End Time: 2024-05-02 19:35:58
Total runtime for this trial (minutes/seconds): 09:45
----------------------------------------
Total hill visits: 195
Total prediction errors: 844
Total search depth: 8701928
Total times memory accessed: 28963023
Total times 24 >= t < 49: 29
Total times 49 >= t < 74: 8
Total times 74 >= t < 99: 5
Total times t == 99: 0
Total time steps survived: 4274
Total runtime so far (hours/minutes/seconds): 00:20:43
----------------------------------------

----------------------------------------
TRIAL 109 STARTED
----------------------------------------
Start Time: 2024-05-02 19:35:58
TRIAL 109 COMPLETE ✔
End Time: 2024-05-02 19:45:17
Total runtime for this trial (minutes/seconds): 09:19
----------------------------------------
Total hill visits: 196
Total prediction errors: 846
Total search depth: 8764536
Total times memory accessed: 29160370
Total times 24 >= t < 49: 30
Total times 49 >= t < 74: 8
Total times 74 >= t < 99: 5
Total times t == 99: 0
Total time steps survived: 4299
Total runtime so far (hours/minutes/seconds): 00:30:02
----------------------------------------

----------------------------------------
TRIAL 110 STARTED
----------------------------------------
Start Time: 2024-05-02 19:45:17
TRIAL 110 COMPLETE ✔
End Time: 2024-05-02 19:54:01
Total runtime for this trial (minutes/seconds): 08:43
----------------------------------------
Total hill visits: 198
Total prediction errors: 852
Total search depth: 8826250
Total times memory accessed: 29363901
Total times 24 >= t < 49: 30
Total times 49 >= t < 74: 8
Total times 74 >= t < 99: 5
Total times t == 99: 0
Total time steps survived: 4319
Total runtime so far (hours/minutes/seconds): 00:38:46
----------------------------------------

----------------------------------------
TRIAL 111 STARTED
----------------------------------------
Start Time: 2024-05-02 19:54:01
TRIAL 111 COMPLETE ✔
End Time: 2024-05-02 20:15:28
Total runtime for this trial (minutes/seconds): 21:26
----------------------------------------
Total hill visits: 199
Total prediction errors: 858
Total search depth: 8958750
Total times memory accessed: 29777380
Total times 24 >= t < 49: 30
Total times 49 >= t < 74: 8
Total times 74 >= t < 99: 6
Total times t == 99: 0
Total time steps survived: 4395
Total runtime so far (hours/minutes/seconds): 01:00:12
----------------------------------------

----------------------------------------
TRIAL 112 STARTED
----------------------------------------
Start Time: 2024-05-02 20:15:28
TRIAL 112 COMPLETE ✔
End Time: 2024-05-02 20:25:53
Total runtime for this trial (minutes/seconds): 10:25
----------------------------------------
Total hill visits: 200
Total prediction errors: 862
Total search depth: 9023639
Total times memory accessed: 29975876
Total times 24 >= t < 49: 31
Total times 49 >= t < 74: 8
Total times 74 >= t < 99: 6
Total times t == 99: 0
Total time steps survived: 4424
Total runtime so far (hours/minutes/seconds): 01:10:38
----------------------------------------

----------------------------------------
TRIAL 113 STARTED
----------------------------------------
Start Time: 2024-05-02 20:25:53
TRIAL 113 COMPLETE ✔
End Time: 2024-05-02 20:40:44
Total runtime for this trial (minutes/seconds): 14:50
----------------------------------------
Total hill visits: 201
Total prediction errors: 872
Total search depth: 9122469
Total times memory accessed: 30301601
Total times 24 >= t < 49: 32
Total times 49 >= t < 74: 8
Total times 74 >= t < 99: 6
Total times t == 99: 0
Total time steps survived: 4454
Total runtime so far (hours/minutes/seconds): 01:25:29
----------------------------------------

----------------------------------------
TRIAL 114 STARTED
----------------------------------------
Start Time: 2024-05-02 20:40:44
TRIAL 114 COMPLETE ✔
End Time: 2024-05-02 20:50:45
Total runtime for this trial (minutes/seconds): 10:01
----------------------------------------
Total hill visits: 202
Total prediction errors: 881
Total search depth: 9202934
Total times memory accessed: 30562224
Total times 24 >= t < 49: 32
Total times 49 >= t < 74: 9
Total times 74 >= t < 99: 6
Total times t == 99: 0
Total time steps survived: 4524
Total runtime so far (hours/minutes/seconds): 01:35:30
----------------------------------------

----------------------------------------
TRIAL 115 STARTED
----------------------------------------
Start Time: 2024-05-02 20:50:45
TRIAL 115 COMPLETE ✔
End Time: 2024-05-02 20:57:03
Total runtime for this trial (minutes/seconds): 06:18
----------------------------------------
Total hill visits: 203
Total prediction errors: 887
Total search depth: 9256084
Total times memory accessed: 30722316
Total times 24 >= t < 49: 33
Total times 49 >= t < 74: 9
Total times 74 >= t < 99: 6
Total times t == 99: 0
Total time steps survived: 4549
Total runtime so far (hours/minutes/seconds): 01:41:48
----------------------------------------

----------------------------------------
TRIAL 116 STARTED
----------------------------------------
Start Time: 2024-05-02 20:57:03
TRIAL 116 COMPLETE ✔
End Time: 2024-05-02 21:21:38
Total runtime for this trial (minutes/seconds): 24:35
----------------------------------------
Total hill visits: 206
Total prediction errors: 900
Total search depth: 9465360
Total times memory accessed: 31370735
Total times 24 >= t < 49: 33
Total times 49 >= t < 74: 9
Total times 74 >= t < 99: 6
Total times t == 99: 0
Total time steps survived: 4648
Total runtime so far (hours/minutes/seconds): 02:06:23
----------------------------------------

----------------------------------------
TRIAL 117 STARTED
----------------------------------------
Start Time: 2024-05-02 21:21:38
TRIAL 117 COMPLETE ✔
End Time: 2024-05-02 21:59:09
Total runtime for this trial (minutes/seconds): 37:30
----------------------------------------
Total hill visits: 207
Total prediction errors: 916
Total search depth: 9732792
Total times memory accessed: 32229002
Total times 24 >= t < 49: 33
Total times 49 >= t < 74: 9
Total times 74 >= t < 99: 6
Total times t == 99: 0
Total time steps survived: 4747
Total runtime so far (hours/minutes/seconds): 02:43:54
----------------------------------------

----------------------------------------
TRIAL 118 STARTED
----------------------------------------
Start Time: 2024-05-02 21:59:09
TRIAL 118 COMPLETE ✔
End Time: 2024-05-02 22:19:22
Total runtime for this trial (minutes/seconds): 20:13
----------------------------------------
Total hill visits: 209
Total prediction errors: 924
Total search depth: 9868930
Total times memory accessed: 32645792
Total times 24 >= t < 49: 33
Total times 49 >= t < 74: 9
Total times 74 >= t < 99: 7
Total times t == 99: 0
Total time steps survived: 4832
Total runtime so far (hours/minutes/seconds): 03:04:07
----------------------------------------

----------------------------------------
TRIAL 119 STARTED
----------------------------------------
Start Time: 2024-05-02 22:19:22
TRIAL 119 COMPLETE ✔
End Time: 2024-05-02 22:24:27
Total runtime for this trial (minutes/seconds): 05:05
----------------------------------------
Total hill visits: 210
Total prediction errors: 924
Total search depth: 9903371
Total times memory accessed: 32751356
Total times 24 >= t < 49: 34
Total times 49 >= t < 74: 9
Total times 74 >= t < 99: 7
Total times t == 99: 0
Total time steps survived: 4857
Total runtime so far (hours/minutes/seconds): 03:09:12
----------------------------------------

----------------------------------------
TRIAL 120 STARTED
----------------------------------------
Start Time: 2024-05-02 22:24:27
TRIAL 120 COMPLETE ✔
End Time: 2024-05-02 22:52:09
Total runtime for this trial (minutes/seconds): 27:41
----------------------------------------
Total hill visits: 212
Total prediction errors: 933
Total search depth: 10090993
Total times memory accessed: 33341106
Total times 24 >= t < 49: 34
Total times 49 >= t < 74: 9
Total times 74 >= t < 99: 8
Total times t == 99: 0
Total time steps survived: 4945
Total runtime so far (hours/minutes/seconds): 03:36:54
----------------------------------------
EXPERIMENT COMPLETE ✔.
End Time: 2024-05-02 22:52:09
TOTAL RUNTIME (hours/minutes/seconds): 03:36:54
Traceback (most recent call last):
  File "/home/grmstj001/MATLAB-experiments/Sophisticated-Learning/src/Python/main.py", line 24, in <module>
    main(algorithm=args.algorithm, seed=args.seed)
  File "/home/grmstj001/MATLAB-experiments/Sophisticated-Learning/src/Python/main.py", line 8, in main
    si_experiment(seed)
  File "/home/grmstj001/MATLAB-experiments/Sophisticated-Learning/src/Python/algorithms/sophisticated_inference/sophisticated_inference.py", line 354, in experiment
    logging.info(f"AVERAGE RUNTIME PER TIME STEP: {round_half_up((runtime.total_seconds() / total_t), 3)} seconds")
NameError: name 'round_half_up' is not defined
/var/tmp/slurmd.spool/job2116094/slurm_script: line 32: deactivatepython: command not found
