Running main with ALGORITHM=SL, SEED=10, HORIZON=2, K_FACTOR=0.7, ROOT_FOLDER=/home/grmstj001, MCT=3, NUM_MCT=100, AUTO_REST=

                            < M A T L A B (R) >
                  Copyright 1984-2024 The MathWorks, Inc.
                  R2024a (24.1.0.2537033) 64-bit (glnxa64)
                             February 21, 2024

 
To get started, type doc.
For product information, visit www.mathworks.com.
 
Algorithm: SL
Seed: 10
Horizon: 2
K-factor: 0.70
Root folder: /home/grmstj001
MCT: 3
Number of MCT: 100
Auto restore: 0
Results file name: 

ans = 

  struct with fields:

     Type: 'twister'
     Seed: 10
    State: [625x1 uint32]


----------------------------------------
TRIAL 1 STARTED
----------------------------------------
Start Time: 2024-05-13 13:36:00
At time step 21 the agent is dead
The agent had 2 food, 0 water, and 23 sleep.
The total tree search depth for this trial was 2101. 
The agent accessed its memory 17496 times. 
The agent cleared its short-term memory 10 times. 
     State prediction error memory resets: 9. 
     Hill memory resets: 1. 
TRIAL 1 COMPLETE ✔
End Time: 2024-05-13 13:36:08
Total runtime for this trial (minutes/seconds): 00:08
----------------------------------------
Total hill visits: 1. 
Total prediction errors: 9. 
Total search depth: 2101. 
Total times memory accessed: 17496. 
Total times 25 >= t <= 50: 0. 
Total times 50 >= t <= 75: 0. 
Total times 75 >= t <= 100: 0. 
Total times t == 100: 0. 
Total time steps survived: 22. 
Total runtime so far (hours/minutes/seconds): 00:00:08
----------------------------------------

----------------------------------------
TRIAL 2 STARTED
----------------------------------------
Start Time: 2024-05-13 13:36:07
At time step 21 the agent is dead
The agent had 2 food, 0 water, and 5 sleep.
The total tree search depth for this trial was 1417. 
The agent accessed its memory 10449 times. 
The agent cleared its short-term memory 10 times. 
     State prediction error memory resets: 8. 
     Hill memory resets: 2. 
TRIAL 2 COMPLETE ✔
End Time: 2024-05-13 13:36:13
Total runtime for this trial (minutes/seconds): 00:06
----------------------------------------
Total hill visits: 3. 
Total prediction errors: 17. 
Total search depth: 3518. 
Total times memory accessed: 27945. 
Total times 25 >= t <= 50: 0. 
Total times 50 >= t <= 75: 0. 
Total times 75 >= t <= 100: 0. 
Total times t == 100: 0. 
Total time steps survived: 44. 
Total runtime so far (hours/minutes/seconds): 00:00:13
----------------------------------------

----------------------------------------
TRIAL 3 STARTED
----------------------------------------
Start Time: 2024-05-13 13:36:12
At time step 21 the agent is dead
The agent had 2 food, 0 water, and 5 sleep.
The total tree search depth for this trial was 1919. 
The agent accessed its memory 15355 times. 
The agent cleared its short-term memory 9 times. 
     State prediction error memory resets: 8. 
     Hill memory resets: 1. 
TRIAL 3 COMPLETE ✔
End Time: 2024-05-13 13:36:19
Total runtime for this trial (minutes/seconds): 00:07
----------------------------------------
Total hill visits: 4. 
Total prediction errors: 25. 
Total search depth: 5437. 
Total times memory accessed: 43300. 
Total times 25 >= t <= 50: 0. 
Total times 50 >= t <= 75: 0. 
Total times 75 >= t <= 100: 0. 
Total times t == 100: 0. 
Total time steps survived: 66. 
Total runtime so far (hours/minutes/seconds): 00:00:19
----------------------------------------

----------------------------------------
TRIAL 4 STARTED
----------------------------------------
Start Time: 2024-05-13 13:36:18
At time step 21 the agent is dead
The agent had 9 food, 0 water, and 20 sleep.
The total tree search depth for this trial was 4723. 
The agent accessed its memory 34077 times. 
The agent cleared its short-term memory 8 times. 
     State prediction error memory resets: 7. 
     Hill memory resets: 1. 
TRIAL 4 COMPLETE ✔
End Time: 2024-05-13 13:36:32
Total runtime for this trial (minutes/seconds): 00:14
----------------------------------------
Total hill visits: 5. 
Total prediction errors: 32. 
Total search depth: 10160. 
Total times memory accessed: 77377. 
Total times 25 >= t <= 50: 0. 
Total times 50 >= t <= 75: 0. 
Total times 75 >= t <= 100: 0. 
Total times t == 100: 0. 
Total time steps survived: 88. 
Total runtime so far (hours/minutes/seconds): 00:00:32
----------------------------------------

----------------------------------------
TRIAL 5 STARTED
----------------------------------------
Start Time: 2024-05-13 13:36:31
At time step 21 the agent is dead
The agent had 2 food, 0 water, and 5 sleep.
The total tree search depth for this trial was 4314. 
The agent accessed its memory 34500 times. 
The agent cleared its short-term memory 10 times. 
     State prediction error memory resets: 9. 
     Hill memory resets: 1. 
TRIAL 5 COMPLETE ✔
End Time: 2024-05-13 13:36:45
Total runtime for this trial (minutes/seconds): 00:14
----------------------------------------
Total hill visits: 6. 
Total prediction errors: 41. 
Total search depth: 14474. 
Total times memory accessed: 111877. 
Total times 25 >= t <= 50: 0. 
Total times 50 >= t <= 75: 0. 
Total times 75 >= t <= 100: 0. 
Total times t == 100: 0. 
Total time steps survived: 110. 
Total runtime so far (hours/minutes/seconds): 00:00:45
----------------------------------------

----------------------------------------
TRIAL 6 STARTED
----------------------------------------
Start Time: 2024-05-13 13:36:44
At time step 26 the agent is dead
The agent had 21 food, 17 water, and 0 sleep.
The total tree search depth for this trial was 17082. 
The agent accessed its memory 134933 times. 
The agent cleared its short-term memory 17 times. 
     State prediction error memory resets: 15. 
     Hill memory resets: 2. 
TRIAL 6 COMPLETE ✔
End Time: 2024-05-13 13:37:29
Total runtime for this trial (minutes/seconds): 00:45
----------------------------------------
Total hill visits: 8. 
Total prediction errors: 56. 
Total search depth: 31556. 
Total times memory accessed: 246810. 
Total times 25 >= t <= 50: 1. 
Total times 50 >= t <= 75: 0. 
Total times 75 >= t <= 100: 0. 
Total times t == 100: 0. 
Total time steps survived: 137. 
Total runtime so far (hours/minutes/seconds): 00:01:29
----------------------------------------

----------------------------------------
TRIAL 7 STARTED
----------------------------------------
Start Time: 2024-05-13 13:37:28
At time step 21 the agent is dead
The agent had 2 food, 0 water, and 5 sleep.
The total tree search depth for this trial was 5878. 
The agent accessed its memory 38806 times. 
The agent cleared its short-term memory 13 times. 
     State prediction error memory resets: 8. 
     Hill memory resets: 5. 
TRIAL 7 COMPLETE ✔
End Time: 2024-05-13 13:37:49
Total runtime for this trial (minutes/seconds): 00:21
----------------------------------------
Total hill visits: 13. 
Total prediction errors: 64. 
Total search depth: 37434. 
Total times memory accessed: 285616. 
Total times 25 >= t <= 50: 1. 
Total times 50 >= t <= 75: 0. 
Total times 75 >= t <= 100: 0. 
Total times t == 100: 0. 
Total time steps survived: 159. 
Total runtime so far (hours/minutes/seconds): 00:01:49
----------------------------------------

----------------------------------------
TRIAL 8 STARTED
----------------------------------------
Start Time: 2024-05-13 13:37:48
At time step 21 the agent is dead
The agent had 19 food, 0 water, and 5 sleep.
The total tree search depth for this trial was 3941. 
The agent accessed its memory 28415 times. 
The agent cleared its short-term memory 16 times. 
     State prediction error memory resets: 16. 
     Hill memory resets: 0. 
TRIAL 8 COMPLETE ✔
End Time: 2024-05-13 13:38:05
Total runtime for this trial (minutes/seconds): 00:17
----------------------------------------
Total hill visits: 13. 
Total prediction errors: 80. 
Total search depth: 41375. 
Total times memory accessed: 314031. 
Total times 25 >= t <= 50: 1. 
Total times 50 >= t <= 75: 0. 
Total times 75 >= t <= 100: 0. 
Total times t == 100: 0. 
Total time steps survived: 181. 
Total runtime so far (hours/minutes/seconds): 00:02:05
----------------------------------------

----------------------------------------
TRIAL 9 STARTED
----------------------------------------
Start Time: 2024-05-13 13:38:04
At time step 21 the agent is dead
The agent had 2 food, 0 water, and 5 sleep.
The total tree search depth for this trial was 6587. 
The agent accessed its memory 49218 times. 
The agent cleared its short-term memory 10 times. 
     State prediction error memory resets: 9. 
     Hill memory resets: 1. 
TRIAL 9 COMPLETE ✔
End Time: 2024-05-13 13:38:28
Total runtime for this trial (minutes/seconds): 00:24
----------------------------------------
Total hill visits: 14. 
Total prediction errors: 89. 
Total search depth: 47962. 
Total times memory accessed: 363249. 
Total times 25 >= t <= 50: 1. 
Total times 50 >= t <= 75: 0. 
Total times 75 >= t <= 100: 0. 
Total times t == 100: 0. 
Total time steps survived: 203. 
Total runtime so far (hours/minutes/seconds): 00:02:28
----------------------------------------

----------------------------------------
TRIAL 10 STARTED
----------------------------------------
Start Time: 2024-05-13 13:38:27
