Running main with ALGORITHM=SI, SEED=24, HORIZON=2, K_FACTOR=0.7, ROOT_FOLDER=/home/grmstj001, MCT=3, NUM_MCT=100, AUTO_REST=

                            < M A T L A B (R) >
                  Copyright 1984-2024 The MathWorks, Inc.
                  R2024a (24.1.0.2537033) 64-bit (glnxa64)
                             February 21, 2024

 
To get started, type doc.
For product information, visit www.mathworks.com.
 
Algorithm: SI
Seed: 24
Horizon: 2
K-factor: 0.70
Root folder: /home/grmstj001
MCT: 3
Number of MCT: 100
Auto restore: 0
Results file name: 

ans = 

  struct with fields:

     Type: 'twister'
     Seed: 24
    State: [625x1 uint32]


----------------------------------------
TRIAL 1 STARTED
----------------------------------------
Start Time: 2024-05-13 13:29:47
At time step 21 the agent is dead
The agent had 14 food, 0 water, and 22 sleep.
The total tree search depth for this trial was 2658. 
The agent accessed its memory 24390 times. 
The agent cleared its short-term memory 11 times. 
     State prediction error memory resets: 10. 
     Hill memory resets: 1. 
TRIAL 1 COMPLETE ✔
End Time: 2024-05-13 13:29:56
Total runtime for this trial (minutes/seconds): 00:09
----------------------------------------
Total hill visits: 1. 
Total prediction errors: 10. 
Total search depth: 2658. 
Total times memory accessed: 24390. 
Total times 25 >= t <= 50: 0. 
Total times 50 >= t <= 75: 0. 
Total times 75 >= t <= 100: 0. 
Total times t == 100: 0. 
Total time steps survived: 22. 
Total runtime so far (hours/minutes/seconds): 00:00:09
----------------------------------------

----------------------------------------
TRIAL 2 STARTED
----------------------------------------
Start Time: 2024-05-13 13:29:55
At time step 21 the agent is dead
The agent had 2 food, 0 water, and 5 sleep.
The total tree search depth for this trial was 3603. 
The agent accessed its memory 29273 times. 
The agent cleared its short-term memory 7 times. 
     State prediction error memory resets: 6. 
     Hill memory resets: 1. 
TRIAL 2 COMPLETE ✔
End Time: 2024-05-13 13:30:01
Total runtime for this trial (minutes/seconds): 00:06
----------------------------------------
Total hill visits: 2. 
Total prediction errors: 16. 
Total search depth: 6261. 
Total times memory accessed: 53663. 
Total times 25 >= t <= 50: 0. 
Total times 50 >= t <= 75: 0. 
Total times 75 >= t <= 100: 0. 
Total times t == 100: 0. 
Total time steps survived: 44. 
Total runtime so far (hours/minutes/seconds): 00:00:14
----------------------------------------

----------------------------------------
TRIAL 3 STARTED
----------------------------------------
Start Time: 2024-05-13 13:30:00
At time step 21 the agent is dead
The agent had 2 food, 0 water, and 5 sleep.
The total tree search depth for this trial was 1329. 
The agent accessed its memory 21640 times. 
The agent cleared its short-term memory 3 times. 
     State prediction error memory resets: 2. 
     Hill memory resets: 1. 
TRIAL 3 COMPLETE ✔
End Time: 2024-05-13 13:30:03
Total runtime for this trial (minutes/seconds): 00:03
----------------------------------------
Total hill visits: 3. 
Total prediction errors: 18. 
Total search depth: 7590. 
Total times memory accessed: 75303. 
Total times 25 >= t <= 50: 0. 
Total times 50 >= t <= 75: 0. 
Total times 75 >= t <= 100: 0. 
Total times t == 100: 0. 
Total time steps survived: 66. 
Total runtime so far (hours/minutes/seconds): 00:00:16
----------------------------------------

----------------------------------------
TRIAL 4 STARTED
----------------------------------------
Start Time: 2024-05-13 13:30:02
At time step 21 the agent is dead
The agent had 21 food, 0 water, and 5 sleep.
The total tree search depth for this trial was 1305. 
The agent accessed its memory 10078 times. 
The agent cleared its short-term memory 7 times. 
     State prediction error memory resets: 6. 
     Hill memory resets: 1. 
TRIAL 4 COMPLETE ✔
End Time: 2024-05-13 13:30:06
Total runtime for this trial (minutes/seconds): 00:04
----------------------------------------
Total hill visits: 4. 
Total prediction errors: 24. 
Total search depth: 8895. 
Total times memory accessed: 85381. 
Total times 25 >= t <= 50: 0. 
Total times 50 >= t <= 75: 0. 
Total times 75 >= t <= 100: 0. 
Total times t == 100: 0. 
Total time steps survived: 88. 
Total runtime so far (hours/minutes/seconds): 00:00:19
----------------------------------------

----------------------------------------
TRIAL 5 STARTED
----------------------------------------
Start Time: 2024-05-13 13:30:05
At time step 21 the agent is dead
The agent had 2 food, 0 water, and 5 sleep.
The total tree search depth for this trial was 2974. 
The agent accessed its memory 33783 times. 
The agent cleared its short-term memory 15 times. 
     State prediction error memory resets: 15. 
     Hill memory resets: 0. 
TRIAL 5 COMPLETE ✔
End Time: 2024-05-13 13:30:11
Total runtime for this trial (minutes/seconds): 00:06
----------------------------------------
Total hill visits: 4. 
Total prediction errors: 39. 
Total search depth: 11869. 
Total times memory accessed: 119164. 
Total times 25 >= t <= 50: 0. 
Total times 50 >= t <= 75: 0. 
Total times 75 >= t <= 100: 0. 
Total times t == 100: 0. 
Total time steps survived: 110. 
Total runtime so far (hours/minutes/seconds): 00:00:24
----------------------------------------

----------------------------------------
TRIAL 6 STARTED
----------------------------------------
Start Time: 2024-05-13 13:30:10
At time step 21 the agent is dead
The agent had 11 food, 0 water, and 5 sleep.
The total tree search depth for this trial was 10100. 
The agent accessed its memory 90947 times. 
The agent cleared its short-term memory 13 times. 
     State prediction error memory resets: 13. 
     Hill memory resets: 0. 
TRIAL 6 COMPLETE ✔
End Time: 2024-05-13 13:30:23
Total runtime for this trial (minutes/seconds): 00:13
----------------------------------------
Total hill visits: 4. 
Total prediction errors: 52. 
Total search depth: 21969. 
Total times memory accessed: 210111. 
Total times 25 >= t <= 50: 0. 
Total times 50 >= t <= 75: 0. 
Total times 75 >= t <= 100: 0. 
Total times t == 100: 0. 
Total time steps survived: 132. 
Total runtime so far (hours/minutes/seconds): 00:00:36
----------------------------------------

----------------------------------------
TRIAL 7 STARTED
----------------------------------------
Start Time: 2024-05-13 13:30:22
At time step 21 the agent is dead
The agent had 2 food, 0 water, and 5 sleep.
The total tree search depth for this trial was 3138. 
The agent accessed its memory 35589 times. 
The agent cleared its short-term memory 13 times. 
     State prediction error memory resets: 13. 
     Hill memory resets: 0. 
TRIAL 7 COMPLETE ✔
End Time: 2024-05-13 13:30:29
Total runtime for this trial (minutes/seconds): 00:07
----------------------------------------
Total hill visits: 4. 
Total prediction errors: 65. 
Total search depth: 25107. 
Total times memory accessed: 245700. 
Total times 25 >= t <= 50: 0. 
Total times 50 >= t <= 75: 0. 
Total times 75 >= t <= 100: 0. 
Total times t == 100: 0. 
Total time steps survived: 154. 
Total runtime so far (hours/minutes/seconds): 00:00:42
----------------------------------------

----------------------------------------
TRIAL 8 STARTED
----------------------------------------
Start Time: 2024-05-13 13:30:28
At time step 21 the agent is dead
The agent had 2 food, 0 water, and 5 sleep.
The total tree search depth for this trial was 4092. 
The agent accessed its memory 56681 times. 
The agent cleared its short-term memory 11 times. 
     State prediction error memory resets: 11. 
     Hill memory resets: 0. 
TRIAL 8 COMPLETE ✔
End Time: 2024-05-13 13:30:34
Total runtime for this trial (minutes/seconds): 00:06
----------------------------------------
Total hill visits: 4. 
Total prediction errors: 76. 
Total search depth: 29199. 
Total times memory accessed: 302381. 
Total times 25 >= t <= 50: 0. 
Total times 50 >= t <= 75: 0. 
Total times 75 >= t <= 100: 0. 
Total times t == 100: 0. 
Total time steps survived: 176. 
Total runtime so far (hours/minutes/seconds): 00:00:47
----------------------------------------

----------------------------------------
TRIAL 9 STARTED
----------------------------------------
Start Time: 2024-05-13 13:30:33
At time step 21 the agent is dead
The agent had 2 food, 0 water, and 5 sleep.
The total tree search depth for this trial was 2999. 
The agent accessed its memory 32279 times. 
The agent cleared its short-term memory 9 times. 
     State prediction error memory resets: 9. 
     Hill memory resets: 0. 
TRIAL 9 COMPLETE ✔
End Time: 2024-05-13 13:30:39
Total runtime for this trial (minutes/seconds): 00:06
----------------------------------------
Total hill visits: 4. 
Total prediction errors: 85. 
Total search depth: 32198. 
Total times memory accessed: 334660. 
Total times 25 >= t <= 50: 0. 
Total times 50 >= t <= 75: 0. 
Total times 75 >= t <= 100: 0. 
Total times t == 100: 0. 
Total time steps survived: 198. 
Total runtime so far (hours/minutes/seconds): 00:00:52
----------------------------------------

----------------------------------------
TRIAL 10 STARTED
----------------------------------------
Start Time: 2024-05-13 13:30:38
At time step 21 the agent is dead
The agent had 2 food, 0 water, and 9 sleep.
The total tree search depth for this trial was 7627. 
The agent accessed its memory 71826 times. 
The agent cleared its short-term memory 10 times. 
     State prediction error memory resets: 9. 
     Hill memory resets: 1. 
TRIAL 10 COMPLETE ✔
End Time: 2024-05-13 13:30:51
Total runtime for this trial (minutes/seconds): 00:13
----------------------------------------
Total hill visits: 5. 
Total prediction errors: 94. 
Total search depth: 39825. 
Total times memory accessed: 406486. 
Total times 25 >= t <= 50: 0. 
Total times 50 >= t <= 75: 0. 
Total times 75 >= t <= 100: 0. 
Total times t == 100: 0. 
Total time steps survived: 220. 
Total runtime so far (hours/minutes/seconds): 00:01:04
----------------------------------------

----------------------------------------
TRIAL 11 STARTED
----------------------------------------
Start Time: 2024-05-13 13:30:50
At time step 21 the agent is dead
The agent had 2 food, 0 water, and 5 sleep.
The total tree search depth for this trial was 1944. 
The agent accessed its memory 25703 times. 
The agent cleared its short-term memory 5 times. 
     State prediction error memory resets: 5. 
     Hill memory resets: 0. 
TRIAL 11 COMPLETE ✔
End Time: 2024-05-13 13:30:55
Total runtime for this trial (minutes/seconds): 00:05
----------------------------------------
Total hill visits: 5. 
Total prediction errors: 99. 
Total search depth: 41769. 
Total times memory accessed: 432189. 
Total times 25 >= t <= 50: 0. 
Total times 50 >= t <= 75: 0. 
Total times 75 >= t <= 100: 0. 
Total times t == 100: 0. 
Total time steps survived: 242. 
Total runtime so far (hours/minutes/seconds): 00:01:08
----------------------------------------

----------------------------------------
TRIAL 12 STARTED
----------------------------------------
Start Time: 2024-05-13 13:30:54
At time step 21 the agent is dead
The agent had 22 food, 0 water, and 5 sleep.
The total tree search depth for this trial was 4463. 
The agent accessed its memory 39601 times. 
The agent cleared its short-term memory 15 times. 
     State prediction error memory resets: 15. 
     Hill memory resets: 0. 
TRIAL 12 COMPLETE ✔
End Time: 2024-05-13 13:31:03
Total runtime for this trial (minutes/seconds): 00:09
----------------------------------------
Total hill visits: 5. 
Total prediction errors: 114. 
Total search depth: 46232. 
Total times memory accessed: 471790. 
Total times 25 >= t <= 50: 0. 
Total times 50 >= t <= 75: 0. 
Total times 75 >= t <= 100: 0. 
Total times t == 100: 0. 
Total time steps survived: 264. 
Total runtime so far (hours/minutes/seconds): 00:01:16
----------------------------------------

----------------------------------------
TRIAL 13 STARTED
----------------------------------------
Start Time: 2024-05-13 13:31:02
At time step 21 the agent is dead
The agent had 2 food, 0 water, and 5 sleep.
The total tree search depth for this trial was 8653. 
The agent accessed its memory 83809 times. 
The agent cleared its short-term memory 18 times. 
     State prediction error memory resets: 17. 
     Hill memory resets: 1. 
TRIAL 13 COMPLETE ✔
End Time: 2024-05-13 13:31:16
Total runtime for this trial (minutes/seconds): 00:14
----------------------------------------
Total hill visits: 6. 
Total prediction errors: 131. 
Total search depth: 54885. 
Total times memory accessed: 555599. 
Total times 25 >= t <= 50: 0. 
Total times 50 >= t <= 75: 0. 
Total times 75 >= t <= 100: 0. 
Total times t == 100: 0. 
Total time steps survived: 286. 
Total runtime so far (hours/minutes/seconds): 00:01:29
----------------------------------------

----------------------------------------
TRIAL 14 STARTED
----------------------------------------
Start Time: 2024-05-13 13:31:15
At time step 21 the agent is dead
The agent had 2 food, 0 water, and 5 sleep.
The total tree search depth for this trial was 3789. 
The agent accessed its memory 30575 times. 
The agent cleared its short-term memory 14 times. 
     State prediction error memory resets: 13. 
     Hill memory resets: 1. 
TRIAL 14 COMPLETE ✔
End Time: 2024-05-13 13:31:23
Total runtime for this trial (minutes/seconds): 00:08
----------------------------------------
Total hill visits: 7. 
Total prediction errors: 144. 
Total search depth: 58674. 
Total times memory accessed: 586174. 
Total times 25 >= t <= 50: 0. 
Total times 50 >= t <= 75: 0. 
Total times 75 >= t <= 100: 0. 
Total times t == 100: 0. 
Total time steps survived: 308. 
Total runtime so far (hours/minutes/seconds): 00:01:36
----------------------------------------

----------------------------------------
TRIAL 15 STARTED
----------------------------------------
Start Time: 2024-05-13 13:31:22
At time step 21 the agent is dead
The agent had 18 food, 0 water, and 24 sleep.
The total tree search depth for this trial was 7866. 
The agent accessed its memory 87095 times. 
The agent cleared its short-term memory 12 times. 
     State prediction error memory resets: 11. 
     Hill memory resets: 1. 
TRIAL 15 COMPLETE ✔
End Time: 2024-05-13 13:31:35
Total runtime for this trial (minutes/seconds): 00:13
----------------------------------------
Total hill visits: 8. 
Total prediction errors: 155. 
Total search depth: 66540. 
Total times memory accessed: 673269. 
Total times 25 >= t <= 50: 0. 
Total times 50 >= t <= 75: 0. 
Total times 75 >= t <= 100: 0. 
Total times t == 100: 0. 
Total time steps survived: 330. 
Total runtime so far (hours/minutes/seconds): 00:01:48
----------------------------------------

----------------------------------------
TRIAL 16 STARTED
----------------------------------------
Start Time: 2024-05-13 13:31:34
At time step 21 the agent is dead
The agent had 2 food, 0 water, and 5 sleep.
The total tree search depth for this trial was 4651. 
The agent accessed its memory 48705 times. 
The agent cleared its short-term memory 11 times. 
     State prediction error memory resets: 10. 
     Hill memory resets: 1. 
TRIAL 16 COMPLETE ✔
End Time: 2024-05-13 13:31:42
Total runtime for this trial (minutes/seconds): 00:08
----------------------------------------
Total hill visits: 9. 
Total prediction errors: 165. 
Total search depth: 71191. 
Total times memory accessed: 721974. 
Total times 25 >= t <= 50: 0. 
Total times 50 >= t <= 75: 0. 
Total times 75 >= t <= 100: 0. 
Total times t == 100: 0. 
Total time steps survived: 352. 
Total runtime so far (hours/minutes/seconds): 00:01:55
----------------------------------------

----------------------------------------
TRIAL 17 STARTED
----------------------------------------
Start Time: 2024-05-13 13:31:41
At time step 21 the agent is dead
The agent had 2 food, 0 water, and 5 sleep.
The total tree search depth for this trial was 2483. 
The agent accessed its memory 30839 times. 
The agent cleared its short-term memory 6 times. 
     State prediction error memory resets: 6. 
     Hill memory resets: 0. 
TRIAL 17 COMPLETE ✔
End Time: 2024-05-13 13:31:47
Total runtime for this trial (minutes/seconds): 00:06
----------------------------------------
Total hill visits: 9. 
Total prediction errors: 171. 
Total search depth: 73674. 
Total times memory accessed: 752813. 
Total times 25 >= t <= 50: 0. 
Total times 50 >= t <= 75: 0. 
Total times 75 >= t <= 100: 0. 
Total times t == 100: 0. 
Total time steps survived: 374. 
Total runtime so far (hours/minutes/seconds): 00:02:00
----------------------------------------

----------------------------------------
TRIAL 18 STARTED
----------------------------------------
Start Time: 2024-05-13 13:31:46
At time step 21 the agent is dead
The agent had 2 food, 0 water, and 5 sleep.
The total tree search depth for this trial was 3467. 
The agent accessed its memory 32749 times. 
The agent cleared its short-term memory 12 times. 
     State prediction error memory resets: 10. 
     Hill memory resets: 2. 
TRIAL 18 COMPLETE ✔
End Time: 2024-05-13 13:31:52
Total runtime for this trial (minutes/seconds): 00:06
----------------------------------------
Total hill visits: 11. 
Total prediction errors: 181. 
Total search depth: 77141. 
Total times memory accessed: 785562. 
Total times 25 >= t <= 50: 0. 
Total times 50 >= t <= 75: 0. 
Total times 75 >= t <= 100: 0. 
Total times t == 100: 0. 
Total time steps survived: 396. 
Total runtime so far (hours/minutes/seconds): 00:02:05
----------------------------------------

----------------------------------------
TRIAL 19 STARTED
----------------------------------------
Start Time: 2024-05-13 13:31:51
At time step 21 the agent is dead
The agent had 2 food, 0 water, and 5 sleep.
The total tree search depth for this trial was 3211. 
The agent accessed its memory 30896 times. 
The agent cleared its short-term memory 15 times. 
     State prediction error memory resets: 14. 
     Hill memory resets: 1. 
TRIAL 19 COMPLETE ✔
End Time: 2024-05-13 13:31:58
Total runtime for this trial (minutes/seconds): 00:07
----------------------------------------
Total hill visits: 12. 
Total prediction errors: 195. 
Total search depth: 80352. 
Total times memory accessed: 816458. 
Total times 25 >= t <= 50: 0. 
Total times 50 >= t <= 75: 0. 
Total times 75 >= t <= 100: 0. 
Total times t == 100: 0. 
Total time steps survived: 418. 
Total runtime so far (hours/minutes/seconds): 00:02:11
----------------------------------------

----------------------------------------
TRIAL 20 STARTED
----------------------------------------
Start Time: 2024-05-13 13:31:57
At time step 21 the agent is dead
The agent had 17 food, 0 water, and 5 sleep.
The total tree search depth for this trial was 5077. 
The agent accessed its memory 61987 times. 
The agent cleared its short-term memory 9 times. 
     State prediction error memory resets: 9. 
     Hill memory resets: 0. 
TRIAL 20 COMPLETE ✔
End Time: 2024-05-13 13:32:04
Total runtime for this trial (minutes/seconds): 00:07
----------------------------------------
Total hill visits: 12. 
Total prediction errors: 204. 
Total search depth: 85429. 
Total times memory accessed: 878445. 
Total times 25 >= t <= 50: 0. 
Total times 50 >= t <= 75: 0. 
Total times 75 >= t <= 100: 0. 
Total times t == 100: 0. 
Total time steps survived: 440. 
Total runtime so far (hours/minutes/seconds): 00:02:17
----------------------------------------

----------------------------------------
TRIAL 21 STARTED
----------------------------------------
Start Time: 2024-05-13 13:32:03
At time step 21 the agent is dead
The agent had 2 food, 0 water, and 5 sleep.
The total tree search depth for this trial was 6943. 
The agent accessed its memory 69200 times. 
The agent cleared its short-term memory 17 times. 
     State prediction error memory resets: 16. 
     Hill memory resets: 1. 
TRIAL 21 COMPLETE ✔
End Time: 2024-05-13 13:32:15
Total runtime for this trial (minutes/seconds): 00:12
----------------------------------------
Total hill visits: 13. 
Total prediction errors: 220. 
Total search depth: 92372. 
Total times memory accessed: 947645. 
Total times 25 >= t <= 50: 0. 
Total times 50 >= t <= 75: 0. 
Total times 75 >= t <= 100: 0. 
Total times t == 100: 0. 
Total time steps survived: 462. 
Total runtime so far (hours/minutes/seconds): 00:02:28
----------------------------------------

----------------------------------------
TRIAL 22 STARTED
----------------------------------------
Start Time: 2024-05-13 13:32:14
At time step 21 the agent is dead
The agent had 2 food, 0 water, and 5 sleep.
The total tree search depth for this trial was 2366. 
The agent accessed its memory 25303 times. 
The agent cleared its short-term memory 12 times. 
     State prediction error memory resets: 11. 
     Hill memory resets: 1. 
TRIAL 22 COMPLETE ✔
End Time: 2024-05-13 13:32:19
Total runtime for this trial (minutes/seconds): 00:05
----------------------------------------
Total hill visits: 14. 
Total prediction errors: 231. 
Total search depth: 94738. 
Total times memory accessed: 972948. 
Total times 25 >= t <= 50: 0. 
Total times 50 >= t <= 75: 0. 
Total times 75 >= t <= 100: 0. 
Total times t == 100: 0. 
Total time steps survived: 484. 
Total runtime so far (hours/minutes/seconds): 00:02:32
----------------------------------------

----------------------------------------
TRIAL 23 STARTED
----------------------------------------
Start Time: 2024-05-13 13:32:18
At time step 21 the agent is dead
The agent had 2 food, 0 water, and 24 sleep.
The total tree search depth for this trial was 5699. 
The agent accessed its memory 53741 times. 
The agent cleared its short-term memory 10 times. 
     State prediction error memory resets: 3. 
     Hill memory resets: 7. 
TRIAL 23 COMPLETE ✔
End Time: 2024-05-13 13:32:28
Total runtime for this trial (minutes/seconds): 00:10
----------------------------------------
Total hill visits: 21. 
Total prediction errors: 234. 
Total search depth: 100437. 
Total times memory accessed: 1026689. 
Total times 25 >= t <= 50: 0. 
Total times 50 >= t <= 75: 0. 
Total times 75 >= t <= 100: 0. 
Total times t == 100: 0. 
Total time steps survived: 506. 
Total runtime so far (hours/minutes/seconds): 00:02:41
----------------------------------------

----------------------------------------
TRIAL 24 STARTED
----------------------------------------
Start Time: 2024-05-13 13:32:27
At time step 23 the agent is dead
The agent had 0 food, 14 water, and 3 sleep.
The total tree search depth for this trial was 12270. 
The agent accessed its memory 93339 times. 
The agent cleared its short-term memory 8 times. 
     State prediction error memory resets: 7. 
     Hill memory resets: 1. 
TRIAL 24 COMPLETE ✔
End Time: 2024-05-13 13:32:45
Total runtime for this trial (minutes/seconds): 00:18
----------------------------------------
Total hill visits: 22. 
Total prediction errors: 241. 
Total search depth: 112707. 
Total times memory accessed: 1120028. 
Total times 25 >= t <= 50: 0. 
Total times 50 >= t <= 75: 0. 
Total times 75 >= t <= 100: 0. 
Total times t == 100: 0. 
Total time steps survived: 530. 
Total runtime so far (hours/minutes/seconds): 00:02:58
----------------------------------------

----------------------------------------
TRIAL 25 STARTED
----------------------------------------
Start Time: 2024-05-13 13:32:44
At time step 21 the agent is dead
The agent had 2 food, 0 water, and 18 sleep.
The total tree search depth for this trial was 2482. 
The agent accessed its memory 24496 times. 
The agent cleared its short-term memory 7 times. 
     State prediction error memory resets: 6. 
     Hill memory resets: 1. 
TRIAL 25 COMPLETE ✔
End Time: 2024-05-13 13:32:49
Total runtime for this trial (minutes/seconds): 00:05
----------------------------------------
Total hill visits: 23. 
Total prediction errors: 247. 
Total search depth: 115189. 
Total times memory accessed: 1144524. 
Total times 25 >= t <= 50: 0. 
Total times 50 >= t <= 75: 0. 
Total times 75 >= t <= 100: 0. 
Total times t == 100: 0. 
Total time steps survived: 552. 
Total runtime so far (hours/minutes/seconds): 00:03:02
----------------------------------------

----------------------------------------
TRIAL 26 STARTED
----------------------------------------
Start Time: 2024-05-13 13:32:48
At time step 21 the agent is dead
The agent had 2 food, 0 water, and 11 sleep.
The total tree search depth for this trial was 16970. 
The agent accessed its memory 133324 times. 
The agent cleared its short-term memory 11 times. 
     State prediction error memory resets: 10. 
     Hill memory resets: 1. 
TRIAL 26 COMPLETE ✔
End Time: 2024-05-13 13:33:13
Total runtime for this trial (minutes/seconds): 00:25
----------------------------------------
Total hill visits: 24. 
Total prediction errors: 257. 
Total search depth: 132159. 
Total times memory accessed: 1277848. 
Total times 25 >= t <= 50: 0. 
Total times 50 >= t <= 75: 0. 
Total times 75 >= t <= 100: 0. 
Total times t == 100: 0. 
Total time steps survived: 574. 
Total runtime so far (hours/minutes/seconds): 00:03:26
----------------------------------------

----------------------------------------
TRIAL 27 STARTED
----------------------------------------
Start Time: 2024-05-13 13:33:12
At time step 21 the agent is dead
The agent had 2 food, 0 water, and 5 sleep.
The total tree search depth for this trial was 4094. 
The agent accessed its memory 36355 times. 
The agent cleared its short-term memory 15 times. 
     State prediction error memory resets: 13. 
     Hill memory resets: 2. 
TRIAL 27 COMPLETE ✔
End Time: 2024-05-13 13:33:19
Total runtime for this trial (minutes/seconds): 00:07
----------------------------------------
Total hill visits: 26. 
Total prediction errors: 270. 
Total search depth: 136253. 
Total times memory accessed: 1314203. 
Total times 25 >= t <= 50: 0. 
Total times 50 >= t <= 75: 0. 
Total times 75 >= t <= 100: 0. 
Total times t == 100: 0. 
Total time steps survived: 596. 
Total runtime so far (hours/minutes/seconds): 00:03:32
----------------------------------------

----------------------------------------
TRIAL 28 STARTED
----------------------------------------
Start Time: 2024-05-13 13:33:18
At time step 21 the agent is dead
The agent had 2 food, 0 water, and 5 sleep.
The total tree search depth for this trial was 5118. 
The agent accessed its memory 58619 times. 
The agent cleared its short-term memory 11 times. 
     State prediction error memory resets: 10. 
     Hill memory resets: 1. 
TRIAL 28 COMPLETE ✔
End Time: 2024-05-13 13:33:27
Total runtime for this trial (minutes/seconds): 00:09
----------------------------------------
Total hill visits: 27. 
Total prediction errors: 280. 
Total search depth: 141371. 
Total times memory accessed: 1372822. 
Total times 25 >= t <= 50: 0. 
Total times 50 >= t <= 75: 0. 
Total times 75 >= t <= 100: 0. 
Total times t == 100: 0. 
Total time steps survived: 618. 
Total runtime so far (hours/minutes/seconds): 00:03:40
----------------------------------------

----------------------------------------
TRIAL 29 STARTED
----------------------------------------
Start Time: 2024-05-13 13:33:26
At time step 55 the agent is dead
The agent had 0 food, 10 water, and 23 sleep.
The total tree search depth for this trial was 83462. 
The agent accessed its memory 588379 times. 
The agent cleared its short-term memory 18 times. 
     State prediction error memory resets: 14. 
     Hill memory resets: 4. 
TRIAL 29 COMPLETE ✔
End Time: 2024-05-13 13:35:01
Total runtime for this trial (minutes/seconds): 01:35
----------------------------------------
Total hill visits: 31. 
Total prediction errors: 294. 
Total search depth: 224833. 
Total times memory accessed: 1961201. 
Total times 25 >= t <= 50: 0. 
Total times 50 >= t <= 75: 1. 
Total times 75 >= t <= 100: 0. 
Total times t == 100: 0. 
Total time steps survived: 674. 
Total runtime so far (hours/minutes/seconds): 00:05:14
----------------------------------------

----------------------------------------
TRIAL 30 STARTED
----------------------------------------
Start Time: 2024-05-13 13:35:00
At time step 23 the agent is dead
The agent had 0 food, 16 water, and 9 sleep.
The total tree search depth for this trial was 25704. 
The agent accessed its memory 185814 times. 
The agent cleared its short-term memory 5 times. 
     State prediction error memory resets: 4. 
     Hill memory resets: 1. 
TRIAL 30 COMPLETE ✔
End Time: 2024-05-13 13:35:31
Total runtime for this trial (minutes/seconds): 00:31
----------------------------------------
Total hill visits: 32. 
Total prediction errors: 298. 
Total search depth: 250537. 
Total times memory accessed: 2147015. 
Total times 25 >= t <= 50: 0. 
Total times 50 >= t <= 75: 1. 
Total times 75 >= t <= 100: 0. 
Total times t == 100: 0. 
Total time steps survived: 698. 
Total runtime so far (hours/minutes/seconds): 00:05:44
----------------------------------------

----------------------------------------
TRIAL 31 STARTED
----------------------------------------
Start Time: 2024-05-13 13:35:30
At time step 23 the agent is dead
The agent had 0 food, 9 water, and 23 sleep.
The total tree search depth for this trial was 58804. 
The agent accessed its memory 514924 times. 
The agent cleared its short-term memory 7 times. 
     State prediction error memory resets: 7. 
     Hill memory resets: 0. 
TRIAL 31 COMPLETE ✔
End Time: 2024-05-13 13:36:38
Total runtime for this trial (minutes/seconds): 01:08
----------------------------------------
Total hill visits: 32. 
Total prediction errors: 305. 
Total search depth: 309341. 
Total times memory accessed: 2661939. 
Total times 25 >= t <= 50: 0. 
Total times 50 >= t <= 75: 1. 
Total times 75 >= t <= 100: 0. 
Total times t == 100: 0. 
Total time steps survived: 722. 
Total runtime so far (hours/minutes/seconds): 00:06:51
----------------------------------------

----------------------------------------
TRIAL 32 STARTED
----------------------------------------
Start Time: 2024-05-13 13:36:37
At time step 21 the agent is dead
The agent had 2 food, 0 water, and 16 sleep.
The total tree search depth for this trial was 11457. 
The agent accessed its memory 89891 times. 
The agent cleared its short-term memory 8 times. 
     State prediction error memory resets: 7. 
     Hill memory resets: 1. 
TRIAL 32 COMPLETE ✔
End Time: 2024-05-13 13:36:53
Total runtime for this trial (minutes/seconds): 00:16
----------------------------------------
Total hill visits: 33. 
Total prediction errors: 312. 
Total search depth: 320798. 
Total times memory accessed: 2751830. 
Total times 25 >= t <= 50: 0. 
Total times 50 >= t <= 75: 1. 
Total times 75 >= t <= 100: 0. 
Total times t == 100: 0. 
Total time steps survived: 744. 
Total runtime so far (hours/minutes/seconds): 00:07:06
----------------------------------------

----------------------------------------
TRIAL 33 STARTED
----------------------------------------
Start Time: 2024-05-13 13:36:52
At time step 21 the agent is dead
The agent had 2 food, 0 water, and 5 sleep.
The total tree search depth for this trial was 34548. 
The agent accessed its memory 320518 times. 
The agent cleared its short-term memory 6 times. 
     State prediction error memory resets: 6. 
     Hill memory resets: 0. 
TRIAL 33 COMPLETE ✔
End Time: 2024-05-13 13:37:36
Total runtime for this trial (minutes/seconds): 00:44
----------------------------------------
Total hill visits: 33. 
Total prediction errors: 318. 
Total search depth: 355346. 
Total times memory accessed: 3072348. 
Total times 25 >= t <= 50: 0. 
Total times 50 >= t <= 75: 1. 
Total times 75 >= t <= 100: 0. 
Total times t == 100: 0. 
Total time steps survived: 766. 
Total runtime so far (hours/minutes/seconds): 00:07:49
----------------------------------------

----------------------------------------
TRIAL 34 STARTED
----------------------------------------
Start Time: 2024-05-13 13:37:35
