Running Python script with ALGORITHM=SI and SEED=7
At time 25 the agent is dead.
The agent had: 5 food, 1 water, and -1 sleep.
The total tree search depth for this trial was 12301.
The agent accessed its memory 20719 times.
The agent cleared its short-term memory 7 times.
    State prediction error memory resets: 5.
    Hill memory resets: 2.
At time 20 the agent is dead.
The agent had: 11 food, -1 water, and 4 sleep.
The total tree search depth for this trial was 3404.
The agent accessed its memory 10080 times.
The agent cleared its short-term memory 0 times.
    State prediction error memory resets: 0.
    Hill memory resets: 0.
At time 20 the agent is dead.
The agent had: 10 food, -1 water, and 4 sleep.
The total tree search depth for this trial was 4558.
The agent accessed its memory 15377 times.
The agent cleared its short-term memory 0 times.
    State prediction error memory resets: 0.
    Hill memory resets: 0.
At time 20 the agent is dead.
The agent had: 1 food, -1 water, and 4 sleep.
The total tree search depth for this trial was 1186.
The agent accessed its memory 3580 times.
The agent cleared its short-term memory 5 times.
    State prediction error memory resets: 5.
    Hill memory resets: 0.
At time 20 the agent is dead.
The agent had: 1 food, -1 water, and 4 sleep.
The total tree search depth for this trial was 1152.
The agent accessed its memory 3656 times.
The agent cleared its short-term memory 14 times.
    State prediction error memory resets: 12.
    Hill memory resets: 2.
At time 20 the agent is dead.
The agent had: 1 food, -1 water, and 4 sleep.
The total tree search depth for this trial was 1925.
The agent accessed its memory 5241 times.
The agent cleared its short-term memory 7 times.
    State prediction error memory resets: 7.
    Hill memory resets: 0.
At time 20 the agent is dead.
The agent had: 1 food, -1 water, and 4 sleep.
The total tree search depth for this trial was 1407.
The agent accessed its memory 3872 times.
The agent cleared its short-term memory 3 times.
    State prediction error memory resets: 3.
    Hill memory resets: 0.
At time 25 the agent is dead.
The agent had: 12 food, 17 water, and -1 sleep.
The total tree search depth for this trial was 3757.
The agent accessed its memory 13521 times.
The agent cleared its short-term memory 3 times.
    State prediction error memory resets: 3.
    Hill memory resets: 0.
At time 20 the agent is dead.
The agent had: 1 food, -1 water, and 4 sleep.
The total tree search depth for this trial was 8248.
The agent accessed its memory 25808 times.
The agent cleared its short-term memory 6 times.
    State prediction error memory resets: 6.
    Hill memory resets: 0.
At time 20 the agent is dead.
The agent had: 1 food, -1 water, and 4 sleep.
The total tree search depth for this trial was 4145.
The agent accessed its memory 12318 times.
The agent cleared its short-term memory 8 times.
    State prediction error memory resets: 7.
    Hill memory resets: 1.
At time 20 the agent is dead.
The agent had: 1 food, -1 water, and 4 sleep.
The total tree search depth for this trial was 3007.
The agent accessed its memory 8632 times.
The agent cleared its short-term memory 5 times.
    State prediction error memory resets: 5.
    Hill memory resets: 0.
At time 20 the agent is dead.
The agent had: 1 food, -1 water, and 4 sleep.
The total tree search depth for this trial was 2875.
The agent accessed its memory 8179 times.
The agent cleared its short-term memory 5 times.
    State prediction error memory resets: 4.
    Hill memory resets: 1.
At time 20 the agent is dead.
The agent had: 1 food, -1 water, and 4 sleep.
The total tree search depth for this trial was 4069.
The agent accessed its memory 12347 times.
The agent cleared its short-term memory 6 times.
    State prediction error memory resets: 5.
    Hill memory resets: 1.
At time 20 the agent is dead.
The agent had: 1 food, -1 water, and 4 sleep.
The total tree search depth for this trial was 2616.
The agent accessed its memory 7908 times.
The agent cleared its short-term memory 14 times.
    State prediction error memory resets: 13.
    Hill memory resets: 1.
At time 20 the agent is dead.
The agent had: 1 food, -1 water, and 4 sleep.
The total tree search depth for this trial was 3476.
The agent accessed its memory 10343 times.
The agent cleared its short-term memory 18 times.
    State prediction error memory resets: 17.
    Hill memory resets: 1.
At time 20 the agent is dead.
The agent had: 18 food, -1 water, and 4 sleep.
The total tree search depth for this trial was 2811.
The agent accessed its memory 8121 times.
The agent cleared its short-term memory 3 times.
    State prediction error memory resets: 2.
    Hill memory resets: 1.
At time 22 the agent is dead.
The agent had: -1 food, 17 water, and 20 sleep.
The total tree search depth for this trial was 2780.
The agent accessed its memory 8374 times.
The agent cleared its short-term memory 5 times.
    State prediction error memory resets: 4.
    Hill memory resets: 1.
At time 20 the agent is dead.
The agent had: 1 food, -1 water, and 4 sleep.
The total tree search depth for this trial was 3754.
The agent accessed its memory 12142 times.
The agent cleared its short-term memory 4 times.
    State prediction error memory resets: 1.
    Hill memory resets: 3.
At time 20 the agent is dead.
The agent had: 1 food, -1 water, and 4 sleep.
The total tree search depth for this trial was 15917.
The agent accessed its memory 59684 times.
The agent cleared its short-term memory 11 times.
    State prediction error memory resets: 8.
    Hill memory resets: 3.
At time 49 the agent is dead.
The agent had: -1 food, -1 water, and 16 sleep.
The total tree search depth for this trial was 78415.
The agent accessed its memory 303511 times.
The agent cleared its short-term memory 16 times.
    State prediction error memory resets: 15.
    Hill memory resets: 1.
At time 20 the agent is dead.
The agent had: 1 food, -1 water, and 4 sleep.
The total tree search depth for this trial was 5299.
The agent accessed its memory 19785 times.
The agent cleared its short-term memory 2 times.
    State prediction error memory resets: 1.
    Hill memory resets: 1.
At time 20 the agent is dead.
The agent had: 1 food, -1 water, and 4 sleep.
The total tree search depth for this trial was 6464.
The agent accessed its memory 21459 times.
The agent cleared its short-term memory 12 times.
    State prediction error memory resets: 10.
    Hill memory resets: 2.
At time 20 the agent is dead.
The agent had: 1 food, -1 water, and 4 sleep.
The total tree search depth for this trial was 4002.
The agent accessed its memory 13199 times.
The agent cleared its short-term memory 8 times.
    State prediction error memory resets: 6.
    Hill memory resets: 2.
At time 22 the agent is dead.
The agent had: -1 food, 16 water, and 2 sleep.
The total tree search depth for this trial was 13428.
The agent accessed its memory 50914 times.
The agent cleared its short-term memory 7 times.
    State prediction error memory resets: 6.
    Hill memory resets: 1.
At time 20 the agent is dead.
The agent had: 1 food, -1 water, and 4 sleep.
The total tree search depth for this trial was 4028.
The agent accessed its memory 12676 times.
The agent cleared its short-term memory 10 times.
    State prediction error memory resets: 9.
    Hill memory resets: 1.
At time 20 the agent is dead.
The agent had: 1 food, -1 water, and 4 sleep.
The total tree search depth for this trial was 24577.
The agent accessed its memory 108472 times.
The agent cleared its short-term memory 11 times.
    State prediction error memory resets: 10.
    Hill memory resets: 1.
At time 22 the agent is dead.
The agent had: -1 food, 16 water, and 8 sleep.
The total tree search depth for this trial was 38822.
The agent accessed its memory 127870 times.
The agent cleared its short-term memory 6 times.
    State prediction error memory resets: 5.
    Hill memory resets: 1.
At time 20 the agent is dead.
The agent had: 1 food, -1 water, and 4 sleep.
The total tree search depth for this trial was 6670.
The agent accessed its memory 23952 times.
The agent cleared its short-term memory 12 times.
    State prediction error memory resets: 11.
    Hill memory resets: 1.
At time 22 the agent is dead.
The agent had: -1 food, 14 water, and 8 sleep.
The total tree search depth for this trial was 20066.
The agent accessed its memory 66968 times.
The agent cleared its short-term memory 6 times.
    State prediction error memory resets: 5.
    Hill memory resets: 1.
At time 30 the agent is dead.
The agent had: -1 food, 8 water, and 15 sleep.
The total tree search depth for this trial was 49174.
The agent accessed its memory 185409 times.
The agent cleared its short-term memory 14 times.
    State prediction error memory resets: 13.
    Hill memory resets: 1.
At time 31 the agent is dead.
The agent had: -1 food, -1 water, and 7 sleep.
The total tree search depth for this trial was 52480.
The agent accessed its memory 195811 times.
The agent cleared its short-term memory 11 times.
    State prediction error memory resets: 8.
    Hill memory resets: 3.
At time 22 the agent is dead.
The agent had: -1 food, 9 water, and 8 sleep.
The total tree search depth for this trial was 23200.
The agent accessed its memory 81057 times.
The agent cleared its short-term memory 9 times.
    State prediction error memory resets: 8.
    Hill memory resets: 1.
At time 20 the agent is dead.
The agent had: 1 food, -1 water, and 4 sleep.
The total tree search depth for this trial was 5981.
The agent accessed its memory 19872 times.
The agent cleared its short-term memory 10 times.
    State prediction error memory resets: 9.
    Hill memory resets: 1.
At time 20 the agent is dead.
The agent had: 1 food, -1 water, and 4 sleep.
The total tree search depth for this trial was 4344.
The agent accessed its memory 13613 times.
The agent cleared its short-term memory 6 times.
    State prediction error memory resets: 5.
    Hill memory resets: 1.
At time 38 the agent is dead.
The agent had: -1 food, 11 water, and 20 sleep.
The total tree search depth for this trial was 92815.
The agent accessed its memory 332653 times.
The agent cleared its short-term memory 18 times.
    State prediction error memory resets: 16.
    Hill memory resets: 2.
At time 22 the agent is dead.
The agent had: -1 food, 14 water, and 2 sleep.
The total tree search depth for this trial was 8328.
The agent accessed its memory 28810 times.
The agent cleared its short-term memory 9 times.
    State prediction error memory resets: 8.
    Hill memory resets: 1.
At time 22 the agent is dead.
The agent had: -1 food, 11 water, and 8 sleep.
The total tree search depth for this trial was 23455.
The agent accessed its memory 75675 times.
The agent cleared its short-term memory 6 times.
    State prediction error memory resets: 5.
    Hill memory resets: 1.
At time 22 the agent is dead.
The agent had: -1 food, 16 water, and 2 sleep.
The total tree search depth for this trial was 10804.
The agent accessed its memory 37216 times.
The agent cleared its short-term memory 11 times.
    State prediction error memory resets: 6.
    Hill memory resets: 5.
At time 80 the agent is dead.
The agent had: 16 food, -1 water, and 10 sleep.
The total tree search depth for this trial was 91718.
The agent accessed its memory 324799 times.
The agent cleared its short-term memory 16 times.
    State prediction error memory resets: 15.
    Hill memory resets: 1.
At time 43 the agent is dead.
The agent had: -1 food, -1 water, and 8 sleep.
The total tree search depth for this trial was 64279.
The agent accessed its memory 223644 times.
The agent cleared its short-term memory 16 times.
    State prediction error memory resets: 13.
    Hill memory resets: 3.
At time 22 the agent is dead.
The agent had: -1 food, 12 water, and 21 sleep.
The total tree search depth for this trial was 12937.
The agent accessed its memory 44625 times.
The agent cleared its short-term memory 2 times.
    State prediction error memory resets: 1.
    Hill memory resets: 1.
At time 32 the agent is dead.
The agent had: 18 food, -1 water, and 14 sleep.
The total tree search depth for this trial was 49212.
The agent accessed its memory 165281 times.
The agent cleared its short-term memory 6 times.
    State prediction error memory resets: 5.
    Hill memory resets: 1.
At time 20 the agent is dead.
The agent had: 1 food, -1 water, and 4 sleep.
The total tree search depth for this trial was 30432.
The agent accessed its memory 114317 times.
The agent cleared its short-term memory 7 times.
    State prediction error memory resets: 3.
    Hill memory resets: 4.
At time 20 the agent is dead.
The agent had: 1 food, -1 water, and 4 sleep.
The total tree search depth for this trial was 18497.
The agent accessed its memory 69754 times.
The agent cleared its short-term memory 4 times.
    State prediction error memory resets: 3.
    Hill memory resets: 1.
At time 20 the agent is dead.
The agent had: 1 food, -1 water, and 4 sleep.
The total tree search depth for this trial was 41901.
The agent accessed its memory 162266 times.
The agent cleared its short-term memory 9 times.
    State prediction error memory resets: 8.
    Hill memory resets: 1.
At time 40 the agent is dead.
The agent had: 10 food, -1 water, and 0 sleep.
The total tree search depth for this trial was 106445.
The agent accessed its memory 409395 times.
The agent cleared its short-term memory 16 times.
    State prediction error memory resets: 15.
    Hill memory resets: 1.
At time 34 the agent is dead.
The agent had: -1 food, 8 water, and 12 sleep.
The total tree search depth for this trial was 97323.
The agent accessed its memory 350548 times.
The agent cleared its short-term memory 20 times.
    State prediction error memory resets: 14.
    Hill memory resets: 6.
At time 20 the agent is dead.
The agent had: 13 food, -1 water, and 12 sleep.
The total tree search depth for this trial was 32173.
The agent accessed its memory 115704 times.
The agent cleared its short-term memory 7 times.
    State prediction error memory resets: 6.
    Hill memory resets: 1.
At time 35 the agent is dead.
The agent had: 12 food, -1 water, and 11 sleep.
The total tree search depth for this trial was 69263.
The agent accessed its memory 229939 times.
The agent cleared its short-term memory 10 times.
    State prediction error memory resets: 9.
    Hill memory resets: 1.
At time 20 the agent is dead.
The agent had: 1 food, -1 water, and 4 sleep.
The total tree search depth for this trial was 43781.
The agent accessed its memory 170296 times.
The agent cleared its short-term memory 5 times.
    State prediction error memory resets: 3.
    Hill memory resets: 2.
At time 38 the agent is dead.
The agent had: 9 food, -1 water, and 21 sleep.
The total tree search depth for this trial was 81208.
The agent accessed its memory 300499 times.
The agent cleared its short-term memory 10 times.
    State prediction error memory resets: 7.
    Hill memory resets: 3.
At time 22 the agent is dead.
The agent had: -1 food, 16 water, and 17 sleep.
The total tree search depth for this trial was 28033.
The agent accessed its memory 99313 times.
The agent cleared its short-term memory 9 times.
    State prediction error memory resets: 6.
    Hill memory resets: 3.
At time 29 the agent is dead.
The agent had: -1 food, 9 water, and 21 sleep.
The total tree search depth for this trial was 21809.
The agent accessed its memory 72130 times.
The agent cleared its short-term memory 3 times.
    State prediction error memory resets: 2.
    Hill memory resets: 1.
At time 39 the agent is dead.
The agent had: -1 food, 0 water, and -1 sleep.
The total tree search depth for this trial was 183033.
The agent accessed its memory 647940 times.
The agent cleared its short-term memory 13 times.
    State prediction error memory resets: 11.
    Hill memory resets: 2.
At time 20 the agent is dead.
The agent had: 14 food, -1 water, and 14 sleep.
The total tree search depth for this trial was 41962.
The agent accessed its memory 147531 times.
The agent cleared its short-term memory 8 times.
    State prediction error memory resets: 6.
    Hill memory resets: 2.
At time 20 the agent is dead.
The agent had: 1 food, -1 water, and 4 sleep.
The total tree search depth for this trial was 11540.
The agent accessed its memory 40239 times.
The agent cleared its short-term memory 4 times.
    State prediction error memory resets: 1.
    Hill memory resets: 3.
At time 20 the agent is dead.
The agent had: 1 food, -1 water, and 4 sleep.
The total tree search depth for this trial was 34045.
The agent accessed its memory 118155 times.
The agent cleared its short-term memory 8 times.
    State prediction error memory resets: 7.
    Hill memory resets: 1.
At time 20 the agent is dead.
The agent had: 1 food, -1 water, and 4 sleep.
The total tree search depth for this trial was 30460.
The agent accessed its memory 111391 times.
The agent cleared its short-term memory 5 times.
    State prediction error memory resets: 3.
    Hill memory resets: 2.
At time 20 the agent is dead.
The agent had: 1 food, -1 water, and 4 sleep.
The total tree search depth for this trial was 34210.
The agent accessed its memory 126577 times.
The agent cleared its short-term memory 6 times.
    State prediction error memory resets: 4.
    Hill memory resets: 2.
At time 42 the agent is dead.
The agent had: 7 food, -1 water, and 21 sleep.
The total tree search depth for this trial was 80359.
The agent accessed its memory 268617 times.
The agent cleared its short-term memory 8 times.
    State prediction error memory resets: 7.
    Hill memory resets: 1.
At time 28 the agent is dead.
The agent had: -1 food, -1 water, and 12 sleep.
The total tree search depth for this trial was 72629.
The agent accessed its memory 239845 times.
The agent cleared its short-term memory 8 times.
    State prediction error memory resets: 7.
    Hill memory resets: 1.
At time 20 the agent is dead.
The agent had: 1 food, -1 water, and 4 sleep.
The total tree search depth for this trial was 57007.
The agent accessed its memory 203761 times.
The agent cleared its short-term memory 12 times.
    State prediction error memory resets: 5.
    Hill memory resets: 7.
At time 20 the agent is dead.
The agent had: 1 food, -1 water, and 20 sleep.
The total tree search depth for this trial was 12560.
The agent accessed its memory 45568 times.
The agent cleared its short-term memory 3 times.
    State prediction error memory resets: 2.
    Hill memory resets: 1.
At time 39 the agent is dead.
The agent had: 4 food, -1 water, and 20 sleep.
The total tree search depth for this trial was 89766.
The agent accessed its memory 293657 times.
The agent cleared its short-term memory 6 times.
    State prediction error memory resets: 5.
    Hill memory resets: 1.
At time 20 the agent is dead.
The agent had: 1 food, -1 water, and 4 sleep.
The total tree search depth for this trial was 11328.
The agent accessed its memory 39799 times.
The agent cleared its short-term memory 3 times.
    State prediction error memory resets: 1.
    Hill memory resets: 2.
At time 45 the agent is dead.
The agent had: 3 food, -1 water, and 19 sleep.
The total tree search depth for this trial was 58476.
The agent accessed its memory 193007 times.
The agent cleared its short-term memory 9 times.
    State prediction error memory resets: 6.
    Hill memory resets: 3.
At time 55 the agent is dead.
The agent had: -1 food, 13 water, and 21 sleep.
The total tree search depth for this trial was 132282.
The agent accessed its memory 429916 times.
The agent cleared its short-term memory 13 times.
    State prediction error memory resets: 10.
    Hill memory resets: 3.
At time 20 the agent is dead.
The agent had: 1 food, -1 water, and 4 sleep.
The total tree search depth for this trial was 63415.
The agent accessed its memory 249342 times.
The agent cleared its short-term memory 7 times.
    State prediction error memory resets: 6.
    Hill memory resets: 1.
At time 63 the agent is dead.
The agent had: -1 food, -1 water, and 20 sleep.
The total tree search depth for this trial was 142714.
The agent accessed its memory 458248 times.
The agent cleared its short-term memory 8 times.
    State prediction error memory resets: 6.
    Hill memory resets: 2.
At time 20 the agent is dead.
The agent had: 1 food, -1 water, and 4 sleep.
The total tree search depth for this trial was 23199.
The agent accessed its memory 87069 times.
The agent cleared its short-term memory 5 times.
    State prediction error memory resets: 2.
    Hill memory resets: 3.
At time 39 the agent is dead.
The agent had: -1 food, 2 water, and 1 sleep.
The total tree search depth for this trial was 34408.
The agent accessed its memory 125851 times.
The agent cleared its short-term memory 13 times.
    State prediction error memory resets: 9.
    Hill memory resets: 4.
At time 36 the agent is dead.
The agent had: 4 food, -1 water, and 6 sleep.
The total tree search depth for this trial was 133431.
The agent accessed its memory 488732 times.
The agent cleared its short-term memory 16 times.
    State prediction error memory resets: 13.
    Hill memory resets: 3.
At time 54 the agent is dead.
The agent had: 0 food, 1 water, and -1 sleep.
The total tree search depth for this trial was 244086.
The agent accessed its memory 858213 times.
The agent cleared its short-term memory 15 times.
    State prediction error memory resets: 10.
    Hill memory resets: 5.
At time 95 the agent is dead.
The agent had: 4 food, -1 water, and 6 sleep.
The total tree search depth for this trial was 290436.
The agent accessed its memory 948007 times.
The agent cleared its short-term memory 18 times.
    State prediction error memory resets: 17.
    Hill memory resets: 1.
At time 41 the agent is dead.
The agent had: -1 food, 3 water, and 15 sleep.
The total tree search depth for this trial was 61611.
The agent accessed its memory 213474 times.
The agent cleared its short-term memory 11 times.
    State prediction error memory resets: 10.
    Hill memory resets: 1.
At time 41 the agent is dead.
The agent had: 0 food, 2 water, and -1 sleep.
The total tree search depth for this trial was 170593.
The agent accessed its memory 592315 times.
The agent cleared its short-term memory 8 times.
    State prediction error memory resets: 7.
    Hill memory resets: 1.
At time 71 the agent is dead.
The agent had: 9 food, -1 water, and 11 sleep.
The total tree search depth for this trial was 384474.
The agent accessed its memory 1271504 times.
The agent cleared its short-term memory 27 times.
    State prediction error memory resets: 22.
    Hill memory resets: 5.
At time 33 the agent is dead.
The agent had: -1 food, -1 water, and 17 sleep.
The total tree search depth for this trial was 91301.
The agent accessed its memory 302385 times.
The agent cleared its short-term memory 8 times.
    State prediction error memory resets: 6.
    Hill memory resets: 2.
At time 32 the agent is dead.
The agent had: -1 food, 3 water, and 10 sleep.
The total tree search depth for this trial was 101610.
The agent accessed its memory 345667 times.
The agent cleared its short-term memory 12 times.
    State prediction error memory resets: 8.
    Hill memory resets: 4.
At time 22 the agent is dead.
The agent had: -1 food, 6 water, and 2 sleep.
The total tree search depth for this trial was 90045.
The agent accessed its memory 303635 times.
The agent cleared its short-term memory 5 times.
    State prediction error memory resets: 4.
    Hill memory resets: 1.
At time 43 the agent is dead.
The agent had: -1 food, -1 water, and 15 sleep.
The total tree search depth for this trial was 84693.
The agent accessed its memory 258098 times.
The agent cleared its short-term memory 8 times.
    State prediction error memory resets: 7.
    Hill memory resets: 1.
At time 20 the agent is dead.
The agent had: 8 food, -1 water, and 4 sleep.
The total tree search depth for this trial was 115806.
The agent accessed its memory 370555 times.
The agent cleared its short-term memory 8 times.
    State prediction error memory resets: 7.
    Hill memory resets: 1.
At time 22 the agent is dead.
The agent had: -1 food, 7 water, and 10 sleep.
The total tree search depth for this trial was 43095.
The agent accessed its memory 148758 times.
The agent cleared its short-term memory 5 times.
    State prediction error memory resets: 4.
    Hill memory resets: 1.
At time 48 the agent is dead.
The agent had: -1 food, 1 water, and 9 sleep.
The total tree search depth for this trial was 146444.
The agent accessed its memory 463860 times.
The agent cleared its short-term memory 10 times.
    State prediction error memory resets: 8.
    Hill memory resets: 2.
At time 87 the agent is dead.
The agent had: 10 food, 3 water, and -1 sleep.
The total tree search depth for this trial was 207021.
The agent accessed its memory 661461 times.
The agent cleared its short-term memory 14 times.
    State prediction error memory resets: 11.
    Hill memory resets: 3.
At time 25 the agent is dead.
The agent had: 11 food, 11 water, and -1 sleep.
The total tree search depth for this trial was 31419.
The agent accessed its memory 101038 times.
The agent cleared its short-term memory 4 times.
    State prediction error memory resets: 3.
    Hill memory resets: 1.
At time 65 the agent is dead.
The agent had: 7 food, -1 water, and 3 sleep.
The total tree search depth for this trial was 231264.
The agent accessed its memory 732608 times.
The agent cleared its short-term memory 10 times.
    State prediction error memory resets: 7.
    Hill memory resets: 3.
At time 22 the agent is dead.
The agent had: -1 food, 6 water, and 2 sleep.
The total tree search depth for this trial was 63468.
The agent accessed its memory 208054 times.
The agent cleared its short-term memory 7 times.
    State prediction error memory resets: 6.
    Hill memory resets: 1.
At time 82 the agent is dead.
The agent had: -1 food, 17 water, and 5 sleep.
The total tree search depth for this trial was 181518.
The agent accessed its memory 569262 times.
The agent cleared its short-term memory 19 times.
    State prediction error memory resets: 15.
    Hill memory resets: 4.
At time 28 the agent is dead.
The agent had: 3 food, -1 water, and 15 sleep.
The total tree search depth for this trial was 84547.
The agent accessed its memory 272671 times.
The agent cleared its short-term memory 6 times.
    State prediction error memory resets: 5.
    Hill memory resets: 1.
At time 29 the agent is dead.
The agent had: -1 food, 1 water, and 10 sleep.
The total tree search depth for this trial was 65722.
The agent accessed its memory 203379 times.
The agent cleared its short-term memory 4 times.
    State prediction error memory resets: 3.
    Hill memory resets: 1.
At time 66 the agent is dead.
The agent had: 11 food, -1 water, and 13 sleep.
The total tree search depth for this trial was 108415.
The agent accessed its memory 345542 times.
The agent cleared its short-term memory 9 times.
    State prediction error memory resets: 8.
    Hill memory resets: 1.
At time 27 the agent is dead.
The agent had: 7 food, -1 water, and 15 sleep.
The total tree search depth for this trial was 88599.
The agent accessed its memory 275030 times.
The agent cleared its short-term memory 9 times.
    State prediction error memory resets: 8.
    Hill memory resets: 1.
At time 33 the agent is dead.
The agent had: -1 food, -1 water, and 21 sleep.
The total tree search depth for this trial was 75901.
The agent accessed its memory 242660 times.
The agent cleared its short-term memory 7 times.
    State prediction error memory resets: 5.
    Hill memory resets: 2.
At time 86 the agent is dead.
The agent had: 7 food, 7 water, and -1 sleep.
The total tree search depth for this trial was 197973.
The agent accessed its memory 610413 times.
The agent cleared its short-term memory 13 times.
    State prediction error memory resets: 11.
    Hill memory resets: 2.
At time 25 the agent is dead.
The agent had: 10 food, 1 water, and -1 sleep.
The total tree search depth for this trial was 62608.
The agent accessed its memory 197347 times.
The agent cleared its short-term memory 3 times.
    State prediction error memory resets: 2.
    Hill memory resets: 1.
At time 20 the agent is dead.
The agent had: 1 food, -1 water, and 11 sleep.
The total tree search depth for this trial was 61714.
The agent accessed its memory 203531 times.
The agent cleared its short-term memory 8 times.
    State prediction error memory resets: 6.
    Hill memory resets: 2.
At time 76 the agent is dead.
The agent had: 9 food, -1 water, and 3 sleep.
The total tree search depth for this trial was 132500.
The agent accessed its memory 413479 times.
The agent cleared its short-term memory 7 times.
    State prediction error memory resets: 6.
    Hill memory resets: 1.
At time 29 the agent is dead.
The agent had: -1 food, 1 water, and 11 sleep.
The total tree search depth for this trial was 64889.
The agent accessed its memory 198496 times.
The agent cleared its short-term memory 5 times.
    State prediction error memory resets: 4.
    Hill memory resets: 1.
At time 30 the agent is dead.
The agent had: 7 food, -1 water, and 13 sleep.
The total tree search depth for this trial was 98830.
The agent accessed its memory 325725 times.
The agent cleared its short-term memory 11 times.
    State prediction error memory resets: 10.
    Hill memory resets: 1.
At time 70 the agent is dead.
The agent had: 2 food, -1 water, and 0 sleep.
The total tree search depth for this trial was 80465.
The agent accessed its memory 260623 times.
The agent cleared its short-term memory 10 times.
    State prediction error memory resets: 9.
    Hill memory resets: 1.
At time 25 the agent is dead.
The agent had: 9 food, 9 water, and -1 sleep.
The total tree search depth for this trial was 53150.
The agent accessed its memory 160092 times.
The agent cleared its short-term memory 7 times.
    State prediction error memory resets: 6.
    Hill memory resets: 1.
At time 99 the agent is dead.
The agent had: -1 food, -1 water, and 11 sleep.
The total tree search depth for this trial was 267432.
The agent accessed its memory 858267 times.
The agent cleared its short-term memory 17 times.
    State prediction error memory resets: 16.
    Hill memory resets: 1.
At time 85 the agent is dead.
The agent had: -1 food, 3 water, and 15 sleep.
The total tree search depth for this trial was 136138.
The agent accessed its memory 416790 times.
The agent cleared its short-term memory 10 times.
    State prediction error memory resets: 8.
    Hill memory resets: 2.
At time 25 the agent is dead.
The agent had: 11 food, 16 water, and -1 sleep.
The total tree search depth for this trial was 34441.
The agent accessed its memory 105564 times.
The agent cleared its short-term memory 1 times.
    State prediction error memory resets: 0.
    Hill memory resets: 1.
At time 88 the agent is dead.
The agent had: -1 food, 4 water, and -1 sleep.
The total tree search depth for this trial was 187622.
The agent accessed its memory 589750 times.
The agent cleared its short-term memory 11 times.
    State prediction error memory resets: 9.
    Hill memory resets: 2.
