Running main with ALGORITHM=SI, SEED=23, HORIZON=2, K_FACTOR=0.7, ROOT_FOLDER=/home/grmstj001, MCT=3, NUM_MCT=100, AUTO_REST=

                            < M A T L A B (R) >
                  Copyright 1984-2024 The MathWorks, Inc.
                  R2024a (24.1.0.2537033) 64-bit (glnxa64)
                             February 21, 2024

 
To get started, type doc.
For product information, visit www.mathworks.com.
 
Algorithm: SI
Seed: 23
Horizon: 2
K-factor: 0.70
Root folder: /home/grmstj001
MCT: 3
Number of MCT: 100
Auto restore: 0
Results file name: 

ans = 

  struct with fields:

     Type: 'twister'
     Seed: 23
    State: [625x1 uint32]


----------------------------------------
TRIAL 1 STARTED
----------------------------------------
Start Time: 2024-05-13 13:29:47
At time step 41 the agent is dead
The agent had 0 food, 2 water, and 2 sleep.
The total tree search depth for this trial was 21109. 
The agent accessed its memory 150181 times. 
The agent cleared its short-term memory 11 times. 
     State prediction error memory resets: 10. 
     Hill memory resets: 1. 
TRIAL 1 COMPLETE ✔
End Time: 2024-05-13 13:30:17
Total runtime for this trial (minutes/seconds): 00:30
----------------------------------------
Total hill visits: 1. 
Total prediction errors: 10. 
Total search depth: 21109. 
Total times memory accessed: 150181. 
Total times 25 >= t <= 50: 1. 
Total times 50 >= t <= 75: 0. 
Total times 75 >= t <= 100: 0. 
Total times t == 100: 0. 
Total time steps survived: 42. 
Total runtime so far (hours/minutes/seconds): 00:00:30
----------------------------------------

----------------------------------------
TRIAL 2 STARTED
----------------------------------------
Start Time: 2024-05-13 13:30:16
At time step 21 the agent is dead
The agent had 2 food, 0 water, and 9 sleep.
The total tree search depth for this trial was 4386. 
The agent accessed its memory 33003 times. 
The agent cleared its short-term memory 10 times. 
     State prediction error memory resets: 9. 
     Hill memory resets: 1. 
TRIAL 2 COMPLETE ✔
End Time: 2024-05-13 13:30:24
Total runtime for this trial (minutes/seconds): 00:08
----------------------------------------
Total hill visits: 2. 
Total prediction errors: 19. 
Total search depth: 25495. 
Total times memory accessed: 183184. 
Total times 25 >= t <= 50: 1. 
Total times 50 >= t <= 75: 0. 
Total times 75 >= t <= 100: 0. 
Total times t == 100: 0. 
Total time steps survived: 64. 
Total runtime so far (hours/minutes/seconds): 00:00:37
----------------------------------------

----------------------------------------
TRIAL 3 STARTED
----------------------------------------
Start Time: 2024-05-13 13:30:24
At time step 21 the agent is dead
The agent had 2 food, 0 water, and 5 sleep.
The total tree search depth for this trial was 26644. 
The agent accessed its memory 250446 times. 
The agent cleared its short-term memory 13 times. 
     State prediction error memory resets: 13. 
     Hill memory resets: 0. 
TRIAL 3 COMPLETE ✔
End Time: 2024-05-13 13:31:02
Total runtime for this trial (minutes/seconds): 00:38
----------------------------------------
Total hill visits: 2. 
Total prediction errors: 32. 
Total search depth: 52139. 
Total times memory accessed: 433630. 
Total times 25 >= t <= 50: 1. 
Total times 50 >= t <= 75: 0. 
Total times 75 >= t <= 100: 0. 
Total times t == 100: 0. 
Total time steps survived: 86. 
Total runtime so far (hours/minutes/seconds): 00:01:15
----------------------------------------

----------------------------------------
TRIAL 4 STARTED
----------------------------------------
Start Time: 2024-05-13 13:31:01
At time step 25 the agent is dead
The agent had 0 food, 0 water, and 7 sleep.
The total tree search depth for this trial was 20069. 
The agent accessed its memory 171763 times. 
The agent cleared its short-term memory 7 times. 
     State prediction error memory resets: 6. 
     Hill memory resets: 1. 
TRIAL 4 COMPLETE ✔
End Time: 2024-05-13 13:31:33
Total runtime for this trial (minutes/seconds): 00:32
----------------------------------------
Total hill visits: 3. 
Total prediction errors: 38. 
Total search depth: 72208. 
Total times memory accessed: 605393. 
Total times 25 >= t <= 50: 2. 
Total times 50 >= t <= 75: 0. 
Total times 75 >= t <= 100: 0. 
Total times t == 100: 0. 
Total time steps survived: 112. 
Total runtime so far (hours/minutes/seconds): 00:01:46
----------------------------------------

----------------------------------------
TRIAL 5 STARTED
----------------------------------------
Start Time: 2024-05-13 13:31:32
At time step 21 the agent is dead
The agent had 2 food, 0 water, and 5 sleep.
The total tree search depth for this trial was 9141. 
The agent accessed its memory 88024 times. 
The agent cleared its short-term memory 16 times. 
     State prediction error memory resets: 16. 
     Hill memory resets: 0. 
TRIAL 5 COMPLETE ✔
End Time: 2024-05-13 13:31:51
Total runtime for this trial (minutes/seconds): 00:19
----------------------------------------
Total hill visits: 3. 
Total prediction errors: 54. 
Total search depth: 81349. 
Total times memory accessed: 693417. 
Total times 25 >= t <= 50: 2. 
Total times 50 >= t <= 75: 0. 
Total times 75 >= t <= 100: 0. 
Total times t == 100: 0. 
Total time steps survived: 134. 
Total runtime so far (hours/minutes/seconds): 00:02:04
----------------------------------------

----------------------------------------
TRIAL 6 STARTED
----------------------------------------
Start Time: 2024-05-13 13:31:50
At time step 21 the agent is dead
The agent had 8 food, 0 water, and 5 sleep.
The total tree search depth for this trial was 29844. 
The agent accessed its memory 337761 times. 
The agent cleared its short-term memory 10 times. 
     State prediction error memory resets: 10. 
     Hill memory resets: 0. 
TRIAL 6 COMPLETE ✔
End Time: 2024-05-13 13:32:33
Total runtime for this trial (minutes/seconds): 00:43
----------------------------------------
Total hill visits: 3. 
Total prediction errors: 64. 
Total search depth: 111193. 
Total times memory accessed: 1031178. 
Total times 25 >= t <= 50: 2. 
Total times 50 >= t <= 75: 0. 
Total times 75 >= t <= 100: 0. 
Total times t == 100: 0. 
Total time steps survived: 156. 
Total runtime so far (hours/minutes/seconds): 00:02:46
----------------------------------------

----------------------------------------
TRIAL 7 STARTED
----------------------------------------
Start Time: 2024-05-13 13:32:32
At time step 21 the agent is dead
The agent had 2 food, 0 water, and 5 sleep.
The total tree search depth for this trial was 11864. 
The agent accessed its memory 127455 times. 
The agent cleared its short-term memory 12 times. 
     State prediction error memory resets: 12. 
     Hill memory resets: 0. 
TRIAL 7 COMPLETE ✔
End Time: 2024-05-13 13:32:56
Total runtime for this trial (minutes/seconds): 00:24
----------------------------------------
Total hill visits: 3. 
Total prediction errors: 76. 
Total search depth: 123057. 
Total times memory accessed: 1158633. 
Total times 25 >= t <= 50: 2. 
Total times 50 >= t <= 75: 0. 
Total times 75 >= t <= 100: 0. 
Total times t == 100: 0. 
Total time steps survived: 178. 
Total runtime so far (hours/minutes/seconds): 00:03:09
----------------------------------------

----------------------------------------
TRIAL 8 STARTED
----------------------------------------
Start Time: 2024-05-13 13:32:55
At time step 21 the agent is dead
The agent had 2 food, 0 water, and 5 sleep.
The total tree search depth for this trial was 11352. 
The agent accessed its memory 94141 times. 
The agent cleared its short-term memory 7 times. 
     State prediction error memory resets: 5. 
     Hill memory resets: 2. 
TRIAL 8 COMPLETE ✔
End Time: 2024-05-13 13:33:16
Total runtime for this trial (minutes/seconds): 00:21
----------------------------------------
Total hill visits: 5. 
Total prediction errors: 81. 
Total search depth: 134409. 
Total times memory accessed: 1252774. 
Total times 25 >= t <= 50: 2. 
Total times 50 >= t <= 75: 0. 
Total times 75 >= t <= 100: 0. 
Total times t == 100: 0. 
Total time steps survived: 200. 
Total runtime so far (hours/minutes/seconds): 00:03:29
----------------------------------------

----------------------------------------
TRIAL 9 STARTED
----------------------------------------
Start Time: 2024-05-13 13:33:15
At time step 26 the agent is dead
The agent had 8 food, 1 water, and 0 sleep.
The total tree search depth for this trial was 92669. 
The agent accessed its memory 692362 times. 
The agent cleared its short-term memory 15 times. 
     State prediction error memory resets: 15. 
     Hill memory resets: 0. 
TRIAL 9 COMPLETE ✔
End Time: 2024-05-13 13:35:25
Total runtime for this trial (minutes/seconds): 02:10
----------------------------------------
Total hill visits: 5. 
Total prediction errors: 96. 
Total search depth: 227078. 
Total times memory accessed: 1945136. 
Total times 25 >= t <= 50: 3. 
Total times 50 >= t <= 75: 0. 
Total times 75 >= t <= 100: 0. 
Total times t == 100: 0. 
Total time steps survived: 227. 
Total runtime so far (hours/minutes/seconds): 00:05:38
----------------------------------------

----------------------------------------
TRIAL 10 STARTED
----------------------------------------
Start Time: 2024-05-13 13:35:24
At time step 21 the agent is dead
The agent had 2 food, 0 water, and 5 sleep.
The total tree search depth for this trial was 32094. 
The agent accessed its memory 284184 times. 
The agent cleared its short-term memory 10 times. 
     State prediction error memory resets: 8. 
     Hill memory resets: 2. 
TRIAL 10 COMPLETE ✔
End Time: 2024-05-13 13:36:12
Total runtime for this trial (minutes/seconds): 00:48
----------------------------------------
Total hill visits: 7. 
Total prediction errors: 104. 
Total search depth: 259172. 
Total times memory accessed: 2229320. 
Total times 25 >= t <= 50: 3. 
Total times 50 >= t <= 75: 0. 
Total times 75 >= t <= 100: 0. 
Total times t == 100: 0. 
Total time steps survived: 249. 
Total runtime so far (hours/minutes/seconds): 00:06:25
----------------------------------------

----------------------------------------
TRIAL 11 STARTED
----------------------------------------
Start Time: 2024-05-13 13:36:11
At time step 21 the agent is dead
The agent had 2 food, 0 water, and 5 sleep.
The total tree search depth for this trial was 30468. 
The agent accessed its memory 313415 times. 
The agent cleared its short-term memory 14 times. 
     State prediction error memory resets: 14. 
     Hill memory resets: 0. 
TRIAL 11 COMPLETE ✔
End Time: 2024-05-13 13:36:54
Total runtime for this trial (minutes/seconds): 00:43
----------------------------------------
Total hill visits: 7. 
Total prediction errors: 118. 
Total search depth: 289640. 
Total times memory accessed: 2542735. 
Total times 25 >= t <= 50: 3. 
Total times 50 >= t <= 75: 0. 
Total times 75 >= t <= 100: 0. 
Total times t == 100: 0. 
Total time steps survived: 271. 
Total runtime so far (hours/minutes/seconds): 00:07:07
----------------------------------------

----------------------------------------
TRIAL 12 STARTED
----------------------------------------
Start Time: 2024-05-13 13:36:53
At time step 21 the agent is dead
The agent had 2 food, 0 water, and 5 sleep.
The total tree search depth for this trial was 23246. 
The agent accessed its memory 217504 times. 
The agent cleared its short-term memory 14 times. 
     State prediction error memory resets: 14. 
     Hill memory resets: 0. 
TRIAL 12 COMPLETE ✔
End Time: 2024-05-13 13:37:27
Total runtime for this trial (minutes/seconds): 00:34
----------------------------------------
Total hill visits: 7. 
Total prediction errors: 132. 
Total search depth: 312886. 
Total times memory accessed: 2760239. 
Total times 25 >= t <= 50: 3. 
Total times 50 >= t <= 75: 0. 
Total times 75 >= t <= 100: 0. 
Total times t == 100: 0. 
Total time steps survived: 293. 
Total runtime so far (hours/minutes/seconds): 00:07:40
----------------------------------------

----------------------------------------
TRIAL 13 STARTED
----------------------------------------
Start Time: 2024-05-13 13:37:26
At time step 21 the agent is dead
The agent had 2 food, 0 water, and 5 sleep.
The total tree search depth for this trial was 7207. 
The agent accessed its memory 66466 times. 
The agent cleared its short-term memory 10 times. 
     State prediction error memory resets: 9. 
     Hill memory resets: 1. 
TRIAL 13 COMPLETE ✔
End Time: 2024-05-13 13:37:39
Total runtime for this trial (minutes/seconds): 00:13
----------------------------------------
Total hill visits: 8. 
Total prediction errors: 141. 
Total search depth: 320093. 
Total times memory accessed: 2826705. 
Total times 25 >= t <= 50: 3. 
Total times 50 >= t <= 75: 0. 
Total times 75 >= t <= 100: 0. 
Total times t == 100: 0. 
Total time steps survived: 315. 
Total runtime so far (hours/minutes/seconds): 00:07:52
----------------------------------------

----------------------------------------
TRIAL 14 STARTED
----------------------------------------
Start Time: 2024-05-13 13:37:38
At time step 26 the agent is dead
The agent had 8 food, 7 water, and 0 sleep.
The total tree search depth for this trial was 67101. 
The agent accessed its memory 530120 times. 
The agent cleared its short-term memory 13 times. 
     State prediction error memory resets: 13. 
     Hill memory resets: 0. 
TRIAL 14 COMPLETE ✔
End Time: 2024-05-13 13:39:00
Total runtime for this trial (minutes/seconds): 01:22
----------------------------------------
Total hill visits: 8. 
Total prediction errors: 154. 
Total search depth: 387194. 
Total times memory accessed: 3356825. 
Total times 25 >= t <= 50: 4. 
Total times 50 >= t <= 75: 0. 
Total times 75 >= t <= 100: 0. 
Total times t == 100: 0. 
Total time steps survived: 342. 
Total runtime so far (hours/minutes/seconds): 00:09:13
----------------------------------------

----------------------------------------
TRIAL 15 STARTED
----------------------------------------
Start Time: 2024-05-13 13:38:59
