Running main with ALGORITHM=BAUCB, SEED=96, HORIZON=2, K_FACTOR=0.7, ROOT_FOLDER=/media/labs, MCT=3, NUM_MCT=100, AUTO_REST=

                            < M A T L A B (R) >
                  Copyright 1984-2024 The MathWorks, Inc.
                  R2024a (24.1.0.2537033) 64-bit (glnxa64)
                             February 21, 2024

 
To get started, type doc.
For product information, visit www.mathworks.com.
 

ans = 

  struct with fields:

     Type: 'twister'
     Seed: 96
    State: [625x1 uint32]


----------------------------------------
TRIAL 1 STARTED
----------------------------------------
Start Time: 2024-05-11 20:46:11
At time step 21 the agent is dead
The agent had 2 food, 0 water, and 5 sleep.
The total tree search depth for this trial was 8941. 
The agent accessed its memory 33354 times. 
The agent cleared its short-term memory 15 times. 
     State prediction error memory resets: 14. 
     Hill memory resets: 1. 
TRIAL 1 COMPLETE ✔
End Time: 2024-05-11 20:46:18
Total runtime for this trial (minutes/seconds): 00:07
----------------------------------------
Total hill visits: 1. 
Total prediction errors: 14. 
Total search depth: 8941. 
Total times memory accessed: 33354. 
Total times 25 >= t <= 50: 0. 
Total times 50 >= t <= 75: 0. 
Total times 75 >= t <= 100: 0. 
Total times t == 100: 0. 
Total time steps survived: 22. 
Total runtime so far (hours/minutes/seconds): 00:00:07
----------------------------------------

----------------------------------------
TRIAL 2 STARTED
----------------------------------------
Start Time: 2024-05-11 20:46:17
At time step 21 the agent is dead
The agent had 2 food, 0 water, and 5 sleep.
The total tree search depth for this trial was 16603. 
The agent accessed its memory 73975 times. 
The agent cleared its short-term memory 0 times. 
     State prediction error memory resets: 0. 
     Hill memory resets: 0. 
TRIAL 2 COMPLETE ✔
End Time: 2024-05-11 20:46:23
Total runtime for this trial (minutes/seconds): 00:06
----------------------------------------
Total hill visits: 1. 
Total prediction errors: 14. 
Total search depth: 25544. 
Total times memory accessed: 107329. 
Total times 25 >= t <= 50: 0. 
Total times 50 >= t <= 75: 0. 
Total times 75 >= t <= 100: 0. 
Total times t == 100: 0. 
Total time steps survived: 44. 
Total runtime so far (hours/minutes/seconds): 00:00:12
----------------------------------------

----------------------------------------
TRIAL 3 STARTED
----------------------------------------
Start Time: 2024-05-11 20:46:22
At time step 21 the agent is dead
The agent had 2 food, 0 water, and 5 sleep.
The total tree search depth for this trial was 15818. 
The agent accessed its memory 68622 times. 
The agent cleared its short-term memory 0 times. 
     State prediction error memory resets: 0. 
     Hill memory resets: 0. 
TRIAL 3 COMPLETE ✔
End Time: 2024-05-11 20:46:28
Total runtime for this trial (minutes/seconds): 00:06
----------------------------------------
Total hill visits: 1. 
Total prediction errors: 14. 
Total search depth: 41362. 
Total times memory accessed: 175951. 
Total times 25 >= t <= 50: 0. 
Total times 50 >= t <= 75: 0. 
Total times 75 >= t <= 100: 0. 
Total times t == 100: 0. 
Total time steps survived: 66. 
Total runtime so far (hours/minutes/seconds): 00:00:17
----------------------------------------

----------------------------------------
TRIAL 4 STARTED
----------------------------------------
Start Time: 2024-05-11 20:46:27
At time step 21 the agent is dead
The agent had 2 food, 0 water, and 5 sleep.
The total tree search depth for this trial was 8252. 
The agent accessed its memory 34806 times. 
The agent cleared its short-term memory 0 times. 
     State prediction error memory resets: 0. 
     Hill memory resets: 0. 
TRIAL 4 COMPLETE ✔
End Time: 2024-05-11 20:46:32
Total runtime for this trial (minutes/seconds): 00:05
----------------------------------------
Total hill visits: 1. 
Total prediction errors: 14. 
Total search depth: 49614. 
Total times memory accessed: 210757. 
Total times 25 >= t <= 50: 0. 
Total times 50 >= t <= 75: 0. 
Total times 75 >= t <= 100: 0. 
Total times t == 100: 0. 
Total time steps survived: 88. 
Total runtime so far (hours/minutes/seconds): 00:00:21
----------------------------------------

----------------------------------------
TRIAL 5 STARTED
----------------------------------------
Start Time: 2024-05-11 20:46:31
At time step 21 the agent is dead
The agent had 2 food, 0 water, and 5 sleep.
The total tree search depth for this trial was 18138. 
The agent accessed its memory 73208 times. 
The agent cleared its short-term memory 11 times. 
     State prediction error memory resets: 11. 
     Hill memory resets: 0. 
TRIAL 5 COMPLETE ✔
End Time: 2024-05-11 20:46:40
Total runtime for this trial (minutes/seconds): 00:09
----------------------------------------
Total hill visits: 1. 
Total prediction errors: 25. 
Total search depth: 67752. 
Total times memory accessed: 283965. 
Total times 25 >= t <= 50: 0. 
Total times 50 >= t <= 75: 0. 
Total times 75 >= t <= 100: 0. 
Total times t == 100: 0. 
Total time steps survived: 110. 
Total runtime so far (hours/minutes/seconds): 00:00:29
----------------------------------------

----------------------------------------
TRIAL 6 STARTED
----------------------------------------
Start Time: 2024-05-11 20:46:39
At time step 21 the agent is dead
The agent had 2 food, 0 water, and 11 sleep.
The total tree search depth for this trial was 68775. 
The agent accessed its memory 274116 times. 
The agent cleared its short-term memory 8 times. 
     State prediction error memory resets: 8. 
     Hill memory resets: 0. 
TRIAL 6 COMPLETE ✔
End Time: 2024-05-11 20:47:09
Total runtime for this trial (minutes/seconds): 00:30
----------------------------------------
Total hill visits: 1. 
Total prediction errors: 33. 
Total search depth: 136527. 
Total times memory accessed: 558081. 
Total times 25 >= t <= 50: 0. 
Total times 50 >= t <= 75: 0. 
Total times 75 >= t <= 100: 0. 
Total times t == 100: 0. 
Total time steps survived: 132. 
Total runtime so far (hours/minutes/seconds): 00:00:58
----------------------------------------

----------------------------------------
TRIAL 7 STARTED
----------------------------------------
Start Time: 2024-05-11 20:47:08
At time step 21 the agent is dead
The agent had 10 food, 0 water, and 14 sleep.
The total tree search depth for this trial was 227919. 
The agent accessed its memory 931877 times. 
The agent cleared its short-term memory 10 times. 
     State prediction error memory resets: 10. 
     Hill memory resets: 0. 
TRIAL 7 COMPLETE ✔
End Time: 2024-05-11 20:48:36
Total runtime for this trial (minutes/seconds): 01:28
----------------------------------------
Total hill visits: 1. 
Total prediction errors: 43. 
Total search depth: 364446. 
Total times memory accessed: 1489958. 
Total times 25 >= t <= 50: 0. 
Total times 50 >= t <= 75: 0. 
Total times 75 >= t <= 100: 0. 
Total times t == 100: 0. 
Total time steps survived: 154. 
Total runtime so far (hours/minutes/seconds): 00:02:25
----------------------------------------

----------------------------------------
TRIAL 8 STARTED
----------------------------------------
Start Time: 2024-05-11 20:48:35
At time step 33 the agent is dead
The agent had 3 food, 0 water, and 7 sleep.
The total tree search depth for this trial was 362656. 
The agent accessed its memory 1494933 times. 
The agent cleared its short-term memory 2 times. 
     State prediction error memory resets: 2. 
     Hill memory resets: 0. 
TRIAL 8 COMPLETE ✔
End Time: 2024-05-11 20:51:29
Total runtime for this trial (minutes/seconds): 02:54
----------------------------------------
Total hill visits: 1. 
Total prediction errors: 45. 
Total search depth: 727102. 
Total times memory accessed: 2984891. 
Total times 25 >= t <= 50: 1. 
Total times 50 >= t <= 75: 0. 
Total times 75 >= t <= 100: 0. 
Total times t == 100: 0. 
Total time steps survived: 188. 
Total runtime so far (hours/minutes/seconds): 00:05:18
----------------------------------------

----------------------------------------
TRIAL 9 STARTED
----------------------------------------
Start Time: 2024-05-11 20:51:28
At time step 21 the agent is dead
The agent had 2 food, 0 water, and 22 sleep.
The total tree search depth for this trial was 129756. 
The agent accessed its memory 497866 times. 
The agent cleared its short-term memory 1 times. 
     State prediction error memory resets: 1. 
     Hill memory resets: 0. 
TRIAL 9 COMPLETE ✔
End Time: 2024-05-11 20:52:56
Total runtime for this trial (minutes/seconds): 01:28
----------------------------------------
Total hill visits: 1. 
Total prediction errors: 46. 
Total search depth: 856858. 
Total times memory accessed: 3482757. 
Total times 25 >= t <= 50: 1. 
Total times 50 >= t <= 75: 0. 
Total times 75 >= t <= 100: 0. 
Total times t == 100: 0. 
Total time steps survived: 210. 
Total runtime so far (hours/minutes/seconds): 00:06:45
----------------------------------------

----------------------------------------
TRIAL 10 STARTED
----------------------------------------
Start Time: 2024-05-11 20:52:55
At time step 21 the agent is dead
The agent had 2 food, 0 water, and 5 sleep.
The total tree search depth for this trial was 109722. 
The agent accessed its memory 420378 times. 
The agent cleared its short-term memory 1 times. 
     State prediction error memory resets: 1. 
     Hill memory resets: 0. 
TRIAL 10 COMPLETE ✔
End Time: 2024-05-11 20:54:11
Total runtime for this trial (minutes/seconds): 01:16
----------------------------------------
Total hill visits: 1. 
Total prediction errors: 47. 
Total search depth: 966580. 
Total times memory accessed: 3903135. 
Total times 25 >= t <= 50: 1. 
Total times 50 >= t <= 75: 0. 
Total times 75 >= t <= 100: 0. 
Total times t == 100: 0. 
Total time steps survived: 232. 
Total runtime so far (hours/minutes/seconds): 00:08:00
----------------------------------------

----------------------------------------
TRIAL 11 STARTED
----------------------------------------
Start Time: 2024-05-11 20:54:10
At time step 21 the agent is dead
The agent had 2 food, 0 water, and 5 sleep.
The total tree search depth for this trial was 81734. 
The agent accessed its memory 321924 times. 
The agent cleared its short-term memory 0 times. 
     State prediction error memory resets: 0. 
     Hill memory resets: 0. 
TRIAL 11 COMPLETE ✔
End Time: 2024-05-11 20:55:02
Total runtime for this trial (minutes/seconds): 00:52
----------------------------------------
Total hill visits: 1. 
Total prediction errors: 47. 
Total search depth: 1048314. 
Total times memory accessed: 4225059. 
Total times 25 >= t <= 50: 1. 
Total times 50 >= t <= 75: 0. 
Total times 75 >= t <= 100: 0. 
Total times t == 100: 0. 
Total time steps survived: 254. 
Total runtime so far (hours/minutes/seconds): 00:08:51
----------------------------------------

----------------------------------------
TRIAL 12 STARTED
----------------------------------------
Start Time: 2024-05-11 20:55:01
At time step 21 the agent is dead
The agent had 2 food, 0 water, and 5 sleep.
The total tree search depth for this trial was 73496. 
The agent accessed its memory 297679 times. 
The agent cleared its short-term memory 8 times. 
     State prediction error memory resets: 8. 
     Hill memory resets: 0. 
TRIAL 12 COMPLETE ✔
End Time: 2024-05-11 20:55:43
Total runtime for this trial (minutes/seconds): 00:42
----------------------------------------
Total hill visits: 1. 
Total prediction errors: 55. 
Total search depth: 1121810. 
Total times memory accessed: 4522738. 
Total times 25 >= t <= 50: 1. 
Total times 50 >= t <= 75: 0. 
Total times 75 >= t <= 100: 0. 
Total times t == 100: 0. 
Total time steps survived: 276. 
Total runtime so far (hours/minutes/seconds): 00:09:32
----------------------------------------

----------------------------------------
TRIAL 13 STARTED
----------------------------------------
Start Time: 2024-05-11 20:55:42
At time step 26 the agent is dead
The agent had 13 food, 14 water, and 0 sleep.
The total tree search depth for this trial was 363712. 
The agent accessed its memory 1570642 times. 
The agent cleared its short-term memory 0 times. 
     State prediction error memory resets: 0. 
     Hill memory resets: 0. 
TRIAL 13 COMPLETE ✔
End Time: 2024-05-11 20:58:17
Total runtime for this trial (minutes/seconds): 02:35
----------------------------------------
Total hill visits: 1. 
Total prediction errors: 55. 
Total search depth: 1485522. 
Total times memory accessed: 6093380. 
Total times 25 >= t <= 50: 2. 
Total times 50 >= t <= 75: 0. 
Total times 75 >= t <= 100: 0. 
Total times t == 100: 0. 
Total time steps survived: 303. 
Total runtime so far (hours/minutes/seconds): 00:12:06
----------------------------------------

----------------------------------------
TRIAL 14 STARTED
----------------------------------------
Start Time: 2024-05-11 20:58:16
At time step 21 the agent is dead
The agent had 2 food, 0 water, and 5 sleep.
The total tree search depth for this trial was 87522. 
The agent accessed its memory 377925 times. 
The agent cleared its short-term memory 0 times. 
     State prediction error memory resets: 0. 
     Hill memory resets: 0. 
TRIAL 14 COMPLETE ✔
End Time: 2024-05-11 20:58:55
Total runtime for this trial (minutes/seconds): 00:39
----------------------------------------
Total hill visits: 1. 
Total prediction errors: 55. 
Total search depth: 1573044. 
Total times memory accessed: 6471305. 
Total times 25 >= t <= 50: 2. 
Total times 50 >= t <= 75: 0. 
Total times 75 >= t <= 100: 0. 
Total times t == 100: 0. 
Total time steps survived: 325. 
Total runtime so far (hours/minutes/seconds): 00:12:44
----------------------------------------

----------------------------------------
TRIAL 15 STARTED
----------------------------------------
Start Time: 2024-05-11 20:58:54
At time step 21 the agent is dead
The agent had 2 food, 0 water, and 5 sleep.
The total tree search depth for this trial was 126665. 
The agent accessed its memory 531770 times. 
The agent cleared its short-term memory 3 times. 
     State prediction error memory resets: 2. 
     Hill memory resets: 1. 
TRIAL 15 COMPLETE ✔
End Time: 2024-05-11 20:59:58
Total runtime for this trial (minutes/seconds): 01:04
----------------------------------------
Total hill visits: 2. 
Total prediction errors: 57. 
Total search depth: 1699709. 
Total times memory accessed: 7003075. 
Total times 25 >= t <= 50: 2. 
Total times 50 >= t <= 75: 0. 
Total times 75 >= t <= 100: 0. 
Total times t == 100: 0. 
Total time steps survived: 347. 
Total runtime so far (hours/minutes/seconds): 00:13:47
----------------------------------------

----------------------------------------
TRIAL 16 STARTED
----------------------------------------
Start Time: 2024-05-11 20:59:57
At time step 32 the agent is dead
The agent had 0 food, 0 water, and 7 sleep.
The total tree search depth for this trial was 672893. 
The agent accessed its memory 2907589 times. 
The agent cleared its short-term memory 6 times. 
     State prediction error memory resets: 6. 
     Hill memory resets: 0. 
TRIAL 16 COMPLETE ✔
End Time: 2024-05-11 21:04:50
Total runtime for this trial (minutes/seconds): 04:53
----------------------------------------
Total hill visits: 2. 
Total prediction errors: 63. 
Total search depth: 2372602. 
Total times memory accessed: 9910664. 
Total times 25 >= t <= 50: 3. 
Total times 50 >= t <= 75: 0. 
Total times 75 >= t <= 100: 0. 
Total times t == 100: 0. 
Total time steps survived: 380. 
Total runtime so far (hours/minutes/seconds): 00:18:39
----------------------------------------

----------------------------------------
TRIAL 17 STARTED
----------------------------------------
Start Time: 2024-05-11 21:04:49
At time step 21 the agent is dead
The agent had 2 food, 0 water, and 5 sleep.
The total tree search depth for this trial was 523496. 
The agent accessed its memory 2098110 times. 
The agent cleared its short-term memory 2 times. 
     State prediction error memory resets: 2. 
     Hill memory resets: 0. 
TRIAL 17 COMPLETE ✔
End Time: 2024-05-11 21:10:22
Total runtime for this trial (minutes/seconds): 05:33
----------------------------------------
Total hill visits: 2. 
Total prediction errors: 65. 
Total search depth: 2896098. 
Total times memory accessed: 12008774. 
Total times 25 >= t <= 50: 3. 
Total times 50 >= t <= 75: 0. 
Total times 75 >= t <= 100: 0. 
Total times t == 100: 0. 
Total time steps survived: 402. 
Total runtime so far (hours/minutes/seconds): 00:24:11
----------------------------------------

----------------------------------------
TRIAL 18 STARTED
----------------------------------------
Start Time: 2024-05-11 21:10:21
At time step 21 the agent is dead
The agent had 2 food, 0 water, and 5 sleep.
The total tree search depth for this trial was 275401. 
The agent accessed its memory 1107875 times. 
The agent cleared its short-term memory 2 times. 
     State prediction error memory resets: 2. 
     Hill memory resets: 0. 
TRIAL 18 COMPLETE ✔
End Time: 2024-05-11 21:13:12
Total runtime for this trial (minutes/seconds): 02:51
----------------------------------------
Total hill visits: 2. 
Total prediction errors: 67. 
Total search depth: 3171499. 
Total times memory accessed: 13116649. 
Total times 25 >= t <= 50: 3. 
Total times 50 >= t <= 75: 0. 
Total times 75 >= t <= 100: 0. 
Total times t == 100: 0. 
Total time steps survived: 424. 
Total runtime so far (hours/minutes/seconds): 00:27:01
----------------------------------------

----------------------------------------
TRIAL 19 STARTED
----------------------------------------
Start Time: 2024-05-11 21:13:11
At time step 23 the agent is dead
The agent had 0 food, 8 water, and 16 sleep.
The total tree search depth for this trial was 178508. 
The agent accessed its memory 749175 times. 
The agent cleared its short-term memory 0 times. 
     State prediction error memory resets: 0. 
     Hill memory resets: 0. 
TRIAL 19 COMPLETE ✔
End Time: 2024-05-11 21:14:33
Total runtime for this trial (minutes/seconds): 01:22
----------------------------------------
Total hill visits: 2. 
Total prediction errors: 67. 
Total search depth: 3350007. 
Total times memory accessed: 13865824. 
Total times 25 >= t <= 50: 3. 
Total times 50 >= t <= 75: 0. 
Total times 75 >= t <= 100: 0. 
Total times t == 100: 0. 
Total time steps survived: 448. 
Total runtime so far (hours/minutes/seconds): 00:28:22
----------------------------------------

----------------------------------------
TRIAL 20 STARTED
----------------------------------------
Start Time: 2024-05-11 21:14:32
At time step 21 the agent is dead
The agent had 2 food, 0 water, and 5 sleep.
The total tree search depth for this trial was 88199. 
The agent accessed its memory 372290 times. 
The agent cleared its short-term memory 0 times. 
     State prediction error memory resets: 0. 
     Hill memory resets: 0. 
TRIAL 20 COMPLETE ✔
End Time: 2024-05-11 21:15:16
Total runtime for this trial (minutes/seconds): 00:44
----------------------------------------
Total hill visits: 2. 
Total prediction errors: 67. 
Total search depth: 3438206. 
Total times memory accessed: 14238114. 
Total times 25 >= t <= 50: 3. 
Total times 50 >= t <= 75: 0. 
Total times 75 >= t <= 100: 0. 
Total times t == 100: 0. 
Total time steps survived: 470. 
Total runtime so far (hours/minutes/seconds): 00:29:05
----------------------------------------

----------------------------------------
TRIAL 21 STARTED
----------------------------------------
Start Time: 2024-05-11 21:15:15
At time step 21 the agent is dead
The agent had 2 food, 0 water, and 5 sleep.
The total tree search depth for this trial was 53220. 
The agent accessed its memory 231761 times. 
The agent cleared its short-term memory 0 times. 
     State prediction error memory resets: 0. 
     Hill memory resets: 0. 
TRIAL 21 COMPLETE ✔
End Time: 2024-05-11 21:15:38
Total runtime for this trial (minutes/seconds): 00:23
----------------------------------------
Total hill visits: 2. 
Total prediction errors: 67. 
Total search depth: 3491426. 
Total times memory accessed: 14469875. 
Total times 25 >= t <= 50: 3. 
Total times 50 >= t <= 75: 0. 
Total times 75 >= t <= 100: 0. 
Total times t == 100: 0. 
Total time steps survived: 492. 
Total runtime so far (hours/minutes/seconds): 00:29:27
----------------------------------------

----------------------------------------
TRIAL 22 STARTED
----------------------------------------
Start Time: 2024-05-11 21:15:38
At time step 31 the agent is dead
The agent had 8 food, 0 water, and 7 sleep.
The total tree search depth for this trial was 848375. 
The agent accessed its memory 3622627 times. 
The agent cleared its short-term memory 9 times. 
     State prediction error memory resets: 9. 
     Hill memory resets: 0. 
TRIAL 22 COMPLETE ✔
End Time: 2024-05-11 21:21:57
Total runtime for this trial (minutes/seconds): 06:19
----------------------------------------
Total hill visits: 2. 
Total prediction errors: 76. 
Total search depth: 4339801. 
Total times memory accessed: 18092502. 
Total times 25 >= t <= 50: 4. 
Total times 50 >= t <= 75: 0. 
Total times 75 >= t <= 100: 0. 
Total times t == 100: 0. 
Total time steps survived: 524. 
Total runtime so far (hours/minutes/seconds): 00:35:46
----------------------------------------

----------------------------------------
TRIAL 23 STARTED
----------------------------------------
Start Time: 2024-05-11 21:21:56
At time step 29 the agent is dead
The agent had 0 food, 0 water, and 2 sleep.
The total tree search depth for this trial was 696694. 
The agent accessed its memory 2861662 times. 
The agent cleared its short-term memory 0 times. 
     State prediction error memory resets: 0. 
     Hill memory resets: 0. 
TRIAL 23 COMPLETE ✔
End Time: 2024-05-11 21:28:21
Total runtime for this trial (minutes/seconds): 06:25
----------------------------------------
Total hill visits: 2. 
Total prediction errors: 76. 
Total search depth: 5036495. 
Total times memory accessed: 20954164. 
Total times 25 >= t <= 50: 5. 
Total times 50 >= t <= 75: 0. 
Total times 75 >= t <= 100: 0. 
Total times t == 100: 0. 
Total time steps survived: 554. 
Total runtime so far (hours/minutes/seconds): 00:42:10
----------------------------------------

----------------------------------------
TRIAL 24 STARTED
----------------------------------------
Start Time: 2024-05-11 21:28:20
At time step 50 the agent is dead
The agent had 0 food, 9 water, and 15 sleep.
The total tree search depth for this trial was 1391224. 
The agent accessed its memory 5760055 times. 
The agent cleared its short-term memory 9 times. 
     State prediction error memory resets: 8. 
     Hill memory resets: 1. 
TRIAL 24 COMPLETE ✔
End Time: 2024-05-11 21:40:09
Total runtime for this trial (minutes/seconds): 11:49
----------------------------------------
Total hill visits: 3. 
Total prediction errors: 84. 
Total search depth: 6427719. 
Total times memory accessed: 26714219. 
Total times 25 >= t <= 50: 5. 
Total times 50 >= t <= 75: 1. 
Total times 75 >= t <= 100: 0. 
Total times t == 100: 0. 
Total time steps survived: 605. 
Total runtime so far (hours/minutes/seconds): 00:53:58
----------------------------------------

----------------------------------------
TRIAL 25 STARTED
----------------------------------------
Start Time: 2024-05-11 21:40:08
At time step 21 the agent is dead
The agent had 2 food, 0 water, and 5 sleep.
The total tree search depth for this trial was 548990. 
The agent accessed its memory 2275974 times. 
The agent cleared its short-term memory 4 times. 
     State prediction error memory resets: 4. 
     Hill memory resets: 0. 
TRIAL 25 COMPLETE ✔
End Time: 2024-05-11 21:45:19
Total runtime for this trial (minutes/seconds): 05:11
----------------------------------------
Total hill visits: 3. 
Total prediction errors: 88. 
Total search depth: 6976709. 
Total times memory accessed: 28990193. 
Total times 25 >= t <= 50: 5. 
Total times 50 >= t <= 75: 1. 
Total times 75 >= t <= 100: 0. 
Total times t == 100: 0. 
Total time steps survived: 627. 
Total runtime so far (hours/minutes/seconds): 00:59:08
----------------------------------------

----------------------------------------
TRIAL 26 STARTED
----------------------------------------
Start Time: 2024-05-11 21:45:18
At time step 21 the agent is dead
The agent had 2 food, 0 water, and 5 sleep.
The total tree search depth for this trial was 88954. 
The agent accessed its memory 349488 times. 
The agent cleared its short-term memory 7 times. 
     State prediction error memory resets: 7. 
     Hill memory resets: 0. 
TRIAL 26 COMPLETE ✔
End Time: 2024-05-11 21:46:10
Total runtime for this trial (minutes/seconds): 00:52
----------------------------------------
Total hill visits: 3. 
Total prediction errors: 95. 
Total search depth: 7065663. 
Total times memory accessed: 29339681. 
Total times 25 >= t <= 50: 5. 
Total times 50 >= t <= 75: 1. 
Total times 75 >= t <= 100: 0. 
Total times t == 100: 0. 
Total time steps survived: 649. 
Total runtime so far (hours/minutes/seconds): 00:59:59
----------------------------------------

----------------------------------------
TRIAL 27 STARTED
----------------------------------------
Start Time: 2024-05-11 21:46:09
At time step 21 the agent is dead
The agent had 2 food, 0 water, and 5 sleep.
The total tree search depth for this trial was 410347. 
The agent accessed its memory 1724034 times. 
The agent cleared its short-term memory 6 times. 
     State prediction error memory resets: 5. 
     Hill memory resets: 1. 
TRIAL 27 COMPLETE ✔
End Time: 2024-05-11 21:49:41
Total runtime for this trial (minutes/seconds): 03:32
----------------------------------------
Total hill visits: 4. 
Total prediction errors: 100. 
Total search depth: 7476010. 
Total times memory accessed: 31063715. 
Total times 25 >= t <= 50: 5. 
Total times 50 >= t <= 75: 1. 
Total times 75 >= t <= 100: 0. 
Total times t == 100: 0. 
Total time steps survived: 671. 
Total runtime so far (hours/minutes/seconds): 01:03:30
----------------------------------------

----------------------------------------
TRIAL 28 STARTED
----------------------------------------
Start Time: 2024-05-11 21:49:40
At time step 21 the agent is dead
The agent had 2 food, 0 water, and 5 sleep.
The total tree search depth for this trial was 367035. 
The agent accessed its memory 1491520 times. 
The agent cleared its short-term memory 4 times. 
     State prediction error memory resets: 4. 
     Hill memory resets: 0. 
TRIAL 28 COMPLETE ✔
End Time: 2024-05-11 21:53:14
Total runtime for this trial (minutes/seconds): 03:34
----------------------------------------
Total hill visits: 4. 
Total prediction errors: 104. 
Total search depth: 7843045. 
Total times memory accessed: 32555235. 
Total times 25 >= t <= 50: 5. 
Total times 50 >= t <= 75: 1. 
Total times 75 >= t <= 100: 0. 
Total times t == 100: 0. 
Total time steps survived: 693. 
Total runtime so far (hours/minutes/seconds): 01:07:03
----------------------------------------

----------------------------------------
TRIAL 29 STARTED
----------------------------------------
Start Time: 2024-05-11 21:53:13
At time step 39 the agent is dead
The agent had 12 food, 0 water, and 7 sleep.
The total tree search depth for this trial was 1388094. 
The agent accessed its memory 5535699 times. 
The agent cleared its short-term memory 15 times. 
     State prediction error memory resets: 14. 
     Hill memory resets: 1. 
TRIAL 29 COMPLETE ✔
End Time: 2024-05-11 22:06:16
Total runtime for this trial (minutes/seconds): 13:03
----------------------------------------
Total hill visits: 5. 
Total prediction errors: 118. 
Total search depth: 9231139. 
Total times memory accessed: 38090934. 
Total times 25 >= t <= 50: 6. 
Total times 50 >= t <= 75: 1. 
Total times 75 >= t <= 100: 0. 
Total times t == 100: 0. 
Total time steps survived: 733. 
Total runtime so far (hours/minutes/seconds): 01:20:05
----------------------------------------

----------------------------------------
TRIAL 30 STARTED
----------------------------------------
Start Time: 2024-05-11 22:06:15
At time step 30 the agent is dead
The agent had 6 food, 0 water, and 10 sleep.
The total tree search depth for this trial was 1014397. 
The agent accessed its memory 4269700 times. 
The agent cleared its short-term memory 1 times. 
     State prediction error memory resets: 1. 
     Hill memory resets: 0. 
TRIAL 30 COMPLETE ✔
End Time: 2024-05-11 22:15:37
Total runtime for this trial (minutes/seconds): 09:22
----------------------------------------
Total hill visits: 5. 
Total prediction errors: 119. 
Total search depth: 10245536. 
Total times memory accessed: 42360634. 
Total times 25 >= t <= 50: 7. 
Total times 50 >= t <= 75: 1. 
Total times 75 >= t <= 100: 0. 
Total times t == 100: 0. 
Total time steps survived: 764. 
Total runtime so far (hours/minutes/seconds): 01:29:26
----------------------------------------

----------------------------------------
TRIAL 31 STARTED
----------------------------------------
Start Time: 2024-05-11 22:15:36
At time step 32 the agent is dead
The agent had 1 food, 0 water, and 7 sleep.
The total tree search depth for this trial was 1245124. 
The agent accessed its memory 5144030 times. 
The agent cleared its short-term memory 5 times. 
     State prediction error memory resets: 5. 
     Hill memory resets: 0. 
TRIAL 31 COMPLETE ✔
End Time: 2024-05-11 22:26:42
Total runtime for this trial (minutes/seconds): 11:06
----------------------------------------
Total hill visits: 5. 
Total prediction errors: 124. 
Total search depth: 11490660. 
Total times memory accessed: 47504664. 
Total times 25 >= t <= 50: 8. 
Total times 50 >= t <= 75: 1. 
Total times 75 >= t <= 100: 0. 
Total times t == 100: 0. 
Total time steps survived: 797. 
Total runtime so far (hours/minutes/seconds): 01:40:31
----------------------------------------

----------------------------------------
TRIAL 32 STARTED
----------------------------------------
Start Time: 2024-05-11 22:26:41
At time step 53 the agent is dead
The agent had 0 food, 0 water, and 7 sleep.
The total tree search depth for this trial was 2633487. 
The agent accessed its memory 10837071 times. 
The agent cleared its short-term memory 17 times. 
     State prediction error memory resets: 17. 
     Hill memory resets: 0. 
TRIAL 32 COMPLETE ✔
End Time: 2024-05-11 22:49:03
Total runtime for this trial (minutes/seconds): 22:22
----------------------------------------
Total hill visits: 5. 
Total prediction errors: 141. 
Total search depth: 14124147. 
Total times memory accessed: 58341735. 
Total times 25 >= t <= 50: 8. 
Total times 50 >= t <= 75: 2. 
Total times 75 >= t <= 100: 0. 
Total times t == 100: 0. 
Total time steps survived: 851. 
Total runtime so far (hours/minutes/seconds): 02:02:52
----------------------------------------

----------------------------------------
TRIAL 33 STARTED
----------------------------------------
Start Time: 2024-05-11 22:49:02
At time step 21 the agent is dead
The agent had 2 food, 0 water, and 5 sleep.
The total tree search depth for this trial was 636368. 
The agent accessed its memory 2550549 times. 
The agent cleared its short-term memory 4 times. 
     State prediction error memory resets: 4. 
     Hill memory resets: 0. 
TRIAL 33 COMPLETE ✔
End Time: 2024-05-11 22:55:42
Total runtime for this trial (minutes/seconds): 06:40
----------------------------------------
Total hill visits: 5. 
Total prediction errors: 145. 
Total search depth: 14760515. 
Total times memory accessed: 60892284. 
Total times 25 >= t <= 50: 8. 
Total times 50 >= t <= 75: 2. 
Total times 75 >= t <= 100: 0. 
Total times t == 100: 0. 
Total time steps survived: 873. 
Total runtime so far (hours/minutes/seconds): 02:09:31
----------------------------------------

----------------------------------------
TRIAL 34 STARTED
----------------------------------------
Start Time: 2024-05-11 22:55:41
At time step 30 the agent is dead
The agent had 3 food, 0 water, and 7 sleep.
The total tree search depth for this trial was 1622913. 
The agent accessed its memory 6629476 times. 
The agent cleared its short-term memory 8 times. 
     State prediction error memory resets: 8. 
     Hill memory resets: 0. 
TRIAL 34 COMPLETE ✔
End Time: 2024-05-11 23:10:17
Total runtime for this trial (minutes/seconds): 14:36
----------------------------------------
Total hill visits: 5. 
Total prediction errors: 153. 
Total search depth: 16383428. 
Total times memory accessed: 67521760. 
Total times 25 >= t <= 50: 9. 
Total times 50 >= t <= 75: 2. 
Total times 75 >= t <= 100: 0. 
Total times t == 100: 0. 
Total time steps survived: 904. 
Total runtime so far (hours/minutes/seconds): 02:24:06
----------------------------------------

----------------------------------------
TRIAL 35 STARTED
----------------------------------------
Start Time: 2024-05-11 23:10:16
At time step 25 the agent is dead
The agent had 1 food, 0 water, and 1 sleep.
The total tree search depth for this trial was 914220. 
The agent accessed its memory 3722204 times. 
The agent cleared its short-term memory 3 times. 
     State prediction error memory resets: 3. 
     Hill memory resets: 0. 
TRIAL 35 COMPLETE ✔
End Time: 2024-05-11 23:19:19
Total runtime for this trial (minutes/seconds): 09:03
----------------------------------------
Total hill visits: 5. 
Total prediction errors: 156. 
Total search depth: 17297648. 
Total times memory accessed: 71243964. 
Total times 25 >= t <= 50: 10. 
Total times 50 >= t <= 75: 2. 
Total times 75 >= t <= 100: 0. 
Total times t == 100: 0. 
Total time steps survived: 930. 
Total runtime so far (hours/minutes/seconds): 02:33:08
----------------------------------------

----------------------------------------
TRIAL 36 STARTED
----------------------------------------
Start Time: 2024-05-11 23:19:18
At time step 21 the agent is dead
The agent had 2 food, 0 water, and 5 sleep.
The total tree search depth for this trial was 328882. 
The agent accessed its memory 1288677 times. 
The agent cleared its short-term memory 2 times. 
     State prediction error memory resets: 2. 
     Hill memory resets: 0. 
TRIAL 36 COMPLETE ✔
End Time: 2024-05-11 23:23:01
Total runtime for this trial (minutes/seconds): 03:43
----------------------------------------
Total hill visits: 5. 
Total prediction errors: 158. 
Total search depth: 17626530. 
Total times memory accessed: 72532641. 
Total times 25 >= t <= 50: 10. 
Total times 50 >= t <= 75: 2. 
Total times 75 >= t <= 100: 0. 
Total times t == 100: 0. 
Total time steps survived: 952. 
Total runtime so far (hours/minutes/seconds): 02:36:50
----------------------------------------

----------------------------------------
TRIAL 37 STARTED
----------------------------------------
Start Time: 2024-05-11 23:23:00
At time step 21 the agent is dead
The agent had 2 food, 0 water, and 5 sleep.
The total tree search depth for this trial was 386497. 
The agent accessed its memory 1494699 times. 
The agent cleared its short-term memory 4 times. 
     State prediction error memory resets: 4. 
     Hill memory resets: 0. 
TRIAL 37 COMPLETE ✔
End Time: 2024-05-11 23:27:43
Total runtime for this trial (minutes/seconds): 04:43
----------------------------------------
Total hill visits: 5. 
Total prediction errors: 162. 
Total search depth: 18013027. 
Total times memory accessed: 74027340. 
Total times 25 >= t <= 50: 10. 
Total times 50 >= t <= 75: 2. 
Total times 75 >= t <= 100: 0. 
Total times t == 100: 0. 
Total time steps survived: 974. 
Total runtime so far (hours/minutes/seconds): 02:41:32
----------------------------------------

----------------------------------------
TRIAL 38 STARTED
----------------------------------------
Start Time: 2024-05-11 23:27:42
At time step 21 the agent is dead
The agent had 2 food, 0 water, and 5 sleep.
The total tree search depth for this trial was 702133. 
The agent accessed its memory 2843089 times. 
The agent cleared its short-term memory 5 times. 
     State prediction error memory resets: 5. 
     Hill memory resets: 0. 
TRIAL 38 COMPLETE ✔
End Time: 2024-05-11 23:35:18
Total runtime for this trial (minutes/seconds): 07:36
----------------------------------------
Total hill visits: 5. 
Total prediction errors: 167. 
Total search depth: 18715160. 
Total times memory accessed: 76870429. 
Total times 25 >= t <= 50: 10. 
Total times 50 >= t <= 75: 2. 
Total times 75 >= t <= 100: 0. 
Total times t == 100: 0. 
Total time steps survived: 996. 
Total runtime so far (hours/minutes/seconds): 02:49:07
----------------------------------------

----------------------------------------
TRIAL 39 STARTED
----------------------------------------
Start Time: 2024-05-11 23:35:17
At time step 21 the agent is dead
The agent had 2 food, 0 water, and 5 sleep.
The total tree search depth for this trial was 426947. 
The agent accessed its memory 1660306 times. 
The agent cleared its short-term memory 4 times. 
     State prediction error memory resets: 4. 
     Hill memory resets: 0. 
TRIAL 39 COMPLETE ✔
End Time: 2024-05-11 23:40:12
Total runtime for this trial (minutes/seconds): 04:55
----------------------------------------
Total hill visits: 5. 
Total prediction errors: 171. 
Total search depth: 19142107. 
Total times memory accessed: 78530735. 
Total times 25 >= t <= 50: 10. 
Total times 50 >= t <= 75: 2. 
Total times 75 >= t <= 100: 0. 
Total times t == 100: 0. 
Total time steps survived: 1018. 
Total runtime so far (hours/minutes/seconds): 02:54:01
----------------------------------------

----------------------------------------
TRIAL 40 STARTED
----------------------------------------
Start Time: 2024-05-11 23:40:11
At time step 21 the agent is dead
The agent had 2 food, 0 water, and 5 sleep.
The total tree search depth for this trial was 487030. 
The agent accessed its memory 1924173 times. 
The agent cleared its short-term memory 4 times. 
     State prediction error memory resets: 4. 
     Hill memory resets: 0. 
TRIAL 40 COMPLETE ✔
End Time: 2024-05-11 23:45:28
Total runtime for this trial (minutes/seconds): 05:17
----------------------------------------
Total hill visits: 5. 
Total prediction errors: 175. 
Total search depth: 19629137. 
Total times memory accessed: 80454908. 
Total times 25 >= t <= 50: 10. 
Total times 50 >= t <= 75: 2. 
Total times 75 >= t <= 100: 0. 
Total times t == 100: 0. 
Total time steps survived: 1040. 
Total runtime so far (hours/minutes/seconds): 02:59:17
----------------------------------------

----------------------------------------
TRIAL 41 STARTED
----------------------------------------
Start Time: 2024-05-11 23:45:27
At time step 23 the agent is dead
The agent had 0 food, 14 water, and 23 sleep.
The total tree search depth for this trial was 425895. 
The agent accessed its memory 1603371 times. 
The agent cleared its short-term memory 8 times. 
     State prediction error memory resets: 7. 
     Hill memory resets: 1. 
TRIAL 41 COMPLETE ✔
End Time: 2024-05-11 23:50:31
Total runtime for this trial (minutes/seconds): 05:04
----------------------------------------
Total hill visits: 6. 
Total prediction errors: 182. 
Total search depth: 20055032. 
Total times memory accessed: 82058279. 
Total times 25 >= t <= 50: 10. 
Total times 50 >= t <= 75: 2. 
Total times 75 >= t <= 100: 0. 
Total times t == 100: 0. 
Total time steps survived: 1064. 
Total runtime so far (hours/minutes/seconds): 03:04:20
----------------------------------------

----------------------------------------
TRIAL 42 STARTED
----------------------------------------
Start Time: 2024-05-11 23:50:30
At time step 21 the agent is dead
The agent had 2 food, 0 water, and 5 sleep.
The total tree search depth for this trial was 903473. 
The agent accessed its memory 3658661 times. 
The agent cleared its short-term memory 3 times. 
     State prediction error memory resets: 3. 
     Hill memory resets: 0. 
TRIAL 42 COMPLETE ✔
End Time: 2024-05-12 00:00:29
Total runtime for this trial (minutes/seconds): 09:59
----------------------------------------
Total hill visits: 6. 
Total prediction errors: 185. 
Total search depth: 20958505. 
Total times memory accessed: 85716940. 
Total times 25 >= t <= 50: 10. 
Total times 50 >= t <= 75: 2. 
Total times 75 >= t <= 100: 0. 
Total times t == 100: 0. 
Total time steps survived: 1086. 
Total runtime so far (hours/minutes/seconds): 03:14:18
----------------------------------------

----------------------------------------
TRIAL 43 STARTED
----------------------------------------
Start Time: 2024-05-12 00:00:28
At time step 23 the agent is dead
The agent had 0 food, 13 water, and 3 sleep.
The total tree search depth for this trial was 127897. 
The agent accessed its memory 542701 times. 
The agent cleared its short-term memory 1 times. 
     State prediction error memory resets: 1. 
     Hill memory resets: 0. 
TRIAL 43 COMPLETE ✔
End Time: 2024-05-12 00:01:29
Total runtime for this trial (minutes/seconds): 01:01
----------------------------------------
Total hill visits: 6. 
Total prediction errors: 186. 
Total search depth: 21086402. 
Total times memory accessed: 86259641. 
Total times 25 >= t <= 50: 10. 
Total times 50 >= t <= 75: 2. 
Total times 75 >= t <= 100: 0. 
Total times t == 100: 0. 
Total time steps survived: 1110. 
Total runtime so far (hours/minutes/seconds): 03:15:18
----------------------------------------

----------------------------------------
TRIAL 44 STARTED
----------------------------------------
Start Time: 2024-05-12 00:01:28
At time step 21 the agent is dead
The agent had 4 food, 0 water, and 5 sleep.
The total tree search depth for this trial was 334775. 
The agent accessed its memory 1396607 times. 
The agent cleared its short-term memory 3 times. 
     State prediction error memory resets: 3. 
     Hill memory resets: 0. 
TRIAL 44 COMPLETE ✔
End Time: 2024-05-12 00:04:25
Total runtime for this trial (minutes/seconds): 02:57
----------------------------------------
Total hill visits: 6. 
Total prediction errors: 189. 
Total search depth: 21421177. 
Total times memory accessed: 87656248. 
Total times 25 >= t <= 50: 10. 
Total times 50 >= t <= 75: 2. 
Total times 75 >= t <= 100: 0. 
Total times t == 100: 0. 
Total time steps survived: 1132. 
Total runtime so far (hours/minutes/seconds): 03:18:14
----------------------------------------

----------------------------------------
TRIAL 45 STARTED
----------------------------------------
Start Time: 2024-05-12 00:04:24
At time step 21 the agent is dead
The agent had 2 food, 0 water, and 5 sleep.
The total tree search depth for this trial was 423114. 
The agent accessed its memory 1701702 times. 
The agent cleared its short-term memory 3 times. 
     State prediction error memory resets: 3. 
     Hill memory resets: 0. 
TRIAL 45 COMPLETE ✔
End Time: 2024-05-12 00:09:03
Total runtime for this trial (minutes/seconds): 04:39
----------------------------------------
Total hill visits: 6. 
Total prediction errors: 192. 
Total search depth: 21844291. 
Total times memory accessed: 89357950. 
Total times 25 >= t <= 50: 10. 
Total times 50 >= t <= 75: 2. 
Total times 75 >= t <= 100: 0. 
Total times t == 100: 0. 
Total time steps survived: 1154. 
Total runtime so far (hours/minutes/seconds): 03:22:52
----------------------------------------

----------------------------------------
TRIAL 46 STARTED
----------------------------------------
Start Time: 2024-05-12 00:09:02
At time step 30 the agent is dead
The agent had 1 food, 0 water, and 7 sleep.
The total tree search depth for this trial was 1695909. 
The agent accessed its memory 6855865 times. 
The agent cleared its short-term memory 16 times. 
     State prediction error memory resets: 16. 
     Hill memory resets: 0. 
TRIAL 46 COMPLETE ✔
End Time: 2024-05-12 00:25:35
Total runtime for this trial (minutes/seconds): 16:33
----------------------------------------
Total hill visits: 6. 
Total prediction errors: 208. 
Total search depth: 23540200. 
Total times memory accessed: 96213815. 
Total times 25 >= t <= 50: 11. 
Total times 50 >= t <= 75: 2. 
Total times 75 >= t <= 100: 0. 
Total times t == 100: 0. 
Total time steps survived: 1185. 
Total runtime so far (hours/minutes/seconds): 03:39:24
----------------------------------------

----------------------------------------
TRIAL 47 STARTED
----------------------------------------
Start Time: 2024-05-12 00:25:34
At time step 35 the agent is dead
The agent had 0 food, 0 water, and 23 sleep.
The total tree search depth for this trial was 582722. 
The agent accessed its memory 2029669 times. 
The agent cleared its short-term memory 17 times. 
     State prediction error memory resets: 16. 
     Hill memory resets: 1. 
TRIAL 47 COMPLETE ✔
End Time: 2024-05-12 00:32:55
Total runtime for this trial (minutes/seconds): 07:21
----------------------------------------
Total hill visits: 7. 
Total prediction errors: 224. 
Total search depth: 24122922. 
Total times memory accessed: 98243484. 
Total times 25 >= t <= 50: 12. 
Total times 50 >= t <= 75: 2. 
Total times 75 >= t <= 100: 0. 
Total times t == 100: 0. 
Total time steps survived: 1221. 
Total runtime so far (hours/minutes/seconds): 03:46:44
----------------------------------------

----------------------------------------
TRIAL 48 STARTED
----------------------------------------
Start Time: 2024-05-12 00:32:54
At time step 21 the agent is dead
The agent had 5 food, 0 water, and 5 sleep.
The total tree search depth for this trial was 523928. 
The agent accessed its memory 2021355 times. 
The agent cleared its short-term memory 7 times. 
     State prediction error memory resets: 6. 
     Hill memory resets: 1. 
TRIAL 48 COMPLETE ✔
End Time: 2024-05-12 00:38:57
Total runtime for this trial (minutes/seconds): 06:03
----------------------------------------
Total hill visits: 8. 
Total prediction errors: 230. 
Total search depth: 24646850. 
Total times memory accessed: 100264839. 
Total times 25 >= t <= 50: 12. 
Total times 50 >= t <= 75: 2. 
Total times 75 >= t <= 100: 0. 
Total times t == 100: 0. 
Total time steps survived: 1243. 
Total runtime so far (hours/minutes/seconds): 03:52:46
----------------------------------------

----------------------------------------
TRIAL 49 STARTED
----------------------------------------
Start Time: 2024-05-12 00:38:56
At time step 28 the agent is dead
The agent had 0 food, 10 water, and 18 sleep.
The total tree search depth for this trial was 1140724. 
The agent accessed its memory 4407424 times. 
The agent cleared its short-term memory 13 times. 
     State prediction error memory resets: 13. 
     Hill memory resets: 0. 
TRIAL 49 COMPLETE ✔
End Time: 2024-05-12 00:50:51
Total runtime for this trial (minutes/seconds): 11:55
----------------------------------------
Total hill visits: 8. 
Total prediction errors: 243. 
Total search depth: 25787574. 
Total times memory accessed: 104672263. 
Total times 25 >= t <= 50: 13. 
Total times 50 >= t <= 75: 2. 
Total times 75 >= t <= 100: 0. 
Total times t == 100: 0. 
Total time steps survived: 1272. 
Total runtime so far (hours/minutes/seconds): 04:04:40
----------------------------------------

----------------------------------------
TRIAL 50 STARTED
----------------------------------------
Start Time: 2024-05-12 00:50:50
At time step 21 the agent is dead
The agent had 2 food, 0 water, and 15 sleep.
The total tree search depth for this trial was 1105190. 
The agent accessed its memory 4256421 times. 
The agent cleared its short-term memory 6 times. 
     State prediction error memory resets: 6. 
     Hill memory resets: 0. 
TRIAL 50 COMPLETE ✔
End Time: 2024-05-12 01:06:02
Total runtime for this trial (minutes/seconds): 15:12
----------------------------------------
Total hill visits: 8. 
Total prediction errors: 249. 
Total search depth: 26892764. 
Total times memory accessed: 108928684. 
Total times 25 >= t <= 50: 13. 
Total times 50 >= t <= 75: 2. 
Total times 75 >= t <= 100: 0. 
Total times t == 100: 0. 
Total time steps survived: 1294. 
Total runtime so far (hours/minutes/seconds): 04:19:51
----------------------------------------

----------------------------------------
TRIAL 51 STARTED
----------------------------------------
Start Time: 2024-05-12 01:06:01
At time step 21 the agent is dead
The agent had 2 food, 0 water, and 5 sleep.
The total tree search depth for this trial was 151493. 
The agent accessed its memory 644991 times. 
The agent cleared its short-term memory 1 times. 
     State prediction error memory resets: 1. 
     Hill memory resets: 0. 
TRIAL 51 COMPLETE ✔
End Time: 2024-05-12 01:07:14
Total runtime for this trial (minutes/seconds): 01:13
----------------------------------------
Total hill visits: 8. 
Total prediction errors: 250. 
Total search depth: 27044257. 
Total times memory accessed: 109573675. 
Total times 25 >= t <= 50: 13. 
Total times 50 >= t <= 75: 2. 
Total times 75 >= t <= 100: 0. 
Total times t == 100: 0. 
Total time steps survived: 1316. 
Total runtime so far (hours/minutes/seconds): 04:21:03
----------------------------------------

----------------------------------------
TRIAL 52 STARTED
----------------------------------------
Start Time: 2024-05-12 01:07:13
At time step 30 the agent is dead
The agent had 1 food, 0 water, and 3 sleep.
The total tree search depth for this trial was 1558114. 
The agent accessed its memory 6260783 times. 
The agent cleared its short-term memory 8 times. 
     State prediction error memory resets: 8. 
     Hill memory resets: 0. 
TRIAL 52 COMPLETE ✔
End Time: 2024-05-12 01:24:15
Total runtime for this trial (minutes/seconds): 17:02
----------------------------------------
Total hill visits: 8. 
Total prediction errors: 258. 
Total search depth: 28602371. 
Total times memory accessed: 115834458. 
Total times 25 >= t <= 50: 14. 
Total times 50 >= t <= 75: 2. 
Total times 75 >= t <= 100: 0. 
Total times t == 100: 0. 
Total time steps survived: 1347. 
Total runtime so far (hours/minutes/seconds): 04:38:04
----------------------------------------

----------------------------------------
TRIAL 53 STARTED
----------------------------------------
Start Time: 2024-05-12 01:24:14
At time step 21 the agent is dead
The agent had 2 food, 0 water, and 5 sleep.
The total tree search depth for this trial was 516082. 
The agent accessed its memory 2038143 times. 
The agent cleared its short-term memory 3 times. 
     State prediction error memory resets: 3. 
     Hill memory resets: 0. 
TRIAL 53 COMPLETE ✔
End Time: 2024-05-12 01:30:42
Total runtime for this trial (minutes/seconds): 06:28
----------------------------------------
Total hill visits: 8. 
Total prediction errors: 261. 
Total search depth: 29118453. 
Total times memory accessed: 117872601. 
Total times 25 >= t <= 50: 14. 
Total times 50 >= t <= 75: 2. 
Total times 75 >= t <= 100: 0. 
Total times t == 100: 0. 
Total time steps survived: 1369. 
Total runtime so far (hours/minutes/seconds): 04:44:31
----------------------------------------

----------------------------------------
TRIAL 54 STARTED
----------------------------------------
Start Time: 2024-05-12 01:30:41
At time step 21 the agent is dead
The agent had 2 food, 0 water, and 18 sleep.
The total tree search depth for this trial was 526255. 
The agent accessed its memory 2047527 times. 
The agent cleared its short-term memory 7 times. 
     State prediction error memory resets: 7. 
     Hill memory resets: 0. 
TRIAL 54 COMPLETE ✔
End Time: 2024-05-12 01:36:45
Total runtime for this trial (minutes/seconds): 06:04
----------------------------------------
Total hill visits: 8. 
Total prediction errors: 268. 
Total search depth: 29644708. 
Total times memory accessed: 119920128. 
Total times 25 >= t <= 50: 14. 
Total times 50 >= t <= 75: 2. 
Total times 75 >= t <= 100: 0. 
Total times t == 100: 0. 
Total time steps survived: 1391. 
Total runtime so far (hours/minutes/seconds): 04:50:34
----------------------------------------

----------------------------------------
TRIAL 55 STARTED
----------------------------------------
Start Time: 2024-05-12 01:36:44
At time step 21 the agent is dead
The agent had 2 food, 0 water, and 9 sleep.
The total tree search depth for this trial was 554953. 
The agent accessed its memory 2038508 times. 
The agent cleared its short-term memory 7 times. 
     State prediction error memory resets: 7. 
     Hill memory resets: 0. 
TRIAL 55 COMPLETE ✔
End Time: 2024-05-12 01:44:02
Total runtime for this trial (minutes/seconds): 07:18
----------------------------------------
Total hill visits: 8. 
Total prediction errors: 275. 
Total search depth: 30199661. 
Total times memory accessed: 121958636. 
Total times 25 >= t <= 50: 14. 
Total times 50 >= t <= 75: 2. 
Total times 75 >= t <= 100: 0. 
Total times t == 100: 0. 
Total time steps survived: 1413. 
Total runtime so far (hours/minutes/seconds): 04:57:51
----------------------------------------

----------------------------------------
TRIAL 56 STARTED
----------------------------------------
Start Time: 2024-05-12 01:44:01
At time step 21 the agent is dead
The agent had 2 food, 0 water, and 14 sleep.
The total tree search depth for this trial was 848461. 
The agent accessed its memory 3465542 times. 
The agent cleared its short-term memory 6 times. 
     State prediction error memory resets: 6. 
     Hill memory resets: 0. 
TRIAL 56 COMPLETE ✔
End Time: 2024-05-12 01:54:42
Total runtime for this trial (minutes/seconds): 10:41
----------------------------------------
Total hill visits: 8. 
Total prediction errors: 281. 
Total search depth: 31048122. 
Total times memory accessed: 125424178. 
Total times 25 >= t <= 50: 14. 
Total times 50 >= t <= 75: 2. 
Total times 75 >= t <= 100: 0. 
Total times t == 100: 0. 
Total time steps survived: 1435. 
Total runtime so far (hours/minutes/seconds): 05:08:31
----------------------------------------

----------------------------------------
TRIAL 57 STARTED
----------------------------------------
Start Time: 2024-05-12 01:54:41
At time step 21 the agent is dead
The agent had 2 food, 0 water, and 14 sleep.
The total tree search depth for this trial was 898684. 
The agent accessed its memory 3669340 times. 
The agent cleared its short-term memory 5 times. 
     State prediction error memory resets: 5. 
     Hill memory resets: 0. 
TRIAL 57 COMPLETE ✔
End Time: 2024-05-12 02:06:52
Total runtime for this trial (minutes/seconds): 12:11
----------------------------------------
Total hill visits: 8. 
Total prediction errors: 286. 
Total search depth: 31946806. 
Total times memory accessed: 129093518. 
Total times 25 >= t <= 50: 14. 
Total times 50 >= t <= 75: 2. 
Total times 75 >= t <= 100: 0. 
Total times t == 100: 0. 
Total time steps survived: 1457. 
Total runtime so far (hours/minutes/seconds): 05:20:41
----------------------------------------

----------------------------------------
TRIAL 58 STARTED
----------------------------------------
Start Time: 2024-05-12 02:06:51
At time step 21 the agent is dead
The agent had 5 food, 0 water, and 9 sleep.
The total tree search depth for this trial was 708886. 
The agent accessed its memory 2961129 times. 
The agent cleared its short-term memory 4 times. 
     State prediction error memory resets: 4. 
     Hill memory resets: 0. 
TRIAL 58 COMPLETE ✔
End Time: 2024-05-12 02:14:21
Total runtime for this trial (minutes/seconds): 07:30
----------------------------------------
Total hill visits: 8. 
Total prediction errors: 290. 
Total search depth: 32655692. 
Total times memory accessed: 132054647. 
Total times 25 >= t <= 50: 14. 
Total times 50 >= t <= 75: 2. 
Total times 75 >= t <= 100: 0. 
Total times t == 100: 0. 
Total time steps survived: 1479. 
Total runtime so far (hours/minutes/seconds): 05:28:10
----------------------------------------

----------------------------------------
TRIAL 59 STARTED
----------------------------------------
Start Time: 2024-05-12 02:14:20
At time step 36 the agent is dead
The agent had 1 food, 0 water, and 3 sleep.
The total tree search depth for this trial was 3624910. 
The agent accessed its memory 14929171 times. 
The agent cleared its short-term memory 14 times. 
     State prediction error memory resets: 14. 
     Hill memory resets: 0. 
TRIAL 59 COMPLETE ✔
End Time: 2024-05-12 03:07:42
Total runtime for this trial (minutes/seconds): 53:22
----------------------------------------
Total hill visits: 8. 
Total prediction errors: 304. 
Total search depth: 36280602. 
Total times memory accessed: 146983818. 
Total times 25 >= t <= 50: 15. 
Total times 50 >= t <= 75: 2. 
Total times 75 >= t <= 100: 0. 
Total times t == 100: 0. 
Total time steps survived: 1516. 
Total runtime so far (hours/minutes/seconds): 06:21:31
----------------------------------------

----------------------------------------
TRIAL 60 STARTED
----------------------------------------
Start Time: 2024-05-12 03:07:41
At time step 30 the agent is dead
The agent had 11 food, 0 water, and 12 sleep.
The total tree search depth for this trial was 1826570. 
The agent accessed its memory 7436108 times. 
The agent cleared its short-term memory 10 times. 
     State prediction error memory resets: 10. 
     Hill memory resets: 0. 
TRIAL 60 COMPLETE ✔
End Time: 2024-05-12 03:24:51
Total runtime for this trial (minutes/seconds): 17:10
----------------------------------------
Total hill visits: 8. 
Total prediction errors: 314. 
Total search depth: 38107172. 
Total times memory accessed: 154419926. 
Total times 25 >= t <= 50: 16. 
Total times 50 >= t <= 75: 2. 
Total times 75 >= t <= 100: 0. 
Total times t == 100: 0. 
Total time steps survived: 1547. 
Total runtime so far (hours/minutes/seconds): 06:38:40
----------------------------------------

----------------------------------------
TRIAL 61 STARTED
----------------------------------------
Start Time: 2024-05-12 03:24:50
At time step 23 the agent is dead
The agent had 0 food, 18 water, and 3 sleep.
The total tree search depth for this trial was 1235039. 
The agent accessed its memory 4900851 times. 
The agent cleared its short-term memory 5 times. 
     State prediction error memory resets: 5. 
     Hill memory resets: 0. 
TRIAL 61 COMPLETE ✔
End Time: 2024-05-12 03:44:19
Total runtime for this trial (minutes/seconds): 19:29
----------------------------------------
Total hill visits: 8. 
Total prediction errors: 319. 
Total search depth: 39342211. 
Total times memory accessed: 159320777. 
Total times 25 >= t <= 50: 16. 
Total times 50 >= t <= 75: 2. 
Total times 75 >= t <= 100: 0. 
Total times t == 100: 0. 
Total time steps survived: 1571. 
Total runtime so far (hours/minutes/seconds): 06:58:08
----------------------------------------

----------------------------------------
TRIAL 62 STARTED
----------------------------------------
Start Time: 2024-05-12 03:44:18
At time step 23 the agent is dead
The agent had 0 food, 14 water, and 17 sleep.
The total tree search depth for this trial was 401518. 
The agent accessed its memory 1580142 times. 
The agent cleared its short-term memory 2 times. 
     State prediction error memory resets: 2. 
     Hill memory resets: 0. 
TRIAL 62 COMPLETE ✔
End Time: 2024-05-12 03:50:49
Total runtime for this trial (minutes/seconds): 06:31
----------------------------------------
Total hill visits: 8. 
Total prediction errors: 321. 
Total search depth: 39743729. 
Total times memory accessed: 160900919. 
Total times 25 >= t <= 50: 16. 
Total times 50 >= t <= 75: 2. 
Total times 75 >= t <= 100: 0. 
Total times t == 100: 0. 
Total time steps survived: 1595. 
Total runtime so far (hours/minutes/seconds): 07:04:38
----------------------------------------

----------------------------------------
TRIAL 63 STARTED
----------------------------------------
Start Time: 2024-05-12 03:50:48
At time step 59 the agent is dead
The agent had 5 food, 0 water, and 7 sleep.
The total tree search depth for this trial was 2104169. 
The agent accessed its memory 8246584 times. 
The agent cleared its short-term memory 16 times. 
     State prediction error memory resets: 15. 
     Hill memory resets: 1. 
TRIAL 63 COMPLETE ✔
End Time: 2024-05-12 04:10:38
Total runtime for this trial (minutes/seconds): 19:50
----------------------------------------
Total hill visits: 9. 
Total prediction errors: 336. 
Total search depth: 41847898. 
Total times memory accessed: 169147503. 
Total times 25 >= t <= 50: 16. 
Total times 50 >= t <= 75: 3. 
Total times 75 >= t <= 100: 0. 
Total times t == 100: 0. 
Total time steps survived: 1655. 
Total runtime so far (hours/minutes/seconds): 07:24:27
----------------------------------------

----------------------------------------
TRIAL 64 STARTED
----------------------------------------
Start Time: 2024-05-12 04:10:37
At time step 21 the agent is dead
The agent had 2 food, 0 water, and 5 sleep.
The total tree search depth for this trial was 224886. 
The agent accessed its memory 867643 times. 
The agent cleared its short-term memory 1 times. 
     State prediction error memory resets: 1. 
     Hill memory resets: 0. 
TRIAL 64 COMPLETE ✔
End Time: 2024-05-12 04:13:18
Total runtime for this trial (minutes/seconds): 02:41
----------------------------------------
Total hill visits: 9. 
Total prediction errors: 337. 
Total search depth: 42072784. 
Total times memory accessed: 170015146. 
Total times 25 >= t <= 50: 16. 
Total times 50 >= t <= 75: 3. 
Total times 75 >= t <= 100: 0. 
Total times t == 100: 0. 
Total time steps survived: 1677. 
Total runtime so far (hours/minutes/seconds): 07:27:07
----------------------------------------

----------------------------------------
TRIAL 65 STARTED
----------------------------------------
Start Time: 2024-05-12 04:13:17
At time step 23 the agent is dead
The agent had 0 food, 13 water, and 16 sleep.
The total tree search depth for this trial was 495258. 
The agent accessed its memory 1875404 times. 
The agent cleared its short-term memory 6 times. 
     State prediction error memory resets: 6. 
     Hill memory resets: 0. 
TRIAL 65 COMPLETE ✔
End Time: 2024-05-12 04:19:36
Total runtime for this trial (minutes/seconds): 06:19
----------------------------------------
Total hill visits: 9. 
Total prediction errors: 343. 
Total search depth: 42568042. 
Total times memory accessed: 171890550. 
Total times 25 >= t <= 50: 16. 
Total times 50 >= t <= 75: 3. 
Total times 75 >= t <= 100: 0. 
Total times t == 100: 0. 
Total time steps survived: 1701. 
Total runtime so far (hours/minutes/seconds): 07:33:25
----------------------------------------

----------------------------------------
TRIAL 66 STARTED
----------------------------------------
Start Time: 2024-05-12 04:19:35
At time step 23 the agent is dead
The agent had 0 food, 7 water, and 14 sleep.
The total tree search depth for this trial was 1369414. 
The agent accessed its memory 5647633 times. 
The agent cleared its short-term memory 5 times. 
     State prediction error memory resets: 5. 
     Hill memory resets: 0. 
TRIAL 66 COMPLETE ✔
End Time: 2024-05-12 04:36:51
Total runtime for this trial (minutes/seconds): 17:16
----------------------------------------
Total hill visits: 9. 
Total prediction errors: 348. 
Total search depth: 43937456. 
Total times memory accessed: 177538183. 
Total times 25 >= t <= 50: 16. 
Total times 50 >= t <= 75: 3. 
Total times 75 >= t <= 100: 0. 
Total times t == 100: 0. 
Total time steps survived: 1725. 
Total runtime so far (hours/minutes/seconds): 07:50:40
----------------------------------------

----------------------------------------
TRIAL 67 STARTED
----------------------------------------
Start Time: 2024-05-12 04:36:50
At time step 23 the agent is dead
The agent had 0 food, 3 water, and 10 sleep.
The total tree search depth for this trial was 1360399. 
The agent accessed its memory 5503595 times. 
The agent cleared its short-term memory 6 times. 
     State prediction error memory resets: 6. 
     Hill memory resets: 0. 
TRIAL 67 COMPLETE ✔
End Time: 2024-05-12 04:54:40
Total runtime for this trial (minutes/seconds): 17:50
----------------------------------------
Total hill visits: 9. 
Total prediction errors: 354. 
Total search depth: 45297855. 
Total times memory accessed: 183041778. 
Total times 25 >= t <= 50: 16. 
Total times 50 >= t <= 75: 3. 
Total times 75 >= t <= 100: 0. 
Total times t == 100: 0. 
Total time steps survived: 1749. 
Total runtime so far (hours/minutes/seconds): 08:08:29
----------------------------------------

----------------------------------------
TRIAL 68 STARTED
----------------------------------------
Start Time: 2024-05-12 04:54:39
At time step 21 the agent is dead
The agent had 2 food, 0 water, and 5 sleep.
The total tree search depth for this trial was 622341. 
The agent accessed its memory 2448669 times. 
The agent cleared its short-term memory 5 times. 
     State prediction error memory resets: 5. 
     Hill memory resets: 0. 
TRIAL 68 COMPLETE ✔
End Time: 2024-05-12 05:03:56
Total runtime for this trial (minutes/seconds): 09:17
----------------------------------------
Total hill visits: 9. 
Total prediction errors: 359. 
Total search depth: 45920196. 
Total times memory accessed: 185490447. 
Total times 25 >= t <= 50: 16. 
Total times 50 >= t <= 75: 3. 
Total times 75 >= t <= 100: 0. 
Total times t == 100: 0. 
Total time steps survived: 1771. 
Total runtime so far (hours/minutes/seconds): 08:17:45
----------------------------------------

----------------------------------------
TRIAL 69 STARTED
----------------------------------------
Start Time: 2024-05-12 05:03:55
At time step 23 the agent is dead
The agent had 0 food, 2 water, and 12 sleep.
The total tree search depth for this trial was 2183133. 
The agent accessed its memory 9121587 times. 
The agent cleared its short-term memory 6 times. 
     State prediction error memory resets: 6. 
     Hill memory resets: 0. 
TRIAL 69 COMPLETE ✔
End Time: 2024-05-12 05:35:24
Total runtime for this trial (minutes/seconds): 31:29
----------------------------------------
Total hill visits: 9. 
Total prediction errors: 365. 
Total search depth: 48103329. 
Total times memory accessed: 194612034. 
Total times 25 >= t <= 50: 16. 
Total times 50 >= t <= 75: 3. 
Total times 75 >= t <= 100: 0. 
Total times t == 100: 0. 
Total time steps survived: 1795. 
Total runtime so far (hours/minutes/seconds): 08:49:13
----------------------------------------

----------------------------------------
TRIAL 70 STARTED
----------------------------------------
Start Time: 2024-05-12 05:35:23
At time step 21 the agent is dead
The agent had 2 food, 0 water, and 5 sleep.
The total tree search depth for this trial was 435990. 
The agent accessed its memory 1805005 times. 
The agent cleared its short-term memory 2 times. 
     State prediction error memory resets: 2. 
     Hill memory resets: 0. 
TRIAL 70 COMPLETE ✔
End Time: 2024-05-12 05:41:04
Total runtime for this trial (minutes/seconds): 05:41
----------------------------------------
Total hill visits: 9. 
Total prediction errors: 367. 
Total search depth: 48539319. 
Total times memory accessed: 196417039. 
Total times 25 >= t <= 50: 16. 
Total times 50 >= t <= 75: 3. 
Total times 75 >= t <= 100: 0. 
Total times t == 100: 0. 
Total time steps survived: 1817. 
Total runtime so far (hours/minutes/seconds): 08:54:53
----------------------------------------

----------------------------------------
TRIAL 71 STARTED
----------------------------------------
Start Time: 2024-05-12 05:41:03
At time step 61 the agent is dead
The agent had 0 food, 16 water, and 20 sleep.
The total tree search depth for this trial was 2694343. 
The agent accessed its memory 10157583 times. 
The agent cleared its short-term memory 29 times. 
     State prediction error memory resets: 29. 
     Hill memory resets: 0. 
TRIAL 71 COMPLETE ✔
End Time: 2024-05-12 06:07:36
Total runtime for this trial (minutes/seconds): 26:33
----------------------------------------
Total hill visits: 9. 
Total prediction errors: 396. 
Total search depth: 51233662. 
Total times memory accessed: 206574622. 
Total times 25 >= t <= 50: 16. 
Total times 50 >= t <= 75: 4. 
Total times 75 >= t <= 100: 0. 
Total times t == 100: 0. 
Total time steps survived: 1879. 
Total runtime so far (hours/minutes/seconds): 09:21:25
----------------------------------------

----------------------------------------
TRIAL 72 STARTED
----------------------------------------
Start Time: 2024-05-12 06:07:35
At time step 21 the agent is dead
The agent had 2 food, 0 water, and 5 sleep.
The total tree search depth for this trial was 563073. 
The agent accessed its memory 2149285 times. 
The agent cleared its short-term memory 2 times. 
     State prediction error memory resets: 2. 
     Hill memory resets: 0. 
TRIAL 72 COMPLETE ✔
End Time: 2024-05-12 06:15:00
Total runtime for this trial (minutes/seconds): 07:25
----------------------------------------
Total hill visits: 9. 
Total prediction errors: 398. 
Total search depth: 51796735. 
Total times memory accessed: 208723907. 
Total times 25 >= t <= 50: 16. 
Total times 50 >= t <= 75: 4. 
Total times 75 >= t <= 100: 0. 
Total times t == 100: 0. 
Total time steps survived: 1901. 
Total runtime so far (hours/minutes/seconds): 09:28:49
----------------------------------------

----------------------------------------
TRIAL 73 STARTED
----------------------------------------
Start Time: 2024-05-12 06:14:59
At time step 21 the agent is dead
The agent had 2 food, 0 water, and 5 sleep.
The total tree search depth for this trial was 369591. 
The agent accessed its memory 1509396 times. 
The agent cleared its short-term memory 0 times. 
     State prediction error memory resets: 0. 
     Hill memory resets: 0. 
TRIAL 73 COMPLETE ✔
End Time: 2024-05-12 06:20:09
Total runtime for this trial (minutes/seconds): 05:10
----------------------------------------
Total hill visits: 9. 
Total prediction errors: 398. 
Total search depth: 52166326. 
Total times memory accessed: 210233303. 
Total times 25 >= t <= 50: 16. 
Total times 50 >= t <= 75: 4. 
Total times 75 >= t <= 100: 0. 
Total times t == 100: 0. 
Total time steps survived: 1923. 
Total runtime so far (hours/minutes/seconds): 09:33:58
----------------------------------------

----------------------------------------
TRIAL 74 STARTED
----------------------------------------
Start Time: 2024-05-12 06:20:08
At time step 57 the agent is dead
The agent had 0 food, 18 water, and 21 sleep.
The total tree search depth for this trial was 1873163. 
The agent accessed its memory 7324388 times. 
The agent cleared its short-term memory 12 times. 
     State prediction error memory resets: 12. 
     Hill memory resets: 0. 
TRIAL 74 COMPLETE ✔
End Time: 2024-05-12 06:44:05
Total runtime for this trial (minutes/seconds): 23:57
----------------------------------------
Total hill visits: 9. 
Total prediction errors: 410. 
Total search depth: 54039489. 
Total times memory accessed: 217557691. 
Total times 25 >= t <= 50: 16. 
Total times 50 >= t <= 75: 5. 
Total times 75 >= t <= 100: 0. 
Total times t == 100: 0. 
Total time steps survived: 1981. 
Total runtime so far (hours/minutes/seconds): 09:57:54
----------------------------------------

----------------------------------------
TRIAL 75 STARTED
----------------------------------------
Start Time: 2024-05-12 06:44:04
At time step 21 the agent is dead
The agent had 2 food, 0 water, and 5 sleep.
The total tree search depth for this trial was 83932. 
The agent accessed its memory 330855 times. 
The agent cleared its short-term memory 6 times. 
     State prediction error memory resets: 6. 
     Hill memory resets: 0. 
TRIAL 75 COMPLETE ✔
End Time: 2024-05-12 06:45:02
Total runtime for this trial (minutes/seconds): 00:58
----------------------------------------
Total hill visits: 9. 
Total prediction errors: 416. 
Total search depth: 54123421. 
Total times memory accessed: 217888546. 
Total times 25 >= t <= 50: 16. 
Total times 50 >= t <= 75: 5. 
Total times 75 >= t <= 100: 0. 
Total times t == 100: 0. 
Total time steps survived: 2003. 
Total runtime so far (hours/minutes/seconds): 09:58:51
----------------------------------------

----------------------------------------
TRIAL 76 STARTED
----------------------------------------
Start Time: 2024-05-12 06:45:01
At time step 21 the agent is dead
The agent had 2 food, 0 water, and 5 sleep.
The total tree search depth for this trial was 520771. 
The agent accessed its memory 1971212 times. 
The agent cleared its short-term memory 3 times. 
     State prediction error memory resets: 3. 
     Hill memory resets: 0. 
TRIAL 76 COMPLETE ✔
End Time: 2024-05-12 06:52:28
Total runtime for this trial (minutes/seconds): 07:27
----------------------------------------
Total hill visits: 9. 
Total prediction errors: 419. 
Total search depth: 54644192. 
Total times memory accessed: 219859758. 
Total times 25 >= t <= 50: 16. 
Total times 50 >= t <= 75: 5. 
Total times 75 >= t <= 100: 0. 
Total times t == 100: 0. 
Total time steps survived: 2025. 
Total runtime so far (hours/minutes/seconds): 10:06:17
----------------------------------------

----------------------------------------
TRIAL 77 STARTED
----------------------------------------
Start Time: 2024-05-12 06:52:27
At time step 37 the agent is dead
The agent had 5 food, 0 water, and 7 sleep.
The total tree search depth for this trial was 1364335. 
The agent accessed its memory 5203912 times. 
The agent cleared its short-term memory 20 times. 
     State prediction error memory resets: 20. 
     Hill memory resets: 0. 
TRIAL 77 COMPLETE ✔
End Time: 2024-05-12 07:05:45
Total runtime for this trial (minutes/seconds): 13:18
----------------------------------------
Total hill visits: 9. 
Total prediction errors: 439. 
Total search depth: 56008527. 
Total times memory accessed: 225063670. 
Total times 25 >= t <= 50: 17. 
Total times 50 >= t <= 75: 5. 
Total times 75 >= t <= 100: 0. 
Total times t == 100: 0. 
Total time steps survived: 2063. 
Total runtime so far (hours/minutes/seconds): 10:19:34
----------------------------------------

----------------------------------------
TRIAL 78 STARTED
----------------------------------------
Start Time: 2024-05-12 07:05:44
At time step 23 the agent is dead
The agent had 0 food, 12 water, and 19 sleep.
The total tree search depth for this trial was 1096842. 
The agent accessed its memory 4268678 times. 
The agent cleared its short-term memory 10 times. 
     State prediction error memory resets: 10. 
     Hill memory resets: 0. 
TRIAL 78 COMPLETE ✔
End Time: 2024-05-12 07:20:01
Total runtime for this trial (minutes/seconds): 14:17
----------------------------------------
Total hill visits: 9. 
Total prediction errors: 449. 
Total search depth: 57105369. 
Total times memory accessed: 229332348. 
Total times 25 >= t <= 50: 17. 
Total times 50 >= t <= 75: 5. 
Total times 75 >= t <= 100: 0. 
Total times t == 100: 0. 
Total time steps survived: 2087. 
Total runtime so far (hours/minutes/seconds): 10:33:50
----------------------------------------

----------------------------------------
TRIAL 79 STARTED
----------------------------------------
Start Time: 2024-05-12 07:20:00
At time step 21 the agent is dead
The agent had 2 food, 0 water, and 5 sleep.
The total tree search depth for this trial was 416207. 
The agent accessed its memory 1493354 times. 
The agent cleared its short-term memory 6 times. 
     State prediction error memory resets: 5. 
     Hill memory resets: 1. 
TRIAL 79 COMPLETE ✔
End Time: 2024-05-12 07:25:06
Total runtime for this trial (minutes/seconds): 05:06
----------------------------------------
Total hill visits: 10. 
Total prediction errors: 454. 
Total search depth: 57521576. 
Total times memory accessed: 230825702. 
Total times 25 >= t <= 50: 17. 
Total times 50 >= t <= 75: 5. 
Total times 75 >= t <= 100: 0. 
Total times t == 100: 0. 
Total time steps survived: 2109. 
Total runtime so far (hours/minutes/seconds): 10:38:55
----------------------------------------

----------------------------------------
TRIAL 80 STARTED
----------------------------------------
Start Time: 2024-05-12 07:25:05
At time step 25 the agent is dead
The agent had 3 food, 0 water, and 1 sleep.
The total tree search depth for this trial was 1898706. 
The agent accessed its memory 7545759 times. 
The agent cleared its short-term memory 10 times. 
     State prediction error memory resets: 10. 
     Hill memory resets: 0. 
TRIAL 80 COMPLETE ✔
End Time: 2024-05-12 07:48:04
Total runtime for this trial (minutes/seconds): 22:59
----------------------------------------
Total hill visits: 10. 
Total prediction errors: 464. 
Total search depth: 59420282. 
Total times memory accessed: 238371461. 
Total times 25 >= t <= 50: 18. 
Total times 50 >= t <= 75: 5. 
Total times 75 >= t <= 100: 0. 
Total times t == 100: 0. 
Total time steps survived: 2135. 
Total runtime so far (hours/minutes/seconds): 11:01:53
----------------------------------------

----------------------------------------
TRIAL 81 STARTED
----------------------------------------
Start Time: 2024-05-12 07:48:03
At time step 21 the agent is dead
The agent had 2 food, 0 water, and 5 sleep.
The total tree search depth for this trial was 615709. 
The agent accessed its memory 2414811 times. 
The agent cleared its short-term memory 4 times. 
     State prediction error memory resets: 4. 
     Hill memory resets: 0. 
TRIAL 81 COMPLETE ✔
End Time: 2024-05-12 07:55:47
Total runtime for this trial (minutes/seconds): 07:44
----------------------------------------
Total hill visits: 10. 
Total prediction errors: 468. 
Total search depth: 60035991. 
Total times memory accessed: 240786272. 
Total times 25 >= t <= 50: 18. 
Total times 50 >= t <= 75: 5. 
Total times 75 >= t <= 100: 0. 
Total times t == 100: 0. 
Total time steps survived: 2157. 
Total runtime so far (hours/minutes/seconds): 11:09:36
----------------------------------------

----------------------------------------
TRIAL 82 STARTED
----------------------------------------
Start Time: 2024-05-12 07:55:46
At time step 41 the agent is dead
The agent had 0 food, 2 water, and 6 sleep.
The total tree search depth for this trial was 2066639. 
The agent accessed its memory 7188087 times. 
The agent cleared its short-term memory 14 times. 
     State prediction error memory resets: 14. 
     Hill memory resets: 0. 
TRIAL 82 COMPLETE ✔
End Time: 2024-05-12 08:22:36
Total runtime for this trial (minutes/seconds): 26:50
----------------------------------------
Total hill visits: 10. 
Total prediction errors: 482. 
Total search depth: 62102630. 
Total times memory accessed: 247974359. 
Total times 25 >= t <= 50: 19. 
Total times 50 >= t <= 75: 5. 
Total times 75 >= t <= 100: 0. 
Total times t == 100: 0. 
Total time steps survived: 2199. 
Total runtime so far (hours/minutes/seconds): 11:36:25
----------------------------------------

----------------------------------------
TRIAL 83 STARTED
----------------------------------------
Start Time: 2024-05-12 08:22:35
At time step 21 the agent is dead
The agent had 2 food, 0 water, and 5 sleep.
The total tree search depth for this trial was 763474. 
The agent accessed its memory 3144796 times. 
The agent cleared its short-term memory 2 times. 
     State prediction error memory resets: 2. 
     Hill memory resets: 0. 
TRIAL 83 COMPLETE ✔
End Time: 2024-05-12 08:31:32
Total runtime for this trial (minutes/seconds): 08:57
----------------------------------------
Total hill visits: 10. 
Total prediction errors: 484. 
Total search depth: 62866104. 
Total times memory accessed: 251119155. 
Total times 25 >= t <= 50: 19. 
Total times 50 >= t <= 75: 5. 
Total times 75 >= t <= 100: 0. 
Total times t == 100: 0. 
Total time steps survived: 2221. 
Total runtime so far (hours/minutes/seconds): 11:45:21
----------------------------------------

----------------------------------------
TRIAL 84 STARTED
----------------------------------------
Start Time: 2024-05-12 08:31:31
At time step 99 the agent is dead
The agent had 5 food, 4 water, and 7 sleep.
The total tree search depth for this trial was 4431149. 
The agent accessed its memory 16366241 times. 
The agent cleared its short-term memory 44 times. 
     State prediction error memory resets: 43. 
     Hill memory resets: 1. 
TRIAL 84 COMPLETE ✔
End Time: 2024-05-12 09:11:42
Total runtime for this trial (minutes/seconds): 40:11
----------------------------------------
Total hill visits: 11. 
Total prediction errors: 527. 
Total search depth: 67297253. 
Total times memory accessed: 267485396. 
Total times 25 >= t <= 50: 19. 
Total times 50 >= t <= 75: 5. 
Total times 75 >= t <= 100: 0. 
Total times t == 100: 1. 
Total time steps survived: 2321. 
Total runtime so far (hours/minutes/seconds): 12:25:31
----------------------------------------

----------------------------------------
TRIAL 85 STARTED
----------------------------------------
Start Time: 2024-05-12 09:11:41
At time step 27 the agent is dead
The agent had 6 food, 0 water, and 8 sleep.
The total tree search depth for this trial was 939490. 
The agent accessed its memory 3566173 times. 
The agent cleared its short-term memory 10 times. 
     State prediction error memory resets: 10. 
     Hill memory resets: 0. 
TRIAL 85 COMPLETE ✔
End Time: 2024-05-12 09:21:17
Total runtime for this trial (minutes/seconds): 09:36
----------------------------------------
Total hill visits: 11. 
Total prediction errors: 537. 
Total search depth: 68236743. 
Total times memory accessed: 271051569. 
Total times 25 >= t <= 50: 20. 
Total times 50 >= t <= 75: 5. 
Total times 75 >= t <= 100: 0. 
Total times t == 100: 1. 
Total time steps survived: 2349. 
Total runtime so far (hours/minutes/seconds): 12:35:06
----------------------------------------

----------------------------------------
TRIAL 86 STARTED
----------------------------------------
Start Time: 2024-05-12 09:21:16
At time step 23 the agent is dead
The agent had 0 food, 12 water, and 20 sleep.
The total tree search depth for this trial was 547761. 
The agent accessed its memory 2177491 times. 
The agent cleared its short-term memory 7 times. 
     State prediction error memory resets: 7. 
     Hill memory resets: 0. 
TRIAL 86 COMPLETE ✔
End Time: 2024-05-12 09:26:49
Total runtime for this trial (minutes/seconds): 05:33
----------------------------------------
Total hill visits: 11. 
Total prediction errors: 544. 
Total search depth: 68784504. 
Total times memory accessed: 273229060. 
Total times 25 >= t <= 50: 20. 
Total times 50 >= t <= 75: 5. 
Total times 75 >= t <= 100: 0. 
Total times t == 100: 1. 
Total time steps survived: 2373. 
Total runtime so far (hours/minutes/seconds): 12:40:38
----------------------------------------

----------------------------------------
TRIAL 87 STARTED
----------------------------------------
Start Time: 2024-05-12 09:26:48
At time step 21 the agent is dead
The agent had 2 food, 0 water, and 5 sleep.
The total tree search depth for this trial was 655379. 
The agent accessed its memory 2531949 times. 
The agent cleared its short-term memory 2 times. 
     State prediction error memory resets: 2. 
     Hill memory resets: 0. 
TRIAL 87 COMPLETE ✔
End Time: 2024-05-12 09:37:36
Total runtime for this trial (minutes/seconds): 10:48
----------------------------------------
Total hill visits: 11. 
Total prediction errors: 546. 
Total search depth: 69439883. 
Total times memory accessed: 275761009. 
Total times 25 >= t <= 50: 20. 
Total times 50 >= t <= 75: 5. 
Total times 75 >= t <= 100: 0. 
Total times t == 100: 1. 
Total time steps survived: 2395. 
Total runtime so far (hours/minutes/seconds): 12:51:25
----------------------------------------

----------------------------------------
TRIAL 88 STARTED
----------------------------------------
Start Time: 2024-05-12 09:37:35
At time step 21 the agent is dead
The agent had 2 food, 0 water, and 5 sleep.
The total tree search depth for this trial was 532349. 
The agent accessed its memory 2153096 times. 
The agent cleared its short-term memory 3 times. 
     State prediction error memory resets: 3. 
     Hill memory resets: 0. 
TRIAL 88 COMPLETE ✔
End Time: 2024-05-12 09:43:22
Total runtime for this trial (minutes/seconds): 05:47
----------------------------------------
Total hill visits: 11. 
Total prediction errors: 549. 
Total search depth: 69972232. 
Total times memory accessed: 277914105. 
Total times 25 >= t <= 50: 20. 
Total times 50 >= t <= 75: 5. 
Total times 75 >= t <= 100: 0. 
Total times t == 100: 1. 
Total time steps survived: 2417. 
Total runtime so far (hours/minutes/seconds): 12:57:11
----------------------------------------

----------------------------------------
TRIAL 89 STARTED
----------------------------------------
Start Time: 2024-05-12 09:43:21
At time step 21 the agent is dead
The agent had 2 food, 0 water, and 5 sleep.
The total tree search depth for this trial was 1049871. 
The agent accessed its memory 3897014 times. 
The agent cleared its short-term memory 4 times. 
     State prediction error memory resets: 4. 
     Hill memory resets: 0. 
TRIAL 89 COMPLETE ✔
End Time: 2024-05-12 09:58:31
Total runtime for this trial (minutes/seconds): 15:10
----------------------------------------
Total hill visits: 11. 
Total prediction errors: 553. 
Total search depth: 71022103. 
Total times memory accessed: 281811119. 
Total times 25 >= t <= 50: 20. 
Total times 50 >= t <= 75: 5. 
Total times 75 >= t <= 100: 0. 
Total times t == 100: 1. 
Total time steps survived: 2439. 
Total runtime so far (hours/minutes/seconds): 13:12:20
----------------------------------------

----------------------------------------
TRIAL 90 STARTED
----------------------------------------
Start Time: 2024-05-12 09:58:30
At time step 31 the agent is dead
The agent had 3 food, 0 water, and 7 sleep.
The total tree search depth for this trial was 1052992. 
The agent accessed its memory 4056479 times. 
The agent cleared its short-term memory 8 times. 
     State prediction error memory resets: 8. 
     Hill memory resets: 0. 
TRIAL 90 COMPLETE ✔
End Time: 2024-05-12 10:08:50
Total runtime for this trial (minutes/seconds): 10:20
----------------------------------------
Total hill visits: 11. 
Total prediction errors: 561. 
Total search depth: 72075095. 
Total times memory accessed: 285867598. 
Total times 25 >= t <= 50: 21. 
Total times 50 >= t <= 75: 5. 
Total times 75 >= t <= 100: 0. 
Total times t == 100: 1. 
Total time steps survived: 2471. 
Total runtime so far (hours/minutes/seconds): 13:22:39
----------------------------------------

----------------------------------------
TRIAL 91 STARTED
----------------------------------------
Start Time: 2024-05-12 10:08:49
At time step 21 the agent is dead
The agent had 2 food, 0 water, and 5 sleep.
The total tree search depth for this trial was 550662. 
The agent accessed its memory 1993433 times. 
The agent cleared its short-term memory 3 times. 
     State prediction error memory resets: 3. 
     Hill memory resets: 0. 
TRIAL 91 COMPLETE ✔
End Time: 2024-05-12 10:17:36
Total runtime for this trial (minutes/seconds): 08:47
----------------------------------------
Total hill visits: 11. 
Total prediction errors: 564. 
Total search depth: 72625757. 
Total times memory accessed: 287861031. 
Total times 25 >= t <= 50: 21. 
Total times 50 >= t <= 75: 5. 
Total times 75 >= t <= 100: 0. 
Total times t == 100: 1. 
Total time steps survived: 2493. 
Total runtime so far (hours/minutes/seconds): 13:31:25
----------------------------------------

----------------------------------------
TRIAL 92 STARTED
----------------------------------------
Start Time: 2024-05-12 10:17:35
At time step 47 the agent is dead
The agent had 0 food, 12 water, and 19 sleep.
The total tree search depth for this trial was 1438773. 
The agent accessed its memory 5344860 times. 
The agent cleared its short-term memory 11 times. 
     State prediction error memory resets: 11. 
     Hill memory resets: 0. 
TRIAL 92 COMPLETE ✔
End Time: 2024-05-12 10:34:46
Total runtime for this trial (minutes/seconds): 17:11
----------------------------------------
Total hill visits: 11. 
Total prediction errors: 575. 
Total search depth: 74064530. 
Total times memory accessed: 293205891. 
Total times 25 >= t <= 50: 22. 
Total times 50 >= t <= 75: 5. 
Total times 75 >= t <= 100: 0. 
Total times t == 100: 1. 
Total time steps survived: 2541. 
Total runtime so far (hours/minutes/seconds): 13:48:35
----------------------------------------

----------------------------------------
TRIAL 93 STARTED
----------------------------------------
Start Time: 2024-05-12 10:34:45
At time step 54 the agent is dead
The agent had 3 food, 0 water, and 7 sleep.
The total tree search depth for this trial was 1963247. 
The agent accessed its memory 7348205 times. 
The agent cleared its short-term memory 16 times. 
     State prediction error memory resets: 16. 
     Hill memory resets: 0. 
TRIAL 93 COMPLETE ✔
End Time: 2024-05-12 10:53:47
Total runtime for this trial (minutes/seconds): 19:02
----------------------------------------
Total hill visits: 11. 
Total prediction errors: 591. 
Total search depth: 76027777. 
Total times memory accessed: 300554096. 
Total times 25 >= t <= 50: 22. 
Total times 50 >= t <= 75: 6. 
Total times 75 >= t <= 100: 0. 
Total times t == 100: 1. 
Total time steps survived: 2596. 
Total runtime so far (hours/minutes/seconds): 14:07:36
----------------------------------------

----------------------------------------
TRIAL 94 STARTED
----------------------------------------
Start Time: 2024-05-12 10:53:46
At time step 43 the agent is dead
The agent had 3 food, 0 water, and 3 sleep.
The total tree search depth for this trial was 2166988. 
The agent accessed its memory 8218511 times. 
The agent cleared its short-term memory 19 times. 
     State prediction error memory resets: 19. 
     Hill memory resets: 0. 
TRIAL 94 COMPLETE ✔
End Time: 2024-05-12 11:16:44
Total runtime for this trial (minutes/seconds): 22:58
----------------------------------------
Total hill visits: 11. 
Total prediction errors: 610. 
Total search depth: 78194765. 
Total times memory accessed: 308772607. 
Total times 25 >= t <= 50: 23. 
Total times 50 >= t <= 75: 6. 
Total times 75 >= t <= 100: 0. 
Total times t == 100: 1. 
Total time steps survived: 2640. 
Total runtime so far (hours/minutes/seconds): 14:30:33
----------------------------------------

----------------------------------------
TRIAL 95 STARTED
----------------------------------------
Start Time: 2024-05-12 11:16:43
At time step 35 the agent is dead
The agent had 3 food, 0 water, and 3 sleep.
The total tree search depth for this trial was 1385619. 
The agent accessed its memory 5217024 times. 
The agent cleared its short-term memory 12 times. 
     State prediction error memory resets: 12. 
     Hill memory resets: 0. 
TRIAL 95 COMPLETE ✔
End Time: 2024-05-12 11:30:26
Total runtime for this trial (minutes/seconds): 13:43
----------------------------------------
Total hill visits: 11. 
Total prediction errors: 622. 
Total search depth: 79580384. 
Total times memory accessed: 313989631. 
Total times 25 >= t <= 50: 24. 
Total times 50 >= t <= 75: 6. 
Total times 75 >= t <= 100: 0. 
Total times t == 100: 1. 
Total time steps survived: 2676. 
Total runtime so far (hours/minutes/seconds): 14:44:15
----------------------------------------

----------------------------------------
TRIAL 96 STARTED
----------------------------------------
Start Time: 2024-05-12 11:30:25
At time step 23 the agent is dead
The agent had 0 food, 17 water, and 3 sleep.
The total tree search depth for this trial was 415573. 
The agent accessed its memory 1688781 times. 
The agent cleared its short-term memory 2 times. 
     State prediction error memory resets: 2. 
     Hill memory resets: 0. 
TRIAL 96 COMPLETE ✔
End Time: 2024-05-12 11:37:15
Total runtime for this trial (minutes/seconds): 06:50
----------------------------------------
Total hill visits: 11. 
Total prediction errors: 624. 
Total search depth: 79995957. 
Total times memory accessed: 315678412. 
Total times 25 >= t <= 50: 24. 
Total times 50 >= t <= 75: 6. 
Total times 75 >= t <= 100: 0. 
Total times t == 100: 1. 
Total time steps survived: 2700. 
Total runtime so far (hours/minutes/seconds): 14:51:04
----------------------------------------

----------------------------------------
TRIAL 97 STARTED
----------------------------------------
Start Time: 2024-05-12 11:37:14
At time step 27 the agent is dead
The agent had 1 food, 0 water, and 3 sleep.
The total tree search depth for this trial was 1047643. 
The agent accessed its memory 4045396 times. 
The agent cleared its short-term memory 6 times. 
     State prediction error memory resets: 6. 
     Hill memory resets: 0. 
TRIAL 97 COMPLETE ✔
End Time: 2024-05-12 11:52:59
Total runtime for this trial (minutes/seconds): 15:45
----------------------------------------
Total hill visits: 11. 
Total prediction errors: 630. 
Total search depth: 81043600. 
Total times memory accessed: 319723808. 
Total times 25 >= t <= 50: 25. 
Total times 50 >= t <= 75: 6. 
Total times 75 >= t <= 100: 0. 
Total times t == 100: 1. 
Total time steps survived: 2728. 
Total runtime so far (hours/minutes/seconds): 15:06:48
----------------------------------------

----------------------------------------
TRIAL 98 STARTED
----------------------------------------
Start Time: 2024-05-12 11:52:58
At time step 99 the agent is dead
The agent had 21 food, 17 water, and 25 sleep.
The total tree search depth for this trial was 2912105. 
The agent accessed its memory 10713450 times. 
The agent cleared its short-term memory 29 times. 
     State prediction error memory resets: 29. 
     Hill memory resets: 0. 
TRIAL 98 COMPLETE ✔
End Time: 2024-05-12 12:27:33
Total runtime for this trial (minutes/seconds): 34:35
----------------------------------------
Total hill visits: 11. 
Total prediction errors: 659. 
Total search depth: 83955705. 
Total times memory accessed: 330437258. 
Total times 25 >= t <= 50: 25. 
Total times 50 >= t <= 75: 6. 
Total times 75 >= t <= 100: 0. 
Total times t == 100: 2. 
Total time steps survived: 2828. 
Total runtime so far (hours/minutes/seconds): 15:41:22
----------------------------------------

----------------------------------------
TRIAL 99 STARTED
----------------------------------------
Start Time: 2024-05-12 12:27:32
At time step 21 the agent is dead
The agent had 2 food, 0 water, and 5 sleep.
The total tree search depth for this trial was 823650. 
The agent accessed its memory 3135274 times. 
The agent cleared its short-term memory 4 times. 
     State prediction error memory resets: 4. 
     Hill memory resets: 0. 
TRIAL 99 COMPLETE ✔
End Time: 2024-05-12 12:41:10
Total runtime for this trial (minutes/seconds): 13:38
----------------------------------------
Total hill visits: 11. 
Total prediction errors: 663. 
Total search depth: 84779355. 
Total times memory accessed: 333572532. 
Total times 25 >= t <= 50: 25. 
Total times 50 >= t <= 75: 6. 
Total times 75 >= t <= 100: 0. 
Total times t == 100: 2. 
Total time steps survived: 2850. 
Total runtime so far (hours/minutes/seconds): 15:54:59
----------------------------------------

----------------------------------------
TRIAL 100 STARTED
----------------------------------------
Start Time: 2024-05-12 12:41:09
At time step 35 the agent is dead
The agent had 1 food, 0 water, and 3 sleep.
The total tree search depth for this trial was 920889. 
The agent accessed its memory 3310652 times. 
The agent cleared its short-term memory 7 times. 
     State prediction error memory resets: 7. 
     Hill memory resets: 0. 
TRIAL 100 COMPLETE ✔
End Time: 2024-05-12 12:53:32
Total runtime for this trial (minutes/seconds): 12:23
----------------------------------------
Total hill visits: 11. 
Total prediction errors: 670. 
Total search depth: 85700244. 
Total times memory accessed: 336883184. 
Total times 25 >= t <= 50: 26. 
Total times 50 >= t <= 75: 6. 
Total times 75 >= t <= 100: 0. 
Total times t == 100: 2. 
Total time steps survived: 2886. 
Total runtime so far (hours/minutes/seconds): 16:07:21
----------------------------------------

----------------------------------------
TRIAL 101 STARTED
----------------------------------------
Start Time: 2024-05-12 12:53:31
