Running main with ALGORITHM=SI, SEED=15, HORIZON=2, K_FACTOR=0.7, ROOT_FOLDER=/home/grmstj001, MCT=3, NUM_MCT=100, AUTO_REST=

                            < M A T L A B (R) >
                  Copyright 1984-2024 The MathWorks, Inc.
                  R2024a (24.1.0.2537033) 64-bit (glnxa64)
                             February 21, 2024

 
To get started, type doc.
For product information, visit www.mathworks.com.
 
Algorithm: SI
Seed: 15
Horizon: 2
K-factor: 0.70
Root folder: /home/grmstj001
MCT: 3
Number of MCT: 100
Auto restore: 0
Results file name: 

ans = 

  struct with fields:

     Type: 'twister'
     Seed: 15
    State: [625x1 uint32]


----------------------------------------
TRIAL 1 STARTED
----------------------------------------
Start Time: 2024-05-13 13:29:47
At time step 21 the agent is dead
The agent had 2 food, 0 water, and 5 sleep.
The total tree search depth for this trial was 2029. 
The agent accessed its memory 16130 times. 
The agent cleared its short-term memory 10 times. 
     State prediction error memory resets: 9. 
     Hill memory resets: 1. 
TRIAL 1 COMPLETE ✔
End Time: 2024-05-13 13:29:54
Total runtime for this trial (minutes/seconds): 00:07
----------------------------------------
Total hill visits: 1. 
Total prediction errors: 9. 
Total search depth: 2029. 
Total times memory accessed: 16130. 
Total times 25 >= t <= 50: 0. 
Total times 50 >= t <= 75: 0. 
Total times 75 >= t <= 100: 0. 
Total times t == 100: 0. 
Total time steps survived: 22. 
Total runtime so far (hours/minutes/seconds): 00:00:07
----------------------------------------

----------------------------------------
TRIAL 2 STARTED
----------------------------------------
Start Time: 2024-05-13 13:29:53
At time step 23 the agent is dead
The agent had 0 food, 10 water, and 3 sleep.
The total tree search depth for this trial was 5638. 
The agent accessed its memory 49426 times. 
The agent cleared its short-term memory 2 times. 
     State prediction error memory resets: 1. 
     Hill memory resets: 1. 
TRIAL 2 COMPLETE ✔
End Time: 2024-05-13 13:30:02
Total runtime for this trial (minutes/seconds): 00:09
----------------------------------------
Total hill visits: 2. 
Total prediction errors: 10. 
Total search depth: 7667. 
Total times memory accessed: 65556. 
Total times 25 >= t <= 50: 0. 
Total times 50 >= t <= 75: 0. 
Total times 75 >= t <= 100: 0. 
Total times t == 100: 0. 
Total time steps survived: 46. 
Total runtime so far (hours/minutes/seconds): 00:00:15
----------------------------------------

----------------------------------------
TRIAL 3 STARTED
----------------------------------------
Start Time: 2024-05-13 13:30:01
At time step 21 the agent is dead
The agent had 2 food, 0 water, and 5 sleep.
The total tree search depth for this trial was 1027. 
The agent accessed its memory 17828 times. 
The agent cleared its short-term memory 0 times. 
     State prediction error memory resets: 0. 
     Hill memory resets: 0. 
TRIAL 3 COMPLETE ✔
End Time: 2024-05-13 13:30:03
Total runtime for this trial (minutes/seconds): 00:02
----------------------------------------
Total hill visits: 2. 
Total prediction errors: 10. 
Total search depth: 8694. 
Total times memory accessed: 83384. 
Total times 25 >= t <= 50: 0. 
Total times 50 >= t <= 75: 0. 
Total times 75 >= t <= 100: 0. 
Total times t == 100: 0. 
Total time steps survived: 68. 
Total runtime so far (hours/minutes/seconds): 00:00:16
----------------------------------------

----------------------------------------
TRIAL 4 STARTED
----------------------------------------
Start Time: 2024-05-13 13:30:02
At time step 23 the agent is dead
The agent had 0 food, 9 water, and 3 sleep.
The total tree search depth for this trial was 8410. 
The agent accessed its memory 70030 times. 
The agent cleared its short-term memory 9 times. 
     State prediction error memory resets: 8. 
     Hill memory resets: 1. 
TRIAL 4 COMPLETE ✔
End Time: 2024-05-13 13:30:13
Total runtime for this trial (minutes/seconds): 00:11
----------------------------------------
Total hill visits: 3. 
Total prediction errors: 18. 
Total search depth: 17104. 
Total times memory accessed: 153414. 
Total times 25 >= t <= 50: 0. 
Total times 50 >= t <= 75: 0. 
Total times 75 >= t <= 100: 0. 
Total times t == 100: 0. 
Total time steps survived: 92. 
Total runtime so far (hours/minutes/seconds): 00:00:26
----------------------------------------

----------------------------------------
TRIAL 5 STARTED
----------------------------------------
Start Time: 2024-05-13 13:30:12
At time step 21 the agent is dead
The agent had 2 food, 0 water, and 5 sleep.
The total tree search depth for this trial was 1381. 
The agent accessed its memory 21857 times. 
The agent cleared its short-term memory 0 times. 
     State prediction error memory resets: 0. 
     Hill memory resets: 0. 
TRIAL 5 COMPLETE ✔
End Time: 2024-05-13 13:30:16
Total runtime for this trial (minutes/seconds): 00:04
----------------------------------------
Total hill visits: 3. 
Total prediction errors: 18. 
Total search depth: 18485. 
Total times memory accessed: 175271. 
Total times 25 >= t <= 50: 0. 
Total times 50 >= t <= 75: 0. 
Total times 75 >= t <= 100: 0. 
Total times t == 100: 0. 
Total time steps survived: 114. 
Total runtime so far (hours/minutes/seconds): 00:00:29
----------------------------------------

----------------------------------------
TRIAL 6 STARTED
----------------------------------------
Start Time: 2024-05-13 13:30:15
At time step 21 the agent is dead
The agent had 2 food, 0 water, and 5 sleep.
The total tree search depth for this trial was 1709. 
The agent accessed its memory 16304 times. 
The agent cleared its short-term memory 14 times. 
     State prediction error memory resets: 14. 
     Hill memory resets: 0. 
TRIAL 6 COMPLETE ✔
End Time: 2024-05-13 13:30:19
Total runtime for this trial (minutes/seconds): 00:04
----------------------------------------
Total hill visits: 3. 
Total prediction errors: 32. 
Total search depth: 20194. 
Total times memory accessed: 191575. 
Total times 25 >= t <= 50: 0. 
Total times 50 >= t <= 75: 0. 
Total times 75 >= t <= 100: 0. 
Total times t == 100: 0. 
Total time steps survived: 136. 
Total runtime so far (hours/minutes/seconds): 00:00:32
----------------------------------------

----------------------------------------
TRIAL 7 STARTED
----------------------------------------
Start Time: 2024-05-13 13:30:18
At time step 21 the agent is dead
The agent had 2 food, 0 water, and 5 sleep.
The total tree search depth for this trial was 1840. 
The agent accessed its memory 23369 times. 
The agent cleared its short-term memory 14 times. 
     State prediction error memory resets: 14. 
     Hill memory resets: 0. 
TRIAL 7 COMPLETE ✔
End Time: 2024-05-13 13:30:22
Total runtime for this trial (minutes/seconds): 00:04
----------------------------------------
Total hill visits: 3. 
Total prediction errors: 46. 
Total search depth: 22034. 
Total times memory accessed: 214944. 
Total times 25 >= t <= 50: 0. 
Total times 50 >= t <= 75: 0. 
Total times 75 >= t <= 100: 0. 
Total times t == 100: 0. 
Total time steps survived: 158. 
Total runtime so far (hours/minutes/seconds): 00:00:35
----------------------------------------

----------------------------------------
TRIAL 8 STARTED
----------------------------------------
Start Time: 2024-05-13 13:30:21
At time step 21 the agent is dead
The agent had 2 food, 0 water, and 5 sleep.
The total tree search depth for this trial was 1749. 
The agent accessed its memory 18730 times. 
The agent cleared its short-term memory 16 times. 
     State prediction error memory resets: 16. 
     Hill memory resets: 0. 
TRIAL 8 COMPLETE ✔
End Time: 2024-05-13 13:30:26
Total runtime for this trial (minutes/seconds): 00:05
----------------------------------------
Total hill visits: 3. 
Total prediction errors: 62. 
Total search depth: 23783. 
Total times memory accessed: 233674. 
Total times 25 >= t <= 50: 0. 
Total times 50 >= t <= 75: 0. 
Total times 75 >= t <= 100: 0. 
Total times t == 100: 0. 
Total time steps survived: 180. 
Total runtime so far (hours/minutes/seconds): 00:00:39
----------------------------------------

----------------------------------------
TRIAL 9 STARTED
----------------------------------------
Start Time: 2024-05-13 13:30:25
At time step 21 the agent is dead
The agent had 2 food, 0 water, and 5 sleep.
The total tree search depth for this trial was 765. 
The agent accessed its memory 10913 times. 
The agent cleared its short-term memory 5 times. 
     State prediction error memory resets: 5. 
     Hill memory resets: 0. 
TRIAL 9 COMPLETE ✔
End Time: 2024-05-13 13:30:28
Total runtime for this trial (minutes/seconds): 00:03
----------------------------------------
Total hill visits: 3. 
Total prediction errors: 67. 
Total search depth: 24548. 
Total times memory accessed: 244587. 
Total times 25 >= t <= 50: 0. 
Total times 50 >= t <= 75: 0. 
Total times 75 >= t <= 100: 0. 
Total times t == 100: 0. 
Total time steps survived: 202. 
Total runtime so far (hours/minutes/seconds): 00:00:41
----------------------------------------

----------------------------------------
TRIAL 10 STARTED
----------------------------------------
Start Time: 2024-05-13 13:30:27
At time step 21 the agent is dead
The agent had 2 food, 0 water, and 23 sleep.
The total tree search depth for this trial was 2377. 
The agent accessed its memory 24587 times. 
The agent cleared its short-term memory 12 times. 
     State prediction error memory resets: 11. 
     Hill memory resets: 1. 
TRIAL 10 COMPLETE ✔
End Time: 2024-05-13 13:30:33
Total runtime for this trial (minutes/seconds): 00:06
----------------------------------------
Total hill visits: 4. 
Total prediction errors: 78. 
Total search depth: 26925. 
Total times memory accessed: 269174. 
Total times 25 >= t <= 50: 0. 
Total times 50 >= t <= 75: 0. 
Total times 75 >= t <= 100: 0. 
Total times t == 100: 0. 
Total time steps survived: 224. 
Total runtime so far (hours/minutes/seconds): 00:00:46
----------------------------------------

----------------------------------------
TRIAL 11 STARTED
----------------------------------------
Start Time: 2024-05-13 13:30:32
At time step 21 the agent is dead
The agent had 2 food, 0 water, and 5 sleep.
The total tree search depth for this trial was 2653. 
The agent accessed its memory 22249 times. 
The agent cleared its short-term memory 14 times. 
     State prediction error memory resets: 12. 
     Hill memory resets: 2. 
TRIAL 11 COMPLETE ✔
End Time: 2024-05-13 13:30:38
Total runtime for this trial (minutes/seconds): 00:06
----------------------------------------
Total hill visits: 6. 
Total prediction errors: 90. 
Total search depth: 29578. 
Total times memory accessed: 291423. 
Total times 25 >= t <= 50: 0. 
Total times 50 >= t <= 75: 0. 
Total times 75 >= t <= 100: 0. 
Total times t == 100: 0. 
Total time steps survived: 246. 
Total runtime so far (hours/minutes/seconds): 00:00:51
----------------------------------------

----------------------------------------
TRIAL 12 STARTED
----------------------------------------
Start Time: 2024-05-13 13:30:37
At time step 21 the agent is dead
The agent had 5 food, 0 water, and 9 sleep.
The total tree search depth for this trial was 16519. 
The agent accessed its memory 170357 times. 
The agent cleared its short-term memory 15 times. 
     State prediction error memory resets: 14. 
     Hill memory resets: 1. 
TRIAL 12 COMPLETE ✔
End Time: 2024-05-13 13:31:03
Total runtime for this trial (minutes/seconds): 00:26
----------------------------------------
Total hill visits: 7. 
Total prediction errors: 104. 
Total search depth: 46097. 
Total times memory accessed: 461780. 
Total times 25 >= t <= 50: 0. 
Total times 50 >= t <= 75: 0. 
Total times 75 >= t <= 100: 0. 
Total times t == 100: 0. 
Total time steps survived: 268. 
Total runtime so far (hours/minutes/seconds): 00:01:16
----------------------------------------

----------------------------------------
TRIAL 13 STARTED
----------------------------------------
Start Time: 2024-05-13 13:31:02
At time step 35 the agent is dead
The agent had 0 food, 9 water, and 15 sleep.
The total tree search depth for this trial was 41684. 
The agent accessed its memory 345016 times. 
The agent cleared its short-term memory 14 times. 
     State prediction error memory resets: 13. 
     Hill memory resets: 1. 
TRIAL 13 COMPLETE ✔
End Time: 2024-05-13 13:31:58
Total runtime for this trial (minutes/seconds): 00:56
----------------------------------------
Total hill visits: 8. 
Total prediction errors: 117. 
Total search depth: 87781. 
Total times memory accessed: 806796. 
Total times 25 >= t <= 50: 1. 
Total times 50 >= t <= 75: 0. 
Total times 75 >= t <= 100: 0. 
Total times t == 100: 0. 
Total time steps survived: 304. 
Total runtime so far (hours/minutes/seconds): 00:02:11
----------------------------------------

----------------------------------------
TRIAL 14 STARTED
----------------------------------------
Start Time: 2024-05-13 13:31:57
At time step 21 the agent is dead
The agent had 16 food, 0 water, and 20 sleep.
The total tree search depth for this trial was 35353. 
The agent accessed its memory 307608 times. 
The agent cleared its short-term memory 8 times. 
     State prediction error memory resets: 8. 
     Hill memory resets: 0. 
TRIAL 14 COMPLETE ✔
End Time: 2024-05-13 13:32:38
Total runtime for this trial (minutes/seconds): 00:41
----------------------------------------
Total hill visits: 8. 
Total prediction errors: 125. 
Total search depth: 123134. 
Total times memory accessed: 1114404. 
Total times 25 >= t <= 50: 1. 
Total times 50 >= t <= 75: 0. 
Total times 75 >= t <= 100: 0. 
Total times t == 100: 0. 
Total time steps survived: 326. 
Total runtime so far (hours/minutes/seconds): 00:02:51
----------------------------------------

----------------------------------------
TRIAL 15 STARTED
----------------------------------------
Start Time: 2024-05-13 13:32:37
At time step 21 the agent is dead
The agent had 2 food, 0 water, and 5 sleep.
The total tree search depth for this trial was 18221. 
The agent accessed its memory 167694 times. 
The agent cleared its short-term memory 10 times. 
     State prediction error memory resets: 10. 
     Hill memory resets: 0. 
TRIAL 15 COMPLETE ✔
End Time: 2024-05-13 13:33:05
Total runtime for this trial (minutes/seconds): 00:28
----------------------------------------
Total hill visits: 8. 
Total prediction errors: 135. 
Total search depth: 141355. 
Total times memory accessed: 1282098. 
Total times 25 >= t <= 50: 1. 
Total times 50 >= t <= 75: 0. 
Total times 75 >= t <= 100: 0. 
Total times t == 100: 0. 
Total time steps survived: 348. 
Total runtime so far (hours/minutes/seconds): 00:03:18
----------------------------------------

----------------------------------------
TRIAL 16 STARTED
----------------------------------------
Start Time: 2024-05-13 13:33:04
At time step 26 the agent is dead
The agent had 6 food, 8 water, and 0 sleep.
The total tree search depth for this trial was 75379. 
The agent accessed its memory 782910 times. 
The agent cleared its short-term memory 16 times. 
     State prediction error memory resets: 16. 
     Hill memory resets: 0. 
TRIAL 16 COMPLETE ✔
End Time: 2024-05-13 13:34:37
Total runtime for this trial (minutes/seconds): 01:33
----------------------------------------
Total hill visits: 8. 
Total prediction errors: 151. 
Total search depth: 216734. 
Total times memory accessed: 2065008. 
Total times 25 >= t <= 50: 2. 
Total times 50 >= t <= 75: 0. 
Total times 75 >= t <= 100: 0. 
Total times t == 100: 0. 
Total time steps survived: 375. 
Total runtime so far (hours/minutes/seconds): 00:04:50
----------------------------------------

----------------------------------------
TRIAL 17 STARTED
----------------------------------------
Start Time: 2024-05-13 13:34:36
At time step 21 the agent is dead
The agent had 2 food, 0 water, and 5 sleep.
The total tree search depth for this trial was 14574. 
The agent accessed its memory 172961 times. 
The agent cleared its short-term memory 15 times. 
     State prediction error memory resets: 15. 
     Hill memory resets: 0. 
TRIAL 17 COMPLETE ✔
End Time: 2024-05-13 13:34:57
Total runtime for this trial (minutes/seconds): 00:21
----------------------------------------
Total hill visits: 8. 
Total prediction errors: 166. 
Total search depth: 231308. 
Total times memory accessed: 2237969. 
Total times 25 >= t <= 50: 2. 
Total times 50 >= t <= 75: 0. 
Total times 75 >= t <= 100: 0. 
Total times t == 100: 0. 
Total time steps survived: 397. 
Total runtime so far (hours/minutes/seconds): 00:05:10
----------------------------------------

----------------------------------------
TRIAL 18 STARTED
----------------------------------------
Start Time: 2024-05-13 13:34:56
At time step 23 the agent is dead
The agent had 0 food, 8 water, and 16 sleep.
The total tree search depth for this trial was 24107. 
The agent accessed its memory 200122 times. 
The agent cleared its short-term memory 7 times. 
     State prediction error memory resets: 6. 
     Hill memory resets: 1. 
TRIAL 18 COMPLETE ✔
End Time: 2024-05-13 13:35:25
Total runtime for this trial (minutes/seconds): 00:29
----------------------------------------
Total hill visits: 9. 
Total prediction errors: 172. 
Total search depth: 255415. 
Total times memory accessed: 2438091. 
Total times 25 >= t <= 50: 2. 
Total times 50 >= t <= 75: 0. 
Total times 75 >= t <= 100: 0. 
Total times t == 100: 0. 
Total time steps survived: 421. 
Total runtime so far (hours/minutes/seconds): 00:05:38
----------------------------------------

----------------------------------------
TRIAL 19 STARTED
----------------------------------------
Start Time: 2024-05-13 13:35:24
At time step 23 the agent is dead
The agent had 0 food, 9 water, and 3 sleep.
The total tree search depth for this trial was 41618. 
The agent accessed its memory 391760 times. 
The agent cleared its short-term memory 13 times. 
     State prediction error memory resets: 13. 
     Hill memory resets: 0. 
TRIAL 19 COMPLETE ✔
End Time: 2024-05-13 13:36:23
Total runtime for this trial (minutes/seconds): 00:59
----------------------------------------
Total hill visits: 9. 
Total prediction errors: 185. 
Total search depth: 297033. 
Total times memory accessed: 2829851. 
Total times 25 >= t <= 50: 2. 
Total times 50 >= t <= 75: 0. 
Total times 75 >= t <= 100: 0. 
Total times t == 100: 0. 
Total time steps survived: 445. 
Total runtime so far (hours/minutes/seconds): 00:06:36
----------------------------------------

----------------------------------------
TRIAL 20 STARTED
----------------------------------------
Start Time: 2024-05-13 13:36:22
At time step 21 the agent is dead
The agent had 2 food, 0 water, and 5 sleep.
The total tree search depth for this trial was 22359. 
The agent accessed its memory 209141 times. 
The agent cleared its short-term memory 6 times. 
     State prediction error memory resets: 4. 
     Hill memory resets: 2. 
TRIAL 20 COMPLETE ✔
End Time: 2024-05-13 13:36:49
Total runtime for this trial (minutes/seconds): 00:27
----------------------------------------
Total hill visits: 11. 
Total prediction errors: 189. 
Total search depth: 319392. 
Total times memory accessed: 3038992. 
Total times 25 >= t <= 50: 2. 
Total times 50 >= t <= 75: 0. 
Total times 75 >= t <= 100: 0. 
Total times t == 100: 0. 
Total time steps survived: 467. 
Total runtime so far (hours/minutes/seconds): 00:07:02
----------------------------------------

----------------------------------------
TRIAL 21 STARTED
----------------------------------------
Start Time: 2024-05-13 13:36:48
At time step 54 the agent is dead
The agent had 0 food, 2 water, and 23 sleep.
The total tree search depth for this trial was 83163. 
The agent accessed its memory 553777 times. 
The agent cleared its short-term memory 9 times. 
     State prediction error memory resets: 7. 
     Hill memory resets: 2. 
TRIAL 21 COMPLETE ✔
End Time: 2024-05-13 13:38:24
Total runtime for this trial (minutes/seconds): 01:36
----------------------------------------
Total hill visits: 13. 
Total prediction errors: 196. 
Total search depth: 402555. 
Total times memory accessed: 3592769. 
Total times 25 >= t <= 50: 2. 
Total times 50 >= t <= 75: 1. 
Total times 75 >= t <= 100: 0. 
Total times t == 100: 0. 
Total time steps survived: 522. 
Total runtime so far (hours/minutes/seconds): 00:08:37
----------------------------------------

----------------------------------------
TRIAL 22 STARTED
----------------------------------------
Start Time: 2024-05-13 13:38:23
At time step 21 the agent is dead
The agent had 2 food, 0 water, and 5 sleep.
The total tree search depth for this trial was 35457. 
The agent accessed its memory 339734 times. 
The agent cleared its short-term memory 10 times. 
     State prediction error memory resets: 9. 
     Hill memory resets: 1. 
TRIAL 22 COMPLETE ✔
End Time: 2024-05-13 13:39:05
Total runtime for this trial (minutes/seconds): 00:42
----------------------------------------
Total hill visits: 14. 
Total prediction errors: 205. 
Total search depth: 438012. 
Total times memory accessed: 3932503. 
Total times 25 >= t <= 50: 2. 
Total times 50 >= t <= 75: 1. 
Total times 75 >= t <= 100: 0. 
Total times t == 100: 0. 
Total time steps survived: 544. 
Total runtime so far (hours/minutes/seconds): 00:09:18
----------------------------------------

----------------------------------------
TRIAL 23 STARTED
----------------------------------------
Start Time: 2024-05-13 13:39:04
