Running main with ALGORITHM=SI, SEED=38, HORIZON=2, K_FACTOR=0.7, ROOT_FOLDER=/home/grmstj001, MCT=3, NUM_MCT=100, AUTO_REST=

                            < M A T L A B (R) >
                  Copyright 1984-2024 The MathWorks, Inc.
                  R2024a (24.1.0.2537033) 64-bit (glnxa64)
                             February 21, 2024

 
To get started, type doc.
For product information, visit www.mathworks.com.
 
Algorithm: SI
Seed: 38
Horizon: 2
K-factor: 0.70
Root folder: /home/grmstj001
MCT: 3
Number of MCT: 100
Auto restore: 0
Results file name: 

ans = 

  struct with fields:

     Type: 'twister'
     Seed: 38
    State: [625x1 uint32]


----------------------------------------
TRIAL 1 STARTED
----------------------------------------
Start Time: 2024-05-13 13:29:47
At time step 21 the agent is dead
The agent had 2 food, 0 water, and 5 sleep.
The total tree search depth for this trial was 2516. 
The agent accessed its memory 22059 times. 
The agent cleared its short-term memory 10 times. 
     State prediction error memory resets: 9. 
     Hill memory resets: 1. 
TRIAL 1 COMPLETE ✔
End Time: 2024-05-13 13:29:57
Total runtime for this trial (minutes/seconds): 00:10
----------------------------------------
Total hill visits: 1. 
Total prediction errors: 9. 
Total search depth: 2516. 
Total times memory accessed: 22059. 
Total times 25 >= t <= 50: 0. 
Total times 50 >= t <= 75: 0. 
Total times 75 >= t <= 100: 0. 
Total times t == 100: 0. 
Total time steps survived: 22. 
Total runtime so far (hours/minutes/seconds): 00:00:10
----------------------------------------

----------------------------------------
TRIAL 2 STARTED
----------------------------------------
Start Time: 2024-05-13 13:29:56
At time step 21 the agent is dead
The agent had 2 food, 0 water, and 5 sleep.
The total tree search depth for this trial was 2372. 
The agent accessed its memory 29117 times. 
The agent cleared its short-term memory 10 times. 
     State prediction error memory resets: 9. 
     Hill memory resets: 1. 
TRIAL 2 COMPLETE ✔
End Time: 2024-05-13 13:30:00
Total runtime for this trial (minutes/seconds): 00:04
----------------------------------------
Total hill visits: 2. 
Total prediction errors: 18. 
Total search depth: 4888. 
Total times memory accessed: 51176. 
Total times 25 >= t <= 50: 0. 
Total times 50 >= t <= 75: 0. 
Total times 75 >= t <= 100: 0. 
Total times t == 100: 0. 
Total time steps survived: 44. 
Total runtime so far (hours/minutes/seconds): 00:00:13
----------------------------------------

----------------------------------------
TRIAL 3 STARTED
----------------------------------------
Start Time: 2024-05-13 13:29:59
At time step 21 the agent is dead
The agent had 2 food, 0 water, and 5 sleep.
The total tree search depth for this trial was 1517. 
The agent accessed its memory 23780 times. 
The agent cleared its short-term memory 6 times. 
     State prediction error memory resets: 6. 
     Hill memory resets: 0. 
TRIAL 3 COMPLETE ✔
End Time: 2024-05-13 13:30:03
Total runtime for this trial (minutes/seconds): 00:04
----------------------------------------
Total hill visits: 2. 
Total prediction errors: 24. 
Total search depth: 6405. 
Total times memory accessed: 74956. 
Total times 25 >= t <= 50: 0. 
Total times 50 >= t <= 75: 0. 
Total times 75 >= t <= 100: 0. 
Total times t == 100: 0. 
Total time steps survived: 66. 
Total runtime so far (hours/minutes/seconds): 00:00:16
----------------------------------------

----------------------------------------
TRIAL 4 STARTED
----------------------------------------
Start Time: 2024-05-13 13:30:02
At time step 21 the agent is dead
The agent had 7 food, 0 water, and 11 sleep.
The total tree search depth for this trial was 10382. 
The agent accessed its memory 89645 times. 
The agent cleared its short-term memory 14 times. 
     State prediction error memory resets: 13. 
     Hill memory resets: 1. 
TRIAL 4 COMPLETE ✔
End Time: 2024-05-13 13:30:17
Total runtime for this trial (minutes/seconds): 00:15
----------------------------------------
Total hill visits: 3. 
Total prediction errors: 37. 
Total search depth: 16787. 
Total times memory accessed: 164601. 
Total times 25 >= t <= 50: 0. 
Total times 50 >= t <= 75: 0. 
Total times 75 >= t <= 100: 0. 
Total times t == 100: 0. 
Total time steps survived: 88. 
Total runtime so far (hours/minutes/seconds): 00:00:30
----------------------------------------

----------------------------------------
TRIAL 5 STARTED
----------------------------------------
Start Time: 2024-05-13 13:30:16
At time step 21 the agent is dead
The agent had 2 food, 0 water, and 5 sleep.
The total tree search depth for this trial was 11025. 
The agent accessed its memory 100515 times. 
The agent cleared its short-term memory 11 times. 
     State prediction error memory resets: 11. 
     Hill memory resets: 0. 
TRIAL 5 COMPLETE ✔
End Time: 2024-05-13 13:30:33
Total runtime for this trial (minutes/seconds): 00:17
----------------------------------------
Total hill visits: 3. 
Total prediction errors: 48. 
Total search depth: 27812. 
Total times memory accessed: 265116. 
Total times 25 >= t <= 50: 0. 
Total times 50 >= t <= 75: 0. 
Total times 75 >= t <= 100: 0. 
Total times t == 100: 0. 
Total time steps survived: 110. 
Total runtime so far (hours/minutes/seconds): 00:00:46
----------------------------------------

----------------------------------------
TRIAL 6 STARTED
----------------------------------------
Start Time: 2024-05-13 13:30:32
At time step 21 the agent is dead
The agent had 2 food, 0 water, and 5 sleep.
The total tree search depth for this trial was 14382. 
The agent accessed its memory 127247 times. 
The agent cleared its short-term memory 13 times. 
     State prediction error memory resets: 13. 
     Hill memory resets: 0. 
TRIAL 6 COMPLETE ✔
End Time: 2024-05-13 13:30:54
Total runtime for this trial (minutes/seconds): 00:22
----------------------------------------
Total hill visits: 3. 
Total prediction errors: 61. 
Total search depth: 42194. 
Total times memory accessed: 392363. 
Total times 25 >= t <= 50: 0. 
Total times 50 >= t <= 75: 0. 
Total times 75 >= t <= 100: 0. 
Total times t == 100: 0. 
Total time steps survived: 132. 
Total runtime so far (hours/minutes/seconds): 00:01:07
----------------------------------------

----------------------------------------
TRIAL 7 STARTED
----------------------------------------
Start Time: 2024-05-13 13:30:53
At time step 21 the agent is dead
The agent had 2 food, 0 water, and 5 sleep.
The total tree search depth for this trial was 3211. 
The agent accessed its memory 28179 times. 
The agent cleared its short-term memory 6 times. 
     State prediction error memory resets: 5. 
     Hill memory resets: 1. 
TRIAL 7 COMPLETE ✔
End Time: 2024-05-13 13:30:59
Total runtime for this trial (minutes/seconds): 00:06
----------------------------------------
Total hill visits: 4. 
Total prediction errors: 66. 
Total search depth: 45405. 
Total times memory accessed: 420542. 
Total times 25 >= t <= 50: 0. 
Total times 50 >= t <= 75: 0. 
Total times 75 >= t <= 100: 0. 
Total times t == 100: 0. 
Total time steps survived: 154. 
Total runtime so far (hours/minutes/seconds): 00:01:12
----------------------------------------

----------------------------------------
TRIAL 8 STARTED
----------------------------------------
Start Time: 2024-05-13 13:30:58
At time step 21 the agent is dead
The agent had 2 food, 0 water, and 5 sleep.
The total tree search depth for this trial was 2943. 
The agent accessed its memory 28177 times. 
The agent cleared its short-term memory 14 times. 
     State prediction error memory resets: 14. 
     Hill memory resets: 0. 
TRIAL 8 COMPLETE ✔
End Time: 2024-05-13 13:31:05
Total runtime for this trial (minutes/seconds): 00:07
----------------------------------------
Total hill visits: 4. 
Total prediction errors: 80. 
Total search depth: 48348. 
Total times memory accessed: 448719. 
Total times 25 >= t <= 50: 0. 
Total times 50 >= t <= 75: 0. 
Total times 75 >= t <= 100: 0. 
Total times t == 100: 0. 
Total time steps survived: 176. 
Total runtime so far (hours/minutes/seconds): 00:01:18
----------------------------------------

----------------------------------------
TRIAL 9 STARTED
----------------------------------------
Start Time: 2024-05-13 13:31:04
At time step 21 the agent is dead
The agent had 2 food, 0 water, and 5 sleep.
The total tree search depth for this trial was 4011. 
The agent accessed its memory 42421 times. 
The agent cleared its short-term memory 13 times. 
     State prediction error memory resets: 13. 
     Hill memory resets: 0. 
TRIAL 9 COMPLETE ✔
End Time: 2024-05-13 13:31:12
Total runtime for this trial (minutes/seconds): 00:08
----------------------------------------
Total hill visits: 4. 
Total prediction errors: 93. 
Total search depth: 52359. 
Total times memory accessed: 491140. 
Total times 25 >= t <= 50: 0. 
Total times 50 >= t <= 75: 0. 
Total times 75 >= t <= 100: 0. 
Total times t == 100: 0. 
Total time steps survived: 198. 
Total runtime so far (hours/minutes/seconds): 00:01:25
----------------------------------------

----------------------------------------
TRIAL 10 STARTED
----------------------------------------
Start Time: 2024-05-13 13:31:11
At time step 21 the agent is dead
The agent had 2 food, 0 water, and 13 sleep.
The total tree search depth for this trial was 22745. 
The agent accessed its memory 194748 times. 
The agent cleared its short-term memory 15 times. 
     State prediction error memory resets: 15. 
     Hill memory resets: 0. 
TRIAL 10 COMPLETE ✔
End Time: 2024-05-13 13:31:43
Total runtime for this trial (minutes/seconds): 00:32
----------------------------------------
Total hill visits: 4. 
Total prediction errors: 108. 
Total search depth: 75104. 
Total times memory accessed: 685888. 
Total times 25 >= t <= 50: 0. 
Total times 50 >= t <= 75: 0. 
Total times 75 >= t <= 100: 0. 
Total times t == 100: 0. 
Total time steps survived: 220. 
Total runtime so far (hours/minutes/seconds): 00:01:56
----------------------------------------

----------------------------------------
TRIAL 11 STARTED
----------------------------------------
Start Time: 2024-05-13 13:31:42
At time step 21 the agent is dead
The agent had 2 food, 0 water, and 5 sleep.
The total tree search depth for this trial was 5610. 
The agent accessed its memory 52326 times. 
The agent cleared its short-term memory 11 times. 
     State prediction error memory resets: 11. 
     Hill memory resets: 0. 
TRIAL 11 COMPLETE ✔
End Time: 2024-05-13 13:31:54
Total runtime for this trial (minutes/seconds): 00:12
----------------------------------------
Total hill visits: 4. 
Total prediction errors: 119. 
Total search depth: 80714. 
Total times memory accessed: 738214. 
Total times 25 >= t <= 50: 0. 
Total times 50 >= t <= 75: 0. 
Total times 75 >= t <= 100: 0. 
Total times t == 100: 0. 
Total time steps survived: 242. 
Total runtime so far (hours/minutes/seconds): 00:02:07
----------------------------------------

----------------------------------------
TRIAL 12 STARTED
----------------------------------------
Start Time: 2024-05-13 13:31:53
At time step 21 the agent is dead
The agent had 2 food, 0 water, and 18 sleep.
The total tree search depth for this trial was 11392. 
The agent accessed its memory 96448 times. 
The agent cleared its short-term memory 10 times. 
     State prediction error memory resets: 9. 
     Hill memory resets: 1. 
TRIAL 12 COMPLETE ✔
End Time: 2024-05-13 13:32:12
Total runtime for this trial (minutes/seconds): 00:19
----------------------------------------
Total hill visits: 5. 
Total prediction errors: 128. 
Total search depth: 92106. 
Total times memory accessed: 834662. 
Total times 25 >= t <= 50: 0. 
Total times 50 >= t <= 75: 0. 
Total times 75 >= t <= 100: 0. 
Total times t == 100: 0. 
Total time steps survived: 264. 
Total runtime so far (hours/minutes/seconds): 00:02:25
----------------------------------------

----------------------------------------
TRIAL 13 STARTED
----------------------------------------
Start Time: 2024-05-13 13:32:11
At time step 21 the agent is dead
The agent had 2 food, 0 water, and 5 sleep.
The total tree search depth for this trial was 2458. 
The agent accessed its memory 26568 times. 
The agent cleared its short-term memory 7 times. 
     State prediction error memory resets: 7. 
     Hill memory resets: 0. 
TRIAL 13 COMPLETE ✔
End Time: 2024-05-13 13:32:17
Total runtime for this trial (minutes/seconds): 00:06
----------------------------------------
Total hill visits: 5. 
Total prediction errors: 135. 
Total search depth: 94564. 
Total times memory accessed: 861230. 
Total times 25 >= t <= 50: 0. 
Total times 50 >= t <= 75: 0. 
Total times 75 >= t <= 100: 0. 
Total times t == 100: 0. 
Total time steps survived: 286. 
Total runtime so far (hours/minutes/seconds): 00:02:30
----------------------------------------

----------------------------------------
TRIAL 14 STARTED
----------------------------------------
Start Time: 2024-05-13 13:32:16
At time step 21 the agent is dead
The agent had 2 food, 0 water, and 5 sleep.
The total tree search depth for this trial was 4486. 
The agent accessed its memory 33736 times. 
The agent cleared its short-term memory 4 times. 
     State prediction error memory resets: 2. 
     Hill memory resets: 2. 
TRIAL 14 COMPLETE ✔
End Time: 2024-05-13 13:32:25
Total runtime for this trial (minutes/seconds): 00:09
----------------------------------------
Total hill visits: 7. 
Total prediction errors: 137. 
Total search depth: 99050. 
Total times memory accessed: 894966. 
Total times 25 >= t <= 50: 0. 
Total times 50 >= t <= 75: 0. 
Total times 75 >= t <= 100: 0. 
Total times t == 100: 0. 
Total time steps survived: 308. 
Total runtime so far (hours/minutes/seconds): 00:02:38
----------------------------------------

----------------------------------------
TRIAL 15 STARTED
----------------------------------------
Start Time: 2024-05-13 13:32:24
At time step 21 the agent is dead
The agent had 2 food, 0 water, and 5 sleep.
The total tree search depth for this trial was 4360. 
The agent accessed its memory 35626 times. 
The agent cleared its short-term memory 8 times. 
     State prediction error memory resets: 6. 
     Hill memory resets: 2. 
TRIAL 15 COMPLETE ✔
End Time: 2024-05-13 13:32:33
Total runtime for this trial (minutes/seconds): 00:09
----------------------------------------
Total hill visits: 9. 
Total prediction errors: 143. 
Total search depth: 103410. 
Total times memory accessed: 930592. 
Total times 25 >= t <= 50: 0. 
Total times 50 >= t <= 75: 0. 
Total times 75 >= t <= 100: 0. 
Total times t == 100: 0. 
Total time steps survived: 330. 
Total runtime so far (hours/minutes/seconds): 00:02:46
----------------------------------------

----------------------------------------
TRIAL 16 STARTED
----------------------------------------
Start Time: 2024-05-13 13:32:32
At time step 21 the agent is dead
The agent had 2 food, 0 water, and 5 sleep.
The total tree search depth for this trial was 8724. 
The agent accessed its memory 81523 times. 
The agent cleared its short-term memory 13 times. 
     State prediction error memory resets: 12. 
     Hill memory resets: 1. 
TRIAL 16 COMPLETE ✔
End Time: 2024-05-13 13:32:46
Total runtime for this trial (minutes/seconds): 00:14
----------------------------------------
Total hill visits: 10. 
Total prediction errors: 155. 
Total search depth: 112134. 
Total times memory accessed: 1012115. 
Total times 25 >= t <= 50: 0. 
Total times 50 >= t <= 75: 0. 
Total times 75 >= t <= 100: 0. 
Total times t == 100: 0. 
Total time steps survived: 352. 
Total runtime so far (hours/minutes/seconds): 00:02:59
----------------------------------------

----------------------------------------
TRIAL 17 STARTED
----------------------------------------
Start Time: 2024-05-13 13:32:45
At time step 21 the agent is dead
The agent had 2 food, 0 water, and 5 sleep.
The total tree search depth for this trial was 8297. 
The agent accessed its memory 69084 times. 
The agent cleared its short-term memory 14 times. 
     State prediction error memory resets: 13. 
     Hill memory resets: 1. 
TRIAL 17 COMPLETE ✔
End Time: 2024-05-13 13:32:58
Total runtime for this trial (minutes/seconds): 00:13
----------------------------------------
Total hill visits: 11. 
Total prediction errors: 168. 
Total search depth: 120431. 
Total times memory accessed: 1081199. 
Total times 25 >= t <= 50: 0. 
Total times 50 >= t <= 75: 0. 
Total times 75 >= t <= 100: 0. 
Total times t == 100: 0. 
Total time steps survived: 374. 
Total runtime so far (hours/minutes/seconds): 00:03:11
----------------------------------------

----------------------------------------
TRIAL 18 STARTED
----------------------------------------
Start Time: 2024-05-13 13:32:57
At time step 21 the agent is dead
The agent had 2 food, 0 water, and 5 sleep.
The total tree search depth for this trial was 14922. 
The agent accessed its memory 123355 times. 
The agent cleared its short-term memory 10 times. 
     State prediction error memory resets: 9. 
     Hill memory resets: 1. 
TRIAL 18 COMPLETE ✔
End Time: 2024-05-13 13:33:19
Total runtime for this trial (minutes/seconds): 00:22
----------------------------------------
Total hill visits: 12. 
Total prediction errors: 177. 
Total search depth: 135353. 
Total times memory accessed: 1204554. 
Total times 25 >= t <= 50: 0. 
Total times 50 >= t <= 75: 0. 
Total times 75 >= t <= 100: 0. 
Total times t == 100: 0. 
Total time steps survived: 396. 
Total runtime so far (hours/minutes/seconds): 00:03:32
----------------------------------------

----------------------------------------
TRIAL 19 STARTED
----------------------------------------
Start Time: 2024-05-13 13:33:18
At time step 21 the agent is dead
The agent had 2 food, 0 water, and 5 sleep.
The total tree search depth for this trial was 4146. 
The agent accessed its memory 37972 times. 
The agent cleared its short-term memory 9 times. 
     State prediction error memory resets: 8. 
     Hill memory resets: 1. 
TRIAL 19 COMPLETE ✔
End Time: 2024-05-13 13:33:26
Total runtime for this trial (minutes/seconds): 00:08
----------------------------------------
Total hill visits: 13. 
Total prediction errors: 185. 
Total search depth: 139499. 
Total times memory accessed: 1242526. 
Total times 25 >= t <= 50: 0. 
Total times 50 >= t <= 75: 0. 
Total times 75 >= t <= 100: 0. 
Total times t == 100: 0. 
Total time steps survived: 418. 
Total runtime so far (hours/minutes/seconds): 00:03:39
----------------------------------------

----------------------------------------
TRIAL 20 STARTED
----------------------------------------
Start Time: 2024-05-13 13:33:25
At time step 21 the agent is dead
The agent had 2 food, 0 water, and 5 sleep.
The total tree search depth for this trial was 16132. 
The agent accessed its memory 153919 times. 
The agent cleared its short-term memory 9 times. 
     State prediction error memory resets: 8. 
     Hill memory resets: 1. 
TRIAL 20 COMPLETE ✔
End Time: 2024-05-13 13:33:47
Total runtime for this trial (minutes/seconds): 00:22
----------------------------------------
Total hill visits: 14. 
Total prediction errors: 193. 
Total search depth: 155631. 
Total times memory accessed: 1396445. 
Total times 25 >= t <= 50: 0. 
Total times 50 >= t <= 75: 0. 
Total times 75 >= t <= 100: 0. 
Total times t == 100: 0. 
Total time steps survived: 440. 
Total runtime so far (hours/minutes/seconds): 00:04:00
----------------------------------------

----------------------------------------
TRIAL 21 STARTED
----------------------------------------
Start Time: 2024-05-13 13:33:46
At time step 21 the agent is dead
The agent had 2 food, 0 water, and 5 sleep.
The total tree search depth for this trial was 7730. 
The agent accessed its memory 55444 times. 
The agent cleared its short-term memory 11 times. 
     State prediction error memory resets: 2. 
     Hill memory resets: 9. 
TRIAL 21 COMPLETE ✔
End Time: 2024-05-13 13:34:00
Total runtime for this trial (minutes/seconds): 00:14
----------------------------------------
Total hill visits: 23. 
Total prediction errors: 195. 
Total search depth: 163361. 
Total times memory accessed: 1451889. 
Total times 25 >= t <= 50: 0. 
Total times 50 >= t <= 75: 0. 
Total times 75 >= t <= 100: 0. 
Total times t == 100: 0. 
Total time steps survived: 462. 
Total runtime so far (hours/minutes/seconds): 00:04:13
----------------------------------------

----------------------------------------
TRIAL 22 STARTED
----------------------------------------
Start Time: 2024-05-13 13:33:59
At time step 21 the agent is dead
The agent had 2 food, 0 water, and 5 sleep.
The total tree search depth for this trial was 10475. 
The agent accessed its memory 73286 times. 
The agent cleared its short-term memory 11 times. 
     State prediction error memory resets: 2. 
     Hill memory resets: 9. 
TRIAL 22 COMPLETE ✔
End Time: 2024-05-13 13:34:16
Total runtime for this trial (minutes/seconds): 00:17
----------------------------------------
Total hill visits: 32. 
Total prediction errors: 197. 
Total search depth: 173836. 
Total times memory accessed: 1525175. 
Total times 25 >= t <= 50: 0. 
Total times 50 >= t <= 75: 0. 
Total times 75 >= t <= 100: 0. 
Total times t == 100: 0. 
Total time steps survived: 484. 
Total runtime so far (hours/minutes/seconds): 00:04:29
----------------------------------------

----------------------------------------
TRIAL 23 STARTED
----------------------------------------
Start Time: 2024-05-13 13:34:15
At time step 21 the agent is dead
The agent had 22 food, 0 water, and 15 sleep.
The total tree search depth for this trial was 8084. 
The agent accessed its memory 69219 times. 
The agent cleared its short-term memory 11 times. 
     State prediction error memory resets: 10. 
     Hill memory resets: 1. 
TRIAL 23 COMPLETE ✔
End Time: 2024-05-13 13:34:27
Total runtime for this trial (minutes/seconds): 00:12
----------------------------------------
Total hill visits: 33. 
Total prediction errors: 207. 
Total search depth: 181920. 
Total times memory accessed: 1594394. 
Total times 25 >= t <= 50: 0. 
Total times 50 >= t <= 75: 0. 
Total times 75 >= t <= 100: 0. 
Total times t == 100: 0. 
Total time steps survived: 506. 
Total runtime so far (hours/minutes/seconds): 00:04:40
----------------------------------------

----------------------------------------
TRIAL 24 STARTED
----------------------------------------
Start Time: 2024-05-13 13:34:26
At time step 21 the agent is dead
The agent had 2 food, 0 water, and 5 sleep.
The total tree search depth for this trial was 4648. 
The agent accessed its memory 37382 times. 
The agent cleared its short-term memory 11 times. 
     State prediction error memory resets: 10. 
     Hill memory resets: 1. 
TRIAL 24 COMPLETE ✔
End Time: 2024-05-13 13:34:35
Total runtime for this trial (minutes/seconds): 00:09
----------------------------------------
Total hill visits: 34. 
Total prediction errors: 217. 
Total search depth: 186568. 
Total times memory accessed: 1631776. 
Total times 25 >= t <= 50: 0. 
Total times 50 >= t <= 75: 0. 
Total times 75 >= t <= 100: 0. 
Total times t == 100: 0. 
Total time steps survived: 528. 
Total runtime so far (hours/minutes/seconds): 00:04:48
----------------------------------------

----------------------------------------
TRIAL 25 STARTED
----------------------------------------
Start Time: 2024-05-13 13:34:34
At time step 21 the agent is dead
The agent had 11 food, 0 water, and 13 sleep.
The total tree search depth for this trial was 50121. 
The agent accessed its memory 339333 times. 
The agent cleared its short-term memory 15 times. 
     State prediction error memory resets: 14. 
     Hill memory resets: 1. 
TRIAL 25 COMPLETE ✔
End Time: 2024-05-13 13:35:37
Total runtime for this trial (minutes/seconds): 01:03
----------------------------------------
Total hill visits: 35. 
Total prediction errors: 231. 
Total search depth: 236689. 
Total times memory accessed: 1971109. 
Total times 25 >= t <= 50: 0. 
Total times 50 >= t <= 75: 0. 
Total times 75 >= t <= 100: 0. 
Total times t == 100: 0. 
Total time steps survived: 550. 
Total runtime so far (hours/minutes/seconds): 00:05:50
----------------------------------------

----------------------------------------
TRIAL 26 STARTED
----------------------------------------
Start Time: 2024-05-13 13:35:36
At time step 61 the agent is dead
The agent had 8 food, 0 water, and 12 sleep.
The total tree search depth for this trial was 96492. 
The agent accessed its memory 612822 times. 
The agent cleared its short-term memory 17 times. 
     State prediction error memory resets: 16. 
     Hill memory resets: 1. 
TRIAL 26 COMPLETE ✔
End Time: 2024-05-13 13:37:31
Total runtime for this trial (minutes/seconds): 01:55
----------------------------------------
Total hill visits: 36. 
Total prediction errors: 247. 
Total search depth: 333181. 
Total times memory accessed: 2583931. 
Total times 25 >= t <= 50: 0. 
Total times 50 >= t <= 75: 1. 
Total times 75 >= t <= 100: 0. 
Total times t == 100: 0. 
Total time steps survived: 612. 
Total runtime so far (hours/minutes/seconds): 00:07:44
----------------------------------------

----------------------------------------
TRIAL 27 STARTED
----------------------------------------
Start Time: 2024-05-13 13:37:30
At time step 21 the agent is dead
The agent had 20 food, 0 water, and 5 sleep.
The total tree search depth for this trial was 9182. 
The agent accessed its memory 66495 times. 
The agent cleared its short-term memory 14 times. 
     State prediction error memory resets: 12. 
     Hill memory resets: 2. 
TRIAL 27 COMPLETE ✔
End Time: 2024-05-13 13:37:46
Total runtime for this trial (minutes/seconds): 00:16
----------------------------------------
Total hill visits: 38. 
Total prediction errors: 259. 
Total search depth: 342363. 
Total times memory accessed: 2650426. 
Total times 25 >= t <= 50: 0. 
Total times 50 >= t <= 75: 1. 
Total times 75 >= t <= 100: 0. 
Total times t == 100: 0. 
Total time steps survived: 634. 
Total runtime so far (hours/minutes/seconds): 00:07:59
----------------------------------------

----------------------------------------
TRIAL 28 STARTED
----------------------------------------
Start Time: 2024-05-13 13:37:45
At time step 23 the agent is dead
The agent had 0 food, 19 water, and 22 sleep.
The total tree search depth for this trial was 15710. 
The agent accessed its memory 99362 times. 
The agent cleared its short-term memory 11 times. 
     State prediction error memory resets: 9. 
     Hill memory resets: 2. 
TRIAL 28 COMPLETE ✔
End Time: 2024-05-13 13:38:08
Total runtime for this trial (minutes/seconds): 00:23
----------------------------------------
Total hill visits: 40. 
Total prediction errors: 268. 
Total search depth: 358073. 
Total times memory accessed: 2749788. 
Total times 25 >= t <= 50: 0. 
Total times 50 >= t <= 75: 1. 
Total times 75 >= t <= 100: 0. 
Total times t == 100: 0. 
Total time steps survived: 658. 
Total runtime so far (hours/minutes/seconds): 00:08:21
----------------------------------------

----------------------------------------
TRIAL 29 STARTED
----------------------------------------
Start Time: 2024-05-13 13:38:07
