Running main with ALGORITHM=SL, SEED=15, HORIZON=2, K_FACTOR=0.7, ROOT_FOLDER=/home/grmstj001, MCT=3, NUM_MCT=100, AUTO_REST=

                            < M A T L A B (R) >
                  Copyright 1984-2024 The MathWorks, Inc.
                  R2024a (24.1.0.2537033) 64-bit (glnxa64)
                             February 21, 2024

 
To get started, type doc.
For product information, visit www.mathworks.com.
 
Algorithm: SL
Seed: 15
Horizon: 2
K-factor: 0.70
Root folder: /home/grmstj001
MCT: 3
Number of MCT: 100
Auto restore: 0
Results file name: 

ans = 

  struct with fields:

     Type: 'twister'
     Seed: 15
    State: [625x1 uint32]


----------------------------------------
TRIAL 1 STARTED
----------------------------------------
Start Time: 2024-05-13 13:36:00
At time step 21 the agent is dead
The agent had 2 food, 0 water, and 5 sleep.
The total tree search depth for this trial was 1799. 
The agent accessed its memory 13638 times. 
The agent cleared its short-term memory 10 times. 
     State prediction error memory resets: 9. 
     Hill memory resets: 1. 
TRIAL 1 COMPLETE ✔
End Time: 2024-05-13 13:36:07
Total runtime for this trial (minutes/seconds): 00:07
----------------------------------------
Total hill visits: 1. 
Total prediction errors: 9. 
Total search depth: 1799. 
Total times memory accessed: 13638. 
Total times 25 >= t <= 50: 0. 
Total times 50 >= t <= 75: 0. 
Total times 75 >= t <= 100: 0. 
Total times t == 100: 0. 
Total time steps survived: 22. 
Total runtime so far (hours/minutes/seconds): 00:00:07
----------------------------------------

----------------------------------------
TRIAL 2 STARTED
----------------------------------------
Start Time: 2024-05-13 13:36:06
At time step 21 the agent is dead
The agent had 2 food, 0 water, and 11 sleep.
The total tree search depth for this trial was 4754. 
The agent accessed its memory 42198 times. 
The agent cleared its short-term memory 13 times. 
     State prediction error memory resets: 12. 
     Hill memory resets: 1. 
TRIAL 2 COMPLETE ✔
End Time: 2024-05-13 13:36:20
Total runtime for this trial (minutes/seconds): 00:14
----------------------------------------
Total hill visits: 2. 
Total prediction errors: 21. 
Total search depth: 6553. 
Total times memory accessed: 55836. 
Total times 25 >= t <= 50: 0. 
Total times 50 >= t <= 75: 0. 
Total times 75 >= t <= 100: 0. 
Total times t == 100: 0. 
Total time steps survived: 44. 
Total runtime so far (hours/minutes/seconds): 00:00:20
----------------------------------------

----------------------------------------
TRIAL 3 STARTED
----------------------------------------
Start Time: 2024-05-13 13:36:20
At time step 21 the agent is dead
The agent had 2 food, 0 water, and 5 sleep.
The total tree search depth for this trial was 4057. 
The agent accessed its memory 32828 times. 
The agent cleared its short-term memory 14 times. 
     State prediction error memory resets: 11. 
     Hill memory resets: 3. 
TRIAL 3 COMPLETE ✔
End Time: 2024-05-13 13:36:33
Total runtime for this trial (minutes/seconds): 00:13
----------------------------------------
Total hill visits: 5. 
Total prediction errors: 32. 
Total search depth: 10610. 
Total times memory accessed: 88664. 
Total times 25 >= t <= 50: 0. 
Total times 50 >= t <= 75: 0. 
Total times 75 >= t <= 100: 0. 
Total times t == 100: 0. 
Total time steps survived: 66. 
Total runtime so far (hours/minutes/seconds): 00:00:33
----------------------------------------

----------------------------------------
TRIAL 4 STARTED
----------------------------------------
Start Time: 2024-05-13 13:36:32
At time step 21 the agent is dead
The agent had 22 food, 0 water, and 5 sleep.
The total tree search depth for this trial was 5602. 
The agent accessed its memory 44272 times. 
The agent cleared its short-term memory 12 times. 
     State prediction error memory resets: 10. 
     Hill memory resets: 2. 
TRIAL 4 COMPLETE ✔
End Time: 2024-05-13 13:36:50
Total runtime for this trial (minutes/seconds): 00:18
----------------------------------------
Total hill visits: 7. 
Total prediction errors: 42. 
Total search depth: 16212. 
Total times memory accessed: 132936. 
Total times 25 >= t <= 50: 0. 
Total times 50 >= t <= 75: 0. 
Total times 75 >= t <= 100: 0. 
Total times t == 100: 0. 
Total time steps survived: 88. 
Total runtime so far (hours/minutes/seconds): 00:00:50
----------------------------------------

----------------------------------------
TRIAL 5 STARTED
----------------------------------------
Start Time: 2024-05-13 13:36:49
At time step 21 the agent is dead
The agent had 19 food, 0 water, and 5 sleep.
The total tree search depth for this trial was 4680. 
The agent accessed its memory 38468 times. 
The agent cleared its short-term memory 13 times. 
     State prediction error memory resets: 12. 
     Hill memory resets: 1. 
TRIAL 5 COMPLETE ✔
End Time: 2024-05-13 13:37:04
Total runtime for this trial (minutes/seconds): 00:15
----------------------------------------
Total hill visits: 8. 
Total prediction errors: 54. 
Total search depth: 20892. 
Total times memory accessed: 171404. 
Total times 25 >= t <= 50: 0. 
Total times 50 >= t <= 75: 0. 
Total times 75 >= t <= 100: 0. 
Total times t == 100: 0. 
Total time steps survived: 110. 
Total runtime so far (hours/minutes/seconds): 00:01:04
----------------------------------------

----------------------------------------
TRIAL 6 STARTED
----------------------------------------
Start Time: 2024-05-13 13:37:03
At time step 21 the agent is dead
The agent had 2 food, 0 water, and 5 sleep.
The total tree search depth for this trial was 3017. 
The agent accessed its memory 23161 times. 
The agent cleared its short-term memory 7 times. 
     State prediction error memory resets: 6. 
     Hill memory resets: 1. 
TRIAL 6 COMPLETE ✔
End Time: 2024-05-13 13:37:13
Total runtime for this trial (minutes/seconds): 00:10
----------------------------------------
Total hill visits: 9. 
Total prediction errors: 60. 
Total search depth: 23909. 
Total times memory accessed: 194565. 
Total times 25 >= t <= 50: 0. 
Total times 50 >= t <= 75: 0. 
Total times 75 >= t <= 100: 0. 
Total times t == 100: 0. 
Total time steps survived: 132. 
Total runtime so far (hours/minutes/seconds): 00:01:13
----------------------------------------

----------------------------------------
TRIAL 7 STARTED
----------------------------------------
Start Time: 2024-05-13 13:37:12
At time step 21 the agent is dead
The agent had 17 food, 0 water, and 5 sleep.
The total tree search depth for this trial was 3955. 
The agent accessed its memory 27515 times. 
The agent cleared its short-term memory 11 times. 
     State prediction error memory resets: 7. 
     Hill memory resets: 4. 
TRIAL 7 COMPLETE ✔
End Time: 2024-05-13 13:37:25
Total runtime for this trial (minutes/seconds): 00:13
----------------------------------------
Total hill visits: 13. 
Total prediction errors: 67. 
Total search depth: 27864. 
Total times memory accessed: 222080. 
Total times 25 >= t <= 50: 0. 
Total times 50 >= t <= 75: 0. 
Total times 75 >= t <= 100: 0. 
Total times t == 100: 0. 
Total time steps survived: 154. 
Total runtime so far (hours/minutes/seconds): 00:01:25
----------------------------------------

----------------------------------------
TRIAL 8 STARTED
----------------------------------------
Start Time: 2024-05-13 13:37:24
At time step 21 the agent is dead
The agent had 2 food, 0 water, and 5 sleep.
The total tree search depth for this trial was 2529. 
The agent accessed its memory 23054 times. 
The agent cleared its short-term memory 14 times. 
     State prediction error memory resets: 14. 
     Hill memory resets: 0. 
TRIAL 8 COMPLETE ✔
End Time: 2024-05-13 13:37:34
Total runtime for this trial (minutes/seconds): 00:10
----------------------------------------
Total hill visits: 13. 
Total prediction errors: 81. 
Total search depth: 30393. 
Total times memory accessed: 245134. 
Total times 25 >= t <= 50: 0. 
Total times 50 >= t <= 75: 0. 
Total times 75 >= t <= 100: 0. 
Total times t == 100: 0. 
Total time steps survived: 176. 
Total runtime so far (hours/minutes/seconds): 00:01:34
----------------------------------------

----------------------------------------
TRIAL 9 STARTED
----------------------------------------
Start Time: 2024-05-13 13:37:33
At time step 21 the agent is dead
The agent had 5 food, 0 water, and 5 sleep.
The total tree search depth for this trial was 5416. 
The agent accessed its memory 48486 times. 
The agent cleared its short-term memory 17 times. 
     State prediction error memory resets: 17. 
     Hill memory resets: 0. 
TRIAL 9 COMPLETE ✔
End Time: 2024-05-13 13:37:53
Total runtime for this trial (minutes/seconds): 00:20
----------------------------------------
Total hill visits: 13. 
Total prediction errors: 98. 
Total search depth: 35809. 
Total times memory accessed: 293620. 
Total times 25 >= t <= 50: 0. 
Total times 50 >= t <= 75: 0. 
Total times 75 >= t <= 100: 0. 
Total times t == 100: 0. 
Total time steps survived: 198. 
Total runtime so far (hours/minutes/seconds): 00:01:53
----------------------------------------

----------------------------------------
TRIAL 10 STARTED
----------------------------------------
Start Time: 2024-05-13 13:37:52
At time step 21 the agent is dead
The agent had 2 food, 0 water, and 5 sleep.
The total tree search depth for this trial was 2271. 
The agent accessed its memory 16725 times. 
The agent cleared its short-term memory 3 times. 
     State prediction error memory resets: 2. 
     Hill memory resets: 1. 
TRIAL 10 COMPLETE ✔
End Time: 2024-05-13 13:37:59
Total runtime for this trial (minutes/seconds): 00:07
----------------------------------------
Total hill visits: 14. 
Total prediction errors: 100. 
Total search depth: 38080. 
Total times memory accessed: 310345. 
Total times 25 >= t <= 50: 0. 
Total times 50 >= t <= 75: 0. 
Total times 75 >= t <= 100: 0. 
Total times t == 100: 0. 
Total time steps survived: 220. 
Total runtime so far (hours/minutes/seconds): 00:01:59
----------------------------------------

----------------------------------------
TRIAL 11 STARTED
----------------------------------------
Start Time: 2024-05-13 13:37:58
At time step 21 the agent is dead
The agent had 2 food, 0 water, and 5 sleep.
The total tree search depth for this trial was 3177. 
The agent accessed its memory 29664 times. 
The agent cleared its short-term memory 10 times. 
     State prediction error memory resets: 9. 
     Hill memory resets: 1. 
TRIAL 11 COMPLETE ✔
End Time: 2024-05-13 13:38:11
Total runtime for this trial (minutes/seconds): 00:13
----------------------------------------
Total hill visits: 15. 
Total prediction errors: 109. 
Total search depth: 41257. 
Total times memory accessed: 340009. 
Total times 25 >= t <= 50: 0. 
Total times 50 >= t <= 75: 0. 
Total times 75 >= t <= 100: 0. 
Total times t == 100: 0. 
Total time steps survived: 242. 
Total runtime so far (hours/minutes/seconds): 00:02:11
----------------------------------------

----------------------------------------
TRIAL 12 STARTED
----------------------------------------
Start Time: 2024-05-13 13:38:10
At time step 21 the agent is dead
The agent had 9 food, 0 water, and 5 sleep.
The total tree search depth for this trial was 11327. 
The agent accessed its memory 102757 times. 
The agent cleared its short-term memory 14 times. 
     State prediction error memory resets: 14. 
     Hill memory resets: 0. 
TRIAL 12 COMPLETE ✔
End Time: 2024-05-13 13:38:44
Total runtime for this trial (minutes/seconds): 00:34
----------------------------------------
Total hill visits: 15. 
Total prediction errors: 123. 
Total search depth: 52584. 
Total times memory accessed: 442766. 
Total times 25 >= t <= 50: 0. 
Total times 50 >= t <= 75: 0. 
Total times 75 >= t <= 100: 0. 
Total times t == 100: 0. 
Total time steps survived: 264. 
Total runtime so far (hours/minutes/seconds): 00:02:44
----------------------------------------

----------------------------------------
TRIAL 13 STARTED
----------------------------------------
Start Time: 2024-05-13 13:38:43
