Running Python script with ALGORITHM=SI and SEED=5
At time 31 the agent is dead.
The agent had: -1 food, 2 water, and 9 sleep.
The total tree search depth for this trial was 14389.
The agent accessed its memory 30364 times.
The agent cleared its short-term memory 8 times.
    State prediction error memory resets: 7.
    Hill memory resets: 1.
At time 22 the agent is dead.
The agent had: -1 food, 17 water, and 2 sleep.
The total tree search depth for this trial was 3610.
The agent accessed its memory 11818 times.
The agent cleared its short-term memory 0 times.
    State prediction error memory resets: 0.
    Hill memory resets: 0.
At time 20 the agent is dead.
The agent had: 1 food, -1 water, and 4 sleep.
The total tree search depth for this trial was 2746.
The agent accessed its memory 10249 times.
The agent cleared its short-term memory 9 times.
    State prediction error memory resets: 7.
    Hill memory resets: 2.
At time 20 the agent is dead.
The agent had: 1 food, -1 water, and 4 sleep.
The total tree search depth for this trial was 2152.
The agent accessed its memory 6424 times.
The agent cleared its short-term memory 0 times.
    State prediction error memory resets: 0.
    Hill memory resets: 0.
At time 20 the agent is dead.
The agent had: 1 food, -1 water, and 4 sleep.
The total tree search depth for this trial was 2046.
The agent accessed its memory 6421 times.
The agent cleared its short-term memory 0 times.
    State prediction error memory resets: 0.
    Hill memory resets: 0.
At time 39 the agent is dead.
The agent had: -1 food, 0 water, and 7 sleep.
The total tree search depth for this trial was 19214.
The agent accessed its memory 66863 times.
The agent cleared its short-term memory 3 times.
    State prediction error memory resets: 3.
    Hill memory resets: 0.
At time 22 the agent is dead.
The agent had: -1 food, 9 water, and 2 sleep.
The total tree search depth for this trial was 9240.
The agent accessed its memory 32149 times.
The agent cleared its short-term memory 0 times.
    State prediction error memory resets: 0.
    Hill memory resets: 0.
At time 25 the agent is dead.
The agent had: 11 food, 11 water, and -1 sleep.
The total tree search depth for this trial was 5691.
The agent accessed its memory 18261 times.
The agent cleared its short-term memory 8 times.
    State prediction error memory resets: 6.
    Hill memory resets: 2.
At time 20 the agent is dead.
The agent had: 1 food, -1 water, and 4 sleep.
The total tree search depth for this trial was 10757.
The agent accessed its memory 43166 times.
The agent cleared its short-term memory 3 times.
    State prediction error memory resets: 3.
    Hill memory resets: 0.
At time 20 the agent is dead.
The agent had: 1 food, -1 water, and 4 sleep.
The total tree search depth for this trial was 4510.
The agent accessed its memory 17162 times.
The agent cleared its short-term memory 13 times.
    State prediction error memory resets: 12.
    Hill memory resets: 1.
At time 22 the agent is dead.
The agent had: -1 food, 6 water, and 13 sleep.
The total tree search depth for this trial was 87496.
The agent accessed its memory 336169 times.
The agent cleared its short-term memory 15 times.
    State prediction error memory resets: 15.
    Hill memory resets: 0.
At time 20 the agent is dead.
The agent had: 1 food, -1 water, and 4 sleep.
The total tree search depth for this trial was 23933.
The agent accessed its memory 94968 times.
The agent cleared its short-term memory 8 times.
    State prediction error memory resets: 6.
    Hill memory resets: 2.
At time 20 the agent is dead.
The agent had: 1 food, -1 water, and 4 sleep.
The total tree search depth for this trial was 10654.
The agent accessed its memory 35190 times.
The agent cleared its short-term memory 13 times.
    State prediction error memory resets: 12.
    Hill memory resets: 1.
At time 20 the agent is dead.
The agent had: 1 food, -1 water, and 4 sleep.
The total tree search depth for this trial was 4762.
The agent accessed its memory 14684 times.
The agent cleared its short-term memory 3 times.
    State prediction error memory resets: 2.
    Hill memory resets: 1.
At time 20 the agent is dead.
The agent had: 7 food, -1 water, and 4 sleep.
The total tree search depth for this trial was 11737.
The agent accessed its memory 42322 times.
The agent cleared its short-term memory 13 times.
    State prediction error memory resets: 12.
    Hill memory resets: 1.
At time 20 the agent is dead.
The agent had: 1 food, -1 water, and 20 sleep.
The total tree search depth for this trial was 7537.
The agent accessed its memory 29630 times.
The agent cleared its short-term memory 11 times.
    State prediction error memory resets: 10.
    Hill memory resets: 1.
At time 20 the agent is dead.
The agent had: 1 food, -1 water, and 20 sleep.
The total tree search depth for this trial was 6541.
The agent accessed its memory 22362 times.
The agent cleared its short-term memory 12 times.
    State prediction error memory resets: 6.
    Hill memory resets: 6.
At time 22 the agent is dead.
The agent had: -1 food, 16 water, and 19 sleep.
The total tree search depth for this trial was 25646.
The agent accessed its memory 88162 times.
The agent cleared its short-term memory 5 times.
    State prediction error memory resets: 5.
    Hill memory resets: 0.
At time 91 the agent is dead.
The agent had: 0 food, -1 water, and 0 sleep.
The total tree search depth for this trial was 74362.
The agent accessed its memory 260896 times.
The agent cleared its short-term memory 15 times.
    State prediction error memory resets: 14.
    Hill memory resets: 1.
At time 22 the agent is dead.
The agent had: -1 food, 13 water, and 16 sleep.
The total tree search depth for this trial was 18153.
The agent accessed its memory 66292 times.
The agent cleared its short-term memory 7 times.
    State prediction error memory resets: 6.
    Hill memory resets: 1.
At time 20 the agent is dead.
The agent had: 1 food, -1 water, and 4 sleep.
The total tree search depth for this trial was 13464.
The agent accessed its memory 43546 times.
The agent cleared its short-term memory 10 times.
    State prediction error memory resets: 9.
    Hill memory resets: 1.
At time 25 the agent is dead.
The agent had: 17 food, 17 water, and -1 sleep.
The total tree search depth for this trial was 62015.
The agent accessed its memory 202463 times.
The agent cleared its short-term memory 7 times.
    State prediction error memory resets: 6.
    Hill memory resets: 1.
At time 42 the agent is dead.
The agent had: 2 food, -1 water, and 7 sleep.
The total tree search depth for this trial was 44450.
The agent accessed its memory 162838 times.
The agent cleared its short-term memory 9 times.
    State prediction error memory resets: 8.
    Hill memory resets: 1.
At time 20 the agent is dead.
The agent had: 12 food, -1 water, and 14 sleep.
The total tree search depth for this trial was 32077.
The agent accessed its memory 109875 times.
The agent cleared its short-term memory 3 times.
    State prediction error memory resets: 2.
    Hill memory resets: 1.
At time 22 the agent is dead.
The agent had: -1 food, 17 water, and 2 sleep.
The total tree search depth for this trial was 31387.
The agent accessed its memory 114813 times.
The agent cleared its short-term memory 5 times.
    State prediction error memory resets: 4.
    Hill memory resets: 1.
At time 52 the agent is dead.
The agent had: 19 food, -1 water, and 17 sleep.
The total tree search depth for this trial was 76352.
The agent accessed its memory 274898 times.
The agent cleared its short-term memory 8 times.
    State prediction error memory resets: 6.
    Hill memory resets: 2.
At time 25 the agent is dead.
The agent had: 15 food, 1 water, and -1 sleep.
The total tree search depth for this trial was 37737.
The agent accessed its memory 133429 times.
The agent cleared its short-term memory 8 times.
    State prediction error memory resets: 7.
    Hill memory resets: 1.
At time 20 the agent is dead.
The agent had: 1 food, -1 water, and 4 sleep.
The total tree search depth for this trial was 62289.
The agent accessed its memory 263424 times.
The agent cleared its short-term memory 9 times.
    State prediction error memory resets: 8.
    Hill memory resets: 1.
At time 78 the agent is dead.
The agent had: 1 food, 0 water, and -1 sleep.
The total tree search depth for this trial was 67021.
The agent accessed its memory 220879 times.
The agent cleared its short-term memory 10 times.
    State prediction error memory resets: 9.
    Hill memory resets: 1.
At time 22 the agent is dead.
The agent had: -1 food, 6 water, and 2 sleep.
The total tree search depth for this trial was 78520.
The agent accessed its memory 298791 times.
The agent cleared its short-term memory 12 times.
    State prediction error memory resets: 11.
    Hill memory resets: 1.
At time 20 the agent is dead.
The agent had: 7 food, -1 water, and 17 sleep.
The total tree search depth for this trial was 97677.
The agent accessed its memory 412881 times.
The agent cleared its short-term memory 16 times.
    State prediction error memory resets: 15.
    Hill memory resets: 1.
At time 72 the agent is dead.
The agent had: 2 food, -1 water, and 2 sleep.
The total tree search depth for this trial was 63722.
The agent accessed its memory 234641 times.
The agent cleared its short-term memory 11 times.
    State prediction error memory resets: 9.
    Hill memory resets: 2.
At time 50 the agent is dead.
The agent had: 2 food, -1 water, and 6 sleep.
The total tree search depth for this trial was 34259.
The agent accessed its memory 111326 times.
The agent cleared its short-term memory 5 times.
    State prediction error memory resets: 4.
    Hill memory resets: 1.
At time 22 the agent is dead.
The agent had: -1 food, 16 water, and 11 sleep.
The total tree search depth for this trial was 32887.
The agent accessed its memory 112276 times.
The agent cleared its short-term memory 4 times.
    State prediction error memory resets: 3.
    Hill memory resets: 1.
At time 25 the agent is dead.
The agent had: 6 food, 1 water, and -1 sleep.
The total tree search depth for this trial was 25553.
The agent accessed its memory 85007 times.
The agent cleared its short-term memory 6 times.
    State prediction error memory resets: 5.
    Hill memory resets: 1.
At time 22 the agent is dead.
The agent had: -1 food, 16 water, and 8 sleep.
The total tree search depth for this trial was 28988.
The agent accessed its memory 98809 times.
The agent cleared its short-term memory 4 times.
    State prediction error memory resets: 3.
    Hill memory resets: 1.
At time 20 the agent is dead.
The agent had: 1 food, -1 water, and 4 sleep.
The total tree search depth for this trial was 17703.
The agent accessed its memory 57279 times.
The agent cleared its short-term memory 3 times.
    State prediction error memory resets: 2.
    Hill memory resets: 1.
At time 29 the agent is dead.
The agent had: 3 food, -1 water, and 9 sleep.
The total tree search depth for this trial was 44591.
The agent accessed its memory 154884 times.
The agent cleared its short-term memory 12 times.
    State prediction error memory resets: 11.
    Hill memory resets: 1.
At time 20 the agent is dead.
The agent had: 8 food, -1 water, and 4 sleep.
The total tree search depth for this trial was 48958.
The agent accessed its memory 180809 times.
The agent cleared its short-term memory 9 times.
    State prediction error memory resets: 8.
    Hill memory resets: 1.
At time 76 the agent is dead.
The agent had: -1 food, -1 water, and 13 sleep.
The total tree search depth for this trial was 203619.
The agent accessed its memory 743951 times.
The agent cleared its short-term memory 16 times.
    State prediction error memory resets: 12.
    Hill memory resets: 4.
At time 25 the agent is dead.
The agent had: 14 food, 14 water, and -1 sleep.
The total tree search depth for this trial was 26538.
The agent accessed its memory 88816 times.
The agent cleared its short-term memory 4 times.
    State prediction error memory resets: 3.
    Hill memory resets: 1.
At time 25 the agent is dead.
The agent had: 7 food, 10 water, and -1 sleep.
The total tree search depth for this trial was 92847.
The agent accessed its memory 336726 times.
The agent cleared its short-term memory 10 times.
    State prediction error memory resets: 9.
    Hill memory resets: 1.
At time 25 the agent is dead.
The agent had: 9 food, 9 water, and -1 sleep.
The total tree search depth for this trial was 70815.
The agent accessed its memory 252082 times.
The agent cleared its short-term memory 6 times.
    State prediction error memory resets: 5.
    Hill memory resets: 1.
At time 25 the agent is dead.
The agent had: 17 food, 5 water, and -1 sleep.
The total tree search depth for this trial was 52398.
The agent accessed its memory 183027 times.
The agent cleared its short-term memory 8 times.
    State prediction error memory resets: 6.
    Hill memory resets: 2.
At time 31 the agent is dead.
The agent had: 4 food, -1 water, and 1 sleep.
The total tree search depth for this trial was 111820.
The agent accessed its memory 400492 times.
The agent cleared its short-term memory 10 times.
    State prediction error memory resets: 9.
    Hill memory resets: 1.
At time 20 the agent is dead.
The agent had: 1 food, -1 water, and 10 sleep.
The total tree search depth for this trial was 29211.
The agent accessed its memory 101950 times.
The agent cleared its short-term memory 7 times.
    State prediction error memory resets: 6.
    Hill memory resets: 1.
At time 51 the agent is dead.
The agent had: 3 food, 9 water, and -1 sleep.
The total tree search depth for this trial was 112215.
The agent accessed its memory 397621 times.
The agent cleared its short-term memory 14 times.
    State prediction error memory resets: 12.
    Hill memory resets: 2.
At time 87 the agent is dead.
The agent had: 4 food, -1 water, and 0 sleep.
The total tree search depth for this trial was 165884.
The agent accessed its memory 601644 times.
The agent cleared its short-term memory 15 times.
    State prediction error memory resets: 14.
    Hill memory resets: 1.
At time 53 the agent is dead.
The agent had: -1 food, 6 water, and -1 sleep.
The total tree search depth for this trial was 81515.
The agent accessed its memory 288490 times.
The agent cleared its short-term memory 14 times.
    State prediction error memory resets: 12.
    Hill memory resets: 2.
At time 48 the agent is dead.
The agent had: 8 food, -1 water, and 10 sleep.
The total tree search depth for this trial was 51921.
The agent accessed its memory 173127 times.
The agent cleared its short-term memory 5 times.
    State prediction error memory resets: 4.
    Hill memory resets: 1.
At time 71 the agent is dead.
The agent had: 3 food, -1 water, and 2 sleep.
The total tree search depth for this trial was 114914.
The agent accessed its memory 360378 times.
The agent cleared its short-term memory 7 times.
    State prediction error memory resets: 6.
    Hill memory resets: 1.
At time 20 the agent is dead.
The agent had: 1 food, -1 water, and 10 sleep.
The total tree search depth for this trial was 80277.
The agent accessed its memory 259897 times.
The agent cleared its short-term memory 5 times.
    State prediction error memory resets: 4.
    Hill memory resets: 1.
At time 66 the agent is dead.
The agent had: 3 food, -1 water, and 2 sleep.
The total tree search depth for this trial was 118925.
The agent accessed its memory 386517 times.
The agent cleared its short-term memory 11 times.
    State prediction error memory resets: 10.
    Hill memory resets: 1.
At time 25 the agent is dead.
The agent had: 6 food, 2 water, and -1 sleep.
The total tree search depth for this trial was 151282.
The agent accessed its memory 543876 times.
The agent cleared its short-term memory 13 times.
    State prediction error memory resets: 12.
    Hill memory resets: 1.
At time 61 the agent is dead.
The agent had: -1 food, 3 water, and 7 sleep.
The total tree search depth for this trial was 146977.
The agent accessed its memory 496944 times.
The agent cleared its short-term memory 12 times.
    State prediction error memory resets: 10.
    Hill memory resets: 2.
At time 66 the agent is dead.
The agent had: 8 food, -1 water, and 21 sleep.
The total tree search depth for this trial was 104935.
The agent accessed its memory 355703 times.
The agent cleared its short-term memory 12 times.
    State prediction error memory resets: 10.
    Hill memory resets: 2.
At time 25 the agent is dead.
The agent had: 14 food, 17 water, and -1 sleep.
The total tree search depth for this trial was 47785.
The agent accessed its memory 160019 times.
The agent cleared its short-term memory 2 times.
    State prediction error memory resets: 0.
    Hill memory resets: 2.
At time 25 the agent is dead.
The agent had: 5 food, 1 water, and -1 sleep.
The total tree search depth for this trial was 69752.
The agent accessed its memory 238488 times.
The agent cleared its short-term memory 6 times.
    State prediction error memory resets: 5.
    Hill memory resets: 1.
At time 84 the agent is dead.
The agent had: 2 food, -1 water, and 2 sleep.
The total tree search depth for this trial was 215479.
The agent accessed its memory 756888 times.
The agent cleared its short-term memory 13 times.
    State prediction error memory resets: 10.
    Hill memory resets: 3.
At time 20 the agent is dead.
The agent had: 1 food, -1 water, and 4 sleep.
The total tree search depth for this trial was 30843.
The agent accessed its memory 101047 times.
The agent cleared its short-term memory 6 times.
    State prediction error memory resets: 5.
    Hill memory resets: 1.
At time 70 the agent is dead.
The agent had: -1 food, 3 water, and 7 sleep.
The total tree search depth for this trial was 116466.
The agent accessed its memory 371627 times.
The agent cleared its short-term memory 8 times.
    State prediction error memory resets: 6.
    Hill memory resets: 2.
At time 77 the agent is dead.
The agent had: 5 food, -1 water, and 1 sleep.
The total tree search depth for this trial was 71398.
The agent accessed its memory 226805 times.
The agent cleared its short-term memory 5 times.
    State prediction error memory resets: 4.
    Hill memory resets: 1.
At time 48 the agent is dead.
The agent had: 12 food, 12 water, and -1 sleep.
The total tree search depth for this trial was 273966.
The agent accessed its memory 928138 times.
The agent cleared its short-term memory 19 times.
    State prediction error memory resets: 18.
    Hill memory resets: 1.
At time 52 the agent is dead.
The agent had: 8 food, -1 water, and 12 sleep.
The total tree search depth for this trial was 109061.
The agent accessed its memory 375208 times.
The agent cleared its short-term memory 7 times.
    State prediction error memory resets: 6.
    Hill memory resets: 1.
At time 31 the agent is dead.
The agent had: -1 food, 7 water, and 13 sleep.
The total tree search depth for this trial was 89968.
The agent accessed its memory 301942 times.
The agent cleared its short-term memory 8 times.
    State prediction error memory resets: 6.
    Hill memory resets: 2.
At time 80 the agent is dead.
The agent had: 0 food, 6 water, and -1 sleep.
The total tree search depth for this trial was 240125.
The agent accessed its memory 810078 times.
The agent cleared its short-term memory 14 times.
    State prediction error memory resets: 11.
    Hill memory resets: 3.
At time 57 the agent is dead.
The agent had: -1 food, -1 water, and 9 sleep.
The total tree search depth for this trial was 103413.
The agent accessed its memory 343898 times.
The agent cleared its short-term memory 11 times.
    State prediction error memory resets: 9.
    Hill memory resets: 2.
At time 29 the agent is dead.
The agent had: -1 food, 1 water, and 5 sleep.
The total tree search depth for this trial was 56644.
The agent accessed its memory 176471 times.
The agent cleared its short-term memory 4 times.
    State prediction error memory resets: 3.
    Hill memory resets: 1.
At time 37 the agent is dead.
The agent had: 18 food, -1 water, and 10 sleep.
The total tree search depth for this trial was 112461.
The agent accessed its memory 342010 times.
The agent cleared its short-term memory 7 times.
    State prediction error memory resets: 6.
    Hill memory resets: 1.
At time 20 the agent is dead.
The agent had: 1 food, -1 water, and 4 sleep.
The total tree search depth for this trial was 72372.
The agent accessed its memory 253354 times.
The agent cleared its short-term memory 7 times.
    State prediction error memory resets: 6.
    Hill memory resets: 1.
At time 60 the agent is dead.
The agent had: -1 food, -1 water, and 8 sleep.
The total tree search depth for this trial was 104162.
The agent accessed its memory 341239 times.
The agent cleared its short-term memory 12 times.
    State prediction error memory resets: 11.
    Hill memory resets: 1.
At time 20 the agent is dead.
The agent had: 1 food, -1 water, and 11 sleep.
The total tree search depth for this trial was 75171.
The agent accessed its memory 243001 times.
The agent cleared its short-term memory 5 times.
    State prediction error memory resets: 4.
    Hill memory resets: 1.
At time 20 the agent is dead.
The agent had: 1 food, -1 water, and 10 sleep.
The total tree search depth for this trial was 54015.
The agent accessed its memory 188636 times.
The agent cleared its short-term memory 3 times.
    State prediction error memory resets: 2.
    Hill memory resets: 1.
At time 42 the agent is dead.
The agent had: 3 food, -1 water, and 2 sleep.
The total tree search depth for this trial was 79646.
The agent accessed its memory 256595 times.
The agent cleared its short-term memory 7 times.
    State prediction error memory resets: 6.
    Hill memory resets: 1.
At time 94 the agent is dead.
The agent had: 18 food, 13 water, and -1 sleep.
The total tree search depth for this trial was 220827.
The agent accessed its memory 699091 times.
The agent cleared its short-term memory 14 times.
    State prediction error memory resets: 12.
    Hill memory resets: 2.
At time 25 the agent is dead.
The agent had: 6 food, 1 water, and -1 sleep.
The total tree search depth for this trial was 93528.
The agent accessed its memory 335082 times.
The agent cleared its short-term memory 7 times.
    State prediction error memory resets: 6.
    Hill memory resets: 1.
At time 25 the agent is dead.
The agent had: 19 food, 12 water, and -1 sleep.
The total tree search depth for this trial was 82595.
The agent accessed its memory 264341 times.
The agent cleared its short-term memory 4 times.
    State prediction error memory resets: 3.
    Hill memory resets: 1.
At time 70 the agent is dead.
The agent had: -1 food, 6 water, and 10 sleep.
The total tree search depth for this trial was 169776.
The agent accessed its memory 547505 times.
The agent cleared its short-term memory 12 times.
    State prediction error memory resets: 10.
    Hill memory resets: 2.
At time 76 the agent is dead.
The agent had: 4 food, -1 water, and 6 sleep.
The total tree search depth for this trial was 63542.
The agent accessed its memory 188100 times.
The agent cleared its short-term memory 9 times.
    State prediction error memory resets: 8.
    Hill memory resets: 1.
At time 70 the agent is dead.
The agent had: 9 food, -1 water, and 11 sleep.
The total tree search depth for this trial was 293018.
The agent accessed its memory 946679 times.
The agent cleared its short-term memory 12 times.
    State prediction error memory resets: 11.
    Hill memory resets: 1.
At time 25 the agent is dead.
The agent had: 18 food, 11 water, and -1 sleep.
The total tree search depth for this trial was 72691.
The agent accessed its memory 234946 times.
The agent cleared its short-term memory 5 times.
    State prediction error memory resets: 4.
    Hill memory resets: 1.
At time 45 the agent is dead.
The agent had: 7 food, -1 water, and 3 sleep.
The total tree search depth for this trial was 134991.
The agent accessed its memory 458579 times.
The agent cleared its short-term memory 7 times.
    State prediction error memory resets: 6.
    Hill memory resets: 1.
At time 65 the agent is dead.
The agent had: -1 food, -1 water, and 6 sleep.
The total tree search depth for this trial was 156469.
The agent accessed its memory 502822 times.
The agent cleared its short-term memory 10 times.
    State prediction error memory resets: 8.
    Hill memory resets: 2.
At time 77 the agent is dead.
The agent had: 2 food, -1 water, and 6 sleep.
The total tree search depth for this trial was 81214.
The agent accessed its memory 243385 times.
The agent cleared its short-term memory 9 times.
    State prediction error memory resets: 8.
    Hill memory resets: 1.
At time 20 the agent is dead.
The agent had: 8 food, -1 water, and 4 sleep.
The total tree search depth for this trial was 80556.
The agent accessed its memory 277254 times.
The agent cleared its short-term memory 6 times.
    State prediction error memory resets: 5.
    Hill memory resets: 1.
At time 25 the agent is dead.
The agent had: 18 food, 11 water, and -1 sleep.
The total tree search depth for this trial was 41992.
The agent accessed its memory 126535 times.
The agent cleared its short-term memory 3 times.
    State prediction error memory resets: 2.
    Hill memory resets: 1.
At time 52 the agent is dead.
The agent had: 13 food, 9 water, and -1 sleep.
The total tree search depth for this trial was 204154.
The agent accessed its memory 649880 times.
The agent cleared its short-term memory 12 times.
    State prediction error memory resets: 11.
    Hill memory resets: 1.
At time 25 the agent is dead.
The agent had: 13 food, 13 water, and -1 sleep.
The total tree search depth for this trial was 137793.
The agent accessed its memory 457548 times.
The agent cleared its short-term memory 10 times.
    State prediction error memory resets: 8.
    Hill memory resets: 2.
At time 90 the agent is dead.
The agent had: 17 food, 9 water, and -1 sleep.
The total tree search depth for this trial was 174774.
The agent accessed its memory 525116 times.
The agent cleared its short-term memory 13 times.
    State prediction error memory resets: 11.
    Hill memory resets: 2.
At time 49 the agent is dead.
The agent had: 5 food, -1 water, and 7 sleep.
The total tree search depth for this trial was 185934.
The agent accessed its memory 623409 times.
The agent cleared its short-term memory 15 times.
    State prediction error memory resets: 10.
    Hill memory resets: 5.
At time 54 the agent is dead.
The agent had: -1 food, 9 water, and 12 sleep.
The total tree search depth for this trial was 153709.
The agent accessed its memory 495480 times.
The agent cleared its short-term memory 8 times.
    State prediction error memory resets: 6.
    Hill memory resets: 2.
At time 73 the agent is dead.
The agent had: 13 food, 15 water, and -1 sleep.
The total tree search depth for this trial was 200159.
The agent accessed its memory 631330 times.
The agent cleared its short-term memory 9 times.
    State prediction error memory resets: 7.
    Hill memory resets: 2.
At time 48 the agent is dead.
The agent had: 11 food, 16 water, and -1 sleep.
The total tree search depth for this trial was 180773.
The agent accessed its memory 575076 times.
The agent cleared its short-term memory 13 times.
    State prediction error memory resets: 11.
    Hill memory resets: 2.
At time 62 the agent is dead.
The agent had: 3 food, -1 water, and 16 sleep.
The total tree search depth for this trial was 152367.
The agent accessed its memory 490385 times.
The agent cleared its short-term memory 10 times.
    State prediction error memory resets: 8.
    Hill memory resets: 2.
At time 80 the agent is dead.
The agent had: -1 food, 3 water, and 18 sleep.
The total tree search depth for this trial was 224003.
The agent accessed its memory 700629 times.
The agent cleared its short-term memory 12 times.
    State prediction error memory resets: 10.
    Hill memory resets: 2.
At time 78 the agent is dead.
The agent had: -1 food, 5 water, and 9 sleep.
The total tree search depth for this trial was 263914.
The agent accessed its memory 837801 times.
The agent cleared its short-term memory 15 times.
    State prediction error memory resets: 13.
    Hill memory resets: 2.
At time 20 the agent is dead.
The agent had: 9 food, -1 water, and 4 sleep.
The total tree search depth for this trial was 100404.
The agent accessed its memory 316308 times.
The agent cleared its short-term memory 6 times.
    State prediction error memory resets: 5.
    Hill memory resets: 1.
At time 25 the agent is dead.
The agent had: 5 food, 1 water, and -1 sleep.
The total tree search depth for this trial was 72322.
The agent accessed its memory 258941 times.
The agent cleared its short-term memory 6 times.
    State prediction error memory resets: 5.
    Hill memory resets: 1.
At time 25 the agent is dead.
The agent had: 18 food, 11 water, and -1 sleep.
The total tree search depth for this trial was 71724.
The agent accessed its memory 209688 times.
The agent cleared its short-term memory 4 times.
    State prediction error memory resets: 3.
    Hill memory resets: 1.
At time 38 the agent is dead.
The agent had: 7 food, -1 water, and 16 sleep.
The total tree search depth for this trial was 170988.
The agent accessed its memory 537441 times.
The agent cleared its short-term memory 8 times.
    State prediction error memory resets: 7.
    Hill memory resets: 1.
At time 20 the agent is dead.
The agent had: 1 food, -1 water, and 11 sleep.
The total tree search depth for this trial was 26437.
The agent accessed its memory 84947 times.
The agent cleared its short-term memory 4 times.
    State prediction error memory resets: 3.
    Hill memory resets: 1.
At time 22 the agent is dead.
The agent had: -1 food, 10 water, and 13 sleep.
The total tree search depth for this trial was 36697.
The agent accessed its memory 117850 times.
The agent cleared its short-term memory 3 times.
    State prediction error memory resets: 2.
    Hill memory resets: 1.
At time 25 the agent is dead.
The agent had: 18 food, 11 water, and -1 sleep.
The total tree search depth for this trial was 42678.
The agent accessed its memory 122852 times.
The agent cleared its short-term memory 1 times.
    State prediction error memory resets: 0.
    Hill memory resets: 1.
At time 49 the agent is dead.
The agent had: -1 food, 7 water, and 9 sleep.
The total tree search depth for this trial was 135512.
The agent accessed its memory 429722 times.
The agent cleared its short-term memory 8 times.
    State prediction error memory resets: 7.
    Hill memory resets: 1.
At time 20 the agent is dead.
The agent had: 8 food, -1 water, and 12 sleep.
The total tree search depth for this trial was 70684.
The agent accessed its memory 199819 times.
The agent cleared its short-term memory 4 times.
    State prediction error memory resets: 3.
    Hill memory resets: 1.
At time 30 the agent is dead.
The agent had: 3 food, -1 water, and 1 sleep.
The total tree search depth for this trial was 50554.
The agent accessed its memory 166314 times.
The agent cleared its short-term memory 4 times.
    State prediction error memory resets: 3.
    Hill memory resets: 1.
At time 25 the agent is dead.
The agent had: 13 food, 16 water, and -1 sleep.
The total tree search depth for this trial was 73240.
The agent accessed its memory 226827 times.
The agent cleared its short-term memory 5 times.
    State prediction error memory resets: 4.
    Hill memory resets: 1.
