Running main with ALGORITHM=SI, SEED=25, HORIZON=2, K_FACTOR=0.7, ROOT_FOLDER=/home/grmstj001, MCT=3, NUM_MCT=100, AUTO_REST=

                            < M A T L A B (R) >
                  Copyright 1984-2024 The MathWorks, Inc.
                  R2024a (24.1.0.2537033) 64-bit (glnxa64)
                             February 21, 2024

 
To get started, type doc.
For product information, visit www.mathworks.com.
 
Algorithm: SI
Seed: 25
Horizon: 2
K-factor: 0.70
Root folder: /home/grmstj001
MCT: 3
Number of MCT: 100
Auto restore: 0
Results file name: 

ans = 

  struct with fields:

     Type: 'twister'
     Seed: 25
    State: [625x1 uint32]


----------------------------------------
TRIAL 1 STARTED
----------------------------------------
Start Time: 2024-05-13 13:29:47
At time step 21 the agent is dead
The agent had 2 food, 0 water, and 5 sleep.
The total tree search depth for this trial was 1395. 
The agent accessed its memory 10741 times. 
The agent cleared its short-term memory 12 times. 
     State prediction error memory resets: 9. 
     Hill memory resets: 3. 
TRIAL 1 COMPLETE ✔
End Time: 2024-05-13 13:29:53
Total runtime for this trial (minutes/seconds): 00:06
----------------------------------------
Total hill visits: 3. 
Total prediction errors: 9. 
Total search depth: 1395. 
Total times memory accessed: 10741. 
Total times 25 >= t <= 50: 0. 
Total times 50 >= t <= 75: 0. 
Total times 75 >= t <= 100: 0. 
Total times t == 100: 0. 
Total time steps survived: 22. 
Total runtime so far (hours/minutes/seconds): 00:00:06
----------------------------------------

----------------------------------------
TRIAL 2 STARTED
----------------------------------------
Start Time: 2024-05-13 13:29:53
At time step 21 the agent is dead
The agent had 2 food, 0 water, and 5 sleep.
The total tree search depth for this trial was 1663. 
The agent accessed its memory 24729 times. 
The agent cleared its short-term memory 6 times. 
     State prediction error memory resets: 5. 
     Hill memory resets: 1. 
TRIAL 2 COMPLETE ✔
End Time: 2024-05-13 13:29:58
Total runtime for this trial (minutes/seconds): 00:05
----------------------------------------
Total hill visits: 4. 
Total prediction errors: 14. 
Total search depth: 3058. 
Total times memory accessed: 35470. 
Total times 25 >= t <= 50: 0. 
Total times 50 >= t <= 75: 0. 
Total times 75 >= t <= 100: 0. 
Total times t == 100: 0. 
Total time steps survived: 44. 
Total runtime so far (hours/minutes/seconds): 00:00:11
----------------------------------------

----------------------------------------
TRIAL 3 STARTED
----------------------------------------
Start Time: 2024-05-13 13:29:57
At time step 21 the agent is dead
The agent had 14 food, 0 water, and 5 sleep.
The total tree search depth for this trial was 3950. 
The agent accessed its memory 58886 times. 
The agent cleared its short-term memory 0 times. 
     State prediction error memory resets: 0. 
     Hill memory resets: 0. 
TRIAL 3 COMPLETE ✔
End Time: 2024-05-13 13:30:02
Total runtime for this trial (minutes/seconds): 00:05
----------------------------------------
Total hill visits: 4. 
Total prediction errors: 14. 
Total search depth: 7008. 
Total times memory accessed: 94356. 
Total times 25 >= t <= 50: 0. 
Total times 50 >= t <= 75: 0. 
Total times 75 >= t <= 100: 0. 
Total times t == 100: 0. 
Total time steps survived: 66. 
Total runtime so far (hours/minutes/seconds): 00:00:15
----------------------------------------

----------------------------------------
TRIAL 4 STARTED
----------------------------------------
Start Time: 2024-05-13 13:30:01
At time step 21 the agent is dead
The agent had 2 food, 0 water, and 5 sleep.
The total tree search depth for this trial was 2175. 
The agent accessed its memory 34646 times. 
The agent cleared its short-term memory 5 times. 
     State prediction error memory resets: 5. 
     Hill memory resets: 0. 
TRIAL 4 COMPLETE ✔
End Time: 2024-05-13 13:30:05
Total runtime for this trial (minutes/seconds): 00:04
----------------------------------------
Total hill visits: 4. 
Total prediction errors: 19. 
Total search depth: 9183. 
Total times memory accessed: 129002. 
Total times 25 >= t <= 50: 0. 
Total times 50 >= t <= 75: 0. 
Total times 75 >= t <= 100: 0. 
Total times t == 100: 0. 
Total time steps survived: 88. 
Total runtime so far (hours/minutes/seconds): 00:00:18
----------------------------------------

----------------------------------------
TRIAL 5 STARTED
----------------------------------------
Start Time: 2024-05-13 13:30:04
At time step 21 the agent is dead
The agent had 2 food, 0 water, and 5 sleep.
The total tree search depth for this trial was 1872. 
The agent accessed its memory 32428 times. 
The agent cleared its short-term memory 0 times. 
     State prediction error memory resets: 0. 
     Hill memory resets: 0. 
TRIAL 5 COMPLETE ✔
End Time: 2024-05-13 13:30:08
Total runtime for this trial (minutes/seconds): 00:04
----------------------------------------
Total hill visits: 4. 
Total prediction errors: 19. 
Total search depth: 11055. 
Total times memory accessed: 161430. 
Total times 25 >= t <= 50: 0. 
Total times 50 >= t <= 75: 0. 
Total times 75 >= t <= 100: 0. 
Total times t == 100: 0. 
Total time steps survived: 110. 
Total runtime so far (hours/minutes/seconds): 00:00:21
----------------------------------------

----------------------------------------
TRIAL 6 STARTED
----------------------------------------
Start Time: 2024-05-13 13:30:07
At time step 21 the agent is dead
The agent had 2 food, 0 water, and 5 sleep.
The total tree search depth for this trial was 1892. 
The agent accessed its memory 32043 times. 
The agent cleared its short-term memory 0 times. 
     State prediction error memory resets: 0. 
     Hill memory resets: 0. 
TRIAL 6 COMPLETE ✔
End Time: 2024-05-13 13:30:10
Total runtime for this trial (minutes/seconds): 00:03
----------------------------------------
Total hill visits: 4. 
Total prediction errors: 19. 
Total search depth: 12947. 
Total times memory accessed: 193473. 
Total times 25 >= t <= 50: 0. 
Total times 50 >= t <= 75: 0. 
Total times 75 >= t <= 100: 0. 
Total times t == 100: 0. 
Total time steps survived: 132. 
Total runtime so far (hours/minutes/seconds): 00:00:23
----------------------------------------

----------------------------------------
TRIAL 7 STARTED
----------------------------------------
Start Time: 2024-05-13 13:30:09
At time step 26 the agent is dead
The agent had 19 food, 15 water, and 0 sleep.
The total tree search depth for this trial was 9184. 
The agent accessed its memory 82206 times. 
The agent cleared its short-term memory 14 times. 
     State prediction error memory resets: 13. 
     Hill memory resets: 1. 
TRIAL 7 COMPLETE ✔
End Time: 2024-05-13 13:30:23
Total runtime for this trial (minutes/seconds): 00:14
----------------------------------------
Total hill visits: 5. 
Total prediction errors: 32. 
Total search depth: 22131. 
Total times memory accessed: 275679. 
Total times 25 >= t <= 50: 1. 
Total times 50 >= t <= 75: 0. 
Total times 75 >= t <= 100: 0. 
Total times t == 100: 0. 
Total time steps survived: 159. 
Total runtime so far (hours/minutes/seconds): 00:00:36
----------------------------------------

----------------------------------------
TRIAL 8 STARTED
----------------------------------------
Start Time: 2024-05-13 13:30:22
At time step 21 the agent is dead
The agent had 2 food, 0 water, and 17 sleep.
The total tree search depth for this trial was 7331. 
The agent accessed its memory 67609 times. 
The agent cleared its short-term memory 14 times. 
     State prediction error memory resets: 12. 
     Hill memory resets: 2. 
TRIAL 8 COMPLETE ✔
End Time: 2024-05-13 13:30:34
Total runtime for this trial (minutes/seconds): 00:12
----------------------------------------
Total hill visits: 7. 
Total prediction errors: 44. 
Total search depth: 29462. 
Total times memory accessed: 343288. 
Total times 25 >= t <= 50: 1. 
Total times 50 >= t <= 75: 0. 
Total times 75 >= t <= 100: 0. 
Total times t == 100: 0. 
Total time steps survived: 181. 
Total runtime so far (hours/minutes/seconds): 00:00:47
----------------------------------------

----------------------------------------
TRIAL 9 STARTED
----------------------------------------
Start Time: 2024-05-13 13:30:33
At time step 26 the agent is dead
The agent had 12 food, 8 water, and 0 sleep.
The total tree search depth for this trial was 23275. 
The agent accessed its memory 192751 times. 
The agent cleared its short-term memory 13 times. 
     State prediction error memory resets: 12. 
     Hill memory resets: 1. 
TRIAL 9 COMPLETE ✔
End Time: 2024-05-13 13:31:00
Total runtime for this trial (minutes/seconds): 00:27
----------------------------------------
Total hill visits: 8. 
Total prediction errors: 56. 
Total search depth: 52737. 
Total times memory accessed: 536039. 
Total times 25 >= t <= 50: 2. 
Total times 50 >= t <= 75: 0. 
Total times 75 >= t <= 100: 0. 
Total times t == 100: 0. 
Total time steps survived: 208. 
Total runtime so far (hours/minutes/seconds): 00:01:13
----------------------------------------

----------------------------------------
TRIAL 10 STARTED
----------------------------------------
Start Time: 2024-05-13 13:30:59
At time step 21 the agent is dead
The agent had 2 food, 0 water, and 25 sleep.
The total tree search depth for this trial was 7841. 
The agent accessed its memory 82060 times. 
The agent cleared its short-term memory 14 times. 
     State prediction error memory resets: 12. 
     Hill memory resets: 2. 
TRIAL 10 COMPLETE ✔
End Time: 2024-05-13 13:31:11
Total runtime for this trial (minutes/seconds): 00:12
----------------------------------------
Total hill visits: 10. 
Total prediction errors: 68. 
Total search depth: 60578. 
Total times memory accessed: 618099. 
Total times 25 >= t <= 50: 2. 
Total times 50 >= t <= 75: 0. 
Total times 75 >= t <= 100: 0. 
Total times t == 100: 0. 
Total time steps survived: 230. 
Total runtime so far (hours/minutes/seconds): 00:01:24
----------------------------------------

----------------------------------------
TRIAL 11 STARTED
----------------------------------------
Start Time: 2024-05-13 13:31:10
At time step 41 the agent is dead
The agent had 4 food, 0 water, and 0 sleep.
The total tree search depth for this trial was 29685. 
The agent accessed its memory 265939 times. 
The agent cleared its short-term memory 24 times. 
     State prediction error memory resets: 24. 
     Hill memory resets: 0. 
TRIAL 11 COMPLETE ✔
End Time: 2024-05-13 13:31:53
Total runtime for this trial (minutes/seconds): 00:43
----------------------------------------
Total hill visits: 10. 
Total prediction errors: 92. 
Total search depth: 90263. 
Total times memory accessed: 884038. 
Total times 25 >= t <= 50: 3. 
Total times 50 >= t <= 75: 0. 
Total times 75 >= t <= 100: 0. 
Total times t == 100: 0. 
Total time steps survived: 272. 
Total runtime so far (hours/minutes/seconds): 00:02:06
----------------------------------------

----------------------------------------
TRIAL 12 STARTED
----------------------------------------
Start Time: 2024-05-13 13:31:52
At time step 21 the agent is dead
The agent had 2 food, 0 water, and 5 sleep.
The total tree search depth for this trial was 9550. 
The agent accessed its memory 95388 times. 
The agent cleared its short-term memory 12 times. 
     State prediction error memory resets: 10. 
     Hill memory resets: 2. 
TRIAL 12 COMPLETE ✔
End Time: 2024-05-13 13:32:07
Total runtime for this trial (minutes/seconds): 00:15
----------------------------------------
Total hill visits: 12. 
Total prediction errors: 102. 
Total search depth: 99813. 
Total times memory accessed: 979426. 
Total times 25 >= t <= 50: 3. 
Total times 50 >= t <= 75: 0. 
Total times 75 >= t <= 100: 0. 
Total times t == 100: 0. 
Total time steps survived: 294. 
Total runtime so far (hours/minutes/seconds): 00:02:20
----------------------------------------

----------------------------------------
TRIAL 13 STARTED
----------------------------------------
Start Time: 2024-05-13 13:32:06
At time step 25 the agent is dead
The agent had 0 food, 0 water, and 1 sleep.
The total tree search depth for this trial was 73658. 
The agent accessed its memory 694022 times. 
The agent cleared its short-term memory 14 times. 
     State prediction error memory resets: 14. 
     Hill memory resets: 0. 
TRIAL 13 COMPLETE ✔
End Time: 2024-05-13 13:33:43
Total runtime for this trial (minutes/seconds): 01:37
----------------------------------------
Total hill visits: 12. 
Total prediction errors: 116. 
Total search depth: 173471. 
Total times memory accessed: 1673448. 
Total times 25 >= t <= 50: 4. 
Total times 50 >= t <= 75: 0. 
Total times 75 >= t <= 100: 0. 
Total times t == 100: 0. 
Total time steps survived: 320. 
Total runtime so far (hours/minutes/seconds): 00:03:56
----------------------------------------

----------------------------------------
TRIAL 14 STARTED
----------------------------------------
Start Time: 2024-05-13 13:33:42
At time step 21 the agent is dead
The agent had 2 food, 0 water, and 5 sleep.
The total tree search depth for this trial was 4580. 
The agent accessed its memory 43990 times. 
The agent cleared its short-term memory 11 times. 
     State prediction error memory resets: 10. 
     Hill memory resets: 1. 
TRIAL 14 COMPLETE ✔
End Time: 2024-05-13 13:33:51
Total runtime for this trial (minutes/seconds): 00:09
----------------------------------------
Total hill visits: 13. 
Total prediction errors: 126. 
Total search depth: 178051. 
Total times memory accessed: 1717438. 
Total times 25 >= t <= 50: 4. 
Total times 50 >= t <= 75: 0. 
Total times 75 >= t <= 100: 0. 
Total times t == 100: 0. 
Total time steps survived: 342. 
Total runtime so far (hours/minutes/seconds): 00:04:04
----------------------------------------

----------------------------------------
TRIAL 15 STARTED
----------------------------------------
Start Time: 2024-05-13 13:33:50
At time step 21 the agent is dead
The agent had 2 food, 0 water, and 5 sleep.
The total tree search depth for this trial was 8628. 
The agent accessed its memory 85350 times. 
The agent cleared its short-term memory 11 times. 
     State prediction error memory resets: 8. 
     Hill memory resets: 3. 
TRIAL 15 COMPLETE ✔
End Time: 2024-05-13 13:34:05
Total runtime for this trial (minutes/seconds): 00:15
----------------------------------------
Total hill visits: 16. 
Total prediction errors: 134. 
Total search depth: 186679. 
Total times memory accessed: 1802788. 
Total times 25 >= t <= 50: 4. 
Total times 50 >= t <= 75: 0. 
Total times 75 >= t <= 100: 0. 
Total times t == 100: 0. 
Total time steps survived: 364. 
Total runtime so far (hours/minutes/seconds): 00:04:18
----------------------------------------

----------------------------------------
TRIAL 16 STARTED
----------------------------------------
Start Time: 2024-05-13 13:34:04
At time step 44 the agent is dead
The agent had 0 food, 2 water, and 8 sleep.
The total tree search depth for this trial was 65029. 
The agent accessed its memory 479383 times. 
The agent cleared its short-term memory 18 times. 
     State prediction error memory resets: 17. 
     Hill memory resets: 1. 
TRIAL 16 COMPLETE ✔
End Time: 2024-05-13 13:35:30
Total runtime for this trial (minutes/seconds): 01:26
----------------------------------------
Total hill visits: 17. 
Total prediction errors: 151. 
Total search depth: 251708. 
Total times memory accessed: 2282171. 
Total times 25 >= t <= 50: 5. 
Total times 50 >= t <= 75: 0. 
Total times 75 >= t <= 100: 0. 
Total times t == 100: 0. 
Total time steps survived: 409. 
Total runtime so far (hours/minutes/seconds): 00:05:43
----------------------------------------

----------------------------------------
TRIAL 17 STARTED
----------------------------------------
Start Time: 2024-05-13 13:35:29
At time step 21 the agent is dead
The agent had 2 food, 0 water, and 5 sleep.
The total tree search depth for this trial was 4596. 
The agent accessed its memory 50487 times. 
The agent cleared its short-term memory 5 times. 
     State prediction error memory resets: 4. 
     Hill memory resets: 1. 
TRIAL 17 COMPLETE ✔
End Time: 2024-05-13 13:35:37
Total runtime for this trial (minutes/seconds): 00:08
----------------------------------------
Total hill visits: 18. 
Total prediction errors: 155. 
Total search depth: 256304. 
Total times memory accessed: 2332658. 
Total times 25 >= t <= 50: 5. 
Total times 50 >= t <= 75: 0. 
Total times 75 >= t <= 100: 0. 
Total times t == 100: 0. 
Total time steps survived: 431. 
Total runtime so far (hours/minutes/seconds): 00:05:50
----------------------------------------

----------------------------------------
TRIAL 18 STARTED
----------------------------------------
Start Time: 2024-05-13 13:35:36
At time step 21 the agent is dead
The agent had 2 food, 0 water, and 5 sleep.
The total tree search depth for this trial was 7378. 
The agent accessed its memory 88188 times. 
The agent cleared its short-term memory 10 times. 
     State prediction error memory resets: 10. 
     Hill memory resets: 0. 
TRIAL 18 COMPLETE ✔
End Time: 2024-05-13 13:35:48
Total runtime for this trial (minutes/seconds): 00:12
----------------------------------------
Total hill visits: 18. 
Total prediction errors: 165. 
Total search depth: 263682. 
Total times memory accessed: 2420846. 
Total times 25 >= t <= 50: 5. 
Total times 50 >= t <= 75: 0. 
Total times 75 >= t <= 100: 0. 
Total times t == 100: 0. 
Total time steps survived: 453. 
Total runtime so far (hours/minutes/seconds): 00:06:01
----------------------------------------

----------------------------------------
TRIAL 19 STARTED
----------------------------------------
Start Time: 2024-05-13 13:35:47
At time step 23 the agent is dead
The agent had 0 food, 19 water, and 21 sleep.
The total tree search depth for this trial was 12394. 
The agent accessed its memory 105164 times. 
The agent cleared its short-term memory 6 times. 
     State prediction error memory resets: 5. 
     Hill memory resets: 1. 
TRIAL 19 COMPLETE ✔
End Time: 2024-05-13 13:36:04
Total runtime for this trial (minutes/seconds): 00:17
----------------------------------------
Total hill visits: 19. 
Total prediction errors: 170. 
Total search depth: 276076. 
Total times memory accessed: 2526010. 
Total times 25 >= t <= 50: 5. 
Total times 50 >= t <= 75: 0. 
Total times 75 >= t <= 100: 0. 
Total times t == 100: 0. 
Total time steps survived: 477. 
Total runtime so far (hours/minutes/seconds): 00:06:17
----------------------------------------

----------------------------------------
TRIAL 20 STARTED
----------------------------------------
Start Time: 2024-05-13 13:36:03
At time step 26 the agent is dead
The agent had 12 food, 7 water, and 0 sleep.
The total tree search depth for this trial was 44798. 
The agent accessed its memory 348184 times. 
The agent cleared its short-term memory 12 times. 
     State prediction error memory resets: 11. 
     Hill memory resets: 1. 
TRIAL 20 COMPLETE ✔
End Time: 2024-05-13 13:36:55
Total runtime for this trial (minutes/seconds): 00:52
----------------------------------------
Total hill visits: 20. 
Total prediction errors: 181. 
Total search depth: 320874. 
Total times memory accessed: 2874194. 
Total times 25 >= t <= 50: 6. 
Total times 50 >= t <= 75: 0. 
Total times 75 >= t <= 100: 0. 
Total times t == 100: 0. 
Total time steps survived: 504. 
Total runtime so far (hours/minutes/seconds): 00:07:08
----------------------------------------

----------------------------------------
TRIAL 21 STARTED
----------------------------------------
Start Time: 2024-05-13 13:36:54
At time step 21 the agent is dead
The agent had 2 food, 0 water, and 5 sleep.
The total tree search depth for this trial was 13588. 
The agent accessed its memory 114994 times. 
The agent cleared its short-term memory 14 times. 
     State prediction error memory resets: 13. 
     Hill memory resets: 1. 
TRIAL 21 COMPLETE ✔
End Time: 2024-05-13 13:37:14
Total runtime for this trial (minutes/seconds): 00:20
----------------------------------------
Total hill visits: 21. 
Total prediction errors: 194. 
Total search depth: 334462. 
Total times memory accessed: 2989188. 
Total times 25 >= t <= 50: 6. 
Total times 50 >= t <= 75: 0. 
Total times 75 >= t <= 100: 0. 
Total times t == 100: 0. 
Total time steps survived: 526. 
Total runtime so far (hours/minutes/seconds): 00:07:27
----------------------------------------

----------------------------------------
TRIAL 22 STARTED
----------------------------------------
Start Time: 2024-05-13 13:37:13
At time step 23 the agent is dead
The agent had 0 food, 19 water, and 15 sleep.
The total tree search depth for this trial was 24628. 
The agent accessed its memory 190483 times. 
The agent cleared its short-term memory 4 times. 
     State prediction error memory resets: 3. 
     Hill memory resets: 1. 
TRIAL 22 COMPLETE ✔
End Time: 2024-05-13 13:37:42
Total runtime for this trial (minutes/seconds): 00:29
----------------------------------------
Total hill visits: 22. 
Total prediction errors: 197. 
Total search depth: 359090. 
Total times memory accessed: 3179671. 
Total times 25 >= t <= 50: 6. 
Total times 50 >= t <= 75: 0. 
Total times 75 >= t <= 100: 0. 
Total times t == 100: 0. 
Total time steps survived: 550. 
Total runtime so far (hours/minutes/seconds): 00:07:55
----------------------------------------

----------------------------------------
TRIAL 23 STARTED
----------------------------------------
Start Time: 2024-05-13 13:37:41
At time step 23 the agent is dead
The agent had 0 food, 18 water, and 12 sleep.
The total tree search depth for this trial was 19005. 
The agent accessed its memory 140044 times. 
The agent cleared its short-term memory 3 times. 
     State prediction error memory resets: 1. 
     Hill memory resets: 2. 
TRIAL 23 COMPLETE ✔
End Time: 2024-05-13 13:38:04
Total runtime for this trial (minutes/seconds): 00:23
----------------------------------------
Total hill visits: 24. 
Total prediction errors: 198. 
Total search depth: 378095. 
Total times memory accessed: 3319715. 
Total times 25 >= t <= 50: 6. 
Total times 50 >= t <= 75: 0. 
Total times 75 >= t <= 100: 0. 
Total times t == 100: 0. 
Total time steps survived: 574. 
Total runtime so far (hours/minutes/seconds): 00:08:17
----------------------------------------

----------------------------------------
TRIAL 24 STARTED
----------------------------------------
Start Time: 2024-05-13 13:38:03
