Running Python script with ALGORITHM=SI and SEED=8
At time 20 the agent is dead.
The agent had: 1 food, -1 water, and 20 sleep.
The total tree search depth for this trial was 1128.
The agent accessed its memory 1990 times.
The agent cleared its short-term memory 2 times.
    State prediction error memory resets: 1.
    Hill memory resets: 1.
At time 20 the agent is dead.
The agent had: 1 food, -1 water, and 4 sleep.
The total tree search depth for this trial was 1034.
The agent accessed its memory 3716 times.
The agent cleared its short-term memory 9 times.
    State prediction error memory resets: 7.
    Hill memory resets: 2.
At time 20 the agent is dead.
The agent had: 1 food, -1 water, and 4 sleep.
The total tree search depth for this trial was 388.
The agent accessed its memory 1149 times.
The agent cleared its short-term memory 8 times.
    State prediction error memory resets: 8.
    Hill memory resets: 0.
At time 25 the agent is dead.
The agent had: 2 food, 3 water, and -1 sleep.
The total tree search depth for this trial was 25027.
The agent accessed its memory 94049 times.
The agent cleared its short-term memory 17 times.
    State prediction error memory resets: 17.
    Hill memory resets: 0.
At time 20 the agent is dead.
The agent had: 1 food, -1 water, and 4 sleep.
The total tree search depth for this trial was 11151.
The agent accessed its memory 49068 times.
The agent cleared its short-term memory 3 times.
    State prediction error memory resets: 3.
    Hill memory resets: 0.
At time 20 the agent is dead.
The agent had: 1 food, -1 water, and 4 sleep.
The total tree search depth for this trial was 12398.
The agent accessed its memory 49022 times.
The agent cleared its short-term memory 3 times.
    State prediction error memory resets: 3.
    Hill memory resets: 0.
At time 42 the agent is dead.
The agent had: 18 food, 13 water, and -1 sleep.
The total tree search depth for this trial was 25161.
The agent accessed its memory 99852 times.
The agent cleared its short-term memory 9 times.
    State prediction error memory resets: 9.
    Hill memory resets: 0.
At time 20 the agent is dead.
The agent had: 1 food, -1 water, and 4 sleep.
The total tree search depth for this trial was 4039.
The agent accessed its memory 16824 times.
The agent cleared its short-term memory 6 times.
    State prediction error memory resets: 3.
    Hill memory resets: 3.
At time 20 the agent is dead.
The agent had: 1 food, -1 water, and 20 sleep.
The total tree search depth for this trial was 9390.
The agent accessed its memory 40744 times.
The agent cleared its short-term memory 4 times.
    State prediction error memory resets: 4.
    Hill memory resets: 0.
At time 25 the agent is dead.
The agent had: 14 food, 9 water, and -1 sleep.
The total tree search depth for this trial was 15742.
The agent accessed its memory 61866 times.
The agent cleared its short-term memory 12 times.
    State prediction error memory resets: 9.
    Hill memory resets: 3.
At time 20 the agent is dead.
The agent had: 1 food, -1 water, and 4 sleep.
The total tree search depth for this trial was 30079.
The agent accessed its memory 138774 times.
The agent cleared its short-term memory 9 times.
    State prediction error memory resets: 9.
    Hill memory resets: 0.
At time 20 the agent is dead.
The agent had: 1 food, -1 water, and 4 sleep.
The total tree search depth for this trial was 3044.
The agent accessed its memory 11196 times.
The agent cleared its short-term memory 11 times.
    State prediction error memory resets: 11.
    Hill memory resets: 0.
At time 20 the agent is dead.
The agent had: 1 food, -1 water, and 4 sleep.
The total tree search depth for this trial was 10388.
The agent accessed its memory 44600 times.
The agent cleared its short-term memory 2 times.
    State prediction error memory resets: 1.
    Hill memory resets: 1.
At time 20 the agent is dead.
The agent had: 1 food, -1 water, and 22 sleep.
The total tree search depth for this trial was 15537.
The agent accessed its memory 59506 times.
The agent cleared its short-term memory 3 times.
    State prediction error memory resets: 2.
    Hill memory resets: 1.
At time 20 the agent is dead.
The agent had: 1 food, -1 water, and 4 sleep.
The total tree search depth for this trial was 10531.
The agent accessed its memory 40293 times.
The agent cleared its short-term memory 3 times.
    State prediction error memory resets: 2.
    Hill memory resets: 1.
At time 20 the agent is dead.
The agent had: 1 food, -1 water, and 4 sleep.
The total tree search depth for this trial was 16195.
The agent accessed its memory 74213 times.
The agent cleared its short-term memory 4 times.
    State prediction error memory resets: 3.
    Hill memory resets: 1.
At time 20 the agent is dead.
The agent had: 1 food, -1 water, and 4 sleep.
The total tree search depth for this trial was 7110.
The agent accessed its memory 28961 times.
The agent cleared its short-term memory 15 times.
    State prediction error memory resets: 14.
    Hill memory resets: 1.
At time 20 the agent is dead.
The agent had: 1 food, -1 water, and 4 sleep.
The total tree search depth for this trial was 19293.
The agent accessed its memory 88317 times.
The agent cleared its short-term memory 2 times.
    State prediction error memory resets: 1.
    Hill memory resets: 1.
At time 20 the agent is dead.
The agent had: 1 food, -1 water, and 4 sleep.
The total tree search depth for this trial was 16627.
The agent accessed its memory 67119 times.
The agent cleared its short-term memory 7 times.
    State prediction error memory resets: 6.
    Hill memory resets: 1.
At time 20 the agent is dead.
The agent had: 21 food, -1 water, and 4 sleep.
The total tree search depth for this trial was 4901.
The agent accessed its memory 18040 times.
The agent cleared its short-term memory 3 times.
    State prediction error memory resets: 2.
    Hill memory resets: 1.
At time 20 the agent is dead.
The agent had: 7 food, -1 water, and 4 sleep.
The total tree search depth for this trial was 20798.
The agent accessed its memory 89078 times.
The agent cleared its short-term memory 11 times.
    State prediction error memory resets: 11.
    Hill memory resets: 0.
At time 20 the agent is dead.
The agent had: 1 food, -1 water, and 4 sleep.
The total tree search depth for this trial was 6129.
The agent accessed its memory 20220 times.
The agent cleared its short-term memory 10 times.
    State prediction error memory resets: 10.
    Hill memory resets: 0.
At time 20 the agent is dead.
The agent had: 1 food, -1 water, and 4 sleep.
The total tree search depth for this trial was 10534.
The agent accessed its memory 44996 times.
The agent cleared its short-term memory 1 times.
    State prediction error memory resets: 0.
    Hill memory resets: 1.
At time 20 the agent is dead.
The agent had: 1 food, -1 water, and 4 sleep.
The total tree search depth for this trial was 5317.
The agent accessed its memory 19429 times.
The agent cleared its short-term memory 13 times.
    State prediction error memory resets: 12.
    Hill memory resets: 1.
At time 20 the agent is dead.
The agent had: 1 food, -1 water, and 4 sleep.
The total tree search depth for this trial was 7502.
The agent accessed its memory 27410 times.
The agent cleared its short-term memory 15 times.
    State prediction error memory resets: 14.
    Hill memory resets: 1.
At time 20 the agent is dead.
The agent had: 1 food, -1 water, and 4 sleep.
The total tree search depth for this trial was 6800.
The agent accessed its memory 24009 times.
The agent cleared its short-term memory 2 times.
    State prediction error memory resets: 1.
    Hill memory resets: 1.
At time 20 the agent is dead.
The agent had: 1 food, -1 water, and 4 sleep.
The total tree search depth for this trial was 16902.
The agent accessed its memory 68667 times.
The agent cleared its short-term memory 12 times.
    State prediction error memory resets: 11.
    Hill memory resets: 1.
At time 20 the agent is dead.
The agent had: 1 food, -1 water, and 13 sleep.
The total tree search depth for this trial was 49883.
The agent accessed its memory 193035 times.
The agent cleared its short-term memory 9 times.
    State prediction error memory resets: 8.
    Hill memory resets: 1.
At time 20 the agent is dead.
The agent had: 1 food, -1 water, and 12 sleep.
The total tree search depth for this trial was 26541.
The agent accessed its memory 101883 times.
The agent cleared its short-term memory 7 times.
    State prediction error memory resets: 6.
    Hill memory resets: 1.
At time 20 the agent is dead.
The agent had: 1 food, -1 water, and 4 sleep.
The total tree search depth for this trial was 7054.
The agent accessed its memory 24307 times.
The agent cleared its short-term memory 9 times.
    State prediction error memory resets: 8.
    Hill memory resets: 1.
At time 20 the agent is dead.
The agent had: 1 food, -1 water, and 17 sleep.
The total tree search depth for this trial was 21239.
The agent accessed its memory 84211 times.
The agent cleared its short-term memory 6 times.
    State prediction error memory resets: 3.
    Hill memory resets: 3.
At time 20 the agent is dead.
The agent had: 1 food, -1 water, and 4 sleep.
The total tree search depth for this trial was 7778.
The agent accessed its memory 27355 times.
The agent cleared its short-term memory 8 times.
    State prediction error memory resets: 7.
    Hill memory resets: 1.
At time 39 the agent is dead.
The agent had: -1 food, 16 water, and 13 sleep.
The total tree search depth for this trial was 92423.
The agent accessed its memory 325064 times.
The agent cleared its short-term memory 17 times.
    State prediction error memory resets: 16.
    Hill memory resets: 1.
At time 22 the agent is dead.
The agent had: -1 food, 16 water, and 20 sleep.
The total tree search depth for this trial was 15038.
The agent accessed its memory 58134 times.
The agent cleared its short-term memory 2 times.
    State prediction error memory resets: 1.
    Hill memory resets: 1.
At time 22 the agent is dead.
The agent had: -1 food, 16 water, and 18 sleep.
The total tree search depth for this trial was 48623.
The agent accessed its memory 186890 times.
The agent cleared its short-term memory 9 times.
    State prediction error memory resets: 8.
    Hill memory resets: 1.
At time 20 the agent is dead.
The agent had: 1 food, -1 water, and 14 sleep.
The total tree search depth for this trial was 65988.
The agent accessed its memory 254890 times.
The agent cleared its short-term memory 11 times.
    State prediction error memory resets: 10.
    Hill memory resets: 1.
At time 20 the agent is dead.
The agent had: 1 food, -1 water, and 4 sleep.
The total tree search depth for this trial was 21995.
The agent accessed its memory 81306 times.
The agent cleared its short-term memory 5 times.
    State prediction error memory resets: 4.
    Hill memory resets: 1.
At time 20 the agent is dead.
The agent had: 1 food, -1 water, and 4 sleep.
The total tree search depth for this trial was 13008.
The agent accessed its memory 49912 times.
The agent cleared its short-term memory 5 times.
    State prediction error memory resets: 4.
    Hill memory resets: 1.
At time 20 the agent is dead.
The agent had: 1 food, -1 water, and 12 sleep.
The total tree search depth for this trial was 51668.
The agent accessed its memory 193160 times.
The agent cleared its short-term memory 5 times.
    State prediction error memory resets: 4.
    Hill memory resets: 1.
At time 32 the agent is dead.
The agent had: 19 food, -1 water, and 9 sleep.
The total tree search depth for this trial was 73330.
The agent accessed its memory 284278 times.
The agent cleared its short-term memory 10 times.
    State prediction error memory resets: 9.
    Hill memory resets: 1.
At time 20 the agent is dead.
The agent had: 1 food, -1 water, and 14 sleep.
The total tree search depth for this trial was 38776.
The agent accessed its memory 135465 times.
The agent cleared its short-term memory 7 times.
    State prediction error memory resets: 6.
    Hill memory resets: 1.
At time 20 the agent is dead.
The agent had: 1 food, -1 water, and 13 sleep.
The total tree search depth for this trial was 32776.
The agent accessed its memory 116711 times.
The agent cleared its short-term memory 3 times.
    State prediction error memory resets: 1.
    Hill memory resets: 2.
At time 20 the agent is dead.
The agent had: 7 food, -1 water, and 16 sleep.
The total tree search depth for this trial was 40650.
The agent accessed its memory 149500 times.
The agent cleared its short-term memory 5 times.
    State prediction error memory resets: 4.
    Hill memory resets: 1.
At time 20 the agent is dead.
The agent had: 1 food, -1 water, and 18 sleep.
The total tree search depth for this trial was 15710.
The agent accessed its memory 53860 times.
The agent cleared its short-term memory 4 times.
    State prediction error memory resets: 3.
    Hill memory resets: 1.
At time 20 the agent is dead.
The agent had: 1 food, -1 water, and 4 sleep.
The total tree search depth for this trial was 25723.
The agent accessed its memory 93114 times.
The agent cleared its short-term memory 6 times.
    State prediction error memory resets: 3.
    Hill memory resets: 3.
At time 20 the agent is dead.
The agent had: 1 food, -1 water, and 11 sleep.
The total tree search depth for this trial was 41439.
The agent accessed its memory 144822 times.
The agent cleared its short-term memory 5 times.
    State prediction error memory resets: 3.
    Hill memory resets: 2.
At time 20 the agent is dead.
The agent had: 1 food, -1 water, and 4 sleep.
The total tree search depth for this trial was 23360.
The agent accessed its memory 90201 times.
The agent cleared its short-term memory 8 times.
    State prediction error memory resets: 6.
    Hill memory resets: 2.
At time 29 the agent is dead.
The agent had: 4 food, -1 water, and 11 sleep.
The total tree search depth for this trial was 65720.
The agent accessed its memory 257546 times.
The agent cleared its short-term memory 16 times.
    State prediction error memory resets: 13.
    Hill memory resets: 3.
At time 20 the agent is dead.
The agent had: 1 food, -1 water, and 20 sleep.
The total tree search depth for this trial was 19953.
The agent accessed its memory 75202 times.
The agent cleared its short-term memory 3 times.
    State prediction error memory resets: 2.
    Hill memory resets: 1.
At time 20 the agent is dead.
The agent had: 1 food, -1 water, and 4 sleep.
The total tree search depth for this trial was 35757.
The agent accessed its memory 137878 times.
The agent cleared its short-term memory 6 times.
    State prediction error memory resets: 4.
    Hill memory resets: 2.
At time 20 the agent is dead.
The agent had: 1 food, -1 water, and 18 sleep.
The total tree search depth for this trial was 16771.
The agent accessed its memory 58943 times.
The agent cleared its short-term memory 2 times.
    State prediction error memory resets: 1.
    Hill memory resets: 1.
At time 20 the agent is dead.
The agent had: 1 food, -1 water, and 4 sleep.
The total tree search depth for this trial was 16989.
The agent accessed its memory 60589 times.
The agent cleared its short-term memory 5 times.
    State prediction error memory resets: 4.
    Hill memory resets: 1.
At time 20 the agent is dead.
The agent had: 1 food, -1 water, and 4 sleep.
The total tree search depth for this trial was 11840.
The agent accessed its memory 42321 times.
The agent cleared its short-term memory 7 times.
    State prediction error memory resets: 6.
    Hill memory resets: 1.
At time 20 the agent is dead.
The agent had: 1 food, -1 water, and 4 sleep.
The total tree search depth for this trial was 15530.
The agent accessed its memory 49750 times.
The agent cleared its short-term memory 14 times.
    State prediction error memory resets: 13.
    Hill memory resets: 1.
At time 25 the agent is dead.
The agent had: 13 food, 9 water, and -1 sleep.
The total tree search depth for this trial was 51925.
The agent accessed its memory 195220 times.
The agent cleared its short-term memory 11 times.
    State prediction error memory resets: 8.
    Hill memory resets: 3.
At time 28 the agent is dead.
The agent had: -1 food, 10 water, and 16 sleep.
The total tree search depth for this trial was 58093.
The agent accessed its memory 198104 times.
The agent cleared its short-term memory 11 times.
    State prediction error memory resets: 10.
    Hill memory resets: 1.
At time 25 the agent is dead.
The agent had: 12 food, 1 water, and -1 sleep.
The total tree search depth for this trial was 32671.
The agent accessed its memory 116048 times.
The agent cleared its short-term memory 6 times.
    State prediction error memory resets: 5.
    Hill memory resets: 1.
At time 22 the agent is dead.
The agent had: -1 food, 11 water, and 20 sleep.
The total tree search depth for this trial was 38144.
The agent accessed its memory 128821 times.
The agent cleared its short-term memory 5 times.
    State prediction error memory resets: 4.
    Hill memory resets: 1.
At time 32 the agent is dead.
The agent had: 13 food, -1 water, and 8 sleep.
The total tree search depth for this trial was 80746.
The agent accessed its memory 293281 times.
The agent cleared its short-term memory 10 times.
    State prediction error memory resets: 9.
    Hill memory resets: 1.
At time 20 the agent is dead.
The agent had: 1 food, -1 water, and 18 sleep.
The total tree search depth for this trial was 16649.
The agent accessed its memory 53825 times.
The agent cleared its short-term memory 5 times.
    State prediction error memory resets: 4.
    Hill memory resets: 1.
At time 20 the agent is dead.
The agent had: 1 food, -1 water, and 11 sleep.
The total tree search depth for this trial was 51978.
The agent accessed its memory 186738 times.
The agent cleared its short-term memory 6 times.
    State prediction error memory resets: 3.
    Hill memory resets: 3.
At time 25 the agent is dead.
The agent had: 8 food, 1 water, and -1 sleep.
The total tree search depth for this trial was 76595.
The agent accessed its memory 316366 times.
The agent cleared its short-term memory 8 times.
    State prediction error memory resets: 7.
    Hill memory resets: 1.
At time 28 the agent is dead.
The agent had: -1 food, 10 water, and 14 sleep.
The total tree search depth for this trial was 61255.
The agent accessed its memory 203363 times.
The agent cleared its short-term memory 5 times.
    State prediction error memory resets: 4.
    Hill memory resets: 1.
At time 20 the agent is dead.
The agent had: 1 food, -1 water, and 4 sleep.
The total tree search depth for this trial was 35912.
The agent accessed its memory 129773 times.
The agent cleared its short-term memory 4 times.
    State prediction error memory resets: 1.
    Hill memory resets: 3.
At time 43 the agent is dead.
The agent had: -1 food, 14 water, and 18 sleep.
The total tree search depth for this trial was 67899.
The agent accessed its memory 244024 times.
The agent cleared its short-term memory 8 times.
    State prediction error memory resets: 4.
    Hill memory resets: 4.
At time 20 the agent is dead.
The agent had: 1 food, -1 water, and 4 sleep.
The total tree search depth for this trial was 36298.
The agent accessed its memory 130012 times.
The agent cleared its short-term memory 7 times.
    State prediction error memory resets: 4.
    Hill memory resets: 3.
At time 25 the agent is dead.
The agent had: 9 food, 2 water, and -1 sleep.
The total tree search depth for this trial was 92718.
The agent accessed its memory 389029 times.
The agent cleared its short-term memory 8 times.
    State prediction error memory resets: 6.
    Hill memory resets: 2.
At time 20 the agent is dead.
The agent had: 1 food, -1 water, and 4 sleep.
The total tree search depth for this trial was 23176.
The agent accessed its memory 79061 times.
The agent cleared its short-term memory 4 times.
    State prediction error memory resets: 2.
    Hill memory resets: 2.
At time 20 the agent is dead.
The agent had: 1 food, -1 water, and 4 sleep.
The total tree search depth for this trial was 26064.
The agent accessed its memory 91879 times.
The agent cleared its short-term memory 5 times.
    State prediction error memory resets: 3.
    Hill memory resets: 2.
At time 42 the agent is dead.
The agent had: -1 food, -1 water, and 9 sleep.
The total tree search depth for this trial was 87722.
The agent accessed its memory 308076 times.
The agent cleared its short-term memory 9 times.
    State prediction error memory resets: 6.
    Hill memory resets: 3.
At time 36 the agent is dead.
The agent had: 3 food, -1 water, and 2 sleep.
The total tree search depth for this trial was 43613.
The agent accessed its memory 156220 times.
The agent cleared its short-term memory 9 times.
    State prediction error memory resets: 7.
    Hill memory resets: 2.
At time 32 the agent is dead.
The agent had: -1 food, -1 water, and 5 sleep.
The total tree search depth for this trial was 105479.
The agent accessed its memory 405038 times.
The agent cleared its short-term memory 16 times.
    State prediction error memory resets: 11.
    Hill memory resets: 5.
At time 42 the agent is dead.
The agent had: -1 food, -1 water, and 14 sleep.
The total tree search depth for this trial was 75419.
The agent accessed its memory 254781 times.
The agent cleared its short-term memory 9 times.
    State prediction error memory resets: 7.
    Hill memory resets: 2.
At time 38 the agent is dead.
The agent had: -1 food, -1 water, and 20 sleep.
The total tree search depth for this trial was 129807.
The agent accessed its memory 494543 times.
The agent cleared its short-term memory 10 times.
    State prediction error memory resets: 8.
    Hill memory resets: 2.
At time 35 the agent is dead.
The agent had: 10 food, -1 water, and 2 sleep.
The total tree search depth for this trial was 61899.
The agent accessed its memory 209099 times.
The agent cleared its short-term memory 7 times.
    State prediction error memory resets: 6.
    Hill memory resets: 1.
At time 35 the agent is dead.
The agent had: 4 food, -1 water, and 2 sleep.
The total tree search depth for this trial was 66687.
The agent accessed its memory 238001 times.
The agent cleared its short-term memory 8 times.
    State prediction error memory resets: 3.
    Hill memory resets: 5.
At time 56 the agent is dead.
The agent had: -1 food, 3 water, and 5 sleep.
The total tree search depth for this trial was 278057.
The agent accessed its memory 1031437 times.
The agent cleared its short-term memory 16 times.
    State prediction error memory resets: 15.
    Hill memory resets: 1.
At time 94 the agent is dead.
The agent had: 4 food, -1 water, and 1 sleep.
The total tree search depth for this trial was 238028.
The agent accessed its memory 852810 times.
The agent cleared its short-term memory 18 times.
    State prediction error memory resets: 16.
    Hill memory resets: 2.
At time 22 the agent is dead.
The agent had: -1 food, 8 water, and 11 sleep.
The total tree search depth for this trial was 45557.
The agent accessed its memory 144710 times.
The agent cleared its short-term memory 4 times.
    State prediction error memory resets: 3.
    Hill memory resets: 1.
At time 22 the agent is dead.
The agent had: -1 food, 17 water, and 2 sleep.
The total tree search depth for this trial was 64943.
The agent accessed its memory 238494 times.
The agent cleared its short-term memory 9 times.
    State prediction error memory resets: 3.
    Hill memory resets: 6.
At time 20 the agent is dead.
The agent had: 1 food, -1 water, and 4 sleep.
The total tree search depth for this trial was 37900.
The agent accessed its memory 139793 times.
The agent cleared its short-term memory 4 times.
    State prediction error memory resets: 2.
    Hill memory resets: 2.
At time 73 the agent is dead.
The agent had: 4 food, -1 water, and 0 sleep.
The total tree search depth for this trial was 140357.
The agent accessed its memory 450088 times.
The agent cleared its short-term memory 9 times.
    State prediction error memory resets: 8.
    Hill memory resets: 1.
At time 31 the agent is dead.
The agent had: 3 food, -1 water, and 9 sleep.
The total tree search depth for this trial was 126750.
The agent accessed its memory 446588 times.
The agent cleared its short-term memory 7 times.
    State prediction error memory resets: 5.
    Hill memory resets: 2.
At time 20 the agent is dead.
The agent had: 1 food, -1 water, and 4 sleep.
The total tree search depth for this trial was 60779.
The agent accessed its memory 222725 times.
The agent cleared its short-term memory 7 times.
    State prediction error memory resets: 2.
    Hill memory resets: 5.
At time 22 the agent is dead.
The agent had: -1 food, 7 water, and 10 sleep.
The total tree search depth for this trial was 48844.
The agent accessed its memory 152018 times.
The agent cleared its short-term memory 3 times.
    State prediction error memory resets: 2.
    Hill memory resets: 1.
At time 20 the agent is dead.
The agent had: 1 food, -1 water, and 4 sleep.
The total tree search depth for this trial was 40900.
The agent accessed its memory 143382 times.
The agent cleared its short-term memory 7 times.
    State prediction error memory resets: 4.
    Hill memory resets: 3.
At time 20 the agent is dead.
The agent had: 1 food, -1 water, and 4 sleep.
The total tree search depth for this trial was 71745.
The agent accessed its memory 266080 times.
The agent cleared its short-term memory 8 times.
    State prediction error memory resets: 1.
    Hill memory resets: 7.
At time 58 the agent is dead.
The agent had: 7 food, -1 water, and 2 sleep.
The total tree search depth for this trial was 274664.
The agent accessed its memory 972568 times.
The agent cleared its short-term memory 17 times.
    State prediction error memory resets: 12.
    Hill memory resets: 5.
At time 66 the agent is dead.
The agent had: -1 food, -1 water, and 9 sleep.
The total tree search depth for this trial was 272226.
The agent accessed its memory 966760 times.
The agent cleared its short-term memory 20 times.
    State prediction error memory resets: 19.
    Hill memory resets: 1.
At time 22 the agent is dead.
The agent had: -1 food, 17 water, and 2 sleep.
The total tree search depth for this trial was 26179.
The agent accessed its memory 86241 times.
The agent cleared its short-term memory 5 times.
    State prediction error memory resets: 3.
    Hill memory resets: 2.
At time 86 the agent is dead.
The agent had: 6 food, -1 water, and 2 sleep.
The total tree search depth for this trial was 186590.
The agent accessed its memory 627625 times.
The agent cleared its short-term memory 11 times.
    State prediction error memory resets: 9.
    Hill memory resets: 2.
At time 20 the agent is dead.
The agent had: 1 food, -1 water, and 18 sleep.
The total tree search depth for this trial was 28552.
The agent accessed its memory 91486 times.
The agent cleared its short-term memory 4 times.
    State prediction error memory resets: 3.
    Hill memory resets: 1.
At time 30 the agent is dead.
The agent had: 5 food, -1 water, and 1 sleep.
The total tree search depth for this trial was 47455.
The agent accessed its memory 156268 times.
The agent cleared its short-term memory 3 times.
    State prediction error memory resets: 2.
    Hill memory resets: 1.
At time 20 the agent is dead.
The agent had: 14 food, -1 water, and 21 sleep.
The total tree search depth for this trial was 59184.
The agent accessed its memory 200119 times.
The agent cleared its short-term memory 5 times.
    State prediction error memory resets: 3.
    Hill memory resets: 2.
At time 59 the agent is dead.
The agent had: -1 food, 6 water, and 7 sleep.
The total tree search depth for this trial was 212932.
The agent accessed its memory 738416 times.
The agent cleared its short-term memory 13 times.
    State prediction error memory resets: 12.
    Hill memory resets: 1.
At time 30 the agent is dead.
The agent had: 10 food, -1 water, and 21 sleep.
The total tree search depth for this trial was 77906.
The agent accessed its memory 238941 times.
The agent cleared its short-term memory 5 times.
    State prediction error memory resets: 4.
    Hill memory resets: 1.
At time 71 the agent is dead.
The agent had: 0 food, 2 water, and -1 sleep.
The total tree search depth for this trial was 153542.
The agent accessed its memory 510095 times.
The agent cleared its short-term memory 12 times.
    State prediction error memory resets: 10.
    Hill memory resets: 2.
At time 20 the agent is dead.
The agent had: 14 food, -1 water, and 22 sleep.
The total tree search depth for this trial was 39221.
The agent accessed its memory 112334 times.
The agent cleared its short-term memory 3 times.
    State prediction error memory resets: 2.
    Hill memory resets: 1.
At time 89 the agent is dead.
The agent had: -1 food, 0 water, and -1 sleep.
The total tree search depth for this trial was 315678.
The agent accessed its memory 1110289 times.
The agent cleared its short-term memory 15 times.
    State prediction error memory resets: 13.
    Hill memory resets: 2.
At time 20 the agent is dead.
The agent had: 17 food, -1 water, and 19 sleep.
The total tree search depth for this trial was 77626.
The agent accessed its memory 266913 times.
The agent cleared its short-term memory 4 times.
    State prediction error memory resets: 3.
    Hill memory resets: 1.
At time 61 the agent is dead.
The agent had: 2 food, -1 water, and 10 sleep.
The total tree search depth for this trial was 143918.
The agent accessed its memory 454536 times.
The agent cleared its short-term memory 9 times.
    State prediction error memory resets: 7.
    Hill memory resets: 2.
At time 30 the agent is dead.
The agent had: 5 food, -1 water, and 2 sleep.
The total tree search depth for this trial was 62393.
The agent accessed its memory 220249 times.
The agent cleared its short-term memory 5 times.
    State prediction error memory resets: 4.
    Hill memory resets: 1.
At time 94 the agent is dead.
The agent had: 8 food, -1 water, and 10 sleep.
The total tree search depth for this trial was 280713.
The agent accessed its memory 935032 times.
The agent cleared its short-term memory 17 times.
    State prediction error memory resets: 13.
    Hill memory resets: 4.
At time 40 the agent is dead.
The agent had: -1 food, 5 water, and 9 sleep.
The total tree search depth for this trial was 95875.
The agent accessed its memory 307350 times.
The agent cleared its short-term memory 6 times.
    State prediction error memory resets: 4.
    Hill memory resets: 2.
At time 42 the agent is dead.
The agent had: -1 food, 15 water, and 21 sleep.
The total tree search depth for this trial was 271603.
The agent accessed its memory 958604 times.
The agent cleared its short-term memory 18 times.
    State prediction error memory resets: 16.
    Hill memory resets: 2.
At time 94 the agent is dead.
The agent had: 9 food, 1 water, and -1 sleep.
The total tree search depth for this trial was 245856.
The agent accessed its memory 824593 times.
The agent cleared its short-term memory 15 times.
    State prediction error memory resets: 13.
    Hill memory resets: 2.
At time 44 the agent is dead.
The agent had: -1 food, 5 water, and 11 sleep.
The total tree search depth for this trial was 63210.
The agent accessed its memory 203536 times.
The agent cleared its short-term memory 6 times.
    State prediction error memory resets: 5.
    Hill memory resets: 1.
At time 76 the agent is dead.
The agent had: 2 food, 4 water, and -1 sleep.
The total tree search depth for this trial was 301067.
The agent accessed its memory 991669 times.
The agent cleared its short-term memory 12 times.
    State prediction error memory resets: 10.
    Hill memory resets: 2.
At time 43 the agent is dead.
The agent had: 6 food, -1 water, and 10 sleep.
The total tree search depth for this trial was 88470.
The agent accessed its memory 249883 times.
The agent cleared its short-term memory 8 times.
    State prediction error memory resets: 7.
    Hill memory resets: 1.
At time 70 the agent is dead.
The agent had: -1 food, 1 water, and 9 sleep.
The total tree search depth for this trial was 228194.
The agent accessed its memory 760279 times.
The agent cleared its short-term memory 11 times.
    State prediction error memory resets: 10.
    Hill memory resets: 1.
At time 56 the agent is dead.
The agent had: -1 food, 10 water, and 12 sleep.
The total tree search depth for this trial was 72161.
The agent accessed its memory 227084 times.
The agent cleared its short-term memory 5 times.
    State prediction error memory resets: 4.
    Hill memory resets: 1.
At time 25 the agent is dead.
The agent had: 11 food, 11 water, and -1 sleep.
The total tree search depth for this trial was 107944.
The agent accessed its memory 354723 times.
The agent cleared its short-term memory 5 times.
    State prediction error memory resets: 4.
    Hill memory resets: 1.
At time 20 the agent is dead.
The agent had: 1 food, -1 water, and 12 sleep.
The total tree search depth for this trial was 63612.
The agent accessed its memory 199260 times.
The agent cleared its short-term memory 2 times.
    State prediction error memory resets: 1.
    Hill memory resets: 1.
