Running main with ALGORITHM=SL, SEED=13, HORIZON=2, K_FACTOR=0.7, ROOT_FOLDER=/home/grmstj001, MCT=3, NUM_MCT=100, AUTO_REST=, GRID_SIZE=5, START_POS=19, HILL=13, FOOD=(1 7 23 14), WATER=(9 8 16 11), SLEEP=(21 6 18 22)

                            < M A T L A B (R) >
                  Copyright 1984-2022 The MathWorks, Inc.
             R2022b Update 9 (9.13.0.2553342) 64-bit (glnxa64)
                               March 13, 2024

 
To get started, type doc.
For product information, visit www.mathworks.com.
 
Starting SL.

----------------------------------------
TRIAL 1 STARTED
----------------------------------------
Start Time: 2024-05-21 23:15:38
At time step 44 the agent is dead
The agent had 0 food, 20 water, and 15 sleep.
The total tree search depth for this trial was 130219. 
The agent accessed its memory 2324741 times. 
The agent cleared its short-term memory 28 times. 
     State prediction error memory resets: 5. 
     Hill memory resets: 23. 
TRIAL 1 COMPLETE ?
End Time: 2024-05-21 23:18:29
Total runtime for this trial (minutes/seconds): 02:51
----------------------------------------
Total hill visits: 23. 
Total prediction errors: 5. 
Total search depth: 130219. 
Total times memory accessed: 2324741. 
Total times 25 >= t <= 50: 1. 
Total times 50 >= t <= 75: 0. 
Total times 75 >= t <= 100: 0. 
Total times t == 100: 0. 
Total time steps survived: 45. 
Total runtime so far (hours/minutes/seconds): 00:02:51
----------------------------------------

----------------------------------------
TRIAL 2 STARTED
----------------------------------------
Start Time: 2024-05-21 23:18:28
At time step 26 the agent is dead
The agent had 20 food, 16 water, and 0 sleep.
The total tree search depth for this trial was 88887. 
The agent accessed its memory 1429784 times. 
The agent cleared its short-term memory 14 times. 
     State prediction error memory resets: 5. 
     Hill memory resets: 9. 
TRIAL 2 COMPLETE ?
End Time: 2024-05-21 23:21:46
Total runtime for this trial (minutes/seconds): 03:18
----------------------------------------
Total hill visits: 32. 
Total prediction errors: 10. 
Total search depth: 219106. 
Total times memory accessed: 3754525. 
Total times 25 >= t <= 50: 2. 
Total times 50 >= t <= 75: 0. 
Total times 75 >= t <= 100: 0. 
Total times t == 100: 0. 
Total time steps survived: 72. 
Total runtime so far (hours/minutes/seconds): 00:06:08
----------------------------------------

----------------------------------------
TRIAL 3 STARTED
----------------------------------------
Start Time: 2024-05-21 23:21:45
At time step 26 the agent is dead
The agent had 20 food, 14 water, and 0 sleep.
The total tree search depth for this trial was 118921. 
The agent accessed its memory 1953087 times. 
The agent cleared its short-term memory 14 times. 
     State prediction error memory resets: 0. 
     Hill memory resets: 14. 
TRIAL 3 COMPLETE ?
End Time: 2024-05-21 23:25:47
Total runtime for this trial (minutes/seconds): 04:02
----------------------------------------
Total hill visits: 46. 
Total prediction errors: 10. 
Total search depth: 338027. 
Total times memory accessed: 5707612. 
Total times 25 >= t <= 50: 3. 
Total times 50 >= t <= 75: 0. 
Total times 75 >= t <= 100: 0. 
Total times t == 100: 0. 
Total time steps survived: 99. 
Total runtime so far (hours/minutes/seconds): 00:10:09
----------------------------------------

----------------------------------------
TRIAL 4 STARTED
----------------------------------------
Start Time: 2024-05-21 23:25:46
At time step 50 the agent is dead
The agent had 12 food, 18 water, and 0 sleep.
The total tree search depth for this trial was 323268. 
The agent accessed its memory 5431254 times. 
The agent cleared its short-term memory 35 times. 
     State prediction error memory resets: 7. 
     Hill memory resets: 28. 
TRIAL 4 COMPLETE ?
End Time: 2024-05-21 23:35:37
Total runtime for this trial (minutes/seconds): 09:51
----------------------------------------
Total hill visits: 74. 
Total prediction errors: 17. 
Total search depth: 661295. 
Total times memory accessed: 11138866. 
Total times 25 >= t <= 50: 3. 
Total times 50 >= t <= 75: 1. 
Total times 75 >= t <= 100: 0. 
Total times t == 100: 0. 
Total time steps survived: 150. 
Total runtime so far (hours/minutes/seconds): 00:19:59
----------------------------------------

----------------------------------------
TRIAL 5 STARTED
----------------------------------------
Start Time: 2024-05-21 23:35:36
At time step 26 the agent is dead
The agent had 18 food, 18 water, and 0 sleep.
The total tree search depth for this trial was 150111. 
The agent accessed its memory 2501170 times. 
The agent cleared its short-term memory 16 times. 
     State prediction error memory resets: 1. 
     Hill memory resets: 15. 
TRIAL 5 COMPLETE ?
End Time: 2024-05-21 23:40:24
Total runtime for this trial (minutes/seconds): 04:48
----------------------------------------
Total hill visits: 89. 
Total prediction errors: 18. 
Total search depth: 811406. 
Total times memory accessed: 13640036. 
Total times 25 >= t <= 50: 4. 
Total times 50 >= t <= 75: 1. 
Total times 75 >= t <= 100: 0. 
Total times t == 100: 0. 
Total time steps survived: 177. 
Total runtime so far (hours/minutes/seconds): 00:24:46
----------------------------------------

----------------------------------------
TRIAL 6 STARTED
----------------------------------------
Start Time: 2024-05-21 23:40:23
At time step 81 the agent is dead
The agent had 19 food, 18 water, and 0 sleep.
The total tree search depth for this trial was 814730. 
The agent accessed its memory 13276571 times. 
The agent cleared its short-term memory 60 times. 
     State prediction error memory resets: 8. 
     Hill memory resets: 52. 
TRIAL 6 COMPLETE ?
End Time: 2024-05-22 00:09:02
Total runtime for this trial (minutes/seconds): 28:39
----------------------------------------
Total hill visits: 141. 
Total prediction errors: 26. 
Total search depth: 1626136. 
Total times memory accessed: 26916607. 
Total times 25 >= t <= 50: 4. 
Total times 50 >= t <= 75: 1. 
Total times 75 >= t <= 100: 1. 
Total times t == 100: 0. 
Total time steps survived: 259. 
Total runtime so far (hours/minutes/seconds): 00:53:24
----------------------------------------

----------------------------------------
TRIAL 7 STARTED
----------------------------------------
Start Time: 2024-05-22 00:09:01
At time step 85 the agent is dead
The agent had 22 food, 0 water, and 24 sleep.
The total tree search depth for this trial was 802619. 
The agent accessed its memory 13235522 times. 
The agent cleared its short-term memory 57 times. 
     State prediction error memory resets: 12. 
     Hill memory resets: 45. 
TRIAL 7 COMPLETE ?
End Time: 2024-05-22 00:35:54
Total runtime for this trial (minutes/seconds): 26:53
----------------------------------------
Total hill visits: 186. 
Total prediction errors: 38. 
Total search depth: 2428755. 
Total times memory accessed: 40152129. 
Total times 25 >= t <= 50: 4. 
Total times 50 >= t <= 75: 1. 
Total times 75 >= t <= 100: 2. 
Total times t == 100: 0. 
Total time steps survived: 345. 
Total runtime so far (hours/minutes/seconds): 01:20:16
----------------------------------------

----------------------------------------
TRIAL 8 STARTED
----------------------------------------
Start Time: 2024-05-22 00:35:53
At time step 99 the agent is dead
The agent had 11 food, 20 water, and 10 sleep.
The total tree search depth for this trial was 1384127. 
The agent accessed its memory 22739686 times. 
The agent cleared its short-term memory 71 times. 
     State prediction error memory resets: 6. 
     Hill memory resets: 65. 
TRIAL 8 COMPLETE ?
End Time: 2024-05-22 01:23:04
Total runtime for this trial (minutes/seconds): 47:11
----------------------------------------
Total hill visits: 251. 
Total prediction errors: 44. 
Total search depth: 3812882. 
Total times memory accessed: 62891815. 
Total times 25 >= t <= 50: 4. 
Total times 50 >= t <= 75: 1. 
Total times 75 >= t <= 100: 2. 
Total times t == 100: 1. 
Total time steps survived: 445. 
Total runtime so far (hours/minutes/seconds): 02:07:26
----------------------------------------

----------------------------------------
TRIAL 9 STARTED
----------------------------------------
Start Time: 2024-05-22 01:23:03
At time step 99 the agent is dead
The agent had 8 food, 15 water, and 17 sleep.
The total tree search depth for this trial was 1626451. 
The agent accessed its memory 26487707 times. 
The agent cleared its short-term memory 79 times. 
     State prediction error memory resets: 4. 
     Hill memory resets: 75. 
TRIAL 9 COMPLETE ?
End Time: 2024-05-22 02:20:49
Total runtime for this trial (minutes/seconds): 57:46
----------------------------------------
Total hill visits: 326. 
Total prediction errors: 48. 
Total search depth: 5439333. 
Total times memory accessed: 89379522. 
Total times 25 >= t <= 50: 4. 
Total times 50 >= t <= 75: 1. 
Total times 75 >= t <= 100: 2. 
Total times t == 100: 2. 
Total time steps survived: 545. 
Total runtime so far (hours/minutes/seconds): 03:05:11
----------------------------------------

----------------------------------------
TRIAL 10 STARTED
----------------------------------------
Start Time: 2024-05-22 02:20:48
At time step 99 the agent is dead
The agent had 6 food, 15 water, and 25 sleep.
The total tree search depth for this trial was 1679598. 
The agent accessed its memory 27148530 times. 
The agent cleared its short-term memory 84 times. 
     State prediction error memory resets: 6. 
     Hill memory resets: 78. 
TRIAL 10 COMPLETE ?
End Time: 2024-05-22 03:22:15
Total runtime for this trial (minutes/seconds): 01:27
----------------------------------------
Total hill visits: 404. 
Total prediction errors: 54. 
Total search depth: 7118931. 
Total times memory accessed: 116528052. 
Total times 25 >= t <= 50: 4. 
Total times 50 >= t <= 75: 1. 
Total times 75 >= t <= 100: 2. 
Total times t == 100: 3. 
Total time steps survived: 645. 
Total runtime so far (hours/minutes/seconds): 04:06:37
----------------------------------------

----------------------------------------
TRIAL 11 STARTED
----------------------------------------
Start Time: 2024-05-22 03:22:14
At time step 40 the agent is dead
The agent had 21 food, 0 water, and 25 sleep.
The total tree search depth for this trial was 564622. 
The agent accessed its memory 9084356 times. 
The agent cleared its short-term memory 33 times. 
     State prediction error memory resets: 3. 
     Hill memory resets: 30. 
TRIAL 11 COMPLETE ?
End Time: 2024-05-22 03:43:17
Total runtime for this trial (minutes/seconds): 21:03
----------------------------------------
Total hill visits: 434. 
Total prediction errors: 57. 
Total search depth: 7683553. 
Total times memory accessed: 125612408. 
Total times 25 >= t <= 50: 5. 
Total times 50 >= t <= 75: 1. 
Total times 75 >= t <= 100: 2. 
Total times t == 100: 3. 
Total time steps survived: 686. 
Total runtime so far (hours/minutes/seconds): 04:27:39
----------------------------------------

----------------------------------------
TRIAL 12 STARTED
----------------------------------------
Start Time: 2024-05-22 03:43:16
At time step 99 the agent is dead
The agent had 22 food, 10 water, and 19 sleep.
The total tree search depth for this trial was 1492060. 
The agent accessed its memory 24281271 times. 
The agent cleared its short-term memory 79 times. 
     State prediction error memory resets: 5. 
     Hill memory resets: 74. 
TRIAL 12 COMPLETE ?
End Time: 2024-05-22 04:36:21
Total runtime for this trial (minutes/seconds): 53:05
----------------------------------------
Total hill visits: 508. 
Total prediction errors: 62. 
Total search depth: 9175613. 
Total times memory accessed: 149893679. 
Total times 25 >= t <= 50: 5. 
Total times 50 >= t <= 75: 1. 
Total times 75 >= t <= 100: 2. 
Total times t == 100: 4. 
Total time steps survived: 786. 
Total runtime so far (hours/minutes/seconds): 05:20:43
----------------------------------------

----------------------------------------
TRIAL 13 STARTED
----------------------------------------
Start Time: 2024-05-22 04:36:20
At time step 99 the agent is dead
The agent had 21 food, 7 water, and 7 sleep.
The total tree search depth for this trial was 1962935. 
The agent accessed its memory 32171266 times. 
The agent cleared its short-term memory 81 times. 
     State prediction error memory resets: 2. 
     Hill memory resets: 79. 
TRIAL 13 COMPLETE ?
End Time: 2024-05-22 05:44:05
Total runtime for this trial (minutes/seconds): 07:45
----------------------------------------
Total hill visits: 587. 
Total prediction errors: 64. 
Total search depth: 11138548. 
Total times memory accessed: 182064945. 
Total times 25 >= t <= 50: 5. 
Total times 50 >= t <= 75: 1. 
Total times 75 >= t <= 100: 2. 
Total times t == 100: 5. 
Total time steps survived: 886. 
Total runtime so far (hours/minutes/seconds): 06:28:27
----------------------------------------

----------------------------------------
TRIAL 14 STARTED
----------------------------------------
Start Time: 2024-05-22 05:44:04
At time step 99 the agent is dead
The agent had 17 food, 3 water, and 12 sleep.
The total tree search depth for this trial was 1480910. 
The agent accessed its memory 24079053 times. 
The agent cleared its short-term memory 82 times. 
     State prediction error memory resets: 2. 
     Hill memory resets: 80. 
TRIAL 14 COMPLETE ?
End Time: 2024-05-22 06:37:02
Total runtime for this trial (minutes/seconds): 52:58
----------------------------------------
Total hill visits: 667. 
Total prediction errors: 66. 
Total search depth: 12619458. 
Total times memory accessed: 206143998. 
Total times 25 >= t <= 50: 5. 
Total times 50 >= t <= 75: 1. 
Total times 75 >= t <= 100: 2. 
Total times t == 100: 6. 
Total time steps survived: 986. 
Total runtime so far (hours/minutes/seconds): 07:21:24
----------------------------------------

----------------------------------------
TRIAL 15 STARTED
----------------------------------------
Start Time: 2024-05-22 06:37:01
At time step 99 the agent is dead
The agent had 21 food, 10 water, and 6 sleep.
The total tree search depth for this trial was 1872835. 
The agent accessed its memory 30365274 times. 
The agent cleared its short-term memory 84 times. 
     State prediction error memory resets: 4. 
     Hill memory resets: 80. 
TRIAL 15 COMPLETE ?
End Time: 2024-05-22 07:44:42
Total runtime for this trial (minutes/seconds): 07:41
----------------------------------------
Total hill visits: 747. 
Total prediction errors: 70. 
Total search depth: 14492293. 
Total times memory accessed: 236509272. 
Total times 25 >= t <= 50: 5. 
Total times 50 >= t <= 75: 1. 
Total times 75 >= t <= 100: 2. 
Total times t == 100: 7. 
Total time steps survived: 1086. 
Total runtime so far (hours/minutes/seconds): 08:29:04
----------------------------------------

----------------------------------------
TRIAL 16 STARTED
----------------------------------------
Start Time: 2024-05-22 07:44:41
At time step 99 the agent is dead
The agent had 14 food, 8 water, and 23 sleep.
The total tree search depth for this trial was 1838890. 
The agent accessed its memory 29992191 times. 
The agent cleared its short-term memory 80 times. 
     State prediction error memory resets: 3. 
     Hill memory resets: 77. 
TRIAL 16 COMPLETE ?
End Time: 2024-05-22 08:49:13
Total runtime for this trial (minutes/seconds): 04:32
----------------------------------------
Total hill visits: 824. 
Total prediction errors: 73. 
Total search depth: 16331183. 
Total times memory accessed: 266501463. 
Total times 25 >= t <= 50: 5. 
Total times 50 >= t <= 75: 1. 
Total times 75 >= t <= 100: 2. 
Total times t == 100: 8. 
Total time steps survived: 1186. 
Total runtime so far (hours/minutes/seconds): 09:33:35
----------------------------------------

----------------------------------------
TRIAL 17 STARTED
----------------------------------------
Start Time: 2024-05-22 08:49:12
At time step 99 the agent is dead
The agent had 9 food, 13 water, and 7 sleep.
The total tree search depth for this trial was 1627708. 
The agent accessed its memory 26568163 times. 
The agent cleared its short-term memory 81 times. 
     State prediction error memory resets: 3. 
     Hill memory resets: 78. 
TRIAL 17 COMPLETE ?
End Time: 2024-05-22 09:45:20
Total runtime for this trial (minutes/seconds): 56:08
----------------------------------------
Total hill visits: 902. 
Total prediction errors: 76. 
Total search depth: 17958891. 
Total times memory accessed: 293069626. 
Total times 25 >= t <= 50: 5. 
Total times 50 >= t <= 75: 1. 
Total times 75 >= t <= 100: 2. 
Total times t == 100: 9. 
Total time steps survived: 1286. 
Total runtime so far (hours/minutes/seconds): 10:29:42
----------------------------------------

----------------------------------------
TRIAL 18 STARTED
----------------------------------------
Start Time: 2024-05-22 09:45:19
At time step 99 the agent is dead
The agent had 22 food, 11 water, and 10 sleep.
The total tree search depth for this trial was 1707567. 
The agent accessed its memory 27919804 times. 
The agent cleared its short-term memory 81 times. 
     State prediction error memory resets: 2. 
     Hill memory resets: 79. 
TRIAL 18 COMPLETE ?
End Time: 2024-05-22 10:43:43
Total runtime for this trial (minutes/seconds): 58:24
----------------------------------------
Total hill visits: 981. 
Total prediction errors: 78. 
Total search depth: 19666458. 
Total times memory accessed: 320989430. 
Total times 25 >= t <= 50: 5. 
Total times 50 >= t <= 75: 1. 
Total times 75 >= t <= 100: 2. 
Total times t == 100: 10. 
Total time steps survived: 1386. 
Total runtime so far (hours/minutes/seconds): 11:28:05
----------------------------------------

----------------------------------------
TRIAL 19 STARTED
----------------------------------------
Start Time: 2024-05-22 10:43:42
At time step 52 the agent is dead
The agent had 7 food, 0 water, and 23 sleep.
The total tree search depth for this trial was 991485. 
The agent accessed its memory 16195195 times. 
The agent cleared its short-term memory 45 times. 
     State prediction error memory resets: 3. 
     Hill memory resets: 42. 
TRIAL 19 COMPLETE ?
End Time: 2024-05-22 11:17:47
Total runtime for this trial (minutes/seconds): 34:05
----------------------------------------
Total hill visits: 1023. 
Total prediction errors: 81. 
Total search depth: 20657943. 
Total times memory accessed: 337184625. 
Total times 25 >= t <= 50: 5. 
Total times 50 >= t <= 75: 2. 
Total times 75 >= t <= 100: 2. 
Total times t == 100: 10. 
Total time steps survived: 1439. 
Total runtime so far (hours/minutes/seconds): 12:02:09
----------------------------------------

----------------------------------------
TRIAL 20 STARTED
----------------------------------------
Start Time: 2024-05-22 11:17:46
At time step 99 the agent is dead
The agent had 8 food, 17 water, and 18 sleep.
The total tree search depth for this trial was 1375516. 
The agent accessed its memory 22410281 times. 
The agent cleared its short-term memory 84 times. 
     State prediction error memory resets: 5. 
     Hill memory resets: 79. 
TRIAL 20 COMPLETE ?
End Time: 2024-05-22 12:05:30
Total runtime for this trial (minutes/seconds): 47:44
----------------------------------------
Total hill visits: 1102. 
Total prediction errors: 86. 
Total search depth: 22033459. 
Total times memory accessed: 359594906. 
Total times 25 >= t <= 50: 5. 
Total times 50 >= t <= 75: 2. 
Total times 75 >= t <= 100: 2. 
Total times t == 100: 11. 
Total time steps survived: 1539. 
Total runtime so far (hours/minutes/seconds): 12:49:52
----------------------------------------

----------------------------------------
TRIAL 21 STARTED
----------------------------------------
Start Time: 2024-05-22 12:05:29
At time step 99 the agent is dead
The agent had 6 food, 17 water, and 16 sleep.
The total tree search depth for this trial was 1455230. 
The agent accessed its memory 23680074 times. 
The agent cleared its short-term memory 83 times. 
     State prediction error memory resets: 3. 
     Hill memory resets: 80. 
TRIAL 21 COMPLETE ?
End Time: 2024-05-22 12:56:15
Total runtime for this trial (minutes/seconds): 50:46
----------------------------------------
Total hill visits: 1182. 
Total prediction errors: 89. 
Total search depth: 23488689. 
Total times memory accessed: 383274980. 
Total times 25 >= t <= 50: 5. 
Total times 50 >= t <= 75: 2. 
Total times 75 >= t <= 100: 2. 
Total times t == 100: 12. 
Total time steps survived: 1639. 
Total runtime so far (hours/minutes/seconds): 13:40:37
----------------------------------------

----------------------------------------
TRIAL 22 STARTED
----------------------------------------
Start Time: 2024-05-22 12:56:14
At time step 99 the agent is dead
The agent had 5 food, 7 water, and 17 sleep.
The total tree search depth for this trial was 1748624. 
The agent accessed its memory 28516428 times. 
The agent cleared its short-term memory 83 times. 
     State prediction error memory resets: 2. 
     Hill memory resets: 81. 
TRIAL 22 COMPLETE ?
End Time: 2024-05-22 13:56:45
Total runtime for this trial (minutes/seconds): 00:31
----------------------------------------
Total hill visits: 1263. 
Total prediction errors: 91. 
Total search depth: 25237313. 
Total times memory accessed: 411791408. 
Total times 25 >= t <= 50: 5. 
Total times 50 >= t <= 75: 2. 
Total times 75 >= t <= 100: 2. 
Total times t == 100: 13. 
Total time steps survived: 1739. 
Total runtime so far (hours/minutes/seconds): 14:41:07
----------------------------------------

----------------------------------------
TRIAL 23 STARTED
----------------------------------------
Start Time: 2024-05-22 13:56:44
At time step 99 the agent is dead
The agent had 17 food, 17 water, and 6 sleep.
The total tree search depth for this trial was 1971742. 
The agent accessed its memory 32262726 times. 
The agent cleared its short-term memory 89 times. 
     State prediction error memory resets: 7. 
     Hill memory resets: 82. 
TRIAL 23 COMPLETE ?
End Time: 2024-05-22 15:04:02
Total runtime for this trial (minutes/seconds): 07:18
----------------------------------------
Total hill visits: 1345. 
Total prediction errors: 98. 
Total search depth: 27209055. 
Total times memory accessed: 444054134. 
Total times 25 >= t <= 50: 5. 
Total times 50 >= t <= 75: 2. 
Total times 75 >= t <= 100: 2. 
Total times t == 100: 14. 
Total time steps survived: 1839. 
Total runtime so far (hours/minutes/seconds): 15:48:24
----------------------------------------

----------------------------------------
TRIAL 24 STARTED
----------------------------------------
Start Time: 2024-05-22 15:04:01
At time step 40 the agent is dead
The agent had 21 food, 0 water, and 25 sleep.
The total tree search depth for this trial was 861997. 
The agent accessed its memory 13992113 times. 
The agent cleared its short-term memory 35 times. 
     State prediction error memory resets: 3. 
     Hill memory resets: 32. 
TRIAL 24 COMPLETE ?
End Time: 2024-05-22 15:34:27
Total runtime for this trial (minutes/seconds): 30:26
----------------------------------------
Total hill visits: 1377. 
Total prediction errors: 101. 
Total search depth: 28071052. 
Total times memory accessed: 458046247. 
Total times 25 >= t <= 50: 6. 
Total times 50 >= t <= 75: 2. 
Total times 75 >= t <= 100: 2. 
Total times t == 100: 14. 
Total time steps survived: 1880. 
Total runtime so far (hours/minutes/seconds): 16:18:49
----------------------------------------

----------------------------------------
TRIAL 25 STARTED
----------------------------------------
Start Time: 2024-05-22 15:34:26
At time step 99 the agent is dead
The agent had 8 food, 17 water, and 18 sleep.
The total tree search depth for this trial was 1279385. 
The agent accessed its memory 20861637 times. 
The agent cleared its short-term memory 82 times. 
     State prediction error memory resets: 1. 
     Hill memory resets: 81. 
TRIAL 25 COMPLETE ?
End Time: 2024-05-22 16:18:41
Total runtime for this trial (minutes/seconds): 44:15
----------------------------------------
Total hill visits: 1458. 
Total prediction errors: 102. 
Total search depth: 29350437. 
Total times memory accessed: 478907884. 
Total times 25 >= t <= 50: 6. 
Total times 50 >= t <= 75: 2. 
Total times 75 >= t <= 100: 2. 
Total times t == 100: 15. 
Total time steps survived: 1980. 
Total runtime so far (hours/minutes/seconds): 17:03:03
----------------------------------------

----------------------------------------
TRIAL 26 STARTED
----------------------------------------
Start Time: 2024-05-22 16:18:40
At time step 97 the agent is dead
The agent had 21 food, 0 water, and 23 sleep.
The total tree search depth for this trial was 1511458. 
The agent accessed its memory 24774871 times. 
The agent cleared its short-term memory 78 times. 
     State prediction error memory resets: 5. 
     Hill memory resets: 73. 
TRIAL 26 COMPLETE ?
End Time: 2024-05-22 17:09:46
Total runtime for this trial (minutes/seconds): 51:06
----------------------------------------
Total hill visits: 1531. 
Total prediction errors: 107. 
Total search depth: 30861895. 
Total times memory accessed: 503682755. 
Total times 25 >= t <= 50: 6. 
Total times 50 >= t <= 75: 2. 
Total times 75 >= t <= 100: 3. 
Total times t == 100: 15. 
Total time steps survived: 2078. 
Total runtime so far (hours/minutes/seconds): 17:54:08
----------------------------------------

----------------------------------------
TRIAL 27 STARTED
----------------------------------------
Start Time: 2024-05-22 17:09:45
At time step 53 the agent is dead
The agent had 20 food, 0 water, and 22 sleep.
The total tree search depth for this trial was 1002559. 
The agent accessed its memory 16328153 times. 
The agent cleared its short-term memory 38 times. 
     State prediction error memory resets: 2. 
     Hill memory resets: 36. 
TRIAL 27 COMPLETE ?
End Time: 2024-05-22 17:44:39
Total runtime for this trial (minutes/seconds): 34:54
----------------------------------------
Total hill visits: 1567. 
Total prediction errors: 109. 
Total search depth: 31864454. 
Total times memory accessed: 520010908. 
Total times 25 >= t <= 50: 6. 
Total times 50 >= t <= 75: 3. 
Total times 75 >= t <= 100: 3. 
Total times t == 100: 15. 
Total time steps survived: 2132. 
Total runtime so far (hours/minutes/seconds): 18:29:01
----------------------------------------

----------------------------------------
TRIAL 28 STARTED
----------------------------------------
Start Time: 2024-05-22 17:44:38
At time step 99 the agent is dead
The agent had 21 food, 20 water, and 23 sleep.
The total tree search depth for this trial was 2078580. 
The agent accessed its memory 33930468 times. 
The agent cleared its short-term memory 83 times. 
     State prediction error memory resets: 5. 
     Hill memory resets: 78. 
TRIAL 28 COMPLETE ?
End Time: 2024-05-22 18:56:16
Total runtime for this trial (minutes/seconds): 11:38
----------------------------------------
Total hill visits: 1645. 
Total prediction errors: 114. 
Total search depth: 33943034. 
Total times memory accessed: 553941376. 
Total times 25 >= t <= 50: 6. 
Total times 50 >= t <= 75: 3. 
Total times 75 >= t <= 100: 3. 
Total times t == 100: 16. 
Total time steps survived: 2232. 
Total runtime so far (hours/minutes/seconds): 19:40:38
----------------------------------------

----------------------------------------
TRIAL 29 STARTED
----------------------------------------
Start Time: 2024-05-22 18:56:15
At time step 99 the agent is dead
The agent had 18 food, 9 water, and 24 sleep.
The total tree search depth for this trial was 1934619. 
The agent accessed its memory 31635242 times. 
The agent cleared its short-term memory 80 times. 
     State prediction error memory resets: 3. 
     Hill memory resets: 77. 
TRIAL 29 COMPLETE ?
End Time: 2024-05-22 20:02:19
Total runtime for this trial (minutes/seconds): 06:04
----------------------------------------
Total hill visits: 1722. 
Total prediction errors: 117. 
Total search depth: 35877653. 
Total times memory accessed: 585576618. 
Total times 25 >= t <= 50: 6. 
Total times 50 >= t <= 75: 3. 
Total times 75 >= t <= 100: 3. 
Total times t == 100: 17. 
Total time steps survived: 2332. 
Total runtime so far (hours/minutes/seconds): 20:46:41
----------------------------------------

----------------------------------------
TRIAL 30 STARTED
----------------------------------------
Start Time: 2024-05-22 20:02:18
At time step 99 the agent is dead
The agent had 17 food, 18 water, and 14 sleep.
The total tree search depth for this trial was 1864856. 
The agent accessed its memory 30570518 times. 
The agent cleared its short-term memory 80 times. 
     State prediction error memory resets: 5. 
     Hill memory resets: 75. 
TRIAL 30 COMPLETE ?
End Time: 2024-05-22 21:05:21
Total runtime for this trial (minutes/seconds): 03:03
----------------------------------------
Total hill visits: 1797. 
Total prediction errors: 122. 
Total search depth: 37742509. 
Total times memory accessed: 616147136. 
Total times 25 >= t <= 50: 6. 
Total times 50 >= t <= 75: 3. 
Total times 75 >= t <= 100: 3. 
Total times t == 100: 18. 
Total time steps survived: 2432. 
Total runtime so far (hours/minutes/seconds): 21:49:43
----------------------------------------

----------------------------------------
TRIAL 31 STARTED
----------------------------------------
Start Time: 2024-05-22 21:05:20
At time step 99 the agent is dead
The agent had 18 food, 18 water, and 13 sleep.
The total tree search depth for this trial was 1550116. 
The agent accessed its memory 25324692 times. 
The agent cleared its short-term memory 80 times. 
     State prediction error memory resets: 3. 
     Hill memory resets: 77. 
TRIAL 31 COMPLETE ?
End Time: 2024-05-22 21:58:24
Total runtime for this trial (minutes/seconds): 53:04
----------------------------------------
Total hill visits: 1874. 
Total prediction errors: 125. 
Total search depth: 39292625. 
Total times memory accessed: 641471828. 
Total times 25 >= t <= 50: 6. 
Total times 50 >= t <= 75: 3. 
Total times 75 >= t <= 100: 3. 
Total times t == 100: 19. 
Total time steps survived: 2532. 
Total runtime so far (hours/minutes/seconds): 22:42:46
----------------------------------------

----------------------------------------
TRIAL 32 STARTED
----------------------------------------
Start Time: 2024-05-22 21:58:23
At time step 94 the agent is dead
The agent had 21 food, 0 water, and 23 sleep.
The total tree search depth for this trial was 1426774. 
The agent accessed its memory 23233362 times. 
The agent cleared its short-term memory 78 times. 
     State prediction error memory resets: 4. 
     Hill memory resets: 74. 
TRIAL 32 COMPLETE ?
End Time: 2024-05-22 22:47:57
Total runtime for this trial (minutes/seconds): 49:34
----------------------------------------
Total hill visits: 1948. 
Total prediction errors: 129. 
Total search depth: 40719399. 
Total times memory accessed: 664705190. 
Total times 25 >= t <= 50: 6. 
Total times 50 >= t <= 75: 3. 
Total times 75 >= t <= 100: 4. 
Total times t == 100: 19. 
Total time steps survived: 2627. 
Total runtime so far (hours/minutes/seconds): 23:32:19
----------------------------------------

----------------------------------------
TRIAL 33 STARTED
----------------------------------------
Start Time: 2024-05-22 22:47:56
At time step 94 the agent is dead
The agent had 21 food, 0 water, and 23 sleep.
The total tree search depth for this trial was 1646566. 
The agent accessed its memory 26684706 times. 
The agent cleared its short-term memory 82 times. 
     State prediction error memory resets: 6. 
     Hill memory resets: 76. 
TRIAL 33 COMPLETE ?
End Time: 2024-05-22 23:46:20
Total runtime for this trial (minutes/seconds): 58:24
----------------------------------------
Total hill visits: 2024. 
Total prediction errors: 135. 
Total search depth: 42365965. 
Total times memory accessed: 691389896. 
Total times 25 >= t <= 50: 6. 
Total times 50 >= t <= 75: 3. 
Total times 75 >= t <= 100: 5. 
Total times t == 100: 19. 
Total time steps survived: 2722. 
Total runtime so far (hours/minutes/seconds): 24:30:42
----------------------------------------

----------------------------------------
TRIAL 34 STARTED
----------------------------------------
Start Time: 2024-05-22 23:46:19
At time step 99 the agent is dead
The agent had 18 food, 2 water, and 3 sleep.
The total tree search depth for this trial was 1583905. 
The agent accessed its memory 25822622 times. 
The agent cleared its short-term memory 85 times. 
     State prediction error memory resets: 4. 
     Hill memory resets: 81. 
TRIAL 34 COMPLETE ?
End Time: 2024-05-23 00:41:06
Total runtime for this trial (minutes/seconds): 54:47
----------------------------------------
Total hill visits: 2105. 
Total prediction errors: 139. 
Total search depth: 43949870. 
Total times memory accessed: 717212518. 
Total times 25 >= t <= 50: 6. 
Total times 50 >= t <= 75: 3. 
Total times 75 >= t <= 100: 5. 
Total times t == 100: 20. 
Total time steps survived: 2822. 
Total runtime so far (hours/minutes/seconds): 25:25:28
----------------------------------------

----------------------------------------
TRIAL 35 STARTED
----------------------------------------
Start Time: 2024-05-23 00:41:05
At time step 99 the agent is dead
The agent had 20 food, 11 water, and 6 sleep.
The total tree search depth for this trial was 1679623. 
The agent accessed its memory 27398358 times. 
The agent cleared its short-term memory 84 times. 
     State prediction error memory resets: 2. 
     Hill memory resets: 82. 
TRIAL 35 COMPLETE ?
End Time: 2024-05-23 01:39:00
Total runtime for this trial (minutes/seconds): 57:55
----------------------------------------
Total hill visits: 2187. 
Total prediction errors: 141. 
Total search depth: 45629493. 
Total times memory accessed: 744610876. 
Total times 25 >= t <= 50: 6. 
Total times 50 >= t <= 75: 3. 
Total times 75 >= t <= 100: 5. 
Total times t == 100: 21. 
Total time steps survived: 2922. 
Total runtime so far (hours/minutes/seconds): 26:23:22
----------------------------------------

----------------------------------------
TRIAL 36 STARTED
----------------------------------------
Start Time: 2024-05-23 01:38:59
At time step 99 the agent is dead
The agent had 19 food, 10 water, and 11 sleep.
The total tree search depth for this trial was 1852446. 
The agent accessed its memory 30382388 times. 
The agent cleared its short-term memory 81 times. 
     State prediction error memory resets: 1. 
     Hill memory resets: 80. 
TRIAL 36 COMPLETE ?
End Time: 2024-05-23 02:41:24
Total runtime for this trial (minutes/seconds): 02:25
----------------------------------------
Total hill visits: 2267. 
Total prediction errors: 142. 
Total search depth: 47481939. 
Total times memory accessed: 774993264. 
Total times 25 >= t <= 50: 6. 
Total times 50 >= t <= 75: 3. 
Total times 75 >= t <= 100: 5. 
Total times t == 100: 22. 
Total time steps survived: 3022. 
Total runtime so far (hours/minutes/seconds): 27:25:46
----------------------------------------

----------------------------------------
TRIAL 37 STARTED
----------------------------------------
Start Time: 2024-05-23 02:41:23
At time step 78 the agent is dead
The agent had 21 food, 0 water, and 23 sleep.
The total tree search depth for this trial was 1303126. 
The agent accessed its memory 21182948 times. 
The agent cleared its short-term memory 64 times. 
     State prediction error memory resets: 3. 
     Hill memory resets: 61. 
TRIAL 37 COMPLETE ?
End Time: 2024-05-23 03:26:59
Total runtime for this trial (minutes/seconds): 45:36
----------------------------------------
Total hill visits: 2328. 
Total prediction errors: 145. 
Total search depth: 48785065. 
Total times memory accessed: 796176212. 
Total times 25 >= t <= 50: 6. 
Total times 50 >= t <= 75: 3. 
Total times 75 >= t <= 100: 6. 
Total times t == 100: 22. 
Total time steps survived: 3101. 
Total runtime so far (hours/minutes/seconds): 28:11:21
----------------------------------------

----------------------------------------
TRIAL 38 STARTED
----------------------------------------
Start Time: 2024-05-23 03:26:58
At time step 99 the agent is dead
The agent had 12 food, 17 water, and 5 sleep.
The total tree search depth for this trial was 1252966. 
The agent accessed its memory 20300383 times. 
The agent cleared its short-term memory 85 times. 
     State prediction error memory resets: 3. 
     Hill memory resets: 82. 
TRIAL 38 COMPLETE ?
End Time: 2024-05-23 04:11:22
Total runtime for this trial (minutes/seconds): 44:24
----------------------------------------
Total hill visits: 2410. 
Total prediction errors: 148. 
Total search depth: 50038031. 
Total times memory accessed: 816476595. 
Total times 25 >= t <= 50: 6. 
Total times 50 >= t <= 75: 3. 
Total times 75 >= t <= 100: 6. 
Total times t == 100: 23. 
Total time steps survived: 3201. 
Total runtime so far (hours/minutes/seconds): 28:55:44
----------------------------------------

----------------------------------------
TRIAL 39 STARTED
----------------------------------------
Start Time: 2024-05-23 04:11:21
At time step 66 the agent is dead
The agent had 20 food, 8 water, and 0 sleep.
The total tree search depth for this trial was 1242265. 
The agent accessed its memory 20234540 times. 
The agent cleared its short-term memory 56 times. 
     State prediction error memory resets: 5. 
     Hill memory resets: 51. 
TRIAL 39 COMPLETE ?
End Time: 2024-05-23 04:54:30
Total runtime for this trial (minutes/seconds): 43:09
----------------------------------------
Total hill visits: 2461. 
Total prediction errors: 153. 
Total search depth: 51280296. 
Total times memory accessed: 836711135. 
Total times 25 >= t <= 50: 6. 
Total times 50 >= t <= 75: 4. 
Total times 75 >= t <= 100: 6. 
Total times t == 100: 23. 
Total time steps survived: 3268. 
Total runtime so far (hours/minutes/seconds): 29:38:52
----------------------------------------

----------------------------------------
TRIAL 40 STARTED
----------------------------------------
Start Time: 2024-05-23 04:54:29
At time step 99 the agent is dead
The agent had 14 food, 5 water, and 14 sleep.
The total tree search depth for this trial was 1661685. 
The agent accessed its memory 27282092 times. 
The agent cleared its short-term memory 78 times. 
     State prediction error memory resets: 2. 
     Hill memory resets: 76. 
TRIAL 40 COMPLETE ?
End Time: 2024-05-23 05:50:09
Total runtime for this trial (minutes/seconds): 55:40
----------------------------------------
Total hill visits: 2537. 
Total prediction errors: 155. 
Total search depth: 52941981. 
Total times memory accessed: 863993227. 
Total times 25 >= t <= 50: 6. 
Total times 50 >= t <= 75: 4. 
Total times 75 >= t <= 100: 6. 
Total times t == 100: 24. 
Total time steps survived: 3368. 
Total runtime so far (hours/minutes/seconds): 30:34:31
----------------------------------------

----------------------------------------
TRIAL 41 STARTED
----------------------------------------
Start Time: 2024-05-23 05:50:08
At time step 99 the agent is dead
The agent had 16 food, 9 water, and 11 sleep.
The total tree search depth for this trial was 1813814. 
The agent accessed its memory 29562158 times. 
The agent cleared its short-term memory 83 times. 
     State prediction error memory resets: 3. 
     Hill memory resets: 80. 
TRIAL 41 COMPLETE ?
End Time: 2024-05-23 06:52:53
Total runtime for this trial (minutes/seconds): 02:45
----------------------------------------
Total hill visits: 2617. 
Total prediction errors: 158. 
Total search depth: 54755795. 
Total times memory accessed: 893555385. 
Total times 25 >= t <= 50: 6. 
Total times 50 >= t <= 75: 4. 
Total times 75 >= t <= 100: 6. 
Total times t == 100: 25. 
Total time steps survived: 3468. 
Total runtime so far (hours/minutes/seconds): 31:37:15
----------------------------------------

----------------------------------------
TRIAL 42 STARTED
----------------------------------------
Start Time: 2024-05-23 06:52:52
At time step 99 the agent is dead
The agent had 21 food, 20 water, and 23 sleep.
The total tree search depth for this trial was 2027971. 
The agent accessed its memory 33218240 times. 
The agent cleared its short-term memory 81 times. 
     State prediction error memory resets: 6. 
     Hill memory resets: 75. 
TRIAL 42 COMPLETE ?
End Time: 2024-05-23 08:01:30
Total runtime for this trial (minutes/seconds): 08:38
----------------------------------------
Total hill visits: 2692. 
Total prediction errors: 164. 
Total search depth: 56783766. 
Total times memory accessed: 926773625. 
Total times 25 >= t <= 50: 6. 
Total times 50 >= t <= 75: 4. 
Total times 75 >= t <= 100: 6. 
Total times t == 100: 26. 
Total time steps survived: 3568. 
Total runtime so far (hours/minutes/seconds): 32:45:52
----------------------------------------

----------------------------------------
TRIAL 43 STARTED
----------------------------------------
Start Time: 2024-05-23 08:01:29
At time step 99 the agent is dead
The agent had 22 food, 5 water, and 17 sleep.
The total tree search depth for this trial was 1745771. 
The agent accessed its memory 28609709 times. 
The agent cleared its short-term memory 83 times. 
     State prediction error memory resets: 1. 
     Hill memory resets: 82. 
TRIAL 43 COMPLETE ?
End Time: 2024-05-23 09:00:29
Total runtime for this trial (minutes/seconds): 59:00
----------------------------------------
Total hill visits: 2774. 
Total prediction errors: 165. 
Total search depth: 58529537. 
Total times memory accessed: 955383334. 
Total times 25 >= t <= 50: 6. 
Total times 50 >= t <= 75: 4. 
Total times 75 >= t <= 100: 6. 
Total times t == 100: 27. 
Total time steps survived: 3668. 
Total runtime so far (hours/minutes/seconds): 33:44:51
----------------------------------------

----------------------------------------
TRIAL 44 STARTED
----------------------------------------
Start Time: 2024-05-23 09:00:28
At time step 99 the agent is dead
The agent had 8 food, 17 water, and 13 sleep.
The total tree search depth for this trial was 1883870. 
The agent accessed its memory 30803503 times. 
The agent cleared its short-term memory 85 times. 
     State prediction error memory resets: 3. 
     Hill memory resets: 82. 
TRIAL 44 COMPLETE ?
End Time: 2024-05-23 10:04:44
Total runtime for this trial (minutes/seconds): 04:16
----------------------------------------
Total hill visits: 2856. 
Total prediction errors: 168. 
Total search depth: 60413407. 
Total times memory accessed: 986186837. 
Total times 25 >= t <= 50: 6. 
Total times 50 >= t <= 75: 4. 
Total times 75 >= t <= 100: 6. 
Total times t == 100: 28. 
Total time steps survived: 3768. 
Total runtime so far (hours/minutes/seconds): 34:49:06
----------------------------------------

----------------------------------------
TRIAL 45 STARTED
----------------------------------------
Start Time: 2024-05-23 10:04:43
At time step 99 the agent is dead
The agent had 19 food, 20 water, and 13 sleep.
The total tree search depth for this trial was 1902080. 
The agent accessed its memory 30934535 times. 
The agent cleared its short-term memory 86 times. 
     State prediction error memory resets: 4. 
     Hill memory resets: 82. 
TRIAL 45 COMPLETE ?
End Time: 2024-05-23 11:11:13
Total runtime for this trial (minutes/seconds): 06:30
----------------------------------------
Total hill visits: 2938. 
Total prediction errors: 172. 
Total search depth: 62315487. 
Total times memory accessed: 1017121372. 
Total times 25 >= t <= 50: 6. 
Total times 50 >= t <= 75: 4. 
Total times 75 >= t <= 100: 6. 
Total times t == 100: 29. 
Total time steps survived: 3868. 
Total runtime so far (hours/minutes/seconds): 35:55:35
----------------------------------------

----------------------------------------
TRIAL 46 STARTED
----------------------------------------
Start Time: 2024-05-23 11:11:12
At time step 79 the agent is dead
The agent had 14 food, 18 water, and 0 sleep.
The total tree search depth for this trial was 1317701. 
The agent accessed its memory 21431197 times. 
The agent cleared its short-term memory 65 times. 
     State prediction error memory resets: 4. 
     Hill memory resets: 61. 
TRIAL 46 COMPLETE ?
End Time: 2024-05-23 11:57:13
Total runtime for this trial (minutes/seconds): 46:01
----------------------------------------
Total hill visits: 2999. 
Total prediction errors: 176. 
Total search depth: 63633188. 
Total times memory accessed: 1038552569. 
Total times 25 >= t <= 50: 6. 
Total times 50 >= t <= 75: 4. 
Total times 75 >= t <= 100: 7. 
Total times t == 100: 29. 
Total time steps survived: 3948. 
Total runtime so far (hours/minutes/seconds): 36:41:35
----------------------------------------

----------------------------------------
TRIAL 47 STARTED
----------------------------------------
Start Time: 2024-05-23 11:57:12
At time step 99 the agent is dead
The agent had 8 food, 14 water, and 24 sleep.
The total tree search depth for this trial was 1929826. 
The agent accessed its memory 31422357 times. 
The agent cleared its short-term memory 82 times. 
     State prediction error memory resets: 2. 
     Hill memory resets: 80. 
TRIAL 47 COMPLETE ?
End Time: 2024-05-23 13:04:15
Total runtime for this trial (minutes/seconds): 07:03
----------------------------------------
Total hill visits: 3079. 
Total prediction errors: 178. 
Total search depth: 65563014. 
Total times memory accessed: 1069974926. 
Total times 25 >= t <= 50: 6. 
Total times 50 >= t <= 75: 4. 
Total times 75 >= t <= 100: 7. 
Total times t == 100: 30. 
Total time steps survived: 4048. 
Total runtime so far (hours/minutes/seconds): 37:48:37
----------------------------------------

----------------------------------------
TRIAL 48 STARTED
----------------------------------------
Start Time: 2024-05-23 13:04:14
At time step 99 the agent is dead
The agent had 9 food, 20 water, and 19 sleep.
The total tree search depth for this trial was 2036340. 
The agent accessed its memory 33261602 times. 
The agent cleared its short-term memory 84 times. 
     State prediction error memory resets: 4. 
     Hill memory resets: 80. 
TRIAL 48 COMPLETE ?
End Time: 2024-05-23 14:14:03
Total runtime for this trial (minutes/seconds): 09:49
----------------------------------------
Total hill visits: 3159. 
Total prediction errors: 182. 
Total search depth: 67599354. 
Total times memory accessed: 1103236528. 
Total times 25 >= t <= 50: 6. 
Total times 50 >= t <= 75: 4. 
Total times 75 >= t <= 100: 7. 
Total times t == 100: 31. 
Total time steps survived: 4148. 
Total runtime so far (hours/minutes/seconds): 38:58:25
----------------------------------------

----------------------------------------
TRIAL 49 STARTED
----------------------------------------
Start Time: 2024-05-23 14:14:02
At time step 99 the agent is dead
The agent had 16 food, 18 water, and 14 sleep.
The total tree search depth for this trial was 1636195. 
The agent accessed its memory 26719028 times. 
The agent cleared its short-term memory 86 times. 
     State prediction error memory resets: 6. 
     Hill memory resets: 80. 
TRIAL 49 COMPLETE ?
End Time: 2024-05-23 15:10:04
Total runtime for this trial (minutes/seconds): 56:02
----------------------------------------
Total hill visits: 3239. 
Total prediction errors: 188. 
Total search depth: 69235549. 
Total times memory accessed: 1129955556. 
Total times 25 >= t <= 50: 6. 
Total times 50 >= t <= 75: 4. 
Total times 75 >= t <= 100: 7. 
Total times t == 100: 32. 
Total time steps survived: 4248. 
Total runtime so far (hours/minutes/seconds): 39:54:26
----------------------------------------

----------------------------------------
TRIAL 50 STARTED
----------------------------------------
Start Time: 2024-05-23 15:10:03
At time step 99 the agent is dead
The agent had 15 food, 19 water, and 11 sleep.
The total tree search depth for this trial was 1629192. 
The agent accessed its memory 26652437 times. 
The agent cleared its short-term memory 82 times. 
     State prediction error memory resets: 5. 
     Hill memory resets: 77. 
TRIAL 50 COMPLETE ?
End Time: 2024-05-23 16:05:26
Total runtime for this trial (minutes/seconds): 55:23
----------------------------------------
Total hill visits: 3316. 
Total prediction errors: 193. 
Total search depth: 70864741. 
Total times memory accessed: 1156607993. 
Total times 25 >= t <= 50: 6. 
Total times 50 >= t <= 75: 4. 
Total times 75 >= t <= 100: 7. 
Total times t == 100: 33. 
Total time steps survived: 4348. 
Total runtime so far (hours/minutes/seconds): 40:49:48
----------------------------------------

----------------------------------------
TRIAL 51 STARTED
----------------------------------------
Start Time: 2024-05-23 16:05:25
At time step 99 the agent is dead
The agent had 14 food, 17 water, and 11 sleep.
The total tree search depth for this trial was 1553201. 
The agent accessed its memory 25422357 times. 
The agent cleared its short-term memory 86 times. 
     State prediction error memory resets: 3. 
     Hill memory resets: 83. 
TRIAL 51 COMPLETE ?
End Time: 2024-05-23 16:58:10
Total runtime for this trial (minutes/seconds): 52:45
----------------------------------------
Total hill visits: 3399. 
Total prediction errors: 196. 
Total search depth: 72417942. 
Total times memory accessed: 1182030350. 
Total times 25 >= t <= 50: 6. 
Total times 50 >= t <= 75: 4. 
Total times 75 >= t <= 100: 7. 
Total times t == 100: 34. 
Total time steps survived: 4448. 
Total runtime so far (hours/minutes/seconds): 41:42:32
----------------------------------------

----------------------------------------
TRIAL 52 STARTED
----------------------------------------
Start Time: 2024-05-23 16:58:09
At time step 99 the agent is dead
The agent had 14 food, 17 water, and 8 sleep.
The total tree search depth for this trial was 1559197. 
The agent accessed its memory 25457315 times. 
The agent cleared its short-term memory 83 times. 
     State prediction error memory resets: 3. 
     Hill memory resets: 80. 
TRIAL 52 COMPLETE ?
End Time: 2024-05-23 17:51:39
Total runtime for this trial (minutes/seconds): 53:30
----------------------------------------
Total hill visits: 3479. 
Total prediction errors: 199. 
Total search depth: 73977139. 
Total times memory accessed: 1207487665. 
Total times 25 >= t <= 50: 6. 
Total times 50 >= t <= 75: 4. 
Total times 75 >= t <= 100: 7. 
Total times t == 100: 35. 
Total time steps survived: 4548. 
Total runtime so far (hours/minutes/seconds): 42:36:01
----------------------------------------

----------------------------------------
TRIAL 53 STARTED
----------------------------------------
Start Time: 2024-05-23 17:51:38
At time step 99 the agent is dead
The agent had 19 food, 20 water, and 8 sleep.
The total tree search depth for this trial was 1500537. 
The agent accessed its memory 24503392 times. 
The agent cleared its short-term memory 83 times. 
     State prediction error memory resets: 1. 
     Hill memory resets: 82. 
TRIAL 53 COMPLETE ?
End Time: 2024-05-23 18:43:05
Total runtime for this trial (minutes/seconds): 51:27
----------------------------------------
Total hill visits: 3561. 
Total prediction errors: 200. 
Total search depth: 75477676. 
Total times memory accessed: 1231991057. 
Total times 25 >= t <= 50: 6. 
Total times 50 >= t <= 75: 4. 
Total times 75 >= t <= 100: 7. 
Total times t == 100: 36. 
Total time steps survived: 4648. 
Total runtime so far (hours/minutes/seconds): 43:27:27
----------------------------------------

----------------------------------------
TRIAL 54 STARTED
----------------------------------------
Start Time: 2024-05-23 18:43:04
At time step 99 the agent is dead
The agent had 8 food, 8 water, and 18 sleep.
The total tree search depth for this trial was 1851608. 
The agent accessed its memory 30245356 times. 
The agent cleared its short-term memory 86 times. 
     State prediction error memory resets: 4. 
     Hill memory resets: 82. 
TRIAL 54 COMPLETE ?
End Time: 2024-05-23 19:46:35
Total runtime for this trial (minutes/seconds): 03:31
----------------------------------------
Total hill visits: 3643. 
Total prediction errors: 204. 
Total search depth: 77329284. 
Total times memory accessed: 1262236413. 
Total times 25 >= t <= 50: 6. 
Total times 50 >= t <= 75: 4. 
Total times 75 >= t <= 100: 7. 
Total times t == 100: 37. 
Total time steps survived: 4748. 
Total runtime so far (hours/minutes/seconds): 44:30:57
----------------------------------------

----------------------------------------
TRIAL 55 STARTED
----------------------------------------
Start Time: 2024-05-23 19:46:34
At time step 99 the agent is dead
The agent had 16 food, 19 water, and 14 sleep.
The total tree search depth for this trial was 1701625. 
The agent accessed its memory 27806158 times. 
The agent cleared its short-term memory 88 times. 
     State prediction error memory resets: 7. 
     Hill memory resets: 81. 
TRIAL 55 COMPLETE ?
End Time: 2024-05-23 20:44:44
Total runtime for this trial (minutes/seconds): 58:10
----------------------------------------
Total hill visits: 3724. 
Total prediction errors: 211. 
Total search depth: 79030909. 
Total times memory accessed: 1290042571. 
Total times 25 >= t <= 50: 6. 
Total times 50 >= t <= 75: 4. 
Total times 75 >= t <= 100: 7. 
Total times t == 100: 38. 
Total time steps survived: 4848. 
Total runtime so far (hours/minutes/seconds): 45:29:06
----------------------------------------

----------------------------------------
TRIAL 56 STARTED
----------------------------------------
Start Time: 2024-05-23 20:44:43
At time step 99 the agent is dead
The agent had 7 food, 17 water, and 15 sleep.
The total tree search depth for this trial was 1636671. 
The agent accessed its memory 26645305 times. 
The agent cleared its short-term memory 81 times. 
     State prediction error memory resets: 2. 
     Hill memory resets: 79. 
TRIAL 56 COMPLETE ?
End Time: 2024-05-23 21:41:33
Total runtime for this trial (minutes/seconds): 56:50
----------------------------------------
Total hill visits: 3803. 
Total prediction errors: 213. 
Total search depth: 80667580. 
Total times memory accessed: 1316687876. 
Total times 25 >= t <= 50: 6. 
Total times 50 >= t <= 75: 4. 
Total times 75 >= t <= 100: 7. 
Total times t == 100: 39. 
Total time steps survived: 4948. 
Total runtime so far (hours/minutes/seconds): 46:25:55
----------------------------------------

----------------------------------------
TRIAL 57 STARTED
----------------------------------------
Start Time: 2024-05-23 21:41:32
At time step 99 the agent is dead
The agent had 19 food, 13 water, and 16 sleep.
The total tree search depth for this trial was 1453116. 
The agent accessed its memory 23823424 times. 
The agent cleared its short-term memory 80 times. 
     State prediction error memory resets: 4. 
     Hill memory resets: 76. 
TRIAL 57 COMPLETE ?
End Time: 2024-05-23 22:30:27
Total runtime for this trial (minutes/seconds): 48:55
----------------------------------------
Total hill visits: 3879. 
Total prediction errors: 217. 
Total search depth: 82120696. 
Total times memory accessed: 1340511300. 
Total times 25 >= t <= 50: 6. 
Total times 50 >= t <= 75: 4. 
Total times 75 >= t <= 100: 7. 
Total times t == 100: 40. 
Total time steps survived: 5048. 
Total runtime so far (hours/minutes/seconds): 47:14:49
----------------------------------------

----------------------------------------
TRIAL 58 STARTED
----------------------------------------
Start Time: 2024-05-23 22:30:26
At time step 99 the agent is dead
The agent had 8 food, 8 water, and 18 sleep.
The total tree search depth for this trial was 1882692. 
The agent accessed its memory 30605962 times. 
The agent cleared its short-term memory 87 times. 
     State prediction error memory resets: 4. 
     Hill memory resets: 83. 
TRIAL 58 COMPLETE ?
End Time: 2024-05-23 23:36:20
Total runtime for this trial (minutes/seconds): 05:54
----------------------------------------
Total hill visits: 3962. 
Total prediction errors: 221. 
Total search depth: 84003388. 
Total times memory accessed: 1371117262. 
Total times 25 >= t <= 50: 6. 
Total times 50 >= t <= 75: 4. 
Total times 75 >= t <= 100: 7. 
Total times t == 100: 41. 
Total time steps survived: 5148. 
Total runtime so far (hours/minutes/seconds): 48:20:42
----------------------------------------

----------------------------------------
TRIAL 59 STARTED
----------------------------------------
Start Time: 2024-05-23 23:36:19
At time step 99 the agent is dead
The agent had 7 food, 18 water, and 16 sleep.
The total tree search depth for this trial was 1508463. 
The agent accessed its memory 24621955 times. 
The agent cleared its short-term memory 77 times. 
     State prediction error memory resets: 2. 
     Hill memory resets: 75. 
TRIAL 59 COMPLETE ?
End Time: 2024-05-24 00:28:08
Total runtime for this trial (minutes/seconds): 51:49
----------------------------------------
Total hill visits: 4037. 
Total prediction errors: 223. 
Total search depth: 85511851. 
Total times memory accessed: 1395739217. 
Total times 25 >= t <= 50: 6. 
Total times 50 >= t <= 75: 4. 
Total times 75 >= t <= 100: 7. 
Total times t == 100: 42. 
Total time steps survived: 5248. 
Total runtime so far (hours/minutes/seconds): 49:12:30
----------------------------------------

----------------------------------------
TRIAL 60 STARTED
----------------------------------------
Start Time: 2024-05-24 00:28:07
At time step 99 the agent is dead
The agent had 8 food, 17 water, and 16 sleep.
The total tree search depth for this trial was 1586002. 
The agent accessed its memory 25781257 times. 
The agent cleared its short-term memory 82 times. 
     State prediction error memory resets: 2. 
     Hill memory resets: 80. 
TRIAL 60 COMPLETE ?
End Time: 2024-05-24 01:23:37
Total runtime for this trial (minutes/seconds): 55:30
----------------------------------------
Total hill visits: 4117. 
Total prediction errors: 225. 
Total search depth: 87097853. 
Total times memory accessed: 1421520474. 
Total times 25 >= t <= 50: 6. 
Total times 50 >= t <= 75: 4. 
Total times 75 >= t <= 100: 7. 
Total times t == 100: 43. 
Total time steps survived: 5348. 
Total runtime so far (hours/minutes/seconds): 50:07:59
----------------------------------------

----------------------------------------
TRIAL 61 STARTED
----------------------------------------
Start Time: 2024-05-24 01:23:36
At time step 99 the agent is dead
The agent had 5 food, 17 water, and 12 sleep.
The total tree search depth for this trial was 1280149. 
The agent accessed its memory 20945072 times. 
The agent cleared its short-term memory 83 times. 
     State prediction error memory resets: 4. 
     Hill memory resets: 79. 
TRIAL 61 COMPLETE ?
End Time: 2024-05-24 02:07:06
Total runtime for this trial (minutes/seconds): 43:30
----------------------------------------
Total hill visits: 4196. 
Total prediction errors: 229. 
Total search depth: 88378002. 
Total times memory accessed: 1442465546. 
Total times 25 >= t <= 50: 6. 
Total times 50 >= t <= 75: 4. 
Total times 75 >= t <= 100: 7. 
Total times t == 100: 44. 
Total time steps survived: 5448. 
Total runtime so far (hours/minutes/seconds): 50:51:28
----------------------------------------

----------------------------------------
TRIAL 62 STARTED
----------------------------------------
Start Time: 2024-05-24 02:07:05
At time step 99 the agent is dead
The agent had 17 food, 10 water, and 17 sleep.
The total tree search depth for this trial was 1786278. 
The agent accessed its memory 29185397 times. 
The agent cleared its short-term memory 81 times. 
     State prediction error memory resets: 2. 
     Hill memory resets: 79. 
TRIAL 62 COMPLETE ?
End Time: 2024-05-24 03:08:11
Total runtime for this trial (minutes/seconds): 01:06
----------------------------------------
Total hill visits: 4275. 
Total prediction errors: 231. 
Total search depth: 90164280. 
Total times memory accessed: 1471650943. 
Total times 25 >= t <= 50: 6. 
Total times 50 >= t <= 75: 4. 
Total times 75 >= t <= 100: 7. 
Total times t == 100: 45. 
Total time steps survived: 5548. 
Total runtime so far (hours/minutes/seconds): 51:52:33
----------------------------------------

----------------------------------------
TRIAL 63 STARTED
----------------------------------------
Start Time: 2024-05-24 03:08:10
At time step 99 the agent is dead
The agent had 10 food, 11 water, and 3 sleep.
The total tree search depth for this trial was 1716394. 
The agent accessed its memory 28052415 times. 
The agent cleared its short-term memory 86 times. 
     State prediction error memory resets: 4. 
     Hill memory resets: 82. 
TRIAL 63 COMPLETE ?
End Time: 2024-05-24 04:06:53
Total runtime for this trial (minutes/seconds): 58:43
----------------------------------------
Total hill visits: 4357. 
Total prediction errors: 235. 
Total search depth: 91880674. 
Total times memory accessed: 1499703358. 
Total times 25 >= t <= 50: 6. 
Total times 50 >= t <= 75: 4. 
Total times 75 >= t <= 100: 7. 
Total times t == 100: 46. 
Total time steps survived: 5648. 
Total runtime so far (hours/minutes/seconds): 52:51:15
----------------------------------------

----------------------------------------
TRIAL 64 STARTED
----------------------------------------
Start Time: 2024-05-24 04:06:52
At time step 99 the agent is dead
The agent had 11 food, 14 water, and 6 sleep.
The total tree search depth for this trial was 2023314. 
The agent accessed its memory 33002267 times. 
The agent cleared its short-term memory 82 times. 
     State prediction error memory resets: 2. 
     Hill memory resets: 80. 
TRIAL 64 COMPLETE ?
End Time: 2024-05-24 05:16:44
Total runtime for this trial (minutes/seconds): 09:52
----------------------------------------
Total hill visits: 4437. 
Total prediction errors: 237. 
Total search depth: 93903988. 
Total times memory accessed: 1532705625. 
Total times 25 >= t <= 50: 6. 
Total times 50 >= t <= 75: 4. 
Total times 75 >= t <= 100: 7. 
Total times t == 100: 47. 
Total time steps survived: 5748. 
Total runtime so far (hours/minutes/seconds): 54:01:06
----------------------------------------

----------------------------------------
TRIAL 65 STARTED
----------------------------------------
Start Time: 2024-05-24 05:16:43
At time step 99 the agent is dead
The agent had 11 food, 17 water, and 16 sleep.
The total tree search depth for this trial was 1780357. 
The agent accessed its memory 29160200 times. 
The agent cleared its short-term memory 86 times. 
     State prediction error memory resets: 6. 
     Hill memory resets: 80. 
TRIAL 65 COMPLETE ?
End Time: 2024-05-24 06:17:03
Total runtime for this trial (minutes/seconds): 00:20
----------------------------------------
Total hill visits: 4517. 
Total prediction errors: 243. 
Total search depth: 95684345. 
Total times memory accessed: 1561865825. 
Total times 25 >= t <= 50: 6. 
Total times 50 >= t <= 75: 4. 
Total times 75 >= t <= 100: 7. 
Total times t == 100: 48. 
Total time steps survived: 5848. 
Total runtime so far (hours/minutes/seconds): 55:01:25
----------------------------------------

----------------------------------------
TRIAL 66 STARTED
----------------------------------------
Start Time: 2024-05-24 06:17:02
At time step 99 the agent is dead
The agent had 16 food, 6 water, and 13 sleep.
The total tree search depth for this trial was 2124578. 
The agent accessed its memory 34696023 times. 
The agent cleared its short-term memory 85 times. 
     State prediction error memory resets: 4. 
     Hill memory resets: 81. 
TRIAL 66 COMPLETE ?
End Time: 2024-05-24 07:29:56
Total runtime for this trial (minutes/seconds): 12:54
----------------------------------------
Total hill visits: 4598. 
Total prediction errors: 247. 
Total search depth: 97808923. 
Total times memory accessed: 1596561848. 
Total times 25 >= t <= 50: 6. 
Total times 50 >= t <= 75: 4. 
Total times 75 >= t <= 100: 7. 
Total times t == 100: 49. 
Total time steps survived: 5948. 
Total runtime so far (hours/minutes/seconds): 56:14:18
----------------------------------------

----------------------------------------
TRIAL 67 STARTED
----------------------------------------
Start Time: 2024-05-24 07:29:55
At time step 99 the agent is dead
The agent had 21 food, 8 water, and 15 sleep.
The total tree search depth for this trial was 1536593. 
The agent accessed its memory 25103093 times. 
The agent cleared its short-term memory 83 times. 
     State prediction error memory resets: 2. 
     Hill memory resets: 81. 
TRIAL 67 COMPLETE ?
End Time: 2024-05-24 08:22:29
Total runtime for this trial (minutes/seconds): 52:34
----------------------------------------
Total hill visits: 4679. 
Total prediction errors: 249. 
Total search depth: 99345516. 
Total times memory accessed: 1621664941. 
Total times 25 >= t <= 50: 6. 
Total times 50 >= t <= 75: 4. 
Total times 75 >= t <= 100: 7. 
Total times t == 100: 50. 
Total time steps survived: 6048. 
Total runtime so far (hours/minutes/seconds): 57:06:51
----------------------------------------

----------------------------------------
TRIAL 68 STARTED
----------------------------------------
Start Time: 2024-05-24 08:22:28
At time step 99 the agent is dead
The agent had 22 food, 13 water, and 10 sleep.
The total tree search depth for this trial was 1833338. 
The agent accessed its memory 29930675 times. 
The agent cleared its short-term memory 85 times. 
     State prediction error memory resets: 5. 
     Hill memory resets: 80. 
TRIAL 68 COMPLETE ?
End Time: 2024-05-24 09:25:28
Total runtime for this trial (minutes/seconds): 03:00
----------------------------------------
Total hill visits: 4759. 
Total prediction errors: 254. 
Total search depth: 101178854. 
Total times memory accessed: 1651595616. 
Total times 25 >= t <= 50: 6. 
Total times 50 >= t <= 75: 4. 
Total times 75 >= t <= 100: 7. 
Total times t == 100: 51. 
Total time steps survived: 6148. 
Total runtime so far (hours/minutes/seconds): 58:09:50
----------------------------------------

----------------------------------------
TRIAL 69 STARTED
----------------------------------------
Start Time: 2024-05-24 09:25:27
At time step 99 the agent is dead
The agent had 7 food, 13 water, and 12 sleep.
The total tree search depth for this trial was 1673470. 
The agent accessed its memory 27361682 times. 
The agent cleared its short-term memory 85 times. 
     State prediction error memory resets: 2. 
     Hill memory resets: 83. 
TRIAL 69 COMPLETE ?
End Time: 2024-05-24 10:22:33
Total runtime for this trial (minutes/seconds): 57:06
----------------------------------------
Total hill visits: 4842. 
Total prediction errors: 256. 
Total search depth: 102852324. 
Total times memory accessed: 1678957298. 
Total times 25 >= t <= 50: 6. 
Total times 50 >= t <= 75: 4. 
Total times 75 >= t <= 100: 7. 
Total times t == 100: 52. 
Total time steps survived: 6248. 
Total runtime so far (hours/minutes/seconds): 59:06:55
----------------------------------------

----------------------------------------
TRIAL 70 STARTED
----------------------------------------
Start Time: 2024-05-24 10:22:32
At time step 99 the agent is dead
The agent had 22 food, 11 water, and 19 sleep.
The total tree search depth for this trial was 1408037. 
The agent accessed its memory 22980704 times. 
The agent cleared its short-term memory 82 times. 
     State prediction error memory resets: 2. 
     Hill memory resets: 80. 
TRIAL 70 COMPLETE ?
End Time: 2024-05-24 11:10:56
Total runtime for this trial (minutes/seconds): 48:24
----------------------------------------
Total hill visits: 4922. 
Total prediction errors: 258. 
Total search depth: 104260361. 
Total times memory accessed: 1701938002. 
Total times 25 >= t <= 50: 6. 
Total times 50 >= t <= 75: 4. 
Total times 75 >= t <= 100: 7. 
Total times t == 100: 53. 
Total time steps survived: 6348. 
Total runtime so far (hours/minutes/seconds): 59:55:18
----------------------------------------

----------------------------------------
TRIAL 71 STARTED
----------------------------------------
Start Time: 2024-05-24 11:10:55
At time step 99 the agent is dead
The agent had 17 food, 12 water, and 12 sleep.
The total tree search depth for this trial was 2088798. 
The agent accessed its memory 34192640 times. 
The agent cleared its short-term memory 82 times. 
     State prediction error memory resets: 2. 
     Hill memory resets: 80. 
TRIAL 71 COMPLETE ?
End Time: 2024-05-24 12:21:56
Total runtime for this trial (minutes/seconds): 11:01
----------------------------------------
Total hill visits: 5002. 
Total prediction errors: 260. 
Total search depth: 106349159. 
Total times memory accessed: 1736130642. 
Total times 25 >= t <= 50: 6. 
Total times 50 >= t <= 75: 4. 
Total times 75 >= t <= 100: 7. 
Total times t == 100: 54. 
Total time steps survived: 6448. 
Total runtime so far (hours/minutes/seconds): 61:06:18
----------------------------------------

----------------------------------------
TRIAL 72 STARTED
----------------------------------------
Start Time: 2024-05-24 12:21:55
At time step 99 the agent is dead
The agent had 20 food, 6 water, and 20 sleep.
The total tree search depth for this trial was 1986144. 
The agent accessed its memory 32483700 times. 
The agent cleared its short-term memory 84 times. 
     State prediction error memory resets: 3. 
     Hill memory resets: 81. 
TRIAL 72 COMPLETE ?
End Time: 2024-05-24 13:29:40
Total runtime for this trial (minutes/seconds): 07:45
----------------------------------------
Total hill visits: 5083. 
Total prediction errors: 263. 
Total search depth: 108335303. 
Total times memory accessed: 1768614342. 
Total times 25 >= t <= 50: 6. 
Total times 50 >= t <= 75: 4. 
Total times 75 >= t <= 100: 7. 
Total times t == 100: 55. 
Total time steps survived: 6548. 
Total runtime so far (hours/minutes/seconds): 62:14:02
----------------------------------------

----------------------------------------
TRIAL 73 STARTED
----------------------------------------
Start Time: 2024-05-24 13:29:39
At time step 99 the agent is dead
The agent had 7 food, 2 water, and 21 sleep.
The total tree search depth for this trial was 1922665. 
The agent accessed its memory 31446427 times. 
The agent cleared its short-term memory 81 times. 
     State prediction error memory resets: 0. 
     Hill memory resets: 81. 
TRIAL 73 COMPLETE ?
End Time: 2024-05-24 14:35:37
Total runtime for this trial (minutes/seconds): 05:58
----------------------------------------
Total hill visits: 5164. 
Total prediction errors: 263. 
Total search depth: 110257968. 
Total times memory accessed: 1800060769. 
Total times 25 >= t <= 50: 6. 
Total times 50 >= t <= 75: 4. 
Total times 75 >= t <= 100: 7. 
Total times t == 100: 56. 
Total time steps survived: 6648. 
Total runtime so far (hours/minutes/seconds): 63:19:59
----------------------------------------

----------------------------------------
TRIAL 74 STARTED
----------------------------------------
Start Time: 2024-05-24 14:35:36
At time step 99 the agent is dead
The agent had 4 food, 18 water, and 17 sleep.
The total tree search depth for this trial was 1231606. 
The agent accessed its memory 20028595 times. 
The agent cleared its short-term memory 84 times. 
     State prediction error memory resets: 2. 
     Hill memory resets: 82. 
TRIAL 74 COMPLETE ?
End Time: 2024-05-24 15:18:50
Total runtime for this trial (minutes/seconds): 43:14
----------------------------------------
Total hill visits: 5246. 
Total prediction errors: 265. 
Total search depth: 111489574. 
Total times memory accessed: 1820089364. 
Total times 25 >= t <= 50: 6. 
Total times 50 >= t <= 75: 4. 
Total times 75 >= t <= 100: 7. 
Total times t == 100: 57. 
Total time steps survived: 6748. 
Total runtime so far (hours/minutes/seconds): 64:03:12
----------------------------------------

----------------------------------------
TRIAL 75 STARTED
----------------------------------------
Start Time: 2024-05-24 15:18:49
At time step 99 the agent is dead
The agent had 20 food, 20 water, and 18 sleep.
The total tree search depth for this trial was 1762779. 
The agent accessed its memory 28839615 times. 
The agent cleared its short-term memory 80 times. 
     State prediction error memory resets: 2. 
     Hill memory resets: 78. 
TRIAL 75 COMPLETE ?
End Time: 2024-05-24 16:18:47
Total runtime for this trial (minutes/seconds): 59:58
----------------------------------------
Total hill visits: 5324. 
Total prediction errors: 267. 
Total search depth: 113252353. 
Total times memory accessed: 1848928979. 
Total times 25 >= t <= 50: 6. 
Total times 50 >= t <= 75: 4. 
Total times 75 >= t <= 100: 7. 
Total times t == 100: 58. 
Total time steps survived: 6848. 
Total runtime so far (hours/minutes/seconds): 65:03:09
----------------------------------------

----------------------------------------
TRIAL 76 STARTED
----------------------------------------
Start Time: 2024-05-24 16:18:46
At time step 76 the agent is dead
The agent had 16 food, 0 water, and 18 sleep.
The total tree search depth for this trial was 1282868. 
The agent accessed its memory 21044240 times. 
The agent cleared its short-term memory 53 times. 
     State prediction error memory resets: 2. 
     Hill memory resets: 51. 
TRIAL 76 COMPLETE ?
End Time: 2024-05-24 17:01:53
Total runtime for this trial (minutes/seconds): 43:07
----------------------------------------
Total hill visits: 5375. 
Total prediction errors: 269. 
Total search depth: 114535221. 
Total times memory accessed: 1869973219. 
Total times 25 >= t <= 50: 6. 
Total times 50 >= t <= 75: 4. 
Total times 75 >= t <= 100: 8. 
Total times t == 100: 58. 
Total time steps survived: 6925. 
Total runtime so far (hours/minutes/seconds): 65:46:15
----------------------------------------

----------------------------------------
TRIAL 77 STARTED
----------------------------------------
Start Time: 2024-05-24 17:01:52
At time step 99 the agent is dead
The agent had 3 food, 2 water, and 18 sleep.
The total tree search depth for this trial was 1963636. 
The agent accessed its memory 32074853 times. 
The agent cleared its short-term memory 84 times. 
     State prediction error memory resets: 5. 
     Hill memory resets: 79. 
TRIAL 77 COMPLETE ?
End Time: 2024-05-24 18:09:06
Total runtime for this trial (minutes/seconds): 07:14
----------------------------------------
Total hill visits: 5454. 
Total prediction errors: 274. 
Total search depth: 116498857. 
Total times memory accessed: 1902048072. 
Total times 25 >= t <= 50: 6. 
Total times 50 >= t <= 75: 4. 
Total times 75 >= t <= 100: 8. 
Total times t == 100: 59. 
Total time steps survived: 7025. 
Total runtime so far (hours/minutes/seconds): 66:53:28
----------------------------------------

----------------------------------------
TRIAL 78 STARTED
----------------------------------------
Start Time: 2024-05-24 18:09:05
At time step 99 the agent is dead
The agent had 9 food, 17 water, and 20 sleep.
The total tree search depth for this trial was 1460709. 
The agent accessed its memory 23973568 times. 
The agent cleared its short-term memory 83 times. 
     State prediction error memory resets: 3. 
     Hill memory resets: 80. 
TRIAL 78 COMPLETE ?
End Time: 2024-05-24 18:58:07
Total runtime for this trial (minutes/seconds): 49:02
----------------------------------------
Total hill visits: 5534. 
Total prediction errors: 277. 
Total search depth: 117959566. 
Total times memory accessed: 1926021640. 
Total times 25 >= t <= 50: 6. 
Total times 50 >= t <= 75: 4. 
Total times 75 >= t <= 100: 8. 
Total times t == 100: 60. 
Total time steps survived: 7125. 
Total runtime so far (hours/minutes/seconds): 67:42:29
----------------------------------------

----------------------------------------
TRIAL 79 STARTED
----------------------------------------
Start Time: 2024-05-24 18:58:06
At time step 99 the agent is dead
The agent had 8 food, 17 water, and 17 sleep.
The total tree search depth for this trial was 1498996. 
The agent accessed its memory 24433754 times. 
The agent cleared its short-term memory 85 times. 
     State prediction error memory resets: 1. 
     Hill memory resets: 84. 
TRIAL 79 COMPLETE ?
End Time: 2024-05-24 19:49:59
Total runtime for this trial (minutes/seconds): 51:53
----------------------------------------
Total hill visits: 5618. 
Total prediction errors: 278. 
Total search depth: 119458562. 
Total times memory accessed: 1950455394. 
Total times 25 >= t <= 50: 6. 
Total times 50 >= t <= 75: 4. 
Total times 75 >= t <= 100: 8. 
Total times t == 100: 61. 
Total time steps survived: 7225. 
Total runtime so far (hours/minutes/seconds): 68:34:21
----------------------------------------

----------------------------------------
TRIAL 80 STARTED
----------------------------------------
Start Time: 2024-05-24 19:49:58
At time step 99 the agent is dead
The agent had 20 food, 17 water, and 8 sleep.
The total tree search depth for this trial was 1514539. 
The agent accessed its memory 24832698 times. 
The agent cleared its short-term memory 85 times. 
     State prediction error memory resets: 3. 
     Hill memory resets: 82. 
TRIAL 80 COMPLETE ?
End Time: 2024-05-24 20:40:51
Total runtime for this trial (minutes/seconds): 50:53
----------------------------------------
Total hill visits: 5700. 
Total prediction errors: 281. 
Total search depth: 120973101. 
Total times memory accessed: 1975288092. 
Total times 25 >= t <= 50: 6. 
Total times 50 >= t <= 75: 4. 
Total times 75 >= t <= 100: 8. 
Total times t == 100: 62. 
Total time steps survived: 7325. 
Total runtime so far (hours/minutes/seconds): 69:25:13
----------------------------------------

----------------------------------------
TRIAL 81 STARTED
----------------------------------------
Start Time: 2024-05-24 20:40:50
At time step 99 the agent is dead
The agent had 21 food, 17 water, and 15 sleep.
The total tree search depth for this trial was 1363220. 
The agent accessed its memory 22327092 times. 
The agent cleared its short-term memory 84 times. 
     State prediction error memory resets: 2. 
     Hill memory resets: 82. 
TRIAL 81 COMPLETE ?
End Time: 2024-05-24 21:25:43
Total runtime for this trial (minutes/seconds): 44:53
----------------------------------------
Total hill visits: 5782. 
Total prediction errors: 283. 
Total search depth: 122336321. 
Total times memory accessed: 1997615184. 
Total times 25 >= t <= 50: 6. 
Total times 50 >= t <= 75: 4. 
Total times 75 >= t <= 100: 8. 
Total times t == 100: 63. 
Total time steps survived: 7425. 
Total runtime so far (hours/minutes/seconds): 70:10:05
----------------------------------------

----------------------------------------
TRIAL 82 STARTED
----------------------------------------
Start Time: 2024-05-24 21:25:42
At time step 99 the agent is dead
The agent had 22 food, 5 water, and 16 sleep.
The total tree search depth for this trial was 1590091. 
The agent accessed its memory 25974614 times. 
The agent cleared its short-term memory 88 times. 
     State prediction error memory resets: 5. 
     Hill memory resets: 83. 
TRIAL 82 COMPLETE ?
End Time: 2024-05-24 22:16:55
Total runtime for this trial (minutes/seconds): 51:13
----------------------------------------
Total hill visits: 5865. 
Total prediction errors: 288. 
Total search depth: 123926412. 
Total times memory accessed: 2023589798. 
Total times 25 >= t <= 50: 6. 
Total times 50 >= t <= 75: 4. 
Total times 75 >= t <= 100: 8. 
Total times t == 100: 64. 
Total time steps survived: 7525. 
Total runtime so far (hours/minutes/seconds): 71:01:17
----------------------------------------

----------------------------------------
TRIAL 83 STARTED
----------------------------------------
Start Time: 2024-05-24 22:16:54
At time step 99 the agent is dead
The agent had 7 food, 10 water, and 24 sleep.
The total tree search depth for this trial was 1737325. 
The agent accessed its memory 28606242 times. 
The agent cleared its short-term memory 84 times. 
     State prediction error memory resets: 3. 
     Hill memory resets: 81. 
TRIAL 83 COMPLETE ?
End Time: 2024-05-24 23:05:22
Total runtime for this trial (minutes/seconds): 48:28
----------------------------------------
Total hill visits: 5946. 
Total prediction errors: 291. 
Total search depth: 125663737. 
Total times memory accessed: 2052196040. 
Total times 25 >= t <= 50: 6. 
Total times 50 >= t <= 75: 4. 
Total times 75 >= t <= 100: 8. 
Total times t == 100: 65. 
Total time steps survived: 7625. 
Total runtime so far (hours/minutes/seconds): 71:49:44
----------------------------------------

----------------------------------------
TRIAL 84 STARTED
----------------------------------------
Start Time: 2024-05-24 23:05:21
