Running Python script with ALGORITHM=SI and SEED=25
At time 20 the agent is dead.
The agent had: 1 food, -1 water, and 4 sleep.
The total tree search depth for this trial was 1112.
The agent accessed its memory 1754 times.
The agent cleared its short-term memory 4 times.
    State prediction error memory resets: 3.
    Hill memory resets: 1.
At time 35 the agent is dead.
The agent had: 2 food, -1 water, and 8 sleep.
The total tree search depth for this trial was 25241.
The agent accessed its memory 72558 times.
The agent cleared its short-term memory 14 times.
    State prediction error memory resets: 12.
    Hill memory resets: 2.
At time 20 the agent is dead.
The agent had: 1 food, -1 water, and 4 sleep.
The total tree search depth for this trial was 11579.
The agent accessed its memory 46819 times.
The agent cleared its short-term memory 5 times.
    State prediction error memory resets: 5.
    Hill memory resets: 0.
At time 20 the agent is dead.
The agent had: 1 food, -1 water, and 8 sleep.
The total tree search depth for this trial was 21763.
The agent accessed its memory 91234 times.
The agent cleared its short-term memory 10 times.
    State prediction error memory resets: 9.
    Hill memory resets: 1.
At time 20 the agent is dead.
The agent had: 1 food, -1 water, and 4 sleep.
The total tree search depth for this trial was 4781.
The agent accessed its memory 25253 times.
The agent cleared its short-term memory 5 times.
    State prediction error memory resets: 5.
    Hill memory resets: 0.
At time 20 the agent is dead.
The agent had: 1 food, -1 water, and 4 sleep.
The total tree search depth for this trial was 11342.
The agent accessed its memory 55787 times.
The agent cleared its short-term memory 15 times.
    State prediction error memory resets: 13.
    Hill memory resets: 2.
At time 20 the agent is dead.
The agent had: 1 food, -1 water, and 4 sleep.
The total tree search depth for this trial was 22914.
The agent accessed its memory 109586 times.
The agent cleared its short-term memory 16 times.
    State prediction error memory resets: 15.
    Hill memory resets: 1.
At time 20 the agent is dead.
The agent had: 9 food, -1 water, and 4 sleep.
The total tree search depth for this trial was 6456.
The agent accessed its memory 28594 times.
The agent cleared its short-term memory 0 times.
    State prediction error memory resets: 0.
    Hill memory resets: 0.
At time 24 the agent is dead.
The agent had: -1 food, 2 water, and 0 sleep.
The total tree search depth for this trial was 35899.
The agent accessed its memory 134370 times.
The agent cleared its short-term memory 13 times.
    State prediction error memory resets: 13.
    Hill memory resets: 0.
At time 25 the agent is dead.
The agent had: 10 food, 13 water, and -1 sleep.
The total tree search depth for this trial was 17155.
The agent accessed its memory 57294 times.
The agent cleared its short-term memory 2 times.
    State prediction error memory resets: 2.
    Hill memory resets: 0.
At time 20 the agent is dead.
The agent had: 1 food, -1 water, and 4 sleep.
The total tree search depth for this trial was 7393.
The agent accessed its memory 28742 times.
The agent cleared its short-term memory 4 times.
    State prediction error memory resets: 4.
    Hill memory resets: 0.
At time 20 the agent is dead.
The agent had: 1 food, -1 water, and 4 sleep.
The total tree search depth for this trial was 8611.
The agent accessed its memory 34182 times.
The agent cleared its short-term memory 2 times.
    State prediction error memory resets: 1.
    Hill memory resets: 1.
At time 20 the agent is dead.
The agent had: 1 food, -1 water, and 4 sleep.
The total tree search depth for this trial was 15406.
The agent accessed its memory 60576 times.
The agent cleared its short-term memory 15 times.
    State prediction error memory resets: 14.
    Hill memory resets: 1.
At time 20 the agent is dead.
The agent had: 1 food, -1 water, and 4 sleep.
The total tree search depth for this trial was 7242.
The agent accessed its memory 28715 times.
The agent cleared its short-term memory 8 times.
    State prediction error memory resets: 7.
    Hill memory resets: 1.
At time 22 the agent is dead.
The agent had: -1 food, 5 water, and 8 sleep.
The total tree search depth for this trial was 17224.
The agent accessed its memory 65655 times.
The agent cleared its short-term memory 2 times.
    State prediction error memory resets: 1.
    Hill memory resets: 1.
At time 20 the agent is dead.
The agent had: 1 food, -1 water, and 4 sleep.
The total tree search depth for this trial was 25916.
The agent accessed its memory 106117 times.
The agent cleared its short-term memory 13 times.
    State prediction error memory resets: 13.
    Hill memory resets: 0.
At time 20 the agent is dead.
The agent had: 1 food, -1 water, and 4 sleep.
The total tree search depth for this trial was 10096.
The agent accessed its memory 37022 times.
The agent cleared its short-term memory 11 times.
    State prediction error memory resets: 10.
    Hill memory resets: 1.
At time 20 the agent is dead.
The agent had: 1 food, -1 water, and 4 sleep.
The total tree search depth for this trial was 36733.
The agent accessed its memory 152734 times.
The agent cleared its short-term memory 13 times.
    State prediction error memory resets: 13.
    Hill memory resets: 0.
At time 20 the agent is dead.
The agent had: 1 food, -1 water, and 4 sleep.
The total tree search depth for this trial was 19922.
The agent accessed its memory 81448 times.
The agent cleared its short-term memory 11 times.
    State prediction error memory resets: 8.
    Hill memory resets: 3.
At time 20 the agent is dead.
The agent had: 1 food, -1 water, and 20 sleep.
The total tree search depth for this trial was 24902.
The agent accessed its memory 94467 times.
The agent cleared its short-term memory 7 times.
    State prediction error memory resets: 6.
    Hill memory resets: 1.
At time 20 the agent is dead.
The agent had: 1 food, -1 water, and 4 sleep.
The total tree search depth for this trial was 38434.
The agent accessed its memory 162313 times.
The agent cleared its short-term memory 11 times.
    State prediction error memory resets: 10.
    Hill memory resets: 1.
At time 22 the agent is dead.
The agent had: -1 food, 6 water, and 9 sleep.
The total tree search depth for this trial was 27994.
The agent accessed its memory 98376 times.
The agent cleared its short-term memory 3 times.
    State prediction error memory resets: 2.
    Hill memory resets: 1.
At time 55 the agent is dead.
The agent had: -1 food, 9 water, and 17 sleep.
The total tree search depth for this trial was 66580.
The agent accessed its memory 250929 times.
The agent cleared its short-term memory 17 times.
    State prediction error memory resets: 15.
    Hill memory resets: 2.
At time 20 the agent is dead.
The agent had: 1 food, -1 water, and 4 sleep.
The total tree search depth for this trial was 10479.
The agent accessed its memory 37529 times.
The agent cleared its short-term memory 9 times.
    State prediction error memory resets: 8.
    Hill memory resets: 1.
At time 20 the agent is dead.
The agent had: 1 food, -1 water, and 4 sleep.
The total tree search depth for this trial was 16616.
The agent accessed its memory 66046 times.
The agent cleared its short-term memory 4 times.
    State prediction error memory resets: 3.
    Hill memory resets: 1.
At time 48 the agent is dead.
The agent had: 3 food, -1 water, and 2 sleep.
The total tree search depth for this trial was 112896.
The agent accessed its memory 386132 times.
The agent cleared its short-term memory 9 times.
    State prediction error memory resets: 8.
    Hill memory resets: 1.
At time 20 the agent is dead.
The agent had: 1 food, -1 water, and 4 sleep.
The total tree search depth for this trial was 13428.
The agent accessed its memory 46624 times.
The agent cleared its short-term memory 5 times.
    State prediction error memory resets: 4.
    Hill memory resets: 1.
At time 64 the agent is dead.
The agent had: -1 food, 2 water, and 9 sleep.
The total tree search depth for this trial was 79990.
The agent accessed its memory 275849 times.
The agent cleared its short-term memory 7 times.
    State prediction error memory resets: 6.
    Hill memory resets: 1.
At time 28 the agent is dead.
The agent had: -1 food, 11 water, and 20 sleep.
The total tree search depth for this trial was 44186.
The agent accessed its memory 165611 times.
The agent cleared its short-term memory 4 times.
    State prediction error memory resets: 3.
    Hill memory resets: 1.
At time 20 the agent is dead.
The agent had: 1 food, -1 water, and 4 sleep.
The total tree search depth for this trial was 14731.
The agent accessed its memory 52212 times.
The agent cleared its short-term memory 7 times.
    State prediction error memory resets: 6.
    Hill memory resets: 1.
At time 20 the agent is dead.
The agent had: 1 food, -1 water, and 4 sleep.
The total tree search depth for this trial was 36219.
The agent accessed its memory 154243 times.
The agent cleared its short-term memory 9 times.
    State prediction error memory resets: 7.
    Hill memory resets: 2.
At time 20 the agent is dead.
The agent had: 1 food, -1 water, and 18 sleep.
The total tree search depth for this trial was 21363.
The agent accessed its memory 78523 times.
The agent cleared its short-term memory 8 times.
    State prediction error memory resets: 7.
    Hill memory resets: 1.
At time 20 the agent is dead.
The agent had: 1 food, -1 water, and 4 sleep.
The total tree search depth for this trial was 45190.
The agent accessed its memory 150799 times.
The agent cleared its short-term memory 6 times.
    State prediction error memory resets: 4.
    Hill memory resets: 2.
At time 20 the agent is dead.
The agent had: 1 food, -1 water, and 4 sleep.
The total tree search depth for this trial was 17226.
The agent accessed its memory 58056 times.
The agent cleared its short-term memory 7 times.
    State prediction error memory resets: 6.
    Hill memory resets: 1.
At time 20 the agent is dead.
The agent had: 1 food, -1 water, and 4 sleep.
The total tree search depth for this trial was 31674.
The agent accessed its memory 115160 times.
The agent cleared its short-term memory 6 times.
    State prediction error memory resets: 3.
    Hill memory resets: 3.
At time 31 the agent is dead.
The agent had: -1 food, 0 water, and 1 sleep.
The total tree search depth for this trial was 70797.
The agent accessed its memory 247804 times.
The agent cleared its short-term memory 8 times.
    State prediction error memory resets: 6.
    Hill memory resets: 2.
At time 20 the agent is dead.
The agent had: 1 food, -1 water, and 4 sleep.
The total tree search depth for this trial was 12710.
The agent accessed its memory 40144 times.
The agent cleared its short-term memory 14 times.
    State prediction error memory resets: 13.
    Hill memory resets: 1.
At time 64 the agent is dead.
The agent had: 6 food, 3 water, and -1 sleep.
The total tree search depth for this trial was 132444.
The agent accessed its memory 460469 times.
The agent cleared its short-term memory 10 times.
    State prediction error memory resets: 8.
    Hill memory resets: 2.
At time 20 the agent is dead.
The agent had: 1 food, -1 water, and 20 sleep.
The total tree search depth for this trial was 18791.
The agent accessed its memory 65447 times.
The agent cleared its short-term memory 4 times.
    State prediction error memory resets: 3.
    Hill memory resets: 1.
At time 76 the agent is dead.
The agent had: -1 food, 2 water, and 5 sleep.
The total tree search depth for this trial was 145762.
The agent accessed its memory 511243 times.
The agent cleared its short-term memory 13 times.
    State prediction error memory resets: 11.
    Hill memory resets: 2.
At time 20 the agent is dead.
The agent had: 1 food, -1 water, and 20 sleep.
The total tree search depth for this trial was 45554.
The agent accessed its memory 173866 times.
The agent cleared its short-term memory 11 times.
    State prediction error memory resets: 10.
    Hill memory resets: 1.
At time 44 the agent is dead.
The agent had: -1 food, 14 water, and 15 sleep.
The total tree search depth for this trial was 58283.
The agent accessed its memory 207012 times.
The agent cleared its short-term memory 6 times.
    State prediction error memory resets: 4.
    Hill memory resets: 2.
At time 53 the agent is dead.
The agent had: -1 food, 2 water, and 11 sleep.
The total tree search depth for this trial was 154355.
The agent accessed its memory 535512 times.
The agent cleared its short-term memory 14 times.
    State prediction error memory resets: 12.
    Hill memory resets: 2.
At time 20 the agent is dead.
The agent had: 1 food, -1 water, and 19 sleep.
The total tree search depth for this trial was 28984.
The agent accessed its memory 101804 times.
The agent cleared its short-term memory 6 times.
    State prediction error memory resets: 5.
    Hill memory resets: 1.
At time 25 the agent is dead.
The agent had: 19 food, 13 water, and -1 sleep.
The total tree search depth for this trial was 70292.
The agent accessed its memory 236080 times.
The agent cleared its short-term memory 8 times.
    State prediction error memory resets: 7.
    Hill memory resets: 1.
At time 46 the agent is dead.
The agent had: -1 food, 0 water, and 1 sleep.
The total tree search depth for this trial was 99053.
The agent accessed its memory 357100 times.
The agent cleared its short-term memory 13 times.
    State prediction error memory resets: 12.
    Hill memory resets: 1.
At time 22 the agent is dead.
The agent had: -1 food, 11 water, and 2 sleep.
The total tree search depth for this trial was 51929.
The agent accessed its memory 193461 times.
The agent cleared its short-term memory 6 times.
    State prediction error memory resets: 5.
    Hill memory resets: 1.
At time 53 the agent is dead.
The agent had: 0 food, -1 water, and 2 sleep.
The total tree search depth for this trial was 83274.
The agent accessed its memory 295304 times.
The agent cleared its short-term memory 9 times.
    State prediction error memory resets: 7.
    Hill memory resets: 2.
At time 72 the agent is dead.
The agent had: 1 food, 15 water, and -1 sleep.
The total tree search depth for this trial was 147236.
The agent accessed its memory 519533 times.
The agent cleared its short-term memory 14 times.
    State prediction error memory resets: 13.
    Hill memory resets: 1.
At time 69 the agent is dead.
The agent had: -1 food, 8 water, and 1 sleep.
The total tree search depth for this trial was 72439.
The agent accessed its memory 247268 times.
The agent cleared its short-term memory 14 times.
    State prediction error memory resets: 12.
    Hill memory resets: 2.
At time 45 the agent is dead.
The agent had: -1 food, 3 water, and 1 sleep.
The total tree search depth for this trial was 126885.
The agent accessed its memory 447402 times.
The agent cleared its short-term memory 11 times.
    State prediction error memory resets: 10.
    Hill memory resets: 1.
At time 25 the agent is dead.
The agent had: 14 food, 17 water, and -1 sleep.
The total tree search depth for this trial was 49708.
The agent accessed its memory 167554 times.
The agent cleared its short-term memory 4 times.
    State prediction error memory resets: 3.
    Hill memory resets: 1.
At time 25 the agent is dead.
The agent had: 15 food, 11 water, and -1 sleep.
The total tree search depth for this trial was 48291.
The agent accessed its memory 170201 times.
The agent cleared its short-term memory 8 times.
    State prediction error memory resets: 7.
    Hill memory resets: 1.
At time 62 the agent is dead.
The agent had: 5 food, 12 water, and -1 sleep.
The total tree search depth for this trial was 124379.
The agent accessed its memory 401033 times.
The agent cleared its short-term memory 7 times.
    State prediction error memory resets: 6.
    Hill memory resets: 1.
At time 47 the agent is dead.
The agent had: -1 food, 17 water, and 7 sleep.
The total tree search depth for this trial was 87562.
The agent accessed its memory 304515 times.
The agent cleared its short-term memory 6 times.
    State prediction error memory resets: 5.
    Hill memory resets: 1.
At time 22 the agent is dead.
The agent had: -1 food, 4 water, and 17 sleep.
The total tree search depth for this trial was 51547.
The agent accessed its memory 180021 times.
The agent cleared its short-term memory 5 times.
    State prediction error memory resets: 3.
    Hill memory resets: 2.
At time 31 the agent is dead.
The agent had: -1 food, 16 water, and 15 sleep.
The total tree search depth for this trial was 45712.
The agent accessed its memory 156670 times.
The agent cleared its short-term memory 4 times.
    State prediction error memory resets: 3.
    Hill memory resets: 1.
At time 58 the agent is dead.
The agent had: 18 food, 10 water, and -1 sleep.
The total tree search depth for this trial was 105338.
The agent accessed its memory 359216 times.
The agent cleared its short-term memory 11 times.
    State prediction error memory resets: 9.
    Hill memory resets: 2.
At time 44 the agent is dead.
The agent had: 12 food, 8 water, and -1 sleep.
The total tree search depth for this trial was 135566.
The agent accessed its memory 463907 times.
The agent cleared its short-term memory 13 times.
    State prediction error memory resets: 11.
    Hill memory resets: 2.
At time 20 the agent is dead.
The agent had: 1 food, -1 water, and 13 sleep.
The total tree search depth for this trial was 45550.
The agent accessed its memory 170016 times.
The agent cleared its short-term memory 7 times.
    State prediction error memory resets: 5.
    Hill memory resets: 2.
At time 25 the agent is dead.
The agent had: 18 food, 10 water, and -1 sleep.
The total tree search depth for this trial was 51811.
The agent accessed its memory 166762 times.
The agent cleared its short-term memory 8 times.
    State prediction error memory resets: 7.
    Hill memory resets: 1.
At time 25 the agent is dead.
The agent had: 18 food, 10 water, and -1 sleep.
The total tree search depth for this trial was 68993.
The agent accessed its memory 224928 times.
The agent cleared its short-term memory 6 times.
    State prediction error memory resets: 5.
    Hill memory resets: 1.
At time 63 the agent is dead.
The agent had: 9 food, -1 water, and 3 sleep.
The total tree search depth for this trial was 171292.
The agent accessed its memory 617736 times.
The agent cleared its short-term memory 11 times.
    State prediction error memory resets: 9.
    Hill memory resets: 2.
At time 29 the agent is dead.
The agent had: -1 food, 1 water, and 5 sleep.
The total tree search depth for this trial was 95584.
The agent accessed its memory 336467 times.
The agent cleared its short-term memory 10 times.
    State prediction error memory resets: 9.
    Hill memory resets: 1.
At time 25 the agent is dead.
The agent had: 19 food, 13 water, and -1 sleep.
The total tree search depth for this trial was 47478.
The agent accessed its memory 157380 times.
The agent cleared its short-term memory 3 times.
    State prediction error memory resets: 2.
    Hill memory resets: 1.
At time 44 the agent is dead.
The agent had: -1 food, 1 water, and 9 sleep.
The total tree search depth for this trial was 178537.
The agent accessed its memory 594423 times.
The agent cleared its short-term memory 14 times.
    State prediction error memory resets: 12.
    Hill memory resets: 2.
At time 42 the agent is dead.
The agent had: 18 food, 9 water, and -1 sleep.
The total tree search depth for this trial was 105016.
The agent accessed its memory 358177 times.
The agent cleared its short-term memory 7 times.
    State prediction error memory resets: 6.
    Hill memory resets: 1.
At time 84 the agent is dead.
The agent had: 9 food, -1 water, and 21 sleep.
The total tree search depth for this trial was 131455.
The agent accessed its memory 456724 times.
The agent cleared its short-term memory 13 times.
    State prediction error memory resets: 10.
    Hill memory resets: 3.
At time 31 the agent is dead.
The agent had: 17 food, 13 water, and -1 sleep.
The total tree search depth for this trial was 81130.
The agent accessed its memory 265819 times.
The agent cleared its short-term memory 9 times.
    State prediction error memory resets: 7.
    Hill memory resets: 2.
At time 20 the agent is dead.
The agent had: 1 food, -1 water, and 4 sleep.
The total tree search depth for this trial was 89232.
The agent accessed its memory 317751 times.
The agent cleared its short-term memory 7 times.
    State prediction error memory resets: 5.
    Hill memory resets: 2.
At time 32 the agent is dead.
The agent had: -1 food, 0 water, and 15 sleep.
The total tree search depth for this trial was 67511.
The agent accessed its memory 234485 times.
The agent cleared its short-term memory 6 times.
    State prediction error memory resets: 4.
    Hill memory resets: 2.
At time 73 the agent is dead.
The agent had: -1 food, 3 water, and 7 sleep.
The total tree search depth for this trial was 375541.
The agent accessed its memory 1301922 times.
The agent cleared its short-term memory 20 times.
    State prediction error memory resets: 16.
    Hill memory resets: 4.
At time 47 the agent is dead.
The agent had: 19 food, 15 water, and -1 sleep.
The total tree search depth for this trial was 162373.
The agent accessed its memory 551007 times.
The agent cleared its short-term memory 12 times.
    State prediction error memory resets: 11.
    Hill memory resets: 1.
At time 20 the agent is dead.
The agent had: 17 food, -1 water, and 10 sleep.
The total tree search depth for this trial was 67501.
The agent accessed its memory 220729 times.
The agent cleared its short-term memory 9 times.
    State prediction error memory resets: 7.
    Hill memory resets: 2.
At time 48 the agent is dead.
The agent had: 9 food, 11 water, and -1 sleep.
The total tree search depth for this trial was 131035.
The agent accessed its memory 433722 times.
The agent cleared its short-term memory 7 times.
    State prediction error memory resets: 5.
    Hill memory resets: 2.
At time 37 the agent is dead.
The agent had: 8 food, 9 water, and -1 sleep.
The total tree search depth for this trial was 107570.
The agent accessed its memory 356251 times.
The agent cleared its short-term memory 9 times.
    State prediction error memory resets: 7.
    Hill memory resets: 2.
At time 44 the agent is dead.
The agent had: 7 food, -1 water, and 13 sleep.
The total tree search depth for this trial was 131873.
The agent accessed its memory 422777 times.
The agent cleared its short-term memory 9 times.
    State prediction error memory resets: 8.
    Hill memory resets: 1.
At time 20 the agent is dead.
The agent had: 1 food, -1 water, and 18 sleep.
The total tree search depth for this trial was 29109.
The agent accessed its memory 100622 times.
The agent cleared its short-term memory 6 times.
    State prediction error memory resets: 4.
    Hill memory resets: 2.
At time 66 the agent is dead.
The agent had: 2 food, -1 water, and 0 sleep.
The total tree search depth for this trial was 96180.
The agent accessed its memory 331511 times.
The agent cleared its short-term memory 11 times.
    State prediction error memory resets: 10.
    Hill memory resets: 1.
At time 62 the agent is dead.
The agent had: 13 food, 17 water, and -1 sleep.
The total tree search depth for this trial was 223724.
The agent accessed its memory 725278 times.
The agent cleared its short-term memory 13 times.
    State prediction error memory resets: 11.
    Hill memory resets: 2.
At time 54 the agent is dead.
The agent had: 7 food, -1 water, and 9 sleep.
The total tree search depth for this trial was 56385.
The agent accessed its memory 178173 times.
The agent cleared its short-term memory 5 times.
    State prediction error memory resets: 4.
    Hill memory resets: 1.
At time 20 the agent is dead.
The agent had: 1 food, -1 water, and 18 sleep.
The total tree search depth for this trial was 37151.
The agent accessed its memory 131498 times.
The agent cleared its short-term memory 5 times.
    State prediction error memory resets: 3.
    Hill memory resets: 2.
At time 54 the agent is dead.
The agent had: 9 food, 12 water, and -1 sleep.
The total tree search depth for this trial was 97294.
The agent accessed its memory 333899 times.
The agent cleared its short-term memory 7 times.
    State prediction error memory resets: 5.
    Hill memory resets: 2.
At time 98 the agent is dead.
The agent had: 19 food, 13 water, and -1 sleep.
The total tree search depth for this trial was 296343.
The agent accessed its memory 966087 times.
The agent cleared its short-term memory 20 times.
    State prediction error memory resets: 16.
    Hill memory resets: 4.
At time 79 the agent is dead.
The agent had: 13 food, 13 water, and -1 sleep.
The total tree search depth for this trial was 245735.
The agent accessed its memory 853204 times.
The agent cleared its short-term memory 22 times.
    State prediction error memory resets: 17.
    Hill memory resets: 5.
At time 34 the agent is dead.
The agent had: 0 food, -1 water, and 2 sleep.
The total tree search depth for this trial was 122939.
The agent accessed its memory 440804 times.
The agent cleared its short-term memory 9 times.
    State prediction error memory resets: 6.
    Hill memory resets: 3.
At time 20 the agent is dead.
The agent had: 1 food, -1 water, and 11 sleep.
The total tree search depth for this trial was 36398.
The agent accessed its memory 127072 times.
The agent cleared its short-term memory 5 times.
    State prediction error memory resets: 3.
    Hill memory resets: 2.
At time 57 the agent is dead.
The agent had: -1 food, 1 water, and 16 sleep.
The total tree search depth for this trial was 148398.
The agent accessed its memory 489276 times.
The agent cleared its short-term memory 8 times.
    State prediction error memory resets: 6.
    Hill memory resets: 2.
At time 36 the agent is dead.
The agent had: 7 food, -1 water, and 11 sleep.
The total tree search depth for this trial was 94327.
The agent accessed its memory 326588 times.
The agent cleared its short-term memory 7 times.
    State prediction error memory resets: 6.
    Hill memory resets: 1.
At time 20 the agent is dead.
The agent had: 1 food, -1 water, and 18 sleep.
The total tree search depth for this trial was 19608.
The agent accessed its memory 66587 times.
The agent cleared its short-term memory 3 times.
    State prediction error memory resets: 2.
    Hill memory resets: 1.
At time 20 the agent is dead.
The agent had: 1 food, -1 water, and 18 sleep.
The total tree search depth for this trial was 21477.
The agent accessed its memory 72259 times.
The agent cleared its short-term memory 4 times.
    State prediction error memory resets: 3.
    Hill memory resets: 1.
At time 55 the agent is dead.
The agent had: 2 food, -1 water, and 17 sleep.
The total tree search depth for this trial was 58529.
The agent accessed its memory 199112 times.
The agent cleared its short-term memory 8 times.
    State prediction error memory resets: 6.
    Hill memory resets: 2.
At time 49 the agent is dead.
The agent had: 15 food, 17 water, and -1 sleep.
The total tree search depth for this trial was 196899.
The agent accessed its memory 638102 times.
The agent cleared its short-term memory 12 times.
    State prediction error memory resets: 11.
    Hill memory resets: 1.
At time 58 the agent is dead.
The agent had: 13 food, 17 water, and -1 sleep.
The total tree search depth for this trial was 150536.
The agent accessed its memory 486551 times.
The agent cleared its short-term memory 9 times.
    State prediction error memory resets: 7.
    Hill memory resets: 2.
At time 29 the agent is dead.
The agent had: -1 food, 3 water, and 7 sleep.
The total tree search depth for this trial was 135278.
The agent accessed its memory 435492 times.
The agent cleared its short-term memory 8 times.
    State prediction error memory resets: 7.
    Hill memory resets: 1.
At time 63 the agent is dead.
The agent had: 16 food, 17 water, and -1 sleep.
The total tree search depth for this trial was 183820.
The agent accessed its memory 618394 times.
The agent cleared its short-term memory 13 times.
    State prediction error memory resets: 10.
    Hill memory resets: 3.
At time 20 the agent is dead.
The agent had: 1 food, -1 water, and 4 sleep.
The total tree search depth for this trial was 22573.
The agent accessed its memory 75680 times.
The agent cleared its short-term memory 3 times.
    State prediction error memory resets: 2.
    Hill memory resets: 1.
At time 25 the agent is dead.
The agent had: 7 food, 11 water, and -1 sleep.
The total tree search depth for this trial was 57038.
The agent accessed its memory 182926 times.
The agent cleared its short-term memory 3 times.
    State prediction error memory resets: 1.
    Hill memory resets: 2.
At time 20 the agent is dead.
The agent had: 1 food, -1 water, and 13 sleep.
The total tree search depth for this trial was 27671.
The agent accessed its memory 97129 times.
The agent cleared its short-term memory 7 times.
    State prediction error memory resets: 6.
    Hill memory resets: 1.
At time 44 the agent is dead.
The agent had: 9 food, -1 water, and 13 sleep.
The total tree search depth for this trial was 111432.
The agent accessed its memory 357996 times.
The agent cleared its short-term memory 8 times.
    State prediction error memory resets: 7.
    Hill memory resets: 1.
At time 54 the agent is dead.
The agent had: 10 food, -1 water, and 6 sleep.
The total tree search depth for this trial was 92202.
The agent accessed its memory 312665 times.
The agent cleared its short-term memory 8 times.
    State prediction error memory resets: 6.
    Hill memory resets: 2.
At time 84 the agent is dead.
The agent had: 11 food, -1 water, and 2 sleep.
The total tree search depth for this trial was 196363.
The agent accessed its memory 625335 times.
The agent cleared its short-term memory 16 times.
    State prediction error memory resets: 13.
    Hill memory resets: 3.
At time 34 the agent is dead.
The agent had: -1 food, -1 water, and 15 sleep.
The total tree search depth for this trial was 83669.
The agent accessed its memory 285447 times.
The agent cleared its short-term memory 5 times.
    State prediction error memory resets: 3.
    Hill memory resets: 2.
At time 25 the agent is dead.
The agent had: 19 food, 12 water, and -1 sleep.
The total tree search depth for this trial was 53161.
The agent accessed its memory 166432 times.
The agent cleared its short-term memory 2 times.
    State prediction error memory resets: 1.
    Hill memory resets: 1.
At time 20 the agent is dead.
The agent had: 13 food, -1 water, and 15 sleep.
The total tree search depth for this trial was 68936.
The agent accessed its memory 240356 times.
The agent cleared its short-term memory 7 times.
    State prediction error memory resets: 5.
    Hill memory resets: 2.
At time 20 the agent is dead.
The agent had: 1 food, -1 water, and 4 sleep.
The total tree search depth for this trial was 37541.
The agent accessed its memory 125731 times.
The agent cleared its short-term memory 10 times.
    State prediction error memory resets: 9.
    Hill memory resets: 1.
At time 25 the agent is dead.
The agent had: 12 food, 15 water, and -1 sleep.
The total tree search depth for this trial was 47428.
The agent accessed its memory 147969 times.
The agent cleared its short-term memory 4 times.
    State prediction error memory resets: 3.
    Hill memory resets: 1.
At time 20 the agent is dead.
The agent had: 1 food, -1 water, and 13 sleep.
The total tree search depth for this trial was 22836.
The agent accessed its memory 74913 times.
The agent cleared its short-term memory 3 times.
    State prediction error memory resets: 2.
    Hill memory resets: 1.
At time 40 the agent is dead.
The agent had: 2 food, 7 water, and -1 sleep.
The total tree search depth for this trial was 88939.
The agent accessed its memory 298964 times.
The agent cleared its short-term memory 5 times.
    State prediction error memory resets: 4.
    Hill memory resets: 1.
At time 63 the agent is dead.
The agent had: -1 food, 10 water, and 11 sleep.
The total tree search depth for this trial was 139544.
The agent accessed its memory 429255 times.
The agent cleared its short-term memory 11 times.
    State prediction error memory resets: 9.
    Hill memory resets: 2.
At time 58 the agent is dead.
The agent had: 10 food, -1 water, and 3 sleep.
The total tree search depth for this trial was 100024.
The agent accessed its memory 341792 times.
The agent cleared its short-term memory 9 times.
    State prediction error memory resets: 7.
    Hill memory resets: 2.
