
----------------------------------------
TRIAL 1 STARTED
----------------------------------------
Start Time: 2024-05-01 20:23:15
TRIAL 1 COMPLETE ✔
End Time: 2024-05-01 20:23:19
Total runtime for this trial (minutes/seconds): 00:04
----------------------------------------
Total hill visits: 1
Total prediction errors: 3
Total search depth: 1112
Total times memory accessed: 1754
Total times 24 >= t < 49: 0
Total times 49 >= t < 74: 0
Total times 74 >= t < 99: 0
Total times t == 99: 0
Total time steps survived: 20
Total runtime so far (hours/minutes/seconds): 00:00:04
----------------------------------------

----------------------------------------
TRIAL 2 STARTED
----------------------------------------
Start Time: 2024-05-01 20:23:19
TRIAL 2 COMPLETE ✔
End Time: 2024-05-01 20:25:41
Total runtime for this trial (minutes/seconds): 02:21
----------------------------------------
Total hill visits: 3
Total prediction errors: 15
Total search depth: 26353
Total times memory accessed: 74312
Total times 24 >= t < 49: 1
Total times 49 >= t < 74: 0
Total times 74 >= t < 99: 0
Total times t == 99: 0
Total time steps survived: 55
Total runtime so far (hours/minutes/seconds): 00:02:25
----------------------------------------

----------------------------------------
TRIAL 3 STARTED
----------------------------------------
Start Time: 2024-05-01 20:25:41
TRIAL 3 COMPLETE ✔
End Time: 2024-05-01 20:27:11
Total runtime for this trial (minutes/seconds): 01:30
----------------------------------------
Total hill visits: 3
Total prediction errors: 20
Total search depth: 37932
Total times memory accessed: 121131
Total times 24 >= t < 49: 1
Total times 49 >= t < 74: 0
Total times 74 >= t < 99: 0
Total times t == 99: 0
Total time steps survived: 75
Total runtime so far (hours/minutes/seconds): 00:03:56
----------------------------------------

----------------------------------------
TRIAL 4 STARTED
----------------------------------------
Start Time: 2024-05-01 20:27:11
TRIAL 4 COMPLETE ✔
End Time: 2024-05-01 20:30:11
Total runtime for this trial (minutes/seconds): 02:59
----------------------------------------
Total hill visits: 4
Total prediction errors: 29
Total search depth: 59695
Total times memory accessed: 212365
Total times 24 >= t < 49: 1
Total times 49 >= t < 74: 0
Total times 74 >= t < 99: 0
Total times t == 99: 0
Total time steps survived: 95
Total runtime so far (hours/minutes/seconds): 00:06:55
----------------------------------------

----------------------------------------
TRIAL 5 STARTED
----------------------------------------
Start Time: 2024-05-01 20:30:11
TRIAL 5 COMPLETE ✔
End Time: 2024-05-01 20:31:03
Total runtime for this trial (minutes/seconds): 00:51
----------------------------------------
Total hill visits: 4
Total prediction errors: 34
Total search depth: 64476
Total times memory accessed: 237618
Total times 24 >= t < 49: 1
Total times 49 >= t < 74: 0
Total times 74 >= t < 99: 0
Total times t == 99: 0
Total time steps survived: 115
Total runtime so far (hours/minutes/seconds): 00:07:47
----------------------------------------

----------------------------------------
TRIAL 6 STARTED
----------------------------------------
Start Time: 2024-05-01 20:31:03
TRIAL 6 COMPLETE ✔
End Time: 2024-05-01 20:32:52
Total runtime for this trial (minutes/seconds): 01:49
----------------------------------------
Total hill visits: 6
Total prediction errors: 47
Total search depth: 75818
Total times memory accessed: 293405
Total times 24 >= t < 49: 1
Total times 49 >= t < 74: 0
Total times 74 >= t < 99: 0
Total times t == 99: 0
Total time steps survived: 135
Total runtime so far (hours/minutes/seconds): 00:09:36
----------------------------------------

----------------------------------------
TRIAL 7 STARTED
----------------------------------------
Start Time: 2024-05-01 20:32:52
TRIAL 7 COMPLETE ✔
End Time: 2024-05-01 20:36:26
Total runtime for this trial (minutes/seconds): 03:33
----------------------------------------
Total hill visits: 7
Total prediction errors: 62
Total search depth: 98732
Total times memory accessed: 402991
Total times 24 >= t < 49: 1
Total times 49 >= t < 74: 0
Total times 74 >= t < 99: 0
Total times t == 99: 0
Total time steps survived: 155
Total runtime so far (hours/minutes/seconds): 00:13:10
----------------------------------------

----------------------------------------
TRIAL 8 STARTED
----------------------------------------
Start Time: 2024-05-01 20:36:26
TRIAL 8 COMPLETE ✔
End Time: 2024-05-01 20:37:23
Total runtime for this trial (minutes/seconds): 00:57
----------------------------------------
Total hill visits: 7
Total prediction errors: 62
Total search depth: 105188
Total times memory accessed: 431585
Total times 24 >= t < 49: 1
Total times 49 >= t < 74: 0
Total times 74 >= t < 99: 0
Total times t == 99: 0
Total time steps survived: 175
Total runtime so far (hours/minutes/seconds): 00:14:07
----------------------------------------

----------------------------------------
TRIAL 9 STARTED
----------------------------------------
Start Time: 2024-05-01 20:37:23
TRIAL 9 COMPLETE ✔
End Time: 2024-05-01 20:41:53
Total runtime for this trial (minutes/seconds): 04:29
----------------------------------------
Total hill visits: 7
Total prediction errors: 75
Total search depth: 141087
Total times memory accessed: 565955
Total times 24 >= t < 49: 2
Total times 49 >= t < 74: 0
Total times 74 >= t < 99: 0
Total times t == 99: 0
Total time steps survived: 199
Total runtime so far (hours/minutes/seconds): 00:18:37
----------------------------------------

----------------------------------------
TRIAL 10 STARTED
----------------------------------------
Start Time: 2024-05-01 20:41:53
TRIAL 10 COMPLETE ✔
End Time: 2024-05-01 20:43:51
Total runtime for this trial (minutes/seconds): 01:58
----------------------------------------
Total hill visits: 7
Total prediction errors: 77
Total search depth: 158242
Total times memory accessed: 623249
Total times 24 >= t < 49: 3
Total times 49 >= t < 74: 0
Total times 74 >= t < 99: 0
Total times t == 99: 0
Total time steps survived: 224
Total runtime so far (hours/minutes/seconds): 00:20:36
----------------------------------------

----------------------------------------
TRIAL 11 STARTED
----------------------------------------
Start Time: 2024-05-01 20:43:51
TRIAL 11 COMPLETE ✔
End Time: 2024-05-01 20:44:50
Total runtime for this trial (minutes/seconds): 00:59
----------------------------------------
Total hill visits: 7
Total prediction errors: 81
Total search depth: 165635
Total times memory accessed: 651991
Total times 24 >= t < 49: 3
Total times 49 >= t < 74: 0
Total times 74 >= t < 99: 0
Total times t == 99: 0
Total time steps survived: 244
Total runtime so far (hours/minutes/seconds): 00:21:35
----------------------------------------

----------------------------------------
TRIAL 12 STARTED
----------------------------------------
Start Time: 2024-05-01 20:44:50
TRIAL 12 COMPLETE ✔
End Time: 2024-05-01 20:46:02
Total runtime for this trial (minutes/seconds): 01:11
----------------------------------------
Total hill visits: 8
Total prediction errors: 82
Total search depth: 174246
Total times memory accessed: 686173
Total times 24 >= t < 49: 3
Total times 49 >= t < 74: 0
Total times 74 >= t < 99: 0
Total times t == 99: 0
Total time steps survived: 264
Total runtime so far (hours/minutes/seconds): 00:22:47
----------------------------------------

----------------------------------------
TRIAL 13 STARTED
----------------------------------------
Start Time: 2024-05-01 20:46:02
TRIAL 13 COMPLETE ✔
End Time: 2024-05-01 20:48:04
Total runtime for this trial (minutes/seconds): 02:02
----------------------------------------
Total hill visits: 9
Total prediction errors: 96
Total search depth: 189652
Total times memory accessed: 746749
Total times 24 >= t < 49: 3
Total times 49 >= t < 74: 0
Total times 74 >= t < 99: 0
Total times t == 99: 0
Total time steps survived: 284
Total runtime so far (hours/minutes/seconds): 00:24:49
----------------------------------------

----------------------------------------
TRIAL 14 STARTED
----------------------------------------
Start Time: 2024-05-01 20:48:04
TRIAL 14 COMPLETE ✔
End Time: 2024-05-01 20:49:02
Total runtime for this trial (minutes/seconds): 00:57
----------------------------------------
Total hill visits: 10
Total prediction errors: 103
Total search depth: 196894
Total times memory accessed: 775464
Total times 24 >= t < 49: 3
Total times 49 >= t < 74: 0
Total times 74 >= t < 99: 0
Total times t == 99: 0
Total time steps survived: 304
Total runtime so far (hours/minutes/seconds): 00:25:46
----------------------------------------

----------------------------------------
TRIAL 15 STARTED
----------------------------------------
Start Time: 2024-05-01 20:49:02
TRIAL 15 COMPLETE ✔
End Time: 2024-05-01 20:51:17
Total runtime for this trial (minutes/seconds): 02:14
----------------------------------------
Total hill visits: 11
Total prediction errors: 104
Total search depth: 214118
Total times memory accessed: 841119
Total times 24 >= t < 49: 3
Total times 49 >= t < 74: 0
Total times 74 >= t < 99: 0
Total times t == 99: 0
Total time steps survived: 326
Total runtime so far (hours/minutes/seconds): 00:28:01
----------------------------------------

----------------------------------------
TRIAL 16 STARTED
----------------------------------------
Start Time: 2024-05-01 20:51:17
TRIAL 16 COMPLETE ✔
End Time: 2024-05-01 20:54:55
Total runtime for this trial (minutes/seconds): 03:38
----------------------------------------
Total hill visits: 11
Total prediction errors: 117
Total search depth: 240034
Total times memory accessed: 947236
Total times 24 >= t < 49: 3
Total times 49 >= t < 74: 0
Total times 74 >= t < 99: 0
Total times t == 99: 0
Total time steps survived: 346
Total runtime so far (hours/minutes/seconds): 00:31:39
----------------------------------------

----------------------------------------
TRIAL 17 STARTED
----------------------------------------
Start Time: 2024-05-01 20:54:55
TRIAL 17 COMPLETE ✔
End Time: 2024-05-01 20:56:13
Total runtime for this trial (minutes/seconds): 01:17
----------------------------------------
Total hill visits: 12
Total prediction errors: 127
Total search depth: 250130
Total times memory accessed: 984258
Total times 24 >= t < 49: 3
Total times 49 >= t < 74: 0
Total times 74 >= t < 99: 0
Total times t == 99: 0
Total time steps survived: 366
Total runtime so far (hours/minutes/seconds): 00:32:57
----------------------------------------

----------------------------------------
TRIAL 18 STARTED
----------------------------------------
Start Time: 2024-05-01 20:56:13
TRIAL 18 COMPLETE ✔
End Time: 2024-05-01 21:01:32
Total runtime for this trial (minutes/seconds): 05:18
----------------------------------------
Total hill visits: 12
Total prediction errors: 140
Total search depth: 286863
Total times memory accessed: 1136992
Total times 24 >= t < 49: 3
Total times 49 >= t < 74: 0
Total times 74 >= t < 99: 0
Total times t == 99: 0
Total time steps survived: 386
Total runtime so far (hours/minutes/seconds): 00:38:16
----------------------------------------

----------------------------------------
TRIAL 19 STARTED
----------------------------------------
Start Time: 2024-05-01 21:01:32
TRIAL 19 COMPLETE ✔
End Time: 2024-05-01 21:04:17
Total runtime for this trial (minutes/seconds): 02:45
----------------------------------------
Total hill visits: 15
Total prediction errors: 148
Total search depth: 306785
Total times memory accessed: 1218440
Total times 24 >= t < 49: 3
Total times 49 >= t < 74: 0
Total times 74 >= t < 99: 0
Total times t == 99: 0
Total time steps survived: 406
Total runtime so far (hours/minutes/seconds): 00:41:02
----------------------------------------

----------------------------------------
TRIAL 20 STARTED
----------------------------------------
Start Time: 2024-05-01 21:04:17
TRIAL 20 COMPLETE ✔
End Time: 2024-05-01 21:07:34
Total runtime for this trial (minutes/seconds): 03:16
----------------------------------------
Total hill visits: 16
Total prediction errors: 154
Total search depth: 331687
Total times memory accessed: 1312907
Total times 24 >= t < 49: 3
Total times 49 >= t < 74: 0
Total times 74 >= t < 99: 0
Total times t == 99: 0
Total time steps survived: 426
Total runtime so far (hours/minutes/seconds): 00:44:19
----------------------------------------

----------------------------------------
TRIAL 21 STARTED
----------------------------------------
Start Time: 2024-05-01 21:07:34
TRIAL 21 COMPLETE ✔
End Time: 2024-05-01 21:13:18
Total runtime for this trial (minutes/seconds): 05:43
----------------------------------------
Total hill visits: 17
Total prediction errors: 164
Total search depth: 370121
Total times memory accessed: 1475220
Total times 24 >= t < 49: 3
Total times 49 >= t < 74: 0
Total times 74 >= t < 99: 0
Total times t == 99: 0
Total time steps survived: 446
Total runtime so far (hours/minutes/seconds): 00:50:02
----------------------------------------

----------------------------------------
TRIAL 22 STARTED
----------------------------------------
Start Time: 2024-05-01 21:13:18
TRIAL 22 COMPLETE ✔
End Time: 2024-05-01 21:16:47
Total runtime for this trial (minutes/seconds): 03:29
----------------------------------------
Total hill visits: 18
Total prediction errors: 166
Total search depth: 398115
Total times memory accessed: 1573596
Total times 24 >= t < 49: 3
Total times 49 >= t < 74: 0
Total times 74 >= t < 99: 0
Total times t == 99: 0
Total time steps survived: 468
Total runtime so far (hours/minutes/seconds): 00:53:32
----------------------------------------

----------------------------------------
TRIAL 23 STARTED
----------------------------------------
Start Time: 2024-05-01 21:16:47
TRIAL 23 COMPLETE ✔
End Time: 2024-05-01 21:24:58
Total runtime for this trial (minutes/seconds): 08:10
----------------------------------------
Total hill visits: 20
Total prediction errors: 181
Total search depth: 464695
Total times memory accessed: 1824525
Total times 24 >= t < 49: 3
Total times 49 >= t < 74: 1
Total times 74 >= t < 99: 0
Total times t == 99: 0
Total time steps survived: 523
Total runtime so far (hours/minutes/seconds): 01:01:42
----------------------------------------

----------------------------------------
TRIAL 24 STARTED
----------------------------------------
Start Time: 2024-05-01 21:24:58
TRIAL 24 COMPLETE ✔
End Time: 2024-05-01 21:26:12
Total runtime for this trial (minutes/seconds): 01:14
----------------------------------------
Total hill visits: 21
Total prediction errors: 189
Total search depth: 475174
Total times memory accessed: 1862054
Total times 24 >= t < 49: 3
Total times 49 >= t < 74: 1
Total times 74 >= t < 99: 0
Total times t == 99: 0
Total time steps survived: 543
Total runtime so far (hours/minutes/seconds): 01:02:56
----------------------------------------

----------------------------------------
TRIAL 25 STARTED
----------------------------------------
Start Time: 2024-05-01 21:26:12
TRIAL 25 COMPLETE ✔
End Time: 2024-05-01 21:28:30
Total runtime for this trial (minutes/seconds): 02:18
----------------------------------------
Total hill visits: 22
Total prediction errors: 192
Total search depth: 491790
Total times memory accessed: 1928100
Total times 24 >= t < 49: 3
Total times 49 >= t < 74: 1
Total times 74 >= t < 99: 0
Total times t == 99: 0
Total time steps survived: 563
Total runtime so far (hours/minutes/seconds): 01:05:14
----------------------------------------

----------------------------------------
TRIAL 26 STARTED
----------------------------------------
Start Time: 2024-05-01 21:28:30
TRIAL 26 COMPLETE ✔
End Time: 2024-05-01 21:41:40
Total runtime for this trial (minutes/seconds): 13:09
----------------------------------------
Total hill visits: 23
Total prediction errors: 200
Total search depth: 604686
Total times memory accessed: 2314232
Total times 24 >= t < 49: 3
Total times 49 >= t < 74: 2
Total times 74 >= t < 99: 0
Total times t == 99: 0
Total time steps survived: 611
Total runtime so far (hours/minutes/seconds): 01:18:24
----------------------------------------

----------------------------------------
TRIAL 27 STARTED
----------------------------------------
Start Time: 2024-05-01 21:41:40
TRIAL 27 COMPLETE ✔
End Time: 2024-05-01 21:43:19
Total runtime for this trial (minutes/seconds): 01:39
----------------------------------------
Total hill visits: 24
Total prediction errors: 204
Total search depth: 618114
Total times memory accessed: 2360856
Total times 24 >= t < 49: 3
Total times 49 >= t < 74: 2
Total times 74 >= t < 99: 0
Total times t == 99: 0
Total time steps survived: 631
Total runtime so far (hours/minutes/seconds): 01:20:03
----------------------------------------

----------------------------------------
TRIAL 28 STARTED
----------------------------------------
Start Time: 2024-05-01 21:43:19
TRIAL 28 COMPLETE ✔
End Time: 2024-05-01 21:53:11
Total runtime for this trial (minutes/seconds): 09:52
----------------------------------------
Total hill visits: 25
Total prediction errors: 210
Total search depth: 698104
Total times memory accessed: 2636705
Total times 24 >= t < 49: 3
Total times 49 >= t < 74: 3
Total times 74 >= t < 99: 0
Total times t == 99: 0
Total time steps survived: 695
Total runtime so far (hours/minutes/seconds): 01:29:55
----------------------------------------

----------------------------------------
TRIAL 29 STARTED
----------------------------------------
Start Time: 2024-05-01 21:53:11
TRIAL 29 COMPLETE ✔
End Time: 2024-05-01 21:58:57
Total runtime for this trial (minutes/seconds): 05:46
----------------------------------------
Total hill visits: 26
Total prediction errors: 213
Total search depth: 742290
Total times memory accessed: 2802316
Total times 24 >= t < 49: 4
Total times 49 >= t < 74: 3
Total times 74 >= t < 99: 0
Total times t == 99: 0
Total time steps survived: 723
Total runtime so far (hours/minutes/seconds): 01:35:42
----------------------------------------

----------------------------------------
TRIAL 30 STARTED
----------------------------------------
Start Time: 2024-05-01 21:58:57
TRIAL 30 COMPLETE ✔
End Time: 2024-05-01 22:00:52
Total runtime for this trial (minutes/seconds): 01:54
----------------------------------------
Total hill visits: 27
Total prediction errors: 219
Total search depth: 757021
Total times memory accessed: 2854528
Total times 24 >= t < 49: 4
Total times 49 >= t < 74: 3
Total times 74 >= t < 99: 0
Total times t == 99: 0
Total time steps survived: 743
Total runtime so far (hours/minutes/seconds): 01:37:36
----------------------------------------

----------------------------------------
TRIAL 31 STARTED
----------------------------------------
Start Time: 2024-05-01 22:00:52
TRIAL 31 COMPLETE ✔
End Time: 2024-05-01 22:06:08
Total runtime for this trial (minutes/seconds): 05:16
----------------------------------------
Total hill visits: 29
Total prediction errors: 226
Total search depth: 793240
Total times memory accessed: 3008771
Total times 24 >= t < 49: 4
Total times 49 >= t < 74: 3
Total times 74 >= t < 99: 0
Total times t == 99: 0
Total time steps survived: 763
Total runtime so far (hours/minutes/seconds): 01:42:53
----------------------------------------

----------------------------------------
TRIAL 32 STARTED
----------------------------------------
Start Time: 2024-05-01 22:06:08
TRIAL 32 COMPLETE ✔
End Time: 2024-05-01 22:08:41
Total runtime for this trial (minutes/seconds): 02:32
----------------------------------------
Total hill visits: 30
Total prediction errors: 233
Total search depth: 814603
Total times memory accessed: 3087294
Total times 24 >= t < 49: 4
Total times 49 >= t < 74: 3
Total times 74 >= t < 99: 0
Total times t == 99: 0
Total time steps survived: 783
Total runtime so far (hours/minutes/seconds): 01:45:25
----------------------------------------

----------------------------------------
TRIAL 33 STARTED
----------------------------------------
Start Time: 2024-05-01 22:08:41
TRIAL 33 COMPLETE ✔
End Time: 2024-05-01 22:14:08
Total runtime for this trial (minutes/seconds): 05:27
----------------------------------------
Total hill visits: 32
Total prediction errors: 237
Total search depth: 859793
Total times memory accessed: 3238093
Total times 24 >= t < 49: 4
Total times 49 >= t < 74: 3
Total times 74 >= t < 99: 0
Total times t == 99: 0
Total time steps survived: 803
Total runtime so far (hours/minutes/seconds): 01:50:53
----------------------------------------

----------------------------------------
TRIAL 34 STARTED
----------------------------------------
Start Time: 2024-05-01 22:14:08
TRIAL 34 COMPLETE ✔
End Time: 2024-05-01 22:16:16
Total runtime for this trial (minutes/seconds): 02:07
----------------------------------------
Total hill visits: 33
Total prediction errors: 243
Total search depth: 877019
Total times memory accessed: 3296149
Total times 24 >= t < 49: 4
Total times 49 >= t < 74: 3
Total times 74 >= t < 99: 0
Total times t == 99: 0
Total time steps survived: 823
Total runtime so far (hours/minutes/seconds): 01:53:00
----------------------------------------

----------------------------------------
TRIAL 35 STARTED
----------------------------------------
Start Time: 2024-05-01 22:16:16
TRIAL 35 COMPLETE ✔
End Time: 2024-05-01 22:20:20
Total runtime for this trial (minutes/seconds): 04:04
----------------------------------------
Total hill visits: 36
Total prediction errors: 246
Total search depth: 908693
Total times memory accessed: 3411309
Total times 24 >= t < 49: 4
Total times 49 >= t < 74: 3
Total times 74 >= t < 99: 0
Total times t == 99: 0
Total time steps survived: 843
Total runtime so far (hours/minutes/seconds): 01:57:04
----------------------------------------

----------------------------------------
TRIAL 36 STARTED
----------------------------------------
Start Time: 2024-05-01 22:20:20
TRIAL 36 COMPLETE ✔
End Time: 2024-05-01 22:29:05
Total runtime for this trial (minutes/seconds): 08:45
----------------------------------------
Total hill visits: 38
Total prediction errors: 252
Total search depth: 979490
Total times memory accessed: 3659113
Total times 24 >= t < 49: 5
Total times 49 >= t < 74: 3
Total times 74 >= t < 99: 0
Total times t == 99: 0
Total time steps survived: 874
Total runtime so far (hours/minutes/seconds): 02:05:50
----------------------------------------

----------------------------------------
TRIAL 37 STARTED
----------------------------------------
Start Time: 2024-05-01 22:29:05
TRIAL 37 COMPLETE ✔
End Time: 2024-05-01 22:30:34
Total runtime for this trial (minutes/seconds): 01:28
----------------------------------------
Total hill visits: 39
Total prediction errors: 265
Total search depth: 992200
Total times memory accessed: 3699257
Total times 24 >= t < 49: 5
Total times 49 >= t < 74: 3
Total times 74 >= t < 99: 0
Total times t == 99: 0
Total time steps survived: 894
Total runtime so far (hours/minutes/seconds): 02:07:18
----------------------------------------

----------------------------------------
TRIAL 38 STARTED
----------------------------------------
Start Time: 2024-05-01 22:30:34
TRIAL 38 COMPLETE ✔
End Time: 2024-05-01 22:46:39
Total runtime for this trial (minutes/seconds): 16:04
----------------------------------------
Total hill visits: 41
Total prediction errors: 273
Total search depth: 1124644
Total times memory accessed: 4159726
Total times 24 >= t < 49: 5
Total times 49 >= t < 74: 4
Total times 74 >= t < 99: 0
Total times t == 99: 0
Total time steps survived: 958
Total runtime so far (hours/minutes/seconds): 02:23:23
----------------------------------------

----------------------------------------
TRIAL 39 STARTED
----------------------------------------
Start Time: 2024-05-01 22:46:39
TRIAL 39 COMPLETE ✔
End Time: 2024-05-01 22:49:01
Total runtime for this trial (minutes/seconds): 02:22
----------------------------------------
Total hill visits: 42
Total prediction errors: 276
Total search depth: 1143435
Total times memory accessed: 4225173
Total times 24 >= t < 49: 5
Total times 49 >= t < 74: 4
Total times 74 >= t < 99: 0
Total times t == 99: 0
Total time steps survived: 978
Total runtime so far (hours/minutes/seconds): 02:25:46
----------------------------------------

----------------------------------------
TRIAL 40 STARTED
----------------------------------------
Start Time: 2024-05-01 22:49:01
TRIAL 40 COMPLETE ✔
End Time: 2024-05-01 23:05:06
Total runtime for this trial (minutes/seconds): 16:04
----------------------------------------
Total hill visits: 44
Total prediction errors: 287
Total search depth: 1289197
Total times memory accessed: 4736416
Total times 24 >= t < 49: 5
Total times 49 >= t < 74: 4
Total times 74 >= t < 99: 1
Total times t == 99: 0
Total time steps survived: 1054
Total runtime so far (hours/minutes/seconds): 02:41:50
----------------------------------------

----------------------------------------
TRIAL 41 STARTED
----------------------------------------
Start Time: 2024-05-01 23:05:06
TRIAL 41 COMPLETE ✔
End Time: 2024-05-01 23:09:25
Total runtime for this trial (minutes/seconds): 04:19
----------------------------------------
Total hill visits: 45
Total prediction errors: 297
Total search depth: 1334751
Total times memory accessed: 4910282
Total times 24 >= t < 49: 5
Total times 49 >= t < 74: 4
Total times 74 >= t < 99: 1
Total times t == 99: 0
Total time steps survived: 1074
Total runtime so far (hours/minutes/seconds): 02:46:10
----------------------------------------

----------------------------------------
TRIAL 42 STARTED
----------------------------------------
Start Time: 2024-05-01 23:09:25
TRIAL 42 COMPLETE ✔
End Time: 2024-05-01 23:14:28
Total runtime for this trial (minutes/seconds): 05:02
----------------------------------------
Total hill visits: 47
Total prediction errors: 301
Total search depth: 1393034
Total times memory accessed: 5117294
Total times 24 >= t < 49: 6
Total times 49 >= t < 74: 4
Total times 74 >= t < 99: 1
Total times t == 99: 0
Total time steps survived: 1118
Total runtime so far (hours/minutes/seconds): 02:51:12
----------------------------------------

----------------------------------------
TRIAL 43 STARTED
----------------------------------------
Start Time: 2024-05-01 23:14:28
TRIAL 43 COMPLETE ✔
End Time: 2024-05-01 23:28:30
Total runtime for this trial (minutes/seconds): 14:02
----------------------------------------
Total hill visits: 49
Total prediction errors: 313
Total search depth: 1547389
Total times memory accessed: 5652806
Total times 24 >= t < 49: 6
Total times 49 >= t < 74: 5
Total times 74 >= t < 99: 1
Total times t == 99: 0
Total time steps survived: 1171
Total runtime so far (hours/minutes/seconds): 03:05:14
----------------------------------------

----------------------------------------
TRIAL 44 STARTED
----------------------------------------
Start Time: 2024-05-01 23:28:30
TRIAL 44 COMPLETE ✔
End Time: 2024-05-01 23:31:09
Total runtime for this trial (minutes/seconds): 02:39
----------------------------------------
Total hill visits: 50
Total prediction errors: 318
Total search depth: 1576373
Total times memory accessed: 5754610
Total times 24 >= t < 49: 6
Total times 49 >= t < 74: 5
Total times 74 >= t < 99: 1
Total times t == 99: 0
Total time steps survived: 1191
Total runtime so far (hours/minutes/seconds): 03:07:54
----------------------------------------

----------------------------------------
TRIAL 45 STARTED
----------------------------------------
Start Time: 2024-05-01 23:31:09
TRIAL 45 COMPLETE ✔
End Time: 2024-05-01 23:37:24
Total runtime for this trial (minutes/seconds): 06:14
----------------------------------------
Total hill visits: 51
Total prediction errors: 325
Total search depth: 1646665
Total times memory accessed: 5990690
Total times 24 >= t < 49: 7
Total times 49 >= t < 74: 5
Total times 74 >= t < 99: 1
Total times t == 99: 0
Total time steps survived: 1216
Total runtime so far (hours/minutes/seconds): 03:14:08
----------------------------------------

----------------------------------------
TRIAL 46 STARTED
----------------------------------------
Start Time: 2024-05-01 23:37:24
TRIAL 46 COMPLETE ✔
End Time: 2024-05-01 23:46:37
Total runtime for this trial (minutes/seconds): 09:13
----------------------------------------
Total hill visits: 52
Total prediction errors: 337
Total search depth: 1745718
Total times memory accessed: 6347790
Total times 24 >= t < 49: 8
Total times 49 >= t < 74: 5
Total times 74 >= t < 99: 1
Total times t == 99: 0
Total time steps survived: 1262
Total runtime so far (hours/minutes/seconds): 03:23:22
----------------------------------------

----------------------------------------
TRIAL 47 STARTED
----------------------------------------
Start Time: 2024-05-01 23:46:37
TRIAL 47 COMPLETE ✔
End Time: 2024-05-01 23:51:15
Total runtime for this trial (minutes/seconds): 04:38
----------------------------------------
Total hill visits: 53
Total prediction errors: 342
Total search depth: 1797647
Total times memory accessed: 6541251
Total times 24 >= t < 49: 8
Total times 49 >= t < 74: 5
Total times 74 >= t < 99: 1
Total times t == 99: 0
Total time steps survived: 1284
Total runtime so far (hours/minutes/seconds): 03:28:00
----------------------------------------

----------------------------------------
TRIAL 48 STARTED
----------------------------------------
Start Time: 2024-05-01 23:51:15
TRIAL 48 COMPLETE ✔
End Time: 2024-05-01 23:58:41
Total runtime for this trial (minutes/seconds): 07:25
----------------------------------------
Total hill visits: 55
Total prediction errors: 349
Total search depth: 1880921
Total times memory accessed: 6836555
Total times 24 >= t < 49: 8
Total times 49 >= t < 74: 6
Total times 74 >= t < 99: 1
Total times t == 99: 0
Total time steps survived: 1337
Total runtime so far (hours/minutes/seconds): 03:35:25
----------------------------------------

----------------------------------------
TRIAL 49 STARTED
----------------------------------------
Start Time: 2024-05-01 23:58:41
TRIAL 49 COMPLETE ✔
End Time: 2024-05-02 00:11:50
Total runtime for this trial (minutes/seconds): 13:08
----------------------------------------
Total hill visits: 56
Total prediction errors: 362
Total search depth: 2028157
Total times memory accessed: 7356088
Total times 24 >= t < 49: 8
Total times 49 >= t < 74: 7
Total times 74 >= t < 99: 1
Total times t == 99: 0
Total time steps survived: 1409
Total runtime so far (hours/minutes/seconds): 03:48:34
----------------------------------------

----------------------------------------
TRIAL 50 STARTED
----------------------------------------
Start Time: 2024-05-02 00:11:50
TRIAL 50 COMPLETE ✔
End Time: 2024-05-02 00:17:50
Total runtime for this trial (minutes/seconds): 05:59
----------------------------------------
Total hill visits: 58
Total prediction errors: 374
Total search depth: 2100596
Total times memory accessed: 7603356
Total times 24 >= t < 49: 8
Total times 49 >= t < 74: 8
Total times 74 >= t < 99: 1
Total times t == 99: 0
Total time steps survived: 1478
Total runtime so far (hours/minutes/seconds): 03:54:34
----------------------------------------

----------------------------------------
TRIAL 51 STARTED
----------------------------------------
Start Time: 2024-05-02 00:17:50
TRIAL 51 COMPLETE ✔
End Time: 2024-05-02 00:29:10
Total runtime for this trial (minutes/seconds): 11:20
----------------------------------------
Total hill visits: 59
Total prediction errors: 384
Total search depth: 2227481
Total times memory accessed: 8050758
Total times 24 >= t < 49: 9
Total times 49 >= t < 74: 8
Total times 74 >= t < 99: 1
Total times t == 99: 0
Total time steps survived: 1523
Total runtime so far (hours/minutes/seconds): 04:05:54
----------------------------------------

----------------------------------------
TRIAL 52 STARTED
----------------------------------------
Start Time: 2024-05-02 00:29:10
TRIAL 52 COMPLETE ✔
End Time: 2024-05-02 00:33:22
Total runtime for this trial (minutes/seconds): 04:12
----------------------------------------
Total hill visits: 60
Total prediction errors: 387
Total search depth: 2277189
Total times memory accessed: 8218312
Total times 24 >= t < 49: 10
Total times 49 >= t < 74: 8
Total times 74 >= t < 99: 1
Total times t == 99: 0
Total time steps survived: 1548
Total runtime so far (hours/minutes/seconds): 04:10:07
----------------------------------------

----------------------------------------
TRIAL 53 STARTED
----------------------------------------
Start Time: 2024-05-02 00:33:22
TRIAL 53 COMPLETE ✔
End Time: 2024-05-02 00:38:04
Total runtime for this trial (minutes/seconds): 04:41
----------------------------------------
Total hill visits: 61
Total prediction errors: 394
Total search depth: 2325480
Total times memory accessed: 8388513
Total times 24 >= t < 49: 11
Total times 49 >= t < 74: 8
Total times 74 >= t < 99: 1
Total times t == 99: 0
Total time steps survived: 1573
Total runtime so far (hours/minutes/seconds): 04:14:48
----------------------------------------

----------------------------------------
TRIAL 54 STARTED
----------------------------------------
Start Time: 2024-05-02 00:38:04
TRIAL 54 COMPLETE ✔
End Time: 2024-05-02 00:50:46
Total runtime for this trial (minutes/seconds): 12:42
----------------------------------------
Total hill visits: 62
Total prediction errors: 400
Total search depth: 2449859
Total times memory accessed: 8789546
Total times 24 >= t < 49: 11
Total times 49 >= t < 74: 9
Total times 74 >= t < 99: 1
Total times t == 99: 0
Total time steps survived: 1635
Total runtime so far (hours/minutes/seconds): 04:27:30
----------------------------------------

----------------------------------------
TRIAL 55 STARTED
----------------------------------------
Start Time: 2024-05-02 00:50:46
TRIAL 55 COMPLETE ✔
End Time: 2024-05-02 01:00:14
Total runtime for this trial (minutes/seconds): 09:28
----------------------------------------
Total hill visits: 63
Total prediction errors: 405
Total search depth: 2537421
Total times memory accessed: 9094061
Total times 24 >= t < 49: 12
Total times 49 >= t < 74: 9
Total times 74 >= t < 99: 1
Total times t == 99: 0
Total time steps survived: 1682
Total runtime so far (hours/minutes/seconds): 04:36:59
----------------------------------------

----------------------------------------
TRIAL 56 STARTED
----------------------------------------
Start Time: 2024-05-02 01:00:14
TRIAL 56 COMPLETE ✔
End Time: 2024-05-02 01:06:02
Total runtime for this trial (minutes/seconds): 05:48
----------------------------------------
Total hill visits: 65
Total prediction errors: 408
Total search depth: 2588968
Total times memory accessed: 9274082
Total times 24 >= t < 49: 12
Total times 49 >= t < 74: 9
Total times 74 >= t < 99: 1
Total times t == 99: 0
Total time steps survived: 1704
Total runtime so far (hours/minutes/seconds): 04:42:47
----------------------------------------

----------------------------------------
TRIAL 57 STARTED
----------------------------------------
Start Time: 2024-05-02 01:06:02
TRIAL 57 COMPLETE ✔
End Time: 2024-05-02 01:11:16
Total runtime for this trial (minutes/seconds): 05:13
----------------------------------------
Total hill visits: 66
Total prediction errors: 411
Total search depth: 2634680
Total times memory accessed: 9430752
Total times 24 >= t < 49: 13
Total times 49 >= t < 74: 9
Total times 74 >= t < 99: 1
Total times t == 99: 0
Total time steps survived: 1735
Total runtime so far (hours/minutes/seconds): 04:48:01
----------------------------------------

----------------------------------------
TRIAL 58 STARTED
----------------------------------------
Start Time: 2024-05-02 01:11:16
TRIAL 58 COMPLETE ✔
End Time: 2024-05-02 01:23:02
Total runtime for this trial (minutes/seconds): 11:45
----------------------------------------
Total hill visits: 68
Total prediction errors: 420
Total search depth: 2740018
Total times memory accessed: 9789968
Total times 24 >= t < 49: 13
Total times 49 >= t < 74: 10
Total times 74 >= t < 99: 1
Total times t == 99: 0
Total time steps survived: 1793
Total runtime so far (hours/minutes/seconds): 04:59:47
----------------------------------------

----------------------------------------
TRIAL 59 STARTED
----------------------------------------
Start Time: 2024-05-02 01:23:02
TRIAL 59 COMPLETE ✔
End Time: 2024-05-02 01:38:14
Total runtime for this trial (minutes/seconds): 15:11
----------------------------------------
Total hill visits: 70
Total prediction errors: 431
Total search depth: 2875584
Total times memory accessed: 10253875
Total times 24 >= t < 49: 14
Total times 49 >= t < 74: 10
Total times 74 >= t < 99: 1
Total times t == 99: 0
Total time steps survived: 1837
Total runtime so far (hours/minutes/seconds): 05:14:58
----------------------------------------

----------------------------------------
TRIAL 60 STARTED
----------------------------------------
Start Time: 2024-05-02 01:38:14
TRIAL 60 COMPLETE ✔
End Time: 2024-05-02 01:44:03
Total runtime for this trial (minutes/seconds): 05:49
----------------------------------------
Total hill visits: 72
Total prediction errors: 436
Total search depth: 2921134
Total times memory accessed: 10423891
Total times 24 >= t < 49: 14
Total times 49 >= t < 74: 10
Total times 74 >= t < 99: 1
Total times t == 99: 0
Total time steps survived: 1857
Total runtime so far (hours/minutes/seconds): 05:20:48
----------------------------------------

----------------------------------------
TRIAL 61 STARTED
----------------------------------------
Start Time: 2024-05-02 01:44:03
TRIAL 61 COMPLETE ✔
End Time: 2024-05-02 01:50:09
Total runtime for this trial (minutes/seconds): 06:05
----------------------------------------
Total hill visits: 73
Total prediction errors: 443
Total search depth: 2972945
Total times memory accessed: 10590653
Total times 24 >= t < 49: 15
Total times 49 >= t < 74: 10
Total times 74 >= t < 99: 1
Total times t == 99: 0
Total time steps survived: 1882
Total runtime so far (hours/minutes/seconds): 05:26:53
----------------------------------------

----------------------------------------
TRIAL 62 STARTED
----------------------------------------
Start Time: 2024-05-02 01:50:09
TRIAL 62 COMPLETE ✔
End Time: 2024-05-02 01:58:02
Total runtime for this trial (minutes/seconds): 07:52
----------------------------------------
Total hill visits: 74
Total prediction errors: 448
Total search depth: 3041938
Total times memory accessed: 10815581
Total times 24 >= t < 49: 16
Total times 49 >= t < 74: 10
Total times 74 >= t < 99: 1
Total times t == 99: 0
Total time steps survived: 1907
Total runtime so far (hours/minutes/seconds): 05:34:46
----------------------------------------

----------------------------------------
TRIAL 63 STARTED
----------------------------------------
Start Time: 2024-05-02 01:58:02
TRIAL 63 COMPLETE ✔
End Time: 2024-05-02 02:18:10
Total runtime for this trial (minutes/seconds): 20:08
----------------------------------------
Total hill visits: 76
Total prediction errors: 457
Total search depth: 3213230
Total times memory accessed: 11433317
Total times 24 >= t < 49: 16
Total times 49 >= t < 74: 11
Total times 74 >= t < 99: 1
Total times t == 99: 0
Total time steps survived: 1970
Total runtime so far (hours/minutes/seconds): 05:54:55
----------------------------------------

----------------------------------------
TRIAL 64 STARTED
----------------------------------------
Start Time: 2024-05-02 02:18:10
TRIAL 64 COMPLETE ✔
End Time: 2024-05-02 02:29:16
Total runtime for this trial (minutes/seconds): 11:05
----------------------------------------
Total hill visits: 77
Total prediction errors: 466
Total search depth: 3308814
Total times memory accessed: 11769784
Total times 24 >= t < 49: 17
Total times 49 >= t < 74: 11
Total times 74 >= t < 99: 1
Total times t == 99: 0
Total time steps survived: 1999
Total runtime so far (hours/minutes/seconds): 06:06:00
----------------------------------------

----------------------------------------
TRIAL 65 STARTED
----------------------------------------
Start Time: 2024-05-02 02:29:16
TRIAL 65 COMPLETE ✔
End Time: 2024-05-02 02:50:01
Total runtime for this trial (minutes/seconds): 20:45
----------------------------------------
Total hill visits: 79
Total prediction errors: 480
Total search depth: 3488300
Total times memory accessed: 12375170
Total times 24 >= t < 49: 17
Total times 49 >= t < 74: 11
Total times 74 >= t < 99: 1
Total times t == 99: 0
Total time steps survived: 2098
Total runtime so far (hours/minutes/seconds): 06:26:46
----------------------------------------

----------------------------------------
TRIAL 66 STARTED
----------------------------------------
Start Time: 2024-05-02 02:50:01
TRIAL 66 COMPLETE ✔
End Time: 2024-05-02 02:55:45
Total runtime for this trial (minutes/seconds): 05:43
----------------------------------------
Total hill visits: 80
Total prediction errors: 482
Total search depth: 3535778
Total times memory accessed: 12532550
Total times 24 >= t < 49: 18
Total times 49 >= t < 74: 11
Total times 74 >= t < 99: 1
Total times t == 99: 0
Total time steps survived: 2123
Total runtime so far (hours/minutes/seconds): 06:32:29
----------------------------------------

----------------------------------------
TRIAL 67 STARTED
----------------------------------------
Start Time: 2024-05-02 02:55:45
TRIAL 67 COMPLETE ✔
End Time: 2024-05-02 03:16:34
Total runtime for this trial (minutes/seconds): 20:49
----------------------------------------
Total hill visits: 82
Total prediction errors: 494
Total search depth: 3714315
Total times memory accessed: 13126973
Total times 24 >= t < 49: 19
Total times 49 >= t < 74: 11
Total times 74 >= t < 99: 1
Total times t == 99: 0
Total time steps survived: 2167
Total runtime so far (hours/minutes/seconds): 06:53:19
----------------------------------------

----------------------------------------
TRIAL 68 STARTED
----------------------------------------
Start Time: 2024-05-02 03:16:34
TRIAL 68 COMPLETE ✔
End Time: 2024-05-02 03:46:08
Total runtime for this trial (minutes/seconds): 29:33
----------------------------------------
Total hill visits: 86
Total prediction errors: 508
Total search depth: 3950836
Total times memory accessed: 13952313
Total times 24 >= t < 49: 19
Total times 49 >= t < 74: 11
Total times 74 >= t < 99: 1
Total times t == 99: 0
Total time steps survived: 2266
Total runtime so far (hours/minutes/seconds): 07:22:52
----------------------------------------

----------------------------------------
TRIAL 69 STARTED
----------------------------------------
Start Time: 2024-05-02 03:46:08
TRIAL 69 COMPLETE ✔
End Time: 2024-05-02 03:59:30
Total runtime for this trial (minutes/seconds): 13:22
----------------------------------------
Total hill visits: 87
Total prediction errors: 514
Total search depth: 4055852
Total times memory accessed: 14310490
Total times 24 >= t < 49: 20
Total times 49 >= t < 74: 11
Total times 74 >= t < 99: 1
Total times t == 99: 0
Total time steps survived: 2308
Total runtime so far (hours/minutes/seconds): 07:36:14
----------------------------------------

----------------------------------------
TRIAL 70 STARTED
----------------------------------------
Start Time: 2024-05-02 03:59:30
TRIAL 70 COMPLETE ✔
End Time: 2024-05-02 04:15:52
Total runtime for this trial (minutes/seconds): 16:21
----------------------------------------
Total hill visits: 90
Total prediction errors: 524
Total search depth: 4187307
Total times memory accessed: 14767214
Total times 24 >= t < 49: 20
Total times 49 >= t < 74: 11
Total times 74 >= t < 99: 2
Total times t == 99: 0
Total time steps survived: 2392
Total runtime so far (hours/minutes/seconds): 07:52:36
----------------------------------------

----------------------------------------
TRIAL 71 STARTED
----------------------------------------
Start Time: 2024-05-02 04:15:52
TRIAL 71 COMPLETE ✔
End Time: 2024-05-02 04:25:25
Total runtime for this trial (minutes/seconds): 09:33
----------------------------------------
Total hill visits: 92
Total prediction errors: 531
Total search depth: 4268437
Total times memory accessed: 15033033
Total times 24 >= t < 49: 21
Total times 49 >= t < 74: 11
Total times 74 >= t < 99: 2
Total times t == 99: 0
Total time steps survived: 2423
Total runtime so far (hours/minutes/seconds): 08:02:10
----------------------------------------

----------------------------------------
TRIAL 72 STARTED
----------------------------------------
Start Time: 2024-05-02 04:25:25
TRIAL 72 COMPLETE ✔
End Time: 2024-05-02 04:36:48
Total runtime for this trial (minutes/seconds): 11:22
----------------------------------------
Total hill visits: 94
Total prediction errors: 536
Total search depth: 4357669
Total times memory accessed: 15350784
Total times 24 >= t < 49: 21
Total times 49 >= t < 74: 11
Total times 74 >= t < 99: 2
Total times t == 99: 0
Total time steps survived: 2443
Total runtime so far (hours/minutes/seconds): 08:13:33
----------------------------------------

----------------------------------------
TRIAL 73 STARTED
----------------------------------------
Start Time: 2024-05-02 04:36:48
TRIAL 73 COMPLETE ✔
End Time: 2024-05-02 04:45:21
Total runtime for this trial (minutes/seconds): 08:33
----------------------------------------
Total hill visits: 96
Total prediction errors: 540
Total search depth: 4425180
Total times memory accessed: 15585269
Total times 24 >= t < 49: 22
Total times 49 >= t < 74: 11
Total times 74 >= t < 99: 2
Total times t == 99: 0
Total time steps survived: 2475
Total runtime so far (hours/minutes/seconds): 08:22:06
----------------------------------------

----------------------------------------
TRIAL 74 STARTED
----------------------------------------
Start Time: 2024-05-02 04:45:21
TRIAL 74 COMPLETE ✔
End Time: 2024-05-02 05:29:53
Total runtime for this trial (minutes/seconds): 44:31
----------------------------------------
Total hill visits: 100
Total prediction errors: 556
Total search depth: 4800721
Total times memory accessed: 16887191
Total times 24 >= t < 49: 22
Total times 49 >= t < 74: 11
Total times 74 >= t < 99: 3
Total times t == 99: 0
Total time steps survived: 2548
Total runtime so far (hours/minutes/seconds): 09:06:38
----------------------------------------

----------------------------------------
TRIAL 75 STARTED
----------------------------------------
Start Time: 2024-05-02 05:29:53
TRIAL 75 COMPLETE ✔
End Time: 2024-05-02 05:47:20
Total runtime for this trial (minutes/seconds): 17:26
----------------------------------------
Total hill visits: 101
Total prediction errors: 567
Total search depth: 4963094
Total times memory accessed: 17438198
Total times 24 >= t < 49: 23
Total times 49 >= t < 74: 11
Total times 74 >= t < 99: 3
Total times t == 99: 0
Total time steps survived: 2595
Total runtime so far (hours/minutes/seconds): 09:24:04
----------------------------------------

----------------------------------------
TRIAL 76 STARTED
----------------------------------------
Start Time: 2024-05-02 05:47:20
TRIAL 76 COMPLETE ✔
End Time: 2024-05-02 05:54:22
Total runtime for this trial (minutes/seconds): 07:02
----------------------------------------
Total hill visits: 103
Total prediction errors: 574
Total search depth: 5030595
Total times memory accessed: 17658927
Total times 24 >= t < 49: 23
Total times 49 >= t < 74: 11
Total times 74 >= t < 99: 3
Total times t == 99: 0
Total time steps survived: 2615
Total runtime so far (hours/minutes/seconds): 09:31:06
----------------------------------------

----------------------------------------
TRIAL 77 STARTED
----------------------------------------
Start Time: 2024-05-02 05:54:22
TRIAL 77 COMPLETE ✔
End Time: 2024-05-02 06:07:57
Total runtime for this trial (minutes/seconds): 13:35
----------------------------------------
Total hill visits: 105
Total prediction errors: 579
Total search depth: 5161630
Total times memory accessed: 18092649
Total times 24 >= t < 49: 23
Total times 49 >= t < 74: 12
Total times 74 >= t < 99: 3
Total times t == 99: 0
Total time steps survived: 2663
Total runtime so far (hours/minutes/seconds): 09:44:41
----------------------------------------

----------------------------------------
TRIAL 78 STARTED
----------------------------------------
Start Time: 2024-05-02 06:07:57
TRIAL 78 COMPLETE ✔
End Time: 2024-05-02 06:22:50
Total runtime for this trial (minutes/seconds): 14:53
----------------------------------------
Total hill visits: 107
Total prediction errors: 584
Total search depth: 5305383
Total times memory accessed: 18565111
Total times 24 >= t < 49: 23
Total times 49 >= t < 74: 12
Total times 74 >= t < 99: 3
Total times t == 99: 0
Total time steps survived: 2762
Total runtime so far (hours/minutes/seconds): 09:59:35
----------------------------------------

----------------------------------------
TRIAL 79 STARTED
----------------------------------------
Start Time: 2024-05-02 06:22:50
TRIAL 79 COMPLETE ✔
End Time: 2024-05-02 06:34:12
Total runtime for this trial (minutes/seconds): 11:21
----------------------------------------
Total hill visits: 109
Total prediction errors: 591
Total search depth: 5412953
Total times memory accessed: 18921362
Total times 24 >= t < 49: 24
Total times 49 >= t < 74: 12
Total times 74 >= t < 99: 3
Total times t == 99: 0
Total time steps survived: 2799
Total runtime so far (hours/minutes/seconds): 10:10:56
----------------------------------------

----------------------------------------
TRIAL 80 STARTED
----------------------------------------
Start Time: 2024-05-02 06:34:12
TRIAL 80 COMPLETE ✔
End Time: 2024-05-02 06:47:40
Total runtime for this trial (minutes/seconds): 13:28
----------------------------------------
Total hill visits: 110
Total prediction errors: 599
Total search depth: 5544826
Total times memory accessed: 19344139
Total times 24 >= t < 49: 25
Total times 49 >= t < 74: 12
Total times 74 >= t < 99: 3
Total times t == 99: 0
Total time steps survived: 2843
Total runtime so far (hours/minutes/seconds): 10:24:24
----------------------------------------

----------------------------------------
TRIAL 81 STARTED
----------------------------------------
Start Time: 2024-05-02 06:47:40
TRIAL 81 COMPLETE ✔
End Time: 2024-05-02 06:50:49
Total runtime for this trial (minutes/seconds): 03:08
----------------------------------------
Total hill visits: 112
Total prediction errors: 603
Total search depth: 5573935
Total times memory accessed: 19444761
Total times 24 >= t < 49: 25
Total times 49 >= t < 74: 12
Total times 74 >= t < 99: 3
Total times t == 99: 0
Total time steps survived: 2863
Total runtime so far (hours/minutes/seconds): 10:27:33
----------------------------------------

----------------------------------------
TRIAL 82 STARTED
----------------------------------------
Start Time: 2024-05-02 06:50:49
TRIAL 82 COMPLETE ✔
End Time: 2024-05-02 07:01:04
Total runtime for this trial (minutes/seconds): 10:15
----------------------------------------
Total hill visits: 113
Total prediction errors: 613
Total search depth: 5670115
Total times memory accessed: 19776272
Total times 24 >= t < 49: 25
Total times 49 >= t < 74: 13
Total times 74 >= t < 99: 3
Total times t == 99: 0
Total time steps survived: 2929
Total runtime so far (hours/minutes/seconds): 10:37:49
----------------------------------------

----------------------------------------
TRIAL 83 STARTED
----------------------------------------
Start Time: 2024-05-02 07:01:04
TRIAL 83 COMPLETE ✔
End Time: 2024-05-02 07:23:48
Total runtime for this trial (minutes/seconds): 22:43
----------------------------------------
Total hill visits: 115
Total prediction errors: 624
Total search depth: 5893839
Total times memory accessed: 20501550
Total times 24 >= t < 49: 25
Total times 49 >= t < 74: 14
Total times 74 >= t < 99: 3
Total times t == 99: 0
Total time steps survived: 2991
Total runtime so far (hours/minutes/seconds): 11:00:32
----------------------------------------

----------------------------------------
TRIAL 84 STARTED
----------------------------------------
Start Time: 2024-05-02 07:23:48
TRIAL 84 COMPLETE ✔
End Time: 2024-05-02 07:51:28
Total runtime for this trial (minutes/seconds): 27:39
----------------------------------------
Total hill visits: 118
Total prediction errors: 635
Total search depth: 6164841
Total times memory accessed: 21388599
Total times 24 >= t < 49: 25
Total times 49 >= t < 74: 14
Total times 74 >= t < 99: 3
Total times t == 99: 0
Total time steps survived: 3090
Total runtime so far (hours/minutes/seconds): 11:28:12
----------------------------------------

----------------------------------------
TRIAL 85 STARTED
----------------------------------------
Start Time: 2024-05-02 07:51:28
TRIAL 85 COMPLETE ✔
End Time: 2024-05-02 07:57:07
Total runtime for this trial (minutes/seconds): 05:39
----------------------------------------
Total hill visits: 119
Total prediction errors: 639
Total search depth: 6221226
Total times memory accessed: 21566772
Total times 24 >= t < 49: 25
Total times 49 >= t < 74: 15
Total times 74 >= t < 99: 3
Total times t == 99: 0
Total time steps survived: 3144
Total runtime so far (hours/minutes/seconds): 11:33:52
----------------------------------------

----------------------------------------
TRIAL 86 STARTED
----------------------------------------
Start Time: 2024-05-02 07:57:07
TRIAL 86 COMPLETE ✔
End Time: 2024-05-02 08:01:15
Total runtime for this trial (minutes/seconds): 04:08
----------------------------------------
Total hill visits: 121
Total prediction errors: 642
Total search depth: 6258377
Total times memory accessed: 21698270
Total times 24 >= t < 49: 25
Total times 49 >= t < 74: 15
Total times 74 >= t < 99: 3
Total times t == 99: 0
Total time steps survived: 3164
Total runtime so far (hours/minutes/seconds): 11:38:00
----------------------------------------

----------------------------------------
TRIAL 87 STARTED
----------------------------------------
Start Time: 2024-05-02 08:01:15
TRIAL 87 COMPLETE ✔
End Time: 2024-05-02 08:11:47
Total runtime for this trial (minutes/seconds): 10:31
----------------------------------------
Total hill visits: 123
Total prediction errors: 647
Total search depth: 6355671
Total times memory accessed: 22032169
Total times 24 >= t < 49: 25
Total times 49 >= t < 74: 16
Total times 74 >= t < 99: 3
Total times t == 99: 0
Total time steps survived: 3218
Total runtime so far (hours/minutes/seconds): 11:48:32
----------------------------------------

----------------------------------------
TRIAL 88 STARTED
----------------------------------------
Start Time: 2024-05-02 08:11:47
TRIAL 88 COMPLETE ✔
End Time: 2024-05-02 08:42:40
Total runtime for this trial (minutes/seconds): 30:52
----------------------------------------
Total hill visits: 127
Total prediction errors: 663
Total search depth: 6652014
Total times memory accessed: 22998256
Total times 24 >= t < 49: 25
Total times 49 >= t < 74: 16
Total times 74 >= t < 99: 3
Total times t == 99: 1
Total time steps survived: 3316
Total runtime so far (hours/minutes/seconds): 12:19:24
----------------------------------------

----------------------------------------
TRIAL 89 STARTED
----------------------------------------
Start Time: 2024-05-02 08:42:40
TRIAL 89 COMPLETE ✔
End Time: 2024-05-02 08:50:30
Total runtime for this trial (minutes/seconds): 07:50
----------------------------------------
Total hill visits: 129
Total prediction errors: 669
Total search depth: 6724856
Total times memory accessed: 23243646
Total times 24 >= t < 49: 25
Total times 49 >= t < 74: 16
Total times 74 >= t < 99: 3
Total times t == 99: 1
Total time steps survived: 3415
Total runtime so far (hours/minutes/seconds): 12:27:15
----------------------------------------

----------------------------------------
TRIAL 90 STARTED
----------------------------------------
Start Time: 2024-05-02 08:50:30
TRIAL 90 COMPLETE ✔
End Time: 2024-05-02 09:17:44
Total runtime for this trial (minutes/seconds): 27:13
----------------------------------------
Total hill visits: 134
Total prediction errors: 686
Total search depth: 6970591
Total times memory accessed: 24096850
Total times 24 >= t < 49: 25
Total times 49 >= t < 74: 16
Total times 74 >= t < 99: 4
Total times t == 99: 1
Total time steps survived: 3494
Total runtime so far (hours/minutes/seconds): 12:54:29
----------------------------------------

----------------------------------------
TRIAL 91 STARTED
----------------------------------------
Start Time: 2024-05-02 09:17:44
TRIAL 91 COMPLETE ✔
End Time: 2024-05-02 09:31:46
Total runtime for this trial (minutes/seconds): 14:01
----------------------------------------
Total hill visits: 137
Total prediction errors: 692
Total search depth: 7093530
Total times memory accessed: 24537654
Total times 24 >= t < 49: 26
Total times 49 >= t < 74: 16
Total times 74 >= t < 99: 4
Total times t == 99: 1
Total time steps survived: 3528
Total runtime so far (hours/minutes/seconds): 13:08:30
----------------------------------------

----------------------------------------
TRIAL 92 STARTED
----------------------------------------
Start Time: 2024-05-02 09:31:46
TRIAL 92 COMPLETE ✔
End Time: 2024-05-02 09:35:48
Total runtime for this trial (minutes/seconds): 04:01
----------------------------------------
Total hill visits: 139
Total prediction errors: 695
Total search depth: 7129928
Total times memory accessed: 24664726
Total times 24 >= t < 49: 26
Total times 49 >= t < 74: 16
Total times 74 >= t < 99: 4
Total times t == 99: 1
Total time steps survived: 3548
Total runtime so far (hours/minutes/seconds): 13:12:32
----------------------------------------

----------------------------------------
TRIAL 93 STARTED
----------------------------------------
Start Time: 2024-05-02 09:35:48
TRIAL 93 COMPLETE ✔
End Time: 2024-05-02 09:51:38
Total runtime for this trial (minutes/seconds): 15:50
----------------------------------------
Total hill visits: 141
Total prediction errors: 701
Total search depth: 7278326
Total times memory accessed: 25154002
Total times 24 >= t < 49: 26
Total times 49 >= t < 74: 17
Total times 74 >= t < 99: 4
Total times t == 99: 1
Total time steps survived: 3605
Total runtime so far (hours/minutes/seconds): 13:28:23
----------------------------------------

----------------------------------------
TRIAL 94 STARTED
----------------------------------------
Start Time: 2024-05-02 09:51:38
TRIAL 94 COMPLETE ✔
End Time: 2024-05-02 10:12:49
Total runtime for this trial (minutes/seconds): 21:10
----------------------------------------
Total hill visits: 144
Total prediction errors: 711
Total search depth: 7479415
Total times memory accessed: 25811455
Total times 24 >= t < 49: 26
Total times 49 >= t < 74: 17
Total times 74 >= t < 99: 4
Total times t == 99: 1
Total time steps survived: 3704
Total runtime so far (hours/minutes/seconds): 13:49:33
----------------------------------------

----------------------------------------
TRIAL 95 STARTED
----------------------------------------
Start Time: 2024-05-02 10:12:49
TRIAL 95 COMPLETE ✔
End Time: 2024-05-02 10:23:32
Total runtime for this trial (minutes/seconds): 10:43
----------------------------------------
Total hill visits: 145
Total prediction errors: 717
Total search depth: 7573742
Total times memory accessed: 26138043
Total times 24 >= t < 49: 27
Total times 49 >= t < 74: 17
Total times 74 >= t < 99: 4
Total times t == 99: 1
Total time steps survived: 3740
Total runtime so far (hours/minutes/seconds): 14:00:17
----------------------------------------

----------------------------------------
TRIAL 96 STARTED
----------------------------------------
Start Time: 2024-05-02 10:23:32
TRIAL 96 COMPLETE ✔
End Time: 2024-05-02 10:56:57
Total runtime for this trial (minutes/seconds): 33:24
----------------------------------------
Total hill visits: 149
Total prediction errors: 735
Total search depth: 7913672
Total times memory accessed: 27271446
Total times 24 >= t < 49: 27
Total times 49 >= t < 74: 17
Total times 74 >= t < 99: 4
Total times t == 99: 1
Total time steps survived: 3839
Total runtime so far (hours/minutes/seconds): 14:33:41
----------------------------------------

----------------------------------------
TRIAL 97 STARTED
----------------------------------------
Start Time: 2024-05-02 10:56:57
TRIAL 97 COMPLETE ✔
End Time: 2024-05-02 10:58:47
Total runtime for this trial (minutes/seconds): 01:50
----------------------------------------
Total hill visits: 150
Total prediction errors: 737
Total search depth: 7933280
Total times memory accessed: 27338033
Total times 24 >= t < 49: 27
Total times 49 >= t < 74: 17
Total times 74 >= t < 99: 4
Total times t == 99: 1
Total time steps survived: 3859
Total runtime so far (hours/minutes/seconds): 14:35:31
----------------------------------------

----------------------------------------
TRIAL 98 STARTED
----------------------------------------
Start Time: 2024-05-02 10:58:47
TRIAL 98 COMPLETE ✔
End Time: 2024-05-02 11:01:02
Total runtime for this trial (minutes/seconds): 02:15
----------------------------------------
Total hill visits: 151
Total prediction errors: 740
Total search depth: 7954757
Total times memory accessed: 27410292
Total times 24 >= t < 49: 27
Total times 49 >= t < 74: 17
Total times 74 >= t < 99: 4
Total times t == 99: 1
Total time steps survived: 3879
Total runtime so far (hours/minutes/seconds): 14:37:46
----------------------------------------

----------------------------------------
TRIAL 99 STARTED
----------------------------------------
Start Time: 2024-05-02 11:01:02
TRIAL 99 COMPLETE ✔
End Time: 2024-05-02 11:06:49
Total runtime for this trial (minutes/seconds): 05:47
----------------------------------------
Total hill visits: 153
Total prediction errors: 746
Total search depth: 8013286
Total times memory accessed: 27609404
Total times 24 >= t < 49: 27
Total times 49 >= t < 74: 18
Total times 74 >= t < 99: 4
Total times t == 99: 1
Total time steps survived: 3934
Total runtime so far (hours/minutes/seconds): 14:43:33
----------------------------------------

----------------------------------------
TRIAL 100 STARTED
----------------------------------------
Start Time: 2024-05-02 11:06:49
TRIAL 100 COMPLETE ✔
End Time: 2024-05-02 11:25:57
Total runtime for this trial (minutes/seconds): 19:08
----------------------------------------
Total hill visits: 154
Total prediction errors: 757
Total search depth: 8210185
Total times memory accessed: 28247506
Total times 24 >= t < 49: 27
Total times 49 >= t < 74: 19
Total times 74 >= t < 99: 4
Total times t == 99: 1
Total time steps survived: 3983
Total runtime so far (hours/minutes/seconds): 15:02:42
----------------------------------------

----------------------------------------
TRIAL 101 STARTED
----------------------------------------
Start Time: 2024-05-02 11:25:57
TRIAL 101 COMPLETE ✔
End Time: 2024-05-02 11:40:46
Total runtime for this trial (minutes/seconds): 14:48
----------------------------------------
Total hill visits: 156
Total prediction errors: 764
Total search depth: 8360721
Total times memory accessed: 28734057
Total times 24 >= t < 49: 27
Total times 49 >= t < 74: 20
Total times 74 >= t < 99: 4
Total times t == 99: 1
Total time steps survived: 4041
Total runtime so far (hours/minutes/seconds): 15:17:30
----------------------------------------

----------------------------------------
TRIAL 102 STARTED
----------------------------------------
Start Time: 2024-05-02 11:40:46
TRIAL 102 COMPLETE ✔
End Time: 2024-05-02 11:54:31
Total runtime for this trial (minutes/seconds): 13:45
----------------------------------------
Total hill visits: 157
Total prediction errors: 771
Total search depth: 8495999
Total times memory accessed: 29169549
Total times 24 >= t < 49: 28
Total times 49 >= t < 74: 20
Total times 74 >= t < 99: 4
Total times t == 99: 1
Total time steps survived: 4070
Total runtime so far (hours/minutes/seconds): 15:31:16
----------------------------------------

----------------------------------------
TRIAL 103 STARTED
----------------------------------------
Start Time: 2024-05-02 11:54:31
TRIAL 103 COMPLETE ✔
End Time: 2024-05-02 12:14:11
Total runtime for this trial (minutes/seconds): 19:39
----------------------------------------
Total hill visits: 160
Total prediction errors: 781
Total search depth: 8679819
Total times memory accessed: 29787943
Total times 24 >= t < 49: 28
Total times 49 >= t < 74: 21
Total times 74 >= t < 99: 4
Total times t == 99: 1
Total time steps survived: 4133
Total runtime so far (hours/minutes/seconds): 15:50:56
----------------------------------------

----------------------------------------
TRIAL 104 STARTED
----------------------------------------
Start Time: 2024-05-02 12:14:11
TRIAL 104 COMPLETE ✔
End Time: 2024-05-02 12:41:05
Total runtime for this trial (minutes/seconds): 26:53
----------------------------------------
Total hill visits: 163
Total prediction errors: 792
Total search depth: 8931266
Total times memory accessed: 30633408
Total times 24 >= t < 49: 28
Total times 49 >= t < 74: 21
Total times 74 >= t < 99: 4
Total times t == 99: 1
Total time steps survived: 4232
Total runtime so far (hours/minutes/seconds): 16:17:49
----------------------------------------

----------------------------------------
TRIAL 105 STARTED
----------------------------------------
Start Time: 2024-05-02 12:41:05
TRIAL 105 COMPLETE ✔
End Time: 2024-05-02 12:43:35
Total runtime for this trial (minutes/seconds): 02:29
----------------------------------------
Total hill visits: 164
Total prediction errors: 794
Total search depth: 8953839
Total times memory accessed: 30709088
Total times 24 >= t < 49: 28
Total times 49 >= t < 74: 21
Total times 74 >= t < 99: 4
Total times t == 99: 1
Total time steps survived: 4252
Total runtime so far (hours/minutes/seconds): 16:20:19
----------------------------------------

----------------------------------------
TRIAL 106 STARTED
----------------------------------------
Start Time: 2024-05-02 12:43:35
TRIAL 106 COMPLETE ✔
End Time: 2024-05-02 12:49:42
Total runtime for this trial (minutes/seconds): 06:07
----------------------------------------
Total hill visits: 166
Total prediction errors: 795
Total search depth: 9010877
Total times memory accessed: 30892014
Total times 24 >= t < 49: 29
Total times 49 >= t < 74: 21
Total times 74 >= t < 99: 4
Total times t == 99: 1
Total time steps survived: 4277
Total runtime so far (hours/minutes/seconds): 16:26:26
----------------------------------------

----------------------------------------
TRIAL 107 STARTED
----------------------------------------
Start Time: 2024-05-02 12:49:42
TRIAL 107 COMPLETE ✔
End Time: 2024-05-02 13:09:34
Total runtime for this trial (minutes/seconds): 19:52
----------------------------------------
Total hill visits: 168
Total prediction errors: 805
Total search depth: 9204803
Total times memory accessed: 31518002
Total times 24 >= t < 49: 29
Total times 49 >= t < 74: 21
Total times 74 >= t < 99: 4
Total times t == 99: 1
Total time steps survived: 4376
Total runtime so far (hours/minutes/seconds): 16:46:19
----------------------------------------

----------------------------------------
TRIAL 108 STARTED
----------------------------------------
Start Time: 2024-05-02 13:09:34
TRIAL 108 COMPLETE ✔
End Time: 2024-05-02 13:12:51
Total runtime for this trial (minutes/seconds): 03:16
----------------------------------------
Total hill visits: 169
Total prediction errors: 811
Total search depth: 9232474
Total times memory accessed: 31615131
Total times 24 >= t < 49: 29
Total times 49 >= t < 74: 21
Total times 74 >= t < 99: 4
Total times t == 99: 1
Total time steps survived: 4396
Total runtime so far (hours/minutes/seconds): 16:49:36
----------------------------------------

----------------------------------------
TRIAL 109 STARTED
----------------------------------------
Start Time: 2024-05-02 13:12:51
TRIAL 109 COMPLETE ✔
End Time: 2024-05-02 13:25:03
Total runtime for this trial (minutes/seconds): 12:11
----------------------------------------
Total hill visits: 170
Total prediction errors: 818
Total search depth: 9343906
Total times memory accessed: 31973127
Total times 24 >= t < 49: 30
Total times 49 >= t < 74: 21
Total times 74 >= t < 99: 4
Total times t == 99: 1
Total time steps survived: 4440
Total runtime so far (hours/minutes/seconds): 17:01:47
----------------------------------------

----------------------------------------
TRIAL 110 STARTED
----------------------------------------
Start Time: 2024-05-02 13:25:03
TRIAL 110 COMPLETE ✔
End Time: 2024-05-02 13:35:41
Total runtime for this trial (minutes/seconds): 10:38
----------------------------------------
Total hill visits: 172
Total prediction errors: 824
Total search depth: 9436108
Total times memory accessed: 32285792
Total times 24 >= t < 49: 30
Total times 49 >= t < 74: 22
Total times 74 >= t < 99: 4
Total times t == 99: 1
Total time steps survived: 4494
Total runtime so far (hours/minutes/seconds): 17:12:26
----------------------------------------

----------------------------------------
TRIAL 111 STARTED
----------------------------------------
Start Time: 2024-05-02 13:35:41
TRIAL 111 COMPLETE ✔
End Time: 2024-05-02 13:56:49
Total runtime for this trial (minutes/seconds): 21:07
----------------------------------------
Total hill visits: 175
Total prediction errors: 837
Total search depth: 9632471
Total times memory accessed: 32911127
Total times 24 >= t < 49: 30
Total times 49 >= t < 74: 22
Total times 74 >= t < 99: 5
Total times t == 99: 1
Total time steps survived: 4578
Total runtime so far (hours/minutes/seconds): 17:33:33
----------------------------------------

----------------------------------------
TRIAL 112 STARTED
----------------------------------------
Start Time: 2024-05-02 13:56:49
TRIAL 112 COMPLETE ✔
End Time: 2024-05-02 14:06:22
Total runtime for this trial (minutes/seconds): 09:33
----------------------------------------
Total hill visits: 177
Total prediction errors: 840
Total search depth: 9716140
Total times memory accessed: 33196574
Total times 24 >= t < 49: 31
Total times 49 >= t < 74: 22
Total times 74 >= t < 99: 5
Total times t == 99: 1
Total time steps survived: 4612
Total runtime so far (hours/minutes/seconds): 17:43:07
----------------------------------------

----------------------------------------
TRIAL 113 STARTED
----------------------------------------
Start Time: 2024-05-02 14:06:22
TRIAL 113 COMPLETE ✔
End Time: 2024-05-02 14:12:20
Total runtime for this trial (minutes/seconds): 05:57
----------------------------------------
Total hill visits: 178
Total prediction errors: 841
Total search depth: 9769301
Total times memory accessed: 33363006
Total times 24 >= t < 49: 32
Total times 49 >= t < 74: 22
Total times 74 >= t < 99: 5
Total times t == 99: 1
Total time steps survived: 4637
Total runtime so far (hours/minutes/seconds): 17:49:04
----------------------------------------

----------------------------------------
TRIAL 114 STARTED
----------------------------------------
Start Time: 2024-05-02 14:12:20
TRIAL 114 COMPLETE ✔
End Time: 2024-05-02 14:21:08
Total runtime for this trial (minutes/seconds): 08:48
----------------------------------------
Total hill visits: 180
Total prediction errors: 846
Total search depth: 9838237
Total times memory accessed: 33603362
Total times 24 >= t < 49: 32
Total times 49 >= t < 74: 22
Total times 74 >= t < 99: 5
Total times t == 99: 1
Total time steps survived: 4657
Total runtime so far (hours/minutes/seconds): 17:57:53
----------------------------------------

----------------------------------------
TRIAL 115 STARTED
----------------------------------------
Start Time: 2024-05-02 14:21:08
TRIAL 115 COMPLETE ✔
End Time: 2024-05-02 14:25:33
Total runtime for this trial (minutes/seconds): 04:25
----------------------------------------
Total hill visits: 181
Total prediction errors: 855
Total search depth: 9875778
Total times memory accessed: 33729093
Total times 24 >= t < 49: 32
Total times 49 >= t < 74: 22
Total times 74 >= t < 99: 5
Total times t == 99: 1
Total time steps survived: 4677
Total runtime so far (hours/minutes/seconds): 18:02:18
----------------------------------------

----------------------------------------
TRIAL 116 STARTED
----------------------------------------
Start Time: 2024-05-02 14:25:33
TRIAL 116 COMPLETE ✔
End Time: 2024-05-02 14:30:07
Total runtime for this trial (minutes/seconds): 04:33
----------------------------------------
Total hill visits: 182
Total prediction errors: 858
Total search depth: 9923206
Total times memory accessed: 33877062
Total times 24 >= t < 49: 33
Total times 49 >= t < 74: 22
Total times 74 >= t < 99: 5
Total times t == 99: 1
Total time steps survived: 4702
Total runtime so far (hours/minutes/seconds): 18:06:51
----------------------------------------

----------------------------------------
TRIAL 117 STARTED
----------------------------------------
Start Time: 2024-05-02 14:30:07
TRIAL 117 COMPLETE ✔
End Time: 2024-05-02 14:32:09
Total runtime for this trial (minutes/seconds): 02:02
----------------------------------------
Total hill visits: 183
Total prediction errors: 860
Total search depth: 9946042
Total times memory accessed: 33951975
Total times 24 >= t < 49: 33
Total times 49 >= t < 74: 22
Total times 74 >= t < 99: 5
Total times t == 99: 1
Total time steps survived: 4722
Total runtime so far (hours/minutes/seconds): 18:08:53
----------------------------------------

----------------------------------------
TRIAL 118 STARTED
----------------------------------------
Start Time: 2024-05-02 14:32:09
TRIAL 118 COMPLETE ✔
End Time: 2024-05-02 14:40:29
Total runtime for this trial (minutes/seconds): 08:20
----------------------------------------
Total hill visits: 184
Total prediction errors: 864
Total search depth: 10034981
Total times memory accessed: 34250939
Total times 24 >= t < 49: 34
Total times 49 >= t < 74: 22
Total times 74 >= t < 99: 5
Total times t == 99: 1
Total time steps survived: 4762
Total runtime so far (hours/minutes/seconds): 18:17:14
----------------------------------------

----------------------------------------
TRIAL 119 STARTED
----------------------------------------
Start Time: 2024-05-02 14:40:29
TRIAL 119 COMPLETE ✔
End Time: 2024-05-02 14:52:25
Total runtime for this trial (minutes/seconds): 11:55
----------------------------------------
Total hill visits: 186
Total prediction errors: 873
Total search depth: 10174525
Total times memory accessed: 34680194
Total times 24 >= t < 49: 34
Total times 49 >= t < 74: 23
Total times 74 >= t < 99: 5
Total times t == 99: 1
Total time steps survived: 4825
Total runtime so far (hours/minutes/seconds): 18:29:09
----------------------------------------

----------------------------------------
TRIAL 120 STARTED
----------------------------------------
Start Time: 2024-05-02 14:52:25
TRIAL 120 COMPLETE ✔
End Time: 2024-05-02 15:02:15
Total runtime for this trial (minutes/seconds): 09:49
----------------------------------------
Total hill visits: 188
Total prediction errors: 880
Total search depth: 10274549
Total times memory accessed: 35021986
Total times 24 >= t < 49: 34
Total times 49 >= t < 74: 24
Total times 74 >= t < 99: 5
Total times t == 99: 1
Total time steps survived: 4883
Total runtime so far (hours/minutes/seconds): 18:38:59
----------------------------------------
EXPERIMENT COMPLETE ✔.
End Time: 2024-05-02 15:02:15
TOTAL RUNTIME (hours/minutes/seconds): 18:38:59
Traceback (most recent call last):
  File "/home/grmstj001/MATLAB-experiments/Sophisticated-Learning/src/Python/main.py", line 24, in <module>
    main(algorithm=args.algorithm, seed=args.seed)
  File "/home/grmstj001/MATLAB-experiments/Sophisticated-Learning/src/Python/main.py", line 8, in main
    si_experiment(seed)
  File "/home/grmstj001/MATLAB-experiments/Sophisticated-Learning/src/Python/algorithms/sophisticated_inference/sophisticated_inference.py", line 354, in experiment
    logging.info(f"AVERAGE RUNTIME PER TIME STEP: {round_half_up((runtime.total_seconds() / total_t), 3)} seconds")
NameError: name 'round_half_up' is not defined
/var/tmp/slurmd.spool/job2116112/slurm_script: line 32: deactivatepython: command not found
