Running main with ALGORITHM=SL, SEED=5, HORIZON=2, K_FACTOR=0.7, ROOT_FOLDER=/home/grmstj001, MCT=3, NUM_MCT=100, AUTO_REST=

                            < M A T L A B (R) >
                  Copyright 1984-2024 The MathWorks, Inc.
                  R2024a (24.1.0.2537033) 64-bit (glnxa64)
                             February 21, 2024

 
To get started, type doc.
For product information, visit www.mathworks.com.
 
Algorithm: SL
Seed: 5
Horizon: 2
K-factor: 0.70
Root folder: /home/grmstj001
MCT: 3
Number of MCT: 100
Auto restore: 0
Results file name: 

ans = 

  struct with fields:

     Type: 'twister'
     Seed: 5
    State: [625x1 uint32]


----------------------------------------
TRIAL 1 STARTED
----------------------------------------
Start Time: 2024-05-13 13:29:47
At time step 26 the agent is dead
The agent had 15 food, 11 water, and 0 sleep.
The total tree search depth for this trial was 6648. 
The agent accessed its memory 59723 times. 
The agent cleared its short-term memory 10 times. 
     State prediction error memory resets: 9. 
     Hill memory resets: 1. 
TRIAL 1 COMPLETE ✔
End Time: 2024-05-13 13:30:09
Total runtime for this trial (minutes/seconds): 00:22
----------------------------------------
Total hill visits: 1. 
Total prediction errors: 9. 
Total search depth: 6648. 
Total times memory accessed: 59723. 
Total times 25 >= t <= 50: 1. 
Total times 50 >= t <= 75: 0. 
Total times 75 >= t <= 100: 0. 
Total times t == 100: 0. 
Total time steps survived: 27. 
Total runtime so far (hours/minutes/seconds): 00:00:22
----------------------------------------

----------------------------------------
TRIAL 2 STARTED
----------------------------------------
Start Time: 2024-05-13 13:30:08
At time step 21 the agent is dead
The agent had 2 food, 0 water, and 5 sleep.
The total tree search depth for this trial was 4071. 
The agent accessed its memory 33516 times. 
The agent cleared its short-term memory 16 times. 
     State prediction error memory resets: 13. 
     Hill memory resets: 3. 
TRIAL 2 COMPLETE ✔
End Time: 2024-05-13 13:30:22
Total runtime for this trial (minutes/seconds): 00:14
----------------------------------------
Total hill visits: 4. 
Total prediction errors: 22. 
Total search depth: 10719. 
Total times memory accessed: 93239. 
Total times 25 >= t <= 50: 1. 
Total times 50 >= t <= 75: 0. 
Total times 75 >= t <= 100: 0. 
Total times t == 100: 0. 
Total time steps survived: 49. 
Total runtime so far (hours/minutes/seconds): 00:00:35
----------------------------------------

----------------------------------------
TRIAL 3 STARTED
----------------------------------------
Start Time: 2024-05-13 13:30:22
At time step 21 the agent is dead
The agent had 2 food, 0 water, and 5 sleep.
The total tree search depth for this trial was 1077. 
The agent accessed its memory 8980 times. 
The agent cleared its short-term memory 8 times. 
     State prediction error memory resets: 7. 
     Hill memory resets: 1. 
TRIAL 3 COMPLETE ✔
End Time: 2024-05-13 13:30:27
Total runtime for this trial (minutes/seconds): 00:05
----------------------------------------
Total hill visits: 5. 
Total prediction errors: 29. 
Total search depth: 11796. 
Total times memory accessed: 102219. 
Total times 25 >= t <= 50: 1. 
Total times 50 >= t <= 75: 0. 
Total times 75 >= t <= 100: 0. 
Total times t == 100: 0. 
Total time steps survived: 71. 
Total runtime so far (hours/minutes/seconds): 00:00:40
----------------------------------------

----------------------------------------
TRIAL 4 STARTED
----------------------------------------
Start Time: 2024-05-13 13:30:26
At time step 21 the agent is dead
The agent had 2 food, 0 water, and 5 sleep.
The total tree search depth for this trial was 2042. 
The agent accessed its memory 17275 times. 
The agent cleared its short-term memory 9 times. 
     State prediction error memory resets: 8. 
     Hill memory resets: 1. 
TRIAL 4 COMPLETE ✔
End Time: 2024-05-13 13:30:33
Total runtime for this trial (minutes/seconds): 00:07
----------------------------------------
Total hill visits: 6. 
Total prediction errors: 37. 
Total search depth: 13838. 
Total times memory accessed: 119494. 
Total times 25 >= t <= 50: 1. 
Total times 50 >= t <= 75: 0. 
Total times 75 >= t <= 100: 0. 
Total times t == 100: 0. 
Total time steps survived: 93. 
Total runtime so far (hours/minutes/seconds): 00:00:46
----------------------------------------

----------------------------------------
TRIAL 5 STARTED
----------------------------------------
Start Time: 2024-05-13 13:30:32
At time step 21 the agent is dead
The agent had 10 food, 0 water, and 5 sleep.
The total tree search depth for this trial was 11101. 
The agent accessed its memory 73652 times. 
The agent cleared its short-term memory 10 times. 
     State prediction error memory resets: 9. 
     Hill memory resets: 1. 
TRIAL 5 COMPLETE ✔
End Time: 2024-05-13 13:31:15
Total runtime for this trial (minutes/seconds): 00:43
----------------------------------------
Total hill visits: 7. 
Total prediction errors: 46. 
Total search depth: 24939. 
Total times memory accessed: 193146. 
Total times 25 >= t <= 50: 1. 
Total times 50 >= t <= 75: 0. 
Total times 75 >= t <= 100: 0. 
Total times t == 100: 0. 
Total time steps survived: 115. 
Total runtime so far (hours/minutes/seconds): 00:01:28
----------------------------------------

----------------------------------------
TRIAL 6 STARTED
----------------------------------------
Start Time: 2024-05-13 13:31:14
At time step 31 the agent is dead
The agent had 0 food, 2 water, and 8 sleep.
The total tree search depth for this trial was 21942. 
The agent accessed its memory 151162 times. 
The agent cleared its short-term memory 7 times. 
     State prediction error memory resets: 4. 
     Hill memory resets: 3. 
TRIAL 6 COMPLETE ✔
End Time: 2024-05-13 13:32:26
Total runtime for this trial (minutes/seconds): 01:12
----------------------------------------
Total hill visits: 10. 
Total prediction errors: 50. 
Total search depth: 46881. 
Total times memory accessed: 344308. 
Total times 25 >= t <= 50: 2. 
Total times 50 >= t <= 75: 0. 
Total times 75 >= t <= 100: 0. 
Total times t == 100: 0. 
Total time steps survived: 147. 
Total runtime so far (hours/minutes/seconds): 00:02:39
----------------------------------------

----------------------------------------
TRIAL 7 STARTED
----------------------------------------
Start Time: 2024-05-13 13:32:25
At time step 21 the agent is dead
The agent had 2 food, 0 water, and 5 sleep.
The total tree search depth for this trial was 3012. 
The agent accessed its memory 21629 times. 
The agent cleared its short-term memory 15 times. 
     State prediction error memory resets: 14. 
     Hill memory resets: 1. 
TRIAL 7 COMPLETE ✔
End Time: 2024-05-13 13:32:36
Total runtime for this trial (minutes/seconds): 00:11
----------------------------------------
Total hill visits: 11. 
Total prediction errors: 64. 
Total search depth: 49893. 
Total times memory accessed: 365937. 
Total times 25 >= t <= 50: 2. 
Total times 50 >= t <= 75: 0. 
Total times 75 >= t <= 100: 0. 
Total times t == 100: 0. 
Total time steps survived: 169. 
Total runtime so far (hours/minutes/seconds): 00:02:49
----------------------------------------

----------------------------------------
TRIAL 8 STARTED
----------------------------------------
Start Time: 2024-05-13 13:32:35
At time step 21 the agent is dead
The agent had 2 food, 0 water, and 5 sleep.
The total tree search depth for this trial was 1781. 
The agent accessed its memory 11755 times. 
The agent cleared its short-term memory 15 times. 
     State prediction error memory resets: 14. 
     Hill memory resets: 1. 
TRIAL 8 COMPLETE ✔
End Time: 2024-05-13 13:32:44
Total runtime for this trial (minutes/seconds): 00:09
----------------------------------------
Total hill visits: 12. 
Total prediction errors: 78. 
Total search depth: 51674. 
Total times memory accessed: 377692. 
Total times 25 >= t <= 50: 2. 
Total times 50 >= t <= 75: 0. 
Total times 75 >= t <= 100: 0. 
Total times t == 100: 0. 
Total time steps survived: 191. 
Total runtime so far (hours/minutes/seconds): 00:02:57
----------------------------------------

----------------------------------------
TRIAL 9 STARTED
----------------------------------------
Start Time: 2024-05-13 13:32:43
At time step 21 the agent is dead
The agent had 2 food, 0 water, and 23 sleep.
The total tree search depth for this trial was 10754. 
The agent accessed its memory 73977 times. 
The agent cleared its short-term memory 11 times. 
     State prediction error memory resets: 8. 
     Hill memory resets: 3. 
TRIAL 9 COMPLETE ✔
End Time: 2024-05-13 13:33:18
Total runtime for this trial (minutes/seconds): 00:35
----------------------------------------
Total hill visits: 15. 
Total prediction errors: 86. 
Total search depth: 62428. 
Total times memory accessed: 451669. 
Total times 25 >= t <= 50: 2. 
Total times 50 >= t <= 75: 0. 
Total times 75 >= t <= 100: 0. 
Total times t == 100: 0. 
Total time steps survived: 213. 
Total runtime so far (hours/minutes/seconds): 00:03:31
----------------------------------------

----------------------------------------
TRIAL 10 STARTED
----------------------------------------
Start Time: 2024-05-13 13:33:17
At time step 21 the agent is dead
The agent had 2 food, 0 water, and 5 sleep.
The total tree search depth for this trial was 5396. 
The agent accessed its memory 35387 times. 
The agent cleared its short-term memory 13 times. 
     State prediction error memory resets: 10. 
     Hill memory resets: 3. 
TRIAL 10 COMPLETE ✔
End Time: 2024-05-13 13:33:40
Total runtime for this trial (minutes/seconds): 00:23
----------------------------------------
Total hill visits: 18. 
Total prediction errors: 96. 
Total search depth: 67824. 
Total times memory accessed: 487056. 
Total times 25 >= t <= 50: 2. 
Total times 50 >= t <= 75: 0. 
Total times 75 >= t <= 100: 0. 
Total times t == 100: 0. 
Total time steps survived: 235. 
Total runtime so far (hours/minutes/seconds): 00:03:53
----------------------------------------

----------------------------------------
TRIAL 11 STARTED
----------------------------------------
Start Time: 2024-05-13 13:33:39
At time step 21 the agent is dead
The agent had 2 food, 0 water, and 5 sleep.
The total tree search depth for this trial was 5434. 
The agent accessed its memory 45095 times. 
The agent cleared its short-term memory 7 times. 
     State prediction error memory resets: 6. 
     Hill memory resets: 1. 
TRIAL 11 COMPLETE ✔
End Time: 2024-05-13 13:34:04
Total runtime for this trial (minutes/seconds): 00:25
----------------------------------------
Total hill visits: 19. 
Total prediction errors: 102. 
Total search depth: 73258. 
Total times memory accessed: 532151. 
Total times 25 >= t <= 50: 2. 
Total times 50 >= t <= 75: 0. 
Total times 75 >= t <= 100: 0. 
Total times t == 100: 0. 
Total time steps survived: 257. 
Total runtime so far (hours/minutes/seconds): 00:04:17
----------------------------------------

----------------------------------------
TRIAL 12 STARTED
----------------------------------------
Start Time: 2024-05-13 13:34:03
At time step 21 the agent is dead
The agent had 2 food, 0 water, and 5 sleep.
The total tree search depth for this trial was 2665. 
The agent accessed its memory 17246 times. 
The agent cleared its short-term memory 11 times. 
     State prediction error memory resets: 10. 
     Hill memory resets: 1. 
TRIAL 12 COMPLETE ✔
End Time: 2024-05-13 13:34:16
Total runtime for this trial (minutes/seconds): 00:13
----------------------------------------
Total hill visits: 20. 
Total prediction errors: 112. 
Total search depth: 75923. 
Total times memory accessed: 549397. 
Total times 25 >= t <= 50: 2. 
Total times 50 >= t <= 75: 0. 
Total times 75 >= t <= 100: 0. 
Total times t == 100: 0. 
Total time steps survived: 279. 
Total runtime so far (hours/minutes/seconds): 00:04:29
----------------------------------------

----------------------------------------
TRIAL 13 STARTED
----------------------------------------
Start Time: 2024-05-13 13:34:15
