Running main with ALGORITHM=SI, SEED=8, HORIZON=2, K_FACTOR=0.7, ROOT_FOLDER=/home/grmstj001, MCT=3, NUM_MCT=100, AUTO_REST=

                            < M A T L A B (R) >
                  Copyright 1984-2024 The MathWorks, Inc.
                  R2024a (24.1.0.2537033) 64-bit (glnxa64)
                             February 21, 2024

 
To get started, type doc.
For product information, visit www.mathworks.com.
 
Algorithm: SI
Seed: 8
Horizon: 2
K-factor: 0.70
Root folder: /home/grmstj001
MCT: 3
Number of MCT: 100
Auto restore: 0
Results file name: 

ans = 

  struct with fields:

     Type: 'twister'
     Seed: 8
    State: [625x1 uint32]


----------------------------------------
TRIAL 1 STARTED
----------------------------------------
Start Time: 2024-05-13 13:29:48
At time step 21 the agent is dead
The agent had 2 food, 0 water, and 5 sleep.
The total tree search depth for this trial was 1764. 
The agent accessed its memory 22037 times. 
The agent cleared its short-term memory 8 times. 
     State prediction error memory resets: 7. 
     Hill memory resets: 1. 
TRIAL 1 COMPLETE ✔
End Time: 2024-05-13 13:29:54
Total runtime for this trial (minutes/seconds): 00:06
----------------------------------------
Total hill visits: 1. 
Total prediction errors: 7. 
Total search depth: 1764. 
Total times memory accessed: 22037. 
Total times 25 >= t <= 50: 0. 
Total times 50 >= t <= 75: 0. 
Total times 75 >= t <= 100: 0. 
Total times t == 100: 0. 
Total time steps survived: 22. 
Total runtime so far (hours/minutes/seconds): 00:00:06
----------------------------------------

----------------------------------------
TRIAL 2 STARTED
----------------------------------------
Start Time: 2024-05-13 13:29:53
At time step 21 the agent is dead
The agent had 2 food, 0 water, and 5 sleep.
The total tree search depth for this trial was 1599. 
The agent accessed its memory 19432 times. 
The agent cleared its short-term memory 7 times. 
     State prediction error memory resets: 5. 
     Hill memory resets: 2. 
TRIAL 2 COMPLETE ✔
End Time: 2024-05-13 13:29:57
Total runtime for this trial (minutes/seconds): 00:04
----------------------------------------
Total hill visits: 3. 
Total prediction errors: 12. 
Total search depth: 3363. 
Total times memory accessed: 41469. 
Total times 25 >= t <= 50: 0. 
Total times 50 >= t <= 75: 0. 
Total times 75 >= t <= 100: 0. 
Total times t == 100: 0. 
Total time steps survived: 44. 
Total runtime so far (hours/minutes/seconds): 00:00:09
----------------------------------------

----------------------------------------
TRIAL 3 STARTED
----------------------------------------
Start Time: 2024-05-13 13:29:56
At time step 21 the agent is dead
The agent had 2 food, 0 water, and 5 sleep.
The total tree search depth for this trial was 1522. 
The agent accessed its memory 24151 times. 
The agent cleared its short-term memory 0 times. 
     State prediction error memory resets: 0. 
     Hill memory resets: 0. 
TRIAL 3 COMPLETE ✔
End Time: 2024-05-13 13:30:00
Total runtime for this trial (minutes/seconds): 00:04
----------------------------------------
Total hill visits: 3. 
Total prediction errors: 12. 
Total search depth: 4885. 
Total times memory accessed: 65620. 
Total times 25 >= t <= 50: 0. 
Total times 50 >= t <= 75: 0. 
Total times 75 >= t <= 100: 0. 
Total times t == 100: 0. 
Total time steps survived: 66. 
Total runtime so far (hours/minutes/seconds): 00:00:12
----------------------------------------

----------------------------------------
TRIAL 4 STARTED
----------------------------------------
Start Time: 2024-05-13 13:29:59
At time step 21 the agent is dead
The agent had 2 food, 0 water, and 10 sleep.
The total tree search depth for this trial was 3723. 
The agent accessed its memory 33325 times. 
The agent cleared its short-term memory 8 times. 
     State prediction error memory resets: 7. 
     Hill memory resets: 1. 
TRIAL 4 COMPLETE ✔
End Time: 2024-05-13 13:30:06
Total runtime for this trial (minutes/seconds): 00:07
----------------------------------------
Total hill visits: 4. 
Total prediction errors: 19. 
Total search depth: 8608. 
Total times memory accessed: 98945. 
Total times 25 >= t <= 50: 0. 
Total times 50 >= t <= 75: 0. 
Total times 75 >= t <= 100: 0. 
Total times t == 100: 0. 
Total time steps survived: 88. 
Total runtime so far (hours/minutes/seconds): 00:00:18
----------------------------------------

----------------------------------------
TRIAL 5 STARTED
----------------------------------------
Start Time: 2024-05-13 13:30:05
At time step 21 the agent is dead
The agent had 2 food, 0 water, and 5 sleep.
The total tree search depth for this trial was 4336. 
The agent accessed its memory 50476 times. 
The agent cleared its short-term memory 8 times. 
     State prediction error memory resets: 8. 
     Hill memory resets: 0. 
TRIAL 5 COMPLETE ✔
End Time: 2024-05-13 13:30:12
Total runtime for this trial (minutes/seconds): 00:07
----------------------------------------
Total hill visits: 4. 
Total prediction errors: 27. 
Total search depth: 12944. 
Total times memory accessed: 149421. 
Total times 25 >= t <= 50: 0. 
Total times 50 >= t <= 75: 0. 
Total times 75 >= t <= 100: 0. 
Total times t == 100: 0. 
Total time steps survived: 110. 
Total runtime so far (hours/minutes/seconds): 00:00:24
----------------------------------------

----------------------------------------
TRIAL 6 STARTED
----------------------------------------
Start Time: 2024-05-13 13:30:11
At time step 21 the agent is dead
The agent had 2 food, 0 water, and 5 sleep.
The total tree search depth for this trial was 1266. 
The agent accessed its memory 19794 times. 
The agent cleared its short-term memory 5 times. 
     State prediction error memory resets: 5. 
     Hill memory resets: 0. 
TRIAL 6 COMPLETE ✔
End Time: 2024-05-13 13:30:15
Total runtime for this trial (minutes/seconds): 00:04
----------------------------------------
Total hill visits: 4. 
Total prediction errors: 32. 
Total search depth: 14210. 
Total times memory accessed: 169215. 
Total times 25 >= t <= 50: 0. 
Total times 50 >= t <= 75: 0. 
Total times 75 >= t <= 100: 0. 
Total times t == 100: 0. 
Total time steps survived: 132. 
Total runtime so far (hours/minutes/seconds): 00:00:27
----------------------------------------

----------------------------------------
TRIAL 7 STARTED
----------------------------------------
Start Time: 2024-05-13 13:30:14
At time step 21 the agent is dead
The agent had 2 food, 0 water, and 5 sleep.
The total tree search depth for this trial was 1049. 
The agent accessed its memory 10068 times. 
The agent cleared its short-term memory 2 times. 
     State prediction error memory resets: 1. 
     Hill memory resets: 1. 
TRIAL 7 COMPLETE ✔
End Time: 2024-05-13 13:30:17
Total runtime for this trial (minutes/seconds): 00:03
----------------------------------------
Total hill visits: 5. 
Total prediction errors: 33. 
Total search depth: 15259. 
Total times memory accessed: 179283. 
Total times 25 >= t <= 50: 0. 
Total times 50 >= t <= 75: 0. 
Total times 75 >= t <= 100: 0. 
Total times t == 100: 0. 
Total time steps survived: 154. 
Total runtime so far (hours/minutes/seconds): 00:00:29
----------------------------------------

----------------------------------------
TRIAL 8 STARTED
----------------------------------------
Start Time: 2024-05-13 13:30:16
At time step 21 the agent is dead
The agent had 2 food, 0 water, and 5 sleep.
The total tree search depth for this trial was 3269. 
The agent accessed its memory 30936 times. 
The agent cleared its short-term memory 11 times. 
     State prediction error memory resets: 10. 
     Hill memory resets: 1. 
TRIAL 8 COMPLETE ✔
End Time: 2024-05-13 13:30:22
Total runtime for this trial (minutes/seconds): 00:06
----------------------------------------
Total hill visits: 6. 
Total prediction errors: 43. 
Total search depth: 18528. 
Total times memory accessed: 210219. 
Total times 25 >= t <= 50: 0. 
Total times 50 >= t <= 75: 0. 
Total times 75 >= t <= 100: 0. 
Total times t == 100: 0. 
Total time steps survived: 176. 
Total runtime so far (hours/minutes/seconds): 00:00:34
----------------------------------------

----------------------------------------
TRIAL 9 STARTED
----------------------------------------
Start Time: 2024-05-13 13:30:21
At time step 21 the agent is dead
The agent had 2 food, 0 water, and 5 sleep.
The total tree search depth for this trial was 2396. 
The agent accessed its memory 30971 times. 
The agent cleared its short-term memory 5 times. 
     State prediction error memory resets: 5. 
     Hill memory resets: 0. 
TRIAL 9 COMPLETE ✔
End Time: 2024-05-13 13:30:26
Total runtime for this trial (minutes/seconds): 00:05
----------------------------------------
Total hill visits: 6. 
Total prediction errors: 48. 
Total search depth: 20924. 
Total times memory accessed: 241190. 
Total times 25 >= t <= 50: 0. 
Total times 50 >= t <= 75: 0. 
Total times 75 >= t <= 100: 0. 
Total times t == 100: 0. 
Total time steps survived: 198. 
Total runtime so far (hours/minutes/seconds): 00:00:38
----------------------------------------

----------------------------------------
TRIAL 10 STARTED
----------------------------------------
Start Time: 2024-05-13 13:30:25
At time step 21 the agent is dead
The agent had 2 food, 0 water, and 9 sleep.
The total tree search depth for this trial was 6832. 
The agent accessed its memory 63009 times. 
The agent cleared its short-term memory 13 times. 
     State prediction error memory resets: 12. 
     Hill memory resets: 1. 
TRIAL 10 COMPLETE ✔
End Time: 2024-05-13 13:30:36
Total runtime for this trial (minutes/seconds): 00:11
----------------------------------------
Total hill visits: 7. 
Total prediction errors: 60. 
Total search depth: 27756. 
Total times memory accessed: 304199. 
Total times 25 >= t <= 50: 0. 
Total times 50 >= t <= 75: 0. 
Total times 75 >= t <= 100: 0. 
Total times t == 100: 0. 
Total time steps survived: 220. 
Total runtime so far (hours/minutes/seconds): 00:00:48
----------------------------------------

----------------------------------------
TRIAL 11 STARTED
----------------------------------------
Start Time: 2024-05-13 13:30:35
At time step 21 the agent is dead
The agent had 2 food, 0 water, and 5 sleep.
The total tree search depth for this trial was 4653. 
The agent accessed its memory 45621 times. 
The agent cleared its short-term memory 17 times. 
     State prediction error memory resets: 16. 
     Hill memory resets: 1. 
TRIAL 11 COMPLETE ✔
End Time: 2024-05-13 13:30:45
Total runtime for this trial (minutes/seconds): 00:10
----------------------------------------
Total hill visits: 8. 
Total prediction errors: 76. 
Total search depth: 32409. 
Total times memory accessed: 349820. 
Total times 25 >= t <= 50: 0. 
Total times 50 >= t <= 75: 0. 
Total times 75 >= t <= 100: 0. 
Total times t == 100: 0. 
Total time steps survived: 242. 
Total runtime so far (hours/minutes/seconds): 00:00:57
----------------------------------------

----------------------------------------
TRIAL 12 STARTED
----------------------------------------
Start Time: 2024-05-13 13:30:44
At time step 21 the agent is dead
The agent had 2 food, 0 water, and 5 sleep.
The total tree search depth for this trial was 3300. 
The agent accessed its memory 30844 times. 
The agent cleared its short-term memory 8 times. 
     State prediction error memory resets: 7. 
     Hill memory resets: 1. 
TRIAL 12 COMPLETE ✔
End Time: 2024-05-13 13:30:50
Total runtime for this trial (minutes/seconds): 00:06
----------------------------------------
Total hill visits: 9. 
Total prediction errors: 83. 
Total search depth: 35709. 
Total times memory accessed: 380664. 
Total times 25 >= t <= 50: 0. 
Total times 50 >= t <= 75: 0. 
Total times 75 >= t <= 100: 0. 
Total times t == 100: 0. 
Total time steps survived: 264. 
Total runtime so far (hours/minutes/seconds): 00:01:02
----------------------------------------

----------------------------------------
TRIAL 13 STARTED
----------------------------------------
Start Time: 2024-05-13 13:30:49
At time step 21 the agent is dead
The agent had 2 food, 0 water, and 5 sleep.
The total tree search depth for this trial was 1142. 
The agent accessed its memory 17705 times. 
The agent cleared its short-term memory 4 times. 
     State prediction error memory resets: 4. 
     Hill memory resets: 0. 
TRIAL 13 COMPLETE ✔
End Time: 2024-05-13 13:30:52
Total runtime for this trial (minutes/seconds): 00:03
----------------------------------------
Total hill visits: 9. 
Total prediction errors: 87. 
Total search depth: 36851. 
Total times memory accessed: 398369. 
Total times 25 >= t <= 50: 0. 
Total times 50 >= t <= 75: 0. 
Total times 75 >= t <= 100: 0. 
Total times t == 100: 0. 
Total time steps survived: 286. 
Total runtime so far (hours/minutes/seconds): 00:01:04
----------------------------------------

----------------------------------------
TRIAL 14 STARTED
----------------------------------------
Start Time: 2024-05-13 13:30:51
At time step 40 the agent is dead
The agent had 20 food, 11 water, and 0 sleep.
The total tree search depth for this trial was 101823. 
The agent accessed its memory 989960 times. 
The agent cleared its short-term memory 14 times. 
     State prediction error memory resets: 14. 
     Hill memory resets: 0. 
TRIAL 14 COMPLETE ✔
End Time: 2024-05-13 13:32:50
Total runtime for this trial (minutes/seconds): 01:59
----------------------------------------
Total hill visits: 9. 
Total prediction errors: 101. 
Total search depth: 138674. 
Total times memory accessed: 1388329. 
Total times 25 >= t <= 50: 1. 
Total times 50 >= t <= 75: 0. 
Total times 75 >= t <= 100: 0. 
Total times t == 100: 0. 
Total time steps survived: 327. 
Total runtime so far (hours/minutes/seconds): 00:03:02
----------------------------------------

----------------------------------------
TRIAL 15 STARTED
----------------------------------------
Start Time: 2024-05-13 13:32:49
At time step 21 the agent is dead
The agent had 2 food, 0 water, and 5 sleep.
The total tree search depth for this trial was 20960. 
The agent accessed its memory 212757 times. 
The agent cleared its short-term memory 8 times. 
     State prediction error memory resets: 8. 
     Hill memory resets: 0. 
TRIAL 15 COMPLETE ✔
End Time: 2024-05-13 13:33:19
Total runtime for this trial (minutes/seconds): 00:30
----------------------------------------
Total hill visits: 9. 
Total prediction errors: 109. 
Total search depth: 159634. 
Total times memory accessed: 1601086. 
Total times 25 >= t <= 50: 1. 
Total times 50 >= t <= 75: 0. 
Total times 75 >= t <= 100: 0. 
Total times t == 100: 0. 
Total time steps survived: 349. 
Total runtime so far (hours/minutes/seconds): 00:03:31
----------------------------------------

----------------------------------------
TRIAL 16 STARTED
----------------------------------------
Start Time: 2024-05-13 13:33:18
At time step 21 the agent is dead
The agent had 2 food, 0 water, and 5 sleep.
The total tree search depth for this trial was 24191. 
The agent accessed its memory 235217 times. 
The agent cleared its short-term memory 10 times. 
     State prediction error memory resets: 9. 
     Hill memory resets: 1. 
TRIAL 16 COMPLETE ✔
End Time: 2024-05-13 13:33:51
Total runtime for this trial (minutes/seconds): 00:33
----------------------------------------
Total hill visits: 10. 
Total prediction errors: 118. 
Total search depth: 183825. 
Total times memory accessed: 1836303. 
Total times 25 >= t <= 50: 1. 
Total times 50 >= t <= 75: 0. 
Total times 75 >= t <= 100: 0. 
Total times t == 100: 0. 
Total time steps survived: 371. 
Total runtime so far (hours/minutes/seconds): 00:04:03
----------------------------------------

----------------------------------------
TRIAL 17 STARTED
----------------------------------------
Start Time: 2024-05-13 13:33:50
At time step 21 the agent is dead
The agent had 2 food, 0 water, and 5 sleep.
The total tree search depth for this trial was 26479. 
The agent accessed its memory 258766 times. 
The agent cleared its short-term memory 11 times. 
     State prediction error memory resets: 11. 
     Hill memory resets: 0. 
TRIAL 17 COMPLETE ✔
End Time: 2024-05-13 13:34:25
Total runtime for this trial (minutes/seconds): 00:35
----------------------------------------
Total hill visits: 10. 
Total prediction errors: 129. 
Total search depth: 210304. 
Total times memory accessed: 2095069. 
Total times 25 >= t <= 50: 1. 
Total times 50 >= t <= 75: 0. 
Total times 75 >= t <= 100: 0. 
Total times t == 100: 0. 
Total time steps survived: 393. 
Total runtime so far (hours/minutes/seconds): 00:04:37
----------------------------------------

----------------------------------------
TRIAL 18 STARTED
----------------------------------------
Start Time: 2024-05-13 13:34:24
At time step 21 the agent is dead
The agent had 2 food, 0 water, and 25 sleep.
The total tree search depth for this trial was 12806. 
The agent accessed its memory 106543 times. 
The agent cleared its short-term memory 4 times. 
     State prediction error memory resets: 3. 
     Hill memory resets: 1. 
TRIAL 18 COMPLETE ✔
End Time: 2024-05-13 13:34:44
Total runtime for this trial (minutes/seconds): 00:20
----------------------------------------
Total hill visits: 11. 
Total prediction errors: 132. 
Total search depth: 223110. 
Total times memory accessed: 2201612. 
Total times 25 >= t <= 50: 1. 
Total times 50 >= t <= 75: 0. 
Total times 75 >= t <= 100: 0. 
Total times t == 100: 0. 
Total time steps survived: 415. 
Total runtime so far (hours/minutes/seconds): 00:04:56
----------------------------------------

----------------------------------------
TRIAL 19 STARTED
----------------------------------------
Start Time: 2024-05-13 13:34:43
At time step 21 the agent is dead
The agent had 2 food, 0 water, and 14 sleep.
The total tree search depth for this trial was 13651. 
The agent accessed its memory 103958 times. 
The agent cleared its short-term memory 13 times. 
     State prediction error memory resets: 10. 
     Hill memory resets: 3. 
TRIAL 19 COMPLETE ✔
End Time: 2024-05-13 13:35:04
Total runtime for this trial (minutes/seconds): 00:21
----------------------------------------
Total hill visits: 14. 
Total prediction errors: 142. 
Total search depth: 236761. 
Total times memory accessed: 2305570. 
Total times 25 >= t <= 50: 1. 
Total times 50 >= t <= 75: 0. 
Total times 75 >= t <= 100: 0. 
Total times t == 100: 0. 
Total time steps survived: 437. 
Total runtime so far (hours/minutes/seconds): 00:05:16
----------------------------------------

----------------------------------------
TRIAL 20 STARTED
----------------------------------------
Start Time: 2024-05-13 13:35:03
At time step 72 the agent is dead
The agent had 12 food, 3 water, and 0 sleep.
The total tree search depth for this trial was 160650. 
The agent accessed its memory 1130535 times. 
The agent cleared its short-term memory 34 times. 
     State prediction error memory resets: 33. 
     Hill memory resets: 1. 
TRIAL 20 COMPLETE ✔
End Time: 2024-05-13 13:38:20
Total runtime for this trial (minutes/seconds): 03:17
----------------------------------------
Total hill visits: 15. 
Total prediction errors: 175. 
Total search depth: 397411. 
Total times memory accessed: 3436105. 
Total times 25 >= t <= 50: 1. 
Total times 50 >= t <= 75: 1. 
Total times 75 >= t <= 100: 0. 
Total times t == 100: 0. 
Total time steps survived: 510. 
Total runtime so far (hours/minutes/seconds): 00:08:32
----------------------------------------

----------------------------------------
TRIAL 21 STARTED
----------------------------------------
Start Time: 2024-05-13 13:38:19
At time step 21 the agent is dead
The agent had 17 food, 0 water, and 23 sleep.
The total tree search depth for this trial was 17944. 
The agent accessed its memory 146084 times. 
The agent cleared its short-term memory 12 times. 
     State prediction error memory resets: 10. 
     Hill memory resets: 2. 
TRIAL 21 COMPLETE ✔
End Time: 2024-05-13 13:38:44
Total runtime for this trial (minutes/seconds): 00:25
----------------------------------------
Total hill visits: 17. 
Total prediction errors: 185. 
Total search depth: 415355. 
Total times memory accessed: 3582189. 
Total times 25 >= t <= 50: 1. 
Total times 50 >= t <= 75: 1. 
Total times 75 >= t <= 100: 0. 
Total times t == 100: 0. 
Total time steps survived: 532. 
Total runtime so far (hours/minutes/seconds): 00:08:56
----------------------------------------

----------------------------------------
TRIAL 22 STARTED
----------------------------------------
Start Time: 2024-05-13 13:38:43
At time step 21 the agent is dead
The agent had 2 food, 0 water, and 5 sleep.
The total tree search depth for this trial was 15989. 
The agent accessed its memory 110527 times. 
The agent cleared its short-term memory 10 times. 
     State prediction error memory resets: 9. 
     Hill memory resets: 1. 
TRIAL 22 COMPLETE ✔
End Time: 2024-05-13 13:39:08
Total runtime for this trial (minutes/seconds): 00:25
----------------------------------------
Total hill visits: 18. 
Total prediction errors: 194. 
Total search depth: 431344. 
Total times memory accessed: 3692716. 
Total times 25 >= t <= 50: 1. 
Total times 50 >= t <= 75: 1. 
Total times 75 >= t <= 100: 0. 
Total times t == 100: 0. 
Total time steps survived: 554. 
Total runtime so far (hours/minutes/seconds): 00:09:20
----------------------------------------

----------------------------------------
TRIAL 23 STARTED
----------------------------------------
Start Time: 2024-05-13 13:39:07
