Running main with ALGORITHM=SI, SEED=28, HORIZON=2, K_FACTOR=0.7, ROOT_FOLDER=/home/grmstj001, MCT=3, NUM_MCT=100, AUTO_REST=

                            < M A T L A B (R) >
                  Copyright 1984-2024 The MathWorks, Inc.
                  R2024a (24.1.0.2537033) 64-bit (glnxa64)
                             February 21, 2024

 
To get started, type doc.
For product information, visit www.mathworks.com.
 
Algorithm: SI
Seed: 28
Horizon: 2
K-factor: 0.70
Root folder: /home/grmstj001
MCT: 3
Number of MCT: 100
Auto restore: 0
Results file name: 

ans = 

  struct with fields:

     Type: 'twister'
     Seed: 28
    State: [625x1 uint32]


----------------------------------------
TRIAL 1 STARTED
----------------------------------------
Start Time: 2024-05-13 13:29:47
At time step 21 the agent is dead
The agent had 2 food, 0 water, and 5 sleep.
The total tree search depth for this trial was 2409. 
The agent accessed its memory 23751 times. 
The agent cleared its short-term memory 10 times. 
     State prediction error memory resets: 9. 
     Hill memory resets: 1. 
TRIAL 1 COMPLETE ✔
End Time: 2024-05-13 13:29:54
Total runtime for this trial (minutes/seconds): 00:07
----------------------------------------
Total hill visits: 1. 
Total prediction errors: 9. 
Total search depth: 2409. 
Total times memory accessed: 23751. 
Total times 25 >= t <= 50: 0. 
Total times 50 >= t <= 75: 0. 
Total times 75 >= t <= 100: 0. 
Total times t == 100: 0. 
Total time steps survived: 22. 
Total runtime so far (hours/minutes/seconds): 00:00:07
----------------------------------------

----------------------------------------
TRIAL 2 STARTED
----------------------------------------
Start Time: 2024-05-13 13:29:53
At time step 21 the agent is dead
The agent had 2 food, 0 water, and 5 sleep.
The total tree search depth for this trial was 1637. 
The agent accessed its memory 16417 times. 
The agent cleared its short-term memory 8 times. 
     State prediction error memory resets: 8. 
     Hill memory resets: 0. 
TRIAL 2 COMPLETE ✔
End Time: 2024-05-13 13:29:58
Total runtime for this trial (minutes/seconds): 00:05
----------------------------------------
Total hill visits: 1. 
Total prediction errors: 17. 
Total search depth: 4046. 
Total times memory accessed: 40168. 
Total times 25 >= t <= 50: 0. 
Total times 50 >= t <= 75: 0. 
Total times 75 >= t <= 100: 0. 
Total times t == 100: 0. 
Total time steps survived: 44. 
Total runtime so far (hours/minutes/seconds): 00:00:11
----------------------------------------

----------------------------------------
TRIAL 3 STARTED
----------------------------------------
Start Time: 2024-05-13 13:29:57
At time step 21 the agent is dead
The agent had 2 food, 0 water, and 5 sleep.
The total tree search depth for this trial was 1429. 
The agent accessed its memory 12431 times. 
The agent cleared its short-term memory 10 times. 
     State prediction error memory resets: 9. 
     Hill memory resets: 1. 
TRIAL 3 COMPLETE ✔
End Time: 2024-05-13 13:30:01
Total runtime for this trial (minutes/seconds): 00:04
----------------------------------------
Total hill visits: 2. 
Total prediction errors: 26. 
Total search depth: 5475. 
Total times memory accessed: 52599. 
Total times 25 >= t <= 50: 0. 
Total times 50 >= t <= 75: 0. 
Total times 75 >= t <= 100: 0. 
Total times t == 100: 0. 
Total time steps survived: 66. 
Total runtime so far (hours/minutes/seconds): 00:00:14
----------------------------------------

----------------------------------------
TRIAL 4 STARTED
----------------------------------------
Start Time: 2024-05-13 13:30:00
At time step 21 the agent is dead
The agent had 2 food, 0 water, and 5 sleep.
The total tree search depth for this trial was 1540. 
The agent accessed its memory 14406 times. 
The agent cleared its short-term memory 10 times. 
     State prediction error memory resets: 10. 
     Hill memory resets: 0. 
TRIAL 4 COMPLETE ✔
End Time: 2024-05-13 13:30:05
Total runtime for this trial (minutes/seconds): 00:05
----------------------------------------
Total hill visits: 2. 
Total prediction errors: 36. 
Total search depth: 7015. 
Total times memory accessed: 67005. 
Total times 25 >= t <= 50: 0. 
Total times 50 >= t <= 75: 0. 
Total times 75 >= t <= 100: 0. 
Total times t == 100: 0. 
Total time steps survived: 88. 
Total runtime so far (hours/minutes/seconds): 00:00:18
----------------------------------------

----------------------------------------
TRIAL 5 STARTED
----------------------------------------
Start Time: 2024-05-13 13:30:04
At time step 21 the agent is dead
The agent had 4 food, 0 water, and 5 sleep.
The total tree search depth for this trial was 2342. 
The agent accessed its memory 24664 times. 
The agent cleared its short-term memory 9 times. 
     State prediction error memory resets: 9. 
     Hill memory resets: 0. 
TRIAL 5 COMPLETE ✔
End Time: 2024-05-13 13:30:08
Total runtime for this trial (minutes/seconds): 00:04
----------------------------------------
Total hill visits: 2. 
Total prediction errors: 45. 
Total search depth: 9357. 
Total times memory accessed: 91669. 
Total times 25 >= t <= 50: 0. 
Total times 50 >= t <= 75: 0. 
Total times 75 >= t <= 100: 0. 
Total times t == 100: 0. 
Total time steps survived: 110. 
Total runtime so far (hours/minutes/seconds): 00:00:21
----------------------------------------

----------------------------------------
TRIAL 6 STARTED
----------------------------------------
Start Time: 2024-05-13 13:30:07
At time step 21 the agent is dead
The agent had 2 food, 0 water, and 5 sleep.
The total tree search depth for this trial was 2733. 
The agent accessed its memory 30788 times. 
The agent cleared its short-term memory 11 times. 
     State prediction error memory resets: 11. 
     Hill memory resets: 0. 
TRIAL 6 COMPLETE ✔
End Time: 2024-05-13 13:30:13
Total runtime for this trial (minutes/seconds): 00:06
----------------------------------------
Total hill visits: 2. 
Total prediction errors: 56. 
Total search depth: 12090. 
Total times memory accessed: 122457. 
Total times 25 >= t <= 50: 0. 
Total times 50 >= t <= 75: 0. 
Total times 75 >= t <= 100: 0. 
Total times t == 100: 0. 
Total time steps survived: 132. 
Total runtime so far (hours/minutes/seconds): 00:00:26
----------------------------------------

----------------------------------------
TRIAL 7 STARTED
----------------------------------------
Start Time: 2024-05-13 13:30:12
At time step 25 the agent is dead
The agent had 9 food, 0 water, and 1 sleep.
The total tree search depth for this trial was 11413. 
The agent accessed its memory 100789 times. 
The agent cleared its short-term memory 7 times. 
     State prediction error memory resets: 7. 
     Hill memory resets: 0. 
TRIAL 7 COMPLETE ✔
End Time: 2024-05-13 13:30:27
Total runtime for this trial (minutes/seconds): 00:15
----------------------------------------
Total hill visits: 2. 
Total prediction errors: 63. 
Total search depth: 23503. 
Total times memory accessed: 223246. 
Total times 25 >= t <= 50: 1. 
Total times 50 >= t <= 75: 0. 
Total times 75 >= t <= 100: 0. 
Total times t == 100: 0. 
Total time steps survived: 158. 
Total runtime so far (hours/minutes/seconds): 00:00:40
----------------------------------------

----------------------------------------
TRIAL 8 STARTED
----------------------------------------
Start Time: 2024-05-13 13:30:26
At time step 21 the agent is dead
The agent had 2 food, 0 water, and 5 sleep.
The total tree search depth for this trial was 2788. 
The agent accessed its memory 25511 times. 
The agent cleared its short-term memory 12 times. 
     State prediction error memory resets: 11. 
     Hill memory resets: 1. 
TRIAL 8 COMPLETE ✔
End Time: 2024-05-13 13:30:31
Total runtime for this trial (minutes/seconds): 00:05
----------------------------------------
Total hill visits: 3. 
Total prediction errors: 74. 
Total search depth: 26291. 
Total times memory accessed: 248757. 
Total times 25 >= t <= 50: 1. 
Total times 50 >= t <= 75: 0. 
Total times 75 >= t <= 100: 0. 
Total times t == 100: 0. 
Total time steps survived: 180. 
Total runtime so far (hours/minutes/seconds): 00:00:44
----------------------------------------

----------------------------------------
TRIAL 9 STARTED
----------------------------------------
Start Time: 2024-05-13 13:30:30
At time step 21 the agent is dead
The agent had 2 food, 0 water, and 5 sleep.
The total tree search depth for this trial was 2278. 
The agent accessed its memory 24722 times. 
The agent cleared its short-term memory 15 times. 
     State prediction error memory resets: 15. 
     Hill memory resets: 0. 
TRIAL 9 COMPLETE ✔
End Time: 2024-05-13 13:30:36
Total runtime for this trial (minutes/seconds): 00:06
----------------------------------------
Total hill visits: 3. 
Total prediction errors: 89. 
Total search depth: 28569. 
Total times memory accessed: 273479. 
Total times 25 >= t <= 50: 1. 
Total times 50 >= t <= 75: 0. 
Total times 75 >= t <= 100: 0. 
Total times t == 100: 0. 
Total time steps survived: 202. 
Total runtime so far (hours/minutes/seconds): 00:00:49
----------------------------------------

----------------------------------------
TRIAL 10 STARTED
----------------------------------------
Start Time: 2024-05-13 13:30:35
At time step 21 the agent is dead
The agent had 2 food, 0 water, and 5 sleep.
The total tree search depth for this trial was 1308. 
The agent accessed its memory 14306 times. 
The agent cleared its short-term memory 11 times. 
     State prediction error memory resets: 11. 
     Hill memory resets: 0. 
TRIAL 10 COMPLETE ✔
End Time: 2024-05-13 13:30:39
Total runtime for this trial (minutes/seconds): 00:04
----------------------------------------
Total hill visits: 3. 
Total prediction errors: 100. 
Total search depth: 29877. 
Total times memory accessed: 287785. 
Total times 25 >= t <= 50: 1. 
Total times 50 >= t <= 75: 0. 
Total times 75 >= t <= 100: 0. 
Total times t == 100: 0. 
Total time steps survived: 224. 
Total runtime so far (hours/minutes/seconds): 00:00:52
----------------------------------------

----------------------------------------
TRIAL 11 STARTED
----------------------------------------
Start Time: 2024-05-13 13:30:38
At time step 21 the agent is dead
The agent had 2 food, 0 water, and 15 sleep.
The total tree search depth for this trial was 6166. 
The agent accessed its memory 47375 times. 
The agent cleared its short-term memory 10 times. 
     State prediction error memory resets: 8. 
     Hill memory resets: 2. 
TRIAL 11 COMPLETE ✔
End Time: 2024-05-13 13:30:47
Total runtime for this trial (minutes/seconds): 00:09
----------------------------------------
Total hill visits: 5. 
Total prediction errors: 108. 
Total search depth: 36043. 
Total times memory accessed: 335160. 
Total times 25 >= t <= 50: 1. 
Total times 50 >= t <= 75: 0. 
Total times 75 >= t <= 100: 0. 
Total times t == 100: 0. 
Total time steps survived: 246. 
Total runtime so far (hours/minutes/seconds): 00:01:00
----------------------------------------

----------------------------------------
TRIAL 12 STARTED
----------------------------------------
Start Time: 2024-05-13 13:30:46
At time step 23 the agent is dead
The agent had 0 food, 10 water, and 3 sleep.
The total tree search depth for this trial was 15750. 
The agent accessed its memory 110329 times. 
The agent cleared its short-term memory 14 times. 
     State prediction error memory resets: 13. 
     Hill memory resets: 1. 
TRIAL 12 COMPLETE ✔
End Time: 2024-05-13 13:31:07
Total runtime for this trial (minutes/seconds): 00:21
----------------------------------------
Total hill visits: 6. 
Total prediction errors: 121. 
Total search depth: 51793. 
Total times memory accessed: 445489. 
Total times 25 >= t <= 50: 1. 
Total times 50 >= t <= 75: 0. 
Total times 75 >= t <= 100: 0. 
Total times t == 100: 0. 
Total time steps survived: 270. 
Total runtime so far (hours/minutes/seconds): 00:01:20
----------------------------------------

----------------------------------------
TRIAL 13 STARTED
----------------------------------------
Start Time: 2024-05-13 13:31:06
At time step 23 the agent is dead
The agent had 0 food, 4 water, and 3 sleep.
The total tree search depth for this trial was 18827. 
The agent accessed its memory 168151 times. 
The agent cleared its short-term memory 12 times. 
     State prediction error memory resets: 11. 
     Hill memory resets: 1. 
TRIAL 13 COMPLETE ✔
End Time: 2024-05-13 13:31:35
Total runtime for this trial (minutes/seconds): 00:29
----------------------------------------
Total hill visits: 7. 
Total prediction errors: 132. 
Total search depth: 70620. 
Total times memory accessed: 613640. 
Total times 25 >= t <= 50: 1. 
Total times 50 >= t <= 75: 0. 
Total times 75 >= t <= 100: 0. 
Total times t == 100: 0. 
Total time steps survived: 294. 
Total runtime so far (hours/minutes/seconds): 00:01:48
----------------------------------------

----------------------------------------
TRIAL 14 STARTED
----------------------------------------
Start Time: 2024-05-13 13:31:34
At time step 25 the agent is dead
The agent had 0 food, 1 water, and 10 sleep.
The total tree search depth for this trial was 64093. 
The agent accessed its memory 649335 times. 
The agent cleared its short-term memory 21 times. 
     State prediction error memory resets: 21. 
     Hill memory resets: 0. 
TRIAL 14 COMPLETE ✔
End Time: 2024-05-13 13:32:54
Total runtime for this trial (minutes/seconds): 01:20
----------------------------------------
Total hill visits: 7. 
Total prediction errors: 153. 
Total search depth: 134713. 
Total times memory accessed: 1262975. 
Total times 25 >= t <= 50: 2. 
Total times 50 >= t <= 75: 0. 
Total times 75 >= t <= 100: 0. 
Total times t == 100: 0. 
Total time steps survived: 320. 
Total runtime so far (hours/minutes/seconds): 00:03:07
----------------------------------------

----------------------------------------
TRIAL 15 STARTED
----------------------------------------
Start Time: 2024-05-13 13:32:53
At time step 21 the agent is dead
The agent had 2 food, 0 water, and 5 sleep.
The total tree search depth for this trial was 19980. 
The agent accessed its memory 197254 times. 
The agent cleared its short-term memory 14 times. 
     State prediction error memory resets: 14. 
     Hill memory resets: 0. 
TRIAL 15 COMPLETE ✔
End Time: 2024-05-13 13:33:24
Total runtime for this trial (minutes/seconds): 00:31
----------------------------------------
Total hill visits: 7. 
Total prediction errors: 167. 
Total search depth: 154693. 
Total times memory accessed: 1460229. 
Total times 25 >= t <= 50: 2. 
Total times 50 >= t <= 75: 0. 
Total times 75 >= t <= 100: 0. 
Total times t == 100: 0. 
Total time steps survived: 342. 
Total runtime so far (hours/minutes/seconds): 00:03:37
----------------------------------------

----------------------------------------
TRIAL 16 STARTED
----------------------------------------
Start Time: 2024-05-13 13:33:23
At time step 21 the agent is dead
The agent had 10 food, 0 water, and 5 sleep.
The total tree search depth for this trial was 34646. 
The agent accessed its memory 283985 times. 
The agent cleared its short-term memory 13 times. 
     State prediction error memory resets: 12. 
     Hill memory resets: 1. 
TRIAL 16 COMPLETE ✔
End Time: 2024-05-13 13:34:09
Total runtime for this trial (minutes/seconds): 00:46
----------------------------------------
Total hill visits: 8. 
Total prediction errors: 179. 
Total search depth: 189339. 
Total times memory accessed: 1744214. 
Total times 25 >= t <= 50: 2. 
Total times 50 >= t <= 75: 0. 
Total times 75 >= t <= 100: 0. 
Total times t == 100: 0. 
Total time steps survived: 364. 
Total runtime so far (hours/minutes/seconds): 00:04:22
----------------------------------------

----------------------------------------
TRIAL 17 STARTED
----------------------------------------
Start Time: 2024-05-13 13:34:08
At time step 21 the agent is dead
The agent had 2 food, 0 water, and 5 sleep.
The total tree search depth for this trial was 6888. 
The agent accessed its memory 65485 times. 
The agent cleared its short-term memory 14 times. 
     State prediction error memory resets: 13. 
     Hill memory resets: 1. 
TRIAL 17 COMPLETE ✔
End Time: 2024-05-13 13:34:19
Total runtime for this trial (minutes/seconds): 00:11
----------------------------------------
Total hill visits: 9. 
Total prediction errors: 192. 
Total search depth: 196227. 
Total times memory accessed: 1809699. 
Total times 25 >= t <= 50: 2. 
Total times 50 >= t <= 75: 0. 
Total times 75 >= t <= 100: 0. 
Total times t == 100: 0. 
Total time steps survived: 386. 
Total runtime so far (hours/minutes/seconds): 00:04:32
----------------------------------------

----------------------------------------
TRIAL 18 STARTED
----------------------------------------
Start Time: 2024-05-13 13:34:18
At time step 21 the agent is dead
The agent had 2 food, 0 water, and 19 sleep.
The total tree search depth for this trial was 30453. 
The agent accessed its memory 254408 times. 
The agent cleared its short-term memory 14 times. 
     State prediction error memory resets: 13. 
     Hill memory resets: 1. 
TRIAL 18 COMPLETE ✔
End Time: 2024-05-13 13:34:57
Total runtime for this trial (minutes/seconds): 00:39
----------------------------------------
Total hill visits: 10. 
Total prediction errors: 205. 
Total search depth: 226680. 
Total times memory accessed: 2064107. 
Total times 25 >= t <= 50: 2. 
Total times 50 >= t <= 75: 0. 
Total times 75 >= t <= 100: 0. 
Total times t == 100: 0. 
Total time steps survived: 408. 
Total runtime so far (hours/minutes/seconds): 00:05:10
----------------------------------------

----------------------------------------
TRIAL 19 STARTED
----------------------------------------
Start Time: 2024-05-13 13:34:56
At time step 21 the agent is dead
The agent had 2 food, 0 water, and 5 sleep.
The total tree search depth for this trial was 8810. 
The agent accessed its memory 75941 times. 
The agent cleared its short-term memory 12 times. 
     State prediction error memory resets: 11. 
     Hill memory resets: 1. 
TRIAL 19 COMPLETE ✔
End Time: 2024-05-13 13:35:10
Total runtime for this trial (minutes/seconds): 00:14
----------------------------------------
Total hill visits: 11. 
Total prediction errors: 216. 
Total search depth: 235490. 
Total times memory accessed: 2140048. 
Total times 25 >= t <= 50: 2. 
Total times 50 >= t <= 75: 0. 
Total times 75 >= t <= 100: 0. 
Total times t == 100: 0. 
Total time steps survived: 430. 
Total runtime so far (hours/minutes/seconds): 00:05:23
----------------------------------------

----------------------------------------
TRIAL 20 STARTED
----------------------------------------
Start Time: 2024-05-13 13:35:09
At time step 23 the agent is dead
The agent had 0 food, 18 water, and 19 sleep.
The total tree search depth for this trial was 34067. 
The agent accessed its memory 239982 times. 
The agent cleared its short-term memory 8 times. 
     State prediction error memory resets: 7. 
     Hill memory resets: 1. 
TRIAL 20 COMPLETE ✔
End Time: 2024-05-13 13:35:55
Total runtime for this trial (minutes/seconds): 00:46
----------------------------------------
Total hill visits: 12. 
Total prediction errors: 223. 
Total search depth: 269557. 
Total times memory accessed: 2380030. 
Total times 25 >= t <= 50: 2. 
Total times 50 >= t <= 75: 0. 
Total times 75 >= t <= 100: 0. 
Total times t == 100: 0. 
Total time steps survived: 454. 
Total runtime so far (hours/minutes/seconds): 00:06:08
----------------------------------------

----------------------------------------
TRIAL 21 STARTED
----------------------------------------
Start Time: 2024-05-13 13:35:54
At time step 21 the agent is dead
The agent had 21 food, 0 water, and 5 sleep.
The total tree search depth for this trial was 16067. 
The agent accessed its memory 151244 times. 
The agent cleared its short-term memory 9 times. 
     State prediction error memory resets: 8. 
     Hill memory resets: 1. 
TRIAL 21 COMPLETE ✔
End Time: 2024-05-13 13:36:21
Total runtime for this trial (minutes/seconds): 00:27
----------------------------------------
Total hill visits: 13. 
Total prediction errors: 231. 
Total search depth: 285624. 
Total times memory accessed: 2531274. 
Total times 25 >= t <= 50: 2. 
Total times 50 >= t <= 75: 0. 
Total times 75 >= t <= 100: 0. 
Total times t == 100: 0. 
Total time steps survived: 476. 
Total runtime so far (hours/minutes/seconds): 00:06:34
----------------------------------------

----------------------------------------
TRIAL 22 STARTED
----------------------------------------
Start Time: 2024-05-13 13:36:20
At time step 21 the agent is dead
The agent had 2 food, 0 water, and 18 sleep.
The total tree search depth for this trial was 13295. 
The agent accessed its memory 97783 times. 
The agent cleared its short-term memory 8 times. 
     State prediction error memory resets: 7. 
     Hill memory resets: 1. 
TRIAL 22 COMPLETE ✔
End Time: 2024-05-13 13:36:40
Total runtime for this trial (minutes/seconds): 00:20
----------------------------------------
Total hill visits: 14. 
Total prediction errors: 238. 
Total search depth: 298919. 
Total times memory accessed: 2629057. 
Total times 25 >= t <= 50: 2. 
Total times 50 >= t <= 75: 0. 
Total times 75 >= t <= 100: 0. 
Total times t == 100: 0. 
Total time steps survived: 498. 
Total runtime so far (hours/minutes/seconds): 00:06:53
----------------------------------------

----------------------------------------
TRIAL 23 STARTED
----------------------------------------
Start Time: 2024-05-13 13:36:39
At time step 23 the agent is dead
The agent had 0 food, 16 water, and 3 sleep.
The total tree search depth for this trial was 21926. 
The agent accessed its memory 164629 times. 
The agent cleared its short-term memory 7 times. 
     State prediction error memory resets: 6. 
     Hill memory resets: 1. 
TRIAL 23 COMPLETE ✔
End Time: 2024-05-13 13:37:10
Total runtime for this trial (minutes/seconds): 00:31
----------------------------------------
Total hill visits: 15. 
Total prediction errors: 244. 
Total search depth: 320845. 
Total times memory accessed: 2793686. 
Total times 25 >= t <= 50: 2. 
Total times 50 >= t <= 75: 0. 
Total times 75 >= t <= 100: 0. 
Total times t == 100: 0. 
Total time steps survived: 522. 
Total runtime so far (hours/minutes/seconds): 00:07:23
----------------------------------------

----------------------------------------
TRIAL 24 STARTED
----------------------------------------
Start Time: 2024-05-13 13:37:09
At time step 21 the agent is dead
The agent had 17 food, 0 water, and 18 sleep.
The total tree search depth for this trial was 33664. 
The agent accessed its memory 300124 times. 
The agent cleared its short-term memory 7 times. 
     State prediction error memory resets: 7. 
     Hill memory resets: 0. 
TRIAL 24 COMPLETE ✔
End Time: 2024-05-13 13:37:52
Total runtime for this trial (minutes/seconds): 00:43
----------------------------------------
Total hill visits: 15. 
Total prediction errors: 251. 
Total search depth: 354509. 
Total times memory accessed: 3093810. 
Total times 25 >= t <= 50: 2. 
Total times 50 >= t <= 75: 0. 
Total times 75 >= t <= 100: 0. 
Total times t == 100: 0. 
Total time steps survived: 544. 
Total runtime so far (hours/minutes/seconds): 00:08:05
----------------------------------------

----------------------------------------
TRIAL 25 STARTED
----------------------------------------
Start Time: 2024-05-13 13:37:51
At time step 21 the agent is dead
The agent had 2 food, 0 water, and 5 sleep.
The total tree search depth for this trial was 17863. 
The agent accessed its memory 123459 times. 
The agent cleared its short-term memory 11 times. 
     State prediction error memory resets: 9. 
     Hill memory resets: 2. 
TRIAL 25 COMPLETE ✔
End Time: 2024-05-13 13:38:18
Total runtime for this trial (minutes/seconds): 00:27
----------------------------------------
Total hill visits: 17. 
Total prediction errors: 260. 
Total search depth: 372372. 
Total times memory accessed: 3217269. 
Total times 25 >= t <= 50: 2. 
Total times 50 >= t <= 75: 0. 
Total times 75 >= t <= 100: 0. 
Total times t == 100: 0. 
Total time steps survived: 566. 
Total runtime so far (hours/minutes/seconds): 00:08:31
----------------------------------------

----------------------------------------
TRIAL 26 STARTED
----------------------------------------
Start Time: 2024-05-13 13:38:17
At time step 21 the agent is dead
The agent had 2 food, 0 water, and 15 sleep.
The total tree search depth for this trial was 45699. 
The agent accessed its memory 368729 times. 
The agent cleared its short-term memory 13 times. 
     State prediction error memory resets: 12. 
     Hill memory resets: 1. 
TRIAL 26 COMPLETE ✔
End Time: 2024-05-13 13:39:16
Total runtime for this trial (minutes/seconds): 00:59
----------------------------------------
Total hill visits: 18. 
Total prediction errors: 272. 
Total search depth: 418071. 
Total times memory accessed: 3585998. 
Total times 25 >= t <= 50: 2. 
Total times 50 >= t <= 75: 0. 
Total times 75 >= t <= 100: 0. 
Total times t == 100: 0. 
Total time steps survived: 588. 
Total runtime so far (hours/minutes/seconds): 00:09:29
----------------------------------------

----------------------------------------
TRIAL 27 STARTED
----------------------------------------
Start Time: 2024-05-13 13:39:15
