
----------------------------------------
TRIAL 1 STARTED
----------------------------------------
Start Time: 2024-05-01 20:21:14
TRIAL 1 COMPLETE ✔
End Time: 2024-05-01 20:21:18
Total runtime for this trial (minutes/seconds): 00:03
----------------------------------------
Total hill visits: 1
Total prediction errors: 2
Total search depth: 1112
Total times memory accessed: 1754
Total times 24 >= t < 49: 0
Total times 49 >= t < 74: 0
Total times 74 >= t < 99: 0
Total times t == 99: 0
Total time steps survived: 20
Total runtime so far (hours/minutes/seconds): 00:00:03
----------------------------------------

----------------------------------------
TRIAL 2 STARTED
----------------------------------------
Start Time: 2024-05-01 20:21:18
TRIAL 2 COMPLETE ✔
End Time: 2024-05-01 20:21:24
Total runtime for this trial (minutes/seconds): 00:06
----------------------------------------
Total hill visits: 1
Total prediction errors: 14
Total search depth: 2421
Total times memory accessed: 4947
Total times 24 >= t < 49: 0
Total times 49 >= t < 74: 0
Total times 74 >= t < 99: 0
Total times t == 99: 0
Total time steps survived: 40
Total runtime so far (hours/minutes/seconds): 00:00:09
----------------------------------------

----------------------------------------
TRIAL 3 STARTED
----------------------------------------
Start Time: 2024-05-01 20:21:24
TRIAL 3 COMPLETE ✔
End Time: 2024-05-01 20:21:30
Total runtime for this trial (minutes/seconds): 00:05
----------------------------------------
Total hill visits: 1
Total prediction errors: 29
Total search depth: 3601
Total times memory accessed: 7984
Total times 24 >= t < 49: 0
Total times 49 >= t < 74: 0
Total times 74 >= t < 99: 0
Total times t == 99: 0
Total time steps survived: 60
Total runtime so far (hours/minutes/seconds): 00:00:15
----------------------------------------

----------------------------------------
TRIAL 4 STARTED
----------------------------------------
Start Time: 2024-05-01 20:21:30
TRIAL 4 COMPLETE ✔
End Time: 2024-05-01 20:21:33
Total runtime for this trial (minutes/seconds): 00:03
----------------------------------------
Total hill visits: 3
Total prediction errors: 35
Total search depth: 4295
Total times memory accessed: 9787
Total times 24 >= t < 49: 0
Total times 49 >= t < 74: 0
Total times 74 >= t < 99: 0
Total times t == 99: 0
Total time steps survived: 80
Total runtime so far (hours/minutes/seconds): 00:00:18
----------------------------------------

----------------------------------------
TRIAL 5 STARTED
----------------------------------------
Start Time: 2024-05-01 20:21:33
TRIAL 5 COMPLETE ✔
End Time: 2024-05-01 20:21:38
Total runtime for this trial (minutes/seconds): 00:04
----------------------------------------
Total hill visits: 5
Total prediction errors: 46
Total search depth: 5064
Total times memory accessed: 12209
Total times 24 >= t < 49: 0
Total times 49 >= t < 74: 0
Total times 74 >= t < 99: 0
Total times t == 99: 0
Total time steps survived: 100
Total runtime so far (hours/minutes/seconds): 00:00:23
----------------------------------------

----------------------------------------
TRIAL 6 STARTED
----------------------------------------
Start Time: 2024-05-01 20:21:38
TRIAL 6 COMPLETE ✔
End Time: 2024-05-01 20:21:41
Total runtime for this trial (minutes/seconds): 00:02
----------------------------------------
Total hill visits: 7
Total prediction errors: 51
Total search depth: 5544
Total times memory accessed: 13590
Total times 24 >= t < 49: 0
Total times 49 >= t < 74: 0
Total times 74 >= t < 99: 0
Total times t == 99: 0
Total time steps survived: 120
Total runtime so far (hours/minutes/seconds): 00:00:26
----------------------------------------

----------------------------------------
TRIAL 7 STARTED
----------------------------------------
Start Time: 2024-05-01 20:21:41
TRIAL 7 COMPLETE ✔
End Time: 2024-05-01 20:21:44
Total runtime for this trial (minutes/seconds): 00:03
----------------------------------------
Total hill visits: 7
Total prediction errors: 60
Total search depth: 6110
Total times memory accessed: 15235
Total times 24 >= t < 49: 0
Total times 49 >= t < 74: 0
Total times 74 >= t < 99: 0
Total times t == 99: 0
Total time steps survived: 140
Total runtime so far (hours/minutes/seconds): 00:00:29
----------------------------------------

----------------------------------------
TRIAL 8 STARTED
----------------------------------------
Start Time: 2024-05-01 20:21:44
TRIAL 8 COMPLETE ✔
End Time: 2024-05-01 20:21:54
Total runtime for this trial (minutes/seconds): 00:09
----------------------------------------
Total hill visits: 9
Total prediction errors: 66
Total search depth: 7933
Total times memory accessed: 20102
Total times 24 >= t < 49: 0
Total times 49 >= t < 74: 0
Total times 74 >= t < 99: 0
Total times t == 99: 0
Total time steps survived: 160
Total runtime so far (hours/minutes/seconds): 00:00:39
----------------------------------------

----------------------------------------
TRIAL 9 STARTED
----------------------------------------
Start Time: 2024-05-01 20:21:54
TRIAL 9 COMPLETE ✔
End Time: 2024-05-01 20:22:04
Total runtime for this trial (minutes/seconds): 00:09
----------------------------------------
Total hill visits: 10
Total prediction errors: 74
Total search depth: 9562
Total times memory accessed: 24928
Total times 24 >= t < 49: 0
Total times 49 >= t < 74: 0
Total times 74 >= t < 99: 0
Total times t == 99: 0
Total time steps survived: 180
Total runtime so far (hours/minutes/seconds): 00:00:49
----------------------------------------

----------------------------------------
TRIAL 10 STARTED
----------------------------------------
Start Time: 2024-05-01 20:22:04
TRIAL 10 COMPLETE ✔
End Time: 2024-05-01 20:22:08
Total runtime for this trial (minutes/seconds): 00:04
----------------------------------------
Total hill visits: 11
Total prediction errors: 85
Total search depth: 10428
Total times memory accessed: 27071
Total times 24 >= t < 49: 0
Total times 49 >= t < 74: 0
Total times 74 >= t < 99: 0
Total times t == 99: 0
Total time steps survived: 200
Total runtime so far (hours/minutes/seconds): 00:00:54
----------------------------------------

----------------------------------------
TRIAL 11 STARTED
----------------------------------------
Start Time: 2024-05-01 20:22:08
TRIAL 11 COMPLETE ✔
End Time: 2024-05-01 20:22:30
Total runtime for this trial (minutes/seconds): 00:21
----------------------------------------
Total hill visits: 12
Total prediction errors: 91
Total search depth: 13943
Total times memory accessed: 39031
Total times 24 >= t < 49: 1
Total times 49 >= t < 74: 0
Total times 74 >= t < 99: 0
Total times t == 99: 0
Total time steps survived: 225
Total runtime so far (hours/minutes/seconds): 00:01:15
----------------------------------------

----------------------------------------
TRIAL 12 STARTED
----------------------------------------
Start Time: 2024-05-01 20:22:30
TRIAL 12 COMPLETE ✔
End Time: 2024-05-01 20:22:36
Total runtime for this trial (minutes/seconds): 00:06
----------------------------------------
Total hill visits: 12
Total prediction errors: 101
Total search depth: 15092
Total times memory accessed: 42294
Total times 24 >= t < 49: 1
Total times 49 >= t < 74: 0
Total times 74 >= t < 99: 0
Total times t == 99: 0
Total time steps survived: 245
Total runtime so far (hours/minutes/seconds): 00:01:21
----------------------------------------

----------------------------------------
TRIAL 13 STARTED
----------------------------------------
Start Time: 2024-05-01 20:22:36
TRIAL 13 COMPLETE ✔
End Time: 2024-05-01 20:22:40
Total runtime for this trial (minutes/seconds): 00:03
----------------------------------------
Total hill visits: 13
Total prediction errors: 110
Total search depth: 15930
Total times memory accessed: 44300
Total times 24 >= t < 49: 1
Total times 49 >= t < 74: 0
Total times 74 >= t < 99: 0
Total times t == 99: 0
Total time steps survived: 265
Total runtime so far (hours/minutes/seconds): 00:01:25
----------------------------------------

----------------------------------------
TRIAL 14 STARTED
----------------------------------------
Start Time: 2024-05-01 20:22:40
TRIAL 14 COMPLETE ✔
End Time: 2024-05-01 20:22:44
Total runtime for this trial (minutes/seconds): 00:03
----------------------------------------
Total hill visits: 14
Total prediction errors: 111
Total search depth: 16746
Total times memory accessed: 46229
Total times 24 >= t < 49: 1
Total times 49 >= t < 74: 0
Total times 74 >= t < 99: 0
Total times t == 99: 0
Total time steps survived: 285
Total runtime so far (hours/minutes/seconds): 00:01:29
----------------------------------------

----------------------------------------
TRIAL 15 STARTED
----------------------------------------
Start Time: 2024-05-01 20:22:44
TRIAL 15 COMPLETE ✔
End Time: 2024-05-01 20:22:52
Total runtime for this trial (minutes/seconds): 00:08
----------------------------------------
Total hill visits: 15
Total prediction errors: 124
Total search depth: 18229
Total times memory accessed: 50854
Total times 24 >= t < 49: 1
Total times 49 >= t < 74: 0
Total times 74 >= t < 99: 0
Total times t == 99: 0
Total time steps survived: 305
Total runtime so far (hours/minutes/seconds): 00:01:37
----------------------------------------

----------------------------------------
TRIAL 16 STARTED
----------------------------------------
Start Time: 2024-05-01 20:22:52
TRIAL 16 COMPLETE ✔
End Time: 2024-05-01 20:23:20
Total runtime for this trial (minutes/seconds): 00:28
----------------------------------------
Total hill visits: 16
Total prediction errors: 127
Total search depth: 22160
Total times memory accessed: 65932
Total times 24 >= t < 49: 1
Total times 49 >= t < 74: 0
Total times 74 >= t < 99: 0
Total times t == 99: 0
Total time steps survived: 325
Total runtime so far (hours/minutes/seconds): 00:02:06
----------------------------------------

----------------------------------------
TRIAL 17 STARTED
----------------------------------------
Start Time: 2024-05-01 20:23:20
TRIAL 17 COMPLETE ✔
End Time: 2024-05-01 20:24:46
Total runtime for this trial (minutes/seconds): 01:25
----------------------------------------
Total hill visits: 20
Total prediction errors: 133
Total search depth: 32216
Total times memory accessed: 109044
Total times 24 >= t < 49: 1
Total times 49 >= t < 74: 0
Total times 74 >= t < 99: 0
Total times t == 99: 0
Total time steps survived: 345
Total runtime so far (hours/minutes/seconds): 00:03:31
----------------------------------------

----------------------------------------
TRIAL 18 STARTED
----------------------------------------
Start Time: 2024-05-01 20:24:46
TRIAL 18 COMPLETE ✔
End Time: 2024-05-01 20:24:51
Total runtime for this trial (minutes/seconds): 00:05
----------------------------------------
Total hill visits: 22
Total prediction errors: 137
Total search depth: 33344
Total times memory accessed: 111767
Total times 24 >= t < 49: 1
Total times 49 >= t < 74: 0
Total times 74 >= t < 99: 0
Total times t == 99: 0
Total time steps survived: 365
Total runtime so far (hours/minutes/seconds): 00:03:37
----------------------------------------

----------------------------------------
TRIAL 19 STARTED
----------------------------------------
Start Time: 2024-05-01 20:24:51
TRIAL 19 COMPLETE ✔
End Time: 2024-05-01 20:25:51
Total runtime for this trial (minutes/seconds): 00:59
----------------------------------------
Total hill visits: 23
Total prediction errors: 140
Total search depth: 41244
Total times memory accessed: 142823
Total times 24 >= t < 49: 1
Total times 49 >= t < 74: 0
Total times 74 >= t < 99: 0
Total times t == 99: 0
Total time steps survived: 387
Total runtime so far (hours/minutes/seconds): 00:04:36
----------------------------------------

----------------------------------------
TRIAL 20 STARTED
----------------------------------------
Start Time: 2024-05-01 20:25:51
TRIAL 20 COMPLETE ✔
End Time: 2024-05-01 20:28:55
Total runtime for this trial (minutes/seconds): 03:03
----------------------------------------
Total hill visits: 24
Total prediction errors: 145
Total search depth: 65416
Total times memory accessed: 233011
Total times 24 >= t < 49: 2
Total times 49 >= t < 74: 0
Total times 74 >= t < 99: 0
Total times t == 99: 0
Total time steps survived: 412
Total runtime so far (hours/minutes/seconds): 00:07:40
----------------------------------------

----------------------------------------
TRIAL 21 STARTED
----------------------------------------
Start Time: 2024-05-01 20:28:55
TRIAL 21 COMPLETE ✔
End Time: 2024-05-01 20:29:29
Total runtime for this trial (minutes/seconds): 00:34
----------------------------------------
Total hill visits: 25
Total prediction errors: 150
Total search depth: 69963
Total times memory accessed: 251000
Total times 24 >= t < 49: 2
Total times 49 >= t < 74: 0
Total times 74 >= t < 99: 0
Total times t == 99: 0
Total time steps survived: 434
Total runtime so far (hours/minutes/seconds): 00:08:15
----------------------------------------

----------------------------------------
TRIAL 22 STARTED
----------------------------------------
Start Time: 2024-05-01 20:29:29
TRIAL 22 COMPLETE ✔
End Time: 2024-05-01 20:30:02
Total runtime for this trial (minutes/seconds): 00:33
----------------------------------------
Total hill visits: 26
Total prediction errors: 162
Total search depth: 74265
Total times memory accessed: 268217
Total times 24 >= t < 49: 2
Total times 49 >= t < 74: 0
Total times 74 >= t < 99: 0
Total times t == 99: 0
Total time steps survived: 454
Total runtime so far (hours/minutes/seconds): 00:08:48
----------------------------------------

----------------------------------------
TRIAL 23 STARTED
----------------------------------------
Start Time: 2024-05-01 20:30:02
TRIAL 23 COMPLETE ✔
End Time: 2024-05-01 20:30:47
Total runtime for this trial (minutes/seconds): 00:44
----------------------------------------
Total hill visits: 27
Total prediction errors: 174
Total search depth: 80639
Total times memory accessed: 291643
Total times 24 >= t < 49: 2
Total times 49 >= t < 74: 0
Total times 74 >= t < 99: 0
Total times t == 99: 0
Total time steps survived: 476
Total runtime so far (hours/minutes/seconds): 00:09:32
----------------------------------------

----------------------------------------
TRIAL 24 STARTED
----------------------------------------
Start Time: 2024-05-01 20:30:47
TRIAL 24 COMPLETE ✔
End Time: 2024-05-01 20:31:11
Total runtime for this trial (minutes/seconds): 00:23
----------------------------------------
Total hill visits: 28
Total prediction errors: 175
Total search depth: 84040
Total times memory accessed: 304024
Total times 24 >= t < 49: 2
Total times 49 >= t < 74: 0
Total times 74 >= t < 99: 0
Total times t == 99: 0
Total time steps survived: 498
Total runtime so far (hours/minutes/seconds): 00:09:56
----------------------------------------

----------------------------------------
TRIAL 25 STARTED
----------------------------------------
Start Time: 2024-05-01 20:31:11
TRIAL 25 COMPLETE ✔
End Time: 2024-05-01 20:39:17
Total runtime for this trial (minutes/seconds): 08:06
----------------------------------------
Total hill visits: 29
Total prediction errors: 187
Total search depth: 142533
Total times memory accessed: 562777
Total times 24 >= t < 49: 3
Total times 49 >= t < 74: 0
Total times 74 >= t < 99: 0
Total times t == 99: 0
Total time steps survived: 523
Total runtime so far (hours/minutes/seconds): 00:18:03
----------------------------------------

----------------------------------------
TRIAL 26 STARTED
----------------------------------------
Start Time: 2024-05-01 20:39:17
TRIAL 26 COMPLETE ✔
End Time: 2024-05-01 20:41:28
Total runtime for this trial (minutes/seconds): 02:10
----------------------------------------
Total hill visits: 30
Total prediction errors: 198
Total search depth: 160466
Total times memory accessed: 629624
Total times 24 >= t < 49: 4
Total times 49 >= t < 74: 0
Total times 74 >= t < 99: 0
Total times t == 99: 0
Total time steps survived: 548
Total runtime so far (hours/minutes/seconds): 00:20:14
----------------------------------------

----------------------------------------
TRIAL 27 STARTED
----------------------------------------
Start Time: 2024-05-01 20:41:28
TRIAL 27 COMPLETE ✔
End Time: 2024-05-01 20:47:04
Total runtime for this trial (minutes/seconds): 05:35
----------------------------------------
Total hill visits: 31
Total prediction errors: 206
Total search depth: 202080
Total times memory accessed: 799171
Total times 24 >= t < 49: 5
Total times 49 >= t < 74: 0
Total times 74 >= t < 99: 0
Total times t == 99: 0
Total time steps survived: 573
Total runtime so far (hours/minutes/seconds): 00:25:50
----------------------------------------

----------------------------------------
TRIAL 28 STARTED
----------------------------------------
Start Time: 2024-05-01 20:47:04
TRIAL 28 COMPLETE ✔
End Time: 2024-05-01 20:47:11
Total runtime for this trial (minutes/seconds): 00:06
----------------------------------------
Total hill visits: 32
Total prediction errors: 207
Total search depth: 203474
Total times memory accessed: 802599
Total times 24 >= t < 49: 5
Total times 49 >= t < 74: 0
Total times 74 >= t < 99: 0
Total times t == 99: 0
Total time steps survived: 593
Total runtime so far (hours/minutes/seconds): 00:25:56
----------------------------------------

----------------------------------------
TRIAL 29 STARTED
----------------------------------------
Start Time: 2024-05-01 20:47:11
TRIAL 29 COMPLETE ✔
End Time: 2024-05-01 20:57:26
Total runtime for this trial (minutes/seconds): 10:15
----------------------------------------
Total hill visits: 33
Total prediction errors: 220
Total search depth: 270526
Total times memory accessed: 1113652
Total times 24 >= t < 49: 6
Total times 49 >= t < 74: 0
Total times 74 >= t < 99: 0
Total times t == 99: 0
Total time steps survived: 618
Total runtime so far (hours/minutes/seconds): 00:36:12
----------------------------------------

----------------------------------------
TRIAL 30 STARTED
----------------------------------------
Start Time: 2024-05-01 20:57:26
TRIAL 30 COMPLETE ✔
End Time: 2024-05-01 21:04:11
Total runtime for this trial (minutes/seconds): 06:44
----------------------------------------
Total hill visits: 34
Total prediction errors: 228
Total search depth: 327031
Total times memory accessed: 1317918
Total times 24 >= t < 49: 7
Total times 49 >= t < 74: 0
Total times 74 >= t < 99: 0
Total times t == 99: 0
Total time steps survived: 646
Total runtime so far (hours/minutes/seconds): 00:42:56
----------------------------------------

----------------------------------------
TRIAL 31 STARTED
----------------------------------------
Start Time: 2024-05-01 21:04:11
TRIAL 31 COMPLETE ✔
End Time: 2024-05-01 21:11:05
Total runtime for this trial (minutes/seconds): 06:54
----------------------------------------
Total hill visits: 35
Total prediction errors: 242
Total search depth: 388549
Total times memory accessed: 1560446
Total times 24 >= t < 49: 8
Total times 49 >= t < 74: 0
Total times 74 >= t < 99: 0
Total times t == 99: 0
Total time steps survived: 681
Total runtime so far (hours/minutes/seconds): 00:49:50
----------------------------------------

----------------------------------------
TRIAL 32 STARTED
----------------------------------------
Start Time: 2024-05-01 21:11:05
TRIAL 32 COMPLETE ✔
End Time: 2024-05-01 21:20:12
Total runtime for this trial (minutes/seconds): 09:07
----------------------------------------
Total hill visits: 36
Total prediction errors: 253
Total search depth: 458484
Total times memory accessed: 1846948
Total times 24 >= t < 49: 9
Total times 49 >= t < 74: 0
Total times 74 >= t < 99: 0
Total times t == 99: 0
Total time steps survived: 712
Total runtime so far (hours/minutes/seconds): 00:58:58
----------------------------------------

----------------------------------------
TRIAL 33 STARTED
----------------------------------------
Start Time: 2024-05-01 21:20:12
TRIAL 33 COMPLETE ✔
End Time: 2024-05-01 21:26:14
Total runtime for this trial (minutes/seconds): 06:01
----------------------------------------
Total hill visits: 37
Total prediction errors: 262
Total search depth: 502688
Total times memory accessed: 2028863
Total times 24 >= t < 49: 10
Total times 49 >= t < 74: 0
Total times 74 >= t < 99: 0
Total times t == 99: 0
Total time steps survived: 741
Total runtime so far (hours/minutes/seconds): 01:04:59
----------------------------------------

----------------------------------------
TRIAL 34 STARTED
----------------------------------------
Start Time: 2024-05-01 21:26:14
TRIAL 34 COMPLETE ✔
End Time: 2024-05-01 21:39:56
Total runtime for this trial (minutes/seconds): 13:42
----------------------------------------
Total hill visits: 38
Total prediction errors: 277
Total search depth: 604479
Total times memory accessed: 2438408
Total times 24 >= t < 49: 10
Total times 49 >= t < 74: 1
Total times 74 >= t < 99: 0
Total times t == 99: 0
Total time steps survived: 791
Total runtime so far (hours/minutes/seconds): 01:18:41
----------------------------------------

----------------------------------------
TRIAL 35 STARTED
----------------------------------------
Start Time: 2024-05-01 21:39:56
TRIAL 35 COMPLETE ✔
End Time: 2024-05-01 21:40:44
Total runtime for this trial (minutes/seconds): 00:47
----------------------------------------
Total hill visits: 39
Total prediction errors: 281
Total search depth: 611561
Total times memory accessed: 2462586
Total times 24 >= t < 49: 10
Total times 49 >= t < 74: 1
Total times 74 >= t < 99: 0
Total times t == 99: 0
Total time steps survived: 811
Total runtime so far (hours/minutes/seconds): 01:19:29
----------------------------------------

----------------------------------------
TRIAL 36 STARTED
----------------------------------------
Start Time: 2024-05-01 21:40:44
TRIAL 36 COMPLETE ✔
End Time: 2024-05-01 21:41:55
Total runtime for this trial (minutes/seconds): 01:11
----------------------------------------
Total hill visits: 40
Total prediction errors: 282
Total search depth: 621147
Total times memory accessed: 2498084
Total times 24 >= t < 49: 10
Total times 49 >= t < 74: 1
Total times 74 >= t < 99: 0
Total times t == 99: 0
Total time steps survived: 831
Total runtime so far (hours/minutes/seconds): 01:20:41
----------------------------------------

----------------------------------------
TRIAL 37 STARTED
----------------------------------------
Start Time: 2024-05-01 21:41:55
TRIAL 37 COMPLETE ✔
End Time: 2024-05-01 21:43:07
Total runtime for this trial (minutes/seconds): 01:12
----------------------------------------
Total hill visits: 43
Total prediction errors: 285
Total search depth: 631775
Total times memory accessed: 2534148
Total times 24 >= t < 49: 10
Total times 49 >= t < 74: 1
Total times 74 >= t < 99: 0
Total times t == 99: 0
Total time steps survived: 851
Total runtime so far (hours/minutes/seconds): 01:21:53
----------------------------------------

----------------------------------------
TRIAL 38 STARTED
----------------------------------------
Start Time: 2024-05-01 21:43:07
TRIAL 38 COMPLETE ✔
End Time: 2024-05-01 21:52:25
Total runtime for this trial (minutes/seconds): 09:17
----------------------------------------
Total hill visits: 45
Total prediction errors: 299
Total search depth: 713837
Total times memory accessed: 2823937
Total times 24 >= t < 49: 11
Total times 49 >= t < 74: 1
Total times 74 >= t < 99: 0
Total times t == 99: 0
Total time steps survived: 897
Total runtime so far (hours/minutes/seconds): 01:31:10
----------------------------------------

----------------------------------------
TRIAL 39 STARTED
----------------------------------------
Start Time: 2024-05-01 21:52:25
TRIAL 39 COMPLETE ✔
End Time: 2024-05-01 22:09:24
Total runtime for this trial (minutes/seconds): 16:59
----------------------------------------
Total hill visits: 48
Total prediction errors: 311
Total search depth: 860378
Total times memory accessed: 3346962
Total times 24 >= t < 49: 11
Total times 49 >= t < 74: 2
Total times 74 >= t < 99: 0
Total times t == 99: 0
Total time steps survived: 969
Total runtime so far (hours/minutes/seconds): 01:48:09
----------------------------------------

----------------------------------------
TRIAL 40 STARTED
----------------------------------------
Start Time: 2024-05-01 22:09:24
TRIAL 40 COMPLETE ✔
End Time: 2024-05-01 22:17:31
Total runtime for this trial (minutes/seconds): 08:07
----------------------------------------
Total hill visits: 49
Total prediction errors: 321
Total search depth: 931774
Total times memory accessed: 3587434
Total times 24 >= t < 49: 11
Total times 49 >= t < 74: 3
Total times 74 >= t < 99: 0
Total times t == 99: 0
Total time steps survived: 1033
Total runtime so far (hours/minutes/seconds): 01:56:16
----------------------------------------

----------------------------------------
TRIAL 41 STARTED
----------------------------------------
Start Time: 2024-05-01 22:17:31
TRIAL 41 COMPLETE ✔
End Time: 2024-05-01 22:22:07
Total runtime for this trial (minutes/seconds): 04:36
----------------------------------------
Total hill visits: 50
Total prediction errors: 325
Total search depth: 973888
Total times memory accessed: 3739599
Total times 24 >= t < 49: 12
Total times 49 >= t < 74: 3
Total times 74 >= t < 99: 0
Total times t == 99: 0
Total time steps survived: 1061
Total runtime so far (hours/minutes/seconds): 02:00:53
----------------------------------------

----------------------------------------
TRIAL 42 STARTED
----------------------------------------
Start Time: 2024-05-01 22:22:07
TRIAL 42 COMPLETE ✔
End Time: 2024-05-01 22:29:13
Total runtime for this trial (minutes/seconds): 07:05
----------------------------------------
Total hill visits: 51
Total prediction errors: 334
Total search depth: 1040611
Total times memory accessed: 3950892
Total times 24 >= t < 49: 13
Total times 49 >= t < 74: 3
Total times 74 >= t < 99: 0
Total times t == 99: 0
Total time steps survived: 1096
Total runtime so far (hours/minutes/seconds): 02:07:58
----------------------------------------

----------------------------------------
TRIAL 43 STARTED
----------------------------------------
Start Time: 2024-05-01 22:29:13
TRIAL 43 COMPLETE ✔
End Time: 2024-05-01 22:50:21
Total runtime for this trial (minutes/seconds): 21:08
----------------------------------------
Total hill visits: 53
Total prediction errors: 349
Total search depth: 1213942
Total times memory accessed: 4599292
Total times 24 >= t < 49: 13
Total times 49 >= t < 74: 4
Total times 74 >= t < 99: 0
Total times t == 99: 0
Total time steps survived: 1162
Total runtime so far (hours/minutes/seconds): 02:29:06
----------------------------------------

----------------------------------------
TRIAL 44 STARTED
----------------------------------------
Start Time: 2024-05-01 22:50:21
TRIAL 44 COMPLETE ✔
End Time: 2024-05-01 23:07:25
Total runtime for this trial (minutes/seconds): 17:04
----------------------------------------
Total hill visits: 54
Total prediction errors: 365
Total search depth: 1365738
Total times memory accessed: 5178501
Total times 24 >= t < 49: 14
Total times 49 >= t < 74: 4
Total times 74 >= t < 99: 0
Total times t == 99: 0
Total time steps survived: 1200
Total runtime so far (hours/minutes/seconds): 02:46:11
----------------------------------------

----------------------------------------
TRIAL 45 STARTED
----------------------------------------
Start Time: 2024-05-01 23:07:25
TRIAL 45 COMPLETE ✔
End Time: 2024-05-01 23:09:48
Total runtime for this trial (minutes/seconds): 02:22
----------------------------------------
Total hill visits: 55
Total prediction errors: 370
Total search depth: 1385715
Total times memory accessed: 5252242
Total times 24 >= t < 49: 14
Total times 49 >= t < 74: 4
Total times 74 >= t < 99: 0
Total times t == 99: 0
Total time steps survived: 1220
Total runtime so far (hours/minutes/seconds): 02:48:34
----------------------------------------

----------------------------------------
TRIAL 46 STARTED
----------------------------------------
Start Time: 2024-05-01 23:09:48
TRIAL 46 COMPLETE ✔
End Time: 2024-05-01 23:26:14
Total runtime for this trial (minutes/seconds): 16:25
----------------------------------------
Total hill visits: 57
Total prediction errors: 383
Total search depth: 1525004
Total times memory accessed: 5743206
Total times 24 >= t < 49: 14
Total times 49 >= t < 74: 4
Total times 74 >= t < 99: 0
Total times t == 99: 0
Total time steps survived: 1319
Total runtime so far (hours/minutes/seconds): 03:04:59
----------------------------------------

----------------------------------------
TRIAL 47 STARTED
----------------------------------------
Start Time: 2024-05-01 23:26:14
TRIAL 47 COMPLETE ✔
End Time: 2024-05-01 23:43:58
Total runtime for this trial (minutes/seconds): 17:44
----------------------------------------
Total hill visits: 58
Total prediction errors: 392
Total search depth: 1686851
Total times memory accessed: 6274797
Total times 24 >= t < 49: 14
Total times 49 >= t < 74: 4
Total times 74 >= t < 99: 1
Total times t == 99: 0
Total time steps survived: 1405
Total runtime so far (hours/minutes/seconds): 03:22:43
----------------------------------------

----------------------------------------
TRIAL 48 STARTED
----------------------------------------
Start Time: 2024-05-01 23:43:58
TRIAL 48 COMPLETE ✔
End Time: 2024-05-02 00:06:41
Total runtime for this trial (minutes/seconds): 22:42
----------------------------------------
Total hill visits: 60
Total prediction errors: 411
Total search depth: 1879203
Total times memory accessed: 6959734
Total times 24 >= t < 49: 14
Total times 49 >= t < 74: 4
Total times 74 >= t < 99: 2
Total times t == 99: 0
Total time steps survived: 1491
Total runtime so far (hours/minutes/seconds): 03:45:26
----------------------------------------

----------------------------------------
TRIAL 49 STARTED
----------------------------------------
Start Time: 2024-05-02 00:06:41
TRIAL 49 COMPLETE ✔
End Time: 2024-05-02 00:11:12
Total runtime for this trial (minutes/seconds): 04:31
----------------------------------------
Total hill visits: 61
Total prediction errors: 416
Total search depth: 1920307
Total times memory accessed: 7092679
Total times 24 >= t < 49: 14
Total times 49 >= t < 74: 4
Total times 74 >= t < 99: 2
Total times t == 99: 0
Total time steps survived: 1511
Total runtime so far (hours/minutes/seconds): 03:49:58
----------------------------------------

----------------------------------------
TRIAL 50 STARTED
----------------------------------------
Start Time: 2024-05-02 00:11:12
TRIAL 50 COMPLETE ✔
End Time: 2024-05-02 00:16:17
Total runtime for this trial (minutes/seconds): 05:04
----------------------------------------
Total hill visits: 62
Total prediction errors: 427
Total search depth: 1969312
Total times memory accessed: 7246025
Total times 24 >= t < 49: 14
Total times 49 >= t < 74: 4
Total times 74 >= t < 99: 3
Total times t == 99: 0
Total time steps survived: 1600
Total runtime so far (hours/minutes/seconds): 03:55:02
----------------------------------------

----------------------------------------
TRIAL 51 STARTED
----------------------------------------
Start Time: 2024-05-02 00:16:17
TRIAL 51 COMPLETE ✔
End Time: 2024-05-02 00:29:27
Total runtime for this trial (minutes/seconds): 13:10
----------------------------------------
Total hill visits: 64
Total prediction errors: 437
Total search depth: 2075488
Total times memory accessed: 7638064
Total times 24 >= t < 49: 15
Total times 49 >= t < 74: 4
Total times 74 >= t < 99: 3
Total times t == 99: 0
Total time steps survived: 1625
Total runtime so far (hours/minutes/seconds): 04:08:13
----------------------------------------

----------------------------------------
TRIAL 52 STARTED
----------------------------------------
Start Time: 2024-05-02 00:29:28
TRIAL 52 COMPLETE ✔
End Time: 2024-05-02 00:32:39
Total runtime for this trial (minutes/seconds): 03:11
----------------------------------------
Total hill visits: 65
Total prediction errors: 440
Total search depth: 2101763
Total times memory accessed: 7730101
Total times 24 >= t < 49: 15
Total times 49 >= t < 74: 4
Total times 74 >= t < 99: 3
Total times t == 99: 0
Total time steps survived: 1645
Total runtime so far (hours/minutes/seconds): 04:11:25
----------------------------------------

----------------------------------------
TRIAL 53 STARTED
----------------------------------------
Start Time: 2024-05-02 00:32:39
TRIAL 53 COMPLETE ✔
End Time: 2024-05-02 00:44:45
Total runtime for this trial (minutes/seconds): 12:05
----------------------------------------
Total hill visits: 66
Total prediction errors: 449
Total search depth: 2222224
Total times memory accessed: 8144238
Total times 24 >= t < 49: 15
Total times 49 >= t < 74: 5
Total times 74 >= t < 99: 3
Total times t == 99: 0
Total time steps survived: 1708
Total runtime so far (hours/minutes/seconds): 04:23:30
----------------------------------------

----------------------------------------
TRIAL 54 STARTED
----------------------------------------
Start Time: 2024-05-02 00:44:45
TRIAL 54 COMPLETE ✔
End Time: 2024-05-02 00:53:17
Total runtime for this trial (minutes/seconds): 08:32
----------------------------------------
Total hill visits: 68
Total prediction errors: 455
Total search depth: 2304306
Total times memory accessed: 8447079
Total times 24 >= t < 49: 16
Total times 49 >= t < 74: 5
Total times 74 >= t < 99: 3
Total times t == 99: 0
Total time steps survived: 1733
Total runtime so far (hours/minutes/seconds): 04:32:03
----------------------------------------

----------------------------------------
TRIAL 55 STARTED
----------------------------------------
Start Time: 2024-05-02 00:53:17
TRIAL 55 COMPLETE ✔
End Time: 2024-05-02 01:19:59
Total runtime for this trial (minutes/seconds): 26:41
----------------------------------------
Total hill visits: 69
Total prediction errors: 469
Total search depth: 2542170
Total times memory accessed: 9273368
Total times 24 >= t < 49: 16
Total times 49 >= t < 74: 6
Total times 74 >= t < 99: 3
Total times t == 99: 0
Total time steps survived: 1798
Total runtime so far (hours/minutes/seconds): 04:58:44
----------------------------------------

----------------------------------------
TRIAL 56 STARTED
----------------------------------------
Start Time: 2024-05-02 01:19:59
TRIAL 56 COMPLETE ✔
End Time: 2024-05-02 01:33:59
Total runtime for this trial (minutes/seconds): 14:00
----------------------------------------
Total hill visits: 70
Total prediction errors: 477
Total search depth: 2681630
Total times memory accessed: 9748206
Total times 24 >= t < 49: 17
Total times 49 >= t < 74: 6
Total times 74 >= t < 99: 3
Total times t == 99: 0
Total time steps survived: 1843
Total runtime so far (hours/minutes/seconds): 05:12:45
----------------------------------------

----------------------------------------
TRIAL 57 STARTED
----------------------------------------
Start Time: 2024-05-02 01:33:59
TRIAL 57 COMPLETE ✔
End Time: 2024-05-02 01:42:21
Total runtime for this trial (minutes/seconds): 08:21
----------------------------------------
Total hill visits: 71
Total prediction errors: 487
Total search depth: 2767068
Total times memory accessed: 10031851
Total times 24 >= t < 49: 17
Total times 49 >= t < 74: 7
Total times 74 >= t < 99: 3
Total times t == 99: 0
Total time steps survived: 1892
Total runtime so far (hours/minutes/seconds): 05:21:07
----------------------------------------

----------------------------------------
TRIAL 58 STARTED
----------------------------------------
Start Time: 2024-05-02 01:42:21
TRIAL 58 COMPLETE ✔
End Time: 2024-05-02 02:27:07
Total runtime for this trial (minutes/seconds): 44:45
----------------------------------------
Total hill visits: 73
Total prediction errors: 508
Total search depth: 3179571
Total times memory accessed: 11528861
Total times 24 >= t < 49: 17
Total times 49 >= t < 74: 7
Total times 74 >= t < 99: 3
Total times t == 99: 0
Total time steps survived: 1991
Total runtime so far (hours/minutes/seconds): 06:05:53
----------------------------------------

----------------------------------------
TRIAL 59 STARTED
----------------------------------------
Start Time: 2024-05-02 02:27:07
TRIAL 59 COMPLETE ✔
End Time: 2024-05-02 02:49:04
Total runtime for this trial (minutes/seconds): 21:56
----------------------------------------
Total hill visits: 76
Total prediction errors: 519
Total search depth: 3391592
Total times memory accessed: 12250534
Total times 24 >= t < 49: 17
Total times 49 >= t < 74: 7
Total times 74 >= t < 99: 4
Total times t == 99: 0
Total time steps survived: 2077
Total runtime so far (hours/minutes/seconds): 06:27:49
----------------------------------------

----------------------------------------
TRIAL 60 STARTED
----------------------------------------
Start Time: 2024-05-02 02:49:04
TRIAL 60 COMPLETE ✔
End Time: 2024-05-02 02:59:32
Total runtime for this trial (minutes/seconds): 10:28
----------------------------------------
Total hill visits: 77
Total prediction errors: 525
Total search depth: 3481232
Total times memory accessed: 12578236
Total times 24 >= t < 49: 18
Total times 49 >= t < 74: 7
Total times 74 >= t < 99: 4
Total times t == 99: 0
Total time steps survived: 2104
Total runtime so far (hours/minutes/seconds): 06:38:18
----------------------------------------

----------------------------------------
TRIAL 61 STARTED
----------------------------------------
Start Time: 2024-05-02 02:59:32
TRIAL 61 COMPLETE ✔
End Time: 2024-05-02 03:08:24
Total runtime for this trial (minutes/seconds): 08:51
----------------------------------------
Total hill visits: 78
Total prediction errors: 530
Total search depth: 3558974
Total times memory accessed: 12872186
Total times 24 >= t < 49: 18
Total times 49 >= t < 74: 7
Total times 74 >= t < 99: 4
Total times t == 99: 0
Total time steps survived: 2126
Total runtime so far (hours/minutes/seconds): 06:47:10
----------------------------------------

----------------------------------------
TRIAL 62 STARTED
----------------------------------------
Start Time: 2024-05-02 03:08:24
TRIAL 62 COMPLETE ✔
End Time: 2024-05-02 03:17:46
Total runtime for this trial (minutes/seconds): 09:21
----------------------------------------
Total hill visits: 80
Total prediction errors: 537
Total search depth: 3639423
Total times memory accessed: 13166986
Total times 24 >= t < 49: 18
Total times 49 >= t < 74: 7
Total times 74 >= t < 99: 4
Total times t == 99: 0
Total time steps survived: 2148
Total runtime so far (hours/minutes/seconds): 06:56:31
----------------------------------------

----------------------------------------
TRIAL 63 STARTED
----------------------------------------
Start Time: 2024-05-02 03:17:46
TRIAL 63 COMPLETE ✔
End Time: 2024-05-02 03:47:08
Total runtime for this trial (minutes/seconds): 29:22
----------------------------------------
Total hill visits: 82
Total prediction errors: 552
Total search depth: 3898540
Total times memory accessed: 14057256
Total times 24 >= t < 49: 18
Total times 49 >= t < 74: 7
Total times 74 >= t < 99: 4
Total times t == 99: 0
Total time steps survived: 2247
Total runtime so far (hours/minutes/seconds): 07:25:54
----------------------------------------

----------------------------------------
TRIAL 64 STARTED
----------------------------------------
Start Time: 2024-05-02 03:47:08
TRIAL 64 COMPLETE ✔
End Time: 2024-05-02 03:49:15
Total runtime for this trial (minutes/seconds): 02:06
----------------------------------------
Total hill visits: 83
Total prediction errors: 556
Total search depth: 3916953
Total times memory accessed: 14117748
Total times 24 >= t < 49: 18
Total times 49 >= t < 74: 7
Total times 74 >= t < 99: 4
Total times t == 99: 0
Total time steps survived: 2267
Total runtime so far (hours/minutes/seconds): 07:28:01
----------------------------------------

----------------------------------------
TRIAL 65 STARTED
----------------------------------------
Start Time: 2024-05-02 03:49:15
TRIAL 65 COMPLETE ✔
End Time: 2024-05-02 03:54:27
Total runtime for this trial (minutes/seconds): 05:12
----------------------------------------
Total hill visits: 84
Total prediction errors: 558
Total search depth: 3966256
Total times memory accessed: 14270583
Total times 24 >= t < 49: 18
Total times 49 >= t < 74: 7
Total times 74 >= t < 99: 4
Total times t == 99: 0
Total time steps survived: 2287
Total runtime so far (hours/minutes/seconds): 07:33:13
----------------------------------------

----------------------------------------
TRIAL 66 STARTED
----------------------------------------
Start Time: 2024-05-02 03:54:27
TRIAL 66 COMPLETE ✔
End Time: 2024-05-02 04:01:39
Total runtime for this trial (minutes/seconds): 07:12
----------------------------------------
Total hill visits: 85
Total prediction errors: 562
Total search depth: 4034258
Total times memory accessed: 14491051
Total times 24 >= t < 49: 18
Total times 49 >= t < 74: 7
Total times 74 >= t < 99: 4
Total times t == 99: 0
Total time steps survived: 2386
Total runtime so far (hours/minutes/seconds): 07:40:25
----------------------------------------

----------------------------------------
TRIAL 67 STARTED
----------------------------------------
Start Time: 2024-05-02 04:01:39
TRIAL 67 COMPLETE ✔
End Time: 2024-05-02 04:11:10
Total runtime for this trial (minutes/seconds): 09:31
----------------------------------------
Total hill visits: 86
Total prediction errors: 568
Total search depth: 4121425
Total times memory accessed: 14792098
Total times 24 >= t < 49: 19
Total times 49 >= t < 74: 7
Total times 74 >= t < 99: 4
Total times t == 99: 0
Total time steps survived: 2419
Total runtime so far (hours/minutes/seconds): 07:49:56
----------------------------------------

----------------------------------------
TRIAL 68 STARTED
----------------------------------------
Start Time: 2024-05-02 04:11:10
TRIAL 68 COMPLETE ✔
End Time: 2024-05-02 04:18:10
Total runtime for this trial (minutes/seconds): 07:00
----------------------------------------
Total hill visits: 88
Total prediction errors: 571
Total search depth: 4183017
Total times memory accessed: 15002750
Total times 24 >= t < 49: 19
Total times 49 >= t < 74: 7
Total times 74 >= t < 99: 4
Total times t == 99: 0
Total time steps survived: 2439
Total runtime so far (hours/minutes/seconds): 07:56:56
----------------------------------------

----------------------------------------
TRIAL 69 STARTED
----------------------------------------
Start Time: 2024-05-02 04:18:10
TRIAL 69 COMPLETE ✔
End Time: 2024-05-02 04:35:50
Total runtime for this trial (minutes/seconds): 17:39
----------------------------------------
Total hill visits: 90
Total prediction errors: 581
Total search depth: 4339616
Total times memory accessed: 15537582
Total times 24 >= t < 49: 19
Total times 49 >= t < 74: 7
Total times 74 >= t < 99: 5
Total times t == 99: 0
Total time steps survived: 2521
Total runtime so far (hours/minutes/seconds): 08:14:35
----------------------------------------

----------------------------------------
TRIAL 70 STARTED
----------------------------------------
Start Time: 2024-05-02 04:35:50
TRIAL 70 COMPLETE ✔
End Time: 2024-05-02 04:52:19
Total runtime for this trial (minutes/seconds): 16:28
----------------------------------------
Total hill visits: 91
Total prediction errors: 587
Total search depth: 4497617
Total times memory accessed: 16058580
Total times 24 >= t < 49: 19
Total times 49 >= t < 74: 7
Total times 74 >= t < 99: 6
Total times t == 99: 0
Total time steps survived: 2595
Total runtime so far (hours/minutes/seconds): 08:31:04
----------------------------------------

----------------------------------------
TRIAL 71 STARTED
----------------------------------------
Start Time: 2024-05-02 04:52:19
TRIAL 71 COMPLETE ✔
End Time: 2024-05-02 05:10:56
Total runtime for this trial (minutes/seconds): 18:37
----------------------------------------
Total hill visits: 92
Total prediction errors: 599
Total search depth: 4692336
Total times memory accessed: 16721869
Total times 24 >= t < 49: 19
Total times 49 >= t < 74: 7
Total times 74 >= t < 99: 7
Total times t == 99: 0
Total time steps survived: 2683
Total runtime so far (hours/minutes/seconds): 08:49:42
----------------------------------------

----------------------------------------
TRIAL 72 STARTED
----------------------------------------
Start Time: 2024-05-02 05:10:56
TRIAL 72 COMPLETE ✔
End Time: 2024-05-02 05:28:51
Total runtime for this trial (minutes/seconds): 17:54
----------------------------------------
Total hill visits: 94
Total prediction errors: 611
Total search depth: 4879770
Total times memory accessed: 17361441
Total times 24 >= t < 49: 19
Total times 49 >= t < 74: 7
Total times 74 >= t < 99: 7
Total times t == 99: 0
Total time steps survived: 2782
Total runtime so far (hours/minutes/seconds): 09:07:36
----------------------------------------

----------------------------------------
TRIAL 73 STARTED
----------------------------------------
Start Time: 2024-05-02 05:28:51
TRIAL 73 COMPLETE ✔
End Time: 2024-05-02 05:35:49
Total runtime for this trial (minutes/seconds): 06:57
----------------------------------------
Total hill visits: 95
Total prediction errors: 617
Total search depth: 4959165
Total times memory accessed: 17629930
Total times 24 >= t < 49: 20
Total times 49 >= t < 74: 7
Total times 74 >= t < 99: 7
Total times t == 99: 0
Total time steps survived: 2807
Total runtime so far (hours/minutes/seconds): 09:14:34
----------------------------------------

----------------------------------------
TRIAL 74 STARTED
----------------------------------------
Start Time: 2024-05-02 05:35:49
TRIAL 74 COMPLETE ✔
End Time: 2024-05-02 05:48:12
Total runtime for this trial (minutes/seconds): 12:22
----------------------------------------
Total hill visits: 96
Total prediction errors: 626
Total search depth: 5100766
Total times memory accessed: 18096413
Total times 24 >= t < 49: 21
Total times 49 >= t < 74: 7
Total times 74 >= t < 99: 7
Total times t == 99: 0
Total time steps survived: 2845
Total runtime so far (hours/minutes/seconds): 09:26:57
----------------------------------------

----------------------------------------
TRIAL 75 STARTED
----------------------------------------
Start Time: 2024-05-02 05:48:12
TRIAL 75 COMPLETE ✔
End Time: 2024-05-02 06:13:59
Total runtime for this trial (minutes/seconds): 25:47
----------------------------------------
Total hill visits: 98
Total prediction errors: 641
Total search depth: 5403659
Total times memory accessed: 19083174
Total times 24 >= t < 49: 21
Total times 49 >= t < 74: 7
Total times 74 >= t < 99: 7
Total times t == 99: 0
Total time steps survived: 2944
Total runtime so far (hours/minutes/seconds): 09:52:45
----------------------------------------

----------------------------------------
TRIAL 76 STARTED
----------------------------------------
Start Time: 2024-05-02 06:13:59
TRIAL 76 COMPLETE ✔
End Time: 2024-05-02 06:25:29
Total runtime for this trial (minutes/seconds): 11:29
----------------------------------------
Total hill visits: 99
Total prediction errors: 648
Total search depth: 5538706
Total times memory accessed: 19519250
Total times 24 >= t < 49: 21
Total times 49 >= t < 74: 7
Total times 74 >= t < 99: 8
Total times t == 99: 0
Total time steps survived: 3018
Total runtime so far (hours/minutes/seconds): 10:04:14
----------------------------------------

----------------------------------------
TRIAL 77 STARTED
----------------------------------------
Start Time: 2024-05-02 06:25:29
TRIAL 77 COMPLETE ✔
End Time: 2024-05-02 06:32:54
Total runtime for this trial (minutes/seconds): 07:25
----------------------------------------
Total hill visits: 100
Total prediction errors: 653
Total search depth: 5622555
Total times memory accessed: 19793225
Total times 24 >= t < 49: 21
Total times 49 >= t < 74: 7
Total times 74 >= t < 99: 8
Total times t == 99: 0
Total time steps survived: 3040
Total runtime so far (hours/minutes/seconds): 10:11:40
----------------------------------------

----------------------------------------
TRIAL 78 STARTED
----------------------------------------
Start Time: 2024-05-02 06:32:54
TRIAL 78 COMPLETE ✔
End Time: 2024-05-02 06:44:02
Total runtime for this trial (minutes/seconds): 11:07
----------------------------------------
Total hill visits: 101
Total prediction errors: 662
Total search depth: 5747555
Total times memory accessed: 20194822
Total times 24 >= t < 49: 21
Total times 49 >= t < 74: 8
Total times 74 >= t < 99: 8
Total times t == 99: 0
Total time steps survived: 3110
Total runtime so far (hours/minutes/seconds): 10:22:47
----------------------------------------

----------------------------------------
TRIAL 79 STARTED
----------------------------------------
Start Time: 2024-05-02 06:44:02
TRIAL 79 COMPLETE ✔
End Time: 2024-05-02 06:53:41
Total runtime for this trial (minutes/seconds): 09:39
----------------------------------------
Total hill visits: 103
Total prediction errors: 669
Total search depth: 5856306
Total times memory accessed: 20538154
Total times 24 >= t < 49: 21
Total times 49 >= t < 74: 9
Total times 74 >= t < 99: 8
Total times t == 99: 0
Total time steps survived: 3160
Total runtime so far (hours/minutes/seconds): 10:32:26
----------------------------------------

----------------------------------------
TRIAL 80 STARTED
----------------------------------------
Start Time: 2024-05-02 06:53:41
TRIAL 80 COMPLETE ✔
End Time: 2024-05-02 07:00:24
Total runtime for this trial (minutes/seconds): 06:43
----------------------------------------
Total hill visits: 104
Total prediction errors: 672
Total search depth: 5930243
Total times memory accessed: 20781175
Total times 24 >= t < 49: 22
Total times 49 >= t < 74: 9
Total times 74 >= t < 99: 8
Total times t == 99: 0
Total time steps survived: 3195
Total runtime so far (hours/minutes/seconds): 10:39:10
----------------------------------------

----------------------------------------
TRIAL 81 STARTED
----------------------------------------
Start Time: 2024-05-02 07:00:24
TRIAL 81 COMPLETE ✔
End Time: 2024-05-02 07:13:07
Total runtime for this trial (minutes/seconds): 12:42
----------------------------------------
Total hill visits: 105
Total prediction errors: 681
Total search depth: 6080363
Total times memory accessed: 21253720
Total times 24 >= t < 49: 22
Total times 49 >= t < 74: 10
Total times 74 >= t < 99: 8
Total times t == 99: 0
Total time steps survived: 3260
Total runtime so far (hours/minutes/seconds): 10:51:53
----------------------------------------

----------------------------------------
TRIAL 82 STARTED
----------------------------------------
Start Time: 2024-05-02 07:13:07
TRIAL 82 COMPLETE ✔
End Time: 2024-05-02 07:16:56
Total runtime for this trial (minutes/seconds): 03:48
----------------------------------------
Total hill visits: 106
Total prediction errors: 685
Total search depth: 6126572
Total times memory accessed: 21395483
Total times 24 >= t < 49: 23
Total times 49 >= t < 74: 10
Total times 74 >= t < 99: 8
Total times t == 99: 0
Total time steps survived: 3296
Total runtime so far (hours/minutes/seconds): 10:55:41
----------------------------------------

----------------------------------------
TRIAL 83 STARTED
----------------------------------------
Start Time: 2024-05-02 07:16:56
TRIAL 83 COMPLETE ✔
End Time: 2024-05-02 07:22:59
Total runtime for this trial (minutes/seconds): 06:03
----------------------------------------
Total hill visits: 107
Total prediction errors: 689
Total search depth: 6191263
Total times memory accessed: 21607055
Total times 24 >= t < 49: 23
Total times 49 >= t < 74: 10
Total times 74 >= t < 99: 8
Total times t == 99: 0
Total time steps survived: 3316
Total runtime so far (hours/minutes/seconds): 11:01:44
----------------------------------------

----------------------------------------
TRIAL 84 STARTED
----------------------------------------
Start Time: 2024-05-02 07:22:59
TRIAL 84 COMPLETE ✔
End Time: 2024-05-02 07:25:55
Total runtime for this trial (minutes/seconds): 02:55
----------------------------------------
Total hill visits: 108
Total prediction errors: 691
Total search depth: 6224666
Total times memory accessed: 21714146
Total times 24 >= t < 49: 24
Total times 49 >= t < 74: 10
Total times 74 >= t < 99: 8
Total times t == 99: 0
Total time steps survived: 3346
Total runtime so far (hours/minutes/seconds): 11:04:40
----------------------------------------

----------------------------------------
TRIAL 85 STARTED
----------------------------------------
Start Time: 2024-05-02 07:25:55
TRIAL 85 COMPLETE ✔
End Time: 2024-05-02 07:42:04
Total runtime for this trial (minutes/seconds): 16:09
----------------------------------------
Total hill visits: 110
Total prediction errors: 701
Total search depth: 6410859
Total times memory accessed: 22312430
Total times 24 >= t < 49: 24
Total times 49 >= t < 74: 11
Total times 74 >= t < 99: 8
Total times t == 99: 0
Total time steps survived: 3418
Total runtime so far (hours/minutes/seconds): 11:20:49
----------------------------------------

----------------------------------------
TRIAL 86 STARTED
----------------------------------------
Start Time: 2024-05-02 07:42:04
TRIAL 86 COMPLETE ✔
End Time: 2024-05-02 07:46:47
Total runtime for this trial (minutes/seconds): 04:43
----------------------------------------
Total hill visits: 111
Total prediction errors: 704
Total search depth: 6466363
Total times memory accessed: 22484345
Total times 24 >= t < 49: 24
Total times 49 >= t < 74: 11
Total times 74 >= t < 99: 8
Total times t == 99: 0
Total time steps survived: 3438
Total runtime so far (hours/minutes/seconds): 11:25:32
----------------------------------------

----------------------------------------
TRIAL 87 STARTED
----------------------------------------
Start Time: 2024-05-02 07:46:47
TRIAL 87 COMPLETE ✔
End Time: 2024-05-02 08:01:08
Total runtime for this trial (minutes/seconds): 14:20
----------------------------------------
Total hill visits: 113
Total prediction errors: 716
Total search depth: 6630797
Total times memory accessed: 23017492
Total times 24 >= t < 49: 24
Total times 49 >= t < 74: 12
Total times 74 >= t < 99: 8
Total times t == 99: 0
Total time steps survived: 3498
Total runtime so far (hours/minutes/seconds): 11:39:53
----------------------------------------

----------------------------------------
TRIAL 88 STARTED
----------------------------------------
Start Time: 2024-05-02 08:01:08
TRIAL 88 COMPLETE ✔
End Time: 2024-05-02 08:13:19
Total runtime for this trial (minutes/seconds): 12:11
----------------------------------------
Total hill visits: 114
Total prediction errors: 723
Total search depth: 6775038
Total times memory accessed: 23463705
Total times 24 >= t < 49: 24
Total times 49 >= t < 74: 12
Total times 74 >= t < 99: 9
Total times t == 99: 0
Total time steps survived: 3576
Total runtime so far (hours/minutes/seconds): 11:52:04
----------------------------------------

----------------------------------------
TRIAL 89 STARTED
----------------------------------------
Start Time: 2024-05-02 08:13:19
TRIAL 89 COMPLETE ✔
End Time: 2024-05-02 08:26:46
Total runtime for this trial (minutes/seconds): 13:27
----------------------------------------
Total hill visits: 115
Total prediction errors: 729
Total search depth: 6928671
Total times memory accessed: 23953899
Total times 24 >= t < 49: 24
Total times 49 >= t < 74: 13
Total times 74 >= t < 99: 9
Total times t == 99: 0
Total time steps survived: 3644
Total runtime so far (hours/minutes/seconds): 12:05:32
----------------------------------------

----------------------------------------
TRIAL 90 STARTED
----------------------------------------
Start Time: 2024-05-02 08:26:46
TRIAL 90 COMPLETE ✔
End Time: 2024-05-02 08:38:40
Total runtime for this trial (minutes/seconds): 11:53
----------------------------------------
Total hill visits: 117
Total prediction errors: 738
Total search depth: 7054748
Total times memory accessed: 24387194
Total times 24 >= t < 49: 24
Total times 49 >= t < 74: 13
Total times 74 >= t < 99: 10
Total times t == 99: 0
Total time steps survived: 3723
Total runtime so far (hours/minutes/seconds): 12:17:26
----------------------------------------

----------------------------------------
TRIAL 91 STARTED
----------------------------------------
Start Time: 2024-05-02 08:38:40
TRIAL 91 COMPLETE ✔
End Time: 2024-05-02 08:45:51
Total runtime for this trial (minutes/seconds): 07:11
----------------------------------------
Total hill visits: 118
Total prediction errors: 742
Total search depth: 7139829
Total times memory accessed: 24647928
Total times 24 >= t < 49: 25
Total times 49 >= t < 74: 13
Total times 74 >= t < 99: 10
Total times t == 99: 0
Total time steps survived: 3769
Total runtime so far (hours/minutes/seconds): 12:24:37
----------------------------------------

----------------------------------------
TRIAL 92 STARTED
----------------------------------------
Start Time: 2024-05-02 08:45:51
TRIAL 92 COMPLETE ✔
End Time: 2024-05-02 09:02:07
Total runtime for this trial (minutes/seconds): 16:15
----------------------------------------
Total hill visits: 121
Total prediction errors: 751
Total search depth: 7320732
Total times memory accessed: 25226490
Total times 24 >= t < 49: 25
Total times 49 >= t < 74: 13
Total times 74 >= t < 99: 10
Total times t == 99: 0
Total time steps survived: 3868
Total runtime so far (hours/minutes/seconds): 12:40:53
----------------------------------------

----------------------------------------
TRIAL 93 STARTED
----------------------------------------
Start Time: 2024-05-02 09:02:07
TRIAL 93 COMPLETE ✔
End Time: 2024-05-02 09:19:32
Total runtime for this trial (minutes/seconds): 17:24
----------------------------------------
Total hill visits: 123
Total prediction errors: 762
Total search depth: 7522887
Total times memory accessed: 25857797
Total times 24 >= t < 49: 25
Total times 49 >= t < 74: 13
Total times 74 >= t < 99: 10
Total times t == 99: 0
Total time steps survived: 3967
Total runtime so far (hours/minutes/seconds): 12:58:18
----------------------------------------

----------------------------------------
TRIAL 94 STARTED
----------------------------------------
Start Time: 2024-05-02 09:19:32
TRIAL 94 COMPLETE ✔
End Time: 2024-05-02 09:39:12
Total runtime for this trial (minutes/seconds): 19:40
----------------------------------------
Total hill visits: 125
Total prediction errors: 779
Total search depth: 7742830
Total times memory accessed: 26567468
Total times 24 >= t < 49: 25
Total times 49 >= t < 74: 13
Total times 74 >= t < 99: 11
Total times t == 99: 0
Total time steps survived: 4059
Total runtime so far (hours/minutes/seconds): 13:17:58
----------------------------------------

----------------------------------------
TRIAL 95 STARTED
----------------------------------------
Start Time: 2024-05-02 09:39:12
TRIAL 95 COMPLETE ✔
End Time: 2024-05-02 09:44:43
Total runtime for this trial (minutes/seconds): 05:30
----------------------------------------
Total hill visits: 126
Total prediction errors: 784
Total search depth: 7809164
Total times memory accessed: 26765264
Total times 24 >= t < 49: 26
Total times 49 >= t < 74: 13
Total times 74 >= t < 99: 11
Total times t == 99: 0
Total time steps survived: 4088
Total runtime so far (hours/minutes/seconds): 13:23:28
----------------------------------------

----------------------------------------
TRIAL 96 STARTED
----------------------------------------
Start Time: 2024-05-02 09:44:43
TRIAL 96 COMPLETE ✔
End Time: 2024-05-02 09:54:43
Total runtime for this trial (minutes/seconds): 10:00
----------------------------------------
Total hill visits: 128
Total prediction errors: 792
Total search depth: 7921788
Total times memory accessed: 27126646
Total times 24 >= t < 49: 27
Total times 49 >= t < 74: 13
Total times 74 >= t < 99: 11
Total times t == 99: 0
Total time steps survived: 4126
Total runtime so far (hours/minutes/seconds): 13:33:29
----------------------------------------

----------------------------------------
TRIAL 97 STARTED
----------------------------------------
Start Time: 2024-05-02 09:54:43
TRIAL 97 COMPLETE ✔
End Time: 2024-05-02 10:08:32
Total runtime for this trial (minutes/seconds): 13:48
----------------------------------------
Total hill visits: 130
Total prediction errors: 803
Total search depth: 8070962
Total times memory accessed: 27634586
Total times 24 >= t < 49: 27
Total times 49 >= t < 74: 14
Total times 74 >= t < 99: 11
Total times t == 99: 0
Total time steps survived: 4192
Total runtime so far (hours/minutes/seconds): 13:47:17
----------------------------------------

----------------------------------------
TRIAL 98 STARTED
----------------------------------------
Start Time: 2024-05-02 10:08:32
TRIAL 98 COMPLETE ✔
End Time: 2024-05-02 10:15:03
Total runtime for this trial (minutes/seconds): 06:31
----------------------------------------
Total hill visits: 131
Total prediction errors: 809
Total search depth: 8146698
Total times memory accessed: 27879188
Total times 24 >= t < 49: 28
Total times 49 >= t < 74: 14
Total times 74 >= t < 99: 11
Total times t == 99: 0
Total time steps survived: 4229
Total runtime so far (hours/minutes/seconds): 13:53:49
----------------------------------------

----------------------------------------
TRIAL 99 STARTED
----------------------------------------
Start Time: 2024-05-02 10:15:03
TRIAL 99 COMPLETE ✔
End Time: 2024-05-02 10:22:56
Total runtime for this trial (minutes/seconds): 07:52
----------------------------------------
Total hill visits: 133
Total prediction errors: 816
Total search depth: 8238502
Total times memory accessed: 28165879
Total times 24 >= t < 49: 29
Total times 49 >= t < 74: 14
Total times 74 >= t < 99: 11
Total times t == 99: 0
Total time steps survived: 4275
Total runtime so far (hours/minutes/seconds): 14:01:42
----------------------------------------

----------------------------------------
TRIAL 100 STARTED
----------------------------------------
Start Time: 2024-05-02 10:22:56
TRIAL 100 COMPLETE ✔
End Time: 2024-05-02 10:25:44
Total runtime for this trial (minutes/seconds): 02:47
----------------------------------------
Total hill visits: 134
Total prediction errors: 818
Total search depth: 8272515
Total times memory accessed: 28265196
Total times 24 >= t < 49: 30
Total times 49 >= t < 74: 14
Total times 74 >= t < 99: 11
Total times t == 99: 0
Total time steps survived: 4307
Total runtime so far (hours/minutes/seconds): 14:04:29
----------------------------------------

----------------------------------------
TRIAL 101 STARTED
----------------------------------------
Start Time: 2024-05-02 10:25:44
TRIAL 101 COMPLETE ✔
End Time: 2024-05-02 10:33:16
Total runtime for this trial (minutes/seconds): 07:32
----------------------------------------
Total hill visits: 135
Total prediction errors: 823
Total search depth: 8362834
Total times memory accessed: 28536971
Total times 24 >= t < 49: 30
Total times 49 >= t < 74: 15
Total times 74 >= t < 99: 11
Total times t == 99: 0
Total time steps survived: 4361
Total runtime so far (hours/minutes/seconds): 14:12:02
----------------------------------------

----------------------------------------
TRIAL 102 STARTED
----------------------------------------
Start Time: 2024-05-02 10:33:16
TRIAL 102 COMPLETE ✔
End Time: 2024-05-02 10:41:05
Total runtime for this trial (minutes/seconds): 07:48
----------------------------------------
Total hill visits: 136
Total prediction errors: 828
Total search depth: 8458144
Total times memory accessed: 28836076
Total times 24 >= t < 49: 31
Total times 49 >= t < 74: 15
Total times 74 >= t < 99: 11
Total times t == 99: 0
Total time steps survived: 4392
Total runtime so far (hours/minutes/seconds): 14:19:50
----------------------------------------

----------------------------------------
TRIAL 103 STARTED
----------------------------------------
Start Time: 2024-05-02 10:41:05
TRIAL 103 COMPLETE ✔
End Time: 2024-05-02 11:02:03
Total runtime for this trial (minutes/seconds): 20:58
----------------------------------------
Total hill visits: 139
Total prediction errors: 842
Total search depth: 8712898
Total times memory accessed: 29627821
Total times 24 >= t < 49: 31
Total times 49 >= t < 74: 15
Total times 74 >= t < 99: 11
Total times t == 99: 0
Total time steps survived: 4491
Total runtime so far (hours/minutes/seconds): 14:40:49
----------------------------------------

----------------------------------------
TRIAL 104 STARTED
----------------------------------------
Start Time: 2024-05-02 11:02:03
TRIAL 104 COMPLETE ✔
End Time: 2024-05-02 11:21:22
Total runtime for this trial (minutes/seconds): 19:18
----------------------------------------
Total hill visits: 141
Total prediction errors: 858
Total search depth: 8937733
Total times memory accessed: 30336082
Total times 24 >= t < 49: 31
Total times 49 >= t < 74: 15
Total times 74 >= t < 99: 11
Total times t == 99: 0
Total time steps survived: 4590
Total runtime so far (hours/minutes/seconds): 15:00:08
----------------------------------------

----------------------------------------
TRIAL 105 STARTED
----------------------------------------
Start Time: 2024-05-02 11:21:22
TRIAL 105 COMPLETE ✔
End Time: 2024-05-02 11:33:27
Total runtime for this trial (minutes/seconds): 12:05
----------------------------------------
Total hill visits: 143
Total prediction errors: 867
Total search depth: 9064782
Total times memory accessed: 30746360
Total times 24 >= t < 49: 31
Total times 49 >= t < 74: 16
Total times 74 >= t < 99: 11
Total times t == 99: 0
Total time steps survived: 4639
Total runtime so far (hours/minutes/seconds): 15:12:13
----------------------------------------

----------------------------------------
TRIAL 106 STARTED
----------------------------------------
Start Time: 2024-05-02 11:33:27
TRIAL 106 COMPLETE ✔
End Time: 2024-05-02 11:37:22
Total runtime for this trial (minutes/seconds): 03:55
----------------------------------------
Total hill visits: 144
Total prediction errors: 870
Total search depth: 9106228
Total times memory accessed: 30882849
Total times 24 >= t < 49: 31
Total times 49 >= t < 74: 16
Total times 74 >= t < 99: 11
Total times t == 99: 0
Total time steps survived: 4659
Total runtime so far (hours/minutes/seconds): 15:16:08
----------------------------------------

----------------------------------------
TRIAL 107 STARTED
----------------------------------------
Start Time: 2024-05-02 11:37:22
TRIAL 107 COMPLETE ✔
End Time: 2024-05-02 11:51:29
Total runtime for this trial (minutes/seconds): 14:06
----------------------------------------
Total hill visits: 146
Total prediction errors: 878
Total search depth: 9265383
Total times memory accessed: 31377883
Total times 24 >= t < 49: 31
Total times 49 >= t < 74: 17
Total times 74 >= t < 99: 11
Total times t == 99: 0
Total time steps survived: 4714
Total runtime so far (hours/minutes/seconds): 15:30:14
----------------------------------------

----------------------------------------
TRIAL 108 STARTED
----------------------------------------
Start Time: 2024-05-02 11:51:29
TRIAL 108 COMPLETE ✔
End Time: 2024-05-02 11:55:51
Total runtime for this trial (minutes/seconds): 04:22
----------------------------------------
Total hill visits: 147
Total prediction errors: 880
Total search depth: 9316223
Total times memory accessed: 31535622
Total times 24 >= t < 49: 31
Total times 49 >= t < 74: 17
Total times 74 >= t < 99: 11
Total times t == 99: 0
Total time steps survived: 4734
Total runtime so far (hours/minutes/seconds): 15:34:37
----------------------------------------

----------------------------------------
TRIAL 109 STARTED
----------------------------------------
Start Time: 2024-05-02 11:55:51
TRIAL 109 COMPLETE ✔
End Time: 2024-05-02 12:00:50
Total runtime for this trial (minutes/seconds): 04:59
----------------------------------------
Total hill visits: 148
Total prediction errors: 881
Total search depth: 9375883
Total times memory accessed: 31715006
Total times 24 >= t < 49: 32
Total times 49 >= t < 74: 17
Total times 74 >= t < 99: 11
Total times t == 99: 0
Total time steps survived: 4763
Total runtime so far (hours/minutes/seconds): 15:39:36
----------------------------------------

----------------------------------------
TRIAL 110 STARTED
----------------------------------------
Start Time: 2024-05-02 12:00:50
TRIAL 110 COMPLETE ✔
End Time: 2024-05-02 12:10:29
Total runtime for this trial (minutes/seconds): 09:38
----------------------------------------
Total hill visits: 149
Total prediction errors: 887
Total search depth: 9492119
Total times memory accessed: 32065500
Total times 24 >= t < 49: 33
Total times 49 >= t < 74: 17
Total times 74 >= t < 99: 11
Total times t == 99: 0
Total time steps survived: 4798
Total runtime so far (hours/minutes/seconds): 15:49:14
----------------------------------------

----------------------------------------
TRIAL 111 STARTED
----------------------------------------
Start Time: 2024-05-02 12:10:29
TRIAL 111 COMPLETE ✔
End Time: 2024-05-02 12:16:11
Total runtime for this trial (minutes/seconds): 05:42
----------------------------------------
Total hill visits: 151
Total prediction errors: 890
Total search depth: 9559592
Total times memory accessed: 32276250
Total times 24 >= t < 49: 34
Total times 49 >= t < 74: 17
Total times 74 >= t < 99: 11
Total times t == 99: 0
Total time steps survived: 4829
Total runtime so far (hours/minutes/seconds): 15:54:57
----------------------------------------

----------------------------------------
TRIAL 112 STARTED
----------------------------------------
Start Time: 2024-05-02 12:16:11
TRIAL 112 COMPLETE ✔
End Time: 2024-05-02 12:22:46
Total runtime for this trial (minutes/seconds): 06:34
----------------------------------------
Total hill visits: 153
Total prediction errors: 894
Total search depth: 9637990
Total times memory accessed: 32514267
Total times 24 >= t < 49: 34
Total times 49 >= t < 74: 17
Total times 74 >= t < 99: 11
Total times t == 99: 0
Total time steps survived: 4928
Total runtime so far (hours/minutes/seconds): 16:01:31
----------------------------------------

----------------------------------------
TRIAL 113 STARTED
----------------------------------------
Start Time: 2024-05-02 12:22:46
TRIAL 113 COMPLETE ✔
End Time: 2024-05-02 12:34:31
Total runtime for this trial (minutes/seconds): 11:44
----------------------------------------
Total hill visits: 155
Total prediction errors: 904
Total search depth: 9798599
Total times memory accessed: 32996794
Total times 24 >= t < 49: 34
Total times 49 >= t < 74: 17
Total times 74 >= t < 99: 11
Total times t == 99: 0
Total time steps survived: 5027
Total runtime so far (hours/minutes/seconds): 16:13:16
----------------------------------------

----------------------------------------
TRIAL 114 STARTED
----------------------------------------
Start Time: 2024-05-02 12:34:31
TRIAL 114 COMPLETE ✔
End Time: 2024-05-02 12:46:57
Total runtime for this trial (minutes/seconds): 12:26
----------------------------------------
Total hill visits: 156
Total prediction errors: 912
Total search depth: 9952924
Total times memory accessed: 33461969
Total times 24 >= t < 49: 35
Total times 49 >= t < 74: 17
Total times 74 >= t < 99: 11
Total times t == 99: 0
Total time steps survived: 5068
Total runtime so far (hours/minutes/seconds): 16:25:42
----------------------------------------

----------------------------------------
TRIAL 115 STARTED
----------------------------------------
Start Time: 2024-05-02 12:46:57
TRIAL 115 COMPLETE ✔
End Time: 2024-05-02 13:00:40
Total runtime for this trial (minutes/seconds): 13:43
----------------------------------------
Total hill visits: 157
Total prediction errors: 925
Total search depth: 10116195
Total times memory accessed: 33959502
Total times 24 >= t < 49: 35
Total times 49 >= t < 74: 17
Total times 74 >= t < 99: 12
Total times t == 99: 0
Total time steps survived: 5143
Total runtime so far (hours/minutes/seconds): 16:39:25
----------------------------------------

----------------------------------------
TRIAL 116 STARTED
----------------------------------------
Start Time: 2024-05-02 13:00:40
TRIAL 116 COMPLETE ✔
End Time: 2024-05-02 13:06:38
Total runtime for this trial (minutes/seconds): 05:58
----------------------------------------
Total hill visits: 158
Total prediction errors: 931
Total search depth: 10181038
Total times memory accessed: 34155595
Total times 24 >= t < 49: 36
Total times 49 >= t < 74: 17
Total times 74 >= t < 99: 12
Total times t == 99: 0
Total time steps survived: 5172
Total runtime so far (hours/minutes/seconds): 16:45:24
----------------------------------------

----------------------------------------
TRIAL 117 STARTED
----------------------------------------
Start Time: 2024-05-02 13:06:38
TRIAL 117 COMPLETE ✔
End Time: 2024-05-02 13:33:20
Total runtime for this trial (minutes/seconds): 26:41
----------------------------------------
Total hill visits: 161
Total prediction errors: 946
Total search depth: 10475717
Total times memory accessed: 35071509
Total times 24 >= t < 49: 36
Total times 49 >= t < 74: 17
Total times 74 >= t < 99: 12
Total times t == 99: 0
Total time steps survived: 5271
Total runtime so far (hours/minutes/seconds): 17:12:05
----------------------------------------

----------------------------------------
TRIAL 118 STARTED
----------------------------------------
Start Time: 2024-05-02 13:33:20
TRIAL 118 COMPLETE ✔
End Time: 2024-05-02 13:47:45
Total runtime for this trial (minutes/seconds): 14:25
----------------------------------------
Total hill visits: 163
Total prediction errors: 953
Total search depth: 10650274
Total times memory accessed: 35603677
Total times 24 >= t < 49: 36
Total times 49 >= t < 74: 18
Total times 74 >= t < 99: 12
Total times t == 99: 0
Total time steps survived: 5334
Total runtime so far (hours/minutes/seconds): 17:26:31
----------------------------------------

----------------------------------------
TRIAL 119 STARTED
----------------------------------------
Start Time: 2024-05-02 13:47:45
TRIAL 119 COMPLETE ✔
End Time: 2024-05-02 13:58:14
Total runtime for this trial (minutes/seconds): 10:29
----------------------------------------
Total hill visits: 164
Total prediction errors: 961
Total search depth: 10767544
Total times memory accessed: 35974136
Total times 24 >= t < 49: 36
Total times 49 >= t < 74: 18
Total times 74 >= t < 99: 12
Total times t == 99: 0
Total time steps survived: 5433
Total runtime so far (hours/minutes/seconds): 17:37:00
----------------------------------------

----------------------------------------
TRIAL 120 STARTED
----------------------------------------
Start Time: 2024-05-02 13:58:14
TRIAL 120 COMPLETE ✔
End Time: 2024-05-02 14:11:56
Total runtime for this trial (minutes/seconds): 13:41
----------------------------------------
Total hill visits: 165
Total prediction errors: 969
Total search depth: 10928351
Total times memory accessed: 36460873
Total times 24 >= t < 49: 36
Total times 49 >= t < 74: 18
Total times 74 >= t < 99: 13
Total times t == 99: 0
Total time steps survived: 5524
Total runtime so far (hours/minutes/seconds): 17:50:41
----------------------------------------
EXPERIMENT COMPLETE ✔.
End Time: 2024-05-02 14:11:56
TOTAL RUNTIME (hours/minutes/seconds): 17:50:41
Traceback (most recent call last):
  File "/home/grmstj001/MATLAB-experiments/Sophisticated-Learning/src/Python/main.py", line 24, in <module>
    main(algorithm=args.algorithm, seed=args.seed)
  File "/home/grmstj001/MATLAB-experiments/Sophisticated-Learning/src/Python/main.py", line 8, in main
    si_experiment(seed)
  File "/home/grmstj001/MATLAB-experiments/Sophisticated-Learning/src/Python/algorithms/sophisticated_inference/sophisticated_inference.py", line 354, in experiment
    logging.info(f"AVERAGE RUNTIME PER TIME STEP: {round_half_up((runtime.total_seconds() / total_t), 3)} seconds")
NameError: name 'round_half_up' is not defined
/var/tmp/slurmd.spool/job2116101/slurm_script: line 32: deactivatepython: command not found
