Running main with ALGORITHM=SI, SEED=3, HORIZON=2, K_FACTOR=0.7, ROOT_FOLDER=/home/grmstj001, MCT=3, NUM_MCT=100, AUTO_REST=

                            < M A T L A B (R) >
                  Copyright 1984-2024 The MathWorks, Inc.
                  R2024a (24.1.0.2537033) 64-bit (glnxa64)
                             February 21, 2024

 
To get started, type doc.
For product information, visit www.mathworks.com.
 
Algorithm: SI
Seed: 3
Horizon: 2
K-factor: 0.70
Root folder: /home/grmstj001
MCT: 3
Number of MCT: 100
Auto restore: 0
Results file name: 

ans = 

  struct with fields:

     Type: 'twister'
     Seed: 3
    State: [625x1 uint32]


----------------------------------------
TRIAL 1 STARTED
----------------------------------------
Start Time: 2024-05-13 13:29:47
At time step 21 the agent is dead
The agent had 2 food, 0 water, and 5 sleep.
The total tree search depth for this trial was 2572. 
The agent accessed its memory 21943 times. 
The agent cleared its short-term memory 10 times. 
     State prediction error memory resets: 9. 
     Hill memory resets: 1. 
TRIAL 1 COMPLETE ✔
End Time: 2024-05-13 13:29:58
Total runtime for this trial (minutes/seconds): 00:11
----------------------------------------
Total hill visits: 1. 
Total prediction errors: 9. 
Total search depth: 2572. 
Total times memory accessed: 21943. 
Total times 25 >= t <= 50: 0. 
Total times 50 >= t <= 75: 0. 
Total times 75 >= t <= 100: 0. 
Total times t == 100: 0. 
Total time steps survived: 22. 
Total runtime so far (hours/minutes/seconds): 00:00:11
----------------------------------------

----------------------------------------
TRIAL 2 STARTED
----------------------------------------
Start Time: 2024-05-13 13:29:57
At time step 21 the agent is dead
The agent had 2 food, 0 water, and 5 sleep.
The total tree search depth for this trial was 1750. 
The agent accessed its memory 29157 times. 
The agent cleared its short-term memory 0 times. 
     State prediction error memory resets: 0. 
     Hill memory resets: 0. 
TRIAL 2 COMPLETE ✔
End Time: 2024-05-13 13:30:00
Total runtime for this trial (minutes/seconds): 00:03
----------------------------------------
Total hill visits: 1. 
Total prediction errors: 9. 
Total search depth: 4322. 
Total times memory accessed: 51100. 
Total times 25 >= t <= 50: 0. 
Total times 50 >= t <= 75: 0. 
Total times 75 >= t <= 100: 0. 
Total times t == 100: 0. 
Total time steps survived: 44. 
Total runtime so far (hours/minutes/seconds): 00:00:13
----------------------------------------

----------------------------------------
TRIAL 3 STARTED
----------------------------------------
Start Time: 2024-05-13 13:29:59
At time step 23 the agent is dead
The agent had 0 food, 12 water, and 24 sleep.
The total tree search depth for this trial was 13855. 
The agent accessed its memory 159086 times. 
The agent cleared its short-term memory 13 times. 
     State prediction error memory resets: 12. 
     Hill memory resets: 1. 
TRIAL 3 COMPLETE ✔
End Time: 2024-05-13 13:30:12
Total runtime for this trial (minutes/seconds): 00:13
----------------------------------------
Total hill visits: 2. 
Total prediction errors: 21. 
Total search depth: 18177. 
Total times memory accessed: 210186. 
Total times 25 >= t <= 50: 0. 
Total times 50 >= t <= 75: 0. 
Total times 75 >= t <= 100: 0. 
Total times t == 100: 0. 
Total time steps survived: 68. 
Total runtime so far (hours/minutes/seconds): 00:00:25
----------------------------------------

----------------------------------------
TRIAL 4 STARTED
----------------------------------------
Start Time: 2024-05-13 13:30:11
At time step 23 the agent is dead
The agent had 0 food, 3 water, and 3 sleep.
The total tree search depth for this trial was 3324. 
The agent accessed its memory 56987 times. 
The agent cleared its short-term memory 0 times. 
     State prediction error memory resets: 0. 
     Hill memory resets: 0. 
TRIAL 4 COMPLETE ✔
End Time: 2024-05-13 13:30:17
Total runtime for this trial (minutes/seconds): 00:06
----------------------------------------
Total hill visits: 2. 
Total prediction errors: 21. 
Total search depth: 21501. 
Total times memory accessed: 267173. 
Total times 25 >= t <= 50: 0. 
Total times 50 >= t <= 75: 0. 
Total times 75 >= t <= 100: 0. 
Total times t == 100: 0. 
Total time steps survived: 92. 
Total runtime so far (hours/minutes/seconds): 00:00:30
----------------------------------------

----------------------------------------
TRIAL 5 STARTED
----------------------------------------
Start Time: 2024-05-13 13:30:16
At time step 25 the agent is dead
The agent had 0 food, 4 water, and 1 sleep.
The total tree search depth for this trial was 44477. 
The agent accessed its memory 426998 times. 
The agent cleared its short-term memory 11 times. 
     State prediction error memory resets: 11. 
     Hill memory resets: 0. 
TRIAL 5 COMPLETE ✔
End Time: 2024-05-13 13:31:11
Total runtime for this trial (minutes/seconds): 00:55
----------------------------------------
Total hill visits: 2. 
Total prediction errors: 32. 
Total search depth: 65978. 
Total times memory accessed: 694171. 
Total times 25 >= t <= 50: 1. 
Total times 50 >= t <= 75: 0. 
Total times 75 >= t <= 100: 0. 
Total times t == 100: 0. 
Total time steps survived: 118. 
Total runtime so far (hours/minutes/seconds): 00:01:24
----------------------------------------

----------------------------------------
TRIAL 6 STARTED
----------------------------------------
Start Time: 2024-05-13 13:31:10
At time step 27 the agent is dead
The agent had 0 food, 4 water, and 11 sleep.
The total tree search depth for this trial was 51133. 
The agent accessed its memory 501588 times. 
The agent cleared its short-term memory 8 times. 
     State prediction error memory resets: 7. 
     Hill memory resets: 1. 
TRIAL 6 COMPLETE ✔
End Time: 2024-05-13 13:32:10
Total runtime for this trial (minutes/seconds): 01:00
----------------------------------------
Total hill visits: 3. 
Total prediction errors: 39. 
Total search depth: 117111. 
Total times memory accessed: 1195759. 
Total times 25 >= t <= 50: 2. 
Total times 50 >= t <= 75: 0. 
Total times 75 >= t <= 100: 0. 
Total times t == 100: 0. 
Total time steps survived: 146. 
Total runtime so far (hours/minutes/seconds): 00:02:23
----------------------------------------

----------------------------------------
TRIAL 7 STARTED
----------------------------------------
Start Time: 2024-05-13 13:32:09
At time step 21 the agent is dead
The agent had 2 food, 0 water, and 5 sleep.
The total tree search depth for this trial was 16716. 
The agent accessed its memory 184217 times. 
The agent cleared its short-term memory 11 times. 
     State prediction error memory resets: 11. 
     Hill memory resets: 0. 
TRIAL 7 COMPLETE ✔
End Time: 2024-05-13 13:32:37
Total runtime for this trial (minutes/seconds): 00:28
----------------------------------------
Total hill visits: 3. 
Total prediction errors: 50. 
Total search depth: 133827. 
Total times memory accessed: 1379976. 
Total times 25 >= t <= 50: 2. 
Total times 50 >= t <= 75: 0. 
Total times 75 >= t <= 100: 0. 
Total times t == 100: 0. 
Total time steps survived: 168. 
Total runtime so far (hours/minutes/seconds): 00:02:50
----------------------------------------

----------------------------------------
TRIAL 8 STARTED
----------------------------------------
Start Time: 2024-05-13 13:32:36
At time step 26 the agent is dead
The agent had 7 food, 7 water, and 0 sleep.
The total tree search depth for this trial was 35376. 
The agent accessed its memory 263096 times. 
The agent cleared its short-term memory 16 times. 
     State prediction error memory resets: 15. 
     Hill memory resets: 1. 
TRIAL 8 COMPLETE ✔
End Time: 2024-05-13 13:33:22
Total runtime for this trial (minutes/seconds): 00:46
----------------------------------------
Total hill visits: 4. 
Total prediction errors: 65. 
Total search depth: 169203. 
Total times memory accessed: 1643072. 
Total times 25 >= t <= 50: 3. 
Total times 50 >= t <= 75: 0. 
Total times 75 >= t <= 100: 0. 
Total times t == 100: 0. 
Total time steps survived: 195. 
Total runtime so far (hours/minutes/seconds): 00:03:35
----------------------------------------

----------------------------------------
TRIAL 9 STARTED
----------------------------------------
Start Time: 2024-05-13 13:33:21
At time step 21 the agent is dead
The agent had 13 food, 0 water, and 18 sleep.
The total tree search depth for this trial was 35114. 
The agent accessed its memory 408579 times. 
The agent cleared its short-term memory 4 times. 
     State prediction error memory resets: 3. 
     Hill memory resets: 1. 
TRIAL 9 COMPLETE ✔
End Time: 2024-05-13 13:33:59
Total runtime for this trial (minutes/seconds): 00:38
----------------------------------------
Total hill visits: 5. 
Total prediction errors: 68. 
Total search depth: 204317. 
Total times memory accessed: 2051651. 
Total times 25 >= t <= 50: 3. 
Total times 50 >= t <= 75: 0. 
Total times 75 >= t <= 100: 0. 
Total times t == 100: 0. 
Total time steps survived: 217. 
Total runtime so far (hours/minutes/seconds): 00:04:12
----------------------------------------

----------------------------------------
TRIAL 10 STARTED
----------------------------------------
Start Time: 2024-05-13 13:33:58
At time step 29 the agent is dead
The agent had 9 food, 0 water, and 13 sleep.
The total tree search depth for this trial was 44288. 
The agent accessed its memory 494657 times. 
The agent cleared its short-term memory 8 times. 
     State prediction error memory resets: 7. 
     Hill memory resets: 1. 
TRIAL 10 COMPLETE ✔
End Time: 2024-05-13 13:34:55
Total runtime for this trial (minutes/seconds): 00:57
----------------------------------------
Total hill visits: 6. 
Total prediction errors: 75. 
Total search depth: 248605. 
Total times memory accessed: 2546308. 
Total times 25 >= t <= 50: 4. 
Total times 50 >= t <= 75: 0. 
Total times 75 >= t <= 100: 0. 
Total times t == 100: 0. 
Total time steps survived: 247. 
Total runtime so far (hours/minutes/seconds): 00:05:08
----------------------------------------

----------------------------------------
TRIAL 11 STARTED
----------------------------------------
Start Time: 2024-05-13 13:34:54
At time step 21 the agent is dead
The agent had 2 food, 0 water, and 5 sleep.
The total tree search depth for this trial was 30578. 
The agent accessed its memory 303471 times. 
The agent cleared its short-term memory 12 times. 
     State prediction error memory resets: 12. 
     Hill memory resets: 0. 
TRIAL 11 COMPLETE ✔
End Time: 2024-05-13 13:35:40
Total runtime for this trial (minutes/seconds): 00:46
----------------------------------------
Total hill visits: 6. 
Total prediction errors: 87. 
Total search depth: 279183. 
Total times memory accessed: 2849779. 
Total times 25 >= t <= 50: 4. 
Total times 50 >= t <= 75: 0. 
Total times 75 >= t <= 100: 0. 
Total times t == 100: 0. 
Total time steps survived: 269. 
Total runtime so far (hours/minutes/seconds): 00:05:53
----------------------------------------

----------------------------------------
TRIAL 12 STARTED
----------------------------------------
Start Time: 2024-05-13 13:35:39
At time step 36 the agent is dead
The agent had 0 food, 10 water, and 13 sleep.
The total tree search depth for this trial was 44936. 
The agent accessed its memory 356198 times. 
The agent cleared its short-term memory 13 times. 
     State prediction error memory resets: 10. 
     Hill memory resets: 3. 
TRIAL 12 COMPLETE ✔
End Time: 2024-05-13 13:36:40
Total runtime for this trial (minutes/seconds): 01:01
----------------------------------------
Total hill visits: 9. 
Total prediction errors: 97. 
Total search depth: 324119. 
Total times memory accessed: 3205977. 
Total times 25 >= t <= 50: 5. 
Total times 50 >= t <= 75: 0. 
Total times 75 >= t <= 100: 0. 
Total times t == 100: 0. 
Total time steps survived: 306. 
Total runtime so far (hours/minutes/seconds): 00:06:53
----------------------------------------

----------------------------------------
TRIAL 13 STARTED
----------------------------------------
Start Time: 2024-05-13 13:36:39
At time step 23 the agent is dead
The agent had 0 food, 17 water, and 12 sleep.
The total tree search depth for this trial was 43012. 
The agent accessed its memory 400166 times. 
The agent cleared its short-term memory 6 times. 
     State prediction error memory resets: 5. 
     Hill memory resets: 1. 
TRIAL 13 COMPLETE ✔
End Time: 2024-05-13 13:37:38
Total runtime for this trial (minutes/seconds): 00:59
----------------------------------------
Total hill visits: 10. 
Total prediction errors: 102. 
Total search depth: 367131. 
Total times memory accessed: 3606143. 
Total times 25 >= t <= 50: 5. 
Total times 50 >= t <= 75: 0. 
Total times 75 >= t <= 100: 0. 
Total times t == 100: 0. 
Total time steps survived: 330. 
Total runtime so far (hours/minutes/seconds): 00:07:51
----------------------------------------

----------------------------------------
TRIAL 14 STARTED
----------------------------------------
Start Time: 2024-05-13 13:37:37
