Running main with ALGORITHM=SL, SEED=4, HORIZON=2, K_FACTOR=0.7, ROOT_FOLDER=/home/grmstj001, MCT=3, NUM_MCT=100, AUTO_REST=

                            < M A T L A B (R) >
                  Copyright 1984-2024 The MathWorks, Inc.
                  R2024a (24.1.0.2537033) 64-bit (glnxa64)
                             February 21, 2024

 
To get started, type doc.
For product information, visit www.mathworks.com.
 
Algorithm: SL
Seed: 4
Horizon: 2
K-factor: 0.70
Root folder: /home/grmstj001
MCT: 3
Number of MCT: 100
Auto restore: 0
Results file name: 

ans = 

  struct with fields:

     Type: 'twister'
     Seed: 4
    State: [625x1 uint32]


----------------------------------------
TRIAL 1 STARTED
----------------------------------------
Start Time: 2024-05-13 13:29:47
At time step 21 the agent is dead
The agent had 2 food, 0 water, and 5 sleep.
The total tree search depth for this trial was 2470. 
The agent accessed its memory 23131 times. 
The agent cleared its short-term memory 13 times. 
     State prediction error memory resets: 11. 
     Hill memory resets: 2. 
TRIAL 1 COMPLETE ✔
End Time: 2024-05-13 13:30:01
Total runtime for this trial (minutes/seconds): 00:14
----------------------------------------
Total hill visits: 2. 
Total prediction errors: 11. 
Total search depth: 2470. 
Total times memory accessed: 23131. 
Total times 25 >= t <= 50: 0. 
Total times 50 >= t <= 75: 0. 
Total times 75 >= t <= 100: 0. 
Total times t == 100: 0. 
Total time steps survived: 22. 
Total runtime so far (hours/minutes/seconds): 00:00:14
----------------------------------------

----------------------------------------
TRIAL 2 STARTED
----------------------------------------
Start Time: 2024-05-13 13:30:00
At time step 21 the agent is dead
The agent had 2 food, 0 water, and 5 sleep.
The total tree search depth for this trial was 1760. 
The agent accessed its memory 13233 times. 
The agent cleared its short-term memory 12 times. 
     State prediction error memory resets: 9. 
     Hill memory resets: 3. 
TRIAL 2 COMPLETE ✔
End Time: 2024-05-13 13:30:06
Total runtime for this trial (minutes/seconds): 00:06
----------------------------------------
Total hill visits: 5. 
Total prediction errors: 20. 
Total search depth: 4230. 
Total times memory accessed: 36364. 
Total times 25 >= t <= 50: 0. 
Total times 50 >= t <= 75: 0. 
Total times 75 >= t <= 100: 0. 
Total times t == 100: 0. 
Total time steps survived: 44. 
Total runtime so far (hours/minutes/seconds): 00:00:19
----------------------------------------

----------------------------------------
TRIAL 3 STARTED
----------------------------------------
Start Time: 2024-05-13 13:30:05
At time step 21 the agent is dead
The agent had 2 food, 0 water, and 5 sleep.
The total tree search depth for this trial was 1056. 
The agent accessed its memory 8299 times. 
The agent cleared its short-term memory 5 times. 
     State prediction error memory resets: 4. 
     Hill memory resets: 1. 
TRIAL 3 COMPLETE ✔
End Time: 2024-05-13 13:30:10
Total runtime for this trial (minutes/seconds): 00:05
----------------------------------------
Total hill visits: 6. 
Total prediction errors: 24. 
Total search depth: 5286. 
Total times memory accessed: 44663. 
Total times 25 >= t <= 50: 0. 
Total times 50 >= t <= 75: 0. 
Total times 75 >= t <= 100: 0. 
Total times t == 100: 0. 
Total time steps survived: 66. 
Total runtime so far (hours/minutes/seconds): 00:00:23
----------------------------------------

----------------------------------------
TRIAL 4 STARTED
----------------------------------------
Start Time: 2024-05-13 13:30:09
At time step 21 the agent is dead
The agent had 2 food, 0 water, and 5 sleep.
The total tree search depth for this trial was 2485. 
The agent accessed its memory 20342 times. 
The agent cleared its short-term memory 14 times. 
     State prediction error memory resets: 10. 
     Hill memory resets: 4. 
TRIAL 4 COMPLETE ✔
End Time: 2024-05-13 13:30:19
Total runtime for this trial (minutes/seconds): 00:10
----------------------------------------
Total hill visits: 10. 
Total prediction errors: 34. 
Total search depth: 7771. 
Total times memory accessed: 65005. 
Total times 25 >= t <= 50: 0. 
Total times 50 >= t <= 75: 0. 
Total times 75 >= t <= 100: 0. 
Total times t == 100: 0. 
Total time steps survived: 88. 
Total runtime so far (hours/minutes/seconds): 00:00:32
----------------------------------------

----------------------------------------
TRIAL 5 STARTED
----------------------------------------
Start Time: 2024-05-13 13:30:18
At time step 21 the agent is dead
The agent had 2 food, 0 water, and 5 sleep.
The total tree search depth for this trial was 1498. 
The agent accessed its memory 22031 times. 
The agent cleared its short-term memory 0 times. 
     State prediction error memory resets: 0. 
     Hill memory resets: 0. 
TRIAL 5 COMPLETE ✔
End Time: 2024-05-13 13:30:23
Total runtime for this trial (minutes/seconds): 00:05
----------------------------------------
Total hill visits: 10. 
Total prediction errors: 34. 
Total search depth: 9269. 
Total times memory accessed: 87036. 
Total times 25 >= t <= 50: 0. 
Total times 50 >= t <= 75: 0. 
Total times 75 >= t <= 100: 0. 
Total times t == 100: 0. 
Total time steps survived: 110. 
Total runtime so far (hours/minutes/seconds): 00:00:36
----------------------------------------

----------------------------------------
TRIAL 6 STARTED
----------------------------------------
Start Time: 2024-05-13 13:30:22
At time step 21 the agent is dead
The agent had 2 food, 0 water, and 5 sleep.
The total tree search depth for this trial was 1875. 
The agent accessed its memory 16379 times. 
The agent cleared its short-term memory 13 times. 
     State prediction error memory resets: 12. 
     Hill memory resets: 1. 
TRIAL 6 COMPLETE ✔
End Time: 2024-05-13 13:30:30
Total runtime for this trial (minutes/seconds): 00:08
----------------------------------------
Total hill visits: 11. 
Total prediction errors: 46. 
Total search depth: 11144. 
Total times memory accessed: 103415. 
Total times 25 >= t <= 50: 0. 
Total times 50 >= t <= 75: 0. 
Total times 75 >= t <= 100: 0. 
Total times t == 100: 0. 
Total time steps survived: 132. 
Total runtime so far (hours/minutes/seconds): 00:00:43
----------------------------------------

----------------------------------------
TRIAL 7 STARTED
----------------------------------------
Start Time: 2024-05-13 13:30:29
At time step 21 the agent is dead
The agent had 2 food, 0 water, and 5 sleep.
The total tree search depth for this trial was 1227. 
The agent accessed its memory 10469 times. 
The agent cleared its short-term memory 5 times. 
     State prediction error memory resets: 3. 
     Hill memory resets: 2. 
TRIAL 7 COMPLETE ✔
End Time: 2024-05-13 13:30:34
Total runtime for this trial (minutes/seconds): 00:05
----------------------------------------
Total hill visits: 13. 
Total prediction errors: 49. 
Total search depth: 12371. 
Total times memory accessed: 113884. 
Total times 25 >= t <= 50: 0. 
Total times 50 >= t <= 75: 0. 
Total times 75 >= t <= 100: 0. 
Total times t == 100: 0. 
Total time steps survived: 154. 
Total runtime so far (hours/minutes/seconds): 00:00:47
----------------------------------------

----------------------------------------
TRIAL 8 STARTED
----------------------------------------
Start Time: 2024-05-13 13:30:33
At time step 21 the agent is dead
The agent had 2 food, 0 water, and 5 sleep.
The total tree search depth for this trial was 1260. 
The agent accessed its memory 10503 times. 
The agent cleared its short-term memory 7 times. 
     State prediction error memory resets: 4. 
     Hill memory resets: 3. 
TRIAL 8 COMPLETE ✔
End Time: 2024-05-13 13:30:38
Total runtime for this trial (minutes/seconds): 00:05
----------------------------------------
Total hill visits: 16. 
Total prediction errors: 53. 
Total search depth: 13631. 
Total times memory accessed: 124387. 
Total times 25 >= t <= 50: 0. 
Total times 50 >= t <= 75: 0. 
Total times 75 >= t <= 100: 0. 
Total times t == 100: 0. 
Total time steps survived: 176. 
Total runtime so far (hours/minutes/seconds): 00:00:51
----------------------------------------

----------------------------------------
TRIAL 9 STARTED
----------------------------------------
Start Time: 2024-05-13 13:30:37
At time step 21 the agent is dead
The agent had 2 food, 0 water, and 5 sleep.
The total tree search depth for this trial was 1651. 
The agent accessed its memory 11937 times. 
The agent cleared its short-term memory 18 times. 
     State prediction error memory resets: 13. 
     Hill memory resets: 5. 
TRIAL 9 COMPLETE ✔
End Time: 2024-05-13 13:30:45
Total runtime for this trial (minutes/seconds): 00:08
----------------------------------------
Total hill visits: 21. 
Total prediction errors: 66. 
Total search depth: 15282. 
Total times memory accessed: 136324. 
Total times 25 >= t <= 50: 0. 
Total times 50 >= t <= 75: 0. 
Total times 75 >= t <= 100: 0. 
Total times t == 100: 0. 
Total time steps survived: 198. 
Total runtime so far (hours/minutes/seconds): 00:00:58
----------------------------------------

----------------------------------------
TRIAL 10 STARTED
----------------------------------------
Start Time: 2024-05-13 13:30:44
At time step 21 the agent is dead
The agent had 2 food, 0 water, and 5 sleep.
The total tree search depth for this trial was 1450. 
The agent accessed its memory 10414 times. 
The agent cleared its short-term memory 10 times. 
     State prediction error memory resets: 4. 
     Hill memory resets: 6. 
TRIAL 10 COMPLETE ✔
End Time: 2024-05-13 13:30:51
Total runtime for this trial (minutes/seconds): 00:07
----------------------------------------
Total hill visits: 27. 
Total prediction errors: 70. 
Total search depth: 16732. 
Total times memory accessed: 146738. 
Total times 25 >= t <= 50: 0. 
Total times 50 >= t <= 75: 0. 
Total times 75 >= t <= 100: 0. 
Total times t == 100: 0. 
Total time steps survived: 220. 
Total runtime so far (hours/minutes/seconds): 00:01:04
----------------------------------------

----------------------------------------
TRIAL 11 STARTED
----------------------------------------
Start Time: 2024-05-13 13:30:50
At time step 21 the agent is dead
The agent had 2 food, 0 water, and 5 sleep.
The total tree search depth for this trial was 1397. 
The agent accessed its memory 15588 times. 
The agent cleared its short-term memory 15 times. 
     State prediction error memory resets: 15. 
     Hill memory resets: 0. 
TRIAL 11 COMPLETE ✔
End Time: 2024-05-13 13:30:58
Total runtime for this trial (minutes/seconds): 00:08
----------------------------------------
Total hill visits: 27. 
Total prediction errors: 85. 
Total search depth: 18129. 
Total times memory accessed: 162326. 
Total times 25 >= t <= 50: 0. 
Total times 50 >= t <= 75: 0. 
Total times 75 >= t <= 100: 0. 
Total times t == 100: 0. 
Total time steps survived: 242. 
Total runtime so far (hours/minutes/seconds): 00:01:11
----------------------------------------

----------------------------------------
TRIAL 12 STARTED
----------------------------------------
Start Time: 2024-05-13 13:30:57
At time step 23 the agent is dead
The agent had 0 food, 7 water, and 3 sleep.
The total tree search depth for this trial was 7056. 
The agent accessed its memory 55559 times. 
The agent cleared its short-term memory 16 times. 
     State prediction error memory resets: 15. 
     Hill memory resets: 1. 
TRIAL 12 COMPLETE ✔
End Time: 2024-05-13 13:31:22
Total runtime for this trial (minutes/seconds): 00:25
----------------------------------------
Total hill visits: 28. 
Total prediction errors: 100. 
Total search depth: 25185. 
Total times memory accessed: 217885. 
Total times 25 >= t <= 50: 0. 
Total times 50 >= t <= 75: 0. 
Total times 75 >= t <= 100: 0. 
Total times t == 100: 0. 
Total time steps survived: 266. 
Total runtime so far (hours/minutes/seconds): 00:01:35
----------------------------------------

----------------------------------------
TRIAL 13 STARTED
----------------------------------------
Start Time: 2024-05-13 13:31:21
At time step 21 the agent is dead
The agent had 2 food, 0 water, and 5 sleep.
The total tree search depth for this trial was 1482. 
The agent accessed its memory 11208 times. 
The agent cleared its short-term memory 14 times. 
     State prediction error memory resets: 12. 
     Hill memory resets: 2. 
TRIAL 13 COMPLETE ✔
End Time: 2024-05-13 13:31:28
Total runtime for this trial (minutes/seconds): 00:07
----------------------------------------
Total hill visits: 30. 
Total prediction errors: 112. 
Total search depth: 26667. 
Total times memory accessed: 229093. 
Total times 25 >= t <= 50: 0. 
Total times 50 >= t <= 75: 0. 
Total times 75 >= t <= 100: 0. 
Total times t == 100: 0. 
Total time steps survived: 288. 
Total runtime so far (hours/minutes/seconds): 00:01:41
----------------------------------------

----------------------------------------
TRIAL 14 STARTED
----------------------------------------
Start Time: 2024-05-13 13:31:27
At time step 21 the agent is dead
The agent had 2 food, 0 water, and 5 sleep.
The total tree search depth for this trial was 1438. 
The agent accessed its memory 12209 times. 
The agent cleared its short-term memory 11 times. 
     State prediction error memory resets: 7. 
     Hill memory resets: 4. 
TRIAL 14 COMPLETE ✔
End Time: 2024-05-13 13:31:34
Total runtime for this trial (minutes/seconds): 00:07
----------------------------------------
Total hill visits: 34. 
Total prediction errors: 119. 
Total search depth: 28105. 
Total times memory accessed: 241302. 
Total times 25 >= t <= 50: 0. 
Total times 50 >= t <= 75: 0. 
Total times 75 >= t <= 100: 0. 
Total times t == 100: 0. 
Total time steps survived: 310. 
Total runtime so far (hours/minutes/seconds): 00:01:47
----------------------------------------

----------------------------------------
TRIAL 15 STARTED
----------------------------------------
Start Time: 2024-05-13 13:31:33
At time step 21 the agent is dead
The agent had 2 food, 0 water, and 5 sleep.
The total tree search depth for this trial was 1465. 
The agent accessed its memory 12507 times. 
The agent cleared its short-term memory 14 times. 
     State prediction error memory resets: 12. 
     Hill memory resets: 2. 
TRIAL 15 COMPLETE ✔
End Time: 2024-05-13 13:31:40
Total runtime for this trial (minutes/seconds): 00:07
----------------------------------------
Total hill visits: 36. 
Total prediction errors: 131. 
Total search depth: 29570. 
Total times memory accessed: 253809. 
Total times 25 >= t <= 50: 0. 
Total times 50 >= t <= 75: 0. 
Total times 75 >= t <= 100: 0. 
Total times t == 100: 0. 
Total time steps survived: 332. 
Total runtime so far (hours/minutes/seconds): 00:01:53
----------------------------------------

----------------------------------------
TRIAL 16 STARTED
----------------------------------------
Start Time: 2024-05-13 13:31:39
At time step 21 the agent is dead
The agent had 17 food, 0 water, and 25 sleep.
The total tree search depth for this trial was 2128. 
The agent accessed its memory 15660 times. 
The agent cleared its short-term memory 13 times. 
     State prediction error memory resets: 11. 
     Hill memory resets: 2. 
TRIAL 16 COMPLETE ✔
End Time: 2024-05-13 13:31:49
Total runtime for this trial (minutes/seconds): 00:10
----------------------------------------
Total hill visits: 38. 
Total prediction errors: 142. 
Total search depth: 31698. 
Total times memory accessed: 269469. 
Total times 25 >= t <= 50: 0. 
Total times 50 >= t <= 75: 0. 
Total times 75 >= t <= 100: 0. 
Total times t == 100: 0. 
Total time steps survived: 354. 
Total runtime so far (hours/minutes/seconds): 00:02:02
----------------------------------------

----------------------------------------
TRIAL 17 STARTED
----------------------------------------
Start Time: 2024-05-13 13:31:48
At time step 21 the agent is dead
The agent had 2 food, 0 water, and 5 sleep.
The total tree search depth for this trial was 1378. 
The agent accessed its memory 12084 times. 
The agent cleared its short-term memory 14 times. 
     State prediction error memory resets: 12. 
     Hill memory resets: 2. 
TRIAL 17 COMPLETE ✔
End Time: 2024-05-13 13:31:56
Total runtime for this trial (minutes/seconds): 00:08
----------------------------------------
Total hill visits: 40. 
Total prediction errors: 154. 
Total search depth: 33076. 
Total times memory accessed: 281553. 
Total times 25 >= t <= 50: 0. 
Total times 50 >= t <= 75: 0. 
Total times 75 >= t <= 100: 0. 
Total times t == 100: 0. 
Total time steps survived: 376. 
Total runtime so far (hours/minutes/seconds): 00:02:09
----------------------------------------

----------------------------------------
TRIAL 18 STARTED
----------------------------------------
Start Time: 2024-05-13 13:31:55
At time step 21 the agent is dead
The agent had 2 food, 0 water, and 5 sleep.
The total tree search depth for this trial was 1992. 
The agent accessed its memory 14732 times. 
The agent cleared its short-term memory 14 times. 
     State prediction error memory resets: 8. 
     Hill memory resets: 6. 
TRIAL 18 COMPLETE ✔
End Time: 2024-05-13 13:32:04
Total runtime for this trial (minutes/seconds): 00:09
----------------------------------------
Total hill visits: 46. 
Total prediction errors: 162. 
Total search depth: 35068. 
Total times memory accessed: 296285. 
Total times 25 >= t <= 50: 0. 
Total times 50 >= t <= 75: 0. 
Total times 75 >= t <= 100: 0. 
Total times t == 100: 0. 
Total time steps survived: 398. 
Total runtime so far (hours/minutes/seconds): 00:02:17
----------------------------------------

----------------------------------------
TRIAL 19 STARTED
----------------------------------------
Start Time: 2024-05-13 13:32:03
At time step 21 the agent is dead
The agent had 2 food, 0 water, and 5 sleep.
The total tree search depth for this trial was 3119. 
The agent accessed its memory 24712 times. 
The agent cleared its short-term memory 12 times. 
     State prediction error memory resets: 10. 
     Hill memory resets: 2. 
TRIAL 19 COMPLETE ✔
End Time: 2024-05-13 13:32:17
Total runtime for this trial (minutes/seconds): 00:14
----------------------------------------
Total hill visits: 48. 
Total prediction errors: 172. 
Total search depth: 38187. 
Total times memory accessed: 320997. 
Total times 25 >= t <= 50: 0. 
Total times 50 >= t <= 75: 0. 
Total times 75 >= t <= 100: 0. 
Total times t == 100: 0. 
Total time steps survived: 420. 
Total runtime so far (hours/minutes/seconds): 00:02:30
----------------------------------------

----------------------------------------
TRIAL 20 STARTED
----------------------------------------
Start Time: 2024-05-13 13:32:16
At time step 21 the agent is dead
The agent had 2 food, 0 water, and 24 sleep.
The total tree search depth for this trial was 2509. 
The agent accessed its memory 16331 times. 
The agent cleared its short-term memory 16 times. 
     State prediction error memory resets: 6. 
     Hill memory resets: 10. 
TRIAL 20 COMPLETE ✔
End Time: 2024-05-13 13:32:28
Total runtime for this trial (minutes/seconds): 00:12
----------------------------------------
Total hill visits: 58. 
Total prediction errors: 178. 
Total search depth: 40696. 
Total times memory accessed: 337328. 
Total times 25 >= t <= 50: 0. 
Total times 50 >= t <= 75: 0. 
Total times 75 >= t <= 100: 0. 
Total times t == 100: 0. 
Total time steps survived: 442. 
Total runtime so far (hours/minutes/seconds): 00:02:41
----------------------------------------

----------------------------------------
TRIAL 21 STARTED
----------------------------------------
Start Time: 2024-05-13 13:32:27
At time step 23 the agent is dead
The agent had 0 food, 19 water, and 3 sleep.
The total tree search depth for this trial was 2291. 
The agent accessed its memory 18604 times. 
The agent cleared its short-term memory 15 times. 
     State prediction error memory resets: 7. 
     Hill memory resets: 8. 
TRIAL 21 COMPLETE ✔
End Time: 2024-05-13 13:32:38
Total runtime for this trial (minutes/seconds): 00:11
----------------------------------------
Total hill visits: 66. 
Total prediction errors: 185. 
Total search depth: 42987. 
Total times memory accessed: 355932. 
Total times 25 >= t <= 50: 0. 
Total times 50 >= t <= 75: 0. 
Total times 75 >= t <= 100: 0. 
Total times t == 100: 0. 
Total time steps survived: 466. 
Total runtime so far (hours/minutes/seconds): 00:02:51
----------------------------------------

----------------------------------------
TRIAL 22 STARTED
----------------------------------------
Start Time: 2024-05-13 13:32:37
At time step 21 the agent is dead
The agent had 2 food, 0 water, and 23 sleep.
The total tree search depth for this trial was 9569. 
The agent accessed its memory 64116 times. 
The agent cleared its short-term memory 7 times. 
     State prediction error memory resets: 5. 
     Hill memory resets: 2. 
TRIAL 22 COMPLETE ✔
End Time: 2024-05-13 13:33:15
Total runtime for this trial (minutes/seconds): 00:38
----------------------------------------
Total hill visits: 68. 
Total prediction errors: 190. 
Total search depth: 52556. 
Total times memory accessed: 420048. 
Total times 25 >= t <= 50: 0. 
Total times 50 >= t <= 75: 0. 
Total times 75 >= t <= 100: 0. 
Total times t == 100: 0. 
Total time steps survived: 488. 
Total runtime so far (hours/minutes/seconds): 00:03:28
----------------------------------------

----------------------------------------
TRIAL 23 STARTED
----------------------------------------
Start Time: 2024-05-13 13:33:14
At time step 21 the agent is dead
The agent had 22 food, 0 water, and 24 sleep.
The total tree search depth for this trial was 11585. 
The agent accessed its memory 84131 times. 
The agent cleared its short-term memory 12 times. 
     State prediction error memory resets: 6. 
     Hill memory resets: 6. 
TRIAL 23 COMPLETE ✔
End Time: 2024-05-13 13:33:59
Total runtime for this trial (minutes/seconds): 00:45
----------------------------------------
Total hill visits: 74. 
Total prediction errors: 196. 
Total search depth: 64141. 
Total times memory accessed: 504179. 
Total times 25 >= t <= 50: 0. 
Total times 50 >= t <= 75: 0. 
Total times 75 >= t <= 100: 0. 
Total times t == 100: 0. 
Total time steps survived: 510. 
Total runtime so far (hours/minutes/seconds): 00:04:12
----------------------------------------

----------------------------------------
TRIAL 24 STARTED
----------------------------------------
Start Time: 2024-05-13 13:33:58
At time step 21 the agent is dead
The agent had 2 food, 0 water, and 17 sleep.
The total tree search depth for this trial was 16061. 
The agent accessed its memory 124599 times. 
The agent cleared its short-term memory 6 times. 
     State prediction error memory resets: 5. 
     Hill memory resets: 1. 
TRIAL 24 COMPLETE ✔
End Time: 2024-05-13 13:34:58
Total runtime for this trial (minutes/seconds): 01:00
----------------------------------------
Total hill visits: 75. 
Total prediction errors: 201. 
Total search depth: 80202. 
Total times memory accessed: 628778. 
Total times 25 >= t <= 50: 0. 
Total times 50 >= t <= 75: 0. 
Total times 75 >= t <= 100: 0. 
Total times t == 100: 0. 
Total time steps survived: 532. 
Total runtime so far (hours/minutes/seconds): 00:05:11
----------------------------------------

----------------------------------------
TRIAL 25 STARTED
----------------------------------------
Start Time: 2024-05-13 13:34:57
At time step 26 the agent is dead
The agent had 21 food, 17 water, and 0 sleep.
The total tree search depth for this trial was 24601. 
The agent accessed its memory 180139 times. 
The agent cleared its short-term memory 8 times. 
     State prediction error memory resets: 6. 
     Hill memory resets: 2. 
TRIAL 25 COMPLETE ✔
End Time: 2024-05-13 13:36:22
Total runtime for this trial (minutes/seconds): 01:25
----------------------------------------
Total hill visits: 77. 
Total prediction errors: 207. 
Total search depth: 104803. 
Total times memory accessed: 808917. 
Total times 25 >= t <= 50: 1. 
Total times 50 >= t <= 75: 0. 
Total times 75 >= t <= 100: 0. 
Total times t == 100: 0. 
Total time steps survived: 559. 
Total runtime so far (hours/minutes/seconds): 00:06:35
----------------------------------------

----------------------------------------
TRIAL 26 STARTED
----------------------------------------
Start Time: 2024-05-13 13:36:21
At time step 23 the agent is dead
The agent had 0 food, 18 water, and 14 sleep.
The total tree search depth for this trial was 10739. 
The agent accessed its memory 69396 times. 
The agent cleared its short-term memory 6 times. 
     State prediction error memory resets: 5. 
     Hill memory resets: 1. 
TRIAL 26 COMPLETE ✔
End Time: 2024-05-13 13:37:01
Total runtime for this trial (minutes/seconds): 00:40
----------------------------------------
Total hill visits: 78. 
Total prediction errors: 212. 
Total search depth: 115542. 
Total times memory accessed: 878313. 
Total times 25 >= t <= 50: 1. 
Total times 50 >= t <= 75: 0. 
Total times 75 >= t <= 100: 0. 
Total times t == 100: 0. 
Total time steps survived: 583. 
Total runtime so far (hours/minutes/seconds): 00:07:14
----------------------------------------

----------------------------------------
TRIAL 27 STARTED
----------------------------------------
Start Time: 2024-05-13 13:37:00
At time step 21 the agent is dead
The agent had 2 food, 0 water, and 5 sleep.
The total tree search depth for this trial was 3737. 
The agent accessed its memory 28590 times. 
The agent cleared its short-term memory 15 times. 
     State prediction error memory resets: 14. 
     Hill memory resets: 1. 
TRIAL 27 COMPLETE ✔
End Time: 2024-05-13 13:37:16
Total runtime for this trial (minutes/seconds): 00:16
----------------------------------------
Total hill visits: 79. 
Total prediction errors: 226. 
Total search depth: 119279. 
Total times memory accessed: 906903. 
Total times 25 >= t <= 50: 1. 
Total times 50 >= t <= 75: 0. 
Total times 75 >= t <= 100: 0. 
Total times t == 100: 0. 
Total time steps survived: 605. 
Total runtime so far (hours/minutes/seconds): 00:07:29
----------------------------------------

----------------------------------------
TRIAL 28 STARTED
----------------------------------------
Start Time: 2024-05-13 13:37:15
