Running Python script with ALGORITHM=SI and SEED=20
At time 22 the agent is dead.
The agent had: -1 food, 6 water, and 2 sleep.
The total tree search depth for this trial was 2874.
The agent accessed its memory 5245 times.
The agent cleared its short-term memory 7 times.
    State prediction error memory resets: 6.
    Hill memory resets: 1.
At time 20 the agent is dead.
The agent had: 1 food, -1 water, and 4 sleep.
The total tree search depth for this trial was 353.
The agent accessed its memory 972 times.
The agent cleared its short-term memory 6 times.
    State prediction error memory resets: 4.
    Hill memory resets: 2.
At time 20 the agent is dead.
The agent had: 1 food, -1 water, and 4 sleep.
The total tree search depth for this trial was 595.
The agent accessed its memory 1646 times.
The agent cleared its short-term memory 13 times.
    State prediction error memory resets: 13.
    Hill memory resets: 0.
At time 20 the agent is dead.
The agent had: 1 food, -1 water, and 4 sleep.
The total tree search depth for this trial was 5237.
The agent accessed its memory 16532 times.
The agent cleared its short-term memory 11 times.
    State prediction error memory resets: 11.
    Hill memory resets: 0.
At time 20 the agent is dead.
The agent had: 1 food, -1 water, and 4 sleep.
The total tree search depth for this trial was 686.
The agent accessed its memory 2041 times.
The agent cleared its short-term memory 8 times.
    State prediction error memory resets: 8.
    Hill memory resets: 0.
At time 22 the agent is dead.
The agent had: -1 food, 16 water, and 19 sleep.
The total tree search depth for this trial was 716.
The agent accessed its memory 2136 times.
The agent cleared its short-term memory 14 times.
    State prediction error memory resets: 14.
    Hill memory resets: 0.
At time 20 the agent is dead.
The agent had: 15 food, -1 water, and 23 sleep.
The total tree search depth for this trial was 2204.
The agent accessed its memory 7874 times.
The agent cleared its short-term memory 8 times.
    State prediction error memory resets: 6.
    Hill memory resets: 2.
At time 22 the agent is dead.
The agent had: -1 food, 17 water, and 2 sleep.
The total tree search depth for this trial was 782.
The agent accessed its memory 2194 times.
The agent cleared its short-term memory 9 times.
    State prediction error memory resets: 8.
    Hill memory resets: 1.
At time 20 the agent is dead.
The agent had: 1 food, -1 water, and 4 sleep.
The total tree search depth for this trial was 6097.
The agent accessed its memory 26045 times.
The agent cleared its short-term memory 9 times.
    State prediction error memory resets: 8.
    Hill memory resets: 1.
At time 22 the agent is dead.
The agent had: -1 food, 1 water, and 2 sleep.
The total tree search depth for this trial was 10307.
The agent accessed its memory 37708 times.
The agent cleared its short-term memory 15 times.
    State prediction error memory resets: 15.
    Hill memory resets: 0.
At time 20 the agent is dead.
The agent had: 1 food, -1 water, and 4 sleep.
The total tree search depth for this trial was 4021.
The agent accessed its memory 15725 times.
The agent cleared its short-term memory 7 times.
    State prediction error memory resets: 5.
    Hill memory resets: 2.
At time 20 the agent is dead.
The agent had: 1 food, -1 water, and 4 sleep.
The total tree search depth for this trial was 7851.
The agent accessed its memory 28318 times.
The agent cleared its short-term memory 7 times.
    State prediction error memory resets: 6.
    Hill memory resets: 1.
At time 20 the agent is dead.
The agent had: 1 food, -1 water, and 4 sleep.
The total tree search depth for this trial was 3081.
The agent accessed its memory 10842 times.
The agent cleared its short-term memory 4 times.
    State prediction error memory resets: 2.
    Hill memory resets: 2.
At time 22 the agent is dead.
The agent had: -1 food, 16 water, and 2 sleep.
The total tree search depth for this trial was 1845.
The agent accessed its memory 5954 times.
The agent cleared its short-term memory 5 times.
    State prediction error memory resets: 3.
    Hill memory resets: 2.
At time 20 the agent is dead.
The agent had: 1 food, -1 water, and 19 sleep.
The total tree search depth for this trial was 29737.
The agent accessed its memory 118905 times.
The agent cleared its short-term memory 9 times.
    State prediction error memory resets: 9.
    Hill memory resets: 0.
At time 20 the agent is dead.
The agent had: 20 food, -1 water, and 4 sleep.
The total tree search depth for this trial was 9642.
The agent accessed its memory 37040 times.
The agent cleared its short-term memory 11 times.
    State prediction error memory resets: 10.
    Hill memory resets: 1.
At time 22 the agent is dead.
The agent had: -1 food, 5 water, and 2 sleep.
The total tree search depth for this trial was 23070.
The agent accessed its memory 108038 times.
The agent cleared its short-term memory 15 times.
    State prediction error memory resets: 15.
    Hill memory resets: 0.
At time 20 the agent is dead.
The agent had: 1 food, -1 water, and 4 sleep.
The total tree search depth for this trial was 4065.
The agent accessed its memory 14741 times.
The agent cleared its short-term memory 2 times.
    State prediction error memory resets: 1.
    Hill memory resets: 1.
At time 20 the agent is dead.
The agent had: 1 food, -1 water, and 14 sleep.
The total tree search depth for this trial was 7193.
The agent accessed its memory 27441 times.
The agent cleared its short-term memory 9 times.
    State prediction error memory resets: 8.
    Hill memory resets: 1.
At time 20 the agent is dead.
The agent had: 1 food, -1 water, and 4 sleep.
The total tree search depth for this trial was 5061.
The agent accessed its memory 19102 times.
The agent cleared its short-term memory 3 times.
    State prediction error memory resets: 2.
    Hill memory resets: 1.
At time 20 the agent is dead.
The agent had: 1 food, -1 water, and 4 sleep.
The total tree search depth for this trial was 6978.
The agent accessed its memory 29036 times.
The agent cleared its short-term memory 9 times.
    State prediction error memory resets: 5.
    Hill memory resets: 4.
At time 20 the agent is dead.
The agent had: 1 food, -1 water, and 4 sleep.
The total tree search depth for this trial was 8422.
The agent accessed its memory 29529 times.
The agent cleared its short-term memory 3 times.
    State prediction error memory resets: 2.
    Hill memory resets: 1.
At time 25 the agent is dead.
The agent had: 18 food, 13 water, and -1 sleep.
The total tree search depth for this trial was 4790.
The agent accessed its memory 19160 times.
The agent cleared its short-term memory 6 times.
    State prediction error memory resets: 4.
    Hill memory resets: 2.
At time 25 the agent is dead.
The agent had: 19 food, 3 water, and -1 sleep.
The total tree search depth for this trial was 38216.
The agent accessed its memory 136910 times.
The agent cleared its short-term memory 11 times.
    State prediction error memory resets: 10.
    Hill memory resets: 1.
At time 22 the agent is dead.
The agent had: -1 food, 14 water, and 14 sleep.
The total tree search depth for this trial was 12713.
The agent accessed its memory 44857 times.
The agent cleared its short-term memory 4 times.
    State prediction error memory resets: 3.
    Hill memory resets: 1.
At time 25 the agent is dead.
The agent had: 18 food, 7 water, and -1 sleep.
The total tree search depth for this trial was 25133.
The agent accessed its memory 100003 times.
The agent cleared its short-term memory 4 times.
    State prediction error memory resets: 3.
    Hill memory resets: 1.
At time 20 the agent is dead.
The agent had: 1 food, -1 water, and 4 sleep.
The total tree search depth for this trial was 14282.
The agent accessed its memory 54146 times.
The agent cleared its short-term memory 6 times.
    State prediction error memory resets: 4.
    Hill memory resets: 2.
At time 22 the agent is dead.
The agent had: -1 food, 5 water, and 2 sleep.
The total tree search depth for this trial was 26821.
The agent accessed its memory 99881 times.
The agent cleared its short-term memory 14 times.
    State prediction error memory resets: 13.
    Hill memory resets: 1.
At time 25 the agent is dead.
The agent had: 14 food, 9 water, and -1 sleep.
The total tree search depth for this trial was 23136.
The agent accessed its memory 86536 times.
The agent cleared its short-term memory 9 times.
    State prediction error memory resets: 8.
    Hill memory resets: 1.
At time 20 the agent is dead.
The agent had: 1 food, -1 water, and 17 sleep.
The total tree search depth for this trial was 20975.
The agent accessed its memory 73628 times.
The agent cleared its short-term memory 4 times.
    State prediction error memory resets: 3.
    Hill memory resets: 1.
At time 38 the agent is dead.
The agent had: -1 food, 13 water, and 1 sleep.
The total tree search depth for this trial was 34204.
The agent accessed its memory 120952 times.
The agent cleared its short-term memory 8 times.
    State prediction error memory resets: 7.
    Hill memory resets: 1.
At time 20 the agent is dead.
The agent had: 16 food, -1 water, and 4 sleep.
The total tree search depth for this trial was 25370.
The agent accessed its memory 102861 times.
The agent cleared its short-term memory 9 times.
    State prediction error memory resets: 8.
    Hill memory resets: 1.
At time 32 the agent is dead.
The agent had: -1 food, -1 water, and 1 sleep.
The total tree search depth for this trial was 98733.
The agent accessed its memory 403533 times.
The agent cleared its short-term memory 12 times.
    State prediction error memory resets: 10.
    Hill memory resets: 2.
At time 20 the agent is dead.
The agent had: 1 food, -1 water, and 4 sleep.
The total tree search depth for this trial was 13493.
The agent accessed its memory 50507 times.
The agent cleared its short-term memory 3 times.
    State prediction error memory resets: 2.
    Hill memory resets: 1.
At time 28 the agent is dead.
The agent had: 5 food, -1 water, and 6 sleep.
The total tree search depth for this trial was 44354.
The agent accessed its memory 151847 times.
The agent cleared its short-term memory 8 times.
    State prediction error memory resets: 7.
    Hill memory resets: 1.
At time 20 the agent is dead.
The agent had: 7 food, -1 water, and 4 sleep.
The total tree search depth for this trial was 21793.
The agent accessed its memory 75739 times.
The agent cleared its short-term memory 7 times.
    State prediction error memory resets: 6.
    Hill memory resets: 1.
At time 25 the agent is dead.
The agent had: 2 food, 11 water, and -1 sleep.
The total tree search depth for this trial was 59802.
The agent accessed its memory 216393 times.
The agent cleared its short-term memory 10 times.
    State prediction error memory resets: 9.
    Hill memory resets: 1.
At time 20 the agent is dead.
The agent had: 8 food, -1 water, and 10 sleep.
The total tree search depth for this trial was 52472.
The agent accessed its memory 184202 times.
The agent cleared its short-term memory 5 times.
    State prediction error memory resets: 4.
    Hill memory resets: 1.
At time 22 the agent is dead.
The agent had: -1 food, 16 water, and 10 sleep.
The total tree search depth for this trial was 57346.
The agent accessed its memory 201469 times.
The agent cleared its short-term memory 6 times.
    State prediction error memory resets: 5.
    Hill memory resets: 1.
At time 25 the agent is dead.
The agent had: 15 food, 10 water, and -1 sleep.
The total tree search depth for this trial was 21891.
The agent accessed its memory 75481 times.
The agent cleared its short-term memory 6 times.
    State prediction error memory resets: 5.
    Hill memory resets: 1.
At time 20 the agent is dead.
The agent had: 11 food, -1 water, and 4 sleep.
The total tree search depth for this trial was 37382.
The agent accessed its memory 127762 times.
The agent cleared its short-term memory 4 times.
    State prediction error memory resets: 3.
    Hill memory resets: 1.
At time 33 the agent is dead.
The agent had: -1 food, 16 water, and 16 sleep.
The total tree search depth for this trial was 73345.
The agent accessed its memory 264950 times.
The agent cleared its short-term memory 6 times.
    State prediction error memory resets: 4.
    Hill memory resets: 2.
At time 31 the agent is dead.
The agent had: 11 food, -1 water, and 17 sleep.
The total tree search depth for this trial was 40476.
The agent accessed its memory 137900 times.
The agent cleared its short-term memory 11 times.
    State prediction error memory resets: 10.
    Hill memory resets: 1.
At time 20 the agent is dead.
The agent had: 8 food, -1 water, and 4 sleep.
The total tree search depth for this trial was 63569.
The agent accessed its memory 224711 times.
The agent cleared its short-term memory 12 times.
    State prediction error memory resets: 11.
    Hill memory resets: 1.
At time 22 the agent is dead.
The agent had: -1 food, 11 water, and 22 sleep.
The total tree search depth for this trial was 33906.
The agent accessed its memory 118502 times.
The agent cleared its short-term memory 3 times.
    State prediction error memory resets: 2.
    Hill memory resets: 1.
At time 25 the agent is dead.
The agent had: 9 food, 3 water, and -1 sleep.
The total tree search depth for this trial was 71993.
The agent accessed its memory 252195 times.
The agent cleared its short-term memory 10 times.
    State prediction error memory resets: 9.
    Hill memory resets: 1.
At time 31 the agent is dead.
The agent had: 12 food, -1 water, and 22 sleep.
The total tree search depth for this trial was 25699.
The agent accessed its memory 87272 times.
The agent cleared its short-term memory 3 times.
    State prediction error memory resets: 2.
    Hill memory resets: 1.
At time 22 the agent is dead.
The agent had: -1 food, 13 water, and 20 sleep.
The total tree search depth for this trial was 24576.
The agent accessed its memory 85162 times.
The agent cleared its short-term memory 7 times.
    State prediction error memory resets: 6.
    Hill memory resets: 1.
At time 29 the agent is dead.
The agent had: 3 food, -1 water, and 21 sleep.
The total tree search depth for this trial was 46281.
The agent accessed its memory 156852 times.
The agent cleared its short-term memory 4 times.
    State prediction error memory resets: 3.
    Hill memory resets: 1.
At time 20 the agent is dead.
The agent had: 18 food, -1 water, and 4 sleep.
The total tree search depth for this trial was 63604.
The agent accessed its memory 225241 times.
The agent cleared its short-term memory 7 times.
    State prediction error memory resets: 5.
    Hill memory resets: 2.
At time 43 the agent is dead.
The agent had: 2 food, 1 water, and -1 sleep.
The total tree search depth for this trial was 90608.
The agent accessed its memory 323270 times.
The agent cleared its short-term memory 13 times.
    State prediction error memory resets: 11.
    Hill memory resets: 2.
At time 36 the agent is dead.
The agent had: 0 food, -1 water, and 2 sleep.
The total tree search depth for this trial was 92370.
The agent accessed its memory 343371 times.
The agent cleared its short-term memory 14 times.
    State prediction error memory resets: 12.
    Hill memory resets: 2.
At time 29 the agent is dead.
The agent had: -1 food, 10 water, and 21 sleep.
The total tree search depth for this trial was 69639.
The agent accessed its memory 234825 times.
The agent cleared its short-term memory 10 times.
    State prediction error memory resets: 9.
    Hill memory resets: 1.
At time 55 the agent is dead.
The agent had: -1 food, 17 water, and 17 sleep.
The total tree search depth for this trial was 100445.
The agent accessed its memory 364238 times.
The agent cleared its short-term memory 7 times.
    State prediction error memory resets: 5.
    Hill memory resets: 2.
At time 78 the agent is dead.
The agent had: 5 food, -1 water, and -1 sleep.
The total tree search depth for this trial was 256576.
The agent accessed its memory 943356 times.
The agent cleared its short-term memory 25 times.
    State prediction error memory resets: 23.
    Hill memory resets: 2.
At time 28 the agent is dead.
The agent had: 6 food, -1 water, and 20 sleep.
The total tree search depth for this trial was 30212.
The agent accessed its memory 101195 times.
The agent cleared its short-term memory 2 times.
    State prediction error memory resets: 1.
    Hill memory resets: 1.
At time 25 the agent is dead.
The agent had: 6 food, 2 water, and -1 sleep.
The total tree search depth for this trial was 77075.
The agent accessed its memory 297959 times.
The agent cleared its short-term memory 7 times.
    State prediction error memory resets: 6.
    Hill memory resets: 1.
At time 39 the agent is dead.
The agent had: -1 food, -1 water, and 7 sleep.
The total tree search depth for this trial was 107337.
The agent accessed its memory 382168 times.
The agent cleared its short-term memory 11 times.
    State prediction error memory resets: 10.
    Hill memory resets: 1.
At time 44 the agent is dead.
The agent had: 5 food, -1 water, and 3 sleep.
The total tree search depth for this trial was 105698.
The agent accessed its memory 360532 times.
The agent cleared its short-term memory 10 times.
    State prediction error memory resets: 9.
    Hill memory resets: 1.
At time 75 the agent is dead.
The agent had: 4 food, -1 water, and 2 sleep.
The total tree search depth for this trial was 235440.
The agent accessed its memory 816693 times.
The agent cleared its short-term memory 18 times.
    State prediction error memory resets: 17.
    Hill memory resets: 1.
At time 51 the agent is dead.
The agent had: -1 food, 2 water, and -1 sleep.
The total tree search depth for this trial was 126797.
The agent accessed its memory 455000 times.
The agent cleared its short-term memory 12 times.
    State prediction error memory resets: 11.
    Hill memory resets: 1.
At time 53 the agent is dead.
The agent had: -1 food, 6 water, and -1 sleep.
The total tree search depth for this trial was 115469.
The agent accessed its memory 380332 times.
The agent cleared its short-term memory 8 times.
    State prediction error memory resets: 7.
    Hill memory resets: 1.
At time 22 the agent is dead.
The agent had: -1 food, 8 water, and 21 sleep.
The total tree search depth for this trial was 73433.
The agent accessed its memory 247900 times.
The agent cleared its short-term memory 5 times.
    State prediction error memory resets: 2.
    Hill memory resets: 3.
At time 45 the agent is dead.
The agent had: 8 food, -1 water, and 7 sleep.
The total tree search depth for this trial was 167882.
The agent accessed its memory 534536 times.
The agent cleared its short-term memory 11 times.
    State prediction error memory resets: 8.
    Hill memory resets: 3.
At time 60 the agent is dead.
The agent had: 2 food, -1 water, and 6 sleep.
The total tree search depth for this trial was 89674.
The agent accessed its memory 299346 times.
The agent cleared its short-term memory 6 times.
    State prediction error memory resets: 5.
    Hill memory resets: 1.
At time 48 the agent is dead.
The agent had: 4 food, -1 water, and 14 sleep.
The total tree search depth for this trial was 97481.
The agent accessed its memory 304383 times.
The agent cleared its short-term memory 6 times.
    State prediction error memory resets: 5.
    Hill memory resets: 1.
At time 95 the agent is dead.
The agent had: -1 food, -1 water, and 8 sleep.
The total tree search depth for this trial was 192297.
The agent accessed its memory 646948 times.
The agent cleared its short-term memory 12 times.
    State prediction error memory resets: 8.
    Hill memory resets: 4.
At time 95 the agent is dead.
The agent had: 21 food, -1 water, and 7 sleep.
The total tree search depth for this trial was 245101.
The agent accessed its memory 792211 times.
The agent cleared its short-term memory 15 times.
    State prediction error memory resets: 13.
    Hill memory resets: 2.
At time 30 the agent is dead.
The agent had: 2 food, -1 water, and 6 sleep.
The total tree search depth for this trial was 44504.
The agent accessed its memory 139956 times.
The agent cleared its short-term memory 5 times.
    State prediction error memory resets: 4.
    Hill memory resets: 1.
At time 30 the agent is dead.
The agent had: -1 food, 2 water, and 14 sleep.
The total tree search depth for this trial was 83098.
The agent accessed its memory 263390 times.
The agent cleared its short-term memory 6 times.
    State prediction error memory resets: 5.
    Hill memory resets: 1.
At time 99 the agent is dead.
The agent had: 18 food, -1 water, and 7 sleep.
The total tree search depth for this trial was 199290.
The agent accessed its memory 638787 times.
The agent cleared its short-term memory 20 times.
    State prediction error memory resets: 19.
    Hill memory resets: 1.
At time 49 the agent is dead.
The agent had: 6 food, 7 water, and -1 sleep.
The total tree search depth for this trial was 105040.
The agent accessed its memory 359565 times.
The agent cleared its short-term memory 7 times.
    State prediction error memory resets: 6.
    Hill memory resets: 1.
At time 41 the agent is dead.
The agent had: 1 food, 0 water, and -1 sleep.
The total tree search depth for this trial was 55110.
The agent accessed its memory 179241 times.
The agent cleared its short-term memory 11 times.
    State prediction error memory resets: 10.
    Hill memory resets: 1.
At time 46 the agent is dead.
The agent had: 11 food, -1 water, and 3 sleep.
The total tree search depth for this trial was 131781.
The agent accessed its memory 432769 times.
The agent cleared its short-term memory 11 times.
    State prediction error memory resets: 9.
    Hill memory resets: 2.
At time 25 the agent is dead.
The agent had: 11 food, 11 water, and -1 sleep.
The total tree search depth for this trial was 50067.
The agent accessed its memory 165359 times.
The agent cleared its short-term memory 6 times.
    State prediction error memory resets: 5.
    Hill memory resets: 1.
At time 47 the agent is dead.
The agent had: -1 food, 5 water, and 1 sleep.
The total tree search depth for this trial was 104269.
The agent accessed its memory 358949 times.
The agent cleared its short-term memory 14 times.
    State prediction error memory resets: 12.
    Hill memory resets: 2.
At time 29 the agent is dead.
The agent had: -1 food, 1 water, and 7 sleep.
The total tree search depth for this trial was 43193.
The agent accessed its memory 140088 times.
The agent cleared its short-term memory 3 times.
    State prediction error memory resets: 2.
    Hill memory resets: 1.
At time 60 the agent is dead.
The agent had: -1 food, 9 water, and 12 sleep.
The total tree search depth for this trial was 75404.
The agent accessed its memory 242599 times.
The agent cleared its short-term memory 8 times.
    State prediction error memory resets: 6.
    Hill memory resets: 2.
At time 22 the agent is dead.
The agent had: -1 food, 6 water, and 2 sleep.
The total tree search depth for this trial was 62421.
The agent accessed its memory 203662 times.
The agent cleared its short-term memory 6 times.
    State prediction error memory resets: 5.
    Hill memory resets: 1.
At time 47 the agent is dead.
The agent had: 10 food, 5 water, and -1 sleep.
The total tree search depth for this trial was 115862.
The agent accessed its memory 370297 times.
The agent cleared its short-term memory 10 times.
    State prediction error memory resets: 8.
    Hill memory resets: 2.
At time 36 the agent is dead.
The agent had: -1 food, -1 water, and 10 sleep.
The total tree search depth for this trial was 79218.
The agent accessed its memory 267272 times.
The agent cleared its short-term memory 5 times.
    State prediction error memory resets: 4.
    Hill memory resets: 1.
At time 32 the agent is dead.
The agent had: -1 food, 1 water, and 14 sleep.
The total tree search depth for this trial was 96342.
The agent accessed its memory 305405 times.
The agent cleared its short-term memory 7 times.
    State prediction error memory resets: 6.
    Hill memory resets: 1.
At time 99 the agent is dead.
The agent had: 2 food, -1 water, and 6 sleep.
The total tree search depth for this trial was 87000.
The agent accessed its memory 277412 times.
The agent cleared its short-term memory 9 times.
    State prediction error memory resets: 8.
    Hill memory resets: 1.
At time 53 the agent is dead.
The agent had: -1 food, 1 water, and 13 sleep.
The total tree search depth for this trial was 128365.
The agent accessed its memory 395983 times.
The agent cleared its short-term memory 12 times.
    State prediction error memory resets: 10.
    Hill memory resets: 2.
At time 52 the agent is dead.
The agent had: -1 food, 1 water, and 7 sleep.
The total tree search depth for this trial was 196792.
The agent accessed its memory 620880 times.
The agent cleared its short-term memory 14 times.
    State prediction error memory resets: 12.
    Hill memory resets: 2.
At time 56 the agent is dead.
The agent had: 13 food, -1 water, and 6 sleep.
The total tree search depth for this trial was 62331.
The agent accessed its memory 201282 times.
The agent cleared its short-term memory 7 times.
    State prediction error memory resets: 5.
    Hill memory resets: 2.
At time 80 the agent is dead.
The agent had: -1 food, -1 water, and 10 sleep.
The total tree search depth for this trial was 296242.
The agent accessed its memory 953195 times.
The agent cleared its short-term memory 16 times.
    State prediction error memory resets: 15.
    Hill memory resets: 1.
At time 31 the agent is dead.
The agent had: 9 food, -1 water, and 16 sleep.
The total tree search depth for this trial was 144818.
The agent accessed its memory 469601 times.
The agent cleared its short-term memory 10 times.
    State prediction error memory resets: 8.
    Hill memory resets: 2.
At time 40 the agent is dead.
The agent had: 6 food, -1 water, and 6 sleep.
The total tree search depth for this trial was 47885.
The agent accessed its memory 150398 times.
The agent cleared its short-term memory 4 times.
    State prediction error memory resets: 3.
    Hill memory resets: 1.
At time 48 the agent is dead.
The agent had: -1 food, 4 water, and 6 sleep.
The total tree search depth for this trial was 144861.
The agent accessed its memory 456909 times.
The agent cleared its short-term memory 9 times.
    State prediction error memory resets: 8.
    Hill memory resets: 1.
At time 57 the agent is dead.
The agent had: 14 food, 10 water, and -1 sleep.
The total tree search depth for this trial was 174867.
The agent accessed its memory 560422 times.
The agent cleared its short-term memory 13 times.
    State prediction error memory resets: 10.
    Hill memory resets: 3.
At time 37 the agent is dead.
The agent had: -1 food, -1 water, and 8 sleep.
The total tree search depth for this trial was 50745.
The agent accessed its memory 159444 times.
The agent cleared its short-term memory 3 times.
    State prediction error memory resets: 2.
    Hill memory resets: 1.
At time 72 the agent is dead.
The agent had: -1 food, 2 water, and 12 sleep.
The total tree search depth for this trial was 132929.
The agent accessed its memory 391755 times.
The agent cleared its short-term memory 6 times.
    State prediction error memory resets: 4.
    Hill memory resets: 2.
At time 53 the agent is dead.
The agent had: -1 food, -1 water, and 10 sleep.
The total tree search depth for this trial was 143907.
The agent accessed its memory 464971 times.
The agent cleared its short-term memory 8 times.
    State prediction error memory resets: 6.
    Hill memory resets: 2.
At time 60 the agent is dead.
The agent had: 13 food, 4 water, and -1 sleep.
The total tree search depth for this trial was 90890.
The agent accessed its memory 272632 times.
The agent cleared its short-term memory 8 times.
    State prediction error memory resets: 7.
    Hill memory resets: 1.
At time 47 the agent is dead.
The agent had: 4 food, -1 water, and 14 sleep.
The total tree search depth for this trial was 91825.
The agent accessed its memory 274651 times.
The agent cleared its short-term memory 8 times.
    State prediction error memory resets: 7.
    Hill memory resets: 1.
At time 20 the agent is dead.
The agent had: 1 food, -1 water, and 10 sleep.
The total tree search depth for this trial was 22606.
The agent accessed its memory 70793 times.
The agent cleared its short-term memory 1 times.
    State prediction error memory resets: 0.
    Hill memory resets: 1.
At time 37 the agent is dead.
The agent had: -1 food, 16 water, and 20 sleep.
The total tree search depth for this trial was 98152.
The agent accessed its memory 319785 times.
The agent cleared its short-term memory 10 times.
    State prediction error memory resets: 9.
    Hill memory resets: 1.
At time 36 the agent is dead.
The agent had: -1 food, 8 water, and 9 sleep.
The total tree search depth for this trial was 54890.
The agent accessed its memory 173533 times.
The agent cleared its short-term memory 4 times.
    State prediction error memory resets: 3.
    Hill memory resets: 1.
At time 20 the agent is dead.
The agent had: 1 food, -1 water, and 10 sleep.
The total tree search depth for this trial was 57945.
The agent accessed its memory 180552 times.
The agent cleared its short-term memory 6 times.
    State prediction error memory resets: 5.
    Hill memory resets: 1.
At time 58 the agent is dead.
The agent had: 1 food, 5 water, and -1 sleep.
The total tree search depth for this trial was 130284.
The agent accessed its memory 407074 times.
The agent cleared its short-term memory 10 times.
    State prediction error memory resets: 8.
    Hill memory resets: 2.
At time 30 the agent is dead.
The agent had: -1 food, 6 water, and 8 sleep.
The total tree search depth for this trial was 82489.
The agent accessed its memory 255181 times.
The agent cleared its short-term memory 6 times.
    State prediction error memory resets: 5.
    Hill memory resets: 1.
At time 20 the agent is dead.
The agent had: 1 food, -1 water, and 11 sleep.
The total tree search depth for this trial was 37581.
The agent accessed its memory 116146 times.
The agent cleared its short-term memory 4 times.
    State prediction error memory resets: 3.
    Hill memory resets: 1.
At time 20 the agent is dead.
The agent had: 1 food, -1 water, and 4 sleep.
The total tree search depth for this trial was 30296.
The agent accessed its memory 94238 times.
The agent cleared its short-term memory 4 times.
    State prediction error memory resets: 3.
    Hill memory resets: 1.
At time 36 the agent is dead.
The agent had: -1 food, -1 water, and 9 sleep.
The total tree search depth for this trial was 47971.
The agent accessed its memory 149987 times.
The agent cleared its short-term memory 6 times.
    State prediction error memory resets: 5.
    Hill memory resets: 1.
At time 36 the agent is dead.
The agent had: -1 food, -1 water, and 8 sleep.
The total tree search depth for this trial was 78506.
The agent accessed its memory 262615 times.
The agent cleared its short-term memory 6 times.
    State prediction error memory resets: 5.
    Hill memory resets: 1.
