Running Python script with ALGORITHM=SI and SEED=3
At time 20 the agent is dead.
The agent had: 1 food, -1 water, and 20 sleep.
The total tree search depth for this trial was 1128.
The agent accessed its memory 1990 times.
The agent cleared its short-term memory 3 times.
    State prediction error memory resets: 2.
    Hill memory resets: 1.
At time 20 the agent is dead.
The agent had: 1 food, -1 water, and 4 sleep.
The total tree search depth for this trial was 754.
The agent accessed its memory 2504 times.
The agent cleared its short-term memory 8 times.
    State prediction error memory resets: 6.
    Hill memory resets: 2.
At time 20 the agent is dead.
The agent had: 1 food, -1 water, and 4 sleep.
The total tree search depth for this trial was 1708.
The agent accessed its memory 3722 times.
The agent cleared its short-term memory 0 times.
    State prediction error memory resets: 0.
    Hill memory resets: 0.
At time 20 the agent is dead.
The agent had: 1 food, -1 water, and 4 sleep.
The total tree search depth for this trial was 1404.
The agent accessed its memory 4139 times.
The agent cleared its short-term memory 14 times.
    State prediction error memory resets: 14.
    Hill memory resets: 0.
At time 20 the agent is dead.
The agent had: 1 food, -1 water, and 4 sleep.
The total tree search depth for this trial was 742.
The agent accessed its memory 2798 times.
The agent cleared its short-term memory 10 times.
    State prediction error memory resets: 10.
    Hill memory resets: 0.
At time 20 the agent is dead.
The agent had: 1 food, -1 water, and 4 sleep.
The total tree search depth for this trial was 1591.
The agent accessed its memory 4879 times.
The agent cleared its short-term memory 5 times.
    State prediction error memory resets: 3.
    Hill memory resets: 2.
At time 22 the agent is dead.
The agent had: -1 food, 9 water, and 2 sleep.
The total tree search depth for this trial was 14607.
The agent accessed its memory 49014 times.
The agent cleared its short-term memory 10 times.
    State prediction error memory resets: 9.
    Hill memory resets: 1.
At time 25 the agent is dead.
The agent had: 13 food, 8 water, and -1 sleep.
The total tree search depth for this trial was 6284.
The agent accessed its memory 19964 times.
The agent cleared its short-term memory 8 times.
    State prediction error memory resets: 6.
    Hill memory resets: 2.
At time 20 the agent is dead.
The agent had: 1 food, -1 water, and 4 sleep.
The total tree search depth for this trial was 3819.
The agent accessed its memory 15901 times.
The agent cleared its short-term memory 14 times.
    State prediction error memory resets: 14.
    Hill memory resets: 0.
At time 20 the agent is dead.
The agent had: 1 food, -1 water, and 4 sleep.
The total tree search depth for this trial was 5332.
The agent accessed its memory 23546 times.
The agent cleared its short-term memory 9 times.
    State prediction error memory resets: 9.
    Hill memory resets: 0.
At time 20 the agent is dead.
The agent had: 1 food, -1 water, and 4 sleep.
The total tree search depth for this trial was 1638.
The agent accessed its memory 5193 times.
The agent cleared its short-term memory 11 times.
    State prediction error memory resets: 10.
    Hill memory resets: 1.
At time 22 the agent is dead.
The agent had: -1 food, 13 water, and 2 sleep.
The total tree search depth for this trial was 1678.
The agent accessed its memory 5463 times.
The agent cleared its short-term memory 10 times.
    State prediction error memory resets: 9.
    Hill memory resets: 1.
At time 20 the agent is dead.
The agent had: 1 food, -1 water, and 4 sleep.
The total tree search depth for this trial was 1678.
The agent accessed its memory 5897 times.
The agent cleared its short-term memory 8 times.
    State prediction error memory resets: 8.
    Hill memory resets: 0.
At time 20 the agent is dead.
The agent had: 1 food, -1 water, and 21 sleep.
The total tree search depth for this trial was 4853.
The agent accessed its memory 16767 times.
The agent cleared its short-term memory 4 times.
    State prediction error memory resets: 3.
    Hill memory resets: 1.
At time 20 the agent is dead.
The agent had: 1 food, -1 water, and 4 sleep.
The total tree search depth for this trial was 2008.
The agent accessed its memory 6514 times.
The agent cleared its short-term memory 8 times.
    State prediction error memory resets: 7.
    Hill memory resets: 1.
At time 20 the agent is dead.
The agent had: 1 food, -1 water, and 13 sleep.
The total tree search depth for this trial was 6212.
The agent accessed its memory 24269 times.
The agent cleared its short-term memory 8 times.
    State prediction error memory resets: 7.
    Hill memory resets: 1.
At time 20 the agent is dead.
The agent had: 1 food, -1 water, and 4 sleep.
The total tree search depth for this trial was 1585.
The agent accessed its memory 5183 times.
The agent cleared its short-term memory 7 times.
    State prediction error memory resets: 6.
    Hill memory resets: 1.
At time 20 the agent is dead.
The agent had: 1 food, -1 water, and 4 sleep.
The total tree search depth for this trial was 2162.
The agent accessed its memory 6731 times.
The agent cleared its short-term memory 3 times.
    State prediction error memory resets: 1.
    Hill memory resets: 2.
At time 20 the agent is dead.
The agent had: 1 food, -1 water, and 4 sleep.
The total tree search depth for this trial was 2341.
The agent accessed its memory 7162 times.
The agent cleared its short-term memory 2 times.
    State prediction error memory resets: 1.
    Hill memory resets: 1.
At time 20 the agent is dead.
The agent had: 12 food, -1 water, and 4 sleep.
The total tree search depth for this trial was 13433.
The agent accessed its memory 52646 times.
The agent cleared its short-term memory 12 times.
    State prediction error memory resets: 11.
    Hill memory resets: 1.
At time 20 the agent is dead.
The agent had: 7 food, -1 water, and 4 sleep.
The total tree search depth for this trial was 30919.
The agent accessed its memory 124899 times.
The agent cleared its short-term memory 12 times.
    State prediction error memory resets: 11.
    Hill memory resets: 1.
At time 22 the agent is dead.
The agent had: -1 food, 9 water, and 2 sleep.
The total tree search depth for this trial was 38227.
The agent accessed its memory 153235 times.
The agent cleared its short-term memory 12 times.
    State prediction error memory resets: 11.
    Hill memory resets: 1.
At time 20 the agent is dead.
The agent had: 1 food, -1 water, and 4 sleep.
The total tree search depth for this trial was 5757.
The agent accessed its memory 20115 times.
The agent cleared its short-term memory 7 times.
    State prediction error memory resets: 6.
    Hill memory resets: 1.
At time 20 the agent is dead.
The agent had: 1 food, -1 water, and 4 sleep.
The total tree search depth for this trial was 3206.
The agent accessed its memory 10809 times.
The agent cleared its short-term memory 9 times.
    State prediction error memory resets: 8.
    Hill memory resets: 1.
At time 25 the agent is dead.
The agent had: 11 food, 7 water, and -1 sleep.
The total tree search depth for this trial was 39039.
The agent accessed its memory 137516 times.
The agent cleared its short-term memory 6 times.
    State prediction error memory resets: 5.
    Hill memory resets: 1.
At time 22 the agent is dead.
The agent had: -1 food, 16 water, and 19 sleep.
The total tree search depth for this trial was 9878.
The agent accessed its memory 33988 times.
The agent cleared its short-term memory 7 times.
    State prediction error memory resets: 6.
    Hill memory resets: 1.
At time 20 the agent is dead.
The agent had: 1 food, -1 water, and 4 sleep.
The total tree search depth for this trial was 12253.
The agent accessed its memory 45813 times.
The agent cleared its short-term memory 10 times.
    State prediction error memory resets: 9.
    Hill memory resets: 1.
At time 20 the agent is dead.
The agent had: 1 food, -1 water, and 4 sleep.
The total tree search depth for this trial was 10072.
The agent accessed its memory 35665 times.
The agent cleared its short-term memory 4 times.
    State prediction error memory resets: 3.
    Hill memory resets: 1.
At time 25 the agent is dead.
The agent had: 5 food, 5 water, and -1 sleep.
The total tree search depth for this trial was 16205.
The agent accessed its memory 48800 times.
The agent cleared its short-term memory 5 times.
    State prediction error memory resets: 4.
    Hill memory resets: 1.
At time 28 the agent is dead.
The agent had: -1 food, 12 water, and 18 sleep.
The total tree search depth for this trial was 38572.
The agent accessed its memory 134155 times.
The agent cleared its short-term memory 6 times.
    State prediction error memory resets: 5.
    Hill memory resets: 1.
At time 49 the agent is dead.
The agent had: -1 food, 0 water, and 23 sleep.
The total tree search depth for this trial was 55506.
The agent accessed its memory 196730 times.
The agent cleared its short-term memory 15 times.
    State prediction error memory resets: 14.
    Hill memory resets: 1.
At time 34 the agent is dead.
The agent had: -1 food, 1 water, and 5 sleep.
The total tree search depth for this trial was 29687.
The agent accessed its memory 107694 times.
The agent cleared its short-term memory 9 times.
    State prediction error memory resets: 7.
    Hill memory resets: 2.
At time 28 the agent is dead.
The agent had: -1 food, 3 water, and 10 sleep.
The total tree search depth for this trial was 49396.
The agent accessed its memory 171569 times.
The agent cleared its short-term memory 11 times.
    State prediction error memory resets: 10.
    Hill memory resets: 1.
At time 20 the agent is dead.
The agent had: 1 food, -1 water, and 4 sleep.
The total tree search depth for this trial was 4595.
The agent accessed its memory 16792 times.
The agent cleared its short-term memory 3 times.
    State prediction error memory resets: 2.
    Hill memory resets: 1.
At time 20 the agent is dead.
The agent had: 1 food, -1 water, and 4 sleep.
The total tree search depth for this trial was 10485.
The agent accessed its memory 38921 times.
The agent cleared its short-term memory 6 times.
    State prediction error memory resets: 4.
    Hill memory resets: 2.
At time 37 the agent is dead.
The agent had: -1 food, 4 water, and 10 sleep.
The total tree search depth for this trial was 53988.
The agent accessed its memory 199144 times.
The agent cleared its short-term memory 16 times.
    State prediction error memory resets: 11.
    Hill memory resets: 5.
At time 40 the agent is dead.
The agent had: 3 food, -1 water, and 11 sleep.
The total tree search depth for this trial was 103061.
The agent accessed its memory 372515 times.
The agent cleared its short-term memory 12 times.
    State prediction error memory resets: 11.
    Hill memory resets: 1.
At time 20 the agent is dead.
The agent had: 1 food, -1 water, and 17 sleep.
The total tree search depth for this trial was 10233.
The agent accessed its memory 39462 times.
The agent cleared its short-term memory 4 times.
    State prediction error memory resets: 3.
    Hill memory resets: 1.
At time 29 the agent is dead.
The agent had: -1 food, 9 water, and 15 sleep.
The total tree search depth for this trial was 52659.
The agent accessed its memory 175783 times.
The agent cleared its short-term memory 6 times.
    State prediction error memory resets: 5.
    Hill memory resets: 1.
At time 34 the agent is dead.
The agent had: 19 food, -1 water, and 7 sleep.
The total tree search depth for this trial was 101349.
The agent accessed its memory 356608 times.
The agent cleared its short-term memory 13 times.
    State prediction error memory resets: 12.
    Hill memory resets: 1.
At time 56 the agent is dead.
The agent had: 19 food, 1 water, and -1 sleep.
The total tree search depth for this trial was 97015.
The agent accessed its memory 324617 times.
The agent cleared its short-term memory 11 times.
    State prediction error memory resets: 10.
    Hill memory resets: 1.
At time 20 the agent is dead.
The agent had: 1 food, -1 water, and 13 sleep.
The total tree search depth for this trial was 23309.
The agent accessed its memory 95129 times.
The agent cleared its short-term memory 13 times.
    State prediction error memory resets: 12.
    Hill memory resets: 1.
At time 42 the agent is dead.
The agent had: 4 food, -1 water, and 21 sleep.
The total tree search depth for this trial was 110334.
The agent accessed its memory 381079 times.
The agent cleared its short-term memory 12 times.
    State prediction error memory resets: 11.
    Hill memory resets: 1.
At time 38 the agent is dead.
The agent had: 4 food, -1 water, and 10 sleep.
The total tree search depth for this trial was 88324.
The agent accessed its memory 341770 times.
The agent cleared its short-term memory 14 times.
    State prediction error memory resets: 9.
    Hill memory resets: 5.
At time 20 the agent is dead.
The agent had: 1 food, -1 water, and 4 sleep.
The total tree search depth for this trial was 58038.
The agent accessed its memory 265281 times.
The agent cleared its short-term memory 7 times.
    State prediction error memory resets: 6.
    Hill memory resets: 1.
At time 20 the agent is dead.
The agent had: 1 food, -1 water, and 12 sleep.
The total tree search depth for this trial was 14932.
The agent accessed its memory 59198 times.
The agent cleared its short-term memory 3 times.
    State prediction error memory resets: 2.
    Hill memory resets: 1.
At time 20 the agent is dead.
The agent had: 1 food, -1 water, and 4 sleep.
The total tree search depth for this trial was 37350.
The agent accessed its memory 157121 times.
The agent cleared its short-term memory 7 times.
    State prediction error memory resets: 6.
    Hill memory resets: 1.
At time 20 the agent is dead.
The agent had: 1 food, -1 water, and 16 sleep.
The total tree search depth for this trial was 13857.
The agent accessed its memory 50904 times.
The agent cleared its short-term memory 7 times.
    State prediction error memory resets: 5.
    Hill memory resets: 2.
At time 25 the agent is dead.
The agent had: 18 food, 1 water, and -1 sleep.
The total tree search depth for this trial was 63970.
The agent accessed its memory 225841 times.
The agent cleared its short-term memory 7 times.
    State prediction error memory resets: 6.
    Hill memory resets: 1.
At time 45 the agent is dead.
The agent had: 11 food, 1 water, and -1 sleep.
The total tree search depth for this trial was 145115.
The agent accessed its memory 533389 times.
The agent cleared its short-term memory 15 times.
    State prediction error memory resets: 13.
    Hill memory resets: 2.
At time 20 the agent is dead.
The agent had: 10 food, -1 water, and 17 sleep.
The total tree search depth for this trial was 70900.
The agent accessed its memory 246018 times.
The agent cleared its short-term memory 7 times.
    State prediction error memory resets: 6.
    Hill memory resets: 1.
At time 46 the agent is dead.
The agent had: 2 food, 8 water, and -1 sleep.
The total tree search depth for this trial was 162915.
The agent accessed its memory 593261 times.
The agent cleared its short-term memory 16 times.
    State prediction error memory resets: 10.
    Hill memory resets: 6.
At time 78 the agent is dead.
The agent had: -1 food, 0 water, and 21 sleep.
The total tree search depth for this trial was 271674.
The agent accessed its memory 964823 times.
The agent cleared its short-term memory 14 times.
    State prediction error memory resets: 11.
    Hill memory resets: 3.
At time 28 the agent is dead.
The agent had: 0 food, -1 water, and 16 sleep.
The total tree search depth for this trial was 111812.
The agent accessed its memory 376132 times.
The agent cleared its short-term memory 7 times.
    State prediction error memory resets: 6.
    Hill memory resets: 1.
At time 27 the agent is dead.
The agent had: 3 food, -1 water, and 20 sleep.
The total tree search depth for this trial was 42164.
The agent accessed its memory 144810 times.
The agent cleared its short-term memory 4 times.
    State prediction error memory resets: 3.
    Hill memory resets: 1.
At time 22 the agent is dead.
The agent had: -1 food, 15 water, and 18 sleep.
The total tree search depth for this trial was 8256.
The agent accessed its memory 30695 times.
The agent cleared its short-term memory 5 times.
    State prediction error memory resets: 4.
    Hill memory resets: 1.
At time 34 the agent is dead.
The agent had: 14 food, -1 water, and 14 sleep.
The total tree search depth for this trial was 94559.
The agent accessed its memory 316300 times.
The agent cleared its short-term memory 11 times.
    State prediction error memory resets: 10.
    Hill memory resets: 1.
At time 20 the agent is dead.
The agent had: 1 food, -1 water, and 4 sleep.
The total tree search depth for this trial was 76742.
The agent accessed its memory 301201 times.
The agent cleared its short-term memory 8 times.
    State prediction error memory resets: 5.
    Hill memory resets: 3.
At time 22 the agent is dead.
The agent had: -1 food, 16 water, and 15 sleep.
The total tree search depth for this trial was 9117.
The agent accessed its memory 32800 times.
The agent cleared its short-term memory 3 times.
    State prediction error memory resets: 2.
    Hill memory resets: 1.
At time 20 the agent is dead.
The agent had: 1 food, -1 water, and 4 sleep.
The total tree search depth for this trial was 58094.
The agent accessed its memory 219170 times.
The agent cleared its short-term memory 8 times.
    State prediction error memory resets: 3.
    Hill memory resets: 5.
At time 20 the agent is dead.
The agent had: 1 food, -1 water, and 4 sleep.
The total tree search depth for this trial was 11225.
The agent accessed its memory 39931 times.
The agent cleared its short-term memory 2 times.
    State prediction error memory resets: 1.
    Hill memory resets: 1.
At time 38 the agent is dead.
The agent had: 19 food, -1 water, and -1 sleep.
The total tree search depth for this trial was 65742.
The agent accessed its memory 228537 times.
The agent cleared its short-term memory 9 times.
    State prediction error memory resets: 6.
    Hill memory resets: 3.
At time 25 the agent is dead.
The agent had: 10 food, 1 water, and -1 sleep.
The total tree search depth for this trial was 62364.
The agent accessed its memory 221944 times.
The agent cleared its short-term memory 4 times.
    State prediction error memory resets: 3.
    Hill memory resets: 1.
At time 20 the agent is dead.
The agent had: 1 food, -1 water, and 11 sleep.
The total tree search depth for this trial was 73099.
The agent accessed its memory 270259 times.
The agent cleared its short-term memory 12 times.
    State prediction error memory resets: 10.
    Hill memory resets: 2.
At time 30 the agent is dead.
The agent had: -1 food, 9 water, and 15 sleep.
The total tree search depth for this trial was 45609.
The agent accessed its memory 146048 times.
The agent cleared its short-term memory 9 times.
    State prediction error memory resets: 8.
    Hill memory resets: 1.
At time 32 the agent is dead.
The agent had: 9 food, -1 water, and 2 sleep.
The total tree search depth for this trial was 55341.
The agent accessed its memory 197141 times.
The agent cleared its short-term memory 8 times.
    State prediction error memory resets: 7.
    Hill memory resets: 1.
At time 56 the agent is dead.
The agent had: 4 food, -1 water, and 2 sleep.
The total tree search depth for this trial was 91803.
The agent accessed its memory 303035 times.
The agent cleared its short-term memory 8 times.
    State prediction error memory resets: 7.
    Hill memory resets: 1.
At time 20 the agent is dead.
The agent had: 1 food, -1 water, and 10 sleep.
The total tree search depth for this trial was 49707.
The agent accessed its memory 182284 times.
The agent cleared its short-term memory 6 times.
    State prediction error memory resets: 4.
    Hill memory resets: 2.
At time 20 the agent is dead.
The agent had: 1 food, -1 water, and 10 sleep.
The total tree search depth for this trial was 56228.
The agent accessed its memory 207624 times.
The agent cleared its short-term memory 7 times.
    State prediction error memory resets: 5.
    Hill memory resets: 2.
At time 29 the agent is dead.
The agent had: -1 food, -1 water, and 13 sleep.
The total tree search depth for this trial was 85949.
The agent accessed its memory 284497 times.
The agent cleared its short-term memory 6 times.
    State prediction error memory resets: 5.
    Hill memory resets: 1.
At time 28 the agent is dead.
The agent had: 4 food, -1 water, and 17 sleep.
The total tree search depth for this trial was 101240.
The agent accessed its memory 346113 times.
The agent cleared its short-term memory 11 times.
    State prediction error memory resets: 8.
    Hill memory resets: 3.
At time 20 the agent is dead.
The agent had: 1 food, -1 water, and 12 sleep.
The total tree search depth for this trial was 27378.
The agent accessed its memory 98624 times.
The agent cleared its short-term memory 9 times.
    State prediction error memory resets: 8.
    Hill memory resets: 1.
At time 49 the agent is dead.
The agent had: 6 food, -1 water, and 1 sleep.
The total tree search depth for this trial was 167308.
The agent accessed its memory 610381 times.
The agent cleared its short-term memory 17 times.
    State prediction error memory resets: 15.
    Hill memory resets: 2.
At time 58 the agent is dead.
The agent had: -1 food, 0 water, and 8 sleep.
The total tree search depth for this trial was 164268.
The agent accessed its memory 541477 times.
The agent cleared its short-term memory 12 times.
    State prediction error memory resets: 11.
    Hill memory resets: 1.
At time 63 the agent is dead.
The agent had: 7 food, -1 water, and 1 sleep.
The total tree search depth for this trial was 271723.
The agent accessed its memory 891143 times.
The agent cleared its short-term memory 14 times.
    State prediction error memory resets: 13.
    Hill memory resets: 1.
At time 52 the agent is dead.
The agent had: -1 food, -1 water, and 7 sleep.
The total tree search depth for this trial was 124682.
The agent accessed its memory 437364 times.
The agent cleared its short-term memory 9 times.
    State prediction error memory resets: 8.
    Hill memory resets: 1.
At time 64 the agent is dead.
The agent had: 11 food, 11 water, and -1 sleep.
The total tree search depth for this trial was 75191.
The agent accessed its memory 248463 times.
The agent cleared its short-term memory 10 times.
    State prediction error memory resets: 9.
    Hill memory resets: 1.
At time 37 the agent is dead.
The agent had: -1 food, 3 water, and 9 sleep.
The total tree search depth for this trial was 84017.
The agent accessed its memory 284732 times.
The agent cleared its short-term memory 12 times.
    State prediction error memory resets: 5.
    Hill memory resets: 7.
At time 49 the agent is dead.
The agent had: -1 food, 12 water, and 18 sleep.
The total tree search depth for this trial was 222473.
The agent accessed its memory 779023 times.
The agent cleared its short-term memory 14 times.
    State prediction error memory resets: 12.
    Hill memory resets: 2.
At time 20 the agent is dead.
The agent had: 13 food, -1 water, and 4 sleep.
The total tree search depth for this trial was 34943.
The agent accessed its memory 120786 times.
The agent cleared its short-term memory 4 times.
    State prediction error memory resets: 2.
    Hill memory resets: 2.
At time 20 the agent is dead.
The agent had: 8 food, -1 water, and 4 sleep.
The total tree search depth for this trial was 127889.
The agent accessed its memory 415803 times.
The agent cleared its short-term memory 8 times.
    State prediction error memory resets: 7.
    Hill memory resets: 1.
At time 44 the agent is dead.
The agent had: 7 food, -1 water, and 2 sleep.
The total tree search depth for this trial was 75983.
The agent accessed its memory 244908 times.
The agent cleared its short-term memory 8 times.
    State prediction error memory resets: 6.
    Hill memory resets: 2.
At time 38 the agent is dead.
The agent had: -1 food, 9 water, and 11 sleep.
The total tree search depth for this trial was 81373.
The agent accessed its memory 261665 times.
The agent cleared its short-term memory 12 times.
    State prediction error memory resets: 10.
    Hill memory resets: 2.
At time 37 the agent is dead.
The agent had: 8 food, -1 water, and 3 sleep.
The total tree search depth for this trial was 172099.
The agent accessed its memory 550126 times.
The agent cleared its short-term memory 10 times.
    State prediction error memory resets: 9.
    Hill memory resets: 1.
At time 38 the agent is dead.
The agent had: -1 food, -1 water, and 10 sleep.
The total tree search depth for this trial was 66630.
The agent accessed its memory 208969 times.
The agent cleared its short-term memory 4 times.
    State prediction error memory resets: 3.
    Hill memory resets: 1.
At time 86 the agent is dead.
The agent had: 4 food, -1 water, and 12 sleep.
The total tree search depth for this trial was 205003.
The agent accessed its memory 653131 times.
The agent cleared its short-term memory 14 times.
    State prediction error memory resets: 13.
    Hill memory resets: 1.
At time 20 the agent is dead.
The agent had: 1 food, -1 water, and 4 sleep.
The total tree search depth for this trial was 17306.
The agent accessed its memory 56882 times.
The agent cleared its short-term memory 2 times.
    State prediction error memory resets: 1.
    Hill memory resets: 1.
At time 36 the agent is dead.
The agent had: 6 food, -1 water, and 1 sleep.
The total tree search depth for this trial was 164325.
The agent accessed its memory 527174 times.
The agent cleared its short-term memory 12 times.
    State prediction error memory resets: 11.
    Hill memory resets: 1.
At time 34 the agent is dead.
The agent had: 9 food, -1 water, and 9 sleep.
The total tree search depth for this trial was 127753.
The agent accessed its memory 396447 times.
The agent cleared its short-term memory 10 times.
    State prediction error memory resets: 9.
    Hill memory resets: 1.
At time 20 the agent is dead.
The agent had: 1 food, -1 water, and 4 sleep.
The total tree search depth for this trial was 12951.
The agent accessed its memory 41859 times.
The agent cleared its short-term memory 2 times.
    State prediction error memory resets: 1.
    Hill memory resets: 1.
At time 65 the agent is dead.
The agent had: -1 food, -1 water, and 22 sleep.
The total tree search depth for this trial was 268232.
The agent accessed its memory 865156 times.
The agent cleared its short-term memory 16 times.
    State prediction error memory resets: 13.
    Hill memory resets: 3.
At time 30 the agent is dead.
The agent had: 6 food, -1 water, and 2 sleep.
The total tree search depth for this trial was 40007.
The agent accessed its memory 127559 times.
The agent cleared its short-term memory 4 times.
    State prediction error memory resets: 3.
    Hill memory resets: 1.
At time 28 the agent is dead.
The agent had: -1 food, 1 water, and 11 sleep.
The total tree search depth for this trial was 84351.
The agent accessed its memory 262258 times.
The agent cleared its short-term memory 8 times.
    State prediction error memory resets: 7.
    Hill memory resets: 1.
At time 30 the agent is dead.
The agent had: -1 food, -1 water, and 14 sleep.
The total tree search depth for this trial was 86959.
The agent accessed its memory 284700 times.
The agent cleared its short-term memory 8 times.
    State prediction error memory resets: 7.
    Hill memory resets: 1.
At time 22 the agent is dead.
The agent had: -1 food, 15 water, and 2 sleep.
The total tree search depth for this trial was 61945.
The agent accessed its memory 223773 times.
The agent cleared its short-term memory 11 times.
    State prediction error memory resets: 5.
    Hill memory resets: 6.
At time 79 the agent is dead.
The agent had: -1 food, 1 water, and 15 sleep.
The total tree search depth for this trial was 185705.
The agent accessed its memory 589282 times.
The agent cleared its short-term memory 17 times.
    State prediction error memory resets: 15.
    Hill memory resets: 2.
At time 34 the agent is dead.
The agent had: -1 food, 8 water, and 11 sleep.
The total tree search depth for this trial was 50147.
The agent accessed its memory 149840 times.
The agent cleared its short-term memory 5 times.
    State prediction error memory resets: 4.
    Hill memory resets: 1.
At time 20 the agent is dead.
The agent had: 10 food, -1 water, and 19 sleep.
The total tree search depth for this trial was 64596.
The agent accessed its memory 203739 times.
The agent cleared its short-term memory 4 times.
    State prediction error memory resets: 3.
    Hill memory resets: 1.
At time 78 the agent is dead.
The agent had: -1 food, 7 water, and 10 sleep.
The total tree search depth for this trial was 194053.
The agent accessed its memory 613216 times.
The agent cleared its short-term memory 14 times.
    State prediction error memory resets: 13.
    Hill memory resets: 1.
At time 42 the agent is dead.
The agent had: -1 food, 1 water, and -1 sleep.
The total tree search depth for this trial was 105747.
The agent accessed its memory 341454 times.
The agent cleared its short-term memory 11 times.
    State prediction error memory resets: 8.
    Hill memory resets: 3.
At time 35 the agent is dead.
The agent had: -1 food, 0 water, and 15 sleep.
The total tree search depth for this trial was 87014.
The agent accessed its memory 273303 times.
The agent cleared its short-term memory 7 times.
    State prediction error memory resets: 6.
    Hill memory resets: 1.
At time 46 the agent is dead.
The agent had: 7 food, -1 water, and 1 sleep.
The total tree search depth for this trial was 58839.
The agent accessed its memory 178439 times.
The agent cleared its short-term memory 5 times.
    State prediction error memory resets: 4.
    Hill memory resets: 1.
At time 75 the agent is dead.
The agent had: -1 food, -1 water, and 8 sleep.
The total tree search depth for this trial was 163038.
The agent accessed its memory 504297 times.
The agent cleared its short-term memory 9 times.
    State prediction error memory resets: 7.
    Hill memory resets: 2.
At time 47 the agent is dead.
The agent had: -1 food, 3 water, and -1 sleep.
The total tree search depth for this trial was 139576.
The agent accessed its memory 443449 times.
The agent cleared its short-term memory 8 times.
    State prediction error memory resets: 6.
    Hill memory resets: 2.
At time 83 the agent is dead.
The agent had: 9 food, 4 water, and -1 sleep.
The total tree search depth for this trial was 202286.
The agent accessed its memory 619292 times.
The agent cleared its short-term memory 14 times.
    State prediction error memory resets: 12.
    Hill memory resets: 2.
At time 59 the agent is dead.
The agent had: -1 food, 1 water, and 12 sleep.
The total tree search depth for this trial was 174011.
The agent accessed its memory 517170 times.
The agent cleared its short-term memory 9 times.
    State prediction error memory resets: 8.
    Hill memory resets: 1.
At time 20 the agent is dead.
The agent had: 1 food, -1 water, and 4 sleep.
The total tree search depth for this trial was 33363.
The agent accessed its memory 111420 times.
The agent cleared its short-term memory 5 times.
    State prediction error memory resets: 1.
    Hill memory resets: 4.
At time 22 the agent is dead.
The agent had: -1 food, 7 water, and 21 sleep.
The total tree search depth for this trial was 51016.
The agent accessed its memory 152113 times.
The agent cleared its short-term memory 9 times.
    State prediction error memory resets: 6.
    Hill memory resets: 3.
At time 38 the agent is dead.
The agent had: -1 food, 8 water, and 11 sleep.
The total tree search depth for this trial was 51246.
The agent accessed its memory 148889 times.
The agent cleared its short-term memory 6 times.
    State prediction error memory resets: 5.
    Hill memory resets: 1.
At time 74 the agent is dead.
The agent had: -1 food, 1 water, and 11 sleep.
The total tree search depth for this trial was 80656.
The agent accessed its memory 234925 times.
The agent cleared its short-term memory 3 times.
    State prediction error memory resets: 2.
    Hill memory resets: 1.
At time 38 the agent is dead.
The agent had: -1 food, -1 water, and 7 sleep.
The total tree search depth for this trial was 123467.
The agent accessed its memory 390490 times.
The agent cleared its short-term memory 8 times.
    State prediction error memory resets: 7.
    Hill memory resets: 1.
At time 74 the agent is dead.
The agent had: -1 food, 1 water, and 11 sleep.
The total tree search depth for this trial was 274962.
The agent accessed its memory 882259 times.
The agent cleared its short-term memory 25 times.
    State prediction error memory resets: 21.
    Hill memory resets: 4.
