
----------------------------------------
TRIAL 1 STARTED
----------------------------------------
Start Time: 2024-05-01 19:14:39
TRIAL 1 COMPLETE ✔
End Time: 2024-05-01 19:14:43
Total runtime for this trial (minutes/seconds): 00:03
----------------------------------------
Total hill visits: 1
Total prediction errors: 2
Total search depth: 1112
Total times memory accessed: 1754
Total times 24 >= t < 49: 0
Total times 49 >= t < 74: 0
Total times 74 >= t < 99: 0
Total times t == 99: 0
Total time steps survived: 20
Total runtime so far (hours/minutes/seconds): 00:00:03
----------------------------------------

----------------------------------------
TRIAL 2 STARTED
----------------------------------------
Start Time: 2024-05-01 19:14:43
TRIAL 2 COMPLETE ✔
End Time: 2024-05-01 19:15:39
Total runtime for this trial (minutes/seconds): 00:56
----------------------------------------
Total hill visits: 2
Total prediction errors: 8
Total search depth: 14379
Total times memory accessed: 30391
Total times 24 >= t < 49: 1
Total times 49 >= t < 74: 0
Total times 74 >= t < 99: 0
Total times t == 99: 0
Total time steps survived: 45
Total runtime so far (hours/minutes/seconds): 00:00:59
----------------------------------------

----------------------------------------
TRIAL 3 STARTED
----------------------------------------
Start Time: 2024-05-01 19:15:39
TRIAL 3 COMPLETE ✔
End Time: 2024-05-01 19:15:53
Total runtime for this trial (minutes/seconds): 00:13
----------------------------------------
Total hill visits: 2
Total prediction errors: 8
Total search depth: 17141
Total times memory accessed: 38777
Total times 24 >= t < 49: 1
Total times 49 >= t < 74: 0
Total times 74 >= t < 99: 0
Total times t == 99: 0
Total time steps survived: 65
Total runtime so far (hours/minutes/seconds): 00:01:13
----------------------------------------

----------------------------------------
TRIAL 4 STARTED
----------------------------------------
Start Time: 2024-05-01 19:15:53
TRIAL 4 COMPLETE ✔
End Time: 2024-05-01 19:17:18
Total runtime for this trial (minutes/seconds): 01:25
----------------------------------------
Total hill visits: 3
Total prediction errors: 14
Total search depth: 31586
Total times memory accessed: 86453
Total times 24 >= t < 49: 1
Total times 49 >= t < 74: 0
Total times 74 >= t < 99: 0
Total times t == 99: 0
Total time steps survived: 85
Total runtime so far (hours/minutes/seconds): 00:02:38
----------------------------------------

----------------------------------------
TRIAL 5 STARTED
----------------------------------------
Start Time: 2024-05-01 19:17:18
TRIAL 5 COMPLETE ✔
End Time: 2024-05-01 19:25:25
Total runtime for this trial (minutes/seconds): 08:07
----------------------------------------
Total hill visits: 5
Total prediction errors: 25
Total search depth: 96843
Total times memory accessed: 363113
Total times 24 >= t < 49: 1
Total times 49 >= t < 74: 0
Total times 74 >= t < 99: 0
Total times t == 99: 0
Total time steps survived: 105
Total runtime so far (hours/minutes/seconds): 00:10:45
----------------------------------------

----------------------------------------
TRIAL 6 STARTED
----------------------------------------
Start Time: 2024-05-01 19:25:25
TRIAL 6 COMPLETE ✔
End Time: 2024-05-01 19:25:34
Total runtime for this trial (minutes/seconds): 00:08
----------------------------------------
Total hill visits: 5
Total prediction errors: 31
Total search depth: 97795
Total times memory accessed: 367753
Total times 24 >= t < 49: 1
Total times 49 >= t < 74: 0
Total times 74 >= t < 99: 0
Total times t == 99: 0
Total time steps survived: 125
Total runtime so far (hours/minutes/seconds): 00:10:54
----------------------------------------

----------------------------------------
TRIAL 7 STARTED
----------------------------------------
Start Time: 2024-05-01 19:25:34
TRIAL 7 COMPLETE ✔
End Time: 2024-05-01 19:28:49
Total runtime for this trial (minutes/seconds): 03:14
----------------------------------------
Total hill visits: 5
Total prediction errors: 43
Total search depth: 119904
Total times memory accessed: 480144
Total times 24 >= t < 49: 1
Total times 49 >= t < 74: 0
Total times 74 >= t < 99: 0
Total times t == 99: 0
Total time steps survived: 145
Total runtime so far (hours/minutes/seconds): 00:14:09
----------------------------------------

----------------------------------------
TRIAL 8 STARTED
----------------------------------------
Start Time: 2024-05-01 19:28:49
TRIAL 8 COMPLETE ✔
End Time: 2024-05-01 19:29:39
Total runtime for this trial (minutes/seconds): 00:49
----------------------------------------
Total hill visits: 6
Total prediction errors: 55
Total search depth: 126384
Total times memory accessed: 507618
Total times 24 >= t < 49: 1
Total times 49 >= t < 74: 0
Total times 74 >= t < 99: 0
Total times t == 99: 0
Total time steps survived: 165
Total runtime so far (hours/minutes/seconds): 00:14:59
----------------------------------------

----------------------------------------
TRIAL 9 STARTED
----------------------------------------
Start Time: 2024-05-01 19:29:39
TRIAL 9 COMPLETE ✔
End Time: 2024-05-01 19:33:09
Total runtime for this trial (minutes/seconds): 03:30
----------------------------------------
Total hill visits: 6
Total prediction errors: 70
Total search depth: 151108
Total times memory accessed: 629476
Total times 24 >= t < 49: 1
Total times 49 >= t < 74: 0
Total times 74 >= t < 99: 0
Total times t == 99: 0
Total time steps survived: 185
Total runtime so far (hours/minutes/seconds): 00:18:29
----------------------------------------

----------------------------------------
TRIAL 10 STARTED
----------------------------------------
Start Time: 2024-05-01 19:33:09
TRIAL 10 COMPLETE ✔
End Time: 2024-05-01 19:35:51
Total runtime for this trial (minutes/seconds): 02:41
----------------------------------------
Total hill visits: 8
Total prediction errors: 72
Total search depth: 173071
Total times memory accessed: 723892
Total times 24 >= t < 49: 1
Total times 49 >= t < 74: 0
Total times 74 >= t < 99: 0
Total times t == 99: 0
Total time steps survived: 205
Total runtime so far (hours/minutes/seconds): 00:21:11
----------------------------------------

----------------------------------------
TRIAL 11 STARTED
----------------------------------------
Start Time: 2024-05-01 19:35:51
TRIAL 11 COMPLETE ✔
End Time: 2024-05-01 19:36:48
Total runtime for this trial (minutes/seconds): 00:57
----------------------------------------
Total hill visits: 9
Total prediction errors: 81
Total search depth: 181422
Total times memory accessed: 757971
Total times 24 >= t < 49: 1
Total times 49 >= t < 74: 0
Total times 74 >= t < 99: 0
Total times t == 99: 0
Total time steps survived: 225
Total runtime so far (hours/minutes/seconds): 00:22:08
----------------------------------------

----------------------------------------
TRIAL 12 STARTED
----------------------------------------
Start Time: 2024-05-01 19:36:48
TRIAL 12 COMPLETE ✔
End Time: 2024-05-01 19:37:42
Total runtime for this trial (minutes/seconds): 00:53
----------------------------------------
Total hill visits: 9
Total prediction errors: 88
Total search depth: 189617
Total times memory accessed: 789132
Total times 24 >= t < 49: 1
Total times 49 >= t < 74: 0
Total times 74 >= t < 99: 0
Total times t == 99: 0
Total time steps survived: 245
Total runtime so far (hours/minutes/seconds): 00:23:02
----------------------------------------

----------------------------------------
TRIAL 13 STARTED
----------------------------------------
Start Time: 2024-05-01 19:37:42
TRIAL 13 COMPLETE ✔
End Time: 2024-05-01 19:39:53
Total runtime for this trial (minutes/seconds): 02:11
----------------------------------------
Total hill visits: 10
Total prediction errors: 92
Total search depth: 206488
Total times memory accessed: 866596
Total times 24 >= t < 49: 1
Total times 49 >= t < 74: 0
Total times 74 >= t < 99: 0
Total times t == 99: 0
Total time steps survived: 265
Total runtime so far (hours/minutes/seconds): 00:25:13
----------------------------------------

----------------------------------------
TRIAL 14 STARTED
----------------------------------------
Start Time: 2024-05-01 19:39:53
TRIAL 14 COMPLETE ✔
End Time: 2024-05-01 19:42:58
Total runtime for this trial (minutes/seconds): 03:04
----------------------------------------
Total hill visits: 11
Total prediction errors: 99
Total search depth: 232571
Total times memory accessed: 975461
Total times 24 >= t < 49: 1
Total times 49 >= t < 74: 0
Total times 74 >= t < 99: 0
Total times t == 99: 0
Total time steps survived: 285
Total runtime so far (hours/minutes/seconds): 00:28:18
----------------------------------------

----------------------------------------
TRIAL 15 STARTED
----------------------------------------
Start Time: 2024-05-01 19:42:58
TRIAL 15 COMPLETE ✔
End Time: 2024-05-01 19:45:51
Total runtime for this trial (minutes/seconds): 02:53
----------------------------------------
Total hill visits: 13
Total prediction errors: 112
Total search depth: 255042
Total times memory accessed: 1076012
Total times 24 >= t < 49: 1
Total times 49 >= t < 74: 0
Total times 74 >= t < 99: 0
Total times t == 99: 0
Total time steps survived: 307
Total runtime so far (hours/minutes/seconds): 00:31:11
----------------------------------------

----------------------------------------
TRIAL 16 STARTED
----------------------------------------
Start Time: 2024-05-01 19:45:51
TRIAL 16 COMPLETE ✔
End Time: 2024-05-01 19:48:36
Total runtime for this trial (minutes/seconds): 02:44
----------------------------------------
Total hill visits: 14
Total prediction errors: 117
Total search depth: 279980
Total times memory accessed: 1167480
Total times 24 >= t < 49: 1
Total times 49 >= t < 74: 0
Total times 74 >= t < 99: 0
Total times t == 99: 0
Total time steps survived: 327
Total runtime so far (hours/minutes/seconds): 00:33:56
----------------------------------------

----------------------------------------
TRIAL 17 STARTED
----------------------------------------
Start Time: 2024-05-01 19:48:36
TRIAL 17 COMPLETE ✔
End Time: 2024-05-01 19:52:51
Total runtime for this trial (minutes/seconds): 04:15
----------------------------------------
Total hill visits: 15
Total prediction errors: 119
Total search depth: 316626
Total times memory accessed: 1308061
Total times 24 >= t < 49: 1
Total times 49 >= t < 74: 0
Total times 74 >= t < 99: 0
Total times t == 99: 0
Total time steps survived: 347
Total runtime so far (hours/minutes/seconds): 00:38:11
----------------------------------------

----------------------------------------
TRIAL 18 STARTED
----------------------------------------
Start Time: 2024-05-01 19:52:51
TRIAL 18 COMPLETE ✔
End Time: 2024-05-01 19:56:03
Total runtime for this trial (minutes/seconds): 03:12
----------------------------------------
Total hill visits: 16
Total prediction errors: 123
Total search depth: 347102
Total times memory accessed: 1418006
Total times 24 >= t < 49: 1
Total times 49 >= t < 74: 0
Total times 74 >= t < 99: 0
Total times t == 99: 0
Total time steps survived: 367
Total runtime so far (hours/minutes/seconds): 00:41:23
----------------------------------------

----------------------------------------
TRIAL 19 STARTED
----------------------------------------
Start Time: 2024-05-01 19:56:03
TRIAL 19 COMPLETE ✔
End Time: 2024-05-01 20:01:46
Total runtime for this trial (minutes/seconds): 05:42
----------------------------------------
Total hill visits: 17
Total prediction errors: 134
Total search depth: 398460
Total times memory accessed: 1601522
Total times 24 >= t < 49: 1
Total times 49 >= t < 74: 0
Total times 74 >= t < 99: 0
Total times t == 99: 0
Total time steps survived: 387
Total runtime so far (hours/minutes/seconds): 00:47:06
----------------------------------------

----------------------------------------
TRIAL 20 STARTED
----------------------------------------
Start Time: 2024-05-01 20:01:46
TRIAL 20 COMPLETE ✔
End Time: 2024-05-01 20:02:48
Total runtime for this trial (minutes/seconds): 01:01
----------------------------------------
Total hill visits: 18
Total prediction errors: 148
Total search depth: 407624
Total times memory accessed: 1635204
Total times 24 >= t < 49: 1
Total times 49 >= t < 74: 0
Total times 74 >= t < 99: 0
Total times t == 99: 0
Total time steps survived: 407
Total runtime so far (hours/minutes/seconds): 00:48:08
----------------------------------------

----------------------------------------
TRIAL 21 STARTED
----------------------------------------
Start Time: 2024-05-01 20:02:48
TRIAL 21 COMPLETE ✔
End Time: 2024-05-01 20:04:03
Total runtime for this trial (minutes/seconds): 01:15
----------------------------------------
Total hill visits: 19
Total prediction errors: 160
Total search depth: 418637
Total times memory accessed: 1675830
Total times 24 >= t < 49: 1
Total times 49 >= t < 74: 0
Total times 74 >= t < 99: 0
Total times t == 99: 0
Total time steps survived: 427
Total runtime so far (hours/minutes/seconds): 00:49:23
----------------------------------------

----------------------------------------
TRIAL 22 STARTED
----------------------------------------
Start Time: 2024-05-01 20:04:03
TRIAL 22 COMPLETE ✔
End Time: 2024-05-01 20:05:20
Total runtime for this trial (minutes/seconds): 01:16
----------------------------------------
Total hill visits: 20
Total prediction errors: 161
Total search depth: 429940
Total times memory accessed: 1719187
Total times 24 >= t < 49: 1
Total times 49 >= t < 74: 0
Total times 74 >= t < 99: 0
Total times t == 99: 0
Total time steps survived: 447
Total runtime so far (hours/minutes/seconds): 00:50:40
----------------------------------------

----------------------------------------
TRIAL 23 STARTED
----------------------------------------
Start Time: 2024-05-01 20:05:20
TRIAL 23 COMPLETE ✔
End Time: 2024-05-01 20:06:26
Total runtime for this trial (minutes/seconds): 01:05
----------------------------------------
Total hill visits: 21
Total prediction errors: 162
Total search depth: 440473
Total times memory accessed: 1756094
Total times 24 >= t < 49: 1
Total times 49 >= t < 74: 0
Total times 74 >= t < 99: 0
Total times t == 99: 0
Total time steps survived: 467
Total runtime so far (hours/minutes/seconds): 00:51:46
----------------------------------------

----------------------------------------
TRIAL 24 STARTED
----------------------------------------
Start Time: 2024-05-01 20:06:26
TRIAL 24 COMPLETE ✔
End Time: 2024-05-01 20:14:10
Total runtime for this trial (minutes/seconds): 07:44
----------------------------------------
Total hill visits: 22
Total prediction errors: 174
Total search depth: 504703
Total times memory accessed: 2011527
Total times 24 >= t < 49: 2
Total times 49 >= t < 74: 0
Total times 74 >= t < 99: 0
Total times t == 99: 0
Total time steps survived: 492
Total runtime so far (hours/minutes/seconds): 00:59:30
----------------------------------------

----------------------------------------
TRIAL 25 STARTED
----------------------------------------
Start Time: 2024-05-01 20:14:10
TRIAL 25 COMPLETE ✔
End Time: 2024-05-01 20:15:17
Total runtime for this trial (minutes/seconds): 01:06
----------------------------------------
Total hill visits: 23
Total prediction errors: 175
Total search depth: 514514
Total times memory accessed: 2047780
Total times 24 >= t < 49: 2
Total times 49 >= t < 74: 0
Total times 74 >= t < 99: 0
Total times t == 99: 0
Total time steps survived: 512
Total runtime so far (hours/minutes/seconds): 01:00:37
----------------------------------------

----------------------------------------
TRIAL 26 STARTED
----------------------------------------
Start Time: 2024-05-01 20:15:17
TRIAL 26 COMPLETE ✔
End Time: 2024-05-01 20:22:08
Total runtime for this trial (minutes/seconds): 06:51
----------------------------------------
Total hill visits: 24
Total prediction errors: 190
Total search depth: 579479
Total times memory accessed: 2283104
Total times 24 >= t < 49: 3
Total times 49 >= t < 74: 0
Total times 74 >= t < 99: 0
Total times t == 99: 0
Total time steps survived: 558
Total runtime so far (hours/minutes/seconds): 01:07:29
----------------------------------------

----------------------------------------
TRIAL 27 STARTED
----------------------------------------
Start Time: 2024-05-01 20:22:08
TRIAL 27 COMPLETE ✔
End Time: 2024-05-01 20:23:32
Total runtime for this trial (minutes/seconds): 01:23
----------------------------------------
Total hill visits: 25
Total prediction errors: 202
Total search depth: 592324
Total times memory accessed: 2328883
Total times 24 >= t < 49: 3
Total times 49 >= t < 74: 0
Total times 74 >= t < 99: 0
Total times t == 99: 0
Total time steps survived: 578
Total runtime so far (hours/minutes/seconds): 01:08:52
----------------------------------------

----------------------------------------
TRIAL 28 STARTED
----------------------------------------
Start Time: 2024-05-01 20:23:32
TRIAL 28 COMPLETE ✔
End Time: 2024-05-01 20:32:30
Total runtime for this trial (minutes/seconds): 08:58
----------------------------------------
Total hill visits: 28
Total prediction errors: 215
Total search depth: 663486
Total times memory accessed: 2604927
Total times 24 >= t < 49: 4
Total times 49 >= t < 74: 0
Total times 74 >= t < 99: 0
Total times t == 99: 0
Total time steps survived: 613
Total runtime so far (hours/minutes/seconds): 01:17:50
----------------------------------------

----------------------------------------
TRIAL 29 STARTED
----------------------------------------
Start Time: 2024-05-01 20:32:30
TRIAL 29 COMPLETE ✔
End Time: 2024-05-01 20:34:02
Total runtime for this trial (minutes/seconds): 01:31
----------------------------------------
Total hill visits: 29
Total prediction errors: 226
Total search depth: 676831
Total times memory accessed: 2652612
Total times 24 >= t < 49: 4
Total times 49 >= t < 74: 0
Total times 74 >= t < 99: 0
Total times t == 99: 0
Total time steps survived: 633
Total runtime so far (hours/minutes/seconds): 01:19:22
----------------------------------------

----------------------------------------
TRIAL 30 STARTED
----------------------------------------
Start Time: 2024-05-01 20:34:02
TRIAL 30 COMPLETE ✔
End Time: 2024-05-01 20:41:56
Total runtime for this trial (minutes/seconds): 07:53
----------------------------------------
Total hill visits: 30
Total prediction errors: 237
Total search depth: 737207
Total times memory accessed: 2903883
Total times 24 >= t < 49: 4
Total times 49 >= t < 74: 0
Total times 74 >= t < 99: 0
Total times t == 99: 0
Total time steps survived: 655
Total runtime so far (hours/minutes/seconds): 01:27:16
----------------------------------------

----------------------------------------
TRIAL 31 STARTED
----------------------------------------
Start Time: 2024-05-01 20:41:56
TRIAL 31 COMPLETE ✔
End Time: 2024-05-01 20:47:52
Total runtime for this trial (minutes/seconds): 05:56
----------------------------------------
Total hill visits: 34
Total prediction errors: 244
Total search depth: 785173
Total times memory accessed: 3086782
Total times 24 >= t < 49: 5
Total times 49 >= t < 74: 0
Total times 74 >= t < 99: 0
Total times t == 99: 0
Total time steps survived: 685
Total runtime so far (hours/minutes/seconds): 01:33:12
----------------------------------------

----------------------------------------
TRIAL 32 STARTED
----------------------------------------
Start Time: 2024-05-01 20:47:52
TRIAL 32 COMPLETE ✔
End Time: 2024-05-01 20:49:48
Total runtime for this trial (minutes/seconds): 01:55
----------------------------------------
Total hill visits: 35
Total prediction errors: 252
Total search depth: 802184
Total times memory accessed: 3144767
Total times 24 >= t < 49: 5
Total times 49 >= t < 74: 0
Total times 74 >= t < 99: 0
Total times t == 99: 0
Total time steps survived: 705
Total runtime so far (hours/minutes/seconds): 01:35:08
----------------------------------------

----------------------------------------
TRIAL 33 STARTED
----------------------------------------
Start Time: 2024-05-01 20:49:48
TRIAL 33 COMPLETE ✔
End Time: 2024-05-01 21:01:28
Total runtime for this trial (minutes/seconds): 11:40
----------------------------------------
Total hill visits: 37
Total prediction errors: 263
Total search depth: 908970
Total times memory accessed: 3504637
Total times 24 >= t < 49: 5
Total times 49 >= t < 74: 1
Total times 74 >= t < 99: 0
Total times t == 99: 0
Total time steps survived: 761
Total runtime so far (hours/minutes/seconds): 01:46:48
----------------------------------------

----------------------------------------
TRIAL 34 STARTED
----------------------------------------
Start Time: 2024-05-01 21:01:28
TRIAL 34 COMPLETE ✔
End Time: 2024-05-01 21:06:17
Total runtime for this trial (minutes/seconds): 04:49
----------------------------------------
Total hill visits: 38
Total prediction errors: 269
Total search depth: 948858
Total times memory accessed: 3657360
Total times 24 >= t < 49: 5
Total times 49 >= t < 74: 1
Total times 74 >= t < 99: 0
Total times t == 99: 0
Total time steps survived: 781
Total runtime so far (hours/minutes/seconds): 01:51:37
----------------------------------------

----------------------------------------
TRIAL 35 STARTED
----------------------------------------
Start Time: 2024-05-01 21:06:17
TRIAL 35 COMPLETE ✔
End Time: 2024-05-01 21:10:46
Total runtime for this trial (minutes/seconds): 04:29
----------------------------------------
Total hill visits: 40
Total prediction errors: 273
Total search depth: 992569
Total times memory accessed: 3827256
Total times 24 >= t < 49: 5
Total times 49 >= t < 74: 1
Total times 74 >= t < 99: 0
Total times t == 99: 0
Total time steps survived: 801
Total runtime so far (hours/minutes/seconds): 01:56:06
----------------------------------------

----------------------------------------
TRIAL 36 STARTED
----------------------------------------
Start Time: 2024-05-01 21:10:46
TRIAL 36 COMPLETE ✔
End Time: 2024-05-01 21:13:35
Total runtime for this trial (minutes/seconds): 02:49
----------------------------------------
Total hill visits: 41
Total prediction errors: 277
Total search depth: 1017410
Total times memory accessed: 3919156
Total times 24 >= t < 49: 5
Total times 49 >= t < 74: 1
Total times 74 >= t < 99: 0
Total times t == 99: 0
Total time steps survived: 821
Total runtime so far (hours/minutes/seconds): 01:58:56
----------------------------------------

----------------------------------------
TRIAL 37 STARTED
----------------------------------------
Start Time: 2024-05-01 21:13:35
TRIAL 37 COMPLETE ✔
End Time: 2024-05-01 21:16:38
Total runtime for this trial (minutes/seconds): 03:02
----------------------------------------
Total hill visits: 42
Total prediction errors: 280
Total search depth: 1043721
Total times memory accessed: 4014294
Total times 24 >= t < 49: 5
Total times 49 >= t < 74: 1
Total times 74 >= t < 99: 0
Total times t == 99: 0
Total time steps survived: 841
Total runtime so far (hours/minutes/seconds): 02:01:58
----------------------------------------

----------------------------------------
TRIAL 38 STARTED
----------------------------------------
Start Time: 2024-05-01 21:16:38
TRIAL 38 COMPLETE ✔
End Time: 2024-05-01 21:20:05
Total runtime for this trial (minutes/seconds): 03:26
----------------------------------------
Total hill visits: 43
Total prediction errors: 284
Total search depth: 1073746
Total times memory accessed: 4119712
Total times 24 >= t < 49: 5
Total times 49 >= t < 74: 1
Total times 74 >= t < 99: 0
Total times t == 99: 0
Total time steps survived: 863
Total runtime so far (hours/minutes/seconds): 02:05:25
----------------------------------------

----------------------------------------
TRIAL 39 STARTED
----------------------------------------
Start Time: 2024-05-01 21:20:05
TRIAL 39 COMPLETE ✔
End Time: 2024-05-01 21:25:08
Total runtime for this trial (minutes/seconds): 05:03
----------------------------------------
Total hill visits: 44
Total prediction errors: 296
Total search depth: 1122111
Total times memory accessed: 4283941
Total times 24 >= t < 49: 6
Total times 49 >= t < 74: 1
Total times 74 >= t < 99: 0
Total times t == 99: 0
Total time steps survived: 895
Total runtime so far (hours/minutes/seconds): 02:10:28
----------------------------------------

----------------------------------------
TRIAL 40 STARTED
----------------------------------------
Start Time: 2024-05-01 21:25:08
TRIAL 40 COMPLETE ✔
End Time: 2024-05-01 21:28:10
Total runtime for this trial (minutes/seconds): 03:01
----------------------------------------
Total hill visits: 45
Total prediction errors: 296
Total search depth: 1150318
Total times memory accessed: 4381534
Total times 24 >= t < 49: 6
Total times 49 >= t < 74: 1
Total times 74 >= t < 99: 0
Total times t == 99: 0
Total time steps survived: 917
Total runtime so far (hours/minutes/seconds): 02:13:30
----------------------------------------

----------------------------------------
TRIAL 41 STARTED
----------------------------------------
Start Time: 2024-05-01 21:28:10
TRIAL 41 COMPLETE ✔
End Time: 2024-05-01 21:36:50
Total runtime for this trial (minutes/seconds): 08:40
----------------------------------------
Total hill visits: 47
Total prediction errors: 304
Total search depth: 1223697
Total times memory accessed: 4648129
Total times 24 >= t < 49: 6
Total times 49 >= t < 74: 1
Total times 74 >= t < 99: 0
Total times t == 99: 0
Total time steps survived: 937
Total runtime so far (hours/minutes/seconds): 02:22:10
----------------------------------------

----------------------------------------
TRIAL 42 STARTED
----------------------------------------
Start Time: 2024-05-01 21:36:50
TRIAL 42 COMPLETE ✔
End Time: 2024-05-01 21:48:50
Total runtime for this trial (minutes/seconds): 11:59
----------------------------------------
Total hill visits: 49
Total prediction errors: 311
Total search depth: 1332174
Total times memory accessed: 5029977
Total times 24 >= t < 49: 7
Total times 49 >= t < 74: 1
Total times 74 >= t < 99: 0
Total times t == 99: 0
Total time steps survived: 976
Total runtime so far (hours/minutes/seconds): 02:34:10
----------------------------------------

----------------------------------------
TRIAL 43 STARTED
----------------------------------------
Start Time: 2024-05-01 21:48:50
TRIAL 43 COMPLETE ✔
End Time: 2024-05-01 21:54:06
Total runtime for this trial (minutes/seconds): 05:15
----------------------------------------
Total hill visits: 50
Total prediction errors: 316
Total search depth: 1379519
Total times memory accessed: 5191480
Total times 24 >= t < 49: 8
Total times 49 >= t < 74: 1
Total times 74 >= t < 99: 0
Total times t == 99: 0
Total time steps survived: 1007
Total runtime so far (hours/minutes/seconds): 02:39:26
----------------------------------------

----------------------------------------
TRIAL 44 STARTED
----------------------------------------
Start Time: 2024-05-01 21:54:06
TRIAL 44 COMPLETE ✔
End Time: 2024-05-01 21:57:40
Total runtime for this trial (minutes/seconds): 03:34
----------------------------------------
Total hill visits: 51
Total prediction errors: 322
Total search depth: 1410963
Total times memory accessed: 5301467
Total times 24 >= t < 49: 8
Total times 49 >= t < 74: 1
Total times 74 >= t < 99: 0
Total times t == 99: 0
Total time steps survived: 1029
Total runtime so far (hours/minutes/seconds): 02:43:00
----------------------------------------

----------------------------------------
TRIAL 45 STARTED
----------------------------------------
Start Time: 2024-05-01 21:57:40
TRIAL 45 COMPLETE ✔
End Time: 2024-05-01 22:08:32
Total runtime for this trial (minutes/seconds): 10:51
----------------------------------------
Total hill visits: 53
Total prediction errors: 328
Total search depth: 1504124
Total times memory accessed: 5645106
Total times 24 >= t < 49: 9
Total times 49 >= t < 74: 1
Total times 74 >= t < 99: 0
Total times t == 99: 0
Total time steps survived: 1062
Total runtime so far (hours/minutes/seconds): 02:53:52
----------------------------------------

----------------------------------------
TRIAL 46 STARTED
----------------------------------------
Start Time: 2024-05-01 22:08:32
TRIAL 46 COMPLETE ✔
End Time: 2024-05-01 22:20:59
Total runtime for this trial (minutes/seconds): 12:26
----------------------------------------
Total hill visits: 55
Total prediction errors: 337
Total search depth: 1612793
Total times memory accessed: 6032439
Total times 24 >= t < 49: 10
Total times 49 >= t < 74: 1
Total times 74 >= t < 99: 0
Total times t == 99: 0
Total time steps survived: 1104
Total runtime so far (hours/minutes/seconds): 03:06:19
----------------------------------------

----------------------------------------
TRIAL 47 STARTED
----------------------------------------
Start Time: 2024-05-01 22:20:59
TRIAL 47 COMPLETE ✔
End Time: 2024-05-01 22:34:12
Total runtime for this trial (minutes/seconds): 13:13
----------------------------------------
Total hill visits: 56
Total prediction errors: 349
Total search depth: 1735261
Total times memory accessed: 6466894
Total times 24 >= t < 49: 11
Total times 49 >= t < 74: 1
Total times 74 >= t < 99: 0
Total times t == 99: 0
Total time steps survived: 1151
Total runtime so far (hours/minutes/seconds): 03:19:32
----------------------------------------

----------------------------------------
TRIAL 48 STARTED
----------------------------------------
Start Time: 2024-05-01 22:34:12
TRIAL 48 COMPLETE ✔
End Time: 2024-05-01 23:08:57
Total runtime for this trial (minutes/seconds): 34:44
----------------------------------------
Total hill visits: 57
Total prediction errors: 368
Total search depth: 2060978
Total times memory accessed: 7582169
Total times 24 >= t < 49: 11
Total times 49 >= t < 74: 1
Total times 74 >= t < 99: 0
Total times t == 99: 0
Total time steps survived: 1250
Total runtime so far (hours/minutes/seconds): 03:54:17
----------------------------------------

----------------------------------------
TRIAL 49 STARTED
----------------------------------------
Start Time: 2024-05-01 23:08:57
TRIAL 49 COMPLETE ✔
End Time: 2024-05-01 23:17:35
Total runtime for this trial (minutes/seconds): 08:37
----------------------------------------
Total hill visits: 58
Total prediction errors: 373
Total search depth: 2134507
Total times memory accessed: 7846355
Total times 24 >= t < 49: 12
Total times 49 >= t < 74: 1
Total times 74 >= t < 99: 0
Total times t == 99: 0
Total time steps survived: 1280
Total runtime so far (hours/minutes/seconds): 04:02:55
----------------------------------------

----------------------------------------
TRIAL 50 STARTED
----------------------------------------
Start Time: 2024-05-01 23:17:35
TRIAL 50 COMPLETE ✔
End Time: 2024-05-01 23:34:25
Total runtime for this trial (minutes/seconds): 16:50
----------------------------------------
Total hill visits: 59
Total prediction errors: 385
Total search depth: 2281530
Total times memory accessed: 8359608
Total times 24 >= t < 49: 12
Total times 49 >= t < 74: 2
Total times 74 >= t < 99: 0
Total times t == 99: 0
Total time steps survived: 1345
Total runtime so far (hours/minutes/seconds): 04:19:45
----------------------------------------

----------------------------------------
TRIAL 51 STARTED
----------------------------------------
Start Time: 2024-05-01 23:34:25
TRIAL 51 COMPLETE ✔
End Time: 2024-05-01 23:38:06
Total runtime for this trial (minutes/seconds): 03:41
----------------------------------------
Total hill visits: 60
Total prediction errors: 389
Total search depth: 2314374
Total times memory accessed: 8478631
Total times 24 >= t < 49: 13
Total times 49 >= t < 74: 2
Total times 74 >= t < 99: 0
Total times t == 99: 0
Total time steps survived: 1378
Total runtime so far (hours/minutes/seconds): 04:23:26
----------------------------------------

----------------------------------------
TRIAL 52 STARTED
----------------------------------------
Start Time: 2024-05-01 23:38:06
TRIAL 52 COMPLETE ✔
End Time: 2024-05-02 00:03:48
Total runtime for this trial (minutes/seconds): 25:41
----------------------------------------
Total hill visits: 62
Total prediction errors: 402
Total search depth: 2543133
Total times memory accessed: 9264895
Total times 24 >= t < 49: 13
Total times 49 >= t < 74: 2
Total times 74 >= t < 99: 1
Total times t == 99: 0
Total time steps survived: 1468
Total runtime so far (hours/minutes/seconds): 04:49:08
----------------------------------------

----------------------------------------
TRIAL 53 STARTED
----------------------------------------
Start Time: 2024-05-02 00:03:48
TRIAL 53 COMPLETE ✔
End Time: 2024-05-02 00:20:31
Total runtime for this trial (minutes/seconds): 16:43
----------------------------------------
Total hill visits: 63
Total prediction errors: 411
Total search depth: 2688262
Total times memory accessed: 9771542
Total times 24 >= t < 49: 13
Total times 49 >= t < 74: 3
Total times 74 >= t < 99: 1
Total times t == 99: 0
Total time steps survived: 1523
Total runtime so far (hours/minutes/seconds): 05:05:51
----------------------------------------

----------------------------------------
TRIAL 54 STARTED
----------------------------------------
Start Time: 2024-05-02 00:20:31
TRIAL 54 COMPLETE ✔
End Time: 2024-05-02 00:41:59
Total runtime for this trial (minutes/seconds): 21:27
----------------------------------------
Total hill visits: 64
Total prediction errors: 427
Total search depth: 2881572
Total times memory accessed: 10439904
Total times 24 >= t < 49: 13
Total times 49 >= t < 74: 4
Total times 74 >= t < 99: 1
Total times t == 99: 0
Total time steps survived: 1585
Total runtime so far (hours/minutes/seconds): 05:27:19
----------------------------------------

----------------------------------------
TRIAL 55 STARTED
----------------------------------------
Start Time: 2024-05-02 00:41:59
TRIAL 55 COMPLETE ✔
End Time: 2024-05-02 01:09:25
Total runtime for this trial (minutes/seconds): 27:26
----------------------------------------
Total hill visits: 65
Total prediction errors: 437
Total search depth: 3123855
Total times memory accessed: 11315466
Total times 24 >= t < 49: 14
Total times 49 >= t < 74: 4
Total times 74 >= t < 99: 1
Total times t == 99: 0
Total time steps survived: 1610
Total runtime so far (hours/minutes/seconds): 05:54:45
----------------------------------------

----------------------------------------
TRIAL 56 STARTED
----------------------------------------
Start Time: 2024-05-02 01:09:25
TRIAL 56 COMPLETE ✔
End Time: 2024-05-02 01:15:35
Total runtime for this trial (minutes/seconds): 06:10
----------------------------------------
Total hill visits: 67
Total prediction errors: 439
Total search depth: 3181495
Total times memory accessed: 11504762
Total times 24 >= t < 49: 14
Total times 49 >= t < 74: 4
Total times 74 >= t < 99: 1
Total times t == 99: 0
Total time steps survived: 1630
Total runtime so far (hours/minutes/seconds): 06:00:55
----------------------------------------

----------------------------------------
TRIAL 57 STARTED
----------------------------------------
Start Time: 2024-05-02 01:15:35
TRIAL 57 COMPLETE ✔
End Time: 2024-05-02 01:31:43
Total runtime for this trial (minutes/seconds): 16:07
----------------------------------------
Total hill visits: 68
Total prediction errors: 448
Total search depth: 3344442
Total times memory accessed: 12066149
Total times 24 >= t < 49: 14
Total times 49 >= t < 74: 5
Total times 74 >= t < 99: 1
Total times t == 99: 0
Total time steps survived: 1702
Total runtime so far (hours/minutes/seconds): 06:17:03
----------------------------------------

----------------------------------------
TRIAL 58 STARTED
----------------------------------------
Start Time: 2024-05-02 01:31:43
TRIAL 58 COMPLETE ✔
End Time: 2024-05-02 01:39:49
Total runtime for this trial (minutes/seconds): 08:05
----------------------------------------
Total hill visits: 69
Total prediction errors: 453
Total search depth: 3428602
Total times memory accessed: 12344114
Total times 24 >= t < 49: 15
Total times 49 >= t < 74: 5
Total times 74 >= t < 99: 1
Total times t == 99: 0
Total time steps survived: 1733
Total runtime so far (hours/minutes/seconds): 06:25:09
----------------------------------------

----------------------------------------
TRIAL 59 STARTED
----------------------------------------
Start Time: 2024-05-02 01:39:49
TRIAL 59 COMPLETE ✔
End Time: 2024-05-02 01:47:47
Total runtime for this trial (minutes/seconds): 07:58
----------------------------------------
Total hill visits: 71
Total prediction errors: 458
Total search depth: 3512890
Total times memory accessed: 12614498
Total times 24 >= t < 49: 15
Total times 49 >= t < 74: 6
Total times 74 >= t < 99: 1
Total times t == 99: 0
Total time steps survived: 1797
Total runtime so far (hours/minutes/seconds): 06:33:08
----------------------------------------

----------------------------------------
TRIAL 60 STARTED
----------------------------------------
Start Time: 2024-05-02 01:47:47
TRIAL 60 COMPLETE ✔
End Time: 2024-05-02 02:06:45
Total runtime for this trial (minutes/seconds): 18:57
----------------------------------------
Total hill visits: 72
Total prediction errors: 464
Total search depth: 3697982
Total times memory accessed: 13245742
Total times 24 >= t < 49: 16
Total times 49 >= t < 74: 6
Total times 74 >= t < 99: 1
Total times t == 99: 0
Total time steps survived: 1836
Total runtime so far (hours/minutes/seconds): 06:52:05
----------------------------------------

----------------------------------------
TRIAL 61 STARTED
----------------------------------------
Start Time: 2024-05-02 02:06:45
TRIAL 61 COMPLETE ✔
End Time: 2024-05-02 02:17:53
Total runtime for this trial (minutes/seconds): 11:07
----------------------------------------
Total hill visits: 73
Total prediction errors: 471
Total search depth: 3808651
Total times memory accessed: 13635518
Total times 24 >= t < 49: 16
Total times 49 >= t < 74: 6
Total times 74 >= t < 99: 1
Total times t == 99: 0
Total time steps survived: 1856
Total runtime so far (hours/minutes/seconds): 07:03:13
----------------------------------------

----------------------------------------
TRIAL 62 STARTED
----------------------------------------
Start Time: 2024-05-02 02:17:53
TRIAL 62 COMPLETE ✔
End Time: 2024-05-02 02:23:44
Total runtime for this trial (minutes/seconds): 05:51
----------------------------------------
Total hill visits: 74
Total prediction errors: 476
Total search depth: 3868804
Total times memory accessed: 13843822
Total times 24 >= t < 49: 17
Total times 49 >= t < 74: 6
Total times 74 >= t < 99: 1
Total times t == 99: 0
Total time steps survived: 1881
Total runtime so far (hours/minutes/seconds): 07:09:04
----------------------------------------

----------------------------------------
TRIAL 63 STARTED
----------------------------------------
Start Time: 2024-05-02 02:23:44
TRIAL 63 COMPLETE ✔
End Time: 2024-05-02 02:40:28
Total runtime for this trial (minutes/seconds): 16:44
----------------------------------------
Total hill visits: 75
Total prediction errors: 481
Total search depth: 4035505
Total times memory accessed: 14420176
Total times 24 >= t < 49: 18
Total times 49 >= t < 74: 6
Total times 74 >= t < 99: 1
Total times t == 99: 0
Total time steps survived: 1906
Total runtime so far (hours/minutes/seconds): 07:25:48
----------------------------------------

----------------------------------------
TRIAL 64 STARTED
----------------------------------------
Start Time: 2024-05-02 02:40:28
TRIAL 64 COMPLETE ✔
End Time: 2024-05-02 02:58:57
Total runtime for this trial (minutes/seconds): 18:29
----------------------------------------
Total hill visits: 77
Total prediction errors: 490
Total search depth: 4211731
Total times memory accessed: 15007637
Total times 24 >= t < 49: 18
Total times 49 >= t < 74: 7
Total times 74 >= t < 99: 1
Total times t == 99: 0
Total time steps survived: 1968
Total runtime so far (hours/minutes/seconds): 07:44:17
----------------------------------------

----------------------------------------
TRIAL 65 STARTED
----------------------------------------
Start Time: 2024-05-02 02:58:57
TRIAL 65 COMPLETE ✔
End Time: 2024-05-02 03:04:08
Total runtime for this trial (minutes/seconds): 05:10
----------------------------------------
Total hill visits: 78
Total prediction errors: 494
Total search depth: 4262194
Total times memory accessed: 15177689
Total times 24 >= t < 49: 18
Total times 49 >= t < 74: 7
Total times 74 >= t < 99: 1
Total times t == 99: 0
Total time steps survived: 1990
Total runtime so far (hours/minutes/seconds): 07:49:28
----------------------------------------

----------------------------------------
TRIAL 66 STARTED
----------------------------------------
Start Time: 2024-05-02 03:04:08
TRIAL 66 COMPLETE ✔
End Time: 2024-05-02 03:39:43
Total runtime for this trial (minutes/seconds): 35:35
----------------------------------------
Total hill visits: 80
Total prediction errors: 510
Total search depth: 4591364
Total times memory accessed: 16294505
Total times 24 >= t < 49: 18
Total times 49 >= t < 74: 7
Total times 74 >= t < 99: 1
Total times t == 99: 0
Total time steps survived: 2089
Total runtime so far (hours/minutes/seconds): 08:25:03
----------------------------------------

----------------------------------------
TRIAL 67 STARTED
----------------------------------------
Start Time: 2024-05-02 03:39:43
TRIAL 67 COMPLETE ✔
End Time: 2024-05-02 04:08:22
Total runtime for this trial (minutes/seconds): 28:38
----------------------------------------
Total hill visits: 83
Total prediction errors: 523
Total search depth: 4856605
Total times memory accessed: 17173127
Total times 24 >= t < 49: 18
Total times 49 >= t < 74: 8
Total times 74 >= t < 99: 1
Total times t == 99: 0
Total time steps survived: 2145
Total runtime so far (hours/minutes/seconds): 08:53:42
----------------------------------------

----------------------------------------
TRIAL 68 STARTED
----------------------------------------
Start Time: 2024-05-02 04:08:22
TRIAL 68 COMPLETE ✔
End Time: 2024-05-02 04:14:50
Total runtime for this trial (minutes/seconds): 06:28
----------------------------------------
Total hill visits: 84
Total prediction errors: 528
Total search depth: 4913626
Total times memory accessed: 17371859
Total times 24 >= t < 49: 18
Total times 49 >= t < 74: 8
Total times 74 >= t < 99: 1
Total times t == 99: 0
Total time steps survived: 2167
Total runtime so far (hours/minutes/seconds): 09:00:10
----------------------------------------

----------------------------------------
TRIAL 69 STARTED
----------------------------------------
Start Time: 2024-05-02 04:14:50
TRIAL 69 COMPLETE ✔
End Time: 2024-05-02 04:20:49
Total runtime for this trial (minutes/seconds): 05:58
----------------------------------------
Total hill visits: 85
Total prediction errors: 530
Total search depth: 4971813
Total times memory accessed: 17559838
Total times 24 >= t < 49: 18
Total times 49 >= t < 74: 8
Total times 74 >= t < 99: 1
Total times t == 99: 0
Total time steps survived: 2187
Total runtime so far (hours/minutes/seconds): 09:06:09
----------------------------------------

----------------------------------------
TRIAL 70 STARTED
----------------------------------------
Start Time: 2024-05-02 04:20:49
TRIAL 70 COMPLETE ✔
End Time: 2024-05-02 04:57:30
Total runtime for this trial (minutes/seconds): 36:41
----------------------------------------
Total hill visits: 88
Total prediction errors: 546
Total search depth: 5312377
Total times memory accessed: 18692359
Total times 24 >= t < 49: 18
Total times 49 >= t < 74: 8
Total times 74 >= t < 99: 1
Total times t == 99: 0
Total time steps survived: 2286
Total runtime so far (hours/minutes/seconds): 09:42:50
----------------------------------------

----------------------------------------
TRIAL 71 STARTED
----------------------------------------
Start Time: 2024-05-02 04:57:30
TRIAL 71 COMPLETE ✔
End Time: 2024-05-02 05:05:12
Total runtime for this trial (minutes/seconds): 07:42
----------------------------------------
Total hill visits: 89
Total prediction errors: 550
Total search depth: 5400808
Total times memory accessed: 18976769
Total times 24 >= t < 49: 19
Total times 49 >= t < 74: 8
Total times 74 >= t < 99: 1
Total times t == 99: 0
Total time steps survived: 2330
Total runtime so far (hours/minutes/seconds): 09:50:33
----------------------------------------

----------------------------------------
TRIAL 72 STARTED
----------------------------------------
Start Time: 2024-05-02 05:05:12
TRIAL 72 COMPLETE ✔
End Time: 2024-05-02 05:09:39
Total runtime for this trial (minutes/seconds): 04:26
----------------------------------------
Total hill visits: 90
Total prediction errors: 553
Total search depth: 5446030
Total times memory accessed: 19126590
Total times 24 >= t < 49: 19
Total times 49 >= t < 74: 8
Total times 74 >= t < 99: 1
Total times t == 99: 0
Total time steps survived: 2350
Total runtime so far (hours/minutes/seconds): 09:54:59
----------------------------------------

----------------------------------------
TRIAL 73 STARTED
----------------------------------------
Start Time: 2024-05-02 05:09:39
TRIAL 73 COMPLETE ✔
End Time: 2024-05-02 05:29:52
Total runtime for this trial (minutes/seconds): 20:12
----------------------------------------
Total hill visits: 91
Total prediction errors: 562
Total search depth: 5663030
Total times memory accessed: 19824951
Total times 24 >= t < 49: 19
Total times 49 >= t < 74: 8
Total times 74 >= t < 99: 1
Total times t == 99: 0
Total time steps survived: 2449
Total runtime so far (hours/minutes/seconds): 10:15:12
----------------------------------------

----------------------------------------
TRIAL 74 STARTED
----------------------------------------
Start Time: 2024-05-02 05:29:52
TRIAL 74 COMPLETE ✔
End Time: 2024-05-02 05:49:25
Total runtime for this trial (minutes/seconds): 19:32
----------------------------------------
Total hill visits: 93
Total prediction errors: 572
Total search depth: 5893621
Total times memory accessed: 20567521
Total times 24 >= t < 49: 19
Total times 49 >= t < 74: 8
Total times 74 >= t < 99: 1
Total times t == 99: 0
Total time steps survived: 2548
Total runtime so far (hours/minutes/seconds): 10:34:45
----------------------------------------

----------------------------------------
TRIAL 75 STARTED
----------------------------------------
Start Time: 2024-05-02 05:49:25
TRIAL 75 COMPLETE ✔
End Time: 2024-05-02 06:10:43
Total runtime for this trial (minutes/seconds): 21:18
----------------------------------------
Total hill visits: 95
Total prediction errors: 585
Total search depth: 6152947
Total times memory accessed: 21386662
Total times 24 >= t < 49: 19
Total times 49 >= t < 74: 8
Total times 74 >= t < 99: 1
Total times t == 99: 0
Total time steps survived: 2647
Total runtime so far (hours/minutes/seconds): 10:56:03
----------------------------------------

----------------------------------------
TRIAL 76 STARTED
----------------------------------------
Start Time: 2024-05-02 06:10:43
TRIAL 76 COMPLETE ✔
End Time: 2024-05-02 06:19:27
Total runtime for this trial (minutes/seconds): 08:43
----------------------------------------
Total hill visits: 96
Total prediction errors: 590
Total search depth: 6254233
Total times memory accessed: 21692833
Total times 24 >= t < 49: 19
Total times 49 >= t < 74: 8
Total times 74 >= t < 99: 1
Total times t == 99: 0
Total time steps survived: 2746
Total runtime so far (hours/minutes/seconds): 11:04:47
----------------------------------------

----------------------------------------
TRIAL 77 STARTED
----------------------------------------
Start Time: 2024-05-02 06:19:27
TRIAL 77 COMPLETE ✔
End Time: 2024-05-02 06:38:45
Total runtime for this trial (minutes/seconds): 19:18
----------------------------------------
Total hill visits: 98
Total prediction errors: 604
Total search depth: 6480137
Total times memory accessed: 22424814
Total times 24 >= t < 49: 19
Total times 49 >= t < 74: 8
Total times 74 >= t < 99: 1
Total times t == 99: 0
Total time steps survived: 2845
Total runtime so far (hours/minutes/seconds): 11:24:05
----------------------------------------

----------------------------------------
TRIAL 78 STARTED
----------------------------------------
Start Time: 2024-05-02 06:38:45
TRIAL 78 COMPLETE ✔
End Time: 2024-05-02 06:54:12
Total runtime for this trial (minutes/seconds): 15:26
----------------------------------------
Total hill visits: 100
Total prediction errors: 610
Total search depth: 6653144
Total times memory accessed: 23015521
Total times 24 >= t < 49: 20
Total times 49 >= t < 74: 8
Total times 74 >= t < 99: 1
Total times t == 99: 0
Total time steps survived: 2888
Total runtime so far (hours/minutes/seconds): 11:39:32
----------------------------------------

----------------------------------------
TRIAL 79 STARTED
----------------------------------------
Start Time: 2024-05-02 06:54:12
TRIAL 79 COMPLETE ✔
End Time: 2024-05-02 06:58:47
Total runtime for this trial (minutes/seconds): 04:34
----------------------------------------
Total hill visits: 101
Total prediction errors: 615
Total search depth: 6704167
Total times memory accessed: 23193325
Total times 24 >= t < 49: 20
Total times 49 >= t < 74: 8
Total times 74 >= t < 99: 1
Total times t == 99: 0
Total time steps survived: 2908
Total runtime so far (hours/minutes/seconds): 11:44:07
----------------------------------------

----------------------------------------
TRIAL 80 STARTED
----------------------------------------
Start Time: 2024-05-02 06:58:47
TRIAL 80 COMPLETE ✔
End Time: 2024-05-02 07:08:24
Total runtime for this trial (minutes/seconds): 09:37
----------------------------------------
Total hill visits: 102
Total prediction errors: 622
Total search depth: 6812304
Total times memory accessed: 23540704
Total times 24 >= t < 49: 20
Total times 49 >= t < 74: 8
Total times 74 >= t < 99: 2
Total times t == 99: 0
Total time steps survived: 2984
Total runtime so far (hours/minutes/seconds): 11:53:44
----------------------------------------

----------------------------------------
TRIAL 81 STARTED
----------------------------------------
Start Time: 2024-05-02 07:08:24
TRIAL 81 COMPLETE ✔
End Time: 2024-05-02 07:18:31
Total runtime for this trial (minutes/seconds): 10:07
----------------------------------------
Total hill visits: 105
Total prediction errors: 631
Total search depth: 6929353
Total times memory accessed: 23920379
Total times 24 >= t < 49: 20
Total times 49 >= t < 74: 9
Total times 74 >= t < 99: 2
Total times t == 99: 0
Total time steps survived: 3051
Total runtime so far (hours/minutes/seconds): 12:03:51
----------------------------------------

----------------------------------------
TRIAL 82 STARTED
----------------------------------------
Start Time: 2024-05-02 07:18:31
TRIAL 82 COMPLETE ✔
End Time: 2024-05-02 07:35:34
Total runtime for this trial (minutes/seconds): 17:02
----------------------------------------
Total hill visits: 107
Total prediction errors: 640
Total search depth: 7133594
Total times memory accessed: 24569762
Total times 24 >= t < 49: 20
Total times 49 >= t < 74: 9
Total times 74 >= t < 99: 2
Total times t == 99: 0
Total time steps survived: 3150
Total runtime so far (hours/minutes/seconds): 12:20:54
----------------------------------------

----------------------------------------
TRIAL 83 STARTED
----------------------------------------
Start Time: 2024-05-02 07:35:34
TRIAL 83 COMPLETE ✔
End Time: 2024-05-02 07:55:14
Total runtime for this trial (minutes/seconds): 19:39
----------------------------------------
Total hill visits: 108
Total prediction errors: 653
Total search depth: 7360658
Total times memory accessed: 25322894
Total times 24 >= t < 49: 20
Total times 49 >= t < 74: 10
Total times 74 >= t < 99: 2
Total times t == 99: 0
Total time steps survived: 3220
Total runtime so far (hours/minutes/seconds): 12:40:34
----------------------------------------

----------------------------------------
TRIAL 84 STARTED
----------------------------------------
Start Time: 2024-05-02 07:55:14
TRIAL 84 COMPLETE ✔
End Time: 2024-05-02 08:13:40
Total runtime for this trial (minutes/seconds): 18:26
----------------------------------------
Total hill visits: 109
Total prediction errors: 665
Total search depth: 7576965
Total times memory accessed: 26016334
Total times 24 >= t < 49: 21
Total times 49 >= t < 74: 10
Total times 74 >= t < 99: 2
Total times t == 99: 0
Total time steps survived: 3262
Total runtime so far (hours/minutes/seconds): 12:59:01
----------------------------------------

----------------------------------------
TRIAL 85 STARTED
----------------------------------------
Start Time: 2024-05-02 08:13:40
TRIAL 85 COMPLETE ✔
End Time: 2024-05-02 08:27:58
Total runtime for this trial (minutes/seconds): 14:17
----------------------------------------
Total hill visits: 110
Total prediction errors: 673
Total search depth: 7740669
Total times memory accessed: 26565255
Total times 24 >= t < 49: 21
Total times 49 >= t < 74: 11
Total times 74 >= t < 99: 2
Total times t == 99: 0
Total time steps survived: 3311
Total runtime so far (hours/minutes/seconds): 13:13:18
----------------------------------------

----------------------------------------
TRIAL 86 STARTED
----------------------------------------
Start Time: 2024-05-02 08:27:58
TRIAL 86 COMPLETE ✔
End Time: 2024-05-02 08:52:45
Total runtime for this trial (minutes/seconds): 24:47
----------------------------------------
Total hill visits: 114
Total prediction errors: 683
Total search depth: 8033707
Total times memory accessed: 27488586
Total times 24 >= t < 49: 21
Total times 49 >= t < 74: 11
Total times 74 >= t < 99: 2
Total times t == 99: 0
Total time steps survived: 3410
Total runtime so far (hours/minutes/seconds): 13:38:05
----------------------------------------

----------------------------------------
TRIAL 87 STARTED
----------------------------------------
Start Time: 2024-05-02 08:52:45
TRIAL 87 COMPLETE ✔
End Time: 2024-05-02 09:12:40
Total runtime for this trial (minutes/seconds): 19:54
----------------------------------------
Total hill visits: 115
Total prediction errors: 698
Total search depth: 8269787
Total times memory accessed: 28244636
Total times 24 >= t < 49: 21
Total times 49 >= t < 74: 11
Total times 74 >= t < 99: 3
Total times t == 99: 0
Total time steps survived: 3505
Total runtime so far (hours/minutes/seconds): 13:58:00
----------------------------------------

----------------------------------------
TRIAL 88 STARTED
----------------------------------------
Start Time: 2024-05-02 09:12:40
TRIAL 88 COMPLETE ✔
End Time: 2024-05-02 09:32:01
Total runtime for this trial (minutes/seconds): 19:21
----------------------------------------
Total hill visits: 118
Total prediction errors: 710
Total search depth: 8493201
Total times memory accessed: 28956475
Total times 24 >= t < 49: 21
Total times 49 >= t < 74: 11
Total times 74 >= t < 99: 3
Total times t == 99: 0
Total time steps survived: 3604
Total runtime so far (hours/minutes/seconds): 14:17:21
----------------------------------------

----------------------------------------
TRIAL 89 STARTED
----------------------------------------
Start Time: 2024-05-02 09:32:01
TRIAL 89 COMPLETE ✔
End Time: 2024-05-02 09:41:30
Total runtime for this trial (minutes/seconds): 09:29
----------------------------------------
Total hill visits: 119
Total prediction errors: 717
Total search depth: 8599706
Total times memory accessed: 29296499
Total times 24 >= t < 49: 21
Total times 49 >= t < 74: 12
Total times 74 >= t < 99: 3
Total times t == 99: 0
Total time steps survived: 3676
Total runtime so far (hours/minutes/seconds): 14:26:50
----------------------------------------

----------------------------------------
TRIAL 90 STARTED
----------------------------------------
Start Time: 2024-05-02 09:41:30
TRIAL 90 COMPLETE ✔
End Time: 2024-05-02 09:50:23
Total runtime for this trial (minutes/seconds): 08:52
----------------------------------------
Total hill visits: 120
Total prediction errors: 722
Total search depth: 8698035
Total times memory accessed: 29634728
Total times 24 >= t < 49: 22
Total times 49 >= t < 74: 12
Total times 74 >= t < 99: 3
Total times t == 99: 0
Total time steps survived: 3713
Total runtime so far (hours/minutes/seconds): 14:35:43
----------------------------------------

----------------------------------------
TRIAL 91 STARTED
----------------------------------------
Start Time: 2024-05-02 09:50:23
TRIAL 91 COMPLETE ✔
End Time: 2024-05-02 10:05:08
Total runtime for this trial (minutes/seconds): 14:44
----------------------------------------
Total hill visits: 122
Total prediction errors: 734
Total search depth: 8871139
Total times memory accessed: 30193327
Total times 24 >= t < 49: 22
Total times 49 >= t < 74: 12
Total times 74 >= t < 99: 4
Total times t == 99: 0
Total time steps survived: 3800
Total runtime so far (hours/minutes/seconds): 14:50:28
----------------------------------------

----------------------------------------
TRIAL 92 STARTED
----------------------------------------
Start Time: 2024-05-02 10:05:08
TRIAL 92 COMPLETE ✔
End Time: 2024-05-02 10:16:01
Total runtime for this trial (minutes/seconds): 10:53
----------------------------------------
Total hill visits: 123
Total prediction errors: 743
Total search depth: 8998375
Total times memory accessed: 30593569
Total times 24 >= t < 49: 23
Total times 49 >= t < 74: 12
Total times 74 >= t < 99: 4
Total times t == 99: 0
Total time steps survived: 3842
Total runtime so far (hours/minutes/seconds): 15:01:21
----------------------------------------

----------------------------------------
TRIAL 93 STARTED
----------------------------------------
Start Time: 2024-05-02 10:16:01
TRIAL 93 COMPLETE ✔
End Time: 2024-05-02 10:29:56
Total runtime for this trial (minutes/seconds): 13:55
----------------------------------------
Total hill visits: 125
Total prediction errors: 753
Total search depth: 9155890
Total times memory accessed: 31118916
Total times 24 >= t < 49: 23
Total times 49 >= t < 74: 12
Total times 74 >= t < 99: 5
Total times t == 99: 0
Total time steps survived: 3917
Total runtime so far (hours/minutes/seconds): 15:15:16
----------------------------------------

----------------------------------------
TRIAL 94 STARTED
----------------------------------------
Start Time: 2024-05-02 10:29:56
TRIAL 94 COMPLETE ✔
End Time: 2024-05-02 10:44:28
Total runtime for this trial (minutes/seconds): 14:31
----------------------------------------
Total hill visits: 126
Total prediction errors: 763
Total search depth: 9344467
Total times memory accessed: 31717861
Total times 24 >= t < 49: 23
Total times 49 >= t < 74: 13
Total times 74 >= t < 99: 5
Total times t == 99: 0
Total time steps survived: 3978
Total runtime so far (hours/minutes/seconds): 15:29:48
----------------------------------------

----------------------------------------
TRIAL 95 STARTED
----------------------------------------
Start Time: 2024-05-02 10:44:28
TRIAL 95 COMPLETE ✔
End Time: 2024-05-02 10:56:51
Total runtime for this trial (minutes/seconds): 12:22
----------------------------------------
Total hill visits: 127
Total prediction errors: 769
Total search depth: 9493202
Total times memory accessed: 32239103
Total times 24 >= t < 49: 23
Total times 49 >= t < 74: 13
Total times 74 >= t < 99: 5
Total times t == 99: 0
Total time steps survived: 4000
Total runtime so far (hours/minutes/seconds): 15:42:11
----------------------------------------

----------------------------------------
TRIAL 96 STARTED
----------------------------------------
Start Time: 2024-05-02 10:56:51
TRIAL 96 COMPLETE ✔
End Time: 2024-05-02 11:08:01
Total runtime for this trial (minutes/seconds): 11:09
----------------------------------------
Total hill visits: 129
Total prediction errors: 774
Total search depth: 9638475
Total times memory accessed: 32696579
Total times 24 >= t < 49: 23
Total times 49 >= t < 74: 13
Total times 74 >= t < 99: 5
Total times t == 99: 0
Total time steps survived: 4099
Total runtime so far (hours/minutes/seconds): 15:53:21
----------------------------------------

----------------------------------------
TRIAL 97 STARTED
----------------------------------------
Start Time: 2024-05-02 11:08:01
TRIAL 97 COMPLETE ✔
End Time: 2024-05-02 11:11:13
Total runtime for this trial (minutes/seconds): 03:12
----------------------------------------
Total hill visits: 130
Total prediction errors: 780
Total search depth: 9681708
Total times memory accessed: 32834539
Total times 24 >= t < 49: 23
Total times 49 >= t < 74: 13
Total times 74 >= t < 99: 5
Total times t == 99: 0
Total time steps survived: 4119
Total runtime so far (hours/minutes/seconds): 15:56:34
----------------------------------------

----------------------------------------
TRIAL 98 STARTED
----------------------------------------
Start Time: 2024-05-02 11:11:14
TRIAL 98 COMPLETE ✔
End Time: 2024-05-02 11:12:56
Total runtime for this trial (minutes/seconds): 01:42
----------------------------------------
Total hill visits: 131
Total prediction errors: 786
Total search depth: 9705098
Total times memory accessed: 32904040
Total times 24 >= t < 49: 23
Total times 49 >= t < 74: 13
Total times 74 >= t < 99: 5
Total times t == 99: 0
Total time steps survived: 4139
Total runtime so far (hours/minutes/seconds): 15:58:16
----------------------------------------

----------------------------------------
TRIAL 99 STARTED
----------------------------------------
Start Time: 2024-05-02 11:12:56
TRIAL 99 COMPLETE ✔
End Time: 2024-05-02 11:31:57
Total runtime for this trial (minutes/seconds): 19:01
----------------------------------------
Total hill visits: 134
Total prediction errors: 799
Total search depth: 9914298
Total times memory accessed: 33571544
Total times 24 >= t < 49: 23
Total times 49 >= t < 74: 13
Total times 74 >= t < 99: 6
Total times t == 99: 0
Total time steps survived: 4223
Total runtime so far (hours/minutes/seconds): 16:17:17
----------------------------------------

----------------------------------------
TRIAL 100 STARTED
----------------------------------------
Start Time: 2024-05-02 11:31:57
TRIAL 100 COMPLETE ✔
End Time: 2024-05-02 11:38:00
Total runtime for this trial (minutes/seconds): 06:02
----------------------------------------
Total hill visits: 135
Total prediction errors: 803
Total search depth: 9980635
Total times memory accessed: 33783355
Total times 24 >= t < 49: 24
Total times 49 >= t < 74: 13
Total times 74 >= t < 99: 6
Total times t == 99: 0
Total time steps survived: 4252
Total runtime so far (hours/minutes/seconds): 16:23:20
----------------------------------------

----------------------------------------
TRIAL 101 STARTED
----------------------------------------
Start Time: 2024-05-02 11:38:00
TRIAL 101 COMPLETE ✔
End Time: 2024-05-02 11:45:10
Total runtime for this trial (minutes/seconds): 07:09
----------------------------------------
Total hill visits: 136
Total prediction errors: 806
Total search depth: 10062182
Total times memory accessed: 34038517
Total times 24 >= t < 49: 25
Total times 49 >= t < 74: 13
Total times 74 >= t < 99: 6
Total times t == 99: 0
Total time steps survived: 4277
Total runtime so far (hours/minutes/seconds): 16:30:30
----------------------------------------

----------------------------------------
TRIAL 102 STARTED
----------------------------------------
Start Time: 2024-05-02 11:45:10
TRIAL 102 COMPLETE ✔
End Time: 2024-05-02 11:55:56
Total runtime for this trial (minutes/seconds): 10:46
----------------------------------------
Total hill visits: 137
Total prediction errors: 814
Total search depth: 10181085
Total times memory accessed: 34406861
Total times 24 >= t < 49: 25
Total times 49 >= t < 74: 14
Total times 74 >= t < 99: 6
Total times t == 99: 0
Total time steps survived: 4341
Total runtime so far (hours/minutes/seconds): 16:41:16
----------------------------------------

----------------------------------------
TRIAL 103 STARTED
----------------------------------------
Start Time: 2024-05-02 11:55:56
TRIAL 103 COMPLETE ✔
End Time: 2024-05-02 12:04:41
Total runtime for this trial (minutes/seconds): 08:45
----------------------------------------
Total hill visits: 138
Total prediction errors: 819
Total search depth: 10274446
Total times memory accessed: 34705519
Total times 24 >= t < 49: 25
Total times 49 >= t < 74: 14
Total times 74 >= t < 99: 6
Total times t == 99: 0
Total time steps survived: 4363
Total runtime so far (hours/minutes/seconds): 16:50:01
----------------------------------------

----------------------------------------
TRIAL 104 STARTED
----------------------------------------
Start Time: 2024-05-02 12:04:41
TRIAL 104 COMPLETE ✔
End Time: 2024-05-02 12:24:42
Total runtime for this trial (minutes/seconds): 20:00
----------------------------------------
Total hill visits: 139
Total prediction errors: 827
Total search depth: 10506826
Total times memory accessed: 35431287
Total times 24 >= t < 49: 25
Total times 49 >= t < 74: 14
Total times 74 >= t < 99: 6
Total times t == 99: 0
Total time steps survived: 4462
Total runtime so far (hours/minutes/seconds): 17:10:02
----------------------------------------

----------------------------------------
TRIAL 105 STARTED
----------------------------------------
Start Time: 2024-05-02 12:24:42
TRIAL 105 COMPLETE ✔
End Time: 2024-05-02 12:40:58
Total runtime for this trial (minutes/seconds): 16:15
----------------------------------------
Total hill visits: 141
Total prediction errors: 834
Total search depth: 10712880
Total times memory accessed: 36093882
Total times 24 >= t < 49: 25
Total times 49 >= t < 74: 14
Total times 74 >= t < 99: 6
Total times t == 99: 0
Total time steps survived: 4561
Total runtime so far (hours/minutes/seconds): 17:26:18
----------------------------------------

----------------------------------------
TRIAL 106 STARTED
----------------------------------------
Start Time: 2024-05-02 12:40:58
TRIAL 106 COMPLETE ✔
End Time: 2024-05-02 12:50:40
Total runtime for this trial (minutes/seconds): 09:41
----------------------------------------
Total hill visits: 142
Total prediction errors: 842
Total search depth: 10815385
Total times memory accessed: 36437534
Total times 24 >= t < 49: 26
Total times 49 >= t < 74: 14
Total times 74 >= t < 99: 6
Total times t == 99: 0
Total time steps survived: 4595
Total runtime so far (hours/minutes/seconds): 17:36:00
----------------------------------------

----------------------------------------
TRIAL 107 STARTED
----------------------------------------
Start Time: 2024-05-02 12:50:40
TRIAL 107 COMPLETE ✔
End Time: 2024-05-02 12:55:03
Total runtime for this trial (minutes/seconds): 04:23
----------------------------------------
Total hill visits: 143
Total prediction errors: 844
Total search depth: 10862400
Total times memory accessed: 36582793
Total times 24 >= t < 49: 27
Total times 49 >= t < 74: 14
Total times 74 >= t < 99: 6
Total times t == 99: 0
Total time steps survived: 4625
Total runtime so far (hours/minutes/seconds): 17:40:23
----------------------------------------

----------------------------------------
TRIAL 108 STARTED
----------------------------------------
Start Time: 2024-05-02 12:55:03
TRIAL 108 COMPLETE ✔
End Time: 2024-05-02 13:11:00
Total runtime for this trial (minutes/seconds): 15:56
----------------------------------------
Total hill visits: 145
Total prediction errors: 856
Total search depth: 11033712
Total times memory accessed: 37117889
Total times 24 >= t < 49: 27
Total times 49 >= t < 74: 15
Total times 74 >= t < 99: 6
Total times t == 99: 0
Total time steps survived: 4692
Total runtime so far (hours/minutes/seconds): 17:56:20
----------------------------------------

----------------------------------------
TRIAL 109 STARTED
----------------------------------------
Start Time: 2024-05-02 13:11:00
TRIAL 109 COMPLETE ✔
End Time: 2024-05-02 13:23:50
Total runtime for this trial (minutes/seconds): 12:50
----------------------------------------
Total hill visits: 146
Total prediction errors: 865
Total search depth: 11177402
Total times memory accessed: 37568520
Total times 24 >= t < 49: 27
Total times 49 >= t < 74: 16
Total times 74 >= t < 99: 6
Total times t == 99: 0
Total time steps survived: 4749
Total runtime so far (hours/minutes/seconds): 18:09:10
----------------------------------------

----------------------------------------
TRIAL 110 STARTED
----------------------------------------
Start Time: 2024-05-02 13:23:50
TRIAL 110 COMPLETE ✔
End Time: 2024-05-02 13:28:18
Total runtime for this trial (minutes/seconds): 04:27
----------------------------------------
Total hill visits: 147
Total prediction errors: 868
Total search depth: 11228059
Total times memory accessed: 37727936
Total times 24 >= t < 49: 27
Total times 49 >= t < 74: 16
Total times 74 >= t < 99: 6
Total times t == 99: 0
Total time steps survived: 4771
Total runtime so far (hours/minutes/seconds): 18:13:38
----------------------------------------

----------------------------------------
TRIAL 111 STARTED
----------------------------------------
Start Time: 2024-05-02 13:28:18
TRIAL 111 COMPLETE ✔
End Time: 2024-05-02 13:37:46
Total runtime for this trial (minutes/seconds): 09:27
----------------------------------------
Total hill visits: 148
Total prediction errors: 874
Total search depth: 11332063
Total times memory accessed: 38071621
Total times 24 >= t < 49: 27
Total times 49 >= t < 74: 16
Total times 74 >= t < 99: 6
Total times t == 99: 0
Total time steps survived: 4793
Total runtime so far (hours/minutes/seconds): 18:23:06
----------------------------------------

----------------------------------------
TRIAL 112 STARTED
----------------------------------------
Start Time: 2024-05-02 13:37:46
TRIAL 112 COMPLETE ✔
End Time: 2024-05-02 13:43:26
Total runtime for this trial (minutes/seconds): 05:40
----------------------------------------
Total hill visits: 149
Total prediction errors: 879
Total search depth: 11407271
Total times memory accessed: 38288682
Total times 24 >= t < 49: 27
Total times 49 >= t < 74: 17
Total times 74 >= t < 99: 6
Total times t == 99: 0
Total time steps survived: 4845
Total runtime so far (hours/minutes/seconds): 18:28:46
----------------------------------------

----------------------------------------
TRIAL 113 STARTED
----------------------------------------
Start Time: 2024-05-02 13:43:26
TRIAL 113 COMPLETE ✔
End Time: 2024-05-02 13:59:05
Total runtime for this trial (minutes/seconds): 15:38
----------------------------------------
Total hill visits: 151
Total prediction errors: 887
Total search depth: 11589830
Total times memory accessed: 38874275
Total times 24 >= t < 49: 27
Total times 49 >= t < 74: 17
Total times 74 >= t < 99: 6
Total times t == 99: 0
Total time steps survived: 4944
Total runtime so far (hours/minutes/seconds): 18:44:25
----------------------------------------

----------------------------------------
TRIAL 114 STARTED
----------------------------------------
Start Time: 2024-05-02 13:59:05
TRIAL 114 COMPLETE ✔
End Time: 2024-05-02 14:03:13
Total runtime for this trial (minutes/seconds): 04:08
----------------------------------------
Total hill visits: 152
Total prediction errors: 893
Total search depth: 11646596
Total times memory accessed: 39043811
Total times 24 >= t < 49: 27
Total times 49 >= t < 74: 17
Total times 74 >= t < 99: 6
Total times t == 99: 0
Total time steps survived: 5043
Total runtime so far (hours/minutes/seconds): 18:48:33
----------------------------------------

----------------------------------------
TRIAL 115 STARTED
----------------------------------------
Start Time: 2024-05-02 14:03:13
TRIAL 115 COMPLETE ✔
End Time: 2024-05-02 14:10:37
Total runtime for this trial (minutes/seconds): 07:23
----------------------------------------
Total hill visits: 153
Total prediction errors: 896
Total search depth: 11742808
Total times memory accessed: 39341367
Total times 24 >= t < 49: 28
Total times 49 >= t < 74: 17
Total times 74 >= t < 99: 6
Total times t == 99: 0
Total time steps survived: 5082
Total runtime so far (hours/minutes/seconds): 18:55:57
----------------------------------------

----------------------------------------
TRIAL 116 STARTED
----------------------------------------
Start Time: 2024-05-02 14:10:37
TRIAL 116 COMPLETE ✔
End Time: 2024-05-02 14:28:36
Total runtime for this trial (minutes/seconds): 17:59
----------------------------------------
Total hill visits: 155
Total prediction errors: 909
Total search depth: 11963122
Total times memory accessed: 40024448
Total times 24 >= t < 49: 28
Total times 49 >= t < 74: 17
Total times 74 >= t < 99: 6
Total times t == 99: 0
Total time steps survived: 5181
Total runtime so far (hours/minutes/seconds): 19:13:56
----------------------------------------

----------------------------------------
TRIAL 117 STARTED
----------------------------------------
Start Time: 2024-05-02 14:28:36
TRIAL 117 COMPLETE ✔
End Time: 2024-05-02 14:47:53
Total runtime for this trial (minutes/seconds): 19:17
----------------------------------------
Total hill visits: 157
Total prediction errors: 919
Total search depth: 12183702
Total times memory accessed: 40724727
Total times 24 >= t < 49: 28
Total times 49 >= t < 74: 17
Total times 74 >= t < 99: 7
Total times t == 99: 0
Total time steps survived: 5278
Total runtime so far (hours/minutes/seconds): 19:33:13
----------------------------------------

----------------------------------------
TRIAL 118 STARTED
----------------------------------------
Start Time: 2024-05-02 14:47:53
TRIAL 118 COMPLETE ✔
End Time: 2024-05-02 15:06:16
Total runtime for this trial (minutes/seconds): 18:23
----------------------------------------
Total hill visits: 159
Total prediction errors: 931
Total search depth: 12369267
Total times memory accessed: 41337010
Total times 24 >= t < 49: 28
Total times 49 >= t < 74: 18
Total times 74 >= t < 99: 7
Total times t == 99: 0
Total time steps survived: 5350
Total runtime so far (hours/minutes/seconds): 19:51:36
----------------------------------------

----------------------------------------
TRIAL 119 STARTED
----------------------------------------
Start Time: 2024-05-02 15:06:16
TRIAL 119 COMPLETE ✔
End Time: 2024-05-02 15:14:26
Total runtime for this trial (minutes/seconds): 08:10
----------------------------------------
Total hill visits: 160
Total prediction errors: 936
Total search depth: 12443948
Total times memory accessed: 41562973
Total times 24 >= t < 49: 28
Total times 49 >= t < 74: 19
Total times 74 >= t < 99: 7
Total times t == 99: 0
Total time steps survived: 5420
Total runtime so far (hours/minutes/seconds): 19:59:46
----------------------------------------

----------------------------------------
TRIAL 120 STARTED
----------------------------------------
Start Time: 2024-05-02 15:14:26
TRIAL 120 COMPLETE ✔
End Time: 2024-05-02 15:21:41
Total runtime for this trial (minutes/seconds): 07:15
----------------------------------------
Total hill visits: 161
Total prediction errors: 939
Total search depth: 12513477
Total times memory accessed: 41771702
Total times 24 >= t < 49: 29
Total times 49 >= t < 74: 19
Total times 74 >= t < 99: 7
Total times t == 99: 0
Total time steps survived: 5449
Total runtime so far (hours/minutes/seconds): 20:07:01
----------------------------------------
EXPERIMENT COMPLETE ✔.
End Time: 2024-05-02 15:21:41
TOTAL RUNTIME (hours/minutes/seconds): 20:07:02
Traceback (most recent call last):
  File "/home/grmstj001/MATLAB-experiments/Sophisticated-Learning/src/Python/main.py", line 24, in <module>
    main(algorithm=args.algorithm, seed=args.seed)
  File "/home/grmstj001/MATLAB-experiments/Sophisticated-Learning/src/Python/main.py", line 8, in main
    si_experiment(seed)
  File "/home/grmstj001/MATLAB-experiments/Sophisticated-Learning/src/Python/algorithms/sophisticated_inference/sophisticated_inference.py", line 354, in experiment
    logging.info(f"AVERAGE RUNTIME PER TIME STEP: {round_half_up((runtime.total_seconds() / total_t), 3)} seconds")
NameError: name 'round_half_up' is not defined
/var/tmp/slurmd.spool/job2116093/slurm_script: line 32: deactivatepython: command not found
