Running Python script with ALGORITHM=SI and SEED=17
At time 20 the agent is dead.
The agent had: 1 food, -1 water, and 4 sleep.
The total tree search depth for this trial was 1112.
The agent accessed its memory 1754 times.
The agent cleared its short-term memory 4 times.
    State prediction error memory resets: 3.
    Hill memory resets: 1.
At time 20 the agent is dead.
The agent had: 9 food, -1 water, and 4 sleep.
The total tree search depth for this trial was 3440.
The agent accessed its memory 8548 times.
The agent cleared its short-term memory 12 times.
    State prediction error memory resets: 10.
    Hill memory resets: 2.
At time 20 the agent is dead.
The agent had: 1 food, -1 water, and 4 sleep.
The total tree search depth for this trial was 1388.
The agent accessed its memory 5132 times.
The agent cleared its short-term memory 11 times.
    State prediction error memory resets: 9.
    Hill memory resets: 2.
At time 20 the agent is dead.
The agent had: 1 food, -1 water, and 4 sleep.
The total tree search depth for this trial was 1837.
The agent accessed its memory 5237 times.
The agent cleared its short-term memory 0 times.
    State prediction error memory resets: 0.
    Hill memory resets: 0.
At time 41 the agent is dead.
The agent had: 7 food, 1 water, and -1 sleep.
The total tree search depth for this trial was 31199.
The agent accessed its memory 105646 times.
The agent cleared its short-term memory 12 times.
    State prediction error memory resets: 10.
    Hill memory resets: 2.
At time 20 the agent is dead.
The agent had: 5 food, -1 water, and 11 sleep.
The total tree search depth for this trial was 31681.
The agent accessed its memory 124650 times.
The agent cleared its short-term memory 6 times.
    State prediction error memory resets: 6.
    Hill memory resets: 0.
At time 20 the agent is dead.
The agent had: 1 food, -1 water, and 4 sleep.
The total tree search depth for this trial was 16002.
The agent accessed its memory 64528 times.
The agent cleared its short-term memory 7 times.
    State prediction error memory resets: 4.
    Hill memory resets: 3.
At time 20 the agent is dead.
The agent had: 1 food, -1 water, and 4 sleep.
The total tree search depth for this trial was 12045.
The agent accessed its memory 49193 times.
The agent cleared its short-term memory 1 times.
    State prediction error memory resets: 0.
    Hill memory resets: 1.
At time 20 the agent is dead.
The agent had: 1 food, -1 water, and 4 sleep.
The total tree search depth for this trial was 13659.
The agent accessed its memory 59490 times.
The agent cleared its short-term memory 14 times.
    State prediction error memory resets: 14.
    Hill memory resets: 0.
At time 20 the agent is dead.
The agent had: 4 food, -1 water, and 4 sleep.
The total tree search depth for this trial was 8580.
The agent accessed its memory 36301 times.
The agent cleared its short-term memory 10 times.
    State prediction error memory resets: 10.
    Hill memory resets: 0.
At time 25 the agent is dead.
The agent had: 13 food, 13 water, and -1 sleep.
The total tree search depth for this trial was 23320.
The agent accessed its memory 95976 times.
The agent cleared its short-term memory 13 times.
    State prediction error memory resets: 6.
    Hill memory resets: 7.
At time 28 the agent is dead.
The agent had: -1 food, 9 water, and 16 sleep.
The total tree search depth for this trial was 14688.
The agent accessed its memory 51896 times.
The agent cleared its short-term memory 2 times.
    State prediction error memory resets: 1.
    Hill memory resets: 1.
At time 20 the agent is dead.
The agent had: 1 food, -1 water, and 4 sleep.
The total tree search depth for this trial was 8474.
The agent accessed its memory 33421 times.
The agent cleared its short-term memory 4 times.
    State prediction error memory resets: 3.
    Hill memory resets: 1.
At time 20 the agent is dead.
The agent had: 1 food, -1 water, and 4 sleep.
The total tree search depth for this trial was 5283.
The agent accessed its memory 19033 times.
The agent cleared its short-term memory 6 times.
    State prediction error memory resets: 6.
    Hill memory resets: 0.
At time 20 the agent is dead.
The agent had: 1 food, -1 water, and 4 sleep.
The total tree search depth for this trial was 14937.
The agent accessed its memory 58302 times.
The agent cleared its short-term memory 7 times.
    State prediction error memory resets: 6.
    Hill memory resets: 1.
At time 20 the agent is dead.
The agent had: 1 food, -1 water, and 4 sleep.
The total tree search depth for this trial was 38294.
The agent accessed its memory 157541 times.
The agent cleared its short-term memory 13 times.
    State prediction error memory resets: 12.
    Hill memory resets: 1.
At time 34 the agent is dead.
The agent had: 2 food, 2 water, and -1 sleep.
The total tree search depth for this trial was 82766.
The agent accessed its memory 316286 times.
The agent cleared its short-term memory 8 times.
    State prediction error memory resets: 6.
    Hill memory resets: 2.
At time 20 the agent is dead.
The agent had: 1 food, -1 water, and 4 sleep.
The total tree search depth for this trial was 12118.
The agent accessed its memory 48964 times.
The agent cleared its short-term memory 17 times.
    State prediction error memory resets: 16.
    Hill memory resets: 1.
At time 20 the agent is dead.
The agent had: 12 food, -1 water, and 4 sleep.
The total tree search depth for this trial was 14740.
The agent accessed its memory 54685 times.
The agent cleared its short-term memory 2 times.
    State prediction error memory resets: 1.
    Hill memory resets: 1.
At time 20 the agent is dead.
The agent had: 1 food, -1 water, and 4 sleep.
The total tree search depth for this trial was 9048.
The agent accessed its memory 33922 times.
The agent cleared its short-term memory 14 times.
    State prediction error memory resets: 13.
    Hill memory resets: 1.
At time 20 the agent is dead.
The agent had: 1 food, -1 water, and 4 sleep.
The total tree search depth for this trial was 8886.
The agent accessed its memory 33716 times.
The agent cleared its short-term memory 14 times.
    State prediction error memory resets: 13.
    Hill memory resets: 1.
At time 32 the agent is dead.
The agent had: -1 food, 4 water, and 10 sleep.
The total tree search depth for this trial was 34442.
The agent accessed its memory 128295 times.
The agent cleared its short-term memory 9 times.
    State prediction error memory resets: 8.
    Hill memory resets: 1.
At time 20 the agent is dead.
The agent had: 1 food, -1 water, and 4 sleep.
The total tree search depth for this trial was 41410.
The agent accessed its memory 157524 times.
The agent cleared its short-term memory 13 times.
    State prediction error memory resets: 12.
    Hill memory resets: 1.
At time 22 the agent is dead.
The agent had: -1 food, 6 water, and 2 sleep.
The total tree search depth for this trial was 26611.
The agent accessed its memory 101801 times.
The agent cleared its short-term memory 15 times.
    State prediction error memory resets: 14.
    Hill memory resets: 1.
At time 20 the agent is dead.
The agent had: 1 food, -1 water, and 4 sleep.
The total tree search depth for this trial was 8776.
The agent accessed its memory 33039 times.
The agent cleared its short-term memory 6 times.
    State prediction error memory resets: 5.
    Hill memory resets: 1.
At time 22 the agent is dead.
The agent had: -1 food, 17 water, and 2 sleep.
The total tree search depth for this trial was 14512.
The agent accessed its memory 53353 times.
The agent cleared its short-term memory 7 times.
    State prediction error memory resets: 5.
    Hill memory resets: 2.
At time 22 the agent is dead.
The agent had: -1 food, 15 water, and 2 sleep.
The total tree search depth for this trial was 50920.
The agent accessed its memory 188924 times.
The agent cleared its short-term memory 8 times.
    State prediction error memory resets: 7.
    Hill memory resets: 1.
At time 38 the agent is dead.
The agent had: -1 food, 0 water, and 9 sleep.
The total tree search depth for this trial was 85813.
The agent accessed its memory 336274 times.
The agent cleared its short-term memory 10 times.
    State prediction error memory resets: 9.
    Hill memory resets: 1.
At time 28 the agent is dead.
The agent had: 11 food, -1 water, and 6 sleep.
The total tree search depth for this trial was 94975.
The agent accessed its memory 355108 times.
The agent cleared its short-term memory 14 times.
    State prediction error memory resets: 12.
    Hill memory resets: 2.
At time 28 the agent is dead.
The agent had: -1 food, 0 water, and 21 sleep.
The total tree search depth for this trial was 30348.
The agent accessed its memory 107659 times.
The agent cleared its short-term memory 4 times.
    State prediction error memory resets: 3.
    Hill memory resets: 1.
At time 22 the agent is dead.
The agent had: -1 food, 9 water, and 2 sleep.
The total tree search depth for this trial was 57075.
The agent accessed its memory 210887 times.
The agent cleared its short-term memory 13 times.
    State prediction error memory resets: 11.
    Hill memory resets: 2.
At time 20 the agent is dead.
The agent had: 1 food, -1 water, and 4 sleep.
The total tree search depth for this trial was 29650.
The agent accessed its memory 121901 times.
The agent cleared its short-term memory 8 times.
    State prediction error memory resets: 6.
    Hill memory resets: 2.
At time 20 the agent is dead.
The agent had: 1 food, -1 water, and 4 sleep.
The total tree search depth for this trial was 11583.
The agent accessed its memory 44021 times.
The agent cleared its short-term memory 6 times.
    State prediction error memory resets: 5.
    Hill memory resets: 1.
At time 20 the agent is dead.
The agent had: 1 food, -1 water, and 4 sleep.
The total tree search depth for this trial was 13792.
The agent accessed its memory 49387 times.
The agent cleared its short-term memory 6 times.
    State prediction error memory resets: 5.
    Hill memory resets: 1.
At time 20 the agent is dead.
The agent had: 1 food, -1 water, and 4 sleep.
The total tree search depth for this trial was 11779.
The agent accessed its memory 45059 times.
The agent cleared its short-term memory 1 times.
    State prediction error memory resets: 0.
    Hill memory resets: 1.
At time 57 the agent is dead.
The agent had: -1 food, 8 water, and 16 sleep.
The total tree search depth for this trial was 161606.
The agent accessed its memory 561325 times.
The agent cleared its short-term memory 10 times.
    State prediction error memory resets: 9.
    Hill memory resets: 1.
At time 22 the agent is dead.
The agent had: -1 food, 4 water, and 21 sleep.
The total tree search depth for this trial was 57461.
The agent accessed its memory 195491 times.
The agent cleared its short-term memory 11 times.
    State prediction error memory resets: 10.
    Hill memory resets: 1.
At time 61 the agent is dead.
The agent had: -1 food, -1 water, and 20 sleep.
The total tree search depth for this trial was 221648.
The agent accessed its memory 766801 times.
The agent cleared its short-term memory 19 times.
    State prediction error memory resets: 16.
    Hill memory resets: 3.
At time 29 the agent is dead.
The agent had: 0 food, -1 water, and 2 sleep.
The total tree search depth for this trial was 152524.
The agent accessed its memory 580278 times.
The agent cleared its short-term memory 13 times.
    State prediction error memory resets: 11.
    Hill memory resets: 2.
At time 28 the agent is dead.
The agent had: 2 food, -1 water, and 6 sleep.
The total tree search depth for this trial was 54123.
The agent accessed its memory 186565 times.
The agent cleared its short-term memory 9 times.
    State prediction error memory resets: 8.
    Hill memory resets: 1.
At time 22 the agent is dead.
The agent had: -1 food, 4 water, and 15 sleep.
The total tree search depth for this trial was 37462.
The agent accessed its memory 139650 times.
The agent cleared its short-term memory 5 times.
    State prediction error memory resets: 4.
    Hill memory resets: 1.
At time 20 the agent is dead.
The agent had: 1 food, -1 water, and 4 sleep.
The total tree search depth for this trial was 104913.
The agent accessed its memory 405971 times.
The agent cleared its short-term memory 13 times.
    State prediction error memory resets: 12.
    Hill memory resets: 1.
At time 55 the agent is dead.
The agent had: 4 food, -1 water, and 6 sleep.
The total tree search depth for this trial was 70951.
The agent accessed its memory 258901 times.
The agent cleared its short-term memory 11 times.
    State prediction error memory resets: 9.
    Hill memory resets: 2.
At time 44 the agent is dead.
The agent had: -1 food, 10 water, and 14 sleep.
The total tree search depth for this trial was 73121.
The agent accessed its memory 258424 times.
The agent cleared its short-term memory 7 times.
    State prediction error memory resets: 5.
    Hill memory resets: 2.
At time 47 the agent is dead.
The agent had: 6 food, -1 water, and 8 sleep.
The total tree search depth for this trial was 75100.
The agent accessed its memory 233521 times.
The agent cleared its short-term memory 6 times.
    State prediction error memory resets: 5.
    Hill memory resets: 1.
At time 20 the agent is dead.
The agent had: 1 food, -1 water, and 4 sleep.
The total tree search depth for this trial was 16891.
The agent accessed its memory 57259 times.
The agent cleared its short-term memory 3 times.
    State prediction error memory resets: 2.
    Hill memory resets: 1.
At time 28 the agent is dead.
The agent had: -1 food, 2 water, and 9 sleep.
The total tree search depth for this trial was 215193.
The agent accessed its memory 791449 times.
The agent cleared its short-term memory 20 times.
    State prediction error memory resets: 19.
    Hill memory resets: 1.
At time 25 the agent is dead.
The agent had: 5 food, 1 water, and -1 sleep.
The total tree search depth for this trial was 136895.
The agent accessed its memory 519669 times.
The agent cleared its short-term memory 12 times.
    State prediction error memory resets: 11.
    Hill memory resets: 1.
At time 30 the agent is dead.
The agent had: -1 food, 11 water, and 20 sleep.
The total tree search depth for this trial was 117272.
The agent accessed its memory 404335 times.
The agent cleared its short-term memory 13 times.
    State prediction error memory resets: 10.
    Hill memory resets: 3.
At time 22 the agent is dead.
The agent had: -1 food, 4 water, and 2 sleep.
The total tree search depth for this trial was 48792.
The agent accessed its memory 184725 times.
The agent cleared its short-term memory 10 times.
    State prediction error memory resets: 9.
    Hill memory resets: 1.
At time 20 the agent is dead.
The agent had: 1 food, -1 water, and 4 sleep.
The total tree search depth for this trial was 17421.
The agent accessed its memory 57298 times.
The agent cleared its short-term memory 4 times.
    State prediction error memory resets: 3.
    Hill memory resets: 1.
At time 20 the agent is dead.
The agent had: 1 food, -1 water, and 4 sleep.
The total tree search depth for this trial was 30525.
The agent accessed its memory 101331 times.
The agent cleared its short-term memory 5 times.
    State prediction error memory resets: 4.
    Hill memory resets: 1.
At time 29 the agent is dead.
The agent had: -1 food, 15 water, and 16 sleep.
The total tree search depth for this trial was 74315.
The agent accessed its memory 245516 times.
The agent cleared its short-term memory 5 times.
    State prediction error memory resets: 4.
    Hill memory resets: 1.
At time 22 the agent is dead.
The agent had: -1 food, 10 water, and 18 sleep.
The total tree search depth for this trial was 41875.
The agent accessed its memory 143950 times.
The agent cleared its short-term memory 9 times.
    State prediction error memory resets: 8.
    Hill memory resets: 1.
At time 22 the agent is dead.
The agent had: -1 food, 4 water, and 2 sleep.
The total tree search depth for this trial was 80191.
The agent accessed its memory 281540 times.
The agent cleared its short-term memory 8 times.
    State prediction error memory resets: 5.
    Hill memory resets: 3.
At time 51 the agent is dead.
The agent had: -1 food, -1 water, and 19 sleep.
The total tree search depth for this trial was 204173.
The agent accessed its memory 707620 times.
The agent cleared its short-term memory 17 times.
    State prediction error memory resets: 14.
    Hill memory resets: 3.
At time 20 the agent is dead.
The agent had: 1 food, -1 water, and 4 sleep.
The total tree search depth for this trial was 20583.
The agent accessed its memory 68905 times.
The agent cleared its short-term memory 4 times.
    State prediction error memory resets: 3.
    Hill memory resets: 1.
At time 46 the agent is dead.
The agent had: -1 food, 2 water, and 12 sleep.
The total tree search depth for this trial was 128470.
The agent accessed its memory 425700 times.
The agent cleared its short-term memory 7 times.
    State prediction error memory resets: 6.
    Hill memory resets: 1.
At time 20 the agent is dead.
The agent had: 1 food, -1 water, and 4 sleep.
The total tree search depth for this trial was 77211.
The agent accessed its memory 252957 times.
The agent cleared its short-term memory 5 times.
    State prediction error memory resets: 4.
    Hill memory resets: 1.
At time 22 the agent is dead.
The agent had: -1 food, 5 water, and 2 sleep.
The total tree search depth for this trial was 64563.
The agent accessed its memory 231655 times.
The agent cleared its short-term memory 6 times.
    State prediction error memory resets: 5.
    Hill memory resets: 1.
At time 55 the agent is dead.
The agent had: -1 food, 9 water, and 17 sleep.
The total tree search depth for this trial was 256185.
The agent accessed its memory 862993 times.
The agent cleared its short-term memory 17 times.
    State prediction error memory resets: 13.
    Hill memory resets: 4.
At time 20 the agent is dead.
The agent had: 1 food, -1 water, and 4 sleep.
The total tree search depth for this trial was 50042.
The agent accessed its memory 166449 times.
The agent cleared its short-term memory 5 times.
    State prediction error memory resets: 4.
    Hill memory resets: 1.
At time 20 the agent is dead.
The agent had: 1 food, -1 water, and 4 sleep.
The total tree search depth for this trial was 17584.
The agent accessed its memory 58386 times.
The agent cleared its short-term memory 4 times.
    State prediction error memory resets: 2.
    Hill memory resets: 2.
At time 28 the agent is dead.
The agent had: -1 food, 11 water, and 11 sleep.
The total tree search depth for this trial was 184375.
The agent accessed its memory 580827 times.
The agent cleared its short-term memory 15 times.
    State prediction error memory resets: 14.
    Hill memory resets: 1.
At time 97 the agent is dead.
The agent had: -1 food, 1 water, and 21 sleep.
The total tree search depth for this trial was 218121.
The agent accessed its memory 708739 times.
The agent cleared its short-term memory 13 times.
    State prediction error memory resets: 11.
    Hill memory resets: 2.
At time 22 the agent is dead.
The agent had: -1 food, 12 water, and 20 sleep.
The total tree search depth for this trial was 24921.
The agent accessed its memory 78317 times.
The agent cleared its short-term memory 6 times.
    State prediction error memory resets: 5.
    Hill memory resets: 1.
At time 22 the agent is dead.
The agent had: -1 food, 7 water, and 2 sleep.
The total tree search depth for this trial was 61498.
The agent accessed its memory 201564 times.
The agent cleared its short-term memory 7 times.
    State prediction error memory resets: 6.
    Hill memory resets: 1.
At time 25 the agent is dead.
The agent had: 2 food, 7 water, and -1 sleep.
The total tree search depth for this trial was 111739.
The agent accessed its memory 370631 times.
The agent cleared its short-term memory 8 times.
    State prediction error memory resets: 7.
    Hill memory resets: 1.
At time 22 the agent is dead.
The agent had: -1 food, 12 water, and 2 sleep.
The total tree search depth for this trial was 23737.
The agent accessed its memory 76279 times.
The agent cleared its short-term memory 7 times.
    State prediction error memory resets: 6.
    Hill memory resets: 1.
At time 22 the agent is dead.
The agent had: -1 food, 5 water, and 2 sleep.
The total tree search depth for this trial was 59730.
The agent accessed its memory 209447 times.
The agent cleared its short-term memory 8 times.
    State prediction error memory resets: 7.
    Hill memory resets: 1.
At time 49 the agent is dead.
The agent had: -1 food, -1 water, and 5 sleep.
The total tree search depth for this trial was 149015.
The agent accessed its memory 480023 times.
The agent cleared its short-term memory 12 times.
    State prediction error memory resets: 11.
    Hill memory resets: 1.
At time 25 the agent is dead.
The agent had: 11 food, 11 water, and -1 sleep.
The total tree search depth for this trial was 139074.
The agent accessed its memory 469592 times.
The agent cleared its short-term memory 12 times.
    State prediction error memory resets: 10.
    Hill memory resets: 2.
At time 34 the agent is dead.
The agent had: -1 food, 15 water, and 10 sleep.
The total tree search depth for this trial was 160731.
The agent accessed its memory 503477 times.
The agent cleared its short-term memory 11 times.
    State prediction error memory resets: 9.
    Hill memory resets: 2.
At time 20 the agent is dead.
The agent had: 1 food, -1 water, and 4 sleep.
The total tree search depth for this trial was 53887.
The agent accessed its memory 177556 times.
The agent cleared its short-term memory 8 times.
    State prediction error memory resets: 6.
    Hill memory resets: 2.
At time 54 the agent is dead.
The agent had: -1 food, 1 water, and 16 sleep.
The total tree search depth for this trial was 89122.
The agent accessed its memory 280874 times.
The agent cleared its short-term memory 7 times.
    State prediction error memory resets: 5.
    Hill memory resets: 2.
At time 22 the agent is dead.
The agent had: -1 food, 6 water, and 20 sleep.
The total tree search depth for this trial was 24640.
The agent accessed its memory 74183 times.
The agent cleared its short-term memory 4 times.
    State prediction error memory resets: 3.
    Hill memory resets: 1.
At time 61 the agent is dead.
The agent had: -1 food, 15 water, and 10 sleep.
The total tree search depth for this trial was 136833.
The agent accessed its memory 420629 times.
The agent cleared its short-term memory 9 times.
    State prediction error memory resets: 8.
    Hill memory resets: 1.
At time 36 the agent is dead.
The agent had: -1 food, 3 water, and 10 sleep.
The total tree search depth for this trial was 159758.
The agent accessed its memory 486048 times.
The agent cleared its short-term memory 8 times.
    State prediction error memory resets: 6.
    Hill memory resets: 2.
At time 36 the agent is dead.
The agent had: -1 food, 12 water, and 1 sleep.
The total tree search depth for this trial was 94596.
The agent accessed its memory 292565 times.
The agent cleared its short-term memory 11 times.
    State prediction error memory resets: 7.
    Hill memory resets: 4.
At time 87 the agent is dead.
The agent had: -1 food, 3 water, and 13 sleep.
The total tree search depth for this trial was 177507.
The agent accessed its memory 546667 times.
The agent cleared its short-term memory 14 times.
    State prediction error memory resets: 13.
    Hill memory resets: 1.
At time 55 the agent is dead.
The agent had: -1 food, 3 water, and 9 sleep.
The total tree search depth for this trial was 144761.
The agent accessed its memory 453174 times.
The agent cleared its short-term memory 10 times.
    State prediction error memory resets: 8.
    Hill memory resets: 2.
At time 20 the agent is dead.
The agent had: 1 food, -1 water, and 4 sleep.
The total tree search depth for this trial was 44833.
The agent accessed its memory 142878 times.
The agent cleared its short-term memory 8 times.
    State prediction error memory resets: 7.
    Hill memory resets: 1.
At time 20 the agent is dead.
The agent had: 1 food, -1 water, and 4 sleep.
The total tree search depth for this trial was 43466.
The agent accessed its memory 151028 times.
The agent cleared its short-term memory 8 times.
    State prediction error memory resets: 7.
    Hill memory resets: 1.
At time 20 the agent is dead.
The agent had: 1 food, -1 water, and 4 sleep.
The total tree search depth for this trial was 75020.
The agent accessed its memory 248930 times.
The agent cleared its short-term memory 10 times.
    State prediction error memory resets: 4.
    Hill memory resets: 6.
At time 40 the agent is dead.
The agent had: 9 food, -1 water, and 11 sleep.
The total tree search depth for this trial was 56613.
The agent accessed its memory 167148 times.
The agent cleared its short-term memory 9 times.
    State prediction error memory resets: 7.
    Hill memory resets: 2.
At time 47 the agent is dead.
The agent had: -1 food, 13 water, and 21 sleep.
The total tree search depth for this trial was 73534.
The agent accessed its memory 228828 times.
The agent cleared its short-term memory 10 times.
    State prediction error memory resets: 7.
    Hill memory resets: 3.
At time 20 the agent is dead.
The agent had: 1 food, -1 water, and 4 sleep.
The total tree search depth for this trial was 24035.
The agent accessed its memory 74903 times.
The agent cleared its short-term memory 4 times.
    State prediction error memory resets: 3.
    Hill memory resets: 1.
At time 22 the agent is dead.
The agent had: -1 food, 11 water, and 21 sleep.
The total tree search depth for this trial was 31066.
The agent accessed its memory 91913 times.
The agent cleared its short-term memory 3 times.
    State prediction error memory resets: 2.
    Hill memory resets: 1.
At time 36 the agent is dead.
The agent had: -1 food, 4 water, and 11 sleep.
The total tree search depth for this trial was 165597.
The agent accessed its memory 506029 times.
The agent cleared its short-term memory 12 times.
    State prediction error memory resets: 10.
    Hill memory resets: 2.
At time 22 the agent is dead.
The agent had: -1 food, 14 water, and 2 sleep.
The total tree search depth for this trial was 34004.
The agent accessed its memory 100518 times.
The agent cleared its short-term memory 4 times.
    State prediction error memory resets: 3.
    Hill memory resets: 1.
At time 20 the agent is dead.
The agent had: 1 food, -1 water, and 4 sleep.
The total tree search depth for this trial was 40643.
The agent accessed its memory 132576 times.
The agent cleared its short-term memory 6 times.
    State prediction error memory resets: 3.
    Hill memory resets: 3.
At time 43 the agent is dead.
The agent had: -1 food, 16 water, and 16 sleep.
The total tree search depth for this trial was 58137.
The agent accessed its memory 169787 times.
The agent cleared its short-term memory 5 times.
    State prediction error memory resets: 4.
    Hill memory resets: 1.
At time 22 the agent is dead.
The agent had: -1 food, 17 water, and 2 sleep.
The total tree search depth for this trial was 33796.
The agent accessed its memory 107004 times.
The agent cleared its short-term memory 4 times.
    State prediction error memory resets: 3.
    Hill memory resets: 1.
At time 22 the agent is dead.
The agent had: -1 food, 12 water, and 22 sleep.
The total tree search depth for this trial was 23380.
The agent accessed its memory 73446 times.
The agent cleared its short-term memory 2 times.
    State prediction error memory resets: 1.
    Hill memory resets: 1.
At time 22 the agent is dead.
The agent had: -1 food, 17 water, and 18 sleep.
The total tree search depth for this trial was 42374.
The agent accessed its memory 124656 times.
The agent cleared its short-term memory 5 times.
    State prediction error memory resets: 4.
    Hill memory resets: 1.
At time 67 the agent is dead.
The agent had: -1 food, 14 water, and 6 sleep.
The total tree search depth for this trial was 130507.
The agent accessed its memory 388850 times.
The agent cleared its short-term memory 11 times.
    State prediction error memory resets: 9.
    Hill memory resets: 2.
At time 22 the agent is dead.
The agent had: -1 food, 11 water, and 19 sleep.
The total tree search depth for this trial was 31866.
The agent accessed its memory 99391 times.
The agent cleared its short-term memory 5 times.
    State prediction error memory resets: 4.
    Hill memory resets: 1.
At time 31 the agent is dead.
The agent had: -1 food, 16 water, and 16 sleep.
The total tree search depth for this trial was 67270.
The agent accessed its memory 201819 times.
The agent cleared its short-term memory 5 times.
    State prediction error memory resets: 4.
    Hill memory resets: 1.
At time 48 the agent is dead.
The agent had: 3 food, -1 water, and 22 sleep.
The total tree search depth for this trial was 180145.
The agent accessed its memory 587046 times.
The agent cleared its short-term memory 12 times.
    State prediction error memory resets: 9.
    Hill memory resets: 3.
At time 33 the agent is dead.
The agent had: 2 food, 15 water, and -1 sleep.
The total tree search depth for this trial was 49667.
The agent accessed its memory 145020 times.
The agent cleared its short-term memory 6 times.
    State prediction error memory resets: 4.
    Hill memory resets: 2.
At time 78 the agent is dead.
The agent had: -1 food, 7 water, and 17 sleep.
The total tree search depth for this trial was 111647.
The agent accessed its memory 337775 times.
The agent cleared its short-term memory 12 times.
    State prediction error memory resets: 10.
    Hill memory resets: 2.
At time 92 the agent is dead.
The agent had: -1 food, 13 water, and 21 sleep.
The total tree search depth for this trial was 128395.
The agent accessed its memory 381511 times.
The agent cleared its short-term memory 11 times.
    State prediction error memory resets: 9.
    Hill memory resets: 2.
At time 29 the agent is dead.
The agent had: -1 food, 15 water, and 15 sleep.
The total tree search depth for this trial was 40675.
The agent accessed its memory 128800 times.
The agent cleared its short-term memory 5 times.
    State prediction error memory resets: 4.
    Hill memory resets: 1.
At time 22 the agent is dead.
The agent had: -1 food, 16 water, and 19 sleep.
The total tree search depth for this trial was 37563.
The agent accessed its memory 126111 times.
The agent cleared its short-term memory 6 times.
    State prediction error memory resets: 4.
    Hill memory resets: 2.
At time 59 the agent is dead.
The agent had: 3 food, 7 water, and -1 sleep.
The total tree search depth for this trial was 143897.
The agent accessed its memory 439130 times.
The agent cleared its short-term memory 9 times.
    State prediction error memory resets: 7.
    Hill memory resets: 2.
At time 67 the agent is dead.
The agent had: 2 food, -1 water, and 8 sleep.
The total tree search depth for this trial was 62541.
The agent accessed its memory 194093 times.
The agent cleared its short-term memory 8 times.
    State prediction error memory resets: 6.
    Hill memory resets: 2.
At time 43 the agent is dead.
The agent had: -1 food, 7 water, and 15 sleep.
The total tree search depth for this trial was 138162.
The agent accessed its memory 426800 times.
The agent cleared its short-term memory 10 times.
    State prediction error memory resets: 9.
    Hill memory resets: 1.
At time 22 the agent is dead.
The agent had: -1 food, 15 water, and 9 sleep.
The total tree search depth for this trial was 30627.
The agent accessed its memory 98152 times.
The agent cleared its short-term memory 5 times.
    State prediction error memory resets: 4.
    Hill memory resets: 1.
At time 42 the agent is dead.
The agent had: -1 food, 7 water, and 15 sleep.
The total tree search depth for this trial was 134805.
The agent accessed its memory 404313 times.
The agent cleared its short-term memory 9 times.
    State prediction error memory resets: 8.
    Hill memory resets: 1.
At time 20 the agent is dead.
The agent had: 1 food, -1 water, and 19 sleep.
The total tree search depth for this trial was 43824.
The agent accessed its memory 146588 times.
The agent cleared its short-term memory 6 times.
    State prediction error memory resets: 4.
    Hill memory resets: 2.
At time 91 the agent is dead.
The agent had: -1 food, 8 water, and 14 sleep.
The total tree search depth for this trial was 158068.
The agent accessed its memory 491984 times.
The agent cleared its short-term memory 16 times.
    State prediction error memory resets: 13.
    Hill memory resets: 3.
At time 20 the agent is dead.
The agent had: 1 food, -1 water, and 18 sleep.
The total tree search depth for this trial was 29383.
The agent accessed its memory 95169 times.
The agent cleared its short-term memory 5 times.
    State prediction error memory resets: 3.
    Hill memory resets: 2.
At time 20 the agent is dead.
The agent had: 1 food, -1 water, and 10 sleep.
The total tree search depth for this trial was 35227.
The agent accessed its memory 112880 times.
The agent cleared its short-term memory 5 times.
    State prediction error memory resets: 4.
    Hill memory resets: 1.
At time 22 the agent is dead.
The agent had: -1 food, 11 water, and 2 sleep.
The total tree search depth for this trial was 69551.
The agent accessed its memory 232232 times.
The agent cleared its short-term memory 8 times.
    State prediction error memory resets: 6.
    Hill memory resets: 2.
At time 68 the agent is dead.
The agent had: -1 food, 11 water, and 21 sleep.
The total tree search depth for this trial was 189459.
The agent accessed its memory 560704 times.
The agent cleared its short-term memory 14 times.
    State prediction error memory resets: 12.
    Hill memory resets: 2.
At time 22 the agent is dead.
The agent had: -1 food, 8 water, and 2 sleep.
The total tree search depth for this trial was 47491.
The agent accessed its memory 151079 times.
The agent cleared its short-term memory 6 times.
    State prediction error memory resets: 4.
    Hill memory resets: 2.
