
----------------------------------------
TRIAL 1 STARTED
----------------------------------------
Start Time: 2024-05-01 20:21:14
TRIAL 1 COMPLETE ✔
End Time: 2024-05-01 20:21:18
Total runtime for this trial (minutes/seconds): 00:03
----------------------------------------
Total hill visits: 1
Total prediction errors: 3
Total search depth: 1112
Total times memory accessed: 1754
Total times 24 >= t < 49: 0
Total times 49 >= t < 74: 0
Total times 74 >= t < 99: 0
Total times t == 99: 0
Total time steps survived: 20
Total runtime so far (hours/minutes/seconds): 00:00:03
----------------------------------------

----------------------------------------
TRIAL 2 STARTED
----------------------------------------
Start Time: 2024-05-01 20:21:18
TRIAL 2 COMPLETE ✔
End Time: 2024-05-01 20:21:33
Total runtime for this trial (minutes/seconds): 00:15
----------------------------------------
Total hill visits: 3
Total prediction errors: 13
Total search depth: 4552
Total times memory accessed: 10302
Total times 24 >= t < 49: 0
Total times 49 >= t < 74: 0
Total times 74 >= t < 99: 0
Total times t == 99: 0
Total time steps survived: 40
Total runtime so far (hours/minutes/seconds): 00:00:19
----------------------------------------

----------------------------------------
TRIAL 3 STARTED
----------------------------------------
Start Time: 2024-05-01 20:21:33
TRIAL 3 COMPLETE ✔
End Time: 2024-05-01 20:21:43
Total runtime for this trial (minutes/seconds): 00:09
----------------------------------------
Total hill visits: 5
Total prediction errors: 22
Total search depth: 5940
Total times memory accessed: 15434
Total times 24 >= t < 49: 0
Total times 49 >= t < 74: 0
Total times 74 >= t < 99: 0
Total times t == 99: 0
Total time steps survived: 60
Total runtime so far (hours/minutes/seconds): 00:00:28
----------------------------------------

----------------------------------------
TRIAL 4 STARTED
----------------------------------------
Start Time: 2024-05-01 20:21:43
TRIAL 4 COMPLETE ✔
End Time: 2024-05-01 20:21:53
Total runtime for this trial (minutes/seconds): 00:10
----------------------------------------
Total hill visits: 5
Total prediction errors: 22
Total search depth: 7777
Total times memory accessed: 20671
Total times 24 >= t < 49: 0
Total times 49 >= t < 74: 0
Total times 74 >= t < 99: 0
Total times t == 99: 0
Total time steps survived: 80
Total runtime so far (hours/minutes/seconds): 00:00:38
----------------------------------------

----------------------------------------
TRIAL 5 STARTED
----------------------------------------
Start Time: 2024-05-01 20:21:53
TRIAL 5 COMPLETE ✔
End Time: 2024-05-01 20:25:14
Total runtime for this trial (minutes/seconds): 03:21
----------------------------------------
Total hill visits: 7
Total prediction errors: 32
Total search depth: 38976
Total times memory accessed: 126317
Total times 24 >= t < 49: 1
Total times 49 >= t < 74: 0
Total times 74 >= t < 99: 0
Total times t == 99: 0
Total time steps survived: 121
Total runtime so far (hours/minutes/seconds): 00:04:00
----------------------------------------

----------------------------------------
TRIAL 6 STARTED
----------------------------------------
Start Time: 2024-05-01 20:25:14
TRIAL 6 COMPLETE ✔
End Time: 2024-05-01 20:29:22
Total runtime for this trial (minutes/seconds): 04:07
----------------------------------------
Total hill visits: 7
Total prediction errors: 38
Total search depth: 70657
Total times memory accessed: 250967
Total times 24 >= t < 49: 1
Total times 49 >= t < 74: 0
Total times 74 >= t < 99: 0
Total times t == 99: 0
Total time steps survived: 141
Total runtime so far (hours/minutes/seconds): 00:08:07
----------------------------------------

----------------------------------------
TRIAL 7 STARTED
----------------------------------------
Start Time: 2024-05-01 20:29:22
TRIAL 7 COMPLETE ✔
End Time: 2024-05-01 20:31:26
Total runtime for this trial (minutes/seconds): 02:04
----------------------------------------
Total hill visits: 10
Total prediction errors: 42
Total search depth: 86659
Total times memory accessed: 315495
Total times 24 >= t < 49: 1
Total times 49 >= t < 74: 0
Total times 74 >= t < 99: 0
Total times t == 99: 0
Total time steps survived: 161
Total runtime so far (hours/minutes/seconds): 00:10:11
----------------------------------------

----------------------------------------
TRIAL 8 STARTED
----------------------------------------
Start Time: 2024-05-01 20:31:26
TRIAL 8 COMPLETE ✔
End Time: 2024-05-01 20:32:59
Total runtime for this trial (minutes/seconds): 01:32
----------------------------------------
Total hill visits: 11
Total prediction errors: 42
Total search depth: 98704
Total times memory accessed: 364688
Total times 24 >= t < 49: 1
Total times 49 >= t < 74: 0
Total times 74 >= t < 99: 0
Total times t == 99: 0
Total time steps survived: 181
Total runtime so far (hours/minutes/seconds): 00:11:44
----------------------------------------

----------------------------------------
TRIAL 9 STARTED
----------------------------------------
Start Time: 2024-05-01 20:32:59
TRIAL 9 COMPLETE ✔
End Time: 2024-05-01 20:34:50
Total runtime for this trial (minutes/seconds): 01:50
----------------------------------------
Total hill visits: 11
Total prediction errors: 56
Total search depth: 112363
Total times memory accessed: 424178
Total times 24 >= t < 49: 1
Total times 49 >= t < 74: 0
Total times 74 >= t < 99: 0
Total times t == 99: 0
Total time steps survived: 201
Total runtime so far (hours/minutes/seconds): 00:13:35
----------------------------------------

----------------------------------------
TRIAL 10 STARTED
----------------------------------------
Start Time: 2024-05-01 20:34:50
TRIAL 10 COMPLETE ✔
End Time: 2024-05-01 20:35:56
Total runtime for this trial (minutes/seconds): 01:06
----------------------------------------
Total hill visits: 11
Total prediction errors: 66
Total search depth: 120943
Total times memory accessed: 460479
Total times 24 >= t < 49: 1
Total times 49 >= t < 74: 0
Total times 74 >= t < 99: 0
Total times t == 99: 0
Total time steps survived: 221
Total runtime so far (hours/minutes/seconds): 00:14:42
----------------------------------------

----------------------------------------
TRIAL 11 STARTED
----------------------------------------
Start Time: 2024-05-01 20:35:56
TRIAL 11 COMPLETE ✔
End Time: 2024-05-01 20:38:54
Total runtime for this trial (minutes/seconds): 02:57
----------------------------------------
Total hill visits: 18
Total prediction errors: 72
Total search depth: 144263
Total times memory accessed: 556455
Total times 24 >= t < 49: 2
Total times 49 >= t < 74: 0
Total times 74 >= t < 99: 0
Total times t == 99: 0
Total time steps survived: 246
Total runtime so far (hours/minutes/seconds): 00:17:39
----------------------------------------

----------------------------------------
TRIAL 12 STARTED
----------------------------------------
Start Time: 2024-05-01 20:38:54
TRIAL 12 COMPLETE ✔
End Time: 2024-05-01 20:40:33
Total runtime for this trial (minutes/seconds): 01:39
----------------------------------------
Total hill visits: 19
Total prediction errors: 73
Total search depth: 158951
Total times memory accessed: 608351
Total times 24 >= t < 49: 3
Total times 49 >= t < 74: 0
Total times 74 >= t < 99: 0
Total times t == 99: 0
Total time steps survived: 274
Total runtime so far (hours/minutes/seconds): 00:19:19
----------------------------------------

----------------------------------------
TRIAL 13 STARTED
----------------------------------------
Start Time: 2024-05-01 20:40:33
TRIAL 13 COMPLETE ✔
End Time: 2024-05-01 20:41:37
Total runtime for this trial (minutes/seconds): 01:03
----------------------------------------
Total hill visits: 20
Total prediction errors: 76
Total search depth: 167425
Total times memory accessed: 641772
Total times 24 >= t < 49: 3
Total times 49 >= t < 74: 0
Total times 74 >= t < 99: 0
Total times t == 99: 0
Total time steps survived: 294
Total runtime so far (hours/minutes/seconds): 00:20:22
----------------------------------------

----------------------------------------
TRIAL 14 STARTED
----------------------------------------
Start Time: 2024-05-01 20:41:37
TRIAL 14 COMPLETE ✔
End Time: 2024-05-01 20:42:13
Total runtime for this trial (minutes/seconds): 00:36
----------------------------------------
Total hill visits: 20
Total prediction errors: 82
Total search depth: 172708
Total times memory accessed: 660805
Total times 24 >= t < 49: 3
Total times 49 >= t < 74: 0
Total times 74 >= t < 99: 0
Total times t == 99: 0
Total time steps survived: 314
Total runtime so far (hours/minutes/seconds): 00:20:59
----------------------------------------

----------------------------------------
TRIAL 15 STARTED
----------------------------------------
Start Time: 2024-05-01 20:42:13
TRIAL 15 COMPLETE ✔
End Time: 2024-05-01 20:44:05
Total runtime for this trial (minutes/seconds): 01:51
----------------------------------------
Total hill visits: 21
Total prediction errors: 88
Total search depth: 187645
Total times memory accessed: 719107
Total times 24 >= t < 49: 3
Total times 49 >= t < 74: 0
Total times 74 >= t < 99: 0
Total times t == 99: 0
Total time steps survived: 334
Total runtime so far (hours/minutes/seconds): 00:22:50
----------------------------------------

----------------------------------------
TRIAL 16 STARTED
----------------------------------------
Start Time: 2024-05-01 20:44:05
TRIAL 16 COMPLETE ✔
End Time: 2024-05-01 20:49:14
Total runtime for this trial (minutes/seconds): 05:09
----------------------------------------
Total hill visits: 22
Total prediction errors: 100
Total search depth: 225939
Total times memory accessed: 876648
Total times 24 >= t < 49: 3
Total times 49 >= t < 74: 0
Total times 74 >= t < 99: 0
Total times t == 99: 0
Total time steps survived: 354
Total runtime so far (hours/minutes/seconds): 00:28:00
----------------------------------------

----------------------------------------
TRIAL 17 STARTED
----------------------------------------
Start Time: 2024-05-01 20:49:14
TRIAL 17 COMPLETE ✔
End Time: 2024-05-01 20:59:37
Total runtime for this trial (minutes/seconds): 10:23
----------------------------------------
Total hill visits: 24
Total prediction errors: 106
Total search depth: 308705
Total times memory accessed: 1192934
Total times 24 >= t < 49: 4
Total times 49 >= t < 74: 0
Total times 74 >= t < 99: 0
Total times t == 99: 0
Total time steps survived: 388
Total runtime so far (hours/minutes/seconds): 00:38:23
----------------------------------------

----------------------------------------
TRIAL 18 STARTED
----------------------------------------
Start Time: 2024-05-01 20:59:37
TRIAL 18 COMPLETE ✔
End Time: 2024-05-01 21:01:13
Total runtime for this trial (minutes/seconds): 01:35
----------------------------------------
Total hill visits: 25
Total prediction errors: 122
Total search depth: 320823
Total times memory accessed: 1241898
Total times 24 >= t < 49: 4
Total times 49 >= t < 74: 0
Total times 74 >= t < 99: 0
Total times t == 99: 0
Total time steps survived: 408
Total runtime so far (hours/minutes/seconds): 00:39:58
----------------------------------------

----------------------------------------
TRIAL 19 STARTED
----------------------------------------
Start Time: 2024-05-01 21:01:13
TRIAL 19 COMPLETE ✔
End Time: 2024-05-01 21:02:58
Total runtime for this trial (minutes/seconds): 01:44
----------------------------------------
Total hill visits: 26
Total prediction errors: 123
Total search depth: 335563
Total times memory accessed: 1296583
Total times 24 >= t < 49: 4
Total times 49 >= t < 74: 0
Total times 74 >= t < 99: 0
Total times t == 99: 0
Total time steps survived: 428
Total runtime so far (hours/minutes/seconds): 00:41:43
----------------------------------------

----------------------------------------
TRIAL 20 STARTED
----------------------------------------
Start Time: 2024-05-01 21:02:58
TRIAL 20 COMPLETE ✔
End Time: 2024-05-01 21:04:01
Total runtime for this trial (minutes/seconds): 01:03
----------------------------------------
Total hill visits: 27
Total prediction errors: 136
Total search depth: 344611
Total times memory accessed: 1330505
Total times 24 >= t < 49: 4
Total times 49 >= t < 74: 0
Total times 74 >= t < 99: 0
Total times t == 99: 0
Total time steps survived: 448
Total runtime so far (hours/minutes/seconds): 00:42:47
----------------------------------------

----------------------------------------
TRIAL 21 STARTED
----------------------------------------
Start Time: 2024-05-01 21:04:01
TRIAL 21 COMPLETE ✔
End Time: 2024-05-01 21:05:05
Total runtime for this trial (minutes/seconds): 01:03
----------------------------------------
Total hill visits: 28
Total prediction errors: 149
Total search depth: 353497
Total times memory accessed: 1364221
Total times 24 >= t < 49: 4
Total times 49 >= t < 74: 0
Total times 74 >= t < 99: 0
Total times t == 99: 0
Total time steps survived: 468
Total runtime so far (hours/minutes/seconds): 00:43:50
----------------------------------------

----------------------------------------
TRIAL 22 STARTED
----------------------------------------
Start Time: 2024-05-01 21:05:05
TRIAL 22 COMPLETE ✔
End Time: 2024-05-01 21:08:42
Total runtime for this trial (minutes/seconds): 03:37
----------------------------------------
Total hill visits: 29
Total prediction errors: 157
Total search depth: 387939
Total times memory accessed: 1492516
Total times 24 >= t < 49: 5
Total times 49 >= t < 74: 0
Total times 74 >= t < 99: 0
Total times t == 99: 0
Total time steps survived: 500
Total runtime so far (hours/minutes/seconds): 00:47:28
----------------------------------------

----------------------------------------
TRIAL 23 STARTED
----------------------------------------
Start Time: 2024-05-01 21:08:42
TRIAL 23 COMPLETE ✔
End Time: 2024-05-01 21:13:04
Total runtime for this trial (minutes/seconds): 04:21
----------------------------------------
Total hill visits: 30
Total prediction errors: 169
Total search depth: 429349
Total times memory accessed: 1650040
Total times 24 >= t < 49: 5
Total times 49 >= t < 74: 0
Total times 74 >= t < 99: 0
Total times t == 99: 0
Total time steps survived: 520
Total runtime so far (hours/minutes/seconds): 00:51:49
----------------------------------------

----------------------------------------
TRIAL 24 STARTED
----------------------------------------
Start Time: 2024-05-01 21:13:04
TRIAL 24 COMPLETE ✔
End Time: 2024-05-01 21:16:14
Total runtime for this trial (minutes/seconds): 03:10
----------------------------------------
Total hill visits: 31
Total prediction errors: 183
Total search depth: 455960
Total times memory accessed: 1751841
Total times 24 >= t < 49: 5
Total times 49 >= t < 74: 0
Total times 74 >= t < 99: 0
Total times t == 99: 0
Total time steps survived: 542
Total runtime so far (hours/minutes/seconds): 00:54:59
----------------------------------------

----------------------------------------
TRIAL 25 STARTED
----------------------------------------
Start Time: 2024-05-01 21:16:14
TRIAL 25 COMPLETE ✔
End Time: 2024-05-01 21:17:20
Total runtime for this trial (minutes/seconds): 01:06
----------------------------------------
Total hill visits: 32
Total prediction errors: 188
Total search depth: 464736
Total times memory accessed: 1784880
Total times 24 >= t < 49: 5
Total times 49 >= t < 74: 0
Total times 74 >= t < 99: 0
Total times t == 99: 0
Total time steps survived: 562
Total runtime so far (hours/minutes/seconds): 00:56:05
----------------------------------------

----------------------------------------
TRIAL 26 STARTED
----------------------------------------
Start Time: 2024-05-01 21:17:20
TRIAL 26 COMPLETE ✔
End Time: 2024-05-01 21:19:04
Total runtime for this trial (minutes/seconds): 01:44
----------------------------------------
Total hill visits: 34
Total prediction errors: 193
Total search depth: 479248
Total times memory accessed: 1838233
Total times 24 >= t < 49: 5
Total times 49 >= t < 74: 0
Total times 74 >= t < 99: 0
Total times t == 99: 0
Total time steps survived: 584
Total runtime so far (hours/minutes/seconds): 00:57:50
----------------------------------------

----------------------------------------
TRIAL 27 STARTED
----------------------------------------
Start Time: 2024-05-01 21:19:04
TRIAL 27 COMPLETE ✔
End Time: 2024-05-01 21:24:58
Total runtime for this trial (minutes/seconds): 05:54
----------------------------------------
Total hill visits: 35
Total prediction errors: 200
Total search depth: 530168
Total times memory accessed: 2027157
Total times 24 >= t < 49: 5
Total times 49 >= t < 74: 0
Total times 74 >= t < 99: 0
Total times t == 99: 0
Total time steps survived: 606
Total runtime so far (hours/minutes/seconds): 01:03:44
----------------------------------------

----------------------------------------
TRIAL 28 STARTED
----------------------------------------
Start Time: 2024-05-01 21:24:58
TRIAL 28 COMPLETE ✔
End Time: 2024-05-01 21:35:43
Total runtime for this trial (minutes/seconds): 10:45
----------------------------------------
Total hill visits: 36
Total prediction errors: 209
Total search depth: 615981
Total times memory accessed: 2363431
Total times 24 >= t < 49: 6
Total times 49 >= t < 74: 0
Total times 74 >= t < 99: 0
Total times t == 99: 0
Total time steps survived: 644
Total runtime so far (hours/minutes/seconds): 01:14:29
----------------------------------------

----------------------------------------
TRIAL 29 STARTED
----------------------------------------
Start Time: 2024-05-01 21:35:43
TRIAL 29 COMPLETE ✔
End Time: 2024-05-01 21:46:57
Total runtime for this trial (minutes/seconds): 11:13
----------------------------------------
Total hill visits: 38
Total prediction errors: 221
Total search depth: 710956
Total times memory accessed: 2718539
Total times 24 >= t < 49: 7
Total times 49 >= t < 74: 0
Total times 74 >= t < 99: 0
Total times t == 99: 0
Total time steps survived: 672
Total runtime so far (hours/minutes/seconds): 01:25:42
----------------------------------------

----------------------------------------
TRIAL 30 STARTED
----------------------------------------
Start Time: 2024-05-01 21:46:57
TRIAL 30 COMPLETE ✔
End Time: 2024-05-01 21:50:17
Total runtime for this trial (minutes/seconds): 03:20
----------------------------------------
Total hill visits: 39
Total prediction errors: 224
Total search depth: 741304
Total times memory accessed: 2826198
Total times 24 >= t < 49: 8
Total times 49 >= t < 74: 0
Total times 74 >= t < 99: 0
Total times t == 99: 0
Total time steps survived: 700
Total runtime so far (hours/minutes/seconds): 01:29:03
----------------------------------------

----------------------------------------
TRIAL 31 STARTED
----------------------------------------
Start Time: 2024-05-01 21:50:17
TRIAL 31 COMPLETE ✔
End Time: 2024-05-01 21:57:11
Total runtime for this trial (minutes/seconds): 06:54
----------------------------------------
Total hill visits: 41
Total prediction errors: 235
Total search depth: 798379
Total times memory accessed: 3037085
Total times 24 >= t < 49: 8
Total times 49 >= t < 74: 0
Total times 74 >= t < 99: 0
Total times t == 99: 0
Total time steps survived: 722
Total runtime so far (hours/minutes/seconds): 01:35:57
----------------------------------------

----------------------------------------
TRIAL 32 STARTED
----------------------------------------
Start Time: 2024-05-01 21:57:11
TRIAL 32 COMPLETE ✔
End Time: 2024-05-01 22:01:00
Total runtime for this trial (minutes/seconds): 03:49
----------------------------------------
Total hill visits: 43
Total prediction errors: 241
Total search depth: 828029
Total times memory accessed: 3158986
Total times 24 >= t < 49: 8
Total times 49 >= t < 74: 0
Total times 74 >= t < 99: 0
Total times t == 99: 0
Total time steps survived: 742
Total runtime so far (hours/minutes/seconds): 01:39:46
----------------------------------------

----------------------------------------
TRIAL 33 STARTED
----------------------------------------
Start Time: 2024-05-01 22:01:00
TRIAL 33 COMPLETE ✔
End Time: 2024-05-01 22:02:14
Total runtime for this trial (minutes/seconds): 01:13
----------------------------------------
Total hill visits: 44
Total prediction errors: 246
Total search depth: 839612
Total times memory accessed: 3203007
Total times 24 >= t < 49: 8
Total times 49 >= t < 74: 0
Total times 74 >= t < 99: 0
Total times t == 99: 0
Total time steps survived: 762
Total runtime so far (hours/minutes/seconds): 01:40:59
----------------------------------------

----------------------------------------
TRIAL 34 STARTED
----------------------------------------
Start Time: 2024-05-01 22:02:14
TRIAL 34 COMPLETE ✔
End Time: 2024-05-01 22:03:37
Total runtime for this trial (minutes/seconds): 01:23
----------------------------------------
Total hill visits: 45
Total prediction errors: 251
Total search depth: 853404
Total times memory accessed: 3252394
Total times 24 >= t < 49: 8
Total times 49 >= t < 74: 0
Total times 74 >= t < 99: 0
Total times t == 99: 0
Total time steps survived: 782
Total runtime so far (hours/minutes/seconds): 01:42:22
----------------------------------------

----------------------------------------
TRIAL 35 STARTED
----------------------------------------
Start Time: 2024-05-01 22:03:37
TRIAL 35 COMPLETE ✔
End Time: 2024-05-01 22:05:06
Total runtime for this trial (minutes/seconds): 01:28
----------------------------------------
Total hill visits: 46
Total prediction errors: 251
Total search depth: 865183
Total times memory accessed: 3297453
Total times 24 >= t < 49: 8
Total times 49 >= t < 74: 0
Total times 74 >= t < 99: 0
Total times t == 99: 0
Total time steps survived: 802
Total runtime so far (hours/minutes/seconds): 01:43:51
----------------------------------------

----------------------------------------
TRIAL 36 STARTED
----------------------------------------
Start Time: 2024-05-01 22:05:06
TRIAL 36 COMPLETE ✔
End Time: 2024-05-01 22:22:47
Total runtime for this trial (minutes/seconds): 17:40
----------------------------------------
Total hill visits: 47
Total prediction errors: 260
Total search depth: 1026789
Total times memory accessed: 3858778
Total times 24 >= t < 49: 8
Total times 49 >= t < 74: 1
Total times 74 >= t < 99: 0
Total times t == 99: 0
Total time steps survived: 859
Total runtime so far (hours/minutes/seconds): 02:01:32
----------------------------------------

----------------------------------------
TRIAL 37 STARTED
----------------------------------------
Start Time: 2024-05-01 22:22:47
TRIAL 37 COMPLETE ✔
End Time: 2024-05-01 22:29:08
Total runtime for this trial (minutes/seconds): 06:20
----------------------------------------
Total hill visits: 48
Total prediction errors: 270
Total search depth: 1084250
Total times memory accessed: 4054269
Total times 24 >= t < 49: 8
Total times 49 >= t < 74: 1
Total times 74 >= t < 99: 0
Total times t == 99: 0
Total time steps survived: 881
Total runtime so far (hours/minutes/seconds): 02:07:53
----------------------------------------

----------------------------------------
TRIAL 38 STARTED
----------------------------------------
Start Time: 2024-05-01 22:29:08
TRIAL 38 COMPLETE ✔
End Time: 2024-05-01 22:53:46
Total runtime for this trial (minutes/seconds): 24:38
----------------------------------------
Total hill visits: 51
Total prediction errors: 286
Total search depth: 1305898
Total times memory accessed: 4821070
Total times 24 >= t < 49: 8
Total times 49 >= t < 74: 2
Total times 74 >= t < 99: 0
Total times t == 99: 0
Total time steps survived: 942
Total runtime so far (hours/minutes/seconds): 02:32:32
----------------------------------------

----------------------------------------
TRIAL 39 STARTED
----------------------------------------
Start Time: 2024-05-01 22:53:46
TRIAL 39 COMPLETE ✔
End Time: 2024-05-01 23:11:28
Total runtime for this trial (minutes/seconds): 17:41
----------------------------------------
Total hill visits: 53
Total prediction errors: 297
Total search depth: 1458422
Total times memory accessed: 5401348
Total times 24 >= t < 49: 9
Total times 49 >= t < 74: 2
Total times 74 >= t < 99: 0
Total times t == 99: 0
Total time steps survived: 971
Total runtime so far (hours/minutes/seconds): 02:50:13
----------------------------------------

----------------------------------------
TRIAL 40 STARTED
----------------------------------------
Start Time: 2024-05-01 23:11:28
TRIAL 40 COMPLETE ✔
End Time: 2024-05-01 23:17:41
Total runtime for this trial (minutes/seconds): 06:13
----------------------------------------
Total hill visits: 54
Total prediction errors: 305
Total search depth: 1512545
Total times memory accessed: 5587913
Total times 24 >= t < 49: 10
Total times 49 >= t < 74: 2
Total times 74 >= t < 99: 0
Total times t == 99: 0
Total time steps survived: 999
Total runtime so far (hours/minutes/seconds): 02:56:26
----------------------------------------

----------------------------------------
TRIAL 41 STARTED
----------------------------------------
Start Time: 2024-05-01 23:17:41
TRIAL 41 COMPLETE ✔
End Time: 2024-05-01 23:22:15
Total runtime for this trial (minutes/seconds): 04:34
----------------------------------------
Total hill visits: 55
Total prediction errors: 309
Total search depth: 1550007
Total times memory accessed: 5727563
Total times 24 >= t < 49: 10
Total times 49 >= t < 74: 2
Total times 74 >= t < 99: 0
Total times t == 99: 0
Total time steps survived: 1021
Total runtime so far (hours/minutes/seconds): 03:01:00
----------------------------------------

----------------------------------------
TRIAL 42 STARTED
----------------------------------------
Start Time: 2024-05-01 23:22:15
TRIAL 42 COMPLETE ✔
End Time: 2024-05-01 23:35:32
Total runtime for this trial (minutes/seconds): 13:17
----------------------------------------
Total hill visits: 56
Total prediction errors: 321
Total search depth: 1654920
Total times memory accessed: 6133534
Total times 24 >= t < 49: 10
Total times 49 >= t < 74: 2
Total times 74 >= t < 99: 0
Total times t == 99: 0
Total time steps survived: 1041
Total runtime so far (hours/minutes/seconds): 03:14:18
----------------------------------------

----------------------------------------
TRIAL 43 STARTED
----------------------------------------
Start Time: 2024-05-01 23:35:32
TRIAL 43 COMPLETE ✔
End Time: 2024-05-01 23:43:56
Total runtime for this trial (minutes/seconds): 08:23
----------------------------------------
Total hill visits: 58
Total prediction errors: 330
Total search depth: 1725871
Total times memory accessed: 6392435
Total times 24 >= t < 49: 10
Total times 49 >= t < 74: 3
Total times 74 >= t < 99: 0
Total times t == 99: 0
Total time steps survived: 1096
Total runtime so far (hours/minutes/seconds): 03:22:41
----------------------------------------

----------------------------------------
TRIAL 44 STARTED
----------------------------------------
Start Time: 2024-05-01 23:43:56
TRIAL 44 COMPLETE ✔
End Time: 2024-05-01 23:52:19
Total runtime for this trial (minutes/seconds): 08:22
----------------------------------------
Total hill visits: 60
Total prediction errors: 335
Total search depth: 1798992
Total times memory accessed: 6650859
Total times 24 >= t < 49: 11
Total times 49 >= t < 74: 3
Total times 74 >= t < 99: 0
Total times t == 99: 0
Total time steps survived: 1140
Total runtime so far (hours/minutes/seconds): 03:31:04
----------------------------------------

----------------------------------------
TRIAL 45 STARTED
----------------------------------------
Start Time: 2024-05-01 23:52:19
TRIAL 45 COMPLETE ✔
End Time: 2024-05-01 23:59:57
Total runtime for this trial (minutes/seconds): 07:38
----------------------------------------
Total hill visits: 61
Total prediction errors: 340
Total search depth: 1874092
Total times memory accessed: 6884380
Total times 24 >= t < 49: 12
Total times 49 >= t < 74: 3
Total times 74 >= t < 99: 0
Total times t == 99: 0
Total time steps survived: 1187
Total runtime so far (hours/minutes/seconds): 03:38:43
----------------------------------------

----------------------------------------
TRIAL 46 STARTED
----------------------------------------
Start Time: 2024-05-01 23:59:57
TRIAL 46 COMPLETE ✔
End Time: 2024-05-02 00:01:52
Total runtime for this trial (minutes/seconds): 01:54
----------------------------------------
Total hill visits: 62
Total prediction errors: 342
Total search depth: 1890983
Total times memory accessed: 6941639
Total times 24 >= t < 49: 12
Total times 49 >= t < 74: 3
Total times 74 >= t < 99: 0
Total times t == 99: 0
Total time steps survived: 1207
Total runtime so far (hours/minutes/seconds): 03:40:37
----------------------------------------

----------------------------------------
TRIAL 47 STARTED
----------------------------------------
Start Time: 2024-05-02 00:01:52
TRIAL 47 COMPLETE ✔
End Time: 2024-05-02 00:28:00
Total runtime for this trial (minutes/seconds): 26:08
----------------------------------------
Total hill visits: 63
Total prediction errors: 361
Total search depth: 2106176
Total times memory accessed: 7733088
Total times 24 >= t < 49: 13
Total times 49 >= t < 74: 3
Total times 74 >= t < 99: 0
Total times t == 99: 0
Total time steps survived: 1235
Total runtime so far (hours/minutes/seconds): 04:06:46
----------------------------------------

----------------------------------------
TRIAL 48 STARTED
----------------------------------------
Start Time: 2024-05-02 00:28:00
TRIAL 48 COMPLETE ✔
End Time: 2024-05-02 00:43:35
Total runtime for this trial (minutes/seconds): 15:34
----------------------------------------
Total hill visits: 64
Total prediction errors: 372
Total search depth: 2243071
Total times memory accessed: 8252757
Total times 24 >= t < 49: 14
Total times 49 >= t < 74: 3
Total times 74 >= t < 99: 0
Total times t == 99: 0
Total time steps survived: 1260
Total runtime so far (hours/minutes/seconds): 04:22:20
----------------------------------------

----------------------------------------
TRIAL 49 STARTED
----------------------------------------
Start Time: 2024-05-02 00:43:35
TRIAL 49 COMPLETE ✔
End Time: 2024-05-02 00:54:48
Total runtime for this trial (minutes/seconds): 11:12
----------------------------------------
Total hill visits: 67
Total prediction errors: 382
Total search depth: 2360343
Total times memory accessed: 8657092
Total times 24 >= t < 49: 15
Total times 49 >= t < 74: 3
Total times 74 >= t < 99: 0
Total times t == 99: 0
Total time steps survived: 1290
Total runtime so far (hours/minutes/seconds): 04:33:33
----------------------------------------

----------------------------------------
TRIAL 50 STARTED
----------------------------------------
Start Time: 2024-05-02 00:54:48
TRIAL 50 COMPLETE ✔
End Time: 2024-05-02 01:00:10
Total runtime for this trial (minutes/seconds): 05:22
----------------------------------------
Total hill visits: 68
Total prediction errors: 391
Total search depth: 2409135
Total times memory accessed: 8841817
Total times 24 >= t < 49: 15
Total times 49 >= t < 74: 3
Total times 74 >= t < 99: 0
Total times t == 99: 0
Total time steps survived: 1312
Total runtime so far (hours/minutes/seconds): 04:38:56
----------------------------------------

----------------------------------------
TRIAL 51 STARTED
----------------------------------------
Start Time: 2024-05-02 01:00:10
TRIAL 51 COMPLETE ✔
End Time: 2024-05-02 01:21:00
Total runtime for this trial (minutes/seconds): 20:49
----------------------------------------
Total hill visits: 72
Total prediction errors: 401
Total search depth: 2607218
Total times memory accessed: 9499936
Total times 24 >= t < 49: 15
Total times 49 >= t < 74: 3
Total times 74 >= t < 99: 0
Total times t == 99: 0
Total time steps survived: 1411
Total runtime so far (hours/minutes/seconds): 04:59:45
----------------------------------------

----------------------------------------
TRIAL 52 STARTED
----------------------------------------
Start Time: 2024-05-02 01:21:00
TRIAL 52 COMPLETE ✔
End Time: 2024-05-02 01:22:36
Total runtime for this trial (minutes/seconds): 01:35
----------------------------------------
Total hill visits: 73
Total prediction errors: 404
Total search depth: 2624639
Total times memory accessed: 9557234
Total times 24 >= t < 49: 15
Total times 49 >= t < 74: 3
Total times 74 >= t < 99: 0
Total times t == 99: 0
Total time steps survived: 1431
Total runtime so far (hours/minutes/seconds): 05:01:21
----------------------------------------

----------------------------------------
TRIAL 53 STARTED
----------------------------------------
Start Time: 2024-05-02 01:22:36
TRIAL 53 COMPLETE ✔
End Time: 2024-05-02 01:25:29
Total runtime for this trial (minutes/seconds): 02:53
----------------------------------------
Total hill visits: 74
Total prediction errors: 408
Total search depth: 2655164
Total times memory accessed: 9658565
Total times 24 >= t < 49: 15
Total times 49 >= t < 74: 3
Total times 74 >= t < 99: 0
Total times t == 99: 0
Total time steps survived: 1451
Total runtime so far (hours/minutes/seconds): 05:04:15
----------------------------------------

----------------------------------------
TRIAL 54 STARTED
----------------------------------------
Start Time: 2024-05-02 01:25:29
TRIAL 54 COMPLETE ✔
End Time: 2024-05-02 01:32:35
Total runtime for this trial (minutes/seconds): 07:05
----------------------------------------
Total hill visits: 75
Total prediction errors: 412
Total search depth: 2729479
Total times memory accessed: 9904081
Total times 24 >= t < 49: 16
Total times 49 >= t < 74: 3
Total times 74 >= t < 99: 0
Total times t == 99: 0
Total time steps survived: 1480
Total runtime so far (hours/minutes/seconds): 05:11:20
----------------------------------------

----------------------------------------
TRIAL 55 STARTED
----------------------------------------
Start Time: 2024-05-02 01:32:35
TRIAL 55 COMPLETE ✔
End Time: 2024-05-02 01:36:40
Total runtime for this trial (minutes/seconds): 04:05
----------------------------------------
Total hill visits: 76
Total prediction errors: 420
Total search depth: 2771354
Total times memory accessed: 10048031
Total times 24 >= t < 49: 16
Total times 49 >= t < 74: 3
Total times 74 >= t < 99: 0
Total times t == 99: 0
Total time steps survived: 1502
Total runtime so far (hours/minutes/seconds): 05:15:26
----------------------------------------

----------------------------------------
TRIAL 56 STARTED
----------------------------------------
Start Time: 2024-05-02 01:36:40
TRIAL 56 COMPLETE ✔
End Time: 2024-05-02 01:44:43
Total runtime for this trial (minutes/seconds): 08:02
----------------------------------------
Total hill visits: 79
Total prediction errors: 425
Total search depth: 2851545
Total times memory accessed: 10329571
Total times 24 >= t < 49: 16
Total times 49 >= t < 74: 3
Total times 74 >= t < 99: 0
Total times t == 99: 0
Total time steps survived: 1524
Total runtime so far (hours/minutes/seconds): 05:23:28
----------------------------------------

----------------------------------------
TRIAL 57 STARTED
----------------------------------------
Start Time: 2024-05-02 01:44:43
TRIAL 57 COMPLETE ✔
End Time: 2024-05-02 02:06:15
Total runtime for this trial (minutes/seconds): 21:32
----------------------------------------
Total hill visits: 82
Total prediction errors: 439
Total search depth: 3055718
Total times memory accessed: 11037191
Total times 24 >= t < 49: 16
Total times 49 >= t < 74: 4
Total times 74 >= t < 99: 0
Total times t == 99: 0
Total time steps survived: 1575
Total runtime so far (hours/minutes/seconds): 05:45:01
----------------------------------------

----------------------------------------
TRIAL 58 STARTED
----------------------------------------
Start Time: 2024-05-02 02:06:15
TRIAL 58 COMPLETE ✔
End Time: 2024-05-02 02:08:31
Total runtime for this trial (minutes/seconds): 02:15
----------------------------------------
Total hill visits: 83
Total prediction errors: 442
Total search depth: 3076301
Total times memory accessed: 11106096
Total times 24 >= t < 49: 16
Total times 49 >= t < 74: 4
Total times 74 >= t < 99: 0
Total times t == 99: 0
Total time steps survived: 1595
Total runtime so far (hours/minutes/seconds): 05:47:16
----------------------------------------

----------------------------------------
TRIAL 59 STARTED
----------------------------------------
Start Time: 2024-05-02 02:08:31
TRIAL 59 COMPLETE ✔
End Time: 2024-05-02 02:20:32
Total runtime for this trial (minutes/seconds): 12:00
----------------------------------------
Total hill visits: 84
Total prediction errors: 448
Total search depth: 3204771
Total times memory accessed: 11531796
Total times 24 >= t < 49: 17
Total times 49 >= t < 74: 4
Total times 74 >= t < 99: 0
Total times t == 99: 0
Total time steps survived: 1641
Total runtime so far (hours/minutes/seconds): 05:59:17
----------------------------------------

----------------------------------------
TRIAL 60 STARTED
----------------------------------------
Start Time: 2024-05-02 02:20:32
TRIAL 60 COMPLETE ✔
End Time: 2024-05-02 02:27:39
Total runtime for this trial (minutes/seconds): 07:07
----------------------------------------
Total hill visits: 85
Total prediction errors: 452
Total search depth: 3281982
Total times memory accessed: 11784753
Total times 24 >= t < 49: 17
Total times 49 >= t < 74: 4
Total times 74 >= t < 99: 0
Total times t == 99: 0
Total time steps survived: 1661
Total runtime so far (hours/minutes/seconds): 06:06:24
----------------------------------------

----------------------------------------
TRIAL 61 STARTED
----------------------------------------
Start Time: 2024-05-02 02:27:39
TRIAL 61 COMPLETE ✔
End Time: 2024-05-02 02:34:13
Total runtime for this trial (minutes/seconds): 06:34
----------------------------------------
Total hill visits: 86
Total prediction errors: 457
Total search depth: 3346545
Total times memory accessed: 12016408
Total times 24 >= t < 49: 17
Total times 49 >= t < 74: 4
Total times 74 >= t < 99: 0
Total times t == 99: 0
Total time steps survived: 1683
Total runtime so far (hours/minutes/seconds): 06:12:58
----------------------------------------

----------------------------------------
TRIAL 62 STARTED
----------------------------------------
Start Time: 2024-05-02 02:34:13
TRIAL 62 COMPLETE ✔
End Time: 2024-05-02 03:01:20
Total runtime for this trial (minutes/seconds): 27:06
----------------------------------------
Total hill visits: 90
Total prediction errors: 470
Total search depth: 3602730
Total times memory accessed: 12879401
Total times 24 >= t < 49: 17
Total times 49 >= t < 74: 5
Total times 74 >= t < 99: 0
Total times t == 99: 0
Total time steps survived: 1738
Total runtime so far (hours/minutes/seconds): 06:40:05
----------------------------------------

----------------------------------------
TRIAL 63 STARTED
----------------------------------------
Start Time: 2024-05-02 03:01:20
TRIAL 63 COMPLETE ✔
End Time: 2024-05-02 03:06:11
Total runtime for this trial (minutes/seconds): 04:50
----------------------------------------
Total hill visits: 91
Total prediction errors: 474
Total search depth: 3652772
Total times memory accessed: 13045850
Total times 24 >= t < 49: 17
Total times 49 >= t < 74: 5
Total times 74 >= t < 99: 0
Total times t == 99: 0
Total time steps survived: 1758
Total runtime so far (hours/minutes/seconds): 06:44:56
----------------------------------------

----------------------------------------
TRIAL 64 STARTED
----------------------------------------
Start Time: 2024-05-02 03:06:11
TRIAL 64 COMPLETE ✔
End Time: 2024-05-02 03:08:08
Total runtime for this trial (minutes/seconds): 01:57
----------------------------------------
Total hill visits: 93
Total prediction errors: 476
Total search depth: 3670356
Total times memory accessed: 13104236
Total times 24 >= t < 49: 17
Total times 49 >= t < 74: 5
Total times 74 >= t < 99: 0
Total times t == 99: 0
Total time steps survived: 1778
Total runtime so far (hours/minutes/seconds): 06:46:53
----------------------------------------

----------------------------------------
TRIAL 65 STARTED
----------------------------------------
Start Time: 2024-05-02 03:08:08
TRIAL 65 COMPLETE ✔
End Time: 2024-05-02 03:26:26
Total runtime for this trial (minutes/seconds): 18:17
----------------------------------------
Total hill visits: 94
Total prediction errors: 490
Total search depth: 3854731
Total times memory accessed: 13685063
Total times 24 >= t < 49: 18
Total times 49 >= t < 74: 5
Total times 74 >= t < 99: 0
Total times t == 99: 0
Total time steps survived: 1806
Total runtime so far (hours/minutes/seconds): 07:05:11
----------------------------------------

----------------------------------------
TRIAL 66 STARTED
----------------------------------------
Start Time: 2024-05-02 03:26:26
TRIAL 66 COMPLETE ✔
End Time: 2024-05-02 03:49:45
Total runtime for this trial (minutes/seconds): 23:18
----------------------------------------
Total hill visits: 96
Total prediction errors: 501
Total search depth: 4072852
Total times memory accessed: 14393802
Total times 24 >= t < 49: 18
Total times 49 >= t < 74: 5
Total times 74 >= t < 99: 1
Total times t == 99: 0
Total time steps survived: 1903
Total runtime so far (hours/minutes/seconds): 07:28:30
----------------------------------------

----------------------------------------
TRIAL 67 STARTED
----------------------------------------
Start Time: 2024-05-02 03:49:45
TRIAL 67 COMPLETE ✔
End Time: 2024-05-02 03:52:18
Total runtime for this trial (minutes/seconds): 02:33
----------------------------------------
Total hill visits: 97
Total prediction errors: 506
Total search depth: 4097773
Total times memory accessed: 14472119
Total times 24 >= t < 49: 18
Total times 49 >= t < 74: 5
Total times 74 >= t < 99: 1
Total times t == 99: 0
Total time steps survived: 1925
Total runtime so far (hours/minutes/seconds): 07:31:03
----------------------------------------

----------------------------------------
TRIAL 68 STARTED
----------------------------------------
Start Time: 2024-05-02 03:52:18
TRIAL 68 COMPLETE ✔
End Time: 2024-05-02 03:59:00
Total runtime for this trial (minutes/seconds): 06:41
----------------------------------------
Total hill visits: 98
Total prediction errors: 512
Total search depth: 4159271
Total times memory accessed: 14673683
Total times 24 >= t < 49: 18
Total times 49 >= t < 74: 5
Total times 74 >= t < 99: 1
Total times t == 99: 0
Total time steps survived: 1947
Total runtime so far (hours/minutes/seconds): 07:37:45
----------------------------------------

----------------------------------------
TRIAL 69 STARTED
----------------------------------------
Start Time: 2024-05-02 03:59:00
TRIAL 69 COMPLETE ✔
End Time: 2024-05-02 04:10:22
Total runtime for this trial (minutes/seconds): 11:22
----------------------------------------
Total hill visits: 99
Total prediction errors: 519
Total search depth: 4271010
Total times memory accessed: 15044314
Total times 24 >= t < 49: 19
Total times 49 >= t < 74: 5
Total times 74 >= t < 99: 1
Total times t == 99: 0
Total time steps survived: 1972
Total runtime so far (hours/minutes/seconds): 07:49:08
----------------------------------------

----------------------------------------
TRIAL 70 STARTED
----------------------------------------
Start Time: 2024-05-02 04:10:22
TRIAL 70 COMPLETE ✔
End Time: 2024-05-02 04:12:48
Total runtime for this trial (minutes/seconds): 02:25
----------------------------------------
Total hill visits: 100
Total prediction errors: 525
Total search depth: 4294747
Total times memory accessed: 15120593
Total times 24 >= t < 49: 19
Total times 49 >= t < 74: 5
Total times 74 >= t < 99: 1
Total times t == 99: 0
Total time steps survived: 1994
Total runtime so far (hours/minutes/seconds): 07:51:34
----------------------------------------

----------------------------------------
TRIAL 71 STARTED
----------------------------------------
Start Time: 2024-05-02 04:12:48
TRIAL 71 COMPLETE ✔
End Time: 2024-05-02 04:19:35
Total runtime for this trial (minutes/seconds): 06:46
----------------------------------------
Total hill visits: 101
Total prediction errors: 532
Total search depth: 4354477
Total times memory accessed: 15330040
Total times 24 >= t < 49: 19
Total times 49 >= t < 74: 5
Total times 74 >= t < 99: 1
Total times t == 99: 0
Total time steps survived: 2016
Total runtime so far (hours/minutes/seconds): 07:58:20
----------------------------------------

----------------------------------------
TRIAL 72 STARTED
----------------------------------------
Start Time: 2024-05-02 04:19:35
TRIAL 72 COMPLETE ✔
End Time: 2024-05-02 04:35:16
Total runtime for this trial (minutes/seconds): 15:41
----------------------------------------
Total hill visits: 102
Total prediction errors: 543
Total search depth: 4503492
Total times memory accessed: 15810063
Total times 24 >= t < 49: 19
Total times 49 >= t < 74: 6
Total times 74 >= t < 99: 1
Total times t == 99: 0
Total time steps survived: 2065
Total runtime so far (hours/minutes/seconds): 08:14:01
----------------------------------------

----------------------------------------
TRIAL 73 STARTED
----------------------------------------
Start Time: 2024-05-02 04:35:16
TRIAL 73 COMPLETE ✔
End Time: 2024-05-02 04:50:31
Total runtime for this trial (minutes/seconds): 15:15
----------------------------------------
Total hill visits: 104
Total prediction errors: 553
Total search depth: 4642566
Total times memory accessed: 16279655
Total times 24 >= t < 49: 20
Total times 49 >= t < 74: 6
Total times 74 >= t < 99: 1
Total times t == 99: 0
Total time steps survived: 2090
Total runtime so far (hours/minutes/seconds): 08:29:16
----------------------------------------

----------------------------------------
TRIAL 74 STARTED
----------------------------------------
Start Time: 2024-05-02 04:50:31
TRIAL 74 COMPLETE ✔
End Time: 2024-05-02 05:05:29
Total runtime for this trial (minutes/seconds): 14:57
----------------------------------------
Total hill visits: 106
Total prediction errors: 562
Total search depth: 4803297
Total times memory accessed: 16783132
Total times 24 >= t < 49: 21
Total times 49 >= t < 74: 6
Total times 74 >= t < 99: 1
Total times t == 99: 0
Total time steps survived: 2124
Total runtime so far (hours/minutes/seconds): 08:44:14
----------------------------------------

----------------------------------------
TRIAL 75 STARTED
----------------------------------------
Start Time: 2024-05-02 05:05:29
TRIAL 75 COMPLETE ✔
End Time: 2024-05-02 05:10:57
Total runtime for this trial (minutes/seconds): 05:27
----------------------------------------
Total hill visits: 108
Total prediction errors: 568
Total search depth: 4857184
Total times memory accessed: 16960688
Total times 24 >= t < 49: 21
Total times 49 >= t < 74: 6
Total times 74 >= t < 99: 1
Total times t == 99: 0
Total time steps survived: 2144
Total runtime so far (hours/minutes/seconds): 08:49:42
----------------------------------------

----------------------------------------
TRIAL 76 STARTED
----------------------------------------
Start Time: 2024-05-02 05:10:57
TRIAL 76 COMPLETE ✔
End Time: 2024-05-02 05:19:20
Total runtime for this trial (minutes/seconds): 08:23
----------------------------------------
Total hill visits: 110
Total prediction errors: 573
Total search depth: 4946306
Total times memory accessed: 17241562
Total times 24 >= t < 49: 21
Total times 49 >= t < 74: 7
Total times 74 >= t < 99: 1
Total times t == 99: 0
Total time steps survived: 2198
Total runtime so far (hours/minutes/seconds): 08:58:05
----------------------------------------

----------------------------------------
TRIAL 77 STARTED
----------------------------------------
Start Time: 2024-05-02 05:19:20
TRIAL 77 COMPLETE ✔
End Time: 2024-05-02 05:21:50
Total runtime for this trial (minutes/seconds): 02:30
----------------------------------------
Total hill visits: 111
Total prediction errors: 576
Total search depth: 4970946
Total times memory accessed: 17315745
Total times 24 >= t < 49: 21
Total times 49 >= t < 74: 7
Total times 74 >= t < 99: 1
Total times t == 99: 0
Total time steps survived: 2220
Total runtime so far (hours/minutes/seconds): 09:00:35
----------------------------------------

----------------------------------------
TRIAL 78 STARTED
----------------------------------------
Start Time: 2024-05-02 05:21:50
TRIAL 78 COMPLETE ✔
End Time: 2024-05-02 05:33:13
Total runtime for this trial (minutes/seconds): 11:23
----------------------------------------
Total hill visits: 112
Total prediction errors: 584
Total search depth: 5107779
Total times memory accessed: 17736374
Total times 24 >= t < 49: 21
Total times 49 >= t < 74: 8
Total times 74 >= t < 99: 1
Total times t == 99: 0
Total time steps survived: 2281
Total runtime so far (hours/minutes/seconds): 09:11:59
----------------------------------------

----------------------------------------
TRIAL 79 STARTED
----------------------------------------
Start Time: 2024-05-02 05:33:13
TRIAL 79 COMPLETE ✔
End Time: 2024-05-02 05:46:23
Total runtime for this trial (minutes/seconds): 13:09
----------------------------------------
Total hill visits: 114
Total prediction errors: 590
Total search depth: 5267537
Total times memory accessed: 18222422
Total times 24 >= t < 49: 22
Total times 49 >= t < 74: 8
Total times 74 >= t < 99: 1
Total times t == 99: 0
Total time steps survived: 2317
Total runtime so far (hours/minutes/seconds): 09:25:08
----------------------------------------

----------------------------------------
TRIAL 80 STARTED
----------------------------------------
Start Time: 2024-05-02 05:46:23
TRIAL 80 COMPLETE ✔
End Time: 2024-05-02 05:54:04
Total runtime for this trial (minutes/seconds): 07:41
----------------------------------------
Total hill visits: 118
Total prediction errors: 597
Total search depth: 5362133
Total times memory accessed: 18514987
Total times 24 >= t < 49: 23
Total times 49 >= t < 74: 8
Total times 74 >= t < 99: 1
Total times t == 99: 0
Total time steps survived: 2353
Total runtime so far (hours/minutes/seconds): 09:32:50
----------------------------------------

----------------------------------------
TRIAL 81 STARTED
----------------------------------------
Start Time: 2024-05-02 05:54:04
TRIAL 81 COMPLETE ✔
End Time: 2024-05-02 06:09:30
Total runtime for this trial (minutes/seconds): 15:26
----------------------------------------
Total hill visits: 119
Total prediction errors: 610
Total search depth: 5539640
Total times memory accessed: 19061654
Total times 24 >= t < 49: 23
Total times 49 >= t < 74: 8
Total times 74 >= t < 99: 2
Total times t == 99: 0
Total time steps survived: 2440
Total runtime so far (hours/minutes/seconds): 09:48:16
----------------------------------------

----------------------------------------
TRIAL 82 STARTED
----------------------------------------
Start Time: 2024-05-02 06:09:30
TRIAL 82 COMPLETE ✔
End Time: 2024-05-02 06:21:35
Total runtime for this trial (minutes/seconds): 12:04
----------------------------------------
Total hill visits: 121
Total prediction errors: 618
Total search depth: 5684401
Total times memory accessed: 19514828
Total times 24 >= t < 49: 23
Total times 49 >= t < 74: 9
Total times 74 >= t < 99: 2
Total times t == 99: 0
Total time steps survived: 2495
Total runtime so far (hours/minutes/seconds): 10:00:20
----------------------------------------

----------------------------------------
TRIAL 83 STARTED
----------------------------------------
Start Time: 2024-05-02 06:21:35
TRIAL 83 COMPLETE ✔
End Time: 2024-05-02 06:25:20
Total runtime for this trial (minutes/seconds): 03:45
----------------------------------------
Total hill visits: 122
Total prediction errors: 625
Total search depth: 5729234
Total times memory accessed: 19657706
Total times 24 >= t < 49: 23
Total times 49 >= t < 74: 9
Total times 74 >= t < 99: 2
Total times t == 99: 0
Total time steps survived: 2515
Total runtime so far (hours/minutes/seconds): 10:04:06
----------------------------------------

----------------------------------------
TRIAL 84 STARTED
----------------------------------------
Start Time: 2024-05-02 06:25:20
TRIAL 84 COMPLETE ✔
End Time: 2024-05-02 06:27:13
Total runtime for this trial (minutes/seconds): 01:52
----------------------------------------
Total hill visits: 123
Total prediction errors: 628
Total search depth: 5752014
Total times memory accessed: 19726397
Total times 24 >= t < 49: 23
Total times 49 >= t < 74: 9
Total times 74 >= t < 99: 2
Total times t == 99: 0
Total time steps survived: 2614
Total runtime so far (hours/minutes/seconds): 10:05:58
----------------------------------------

----------------------------------------
TRIAL 85 STARTED
----------------------------------------
Start Time: 2024-05-02 06:27:13
TRIAL 85 COMPLETE ✔
End Time: 2024-05-02 06:31:09
Total runtime for this trial (minutes/seconds): 03:56
----------------------------------------
Total hill visits: 124
Total prediction errors: 635
Total search depth: 5795480
Total times memory accessed: 19877425
Total times 24 >= t < 49: 23
Total times 49 >= t < 74: 9
Total times 74 >= t < 99: 2
Total times t == 99: 0
Total time steps survived: 2634
Total runtime so far (hours/minutes/seconds): 10:09:55
----------------------------------------

----------------------------------------
TRIAL 86 STARTED
----------------------------------------
Start Time: 2024-05-02 06:31:09
TRIAL 86 COMPLETE ✔
End Time: 2024-05-02 06:37:50
Total runtime for this trial (minutes/seconds): 06:40
----------------------------------------
Total hill visits: 130
Total prediction errors: 639
Total search depth: 5870500
Total times memory accessed: 20126355
Total times 24 >= t < 49: 23
Total times 49 >= t < 74: 9
Total times 74 >= t < 99: 2
Total times t == 99: 0
Total time steps survived: 2654
Total runtime so far (hours/minutes/seconds): 10:16:35
----------------------------------------

----------------------------------------
TRIAL 87 STARTED
----------------------------------------
Start Time: 2024-05-02 06:37:50
TRIAL 87 COMPLETE ✔
End Time: 2024-05-02 06:42:17
Total runtime for this trial (minutes/seconds): 04:27
----------------------------------------
Total hill visits: 132
Total prediction errors: 646
Total search depth: 5927113
Total times memory accessed: 20293503
Total times 24 >= t < 49: 24
Total times 49 >= t < 74: 9
Total times 74 >= t < 99: 2
Total times t == 99: 0
Total time steps survived: 2694
Total runtime so far (hours/minutes/seconds): 10:21:02
----------------------------------------

----------------------------------------
TRIAL 88 STARTED
----------------------------------------
Start Time: 2024-05-02 06:42:17
TRIAL 88 COMPLETE ✔
End Time: 2024-05-02 06:48:21
Total runtime for this trial (minutes/seconds): 06:03
----------------------------------------
Total hill visits: 135
Total prediction errors: 653
Total search depth: 6000647
Total times memory accessed: 20522331
Total times 24 >= t < 49: 25
Total times 49 >= t < 74: 9
Total times 74 >= t < 99: 2
Total times t == 99: 0
Total time steps survived: 2741
Total runtime so far (hours/minutes/seconds): 10:27:06
----------------------------------------

----------------------------------------
TRIAL 89 STARTED
----------------------------------------
Start Time: 2024-05-02 06:48:21
TRIAL 89 COMPLETE ✔
End Time: 2024-05-02 06:50:19
Total runtime for this trial (minutes/seconds): 01:58
----------------------------------------
Total hill visits: 136
Total prediction errors: 656
Total search depth: 6024682
Total times memory accessed: 20597234
Total times 24 >= t < 49: 25
Total times 49 >= t < 74: 9
Total times 74 >= t < 99: 2
Total times t == 99: 0
Total time steps survived: 2761
Total runtime so far (hours/minutes/seconds): 10:29:04
----------------------------------------

----------------------------------------
TRIAL 90 STARTED
----------------------------------------
Start Time: 2024-05-02 06:50:19
TRIAL 90 COMPLETE ✔
End Time: 2024-05-02 06:52:46
Total runtime for this trial (minutes/seconds): 02:27
----------------------------------------
Total hill visits: 137
Total prediction errors: 658
Total search depth: 6055748
Total times memory accessed: 20689147
Total times 24 >= t < 49: 25
Total times 49 >= t < 74: 9
Total times 74 >= t < 99: 2
Total times t == 99: 0
Total time steps survived: 2783
Total runtime so far (hours/minutes/seconds): 10:31:31
----------------------------------------

----------------------------------------
TRIAL 91 STARTED
----------------------------------------
Start Time: 2024-05-02 06:52:46
TRIAL 91 COMPLETE ✔
End Time: 2024-05-02 07:06:24
Total runtime for this trial (minutes/seconds): 13:38
----------------------------------------
Total hill visits: 139
Total prediction errors: 668
Total search depth: 6221345
Total times memory accessed: 21195176
Total times 24 >= t < 49: 26
Total times 49 >= t < 74: 9
Total times 74 >= t < 99: 2
Total times t == 99: 0
Total time steps survived: 2819
Total runtime so far (hours/minutes/seconds): 10:45:09
----------------------------------------

----------------------------------------
TRIAL 92 STARTED
----------------------------------------
Start Time: 2024-05-02 07:06:24
TRIAL 92 COMPLETE ✔
End Time: 2024-05-02 07:09:02
Total runtime for this trial (minutes/seconds): 02:38
----------------------------------------
Total hill visits: 140
Total prediction errors: 671
Total search depth: 6255349
Total times memory accessed: 21295694
Total times 24 >= t < 49: 26
Total times 49 >= t < 74: 9
Total times 74 >= t < 99: 2
Total times t == 99: 0
Total time steps survived: 2841
Total runtime so far (hours/minutes/seconds): 10:47:47
----------------------------------------

----------------------------------------
TRIAL 93 STARTED
----------------------------------------
Start Time: 2024-05-02 07:09:02
TRIAL 93 COMPLETE ✔
End Time: 2024-05-02 07:12:28
Total runtime for this trial (minutes/seconds): 03:25
----------------------------------------
Total hill visits: 143
Total prediction errors: 674
Total search depth: 6295992
Total times memory accessed: 21428270
Total times 24 >= t < 49: 26
Total times 49 >= t < 74: 9
Total times 74 >= t < 99: 2
Total times t == 99: 0
Total time steps survived: 2861
Total runtime so far (hours/minutes/seconds): 10:51:13
----------------------------------------

----------------------------------------
TRIAL 94 STARTED
----------------------------------------
Start Time: 2024-05-02 07:12:28
TRIAL 94 COMPLETE ✔
End Time: 2024-05-02 07:17:04
Total runtime for this trial (minutes/seconds): 04:36
----------------------------------------
Total hill visits: 144
Total prediction errors: 678
Total search depth: 6354129
Total times memory accessed: 21598057
Total times 24 >= t < 49: 27
Total times 49 >= t < 74: 9
Total times 74 >= t < 99: 2
Total times t == 99: 0
Total time steps survived: 2904
Total runtime so far (hours/minutes/seconds): 10:55:50
----------------------------------------

----------------------------------------
TRIAL 95 STARTED
----------------------------------------
Start Time: 2024-05-02 07:17:04
TRIAL 95 COMPLETE ✔
End Time: 2024-05-02 07:19:52
Total runtime for this trial (minutes/seconds): 02:47
----------------------------------------
Total hill visits: 145
Total prediction errors: 681
Total search depth: 6387925
Total times memory accessed: 21705061
Total times 24 >= t < 49: 27
Total times 49 >= t < 74: 9
Total times 74 >= t < 99: 2
Total times t == 99: 0
Total time steps survived: 2926
Total runtime so far (hours/minutes/seconds): 10:58:37
----------------------------------------

----------------------------------------
TRIAL 96 STARTED
----------------------------------------
Start Time: 2024-05-02 07:19:52
TRIAL 96 COMPLETE ✔
End Time: 2024-05-02 07:21:48
Total runtime for this trial (minutes/seconds): 01:55
----------------------------------------
Total hill visits: 146
Total prediction errors: 682
Total search depth: 6411305
Total times memory accessed: 21778507
Total times 24 >= t < 49: 27
Total times 49 >= t < 74: 9
Total times 74 >= t < 99: 2
Total times t == 99: 0
Total time steps survived: 2948
Total runtime so far (hours/minutes/seconds): 11:00:33
----------------------------------------

----------------------------------------
TRIAL 97 STARTED
----------------------------------------
Start Time: 2024-05-02 07:21:48
TRIAL 97 COMPLETE ✔
End Time: 2024-05-02 07:25:02
Total runtime for this trial (minutes/seconds): 03:14
----------------------------------------
Total hill visits: 147
Total prediction errors: 686
Total search depth: 6453679
Total times memory accessed: 21903163
Total times 24 >= t < 49: 27
Total times 49 >= t < 74: 9
Total times 74 >= t < 99: 2
Total times t == 99: 0
Total time steps survived: 2970
Total runtime so far (hours/minutes/seconds): 11:03:48
----------------------------------------

----------------------------------------
TRIAL 98 STARTED
----------------------------------------
Start Time: 2024-05-02 07:25:02
TRIAL 98 COMPLETE ✔
End Time: 2024-05-02 07:42:31
Total runtime for this trial (minutes/seconds): 17:28
----------------------------------------
Total hill visits: 150
Total prediction errors: 697
Total search depth: 6665797
Total times memory accessed: 22547543
Total times 24 >= t < 49: 27
Total times 49 >= t < 74: 9
Total times 74 >= t < 99: 2
Total times t == 99: 0
Total time steps survived: 3069
Total runtime so far (hours/minutes/seconds): 11:21:16
----------------------------------------

----------------------------------------
TRIAL 99 STARTED
----------------------------------------
Start Time: 2024-05-02 07:42:31
TRIAL 99 COMPLETE ✔
End Time: 2024-05-02 07:52:57
Total runtime for this trial (minutes/seconds): 10:26
----------------------------------------
Total hill visits: 152
Total prediction errors: 706
Total search depth: 6796304
Total times memory accessed: 22936393
Total times 24 >= t < 49: 27
Total times 49 >= t < 74: 10
Total times 74 >= t < 99: 2
Total times t == 99: 0
Total time steps survived: 3136
Total runtime so far (hours/minutes/seconds): 11:31:42
----------------------------------------

----------------------------------------
TRIAL 100 STARTED
----------------------------------------
Start Time: 2024-05-02 07:52:57
TRIAL 100 COMPLETE ✔
End Time: 2024-05-02 07:55:56
Total runtime for this trial (minutes/seconds): 02:59
----------------------------------------
Total hill visits: 153
Total prediction errors: 710
Total search depth: 6828170
Total times memory accessed: 23035784
Total times 24 >= t < 49: 27
Total times 49 >= t < 74: 10
Total times 74 >= t < 99: 2
Total times t == 99: 0
Total time steps survived: 3158
Total runtime so far (hours/minutes/seconds): 11:34:42
----------------------------------------

----------------------------------------
TRIAL 101 STARTED
----------------------------------------
Start Time: 2024-05-02 07:55:56
TRIAL 101 COMPLETE ✔
End Time: 2024-05-02 08:01:36
Total runtime for this trial (minutes/seconds): 05:40
----------------------------------------
Total hill visits: 154
Total prediction errors: 714
Total search depth: 6895440
Total times memory accessed: 23237603
Total times 24 >= t < 49: 28
Total times 49 >= t < 74: 10
Total times 74 >= t < 99: 2
Total times t == 99: 0
Total time steps survived: 3189
Total runtime so far (hours/minutes/seconds): 11:40:22
----------------------------------------

----------------------------------------
TRIAL 102 STARTED
----------------------------------------
Start Time: 2024-05-02 08:01:36
TRIAL 102 COMPLETE ✔
End Time: 2024-05-02 08:17:28
Total runtime for this trial (minutes/seconds): 15:51
----------------------------------------
Total hill visits: 157
Total prediction errors: 723
Total search depth: 7075585
Total times memory accessed: 23824649
Total times 24 >= t < 49: 28
Total times 49 >= t < 74: 11
Total times 74 >= t < 99: 2
Total times t == 99: 0
Total time steps survived: 3237
Total runtime so far (hours/minutes/seconds): 11:56:14
----------------------------------------

----------------------------------------
TRIAL 103 STARTED
----------------------------------------
Start Time: 2024-05-02 08:17:28
TRIAL 103 COMPLETE ✔
End Time: 2024-05-02 08:21:20
Total runtime for this trial (minutes/seconds): 03:51
----------------------------------------
Total hill visits: 159
Total prediction errors: 727
Total search depth: 7125252
Total times memory accessed: 23969669
Total times 24 >= t < 49: 29
Total times 49 >= t < 74: 11
Total times 74 >= t < 99: 2
Total times t == 99: 0
Total time steps survived: 3270
Total runtime so far (hours/minutes/seconds): 12:00:06
----------------------------------------

----------------------------------------
TRIAL 104 STARTED
----------------------------------------
Start Time: 2024-05-02 08:21:20
TRIAL 104 COMPLETE ✔
End Time: 2024-05-02 08:30:13
Total runtime for this trial (minutes/seconds): 08:53
----------------------------------------
Total hill visits: 161
Total prediction errors: 737
Total search depth: 7236899
Total times memory accessed: 24307444
Total times 24 >= t < 49: 29
Total times 49 >= t < 74: 11
Total times 74 >= t < 99: 3
Total times t == 99: 0
Total time steps survived: 3348
Total runtime so far (hours/minutes/seconds): 12:08:59
----------------------------------------

----------------------------------------
TRIAL 105 STARTED
----------------------------------------
Start Time: 2024-05-02 08:30:13
TRIAL 105 COMPLETE ✔
End Time: 2024-05-02 08:40:20
Total runtime for this trial (minutes/seconds): 10:06
----------------------------------------
Total hill visits: 163
Total prediction errors: 746
Total search depth: 7365294
Total times memory accessed: 24688955
Total times 24 >= t < 49: 29
Total times 49 >= t < 74: 11
Total times 74 >= t < 99: 4
Total times t == 99: 0
Total time steps survived: 3440
Total runtime so far (hours/minutes/seconds): 12:19:05
----------------------------------------

----------------------------------------
TRIAL 106 STARTED
----------------------------------------
Start Time: 2024-05-02 08:40:20
TRIAL 106 COMPLETE ✔
End Time: 2024-05-02 08:43:45
Total runtime for this trial (minutes/seconds): 03:25
----------------------------------------
Total hill visits: 164
Total prediction errors: 750
Total search depth: 7405969
Total times memory accessed: 24817755
Total times 24 >= t < 49: 30
Total times 49 >= t < 74: 11
Total times 74 >= t < 99: 4
Total times t == 99: 0
Total time steps survived: 3469
Total runtime so far (hours/minutes/seconds): 12:22:31
----------------------------------------

----------------------------------------
TRIAL 107 STARTED
----------------------------------------
Start Time: 2024-05-02 08:43:45
TRIAL 107 COMPLETE ✔
End Time: 2024-05-02 08:47:01
Total runtime for this trial (minutes/seconds): 03:15
----------------------------------------
Total hill visits: 166
Total prediction errors: 754
Total search depth: 7443532
Total times memory accessed: 24943866
Total times 24 >= t < 49: 30
Total times 49 >= t < 74: 11
Total times 74 >= t < 99: 4
Total times t == 99: 0
Total time steps survived: 3491
Total runtime so far (hours/minutes/seconds): 12:25:46
----------------------------------------

----------------------------------------
TRIAL 108 STARTED
----------------------------------------
Start Time: 2024-05-02 08:47:01
TRIAL 108 COMPLETE ✔
End Time: 2024-05-02 08:58:33
Total runtime for this trial (minutes/seconds): 11:32
----------------------------------------
Total hill visits: 168
Total prediction errors: 761
Total search depth: 7587429
Total times memory accessed: 25382996
Total times 24 >= t < 49: 30
Total times 49 >= t < 74: 12
Total times 74 >= t < 99: 4
Total times t == 99: 0
Total time steps survived: 3550
Total runtime so far (hours/minutes/seconds): 12:37:19
----------------------------------------

----------------------------------------
TRIAL 109 STARTED
----------------------------------------
Start Time: 2024-05-02 08:58:33
TRIAL 109 COMPLETE ✔
End Time: 2024-05-02 09:03:45
Total runtime for this trial (minutes/seconds): 05:11
----------------------------------------
Total hill visits: 170
Total prediction errors: 767
Total search depth: 7649970
Total times memory accessed: 25577089
Total times 24 >= t < 49: 30
Total times 49 >= t < 74: 13
Total times 74 >= t < 99: 4
Total times t == 99: 0
Total time steps survived: 3617
Total runtime so far (hours/minutes/seconds): 12:42:30
----------------------------------------

----------------------------------------
TRIAL 110 STARTED
----------------------------------------
Start Time: 2024-05-02 09:03:45
TRIAL 110 COMPLETE ✔
End Time: 2024-05-02 09:15:10
Total runtime for this trial (minutes/seconds): 11:25
----------------------------------------
Total hill visits: 171
Total prediction errors: 776
Total search depth: 7788132
Total times memory accessed: 26003889
Total times 24 >= t < 49: 31
Total times 49 >= t < 74: 13
Total times 74 >= t < 99: 4
Total times t == 99: 0
Total time steps survived: 3660
Total runtime so far (hours/minutes/seconds): 12:53:56
----------------------------------------

----------------------------------------
TRIAL 111 STARTED
----------------------------------------
Start Time: 2024-05-02 09:15:10
TRIAL 111 COMPLETE ✔
End Time: 2024-05-02 09:18:05
Total runtime for this trial (minutes/seconds): 02:54
----------------------------------------
Total hill visits: 172
Total prediction errors: 780
Total search depth: 7818759
Total times memory accessed: 26102041
Total times 24 >= t < 49: 31
Total times 49 >= t < 74: 13
Total times 74 >= t < 99: 4
Total times t == 99: 0
Total time steps survived: 3682
Total runtime so far (hours/minutes/seconds): 12:56:50
----------------------------------------

----------------------------------------
TRIAL 112 STARTED
----------------------------------------
Start Time: 2024-05-02 09:18:05
TRIAL 112 COMPLETE ✔
End Time: 2024-05-02 09:29:04
Total runtime for this trial (minutes/seconds): 10:59
----------------------------------------
Total hill visits: 173
Total prediction errors: 788
Total search depth: 7953564
Total times memory accessed: 26506354
Total times 24 >= t < 49: 32
Total times 49 >= t < 74: 13
Total times 74 >= t < 99: 4
Total times t == 99: 0
Total time steps survived: 3724
Total runtime so far (hours/minutes/seconds): 13:07:50
----------------------------------------

----------------------------------------
TRIAL 113 STARTED
----------------------------------------
Start Time: 2024-05-02 09:29:04
TRIAL 113 COMPLETE ✔
End Time: 2024-05-02 09:33:03
Total runtime for this trial (minutes/seconds): 03:58
----------------------------------------
Total hill visits: 175
Total prediction errors: 792
Total search depth: 7997388
Total times memory accessed: 26652942
Total times 24 >= t < 49: 32
Total times 49 >= t < 74: 13
Total times 74 >= t < 99: 4
Total times t == 99: 0
Total time steps survived: 3744
Total runtime so far (hours/minutes/seconds): 13:11:48
----------------------------------------

----------------------------------------
TRIAL 114 STARTED
----------------------------------------
Start Time: 2024-05-02 09:33:03
TRIAL 114 COMPLETE ✔
End Time: 2024-05-02 09:48:09
Total runtime for this trial (minutes/seconds): 15:06
----------------------------------------
Total hill visits: 177
Total prediction errors: 800
Total search depth: 8176565
Total times memory accessed: 27206466
Total times 24 >= t < 49: 32
Total times 49 >= t < 74: 13
Total times 74 >= t < 99: 4
Total times t == 99: 0
Total time steps survived: 3843
Total runtime so far (hours/minutes/seconds): 13:26:54
----------------------------------------

----------------------------------------
TRIAL 115 STARTED
----------------------------------------
Start Time: 2024-05-02 09:48:09
TRIAL 115 COMPLETE ✔
End Time: 2024-05-02 10:01:17
Total runtime for this trial (minutes/seconds): 13:08
----------------------------------------
Total hill visits: 180
Total prediction errors: 813
Total search depth: 8334633
Total times memory accessed: 27698450
Total times 24 >= t < 49: 32
Total times 49 >= t < 74: 13
Total times 74 >= t < 99: 5
Total times t == 99: 0
Total time steps survived: 3934
Total runtime so far (hours/minutes/seconds): 13:40:03
----------------------------------------

----------------------------------------
TRIAL 116 STARTED
----------------------------------------
Start Time: 2024-05-02 10:01:17
TRIAL 116 COMPLETE ✔
End Time: 2024-05-02 10:03:46
Total runtime for this trial (minutes/seconds): 02:28
----------------------------------------
Total hill visits: 182
Total prediction errors: 816
Total search depth: 8364016
Total times memory accessed: 27793619
Total times 24 >= t < 49: 32
Total times 49 >= t < 74: 13
Total times 74 >= t < 99: 5
Total times t == 99: 0
Total time steps survived: 3954
Total runtime so far (hours/minutes/seconds): 13:42:32
----------------------------------------

----------------------------------------
TRIAL 117 STARTED
----------------------------------------
Start Time: 2024-05-02 10:03:46
TRIAL 117 COMPLETE ✔
End Time: 2024-05-02 10:06:43
Total runtime for this trial (minutes/seconds): 02:57
----------------------------------------
Total hill visits: 183
Total prediction errors: 820
Total search depth: 8399243
Total times memory accessed: 27906499
Total times 24 >= t < 49: 32
Total times 49 >= t < 74: 13
Total times 74 >= t < 99: 5
Total times t == 99: 0
Total time steps survived: 3974
Total runtime so far (hours/minutes/seconds): 13:45:29
----------------------------------------

----------------------------------------
TRIAL 118 STARTED
----------------------------------------
Start Time: 2024-05-02 10:06:43
TRIAL 118 COMPLETE ✔
End Time: 2024-05-02 10:13:05
Total runtime for this trial (minutes/seconds): 06:21
----------------------------------------
Total hill visits: 185
Total prediction errors: 826
Total search depth: 8468794
Total times memory accessed: 28138731
Total times 24 >= t < 49: 32
Total times 49 >= t < 74: 13
Total times 74 >= t < 99: 5
Total times t == 99: 0
Total time steps survived: 3996
Total runtime so far (hours/minutes/seconds): 13:51:50
----------------------------------------

----------------------------------------
TRIAL 119 STARTED
----------------------------------------
Start Time: 2024-05-02 10:13:05
TRIAL 119 COMPLETE ✔
End Time: 2024-05-02 10:28:04
Total runtime for this trial (minutes/seconds): 14:58
----------------------------------------
Total hill visits: 187
Total prediction errors: 838
Total search depth: 8658253
Total times memory accessed: 28699435
Total times 24 >= t < 49: 32
Total times 49 >= t < 74: 14
Total times 74 >= t < 99: 5
Total times t == 99: 0
Total time steps survived: 4064
Total runtime so far (hours/minutes/seconds): 14:06:49
----------------------------------------

----------------------------------------
TRIAL 120 STARTED
----------------------------------------
Start Time: 2024-05-02 10:28:04
TRIAL 120 COMPLETE ✔
End Time: 2024-05-02 10:32:04
Total runtime for this trial (minutes/seconds): 04:00
----------------------------------------
Total hill visits: 189
Total prediction errors: 842
Total search depth: 8705744
Total times memory accessed: 28850514
Total times 24 >= t < 49: 32
Total times 49 >= t < 74: 14
Total times 74 >= t < 99: 5
Total times t == 99: 0
Total time steps survived: 4086
Total runtime so far (hours/minutes/seconds): 14:10:49
----------------------------------------
EXPERIMENT COMPLETE ✔.
End Time: 2024-05-02 10:32:04
TOTAL RUNTIME (hours/minutes/seconds): 14:10:49
Traceback (most recent call last):
  File "/home/grmstj001/MATLAB-experiments/Sophisticated-Learning/src/Python/main.py", line 24, in <module>
    main(algorithm=args.algorithm, seed=args.seed)
  File "/home/grmstj001/MATLAB-experiments/Sophisticated-Learning/src/Python/main.py", line 8, in main
    si_experiment(seed)
  File "/home/grmstj001/MATLAB-experiments/Sophisticated-Learning/src/Python/algorithms/sophisticated_inference/sophisticated_inference.py", line 354, in experiment
    logging.info(f"AVERAGE RUNTIME PER TIME STEP: {round_half_up((runtime.total_seconds() / total_t), 3)} seconds")
NameError: name 'round_half_up' is not defined
/var/tmp/slurmd.spool/job2116104/slurm_script: line 32: deactivatepython: command not found
