Running main with ALGORITHM=SL, SEED=26, HORIZON=2, K_FACTOR=0.7, ROOT_FOLDER=/home/grmstj001, MCT=3, NUM_MCT=100, AUTO_REST=, GRID_SIZE=5, START_POS=19, HILL=13, FOOD=(1 7 23 14), WATER=(9 8 16 11), SLEEP=(21 6 18 22)

                            < M A T L A B (R) >
                  Copyright 1984-2022 The MathWorks, Inc.
             R2022b Update 9 (9.13.0.2553342) 64-bit (glnxa64)
                               March 13, 2024

 
To get started, type doc.
For product information, visit www.mathworks.com.
 
Starting SL.

----------------------------------------
TRIAL 1 STARTED
----------------------------------------
Start Time: 2024-05-22 03:22:04
At time step 60 the agent is dead
The agent had 20 food, 0 water, and 19 sleep.
The total tree search depth for this trial was 229571. 
The agent accessed its memory 3898295 times. 
The agent cleared its short-term memory 32 times. 
     State prediction error memory resets: 7. 
     Hill memory resets: 25. 
TRIAL 1 COMPLETE ?
End Time: 2024-05-22 03:28:56
Total runtime for this trial (minutes/seconds): 06:52
----------------------------------------
Total hill visits: 25. 
Total prediction errors: 7. 
Total search depth: 229571. 
Total times memory accessed: 3898295. 
Total times 25 >= t <= 50: 0. 
Total times 50 >= t <= 75: 1. 
Total times 75 >= t <= 100: 0. 
Total times t == 100: 0. 
Total time steps survived: 61. 
Total runtime so far (hours/minutes/seconds): 00:06:52
----------------------------------------

----------------------------------------
TRIAL 2 STARTED
----------------------------------------
Start Time: 2024-05-22 03:28:55
At time step 32 the agent is dead
The agent had 21 food, 0 water, and 25 sleep.
The total tree search depth for this trial was 203910. 
The agent accessed its memory 3433423 times. 
The agent cleared its short-term memory 18 times. 
     State prediction error memory resets: 2. 
     Hill memory resets: 16. 
TRIAL 2 COMPLETE ?
End Time: 2024-05-22 03:35:11
Total runtime for this trial (minutes/seconds): 06:16
----------------------------------------
Total hill visits: 41. 
Total prediction errors: 9. 
Total search depth: 433481. 
Total times memory accessed: 7331718. 
Total times 25 >= t <= 50: 1. 
Total times 50 >= t <= 75: 1. 
Total times 75 >= t <= 100: 0. 
Total times t == 100: 0. 
Total time steps survived: 94. 
Total runtime so far (hours/minutes/seconds): 00:13:07
----------------------------------------

----------------------------------------
TRIAL 3 STARTED
----------------------------------------
Start Time: 2024-05-22 03:35:10
At time step 99 the agent is dead
The agent had 9 food, 20 water, and 14 sleep.
The total tree search depth for this trial was 946129. 
The agent accessed its memory 15328331 times. 
The agent cleared its short-term memory 67 times. 
     State prediction error memory resets: 11. 
     Hill memory resets: 56. 
TRIAL 3 COMPLETE ?
End Time: 2024-05-22 04:09:52
Total runtime for this trial (minutes/seconds): 34:42
----------------------------------------
Total hill visits: 97. 
Total prediction errors: 20. 
Total search depth: 1379610. 
Total times memory accessed: 22660049. 
Total times 25 >= t <= 50: 1. 
Total times 50 >= t <= 75: 1. 
Total times 75 >= t <= 100: 0. 
Total times t == 100: 1. 
Total time steps survived: 194. 
Total runtime so far (hours/minutes/seconds): 00:47:48
----------------------------------------

----------------------------------------
TRIAL 4 STARTED
----------------------------------------
Start Time: 2024-05-22 04:09:51
At time step 99 the agent is dead
The agent had 15 food, 16 water, and 24 sleep.
The total tree search depth for this trial was 1480144. 
The agent accessed its memory 23794894 times. 
The agent cleared its short-term memory 79 times. 
     State prediction error memory resets: 6. 
     Hill memory resets: 73. 
TRIAL 4 COMPLETE ?
End Time: 2024-05-22 05:05:56
Total runtime for this trial (minutes/seconds): 56:05
----------------------------------------
Total hill visits: 170. 
Total prediction errors: 26. 
Total search depth: 2859754. 
Total times memory accessed: 46454943. 
Total times 25 >= t <= 50: 1. 
Total times 50 >= t <= 75: 1. 
Total times 75 >= t <= 100: 0. 
Total times t == 100: 2. 
Total time steps survived: 294. 
Total runtime so far (hours/minutes/seconds): 01:43:52
----------------------------------------

----------------------------------------
TRIAL 5 STARTED
----------------------------------------
Start Time: 2024-05-22 05:05:55
At time step 99 the agent is dead
The agent had 11 food, 20 water, and 11 sleep.
The total tree search depth for this trial was 1063076. 
The agent accessed its memory 16980132 times. 
The agent cleared its short-term memory 81 times. 
     State prediction error memory resets: 4. 
     Hill memory resets: 77. 
TRIAL 5 COMPLETE ?
End Time: 2024-05-22 05:47:05
Total runtime for this trial (minutes/seconds): 41:10
----------------------------------------
Total hill visits: 247. 
Total prediction errors: 30. 
Total search depth: 3922830. 
Total times memory accessed: 63435075. 
Total times 25 >= t <= 50: 1. 
Total times 50 >= t <= 75: 1. 
Total times 75 >= t <= 100: 0. 
Total times t == 100: 3. 
Total time steps survived: 394. 
Total runtime so far (hours/minutes/seconds): 02:25:01
----------------------------------------

----------------------------------------
TRIAL 6 STARTED
----------------------------------------
Start Time: 2024-05-22 05:47:04
At time step 57 the agent is dead
The agent had 22 food, 0 water, and 24 sleep.
The total tree search depth for this trial was 362221. 
The agent accessed its memory 5717611 times. 
The agent cleared its short-term memory 37 times. 
     State prediction error memory resets: 7. 
     Hill memory resets: 30. 
TRIAL 6 COMPLETE ?
End Time: 2024-05-22 06:01:19
Total runtime for this trial (minutes/seconds): 14:15
----------------------------------------
Total hill visits: 277. 
Total prediction errors: 37. 
Total search depth: 4285051. 
Total times memory accessed: 69152686. 
Total times 25 >= t <= 50: 1. 
Total times 50 >= t <= 75: 2. 
Total times 75 >= t <= 100: 0. 
Total times t == 100: 3. 
Total time steps survived: 452. 
Total runtime so far (hours/minutes/seconds): 02:39:15
----------------------------------------

----------------------------------------
TRIAL 7 STARTED
----------------------------------------
Start Time: 2024-05-22 06:01:18
At time step 99 the agent is dead
The agent had 9 food, 18 water, and 19 sleep.
The total tree search depth for this trial was 1079990. 
The agent accessed its memory 17202922 times. 
The agent cleared its short-term memory 79 times. 
     State prediction error memory resets: 5. 
     Hill memory resets: 74. 
TRIAL 7 COMPLETE ?
End Time: 2024-05-22 06:41:56
Total runtime for this trial (minutes/seconds): 40:38
----------------------------------------
Total hill visits: 351. 
Total prediction errors: 42. 
Total search depth: 5365041. 
Total times memory accessed: 86355608. 
Total times 25 >= t <= 50: 1. 
Total times 50 >= t <= 75: 2. 
Total times 75 >= t <= 100: 0. 
Total times t == 100: 4. 
Total time steps survived: 552. 
Total runtime so far (hours/minutes/seconds): 03:19:52
----------------------------------------

----------------------------------------
TRIAL 8 STARTED
----------------------------------------
Start Time: 2024-05-22 06:41:55
At time step 99 the agent is dead
The agent had 20 food, 12 water, and 9 sleep.
The total tree search depth for this trial was 1296140. 
The agent accessed its memory 20602204 times. 
The agent cleared its short-term memory 74 times. 
     State prediction error memory resets: 3. 
     Hill memory resets: 71. 
TRIAL 8 COMPLETE ?
End Time: 2024-05-22 07:31:00
Total runtime for this trial (minutes/seconds): 49:05
----------------------------------------
Total hill visits: 422. 
Total prediction errors: 45. 
Total search depth: 6661181. 
Total times memory accessed: 106957812. 
Total times 25 >= t <= 50: 1. 
Total times 50 >= t <= 75: 2. 
Total times 75 >= t <= 100: 0. 
Total times t == 100: 5. 
Total time steps survived: 652. 
Total runtime so far (hours/minutes/seconds): 04:08:56
----------------------------------------

----------------------------------------
TRIAL 9 STARTED
----------------------------------------
Start Time: 2024-05-22 07:30:59
At time step 99 the agent is dead
The agent had 13 food, 9 water, and 6 sleep.
The total tree search depth for this trial was 1321088. 
The agent accessed its memory 20771982 times. 
The agent cleared its short-term memory 82 times. 
     State prediction error memory resets: 3. 
     Hill memory resets: 79. 
TRIAL 9 COMPLETE ?
End Time: 2024-05-22 08:22:59
Total runtime for this trial (minutes/seconds): 52:00
----------------------------------------
Total hill visits: 501. 
Total prediction errors: 48. 
Total search depth: 7982269. 
Total times memory accessed: 127729794. 
Total times 25 >= t <= 50: 1. 
Total times 50 >= t <= 75: 2. 
Total times 75 >= t <= 100: 0. 
Total times t == 100: 6. 
Total time steps survived: 752. 
Total runtime so far (hours/minutes/seconds): 05:00:55
----------------------------------------

----------------------------------------
TRIAL 10 STARTED
----------------------------------------
Start Time: 2024-05-22 08:22:58
At time step 99 the agent is dead
The agent had 20 food, 13 water, and 6 sleep.
The total tree search depth for this trial was 1064524. 
The agent accessed its memory 16764126 times. 
The agent cleared its short-term memory 82 times. 
     State prediction error memory resets: 4. 
     Hill memory resets: 78. 
TRIAL 10 COMPLETE ?
End Time: 2024-05-22 09:04:35
Total runtime for this trial (minutes/seconds): 41:37
----------------------------------------
Total hill visits: 579. 
Total prediction errors: 52. 
Total search depth: 9046793. 
Total times memory accessed: 144493920. 
Total times 25 >= t <= 50: 1. 
Total times 50 >= t <= 75: 2. 
Total times 75 >= t <= 100: 0. 
Total times t == 100: 7. 
Total time steps survived: 852. 
Total runtime so far (hours/minutes/seconds): 05:42:31
----------------------------------------

----------------------------------------
TRIAL 11 STARTED
----------------------------------------
Start Time: 2024-05-22 09:04:34
At time step 99 the agent is dead
The agent had 7 food, 17 water, and 24 sleep.
The total tree search depth for this trial was 1152218. 
The agent accessed its memory 18080170 times. 
The agent cleared its short-term memory 85 times. 
     State prediction error memory resets: 4. 
     Hill memory resets: 81. 
TRIAL 11 COMPLETE ?
End Time: 2024-05-22 09:50:23
Total runtime for this trial (minutes/seconds): 45:49
----------------------------------------
Total hill visits: 660. 
Total prediction errors: 56. 
Total search depth: 10199011. 
Total times memory accessed: 162574090. 
Total times 25 >= t <= 50: 1. 
Total times 50 >= t <= 75: 2. 
Total times 75 >= t <= 100: 0. 
Total times t == 100: 8. 
Total time steps survived: 952. 
Total runtime so far (hours/minutes/seconds): 06:28:19
----------------------------------------

----------------------------------------
TRIAL 12 STARTED
----------------------------------------
Start Time: 2024-05-22 09:50:22
At time step 99 the agent is dead
The agent had 17 food, 19 water, and 14 sleep.
The total tree search depth for this trial was 1105781. 
The agent accessed its memory 17414416 times. 
The agent cleared its short-term memory 80 times. 
     State prediction error memory resets: 3. 
     Hill memory resets: 77. 
TRIAL 12 COMPLETE ?
End Time: 2024-05-22 10:33:28
Total runtime for this trial (minutes/seconds): 43:06
----------------------------------------
Total hill visits: 737. 
Total prediction errors: 59. 
Total search depth: 11304792. 
Total times memory accessed: 179988506. 
Total times 25 >= t <= 50: 1. 
Total times 50 >= t <= 75: 2. 
Total times 75 >= t <= 100: 0. 
Total times t == 100: 9. 
Total time steps survived: 1052. 
Total runtime so far (hours/minutes/seconds): 07:11:24
----------------------------------------

----------------------------------------
TRIAL 13 STARTED
----------------------------------------
Start Time: 2024-05-22 10:33:27
At time step 85 the agent is dead
The agent had 21 food, 0 water, and 16 sleep.
The total tree search depth for this trial was 754697. 
The agent accessed its memory 11945357 times. 
The agent cleared its short-term memory 57 times. 
     State prediction error memory resets: 6. 
     Hill memory resets: 51. 
TRIAL 13 COMPLETE ?
End Time: 2024-05-22 10:59:44
Total runtime for this trial (minutes/seconds): 26:17
----------------------------------------
Total hill visits: 788. 
Total prediction errors: 65. 
Total search depth: 12059489. 
Total times memory accessed: 191933863. 
Total times 25 >= t <= 50: 1. 
Total times 50 >= t <= 75: 2. 
Total times 75 >= t <= 100: 1. 
Total times t == 100: 9. 
Total time steps survived: 1138. 
Total runtime so far (hours/minutes/seconds): 07:37:40
----------------------------------------

----------------------------------------
TRIAL 14 STARTED
----------------------------------------
Start Time: 2024-05-22 10:59:43
At time step 99 the agent is dead
The agent had 21 food, 12 water, and 13 sleep.
The total tree search depth for this trial was 1162261. 
The agent accessed its memory 18380976 times. 
The agent cleared its short-term memory 81 times. 
     State prediction error memory resets: 2. 
     Hill memory resets: 79. 
TRIAL 14 COMPLETE ?
End Time: 2024-05-22 11:39:57
Total runtime for this trial (minutes/seconds): 40:14
----------------------------------------
Total hill visits: 867. 
Total prediction errors: 67. 
Total search depth: 13221750. 
Total times memory accessed: 210314839. 
Total times 25 >= t <= 50: 1. 
Total times 50 >= t <= 75: 2. 
Total times 75 >= t <= 100: 1. 
Total times t == 100: 10. 
Total time steps survived: 1238. 
Total runtime so far (hours/minutes/seconds): 08:17:53
----------------------------------------

----------------------------------------
TRIAL 15 STARTED
----------------------------------------
Start Time: 2024-05-22 11:39:56
At time step 99 the agent is dead
The agent had 11 food, 2 water, and 17 sleep.
The total tree search depth for this trial was 1202799. 
The agent accessed its memory 18946127 times. 
The agent cleared its short-term memory 79 times. 
     State prediction error memory resets: 2. 
     Hill memory resets: 77. 
TRIAL 15 COMPLETE ?
End Time: 2024-05-22 12:22:05
Total runtime for this trial (minutes/seconds): 42:09
----------------------------------------
Total hill visits: 944. 
Total prediction errors: 69. 
Total search depth: 14424549. 
Total times memory accessed: 229260966. 
Total times 25 >= t <= 50: 1. 
Total times 50 >= t <= 75: 2. 
Total times 75 >= t <= 100: 1. 
Total times t == 100: 11. 
Total time steps survived: 1338. 
Total runtime so far (hours/minutes/seconds): 09:00:01
----------------------------------------

----------------------------------------
TRIAL 16 STARTED
----------------------------------------
Start Time: 2024-05-22 12:22:04
At time step 99 the agent is dead
The agent had 11 food, 15 water, and 22 sleep.
The total tree search depth for this trial was 1183181. 
The agent accessed its memory 18706546 times. 
The agent cleared its short-term memory 81 times. 
     State prediction error memory resets: 5. 
     Hill memory resets: 76. 
TRIAL 16 COMPLETE ?
End Time: 2024-05-22 13:02:54
Total runtime for this trial (minutes/seconds): 40:50
----------------------------------------
Total hill visits: 1020. 
Total prediction errors: 74. 
Total search depth: 15607730. 
Total times memory accessed: 247967512. 
Total times 25 >= t <= 50: 1. 
Total times 50 >= t <= 75: 2. 
Total times 75 >= t <= 100: 1. 
Total times t == 100: 12. 
Total time steps survived: 1438. 
Total runtime so far (hours/minutes/seconds): 09:40:50
----------------------------------------

----------------------------------------
TRIAL 17 STARTED
----------------------------------------
Start Time: 2024-05-22 13:02:53
At time step 99 the agent is dead
The agent had 7 food, 15 water, and 18 sleep.
The total tree search depth for this trial was 1122629. 
The agent accessed its memory 17596515 times. 
The agent cleared its short-term memory 81 times. 
     State prediction error memory resets: 0. 
     Hill memory resets: 81. 
TRIAL 17 COMPLETE ?
End Time: 2024-05-22 13:42:50
Total runtime for this trial (minutes/seconds): 39:57
----------------------------------------
Total hill visits: 1101. 
Total prediction errors: 74. 
Total search depth: 16730359. 
Total times memory accessed: 265564027. 
Total times 25 >= t <= 50: 1. 
Total times 50 >= t <= 75: 2. 
Total times 75 >= t <= 100: 1. 
Total times t == 100: 13. 
Total time steps survived: 1538. 
Total runtime so far (hours/minutes/seconds): 10:20:46
----------------------------------------

----------------------------------------
TRIAL 18 STARTED
----------------------------------------
Start Time: 2024-05-22 13:42:49
At time step 79 the agent is dead
The agent had 12 food, 18 water, and 0 sleep.
The total tree search depth for this trial was 837159. 
The agent accessed its memory 13179965 times. 
The agent cleared its short-term memory 66 times. 
     State prediction error memory resets: 5. 
     Hill memory resets: 61. 
TRIAL 18 COMPLETE ?
End Time: 2024-05-22 14:12:08
Total runtime for this trial (minutes/seconds): 29:19
----------------------------------------
Total hill visits: 1162. 
Total prediction errors: 79. 
Total search depth: 17567518. 
Total times memory accessed: 278743992. 
Total times 25 >= t <= 50: 1. 
Total times 50 >= t <= 75: 2. 
Total times 75 >= t <= 100: 2. 
Total times t == 100: 13. 
Total time steps survived: 1618. 
Total runtime so far (hours/minutes/seconds): 10:50:04
----------------------------------------

----------------------------------------
TRIAL 19 STARTED
----------------------------------------
Start Time: 2024-05-22 14:12:07
At time step 99 the agent is dead
The agent had 6 food, 14 water, and 23 sleep.
The total tree search depth for this trial was 1085305. 
The agent accessed its memory 17062293 times. 
The agent cleared its short-term memory 83 times. 
     State prediction error memory resets: 1. 
     Hill memory resets: 82. 
TRIAL 19 COMPLETE ?
End Time: 2024-05-22 14:50:21
Total runtime for this trial (minutes/seconds): 38:14
----------------------------------------
Total hill visits: 1244. 
Total prediction errors: 80. 
Total search depth: 18652823. 
Total times memory accessed: 295806285. 
Total times 25 >= t <= 50: 1. 
Total times 50 >= t <= 75: 2. 
Total times 75 >= t <= 100: 2. 
Total times t == 100: 14. 
Total time steps survived: 1718. 
Total runtime so far (hours/minutes/seconds): 11:28:17
----------------------------------------

----------------------------------------
TRIAL 20 STARTED
----------------------------------------
Start Time: 2024-05-22 14:50:20
At time step 99 the agent is dead
The agent had 22 food, 14 water, and 7 sleep.
The total tree search depth for this trial was 1125025. 
The agent accessed its memory 17677723 times. 
The agent cleared its short-term memory 84 times. 
     State prediction error memory resets: 2. 
     Hill memory resets: 82. 
TRIAL 20 COMPLETE ?
End Time: 2024-05-22 15:30:00
Total runtime for this trial (minutes/seconds): 39:40
----------------------------------------
Total hill visits: 1326. 
Total prediction errors: 82. 
Total search depth: 19777848. 
Total times memory accessed: 313484008. 
Total times 25 >= t <= 50: 1. 
Total times 50 >= t <= 75: 2. 
Total times 75 >= t <= 100: 2. 
Total times t == 100: 15. 
Total time steps survived: 1818. 
Total runtime so far (hours/minutes/seconds): 12:07:56
----------------------------------------

----------------------------------------
TRIAL 21 STARTED
----------------------------------------
Start Time: 2024-05-22 15:29:59
At time step 99 the agent is dead
The agent had 2 food, 7 water, and 18 sleep.
The total tree search depth for this trial was 1303890. 
The agent accessed its memory 20544532 times. 
The agent cleared its short-term memory 83 times. 
     State prediction error memory resets: 3. 
     Hill memory resets: 80. 
TRIAL 21 COMPLETE ?
End Time: 2024-05-22 16:15:31
Total runtime for this trial (minutes/seconds): 45:32
----------------------------------------
Total hill visits: 1406. 
Total prediction errors: 85. 
Total search depth: 21081738. 
Total times memory accessed: 334028540. 
Total times 25 >= t <= 50: 1. 
Total times 50 >= t <= 75: 2. 
Total times 75 >= t <= 100: 2. 
Total times t == 100: 16. 
Total time steps survived: 1918. 
Total runtime so far (hours/minutes/seconds): 12:53:27
----------------------------------------

----------------------------------------
TRIAL 22 STARTED
----------------------------------------
Start Time: 2024-05-22 16:15:30
At time step 99 the agent is dead
The agent had 22 food, 15 water, and 13 sleep.
The total tree search depth for this trial was 1059855. 
The agent accessed its memory 16545716 times. 
The agent cleared its short-term memory 84 times. 
     State prediction error memory resets: 4. 
     Hill memory resets: 80. 
TRIAL 22 COMPLETE ?
End Time: 2024-05-22 16:53:44
Total runtime for this trial (minutes/seconds): 38:14
----------------------------------------
Total hill visits: 1486. 
Total prediction errors: 89. 
Total search depth: 22141593. 
Total times memory accessed: 350574256. 
Total times 25 >= t <= 50: 1. 
Total times 50 >= t <= 75: 2. 
Total times 75 >= t <= 100: 2. 
Total times t == 100: 17. 
Total time steps survived: 2018. 
Total runtime so far (hours/minutes/seconds): 13:31:40
----------------------------------------

----------------------------------------
TRIAL 23 STARTED
----------------------------------------
Start Time: 2024-05-22 16:53:43
At time step 99 the agent is dead
The agent had 4 food, 11 water, and 2 sleep.
The total tree search depth for this trial was 1113883. 
The agent accessed its memory 17438489 times. 
The agent cleared its short-term memory 80 times. 
     State prediction error memory resets: 4. 
     Hill memory resets: 76. 
TRIAL 23 COMPLETE ?
End Time: 2024-05-22 17:33:32
Total runtime for this trial (minutes/seconds): 39:49
----------------------------------------
Total hill visits: 1562. 
Total prediction errors: 93. 
Total search depth: 23255476. 
Total times memory accessed: 368012745. 
Total times 25 >= t <= 50: 1. 
Total times 50 >= t <= 75: 2. 
Total times 75 >= t <= 100: 2. 
Total times t == 100: 18. 
Total time steps survived: 2118. 
Total runtime so far (hours/minutes/seconds): 14:11:28
----------------------------------------

----------------------------------------
TRIAL 24 STARTED
----------------------------------------
Start Time: 2024-05-22 17:33:31
At time step 99 the agent is dead
The agent had 16 food, 5 water, and 21 sleep.
The total tree search depth for this trial was 1074134. 
The agent accessed its memory 16924945 times. 
The agent cleared its short-term memory 79 times. 
     State prediction error memory resets: 0. 
     Hill memory resets: 79. 
TRIAL 24 COMPLETE ?
End Time: 2024-05-22 18:11:04
Total runtime for this trial (minutes/seconds): 37:33
----------------------------------------
Total hill visits: 1641. 
Total prediction errors: 93. 
Total search depth: 24329610. 
Total times memory accessed: 384937690. 
Total times 25 >= t <= 50: 1. 
Total times 50 >= t <= 75: 2. 
Total times 75 >= t <= 100: 2. 
Total times t == 100: 19. 
Total time steps survived: 2218. 
Total runtime so far (hours/minutes/seconds): 14:49:00
----------------------------------------

----------------------------------------
TRIAL 25 STARTED
----------------------------------------
Start Time: 2024-05-22 18:11:03
At time step 99 the agent is dead
The agent had 8 food, 14 water, and 3 sleep.
The total tree search depth for this trial was 1160905. 
The agent accessed its memory 18261949 times. 
The agent cleared its short-term memory 84 times. 
     State prediction error memory resets: 2. 
     Hill memory resets: 82. 
TRIAL 25 COMPLETE ?
End Time: 2024-05-22 18:51:54
Total runtime for this trial (minutes/seconds): 40:51
----------------------------------------
Total hill visits: 1723. 
Total prediction errors: 95. 
Total search depth: 25490515. 
Total times memory accessed: 403199639. 
Total times 25 >= t <= 50: 1. 
Total times 50 >= t <= 75: 2. 
Total times 75 >= t <= 100: 2. 
Total times t == 100: 20. 
Total time steps survived: 2318. 
Total runtime so far (hours/minutes/seconds): 15:29:50
----------------------------------------

----------------------------------------
TRIAL 26 STARTED
----------------------------------------
Start Time: 2024-05-22 18:51:53
At time step 99 the agent is dead
The agent had 14 food, 14 water, and 22 sleep.
The total tree search depth for this trial was 1551080. 
The agent accessed its memory 24287042 times. 
The agent cleared its short-term memory 84 times. 
     State prediction error memory resets: 5. 
     Hill memory resets: 79. 
TRIAL 26 COMPLETE ?
End Time: 2024-05-22 19:47:17
Total runtime for this trial (minutes/seconds): 55:24
----------------------------------------
Total hill visits: 1802. 
Total prediction errors: 100. 
Total search depth: 27041595. 
Total times memory accessed: 427486681. 
Total times 25 >= t <= 50: 1. 
Total times 50 >= t <= 75: 2. 
Total times 75 >= t <= 100: 2. 
Total times t == 100: 21. 
Total time steps survived: 2418. 
Total runtime so far (hours/minutes/seconds): 16:25:13
----------------------------------------

----------------------------------------
TRIAL 27 STARTED
----------------------------------------
Start Time: 2024-05-22 19:47:16
At time step 99 the agent is dead
The agent had 6 food, 14 water, and 16 sleep.
The total tree search depth for this trial was 1731079. 
The agent accessed its memory 27295699 times. 
The agent cleared its short-term memory 83 times. 
     State prediction error memory resets: 4. 
     Hill memory resets: 79. 
TRIAL 27 COMPLETE ?
End Time: 2024-05-22 20:47:33
Total runtime for this trial (minutes/seconds): 00:17
----------------------------------------
Total hill visits: 1881. 
Total prediction errors: 104. 
Total search depth: 28772674. 
Total times memory accessed: 454782380. 
Total times 25 >= t <= 50: 1. 
Total times 50 >= t <= 75: 2. 
Total times 75 >= t <= 100: 2. 
Total times t == 100: 22. 
Total time steps survived: 2518. 
Total runtime so far (hours/minutes/seconds): 17:25:29
----------------------------------------

----------------------------------------
TRIAL 28 STARTED
----------------------------------------
Start Time: 2024-05-22 20:47:32
At time step 99 the agent is dead
The agent had 10 food, 9 water, and 2 sleep.
The total tree search depth for this trial was 1491246. 
The agent accessed its memory 23512789 times. 
The agent cleared its short-term memory 83 times. 
     State prediction error memory resets: 4. 
     Hill memory resets: 79. 
TRIAL 28 COMPLETE ?
End Time: 2024-05-22 21:39:32
Total runtime for this trial (minutes/seconds): 52:00
----------------------------------------
Total hill visits: 1960. 
Total prediction errors: 108. 
Total search depth: 30263920. 
Total times memory accessed: 478295169. 
Total times 25 >= t <= 50: 1. 
Total times 50 >= t <= 75: 2. 
Total times 75 >= t <= 100: 2. 
Total times t == 100: 23. 
Total time steps survived: 2618. 
Total runtime so far (hours/minutes/seconds): 18:17:28
----------------------------------------

----------------------------------------
TRIAL 29 STARTED
----------------------------------------
Start Time: 2024-05-22 21:39:31
At time step 99 the agent is dead
The agent had 11 food, 8 water, and 21 sleep.
The total tree search depth for this trial was 1663915. 
The agent accessed its memory 26379435 times. 
The agent cleared its short-term memory 84 times. 
     State prediction error memory resets: 3. 
     Hill memory resets: 81. 
TRIAL 29 COMPLETE ?
End Time: 2024-05-22 22:36:23
Total runtime for this trial (minutes/seconds): 56:52
----------------------------------------
Total hill visits: 2041. 
Total prediction errors: 111. 
Total search depth: 31927835. 
Total times memory accessed: 504674604. 
Total times 25 >= t <= 50: 1. 
Total times 50 >= t <= 75: 2. 
Total times 75 >= t <= 100: 2. 
Total times t == 100: 24. 
Total time steps survived: 2718. 
Total runtime so far (hours/minutes/seconds): 19:14:19
----------------------------------------

----------------------------------------
TRIAL 30 STARTED
----------------------------------------
Start Time: 2024-05-22 22:36:22
At time step 99 the agent is dead
The agent had 16 food, 18 water, and 9 sleep.
The total tree search depth for this trial was 1425111. 
The agent accessed its memory 22608662 times. 
The agent cleared its short-term memory 82 times. 
     State prediction error memory resets: 1. 
     Hill memory resets: 81. 
TRIAL 30 COMPLETE ?
End Time: 2024-05-22 23:24:56
Total runtime for this trial (minutes/seconds): 48:34
----------------------------------------
Total hill visits: 2122. 
Total prediction errors: 112. 
Total search depth: 33352946. 
Total times memory accessed: 527283266. 
Total times 25 >= t <= 50: 1. 
Total times 50 >= t <= 75: 2. 
Total times 75 >= t <= 100: 2. 
Total times t == 100: 25. 
Total time steps survived: 2818. 
Total runtime so far (hours/minutes/seconds): 20:02:52
----------------------------------------

----------------------------------------
TRIAL 31 STARTED
----------------------------------------
Start Time: 2024-05-22 23:24:55
At time step 99 the agent is dead
The agent had 15 food, 17 water, and 24 sleep.
The total tree search depth for this trial was 1360995. 
The agent accessed its memory 21631914 times. 
The agent cleared its short-term memory 82 times. 
     State prediction error memory resets: 4. 
     Hill memory resets: 78. 
TRIAL 31 COMPLETE ?
End Time: 2024-05-23 00:10:58
Total runtime for this trial (minutes/seconds): 46:03
----------------------------------------
Total hill visits: 2200. 
Total prediction errors: 116. 
Total search depth: 34713941. 
Total times memory accessed: 548915180. 
Total times 25 >= t <= 50: 1. 
Total times 50 >= t <= 75: 2. 
Total times 75 >= t <= 100: 2. 
Total times t == 100: 26. 
Total time steps survived: 2918. 
Total runtime so far (hours/minutes/seconds): 20:48:54
----------------------------------------

----------------------------------------
TRIAL 32 STARTED
----------------------------------------
Start Time: 2024-05-23 00:10:57
At time step 99 the agent is dead
The agent had 9 food, 12 water, and 23 sleep.
The total tree search depth for this trial was 1251972. 
The agent accessed its memory 19826379 times. 
The agent cleared its short-term memory 84 times. 
     State prediction error memory resets: 2. 
     Hill memory resets: 82. 
TRIAL 32 COMPLETE ?
End Time: 2024-05-23 00:53:57
Total runtime for this trial (minutes/seconds): 43:00
----------------------------------------
Total hill visits: 2282. 
Total prediction errors: 118. 
Total search depth: 35965913. 
Total times memory accessed: 568741559. 
Total times 25 >= t <= 50: 1. 
Total times 50 >= t <= 75: 2. 
Total times 75 >= t <= 100: 2. 
Total times t == 100: 27. 
Total time steps survived: 3018. 
Total runtime so far (hours/minutes/seconds): 21:31:53
----------------------------------------

----------------------------------------
TRIAL 33 STARTED
----------------------------------------
Start Time: 2024-05-23 00:53:56
At time step 99 the agent is dead
The agent had 16 food, 11 water, and 23 sleep.
The total tree search depth for this trial was 1356736. 
The agent accessed its memory 21417832 times. 
The agent cleared its short-term memory 80 times. 
     State prediction error memory resets: 1. 
     Hill memory resets: 79. 
TRIAL 33 COMPLETE ?
End Time: 2024-05-23 01:41:03
Total runtime for this trial (minutes/seconds): 47:07
----------------------------------------
Total hill visits: 2361. 
Total prediction errors: 119. 
Total search depth: 37322649. 
Total times memory accessed: 590159391. 
Total times 25 >= t <= 50: 1. 
Total times 50 >= t <= 75: 2. 
Total times 75 >= t <= 100: 2. 
Total times t == 100: 28. 
Total time steps survived: 3118. 
Total runtime so far (hours/minutes/seconds): 22:18:59
----------------------------------------

----------------------------------------
TRIAL 34 STARTED
----------------------------------------
Start Time: 2024-05-23 01:41:02
At time step 79 the agent is dead
The agent had 7 food, 18 water, and 0 sleep.
The total tree search depth for this trial was 930894. 
The agent accessed its memory 14623087 times. 
The agent cleared its short-term memory 69 times. 
     State prediction error memory resets: 4. 
     Hill memory resets: 65. 
TRIAL 34 COMPLETE ?
End Time: 2024-05-23 02:13:56
Total runtime for this trial (minutes/seconds): 32:54
----------------------------------------
Total hill visits: 2426. 
Total prediction errors: 123. 
Total search depth: 38253543. 
Total times memory accessed: 604782478. 
Total times 25 >= t <= 50: 1. 
Total times 50 >= t <= 75: 2. 
Total times 75 >= t <= 100: 3. 
Total times t == 100: 28. 
Total time steps survived: 3198. 
Total runtime so far (hours/minutes/seconds): 22:51:52
----------------------------------------

----------------------------------------
TRIAL 35 STARTED
----------------------------------------
Start Time: 2024-05-23 02:13:55
At time step 99 the agent is dead
The agent had 21 food, 11 water, and 7 sleep.
The total tree search depth for this trial was 1391073. 
The agent accessed its memory 21963369 times. 
The agent cleared its short-term memory 85 times. 
     State prediction error memory resets: 3. 
     Hill memory resets: 82. 
TRIAL 35 COMPLETE ?
End Time: 2024-05-23 03:02:13
Total runtime for this trial (minutes/seconds): 48:18
----------------------------------------
Total hill visits: 2508. 
Total prediction errors: 126. 
Total search depth: 39644616. 
Total times memory accessed: 626745847. 
Total times 25 >= t <= 50: 1. 
Total times 50 >= t <= 75: 2. 
Total times 75 >= t <= 100: 3. 
Total times t == 100: 29. 
Total time steps survived: 3298. 
Total runtime so far (hours/minutes/seconds): 23:40:09
----------------------------------------

----------------------------------------
TRIAL 36 STARTED
----------------------------------------
Start Time: 2024-05-23 03:02:12
At time step 99 the agent is dead
The agent had 9 food, 17 water, and 15 sleep.
The total tree search depth for this trial was 1162849. 
The agent accessed its memory 18334612 times. 
The agent cleared its short-term memory 86 times. 
     State prediction error memory resets: 2. 
     Hill memory resets: 84. 
TRIAL 36 COMPLETE ?
End Time: 2024-05-23 03:42:46
Total runtime for this trial (minutes/seconds): 40:34
----------------------------------------
Total hill visits: 2592. 
Total prediction errors: 128. 
Total search depth: 40807465. 
Total times memory accessed: 645080459. 
Total times 25 >= t <= 50: 1. 
Total times 50 >= t <= 75: 2. 
Total times 75 >= t <= 100: 3. 
Total times t == 100: 30. 
Total time steps survived: 3398. 
Total runtime so far (hours/minutes/seconds): 24:20:42
----------------------------------------

----------------------------------------
TRIAL 37 STARTED
----------------------------------------
Start Time: 2024-05-23 03:42:45
At time step 99 the agent is dead
The agent had 22 food, 3 water, and 16 sleep.
The total tree search depth for this trial was 1525007. 
The agent accessed its memory 24177682 times. 
The agent cleared its short-term memory 83 times. 
     State prediction error memory resets: 2. 
     Hill memory resets: 81. 
TRIAL 37 COMPLETE ?
End Time: 2024-05-23 04:34:52
Total runtime for this trial (minutes/seconds): 52:07
----------------------------------------
Total hill visits: 2673. 
Total prediction errors: 130. 
Total search depth: 42332472. 
Total times memory accessed: 669258141. 
Total times 25 >= t <= 50: 1. 
Total times 50 >= t <= 75: 2. 
Total times 75 >= t <= 100: 3. 
Total times t == 100: 31. 
Total time steps survived: 3498. 
Total runtime so far (hours/minutes/seconds): 25:12:48
----------------------------------------

----------------------------------------
TRIAL 38 STARTED
----------------------------------------
Start Time: 2024-05-23 04:34:51
At time step 99 the agent is dead
The agent had 6 food, 17 water, and 24 sleep.
The total tree search depth for this trial was 1327744. 
The agent accessed its memory 21021373 times. 
The agent cleared its short-term memory 83 times. 
     State prediction error memory resets: 3. 
     Hill memory resets: 80. 
TRIAL 38 COMPLETE ?
End Time: 2024-05-23 05:20:26
Total runtime for this trial (minutes/seconds): 45:35
----------------------------------------
Total hill visits: 2753. 
Total prediction errors: 133. 
Total search depth: 43660216. 
Total times memory accessed: 690279514. 
Total times 25 >= t <= 50: 1. 
Total times 50 >= t <= 75: 2. 
Total times 75 >= t <= 100: 3. 
Total times t == 100: 32. 
Total time steps survived: 3598. 
Total runtime so far (hours/minutes/seconds): 25:58:22
----------------------------------------

----------------------------------------
TRIAL 39 STARTED
----------------------------------------
Start Time: 2024-05-23 05:20:25
At time step 99 the agent is dead
The agent had 21 food, 11 water, and 10 sleep.
The total tree search depth for this trial was 1313566. 
The agent accessed its memory 20799045 times. 
The agent cleared its short-term memory 83 times. 
     State prediction error memory resets: 1. 
     Hill memory resets: 82. 
TRIAL 39 COMPLETE ?
End Time: 2024-05-23 06:05:28
Total runtime for this trial (minutes/seconds): 45:03
----------------------------------------
Total hill visits: 2835. 
Total prediction errors: 134. 
Total search depth: 44973782. 
Total times memory accessed: 711078559. 
Total times 25 >= t <= 50: 1. 
Total times 50 >= t <= 75: 2. 
Total times 75 >= t <= 100: 3. 
Total times t == 100: 33. 
Total time steps survived: 3698. 
Total runtime so far (hours/minutes/seconds): 26:43:24
----------------------------------------

----------------------------------------
TRIAL 40 STARTED
----------------------------------------
Start Time: 2024-05-23 06:05:27
At time step 99 the agent is dead
The agent had 9 food, 15 water, and 3 sleep.
The total tree search depth for this trial was 1330647. 
The agent accessed its memory 21077808 times. 
The agent cleared its short-term memory 85 times. 
     State prediction error memory resets: 3. 
     Hill memory resets: 82. 
TRIAL 40 COMPLETE ?
End Time: 2024-05-23 06:51:04
Total runtime for this trial (minutes/seconds): 45:37
----------------------------------------
Total hill visits: 2917. 
Total prediction errors: 137. 
Total search depth: 46304429. 
Total times memory accessed: 732156367. 
Total times 25 >= t <= 50: 1. 
Total times 50 >= t <= 75: 2. 
Total times 75 >= t <= 100: 3. 
Total times t == 100: 34. 
Total time steps survived: 3798. 
Total runtime so far (hours/minutes/seconds): 27:29:00
----------------------------------------

----------------------------------------
TRIAL 41 STARTED
----------------------------------------
Start Time: 2024-05-23 06:51:03
At time step 99 the agent is dead
The agent had 12 food, 14 water, and 10 sleep.
The total tree search depth for this trial was 1039411. 
The agent accessed its memory 16303016 times. 
The agent cleared its short-term memory 83 times. 
     State prediction error memory resets: 1. 
     Hill memory resets: 82. 
TRIAL 41 COMPLETE ?
End Time: 2024-05-23 07:27:56
Total runtime for this trial (minutes/seconds): 36:53
----------------------------------------
Total hill visits: 2999. 
Total prediction errors: 138. 
Total search depth: 47343840. 
Total times memory accessed: 748459383. 
Total times 25 >= t <= 50: 1. 
Total times 50 >= t <= 75: 2. 
Total times 75 >= t <= 100: 3. 
Total times t == 100: 35. 
Total time steps survived: 3898. 
Total runtime so far (hours/minutes/seconds): 28:05:52
----------------------------------------

----------------------------------------
TRIAL 42 STARTED
----------------------------------------
Start Time: 2024-05-23 07:27:55
At time step 99 the agent is dead
The agent had 9 food, 12 water, and 4 sleep.
The total tree search depth for this trial was 1150817. 
The agent accessed its memory 18031620 times. 
The agent cleared its short-term memory 86 times. 
     State prediction error memory resets: 3. 
     Hill memory resets: 83. 
TRIAL 42 COMPLETE ?
End Time: 2024-05-23 08:08:57
Total runtime for this trial (minutes/seconds): 41:02
----------------------------------------
Total hill visits: 3082. 
Total prediction errors: 141. 
Total search depth: 48494657. 
Total times memory accessed: 766491003. 
Total times 25 >= t <= 50: 1. 
Total times 50 >= t <= 75: 2. 
Total times 75 >= t <= 100: 3. 
Total times t == 100: 36. 
Total time steps survived: 3998. 
Total runtime so far (hours/minutes/seconds): 28:46:53
----------------------------------------

----------------------------------------
TRIAL 43 STARTED
----------------------------------------
Start Time: 2024-05-23 08:08:56
At time step 99 the agent is dead
The agent had 21 food, 20 water, and 6 sleep.
The total tree search depth for this trial was 1289477. 
The agent accessed its memory 20423258 times. 
The agent cleared its short-term memory 86 times. 
     State prediction error memory resets: 5. 
     Hill memory resets: 81. 
TRIAL 43 COMPLETE ?
End Time: 2024-05-23 08:53:12
Total runtime for this trial (minutes/seconds): 44:16
----------------------------------------
Total hill visits: 3163. 
Total prediction errors: 146. 
Total search depth: 49784134. 
Total times memory accessed: 786914261. 
Total times 25 >= t <= 50: 1. 
Total times 50 >= t <= 75: 2. 
Total times 75 >= t <= 100: 3. 
Total times t == 100: 37. 
Total time steps survived: 4098. 
Total runtime so far (hours/minutes/seconds): 29:31:08
----------------------------------------

----------------------------------------
TRIAL 44 STARTED
----------------------------------------
Start Time: 2024-05-23 08:53:11
At time step 99 the agent is dead
The agent had 19 food, 12 water, and 24 sleep.
The total tree search depth for this trial was 1205675. 
The agent accessed its memory 19123706 times. 
The agent cleared its short-term memory 85 times. 
     State prediction error memory resets: 3. 
     Hill memory resets: 82. 
TRIAL 44 COMPLETE ?
End Time: 2024-05-23 09:34:19
Total runtime for this trial (minutes/seconds): 41:08
----------------------------------------
Total hill visits: 3245. 
Total prediction errors: 149. 
Total search depth: 50989809. 
Total times memory accessed: 806037967. 
Total times 25 >= t <= 50: 1. 
Total times 50 >= t <= 75: 2. 
Total times 75 >= t <= 100: 3. 
Total times t == 100: 38. 
Total time steps survived: 4198. 
Total runtime so far (hours/minutes/seconds): 30:12:15
----------------------------------------

----------------------------------------
TRIAL 45 STARTED
----------------------------------------
Start Time: 2024-05-23 09:34:18
At time step 99 the agent is dead
The agent had 19 food, 16 water, and 15 sleep.
The total tree search depth for this trial was 1218114. 
The agent accessed its memory 19207872 times. 
The agent cleared its short-term memory 84 times. 
     State prediction error memory resets: 2. 
     Hill memory resets: 82. 
TRIAL 45 COMPLETE ?
End Time: 2024-05-23 10:16:46
Total runtime for this trial (minutes/seconds): 42:28
----------------------------------------
Total hill visits: 3327. 
Total prediction errors: 151. 
Total search depth: 52207923. 
Total times memory accessed: 825245839. 
Total times 25 >= t <= 50: 1. 
Total times 50 >= t <= 75: 2. 
Total times 75 >= t <= 100: 3. 
Total times t == 100: 39. 
Total time steps survived: 4298. 
Total runtime so far (hours/minutes/seconds): 30:54:42
----------------------------------------

----------------------------------------
TRIAL 46 STARTED
----------------------------------------
Start Time: 2024-05-23 10:16:45
At time step 99 the agent is dead
The agent had 9 food, 17 water, and 17 sleep.
The total tree search depth for this trial was 1021006. 
The agent accessed its memory 16188278 times. 
The agent cleared its short-term memory 84 times. 
     State prediction error memory resets: 1. 
     Hill memory resets: 83. 
TRIAL 46 COMPLETE ?
End Time: 2024-05-23 10:55:31
Total runtime for this trial (minutes/seconds): 38:46
----------------------------------------
Total hill visits: 3410. 
Total prediction errors: 152. 
Total search depth: 53228929. 
Total times memory accessed: 841434117. 
Total times 25 >= t <= 50: 1. 
Total times 50 >= t <= 75: 2. 
Total times 75 >= t <= 100: 3. 
Total times t == 100: 40. 
Total time steps survived: 4398. 
Total runtime so far (hours/minutes/seconds): 31:33:27
----------------------------------------

----------------------------------------
TRIAL 47 STARTED
----------------------------------------
Start Time: 2024-05-23 10:55:30
At time step 99 the agent is dead
The agent had 3 food, 13 water, and 10 sleep.
The total tree search depth for this trial was 1262698. 
The agent accessed its memory 20019568 times. 
The agent cleared its short-term memory 84 times. 
     State prediction error memory resets: 2. 
     Hill memory resets: 82. 
TRIAL 47 COMPLETE ?
End Time: 2024-05-23 11:44:31
Total runtime for this trial (minutes/seconds): 49:01
----------------------------------------
Total hill visits: 3492. 
Total prediction errors: 154. 
Total search depth: 54491627. 
Total times memory accessed: 861453685. 
Total times 25 >= t <= 50: 1. 
Total times 50 >= t <= 75: 2. 
Total times 75 >= t <= 100: 3. 
Total times t == 100: 41. 
Total time steps survived: 4498. 
Total runtime so far (hours/minutes/seconds): 32:22:27
----------------------------------------

----------------------------------------
TRIAL 48 STARTED
----------------------------------------
Start Time: 2024-05-23 11:44:31
At time step 99 the agent is dead
The agent had 2 food, 15 water, and 13 sleep.
The total tree search depth for this trial was 999362. 
The agent accessed its memory 15602439 times. 
The agent cleared its short-term memory 84 times. 
     State prediction error memory resets: 1. 
     Hill memory resets: 83. 
TRIAL 48 COMPLETE ?
End Time: 2024-05-23 12:25:28
Total runtime for this trial (minutes/seconds): 40:57
----------------------------------------
Total hill visits: 3575. 
Total prediction errors: 155. 
Total search depth: 55490989. 
Total times memory accessed: 877056124. 
Total times 25 >= t <= 50: 1. 
Total times 50 >= t <= 75: 2. 
Total times 75 >= t <= 100: 3. 
Total times t == 100: 42. 
Total time steps survived: 4598. 
Total runtime so far (hours/minutes/seconds): 33:03:24
----------------------------------------

----------------------------------------
TRIAL 49 STARTED
----------------------------------------
Start Time: 2024-05-23 12:25:27
At time step 99 the agent is dead
The agent had 8 food, 17 water, and 14 sleep.
The total tree search depth for this trial was 1203564. 
The agent accessed its memory 18968281 times. 
The agent cleared its short-term memory 84 times. 
     State prediction error memory resets: 1. 
     Hill memory resets: 83. 
TRIAL 49 COMPLETE ?
End Time: 2024-05-23 13:13:10
Total runtime for this trial (minutes/seconds): 47:43
----------------------------------------
Total hill visits: 3658. 
Total prediction errors: 156. 
Total search depth: 56694553. 
Total times memory accessed: 896024405. 
Total times 25 >= t <= 50: 1. 
Total times 50 >= t <= 75: 2. 
Total times 75 >= t <= 100: 3. 
Total times t == 100: 43. 
Total time steps survived: 4698. 
Total runtime so far (hours/minutes/seconds): 33:51:06
----------------------------------------

----------------------------------------
TRIAL 50 STARTED
----------------------------------------
Start Time: 2024-05-23 13:13:09
At time step 99 the agent is dead
The agent had 2 food, 10 water, and 8 sleep.
The total tree search depth for this trial was 1229086. 
The agent accessed its memory 19398244 times. 
The agent cleared its short-term memory 87 times. 
     State prediction error memory resets: 4. 
     Hill memory resets: 83. 
TRIAL 50 COMPLETE ?
End Time: 2024-05-23 14:01:39
Total runtime for this trial (minutes/seconds): 48:30
----------------------------------------
Total hill visits: 3741. 
Total prediction errors: 160. 
Total search depth: 57923639. 
Total times memory accessed: 915422649. 
Total times 25 >= t <= 50: 1. 
Total times 50 >= t <= 75: 2. 
Total times 75 >= t <= 100: 3. 
Total times t == 100: 44. 
Total time steps survived: 4798. 
Total runtime so far (hours/minutes/seconds): 34:39:35
----------------------------------------

----------------------------------------
TRIAL 51 STARTED
----------------------------------------
Start Time: 2024-05-23 14:01:38
At time step 99 the agent is dead
The agent had 14 food, 20 water, and 8 sleep.
The total tree search depth for this trial was 1353343. 
The agent accessed its memory 21502163 times. 
The agent cleared its short-term memory 85 times. 
     State prediction error memory resets: 4. 
     Hill memory resets: 81. 
TRIAL 51 COMPLETE ?
End Time: 2024-05-23 14:53:46
Total runtime for this trial (minutes/seconds): 52:08
----------------------------------------
Total hill visits: 3822. 
Total prediction errors: 164. 
Total search depth: 59276982. 
Total times memory accessed: 936924812. 
Total times 25 >= t <= 50: 1. 
Total times 50 >= t <= 75: 2. 
Total times 75 >= t <= 100: 3. 
Total times t == 100: 45. 
Total time steps survived: 4898. 
Total runtime so far (hours/minutes/seconds): 35:31:42
----------------------------------------

----------------------------------------
TRIAL 52 STARTED
----------------------------------------
Start Time: 2024-05-23 14:53:45
At time step 99 the agent is dead
The agent had 18 food, 20 water, and 11 sleep.
The total tree search depth for this trial was 1645778. 
The agent accessed its memory 26269661 times. 
The agent cleared its short-term memory 87 times. 
     State prediction error memory resets: 5. 
     Hill memory resets: 82. 
TRIAL 52 COMPLETE ?
End Time: 2024-05-23 15:56:09
Total runtime for this trial (minutes/seconds): 02:24
----------------------------------------
Total hill visits: 3904. 
Total prediction errors: 169. 
Total search depth: 60922760. 
Total times memory accessed: 963194473. 
Total times 25 >= t <= 50: 1. 
Total times 50 >= t <= 75: 2. 
Total times 75 >= t <= 100: 3. 
Total times t == 100: 46. 
Total time steps survived: 4998. 
Total runtime so far (hours/minutes/seconds): 36:34:05
----------------------------------------

----------------------------------------
TRIAL 53 STARTED
----------------------------------------
Start Time: 2024-05-23 15:56:08
At time step 99 the agent is dead
The agent had 22 food, 7 water, and 16 sleep.
The total tree search depth for this trial was 1595308. 
The agent accessed its memory 25467711 times. 
The agent cleared its short-term memory 84 times. 
     State prediction error memory resets: 4. 
     Hill memory resets: 80. 
TRIAL 53 COMPLETE ?
End Time: 2024-05-23 16:56:33
Total runtime for this trial (minutes/seconds): 00:25
----------------------------------------
Total hill visits: 3984. 
Total prediction errors: 173. 
Total search depth: 62518068. 
Total times memory accessed: 988662184. 
Total times 25 >= t <= 50: 1. 
Total times 50 >= t <= 75: 2. 
Total times 75 >= t <= 100: 3. 
Total times t == 100: 47. 
Total time steps survived: 5098. 
Total runtime so far (hours/minutes/seconds): 37:34:29
----------------------------------------

----------------------------------------
TRIAL 54 STARTED
----------------------------------------
Start Time: 2024-05-23 16:56:32
At time step 99 the agent is dead
The agent had 22 food, 11 water, and 6 sleep.
The total tree search depth for this trial was 1297842. 
The agent accessed its memory 20610243 times. 
The agent cleared its short-term memory 85 times. 
     State prediction error memory resets: 3. 
     Hill memory resets: 82. 
TRIAL 54 COMPLETE ?
End Time: 2024-05-23 17:46:36
Total runtime for this trial (minutes/seconds): 50:04
----------------------------------------
Total hill visits: 4066. 
Total prediction errors: 176. 
Total search depth: 63815910. 
Total times memory accessed: 1009272427. 
Total times 25 >= t <= 50: 1. 
Total times 50 >= t <= 75: 2. 
Total times 75 >= t <= 100: 3. 
Total times t == 100: 48. 
Total time steps survived: 5198. 
Total runtime so far (hours/minutes/seconds): 38:24:32
----------------------------------------

----------------------------------------
TRIAL 55 STARTED
----------------------------------------
Start Time: 2024-05-23 17:46:35
At time step 99 the agent is dead
The agent had 8 food, 19 water, and 16 sleep.
The total tree search depth for this trial was 957956. 
The agent accessed its memory 15130228 times. 
The agent cleared its short-term memory 83 times. 
     State prediction error memory resets: 1. 
     Hill memory resets: 82. 
TRIAL 55 COMPLETE ?
End Time: 2024-05-23 18:24:16
Total runtime for this trial (minutes/seconds): 37:41
----------------------------------------
Total hill visits: 4148. 
Total prediction errors: 177. 
Total search depth: 64773866. 
Total times memory accessed: 1024402655. 
Total times 25 >= t <= 50: 1. 
Total times 50 >= t <= 75: 2. 
Total times 75 >= t <= 100: 3. 
Total times t == 100: 49. 
Total time steps survived: 5298. 
Total runtime so far (hours/minutes/seconds): 39:02:12
----------------------------------------

----------------------------------------
TRIAL 56 STARTED
----------------------------------------
Start Time: 2024-05-23 18:24:15
At time step 99 the agent is dead
The agent had 13 food, 9 water, and 21 sleep.
The total tree search depth for this trial was 1418717. 
The agent accessed its memory 22639154 times. 
The agent cleared its short-term memory 85 times. 
     State prediction error memory resets: 6. 
     Hill memory resets: 79. 
TRIAL 56 COMPLETE ?
End Time: 2024-05-23 19:18:00
Total runtime for this trial (minutes/seconds): 53:45
----------------------------------------
Total hill visits: 4227. 
Total prediction errors: 183. 
Total search depth: 66192583. 
Total times memory accessed: 1047041809. 
Total times 25 >= t <= 50: 1. 
Total times 50 >= t <= 75: 2. 
Total times 75 >= t <= 100: 3. 
Total times t == 100: 50. 
Total time steps survived: 5398. 
Total runtime so far (hours/minutes/seconds): 39:55:56
----------------------------------------

----------------------------------------
TRIAL 57 STARTED
----------------------------------------
Start Time: 2024-05-23 19:17:59
At time step 99 the agent is dead
The agent had 16 food, 12 water, and 13 sleep.
The total tree search depth for this trial was 1465946. 
The agent accessed its memory 23017249 times. 
The agent cleared its short-term memory 83 times. 
     State prediction error memory resets: 0. 
     Hill memory resets: 83. 
TRIAL 57 COMPLETE ?
End Time: 2024-05-23 20:16:55
Total runtime for this trial (minutes/seconds): 58:56
----------------------------------------
Total hill visits: 4310. 
Total prediction errors: 183. 
Total search depth: 67658529. 
Total times memory accessed: 1070059058. 
Total times 25 >= t <= 50: 1. 
Total times 50 >= t <= 75: 2. 
Total times 75 >= t <= 100: 3. 
Total times t == 100: 51. 
Total time steps survived: 5498. 
Total runtime so far (hours/minutes/seconds): 40:54:51
----------------------------------------

----------------------------------------
TRIAL 58 STARTED
----------------------------------------
Start Time: 2024-05-23 20:16:54
At time step 99 the agent is dead
The agent had 21 food, 2 water, and 12 sleep.
The total tree search depth for this trial was 1144922. 
The agent accessed its memory 18105469 times. 
The agent cleared its short-term memory 85 times. 
     State prediction error memory resets: 2. 
     Hill memory resets: 83. 
TRIAL 58 COMPLETE ?
End Time: 2024-05-23 21:01:46
Total runtime for this trial (minutes/seconds): 44:52
----------------------------------------
Total hill visits: 4393. 
Total prediction errors: 185. 
Total search depth: 68803451. 
Total times memory accessed: 1088164527. 
Total times 25 >= t <= 50: 1. 
Total times 50 >= t <= 75: 2. 
Total times 75 >= t <= 100: 3. 
Total times t == 100: 52. 
Total time steps survived: 5598. 
Total runtime so far (hours/minutes/seconds): 41:39:42
----------------------------------------

----------------------------------------
TRIAL 59 STARTED
----------------------------------------
Start Time: 2024-05-23 21:01:45
At time step 99 the agent is dead
The agent had 11 food, 14 water, and 21 sleep.
The total tree search depth for this trial was 1489639. 
The agent accessed its memory 23628360 times. 
The agent cleared its short-term memory 84 times. 
     State prediction error memory resets: 2. 
     Hill memory resets: 82. 
TRIAL 59 COMPLETE ?
End Time: 2024-05-23 21:59:31
Total runtime for this trial (minutes/seconds): 57:46
----------------------------------------
Total hill visits: 4475. 
Total prediction errors: 187. 
Total search depth: 70293090. 
Total times memory accessed: 1111792887. 
Total times 25 >= t <= 50: 1. 
Total times 50 >= t <= 75: 2. 
Total times 75 >= t <= 100: 3. 
Total times t == 100: 53. 
Total time steps survived: 5698. 
Total runtime so far (hours/minutes/seconds): 42:37:27
----------------------------------------

----------------------------------------
TRIAL 60 STARTED
----------------------------------------
Start Time: 2024-05-23 21:59:30
At time step 99 the agent is dead
The agent had 17 food, 5 water, and 24 sleep.
The total tree search depth for this trial was 1582313. 
The agent accessed its memory 25123982 times. 
The agent cleared its short-term memory 83 times. 
     State prediction error memory resets: 3. 
     Hill memory resets: 80. 
TRIAL 60 COMPLETE ?
End Time: 2024-05-23 23:00:34
Total runtime for this trial (minutes/seconds): 01:04
----------------------------------------
Total hill visits: 4555. 
Total prediction errors: 190. 
Total search depth: 71875403. 
Total times memory accessed: 1136916869. 
Total times 25 >= t <= 50: 1. 
Total times 50 >= t <= 75: 2. 
Total times 75 >= t <= 100: 3. 
Total times t == 100: 54. 
Total time steps survived: 5798. 
Total runtime so far (hours/minutes/seconds): 43:38:30
----------------------------------------

----------------------------------------
TRIAL 61 STARTED
----------------------------------------
Start Time: 2024-05-23 23:00:33
At time step 99 the agent is dead
The agent had 15 food, 18 water, and 7 sleep.
The total tree search depth for this trial was 1128994. 
The agent accessed its memory 17971514 times. 
The agent cleared its short-term memory 83 times. 
     State prediction error memory resets: 1. 
     Hill memory resets: 82. 
TRIAL 61 COMPLETE ?
End Time: 2024-05-23 23:43:42
Total runtime for this trial (minutes/seconds): 43:09
----------------------------------------
Total hill visits: 4637. 
Total prediction errors: 191. 
Total search depth: 73004397. 
Total times memory accessed: 1154888383. 
Total times 25 >= t <= 50: 1. 
Total times 50 >= t <= 75: 2. 
Total times 75 >= t <= 100: 3. 
Total times t == 100: 55. 
Total time steps survived: 5898. 
Total runtime so far (hours/minutes/seconds): 44:21:38
----------------------------------------

----------------------------------------
TRIAL 62 STARTED
----------------------------------------
Start Time: 2024-05-23 23:43:41
At time step 99 the agent is dead
The agent had 20 food, 9 water, and 6 sleep.
The total tree search depth for this trial was 1379908. 
The agent accessed its memory 21846580 times. 
The agent cleared its short-term memory 83 times. 
     State prediction error memory resets: 2. 
     Hill memory resets: 81. 
TRIAL 62 COMPLETE ?
End Time: 2024-05-24 00:37:31
Total runtime for this trial (minutes/seconds): 53:50
----------------------------------------
Total hill visits: 4718. 
Total prediction errors: 193. 
Total search depth: 74384305. 
Total times memory accessed: 1176734963. 
Total times 25 >= t <= 50: 1. 
Total times 50 >= t <= 75: 2. 
Total times 75 >= t <= 100: 3. 
Total times t == 100: 56. 
Total time steps survived: 5998. 
Total runtime so far (hours/minutes/seconds): 45:15:27
----------------------------------------

----------------------------------------
TRIAL 63 STARTED
----------------------------------------
Start Time: 2024-05-24 00:37:30
At time step 99 the agent is dead
The agent had 8 food, 17 water, and 19 sleep.
The total tree search depth for this trial was 1107105. 
The agent accessed its memory 17563031 times. 
The agent cleared its short-term memory 91 times. 
     State prediction error memory resets: 9. 
     Hill memory resets: 82. 
TRIAL 63 COMPLETE ?
End Time: 2024-05-24 01:20:20
Total runtime for this trial (minutes/seconds): 42:50
----------------------------------------
Total hill visits: 4800. 
Total prediction errors: 202. 
Total search depth: 75491410. 
Total times memory accessed: 1194297994. 
Total times 25 >= t <= 50: 1. 
Total times 50 >= t <= 75: 2. 
Total times 75 >= t <= 100: 3. 
Total times t == 100: 57. 
Total time steps survived: 6098. 
Total runtime so far (hours/minutes/seconds): 45:58:16
----------------------------------------

----------------------------------------
TRIAL 64 STARTED
----------------------------------------
Start Time: 2024-05-24 01:20:19
At time step 99 the agent is dead
The agent had 13 food, 17 water, and 6 sleep.
The total tree search depth for this trial was 1108119. 
The agent accessed its memory 17499343 times. 
The agent cleared its short-term memory 84 times. 
     State prediction error memory resets: 5. 
     Hill memory resets: 79. 
TRIAL 64 COMPLETE ?
End Time: 2024-05-24 02:03:55
Total runtime for this trial (minutes/seconds): 43:36
----------------------------------------
Total hill visits: 4879. 
Total prediction errors: 207. 
Total search depth: 76599529. 
Total times memory accessed: 1211797337. 
Total times 25 >= t <= 50: 1. 
Total times 50 >= t <= 75: 2. 
Total times 75 >= t <= 100: 3. 
Total times t == 100: 58. 
Total time steps survived: 6198. 
Total runtime so far (hours/minutes/seconds): 46:41:51
----------------------------------------

----------------------------------------
TRIAL 65 STARTED
----------------------------------------
Start Time: 2024-05-24 02:03:54
At time step 99 the agent is dead
The agent had 18 food, 10 water, and 24 sleep.
The total tree search depth for this trial was 1191914. 
The agent accessed its memory 19039432 times. 
The agent cleared its short-term memory 83 times. 
     State prediction error memory resets: 5. 
     Hill memory resets: 78. 
TRIAL 65 COMPLETE ?
End Time: 2024-05-24 02:48:36
Total runtime for this trial (minutes/seconds): 44:42
----------------------------------------
Total hill visits: 4957. 
Total prediction errors: 212. 
Total search depth: 77791443. 
Total times memory accessed: 1230836769. 
Total times 25 >= t <= 50: 1. 
Total times 50 >= t <= 75: 2. 
Total times 75 >= t <= 100: 3. 
Total times t == 100: 59. 
Total time steps survived: 6298. 
Total runtime so far (hours/minutes/seconds): 47:26:32
----------------------------------------

----------------------------------------
TRIAL 66 STARTED
----------------------------------------
Start Time: 2024-05-24 02:48:35
At time step 99 the agent is dead
The agent had 8 food, 17 water, and 18 sleep.
The total tree search depth for this trial was 985405. 
The agent accessed its memory 15589510 times. 
The agent cleared its short-term memory 86 times. 
     State prediction error memory resets: 5. 
     Hill memory resets: 81. 
TRIAL 66 COMPLETE ?
End Time: 2024-05-24 03:26:52
Total runtime for this trial (minutes/seconds): 38:17
----------------------------------------
Total hill visits: 5038. 
Total prediction errors: 217. 
Total search depth: 78776848. 
Total times memory accessed: 1246426279. 
Total times 25 >= t <= 50: 1. 
Total times 50 >= t <= 75: 2. 
Total times 75 >= t <= 100: 3. 
Total times t == 100: 60. 
Total time steps survived: 6398. 
Total runtime so far (hours/minutes/seconds): 48:04:48
----------------------------------------

----------------------------------------
TRIAL 67 STARTED
----------------------------------------
Start Time: 2024-05-24 03:26:51
At time step 99 the agent is dead
The agent had 6 food, 7 water, and 14 sleep.
The total tree search depth for this trial was 1616840. 
The agent accessed its memory 25675449 times. 
The agent cleared its short-term memory 89 times. 
     State prediction error memory resets: 6. 
     Hill memory resets: 83. 
TRIAL 67 COMPLETE ?
End Time: 2024-05-24 04:28:51
Total runtime for this trial (minutes/seconds): 02:00
----------------------------------------
Total hill visits: 5121. 
Total prediction errors: 223. 
Total search depth: 80393688. 
Total times memory accessed: 1272101728. 
Total times 25 >= t <= 50: 1. 
Total times 50 >= t <= 75: 2. 
Total times 75 >= t <= 100: 3. 
Total times t == 100: 61. 
Total time steps survived: 6498. 
Total runtime so far (hours/minutes/seconds): 49:06:47
----------------------------------------

----------------------------------------
TRIAL 68 STARTED
----------------------------------------
Start Time: 2024-05-24 04:28:50
At time step 99 the agent is dead
The agent had 17 food, 20 water, and 14 sleep.
The total tree search depth for this trial was 924054. 
The agent accessed its memory 14576335 times. 
The agent cleared its short-term memory 85 times. 
     State prediction error memory resets: 3. 
     Hill memory resets: 82. 
TRIAL 68 COMPLETE ?
End Time: 2024-05-24 05:05:08
Total runtime for this trial (minutes/seconds): 36:18
----------------------------------------
Total hill visits: 5203. 
Total prediction errors: 226. 
Total search depth: 81317742. 
Total times memory accessed: 1286678063. 
Total times 25 >= t <= 50: 1. 
Total times 50 >= t <= 75: 2. 
Total times 75 >= t <= 100: 3. 
Total times t == 100: 62. 
Total time steps survived: 6598. 
Total runtime so far (hours/minutes/seconds): 49:43:04
----------------------------------------

----------------------------------------
TRIAL 69 STARTED
----------------------------------------
Start Time: 2024-05-24 05:05:07
At time step 99 the agent is dead
The agent had 4 food, 14 water, and 11 sleep.
The total tree search depth for this trial was 1340167. 
The agent accessed its memory 21293117 times. 
The agent cleared its short-term memory 85 times. 
     State prediction error memory resets: 3. 
     Hill memory resets: 82. 
TRIAL 69 COMPLETE ?
End Time: 2024-05-24 05:56:24
Total runtime for this trial (minutes/seconds): 51:17
----------------------------------------
Total hill visits: 5285. 
Total prediction errors: 229. 
Total search depth: 82657909. 
Total times memory accessed: 1307971180. 
Total times 25 >= t <= 50: 1. 
Total times 50 >= t <= 75: 2. 
Total times 75 >= t <= 100: 3. 
Total times t == 100: 63. 
Total time steps survived: 6698. 
Total runtime so far (hours/minutes/seconds): 50:34:20
----------------------------------------

----------------------------------------
TRIAL 70 STARTED
----------------------------------------
Start Time: 2024-05-24 05:56:23
At time step 99 the agent is dead
The agent had 20 food, 14 water, and 9 sleep.
The total tree search depth for this trial was 1361539. 
The agent accessed its memory 21567365 times. 
The agent cleared its short-term memory 87 times. 
     State prediction error memory resets: 6. 
     Hill memory resets: 81. 
TRIAL 70 COMPLETE ?
End Time: 2024-05-24 06:49:05
Total runtime for this trial (minutes/seconds): 52:42
----------------------------------------
Total hill visits: 5366. 
Total prediction errors: 235. 
Total search depth: 84019448. 
Total times memory accessed: 1329538545. 
Total times 25 >= t <= 50: 1. 
Total times 50 >= t <= 75: 2. 
Total times 75 >= t <= 100: 3. 
Total times t == 100: 64. 
Total time steps survived: 6798. 
Total runtime so far (hours/minutes/seconds): 51:27:01
----------------------------------------

----------------------------------------
TRIAL 71 STARTED
----------------------------------------
Start Time: 2024-05-24 06:49:04
At time step 99 the agent is dead
The agent had 7 food, 17 water, and 18 sleep.
The total tree search depth for this trial was 1190218. 
The agent accessed its memory 18991129 times. 
The agent cleared its short-term memory 83 times. 
     State prediction error memory resets: 3. 
     Hill memory resets: 80. 
TRIAL 71 COMPLETE ?
End Time: 2024-05-24 07:33:54
Total runtime for this trial (minutes/seconds): 44:50
----------------------------------------
Total hill visits: 5446. 
Total prediction errors: 238. 
Total search depth: 85209666. 
Total times memory accessed: 1348529674. 
Total times 25 >= t <= 50: 1. 
Total times 50 >= t <= 75: 2. 
Total times 75 >= t <= 100: 3. 
Total times t == 100: 65. 
Total time steps survived: 6898. 
Total runtime so far (hours/minutes/seconds): 52:11:50
----------------------------------------

----------------------------------------
TRIAL 72 STARTED
----------------------------------------
Start Time: 2024-05-24 07:33:53
At time step 99 the agent is dead
The agent had 8 food, 17 water, and 17 sleep.
The total tree search depth for this trial was 1179433. 
The agent accessed its memory 18696084 times. 
The agent cleared its short-term memory 85 times. 
     State prediction error memory resets: 2. 
     Hill memory resets: 83. 
TRIAL 72 COMPLETE ?
End Time: 2024-05-24 08:18:55
Total runtime for this trial (minutes/seconds): 45:02
----------------------------------------
Total hill visits: 5529. 
Total prediction errors: 240. 
Total search depth: 86389099. 
Total times memory accessed: 1367225758. 
Total times 25 >= t <= 50: 1. 
Total times 50 >= t <= 75: 2. 
Total times 75 >= t <= 100: 3. 
Total times t == 100: 66. 
Total time steps survived: 6998. 
Total runtime so far (hours/minutes/seconds): 52:56:51
----------------------------------------

----------------------------------------
TRIAL 73 STARTED
----------------------------------------
Start Time: 2024-05-24 08:18:54
At time step 99 the agent is dead
The agent had 8 food, 12 water, and 24 sleep.
The total tree search depth for this trial was 1901679. 
The agent accessed its memory 30514708 times. 
The agent cleared its short-term memory 90 times. 
     State prediction error memory resets: 9. 
     Hill memory resets: 81. 
TRIAL 73 COMPLETE ?
End Time: 2024-05-24 09:27:58
Total runtime for this trial (minutes/seconds): 09:04
----------------------------------------
Total hill visits: 5610. 
Total prediction errors: 249. 
Total search depth: 88290778. 
Total times memory accessed: 1397740466. 
Total times 25 >= t <= 50: 1. 
Total times 50 >= t <= 75: 2. 
Total times 75 >= t <= 100: 3. 
Total times t == 100: 67. 
Total time steps survived: 7098. 
Total runtime so far (hours/minutes/seconds): 54:05:54
----------------------------------------

----------------------------------------
TRIAL 74 STARTED
----------------------------------------
Start Time: 2024-05-24 09:27:57
At time step 99 the agent is dead
The agent had 8 food, 17 water, and 25 sleep.
The total tree search depth for this trial was 1358870. 
The agent accessed its memory 21558245 times. 
The agent cleared its short-term memory 82 times. 
     State prediction error memory resets: 0. 
     Hill memory resets: 82. 
TRIAL 74 COMPLETE ?
End Time: 2024-05-24 10:20:37
Total runtime for this trial (minutes/seconds): 52:40
----------------------------------------
Total hill visits: 5692. 
Total prediction errors: 249. 
Total search depth: 89649648. 
Total times memory accessed: 1419298711. 
Total times 25 >= t <= 50: 1. 
Total times 50 >= t <= 75: 2. 
Total times 75 >= t <= 100: 3. 
Total times t == 100: 68. 
Total time steps survived: 7198. 
Total runtime so far (hours/minutes/seconds): 54:58:33
----------------------------------------

----------------------------------------
TRIAL 75 STARTED
----------------------------------------
Start Time: 2024-05-24 10:20:36
At time step 60 the agent is dead
The agent had 10 food, 18 water, and 0 sleep.
The total tree search depth for this trial was 675900. 
The agent accessed its memory 10721009 times. 
The agent cleared its short-term memory 49 times. 
     State prediction error memory resets: 1. 
     Hill memory resets: 48. 
TRIAL 75 COMPLETE ?
End Time: 2024-05-24 10:46:49
Total runtime for this trial (minutes/seconds): 26:13
----------------------------------------
Total hill visits: 5740. 
Total prediction errors: 250. 
Total search depth: 90325548. 
Total times memory accessed: 1430019720. 
Total times 25 >= t <= 50: 1. 
Total times 50 >= t <= 75: 3. 
Total times 75 >= t <= 100: 3. 
Total times t == 100: 68. 
Total time steps survived: 7259. 
Total runtime so far (hours/minutes/seconds): 55:24:45
----------------------------------------

----------------------------------------
TRIAL 76 STARTED
----------------------------------------
Start Time: 2024-05-24 10:46:48
At time step 99 the agent is dead
The agent had 19 food, 15 water, and 13 sleep.
The total tree search depth for this trial was 1355313. 
The agent accessed its memory 21428405 times. 
The agent cleared its short-term memory 85 times. 
     State prediction error memory resets: 3. 
     Hill memory resets: 82. 
TRIAL 76 COMPLETE ?
End Time: 2024-05-24 11:39:57
Total runtime for this trial (minutes/seconds): 53:09
----------------------------------------
Total hill visits: 5822. 
Total prediction errors: 253. 
Total search depth: 91680861. 
Total times memory accessed: 1451448125. 
Total times 25 >= t <= 50: 1. 
Total times 50 >= t <= 75: 3. 
Total times 75 >= t <= 100: 3. 
Total times t == 100: 69. 
Total time steps survived: 7359. 
Total runtime so far (hours/minutes/seconds): 56:17:53
----------------------------------------

----------------------------------------
TRIAL 77 STARTED
----------------------------------------
Start Time: 2024-05-24 11:39:56
At time step 99 the agent is dead
The agent had 21 food, 12 water, and 14 sleep.
The total tree search depth for this trial was 1466225. 
The agent accessed its memory 23197127 times. 
The agent cleared its short-term memory 85 times. 
     State prediction error memory resets: 3. 
     Hill memory resets: 82. 
TRIAL 77 COMPLETE ?
End Time: 2024-05-24 12:37:10
Total runtime for this trial (minutes/seconds): 57:14
----------------------------------------
Total hill visits: 5904. 
Total prediction errors: 256. 
Total search depth: 93147086. 
Total times memory accessed: 1474645252. 
Total times 25 >= t <= 50: 1. 
Total times 50 >= t <= 75: 3. 
Total times 75 >= t <= 100: 3. 
Total times t == 100: 70. 
Total time steps survived: 7459. 
Total runtime so far (hours/minutes/seconds): 57:15:06
----------------------------------------

----------------------------------------
TRIAL 78 STARTED
----------------------------------------
Start Time: 2024-05-24 12:37:09
At time step 99 the agent is dead
The agent had 20 food, 5 water, and 17 sleep.
The total tree search depth for this trial was 1513091. 
The agent accessed its memory 24071022 times. 
The agent cleared its short-term memory 86 times. 
     State prediction error memory resets: 5. 
     Hill memory resets: 81. 
TRIAL 78 COMPLETE ?
End Time: 2024-05-24 13:35:08
Total runtime for this trial (minutes/seconds): 57:59
----------------------------------------
Total hill visits: 5985. 
Total prediction errors: 261. 
Total search depth: 94660177. 
Total times memory accessed: 1498716274. 
Total times 25 >= t <= 50: 1. 
Total times 50 >= t <= 75: 3. 
Total times 75 >= t <= 100: 3. 
Total times t == 100: 71. 
Total time steps survived: 7559. 
Total runtime so far (hours/minutes/seconds): 58:13:04
----------------------------------------

----------------------------------------
TRIAL 79 STARTED
----------------------------------------
Start Time: 2024-05-24 13:35:07
At time step 99 the agent is dead
The agent had 12 food, 19 water, and 18 sleep.
The total tree search depth for this trial was 1447515. 
The agent accessed its memory 23137833 times. 
The agent cleared its short-term memory 82 times. 
     State prediction error memory resets: 4. 
     Hill memory resets: 78. 
TRIAL 79 COMPLETE ?
End Time: 2024-05-24 14:29:40
Total runtime for this trial (minutes/seconds): 54:33
----------------------------------------
Total hill visits: 6063. 
Total prediction errors: 265. 
Total search depth: 96107692. 
Total times memory accessed: 1521854107. 
Total times 25 >= t <= 50: 1. 
Total times 50 >= t <= 75: 3. 
Total times 75 >= t <= 100: 3. 
Total times t == 100: 72. 
Total time steps survived: 7659. 
Total runtime so far (hours/minutes/seconds): 59:07:36
----------------------------------------

----------------------------------------
TRIAL 80 STARTED
----------------------------------------
Start Time: 2024-05-24 14:29:39
At time step 99 the agent is dead
The agent had 12 food, 17 water, and 24 sleep.
The total tree search depth for this trial was 1186389. 
The agent accessed its memory 18735092 times. 
The agent cleared its short-term memory 85 times. 
     State prediction error memory resets: 2. 
     Hill memory resets: 83. 
TRIAL 80 COMPLETE ?
End Time: 2024-05-24 15:16:25
Total runtime for this trial (minutes/seconds): 46:46
----------------------------------------
Total hill visits: 6146. 
Total prediction errors: 267. 
Total search depth: 97294081. 
Total times memory accessed: 1540589199. 
Total times 25 >= t <= 50: 1. 
Total times 50 >= t <= 75: 3. 
Total times 75 >= t <= 100: 3. 
Total times t == 100: 73. 
Total time steps survived: 7759. 
Total runtime so far (hours/minutes/seconds): 59:54:21
----------------------------------------

----------------------------------------
TRIAL 81 STARTED
----------------------------------------
Start Time: 2024-05-24 15:16:24
At time step 99 the agent is dead
The agent had 9 food, 10 water, and 4 sleep.
The total tree search depth for this trial was 1252966. 
The agent accessed its memory 19837673 times. 
The agent cleared its short-term memory 85 times. 
     State prediction error memory resets: 1. 
     Hill memory resets: 84. 
TRIAL 81 COMPLETE ?
End Time: 2024-05-24 16:05:34
Total runtime for this trial (minutes/seconds): 49:10
----------------------------------------
Total hill visits: 6230. 
Total prediction errors: 268. 
Total search depth: 98547047. 
Total times memory accessed: 1560426872. 
Total times 25 >= t <= 50: 1. 
Total times 50 >= t <= 75: 3. 
Total times 75 >= t <= 100: 3. 
Total times t == 100: 74. 
Total time steps survived: 7859. 
Total runtime so far (hours/minutes/seconds): 60:43:30
----------------------------------------

----------------------------------------
TRIAL 82 STARTED
----------------------------------------
Start Time: 2024-05-24 16:05:33
At time step 99 the agent is dead
The agent had 21 food, 7 water, and 15 sleep.
The total tree search depth for this trial was 1316596. 
The agent accessed its memory 20941084 times. 
The agent cleared its short-term memory 87 times. 
     State prediction error memory resets: 5. 
     Hill memory resets: 82. 
TRIAL 82 COMPLETE ?
End Time: 2024-05-24 16:56:26
Total runtime for this trial (minutes/seconds): 50:53
----------------------------------------
Total hill visits: 6312. 
Total prediction errors: 273. 
Total search depth: 99863643. 
Total times memory accessed: 1581367956. 
Total times 25 >= t <= 50: 1. 
Total times 50 >= t <= 75: 3. 
Total times 75 >= t <= 100: 3. 
Total times t == 100: 75. 
Total time steps survived: 7959. 
Total runtime so far (hours/minutes/seconds): 61:34:22
----------------------------------------

----------------------------------------
TRIAL 83 STARTED
----------------------------------------
Start Time: 2024-05-24 16:56:25
At time step 99 the agent is dead
The agent had 12 food, 17 water, and 11 sleep.
The total tree search depth for this trial was 1224138. 
The agent accessed its memory 19538577 times. 
The agent cleared its short-term memory 86 times. 
     State prediction error memory resets: 5. 
     Hill memory resets: 81. 
TRIAL 83 COMPLETE ?
End Time: 2024-05-24 17:43:05
Total runtime for this trial (minutes/seconds): 46:40
----------------------------------------
Total hill visits: 6393. 
Total prediction errors: 278. 
Total search depth: 101087781. 
Total times memory accessed: 1600906533. 
Total times 25 >= t <= 50: 1. 
Total times 50 >= t <= 75: 3. 
Total times 75 >= t <= 100: 3. 
Total times t == 100: 76. 
Total time steps survived: 8059. 
Total runtime so far (hours/minutes/seconds): 62:21:01
----------------------------------------

----------------------------------------
TRIAL 84 STARTED
----------------------------------------
Start Time: 2024-05-24 17:43:04
At time step 99 the agent is dead
The agent had 9 food, 17 water, and 25 sleep.
The total tree search depth for this trial was 1162881. 
The agent accessed its memory 18510161 times. 
The agent cleared its short-term memory 85 times. 
     State prediction error memory resets: 3. 
     Hill memory resets: 82. 
TRIAL 84 COMPLETE ?
End Time: 2024-05-24 18:27:27
Total runtime for this trial (minutes/seconds): 44:23
----------------------------------------
Total hill visits: 6475. 
Total prediction errors: 281. 
Total search depth: 102250662. 
Total times memory accessed: 1619416694. 
Total times 25 >= t <= 50: 1. 
Total times 50 >= t <= 75: 3. 
Total times 75 >= t <= 100: 3. 
Total times t == 100: 77. 
Total time steps survived: 8159. 
Total runtime so far (hours/minutes/seconds): 63:05:23
----------------------------------------

----------------------------------------
TRIAL 85 STARTED
----------------------------------------
Start Time: 2024-05-24 18:27:26
At time step 99 the agent is dead
The agent had 9 food, 18 water, and 15 sleep.
The total tree search depth for this trial was 1206548. 
The agent accessed its memory 19071440 times. 
The agent cleared its short-term memory 86 times. 
     State prediction error memory resets: 3. 
     Hill memory resets: 83. 
TRIAL 85 COMPLETE ?
End Time: 2024-05-24 19:13:32
Total runtime for this trial (minutes/seconds): 46:06
----------------------------------------
Total hill visits: 6558. 
Total prediction errors: 284. 
Total search depth: 103457210. 
Total times memory accessed: 1638488134. 
Total times 25 >= t <= 50: 1. 
Total times 50 >= t <= 75: 3. 
Total times 75 >= t <= 100: 3. 
Total times t == 100: 78. 
Total time steps survived: 8259. 
Total runtime so far (hours/minutes/seconds): 63:51:28
----------------------------------------

----------------------------------------
TRIAL 86 STARTED
----------------------------------------
Start Time: 2024-05-24 19:13:31
At time step 99 the agent is dead
The agent had 10 food, 17 water, and 25 sleep.
The total tree search depth for this trial was 1052378. 
The agent accessed its memory 16755176 times. 
The agent cleared its short-term memory 83 times. 
     State prediction error memory resets: 2. 
     Hill memory resets: 81. 
TRIAL 86 COMPLETE ?
End Time: 2024-05-24 19:52:27
Total runtime for this trial (minutes/seconds): 38:56
----------------------------------------
Total hill visits: 6639. 
Total prediction errors: 286. 
Total search depth: 104509588. 
Total times memory accessed: 1655243310. 
Total times 25 >= t <= 50: 1. 
Total times 50 >= t <= 75: 3. 
Total times 75 >= t <= 100: 3. 
Total times t == 100: 79. 
Total time steps survived: 8359. 
Total runtime so far (hours/minutes/seconds): 64:30:23
----------------------------------------

----------------------------------------
TRIAL 87 STARTED
----------------------------------------
Start Time: 2024-05-24 19:52:26
At time step 99 the agent is dead
The agent had 17 food, 8 water, and 25 sleep.
The total tree search depth for this trial was 1291188. 
The agent accessed its memory 20636300 times. 
The agent cleared its short-term memory 83 times. 
     State prediction error memory resets: 2. 
     Hill memory resets: 81. 
TRIAL 87 COMPLETE ?
End Time: 2024-05-24 20:39:31
Total runtime for this trial (minutes/seconds): 47:05
----------------------------------------
Total hill visits: 6720. 
Total prediction errors: 288. 
Total search depth: 105800776. 
Total times memory accessed: 1675879610. 
Total times 25 >= t <= 50: 1. 
Total times 50 >= t <= 75: 3. 
Total times 75 >= t <= 100: 3. 
Total times t == 100: 80. 
Total time steps survived: 8459. 
Total runtime so far (hours/minutes/seconds): 65:17:27
----------------------------------------

----------------------------------------
TRIAL 88 STARTED
----------------------------------------
Start Time: 2024-05-24 20:39:30
At time step 99 the agent is dead
The agent had 20 food, 16 water, and 17 sleep.
The total tree search depth for this trial was 1440842. 
The agent accessed its memory 23052760 times. 
The agent cleared its short-term memory 84 times. 
     State prediction error memory resets: 4. 
     Hill memory resets: 80. 
TRIAL 88 COMPLETE ?
End Time: 2024-05-24 21:31:49
Total runtime for this trial (minutes/seconds): 52:19
----------------------------------------
Total hill visits: 6800. 
Total prediction errors: 292. 
Total search depth: 107241618. 
Total times memory accessed: 1698932370. 
Total times 25 >= t <= 50: 1. 
Total times 50 >= t <= 75: 3. 
Total times 75 >= t <= 100: 3. 
Total times t == 100: 81. 
Total time steps survived: 8559. 
Total runtime so far (hours/minutes/seconds): 66:09:45
----------------------------------------

----------------------------------------
TRIAL 89 STARTED
----------------------------------------
Start Time: 2024-05-24 21:31:48
At time step 99 the agent is dead
The agent had 15 food, 6 water, and 25 sleep.
The total tree search depth for this trial was 1707079. 
The agent accessed its memory 27140002 times. 
The agent cleared its short-term memory 84 times. 
     State prediction error memory resets: 3. 
     Hill memory resets: 81. 
TRIAL 89 COMPLETE ?
End Time: 2024-05-24 22:35:18
Total runtime for this trial (minutes/seconds): 03:30
----------------------------------------
Total hill visits: 6881. 
Total prediction errors: 295. 
Total search depth: 108948697. 
Total times memory accessed: 1726072372. 
Total times 25 >= t <= 50: 1. 
Total times 50 >= t <= 75: 3. 
Total times 75 >= t <= 100: 3. 
Total times t == 100: 82. 
Total time steps survived: 8659. 
Total runtime so far (hours/minutes/seconds): 67:13:14
----------------------------------------

----------------------------------------
TRIAL 90 STARTED
----------------------------------------
Start Time: 2024-05-24 22:35:17
At time step 99 the agent is dead
The agent had 7 food, 13 water, and 21 sleep.
The total tree search depth for this trial was 1406666. 
The agent accessed its memory 22415708 times. 
The agent cleared its short-term memory 83 times. 
     State prediction error memory resets: 3. 
     Hill memory resets: 80. 
TRIAL 90 COMPLETE ?
End Time: 2024-05-24 23:26:59
Total runtime for this trial (minutes/seconds): 51:42
----------------------------------------
Total hill visits: 6961. 
Total prediction errors: 298. 
Total search depth: 110355363. 
Total times memory accessed: 1748488080. 
Total times 25 >= t <= 50: 1. 
Total times 50 >= t <= 75: 3. 
Total times 75 >= t <= 100: 3. 
Total times t == 100: 83. 
Total time steps survived: 8759. 
Total runtime so far (hours/minutes/seconds): 68:04:55
----------------------------------------

----------------------------------------
TRIAL 91 STARTED
----------------------------------------
Start Time: 2024-05-24 23:26:58
At time step 99 the agent is dead
The agent had 9 food, 17 water, and 5 sleep.
The total tree search depth for this trial was 1422752. 
The agent accessed its memory 22689142 times. 
The agent cleared its short-term memory 84 times. 
     State prediction error memory resets: 2. 
     Hill memory resets: 82. 
TRIAL 91 COMPLETE ?
End Time: 2024-05-25 00:17:32
Total runtime for this trial (minutes/seconds): 50:34
----------------------------------------
Total hill visits: 7043. 
Total prediction errors: 300. 
Total search depth: 111778115. 
Total times memory accessed: 1771177222. 
Total times 25 >= t <= 50: 1. 
Total times 50 >= t <= 75: 3. 
Total times 75 >= t <= 100: 3. 
Total times t == 100: 84. 
Total time steps survived: 8859. 
Total runtime so far (hours/minutes/seconds): 68:55:28
----------------------------------------

----------------------------------------
TRIAL 92 STARTED
----------------------------------------
Start Time: 2024-05-25 00:17:31
At time step 99 the agent is dead
The agent had 6 food, 18 water, and 25 sleep.
The total tree search depth for this trial was 1748909. 
The agent accessed its memory 27967125 times. 
The agent cleared its short-term memory 85 times. 
     State prediction error memory resets: 5. 
     Hill memory resets: 80. 
TRIAL 92 COMPLETE ?
End Time: 2024-05-25 01:18:16
Total runtime for this trial (minutes/seconds): 00:45
----------------------------------------
Total hill visits: 7123. 
Total prediction errors: 305. 
Total search depth: 113527024. 
Total times memory accessed: 1799144347. 
Total times 25 >= t <= 50: 1. 
Total times 50 >= t <= 75: 3. 
Total times 75 >= t <= 100: 3. 
Total times t == 100: 85. 
Total time steps survived: 8959. 
Total runtime so far (hours/minutes/seconds): 69:56:12
----------------------------------------

----------------------------------------
TRIAL 93 STARTED
----------------------------------------
Start Time: 2024-05-25 01:18:15
At time step 99 the agent is dead
The agent had 17 food, 17 water, and 10 sleep.
The total tree search depth for this trial was 1632408. 
The agent accessed its memory 26107933 times. 
The agent cleared its short-term memory 87 times. 
     State prediction error memory resets: 6. 
     Hill memory resets: 81. 
TRIAL 93 COMPLETE ?
End Time: 2024-05-25 02:13:45
Total runtime for this trial (minutes/seconds): 55:30
----------------------------------------
Total hill visits: 7204. 
Total prediction errors: 311. 
Total search depth: 115159432. 
Total times memory accessed: 1825252280. 
Total times 25 >= t <= 50: 1. 
Total times 50 >= t <= 75: 3. 
Total times 75 >= t <= 100: 3. 
Total times t == 100: 86. 
Total time steps survived: 9059. 
Total runtime so far (hours/minutes/seconds): 70:51:41
----------------------------------------

----------------------------------------
TRIAL 94 STARTED
----------------------------------------
Start Time: 2024-05-25 02:13:44
At time step 97 the agent is dead
The agent had 21 food, 0 water, and 23 sleep.
The total tree search depth for this trial was 1160438. 
The agent accessed its memory 18406978 times. 
The agent cleared its short-term memory 83 times. 
     State prediction error memory resets: 3. 
     Hill memory resets: 80. 
TRIAL 94 COMPLETE ?
End Time: 2024-05-25 02:53:15
Total runtime for this trial (minutes/seconds): 39:31
----------------------------------------
Total hill visits: 7284. 
Total prediction errors: 314. 
Total search depth: 116319870. 
Total times memory accessed: 1843659258. 
Total times 25 >= t <= 50: 1. 
Total times 50 >= t <= 75: 3. 
Total times 75 >= t <= 100: 4. 
Total times t == 100: 86. 
Total time steps survived: 9157. 
Total runtime so far (hours/minutes/seconds): 71:31:11
----------------------------------------

----------------------------------------
TRIAL 95 STARTED
----------------------------------------
Start Time: 2024-05-25 02:53:14
