
----------------------------------------
TRIAL 1 STARTED
----------------------------------------
Start Time: 2024-05-01 19:11:37
TRIAL 1 COMPLETE ✔
End Time: 2024-05-01 19:11:42
Total runtime for this trial (minutes/seconds): 00:04
----------------------------------------
Total hill visits: 1
Total prediction errors: 2
Total search depth: 1112
Total times memory accessed: 1754
Total times 24 >= t < 49: 0
Total times 49 >= t < 74: 0
Total times 74 >= t < 99: 0
Total times t == 99: 0
Total time steps survived: 20
Total runtime so far (hours/minutes/seconds): 00:00:04
----------------------------------------

----------------------------------------
TRIAL 2 STARTED
----------------------------------------
Start Time: 2024-05-01 19:11:42
TRIAL 2 COMPLETE ✔
End Time: 2024-05-01 19:11:49
Total runtime for this trial (minutes/seconds): 00:07
----------------------------------------
Total hill visits: 1
Total prediction errors: 13
Total search depth: 2354
Total times memory accessed: 4729
Total times 24 >= t < 49: 0
Total times 49 >= t < 74: 0
Total times 74 >= t < 99: 0
Total times t == 99: 0
Total time steps survived: 40
Total runtime so far (hours/minutes/seconds): 00:00:12
----------------------------------------

----------------------------------------
TRIAL 3 STARTED
----------------------------------------
Start Time: 2024-05-01 19:11:49
TRIAL 3 COMPLETE ✔
End Time: 2024-05-01 19:11:53
Total runtime for this trial (minutes/seconds): 00:03
----------------------------------------
Total hill visits: 4
Total prediction errors: 20
Total search depth: 2892
Total times memory accessed: 6139
Total times 24 >= t < 49: 0
Total times 49 >= t < 74: 0
Total times 74 >= t < 99: 0
Total times t == 99: 0
Total time steps survived: 60
Total runtime so far (hours/minutes/seconds): 00:00:16
----------------------------------------

----------------------------------------
TRIAL 4 STARTED
----------------------------------------
Start Time: 2024-05-01 19:11:53
TRIAL 4 COMPLETE ✔
End Time: 2024-05-01 19:12:00
Total runtime for this trial (minutes/seconds): 00:07
----------------------------------------
Total hill visits: 4
Total prediction errors: 36
Total search depth: 3949
Total times memory accessed: 9332
Total times 24 >= t < 49: 0
Total times 49 >= t < 74: 0
Total times 74 >= t < 99: 0
Total times t == 99: 0
Total time steps survived: 80
Total runtime so far (hours/minutes/seconds): 00:00:23
----------------------------------------

----------------------------------------
TRIAL 5 STARTED
----------------------------------------
Start Time: 2024-05-01 19:12:01
TRIAL 5 COMPLETE ✔
End Time: 2024-05-01 19:12:17
Total runtime for this trial (minutes/seconds): 00:16
----------------------------------------
Total hill visits: 8
Total prediction errors: 46
Total search depth: 6212
Total times memory accessed: 16202
Total times 24 >= t < 49: 0
Total times 49 >= t < 74: 0
Total times 74 >= t < 99: 0
Total times t == 99: 0
Total time steps survived: 100
Total runtime so far (hours/minutes/seconds): 00:00:40
----------------------------------------

----------------------------------------
TRIAL 6 STARTED
----------------------------------------
Start Time: 2024-05-01 19:12:17
TRIAL 6 COMPLETE ✔
End Time: 2024-05-01 19:12:28
Total runtime for this trial (minutes/seconds): 00:10
----------------------------------------
Total hill visits: 8
Total prediction errors: 62
Total search depth: 7779
Total times memory accessed: 20420
Total times 24 >= t < 49: 0
Total times 49 >= t < 74: 0
Total times 74 >= t < 99: 0
Total times t == 99: 0
Total time steps survived: 120
Total runtime so far (hours/minutes/seconds): 00:00:51
----------------------------------------

----------------------------------------
TRIAL 7 STARTED
----------------------------------------
Start Time: 2024-05-01 19:12:28
TRIAL 7 COMPLETE ✔
End Time: 2024-05-01 19:12:56
Total runtime for this trial (minutes/seconds): 00:28
----------------------------------------
Total hill visits: 8
Total prediction errors: 66
Total search depth: 11238
Total times memory accessed: 31797
Total times 24 >= t < 49: 0
Total times 49 >= t < 74: 0
Total times 74 >= t < 99: 0
Total times t == 99: 0
Total time steps survived: 140
Total runtime so far (hours/minutes/seconds): 00:01:19
----------------------------------------

----------------------------------------
TRIAL 8 STARTED
----------------------------------------
Start Time: 2024-05-01 19:12:56
TRIAL 8 COMPLETE ✔
End Time: 2024-05-01 19:13:10
Total runtime for this trial (minutes/seconds): 00:13
----------------------------------------
Total hill visits: 8
Total prediction errors: 66
Total search depth: 13548
Total times memory accessed: 37175
Total times 24 >= t < 49: 0
Total times 49 >= t < 74: 0
Total times 74 >= t < 99: 0
Total times t == 99: 0
Total time steps survived: 160
Total runtime so far (hours/minutes/seconds): 00:01:33
----------------------------------------

----------------------------------------
TRIAL 9 STARTED
----------------------------------------
Start Time: 2024-05-01 19:13:10
TRIAL 9 COMPLETE ✔
End Time: 2024-05-01 19:13:24
Total runtime for this trial (minutes/seconds): 00:14
----------------------------------------
Total hill visits: 8
Total prediction errors: 66
Total search depth: 15469
Total times memory accessed: 42773
Total times 24 >= t < 49: 0
Total times 49 >= t < 74: 0
Total times 74 >= t < 99: 0
Total times t == 99: 0
Total time steps survived: 180
Total runtime so far (hours/minutes/seconds): 00:01:47
----------------------------------------

----------------------------------------
TRIAL 10 STARTED
----------------------------------------
Start Time: 2024-05-01 19:13:24
TRIAL 10 COMPLETE ✔
End Time: 2024-05-01 19:13:47
Total runtime for this trial (minutes/seconds): 00:22
----------------------------------------
Total hill visits: 8
Total prediction errors: 77
Total search depth: 18072
Total times memory accessed: 51895
Total times 24 >= t < 49: 0
Total times 49 >= t < 74: 0
Total times 74 >= t < 99: 0
Total times t == 99: 0
Total time steps survived: 200
Total runtime so far (hours/minutes/seconds): 00:02:10
----------------------------------------

----------------------------------------
TRIAL 11 STARTED
----------------------------------------
Start Time: 2024-05-01 19:13:47
TRIAL 11 COMPLETE ✔
End Time: 2024-05-01 19:14:10
Total runtime for this trial (minutes/seconds): 00:22
----------------------------------------
Total hill visits: 9
Total prediction errors: 84
Total search depth: 21226
Total times memory accessed: 60797
Total times 24 >= t < 49: 0
Total times 49 >= t < 74: 0
Total times 74 >= t < 99: 0
Total times t == 99: 0
Total time steps survived: 220
Total runtime so far (hours/minutes/seconds): 00:02:33
----------------------------------------

----------------------------------------
TRIAL 12 STARTED
----------------------------------------
Start Time: 2024-05-01 19:14:10
TRIAL 12 COMPLETE ✔
End Time: 2024-05-01 19:16:28
Total runtime for this trial (minutes/seconds): 02:17
----------------------------------------
Total hill visits: 10
Total prediction errors: 90
Total search depth: 38167
Total times memory accessed: 113604
Total times 24 >= t < 49: 1
Total times 49 >= t < 74: 0
Total times 74 >= t < 99: 0
Total times t == 99: 0
Total time steps survived: 245
Total runtime so far (hours/minutes/seconds): 00:04:51
----------------------------------------

----------------------------------------
TRIAL 13 STARTED
----------------------------------------
Start Time: 2024-05-01 19:16:28
TRIAL 13 COMPLETE ✔
End Time: 2024-05-01 19:16:43
Total runtime for this trial (minutes/seconds): 00:14
----------------------------------------
Total hill visits: 11
Total prediction errors: 91
Total search depth: 40117
Total times memory accessed: 119392
Total times 24 >= t < 49: 1
Total times 49 >= t < 74: 0
Total times 74 >= t < 99: 0
Total times t == 99: 0
Total time steps survived: 267
Total runtime so far (hours/minutes/seconds): 00:05:06
----------------------------------------

----------------------------------------
TRIAL 14 STARTED
----------------------------------------
Start Time: 2024-05-01 19:16:43
TRIAL 14 COMPLETE ✔
End Time: 2024-05-01 19:17:14
Total runtime for this trial (minutes/seconds): 00:31
----------------------------------------
Total hill visits: 15
Total prediction errors: 94
Total search depth: 44361
Total times memory accessed: 132025
Total times 24 >= t < 49: 1
Total times 49 >= t < 74: 0
Total times 74 >= t < 99: 0
Total times t == 99: 0
Total time steps survived: 287
Total runtime so far (hours/minutes/seconds): 00:05:37
----------------------------------------

----------------------------------------
TRIAL 15 STARTED
----------------------------------------
Start Time: 2024-05-01 19:17:14
TRIAL 15 COMPLETE ✔
End Time: 2024-05-01 19:18:00
Total runtime for this trial (minutes/seconds): 00:45
----------------------------------------
Total hill visits: 16
Total prediction errors: 97
Total search depth: 49445
Total times memory accessed: 150283
Total times 24 >= t < 49: 1
Total times 49 >= t < 74: 0
Total times 74 >= t < 99: 0
Total times t == 99: 0
Total time steps survived: 307
Total runtime so far (hours/minutes/seconds): 00:06:23
----------------------------------------

----------------------------------------
TRIAL 16 STARTED
----------------------------------------
Start Time: 2024-05-01 19:18:00
TRIAL 16 COMPLETE ✔
End Time: 2024-05-01 19:18:16
Total runtime for this trial (minutes/seconds): 00:15
----------------------------------------
Total hill visits: 17
Total prediction errors: 100
Total search depth: 51601
Total times memory accessed: 156596
Total times 24 >= t < 49: 1
Total times 49 >= t < 74: 0
Total times 74 >= t < 99: 0
Total times t == 99: 0
Total time steps survived: 327
Total runtime so far (hours/minutes/seconds): 00:06:39
----------------------------------------

----------------------------------------
TRIAL 17 STARTED
----------------------------------------
Start Time: 2024-05-01 19:18:16
TRIAL 17 COMPLETE ✔
End Time: 2024-05-01 19:18:36
Total runtime for this trial (minutes/seconds): 00:20
----------------------------------------
Total hill visits: 17
Total prediction errors: 113
Total search depth: 54440
Total times memory accessed: 164654
Total times 24 >= t < 49: 1
Total times 49 >= t < 74: 0
Total times 74 >= t < 99: 0
Total times t == 99: 0
Total time steps survived: 347
Total runtime so far (hours/minutes/seconds): 00:06:59
----------------------------------------

----------------------------------------
TRIAL 18 STARTED
----------------------------------------
Start Time: 2024-05-01 19:18:36
TRIAL 18 COMPLETE ✔
End Time: 2024-05-01 19:19:19
Total runtime for this trial (minutes/seconds): 00:42
----------------------------------------
Total hill visits: 18
Total prediction errors: 127
Total search depth: 59164
Total times memory accessed: 181486
Total times 24 >= t < 49: 1
Total times 49 >= t < 74: 0
Total times 74 >= t < 99: 0
Total times t == 99: 0
Total time steps survived: 367
Total runtime so far (hours/minutes/seconds): 00:07:42
----------------------------------------

----------------------------------------
TRIAL 19 STARTED
----------------------------------------
Start Time: 2024-05-01 19:19:19
TRIAL 19 COMPLETE ✔
End Time: 2024-05-01 19:19:43
Total runtime for this trial (minutes/seconds): 00:23
----------------------------------------
Total hill visits: 19
Total prediction errors: 135
Total search depth: 62044
Total times memory accessed: 190783
Total times 24 >= t < 49: 1
Total times 49 >= t < 74: 0
Total times 74 >= t < 99: 0
Total times t == 99: 0
Total time steps survived: 387
Total runtime so far (hours/minutes/seconds): 00:08:06
----------------------------------------

----------------------------------------
TRIAL 20 STARTED
----------------------------------------
Start Time: 2024-05-01 19:19:43
TRIAL 20 COMPLETE ✔
End Time: 2024-05-01 19:19:59
Total runtime for this trial (minutes/seconds): 00:16
----------------------------------------
Total hill visits: 20
Total prediction errors: 138
Total search depth: 64280
Total times memory accessed: 197237
Total times 24 >= t < 49: 1
Total times 49 >= t < 74: 0
Total times 74 >= t < 99: 0
Total times t == 99: 0
Total time steps survived: 407
Total runtime so far (hours/minutes/seconds): 00:08:22
----------------------------------------

----------------------------------------
TRIAL 21 STARTED
----------------------------------------
Start Time: 2024-05-01 19:19:59
TRIAL 21 COMPLETE ✔
End Time: 2024-05-01 19:21:53
Total runtime for this trial (minutes/seconds): 01:53
----------------------------------------
Total hill visits: 21
Total prediction errors: 142
Total search depth: 77422
Total times memory accessed: 241984
Total times 24 >= t < 49: 2
Total times 49 >= t < 74: 0
Total times 74 >= t < 99: 0
Total times t == 99: 0
Total time steps survived: 432
Total runtime so far (hours/minutes/seconds): 00:10:16
----------------------------------------

----------------------------------------
TRIAL 22 STARTED
----------------------------------------
Start Time: 2024-05-01 19:21:53
TRIAL 22 COMPLETE ✔
End Time: 2024-05-01 19:24:03
Total runtime for this trial (minutes/seconds): 02:09
----------------------------------------
Total hill visits: 22
Total prediction errors: 150
Total search depth: 91961
Total times memory accessed: 293019
Total times 24 >= t < 49: 3
Total times 49 >= t < 74: 0
Total times 74 >= t < 99: 0
Total times t == 99: 0
Total time steps survived: 457
Total runtime so far (hours/minutes/seconds): 00:12:26
----------------------------------------

----------------------------------------
TRIAL 23 STARTED
----------------------------------------
Start Time: 2024-05-01 19:24:03
TRIAL 23 COMPLETE ✔
End Time: 2024-05-01 19:24:27
Total runtime for this trial (minutes/seconds): 00:24
----------------------------------------
Total hill visits: 23
Total prediction errors: 152
Total search depth: 94853
Total times memory accessed: 302479
Total times 24 >= t < 49: 3
Total times 49 >= t < 74: 0
Total times 74 >= t < 99: 0
Total times t == 99: 0
Total time steps survived: 477
Total runtime so far (hours/minutes/seconds): 00:12:50
----------------------------------------

----------------------------------------
TRIAL 24 STARTED
----------------------------------------
Start Time: 2024-05-01 19:24:27
TRIAL 24 COMPLETE ✔
End Time: 2024-05-01 19:24:49
Total runtime for this trial (minutes/seconds): 00:22
----------------------------------------
Total hill visits: 24
Total prediction errors: 156
Total search depth: 97490
Total times memory accessed: 311331
Total times 24 >= t < 49: 3
Total times 49 >= t < 74: 0
Total times 74 >= t < 99: 0
Total times t == 99: 0
Total time steps survived: 499
Total runtime so far (hours/minutes/seconds): 00:13:12
----------------------------------------

----------------------------------------
TRIAL 25 STARTED
----------------------------------------
Start Time: 2024-05-01 19:24:49
TRIAL 25 COMPLETE ✔
End Time: 2024-05-01 19:25:16
Total runtime for this trial (minutes/seconds): 00:26
----------------------------------------
Total hill visits: 25
Total prediction errors: 168
Total search depth: 101128
Total times memory accessed: 321870
Total times 24 >= t < 49: 3
Total times 49 >= t < 74: 0
Total times 74 >= t < 99: 0
Total times t == 99: 0
Total time steps survived: 519
Total runtime so far (hours/minutes/seconds): 00:13:39
----------------------------------------

----------------------------------------
TRIAL 26 STARTED
----------------------------------------
Start Time: 2024-05-01 19:25:16
TRIAL 26 COMPLETE ✔
End Time: 2024-05-01 19:26:33
Total runtime for this trial (minutes/seconds): 01:16
----------------------------------------
Total hill visits: 29
Total prediction errors: 176
Total search depth: 110390
Total times memory accessed: 352081
Total times 24 >= t < 49: 3
Total times 49 >= t < 74: 0
Total times 74 >= t < 99: 0
Total times t == 99: 0
Total time steps survived: 539
Total runtime so far (hours/minutes/seconds): 00:14:56
----------------------------------------

----------------------------------------
TRIAL 27 STARTED
----------------------------------------
Start Time: 2024-05-01 19:26:33
TRIAL 27 COMPLETE ✔
End Time: 2024-05-01 19:28:04
Total runtime for this trial (minutes/seconds): 01:31
----------------------------------------
Total hill visits: 30
Total prediction errors: 183
Total search depth: 120595
Total times memory accessed: 387684
Total times 24 >= t < 49: 3
Total times 49 >= t < 74: 0
Total times 74 >= t < 99: 0
Total times t == 99: 0
Total time steps survived: 559
Total runtime so far (hours/minutes/seconds): 00:16:27
----------------------------------------

----------------------------------------
TRIAL 28 STARTED
----------------------------------------
Start Time: 2024-05-01 19:28:04
TRIAL 28 COMPLETE ✔
End Time: 2024-05-01 19:31:13
Total runtime for this trial (minutes/seconds): 03:08
----------------------------------------
Total hill visits: 31
Total prediction errors: 192
Total search depth: 141156
Total times memory accessed: 460474
Total times 24 >= t < 49: 4
Total times 49 >= t < 74: 0
Total times 74 >= t < 99: 0
Total times t == 99: 0
Total time steps survived: 587
Total runtime so far (hours/minutes/seconds): 00:19:36
----------------------------------------

----------------------------------------
TRIAL 29 STARTED
----------------------------------------
Start Time: 2024-05-01 19:31:13
TRIAL 29 COMPLETE ✔
End Time: 2024-05-01 19:31:42
Total runtime for this trial (minutes/seconds): 00:29
----------------------------------------
Total hill visits: 32
Total prediction errors: 194
Total search depth: 144706
Total times memory accessed: 471868
Total times 24 >= t < 49: 4
Total times 49 >= t < 74: 0
Total times 74 >= t < 99: 0
Total times t == 99: 0
Total time steps survived: 607
Total runtime so far (hours/minutes/seconds): 00:20:05
----------------------------------------

----------------------------------------
TRIAL 30 STARTED
----------------------------------------
Start Time: 2024-05-01 19:31:42
TRIAL 30 COMPLETE ✔
End Time: 2024-05-01 19:51:13
Total runtime for this trial (minutes/seconds): 19:30
----------------------------------------
Total hill visits: 33
Total prediction errors: 205
Total search depth: 256873
Total times memory accessed: 939167
Total times 24 >= t < 49: 5
Total times 49 >= t < 74: 0
Total times 74 >= t < 99: 0
Total times t == 99: 0
Total time steps survived: 632
Total runtime so far (hours/minutes/seconds): 00:39:36
----------------------------------------

----------------------------------------
TRIAL 31 STARTED
----------------------------------------
Start Time: 2024-05-01 19:51:13
TRIAL 31 COMPLETE ✔
End Time: 2024-05-01 19:51:50
Total runtime for this trial (minutes/seconds): 00:37
----------------------------------------
Total hill visits: 34
Total prediction errors: 210
Total search depth: 261303
Total times memory accessed: 953800
Total times 24 >= t < 49: 5
Total times 49 >= t < 74: 0
Total times 74 >= t < 99: 0
Total times t == 99: 0
Total time steps survived: 652
Total runtime so far (hours/minutes/seconds): 00:40:13
----------------------------------------

----------------------------------------
TRIAL 32 STARTED
----------------------------------------
Start Time: 2024-05-01 19:51:50
TRIAL 32 COMPLETE ✔
End Time: 2024-05-01 19:52:40
Total runtime for this trial (minutes/seconds): 00:49
----------------------------------------
Total hill visits: 35
Total prediction errors: 218
Total search depth: 267055
Total times memory accessed: 972725
Total times 24 >= t < 49: 5
Total times 49 >= t < 74: 0
Total times 74 >= t < 99: 0
Total times t == 99: 0
Total time steps survived: 672
Total runtime so far (hours/minutes/seconds): 00:41:03
----------------------------------------

----------------------------------------
TRIAL 33 STARTED
----------------------------------------
Start Time: 2024-05-01 19:52:40
TRIAL 33 COMPLETE ✔
End Time: 2024-05-01 19:53:42
Total runtime for this trial (minutes/seconds): 01:02
----------------------------------------
Total hill visits: 36
Total prediction errors: 219
Total search depth: 273790
Total times memory accessed: 997438
Total times 24 >= t < 49: 5
Total times 49 >= t < 74: 0
Total times 74 >= t < 99: 0
Total times t == 99: 0
Total time steps survived: 692
Total runtime so far (hours/minutes/seconds): 00:42:05
----------------------------------------

----------------------------------------
TRIAL 34 STARTED
----------------------------------------
Start Time: 2024-05-01 19:53:43
TRIAL 34 COMPLETE ✔
End Time: 2024-05-01 19:55:21
Total runtime for this trial (minutes/seconds): 01:38
----------------------------------------
Total hill visits: 37
Total prediction errors: 222
Total search depth: 284140
Total times memory accessed: 1035808
Total times 24 >= t < 49: 5
Total times 49 >= t < 74: 0
Total times 74 >= t < 99: 0
Total times t == 99: 0
Total time steps survived: 712
Total runtime so far (hours/minutes/seconds): 00:43:44
----------------------------------------

----------------------------------------
TRIAL 35 STARTED
----------------------------------------
Start Time: 2024-05-01 19:55:21
TRIAL 35 COMPLETE ✔
End Time: 2024-05-01 19:57:27
Total runtime for this trial (minutes/seconds): 02:05
----------------------------------------
Total hill visits: 38
Total prediction errors: 227
Total search depth: 296717
Total times memory accessed: 1085631
Total times 24 >= t < 49: 6
Total times 49 >= t < 74: 0
Total times 74 >= t < 99: 0
Total times t == 99: 0
Total time steps survived: 737
Total runtime so far (hours/minutes/seconds): 00:45:50
----------------------------------------

----------------------------------------
TRIAL 36 STARTED
----------------------------------------
Start Time: 2024-05-01 19:57:27
TRIAL 36 COMPLETE ✔
End Time: 2024-05-01 19:58:02
Total runtime for this trial (minutes/seconds): 00:35
----------------------------------------
Total hill visits: 39
Total prediction errors: 227
Total search depth: 300839
Total times memory accessed: 1099572
Total times 24 >= t < 49: 6
Total times 49 >= t < 74: 0
Total times 74 >= t < 99: 0
Total times t == 99: 0
Total time steps survived: 757
Total runtime so far (hours/minutes/seconds): 00:46:25
----------------------------------------

----------------------------------------
TRIAL 37 STARTED
----------------------------------------
Start Time: 2024-05-01 19:58:02
TRIAL 37 COMPLETE ✔
End Time: 2024-05-01 20:03:16
Total runtime for this trial (minutes/seconds): 05:14
----------------------------------------
Total hill visits: 40
Total prediction errors: 230
Total search depth: 333384
Total times memory accessed: 1225420
Total times 24 >= t < 49: 7
Total times 49 >= t < 74: 0
Total times 74 >= t < 99: 0
Total times t == 99: 0
Total time steps survived: 782
Total runtime so far (hours/minutes/seconds): 00:51:39
----------------------------------------

----------------------------------------
TRIAL 38 STARTED
----------------------------------------
Start Time: 2024-05-01 20:03:16
TRIAL 38 COMPLETE ✔
End Time: 2024-05-01 20:18:05
Total runtime for this trial (minutes/seconds): 14:48
----------------------------------------
Total hill visits: 41
Total prediction errors: 242
Total search depth: 429940
Total times memory accessed: 1571640
Total times 24 >= t < 49: 7
Total times 49 >= t < 74: 1
Total times 74 >= t < 99: 0
Total times t == 99: 0
Total time steps survived: 834
Total runtime so far (hours/minutes/seconds): 01:06:28
----------------------------------------

----------------------------------------
TRIAL 39 STARTED
----------------------------------------
Start Time: 2024-05-01 20:18:05
TRIAL 39 COMPLETE ✔
End Time: 2024-05-01 20:31:46
Total runtime for this trial (minutes/seconds): 13:40
----------------------------------------
Total hill visits: 42
Total prediction errors: 251
Total search depth: 520221
Total times memory accessed: 1893922
Total times 24 >= t < 49: 8
Total times 49 >= t < 74: 1
Total times 74 >= t < 99: 0
Total times t == 99: 0
Total time steps survived: 877
Total runtime so far (hours/minutes/seconds): 01:20:09
----------------------------------------

----------------------------------------
TRIAL 40 STARTED
----------------------------------------
Start Time: 2024-05-01 20:31:46
TRIAL 40 COMPLETE ✔
End Time: 2024-05-01 20:34:27
Total runtime for this trial (minutes/seconds): 02:41
----------------------------------------
Total hill visits: 43
Total prediction errors: 259
Total search depth: 538052
Total times memory accessed: 1957513
Total times 24 >= t < 49: 8
Total times 49 >= t < 74: 1
Total times 74 >= t < 99: 0
Total times t == 99: 0
Total time steps survived: 897
Total runtime so far (hours/minutes/seconds): 01:22:50
----------------------------------------

----------------------------------------
TRIAL 41 STARTED
----------------------------------------
Start Time: 2024-05-01 20:34:27
TRIAL 41 COMPLETE ✔
End Time: 2024-05-01 20:36:24
Total runtime for this trial (minutes/seconds): 01:56
----------------------------------------
Total hill visits: 45
Total prediction errors: 261
Total search depth: 551007
Total times memory accessed: 2003375
Total times 24 >= t < 49: 8
Total times 49 >= t < 74: 1
Total times 74 >= t < 99: 0
Total times t == 99: 0
Total time steps survived: 917
Total runtime so far (hours/minutes/seconds): 01:24:47
----------------------------------------

----------------------------------------
TRIAL 42 STARTED
----------------------------------------
Start Time: 2024-05-01 20:36:24
TRIAL 42 COMPLETE ✔
End Time: 2024-05-01 20:56:50
Total runtime for this trial (minutes/seconds): 20:26
----------------------------------------
Total hill visits: 46
Total prediction errors: 272
Total search depth: 689162
Total times memory accessed: 2487132
Total times 24 >= t < 49: 9
Total times 49 >= t < 74: 1
Total times 74 >= t < 99: 0
Total times t == 99: 0
Total time steps survived: 959
Total runtime so far (hours/minutes/seconds): 01:45:13
----------------------------------------

----------------------------------------
TRIAL 43 STARTED
----------------------------------------
Start Time: 2024-05-01 20:56:50
TRIAL 43 COMPLETE ✔
End Time: 2024-05-01 21:01:31
Total runtime for this trial (minutes/seconds): 04:40
----------------------------------------
Total hill visits: 47
Total prediction errors: 277
Total search depth: 721185
Total times memory accessed: 2598603
Total times 24 >= t < 49: 9
Total times 49 >= t < 74: 1
Total times 74 >= t < 99: 0
Total times t == 99: 0
Total time steps survived: 979
Total runtime so far (hours/minutes/seconds): 01:49:54
----------------------------------------

----------------------------------------
TRIAL 44 STARTED
----------------------------------------
Start Time: 2024-05-01 21:01:31
TRIAL 44 COMPLETE ✔
End Time: 2024-05-01 21:02:43
Total runtime for this trial (minutes/seconds): 01:11
----------------------------------------
Total hill visits: 48
Total prediction errors: 281
Total search depth: 729767
Total times memory accessed: 2626908
Total times 24 >= t < 49: 9
Total times 49 >= t < 74: 1
Total times 74 >= t < 99: 0
Total times t == 99: 0
Total time steps survived: 999
Total runtime so far (hours/minutes/seconds): 01:51:06
----------------------------------------

----------------------------------------
TRIAL 45 STARTED
----------------------------------------
Start Time: 2024-05-01 21:02:43
TRIAL 45 COMPLETE ✔
End Time: 2024-05-01 21:06:00
Total runtime for this trial (minutes/seconds): 03:16
----------------------------------------
Total hill visits: 50
Total prediction errors: 282
Total search depth: 753026
Total times memory accessed: 2704479
Total times 24 >= t < 49: 9
Total times 49 >= t < 74: 1
Total times 74 >= t < 99: 0
Total times t == 99: 0
Total time steps survived: 1019
Total runtime so far (hours/minutes/seconds): 01:54:23
----------------------------------------

----------------------------------------
TRIAL 46 STARTED
----------------------------------------
Start Time: 2024-05-01 21:06:00
TRIAL 46 COMPLETE ✔
End Time: 2024-05-01 21:10:52
Total runtime for this trial (minutes/seconds): 04:52
----------------------------------------
Total hill visits: 51
Total prediction errors: 290
Total search depth: 786904
Total times memory accessed: 2817199
Total times 24 >= t < 49: 10
Total times 49 >= t < 74: 1
Total times 74 >= t < 99: 0
Total times t == 99: 0
Total time steps survived: 1044
Total runtime so far (hours/minutes/seconds): 01:59:15
----------------------------------------

----------------------------------------
TRIAL 47 STARTED
----------------------------------------
Start Time: 2024-05-01 21:10:52
TRIAL 47 COMPLETE ✔
End Time: 2024-05-01 21:13:17
Total runtime for this trial (minutes/seconds): 02:25
----------------------------------------
Total hill visits: 53
Total prediction errors: 294
Total search depth: 803308
Total times memory accessed: 2872874
Total times 24 >= t < 49: 10
Total times 49 >= t < 74: 1
Total times 74 >= t < 99: 0
Total times t == 99: 0
Total time steps survived: 1064
Total runtime so far (hours/minutes/seconds): 02:01:40
----------------------------------------

----------------------------------------
TRIAL 48 STARTED
----------------------------------------
Start Time: 2024-05-01 21:13:17
TRIAL 48 COMPLETE ✔
End Time: 2024-05-01 21:16:43
Total runtime for this trial (minutes/seconds): 03:25
----------------------------------------
Total hill visits: 54
Total prediction errors: 298
Total search depth: 826691
Total times memory accessed: 2953427
Total times 24 >= t < 49: 10
Total times 49 >= t < 74: 1
Total times 74 >= t < 99: 0
Total times t == 99: 0
Total time steps survived: 1084
Total runtime so far (hours/minutes/seconds): 02:05:06
----------------------------------------

----------------------------------------
TRIAL 49 STARTED
----------------------------------------
Start Time: 2024-05-01 21:16:43
TRIAL 49 COMPLETE ✔
End Time: 2024-05-01 21:35:11
Total runtime for this trial (minutes/seconds): 18:28
----------------------------------------
Total hill visits: 56
Total prediction errors: 313
Total search depth: 951550
Total times memory accessed: 3379952
Total times 24 >= t < 49: 10
Total times 49 >= t < 74: 1
Total times 74 >= t < 99: 1
Total times t == 99: 0
Total time steps survived: 1158
Total runtime so far (hours/minutes/seconds): 02:23:34
----------------------------------------

----------------------------------------
TRIAL 50 STARTED
----------------------------------------
Start Time: 2024-05-01 21:35:11
TRIAL 50 COMPLETE ✔
End Time: 2024-05-01 21:41:24
Total runtime for this trial (minutes/seconds): 06:13
----------------------------------------
Total hill visits: 57
Total prediction errors: 318
Total search depth: 993210
Total times memory accessed: 3524181
Total times 24 >= t < 49: 11
Total times 49 >= t < 74: 1
Total times 74 >= t < 99: 1
Total times t == 99: 0
Total time steps survived: 1183
Total runtime so far (hours/minutes/seconds): 02:29:47
----------------------------------------

----------------------------------------
TRIAL 51 STARTED
----------------------------------------
Start Time: 2024-05-01 21:41:24
TRIAL 51 COMPLETE ✔
End Time: 2024-05-01 21:54:56
Total runtime for this trial (minutes/seconds): 13:32
----------------------------------------
Total hill visits: 58
Total prediction errors: 322
Total search depth: 1083238
Total times memory accessed: 3831330
Total times 24 >= t < 49: 11
Total times 49 >= t < 74: 1
Total times 74 >= t < 99: 1
Total times t == 99: 0
Total time steps survived: 1205
Total runtime so far (hours/minutes/seconds): 02:43:19
----------------------------------------

----------------------------------------
TRIAL 52 STARTED
----------------------------------------
Start Time: 2024-05-01 21:54:56
TRIAL 52 COMPLETE ✔
End Time: 2024-05-01 22:08:57
Total runtime for this trial (minutes/seconds): 14:00
----------------------------------------
Total hill visits: 59
Total prediction errors: 330
Total search depth: 1177762
Total times memory accessed: 4149993
Total times 24 >= t < 49: 11
Total times 49 >= t < 74: 2
Total times 74 >= t < 99: 1
Total times t == 99: 0
Total time steps survived: 1269
Total runtime so far (hours/minutes/seconds): 02:57:20
----------------------------------------

----------------------------------------
TRIAL 53 STARTED
----------------------------------------
Start Time: 2024-05-01 22:08:57
TRIAL 53 COMPLETE ✔
End Time: 2024-05-01 22:10:47
Total runtime for this trial (minutes/seconds): 01:50
----------------------------------------
Total hill visits: 60
Total prediction errors: 332
Total search depth: 1190479
Total times memory accessed: 4192250
Total times 24 >= t < 49: 11
Total times 49 >= t < 74: 2
Total times 74 >= t < 99: 1
Total times t == 99: 0
Total time steps survived: 1289
Total runtime so far (hours/minutes/seconds): 02:59:10
----------------------------------------

----------------------------------------
TRIAL 54 STARTED
----------------------------------------
Start Time: 2024-05-01 22:10:47
TRIAL 54 COMPLETE ✔
End Time: 2024-05-01 22:21:15
Total runtime for this trial (minutes/seconds): 10:27
----------------------------------------
Total hill visits: 61
Total prediction errors: 338
Total search depth: 1254670
Total times memory accessed: 4422234
Total times 24 >= t < 49: 12
Total times 49 >= t < 74: 2
Total times 74 >= t < 99: 1
Total times t == 99: 0
Total time steps survived: 1314
Total runtime so far (hours/minutes/seconds): 03:09:38
----------------------------------------

----------------------------------------
TRIAL 55 STARTED
----------------------------------------
Start Time: 2024-05-01 22:21:15
TRIAL 55 COMPLETE ✔
End Time: 2024-05-01 22:28:18
Total runtime for this trial (minutes/seconds): 07:03
----------------------------------------
Total hill visits: 62
Total prediction errors: 346
Total search depth: 1306714
Total times memory accessed: 4583386
Total times 24 >= t < 49: 13
Total times 49 >= t < 74: 2
Total times 74 >= t < 99: 1
Total times t == 99: 0
Total time steps survived: 1346
Total runtime so far (hours/minutes/seconds): 03:16:41
----------------------------------------

----------------------------------------
TRIAL 56 STARTED
----------------------------------------
Start Time: 2024-05-01 22:28:18
TRIAL 56 COMPLETE ✔
End Time: 2024-05-01 22:38:22
Total runtime for this trial (minutes/seconds): 10:03
----------------------------------------
Total hill visits: 64
Total prediction errors: 349
Total search depth: 1382146
Total times memory accessed: 4812380
Total times 24 >= t < 49: 14
Total times 49 >= t < 74: 2
Total times 74 >= t < 99: 1
Total times t == 99: 0
Total time steps survived: 1386
Total runtime so far (hours/minutes/seconds): 03:26:45
----------------------------------------

----------------------------------------
TRIAL 57 STARTED
----------------------------------------
Start Time: 2024-05-01 22:38:22
TRIAL 57 COMPLETE ✔
End Time: 2024-05-01 22:41:27
Total runtime for this trial (minutes/seconds): 03:04
----------------------------------------
Total hill visits: 65
Total prediction errors: 353
Total search depth: 1402647
Total times memory accessed: 4882590
Total times 24 >= t < 49: 14
Total times 49 >= t < 74: 2
Total times 74 >= t < 99: 1
Total times t == 99: 0
Total time steps survived: 1408
Total runtime so far (hours/minutes/seconds): 03:29:49
----------------------------------------

----------------------------------------
TRIAL 58 STARTED
----------------------------------------
Start Time: 2024-05-01 22:41:27
TRIAL 58 COMPLETE ✔
End Time: 2024-05-01 22:46:23
Total runtime for this trial (minutes/seconds): 04:56
----------------------------------------
Total hill visits: 66
Total prediction errors: 356
Total search depth: 1435394
Total times memory accessed: 4995210
Total times 24 >= t < 49: 14
Total times 49 >= t < 74: 2
Total times 74 >= t < 99: 1
Total times t == 99: 0
Total time steps survived: 1428
Total runtime so far (hours/minutes/seconds): 03:34:46
----------------------------------------

----------------------------------------
TRIAL 59 STARTED
----------------------------------------
Start Time: 2024-05-01 22:46:23
TRIAL 59 COMPLETE ✔
End Time: 2024-05-01 22:49:56
Total runtime for this trial (minutes/seconds): 03:32
----------------------------------------
Total hill visits: 67
Total prediction errors: 357
Total search depth: 1459769
Total times memory accessed: 5076542
Total times 24 >= t < 49: 14
Total times 49 >= t < 74: 2
Total times 74 >= t < 99: 1
Total times t == 99: 0
Total time steps survived: 1450
Total runtime so far (hours/minutes/seconds): 03:38:19
----------------------------------------

----------------------------------------
TRIAL 60 STARTED
----------------------------------------
Start Time: 2024-05-01 22:49:56
TRIAL 60 COMPLETE ✔
End Time: 2024-05-01 23:15:32
Total runtime for this trial (minutes/seconds): 25:35
----------------------------------------
Total hill visits: 69
Total prediction errors: 367
Total search depth: 1638260
Total times memory accessed: 5655558
Total times 24 >= t < 49: 14
Total times 49 >= t < 74: 3
Total times 74 >= t < 99: 1
Total times t == 99: 0
Total time steps survived: 1502
Total runtime so far (hours/minutes/seconds): 04:03:55
----------------------------------------

----------------------------------------
TRIAL 61 STARTED
----------------------------------------
Start Time: 2024-05-01 23:15:32
TRIAL 61 COMPLETE ✔
End Time: 2024-05-01 23:26:09
Total runtime for this trial (minutes/seconds): 10:36
----------------------------------------
Total hill visits: 71
Total prediction errors: 374
Total search depth: 1711435
Total times memory accessed: 5897340
Total times 24 >= t < 49: 15
Total times 49 >= t < 74: 3
Total times 74 >= t < 99: 1
Total times t == 99: 0
Total time steps survived: 1527
Total runtime so far (hours/minutes/seconds): 04:14:31
----------------------------------------

----------------------------------------
TRIAL 62 STARTED
----------------------------------------
Start Time: 2024-05-01 23:26:09
TRIAL 62 COMPLETE ✔
End Time: 2024-05-01 23:47:38
Total runtime for this trial (minutes/seconds): 21:29
----------------------------------------
Total hill visits: 72
Total prediction errors: 386
Total search depth: 1844080
Total times memory accessed: 6362687
Total times 24 >= t < 49: 16
Total times 49 >= t < 74: 3
Total times 74 >= t < 99: 1
Total times t == 99: 0
Total time steps survived: 1552
Total runtime so far (hours/minutes/seconds): 04:36:01
----------------------------------------

----------------------------------------
TRIAL 63 STARTED
----------------------------------------
Start Time: 2024-05-01 23:47:38
TRIAL 63 COMPLETE ✔
End Time: 2024-05-01 23:54:34
Total runtime for this trial (minutes/seconds): 06:56
----------------------------------------
Total hill visits: 73
Total prediction errors: 388
Total search depth: 1891801
Total times memory accessed: 6520316
Total times 24 >= t < 49: 17
Total times 49 >= t < 74: 3
Total times 74 >= t < 99: 1
Total times t == 99: 0
Total time steps survived: 1577
Total runtime so far (hours/minutes/seconds): 04:42:57
----------------------------------------

----------------------------------------
TRIAL 64 STARTED
----------------------------------------
Start Time: 2024-05-01 23:54:34
TRIAL 64 COMPLETE ✔
End Time: 2024-05-02 00:39:14
Total runtime for this trial (minutes/seconds): 44:40
----------------------------------------
Total hill visits: 75
Total prediction errors: 405
Total search depth: 2205385
Total times memory accessed: 7540999
Total times 24 >= t < 49: 17
Total times 49 >= t < 74: 3
Total times 74 >= t < 99: 1
Total times t == 99: 0
Total time steps survived: 1676
Total runtime so far (hours/minutes/seconds): 05:27:37
----------------------------------------

----------------------------------------
TRIAL 65 STARTED
----------------------------------------
Start Time: 2024-05-02 00:39:14
TRIAL 65 COMPLETE ✔
End Time: 2024-05-02 00:49:16
Total runtime for this trial (minutes/seconds): 10:02
----------------------------------------
Total hill visits: 76
Total prediction errors: 411
Total search depth: 2275369
Total times memory accessed: 7767522
Total times 24 >= t < 49: 18
Total times 49 >= t < 74: 3
Total times 74 >= t < 99: 1
Total times t == 99: 0
Total time steps survived: 1712
Total runtime so far (hours/minutes/seconds): 05:37:39
----------------------------------------

----------------------------------------
TRIAL 66 STARTED
----------------------------------------
Start Time: 2024-05-02 00:49:16
TRIAL 66 COMPLETE ✔
End Time: 2024-05-02 01:01:58
Total runtime for this trial (minutes/seconds): 12:41
----------------------------------------
Total hill visits: 77
Total prediction errors: 425
Total search depth: 2362957
Total times memory accessed: 8054408
Total times 24 >= t < 49: 19
Total times 49 >= t < 74: 3
Total times 74 >= t < 99: 1
Total times t == 99: 0
Total time steps survived: 1755
Total runtime so far (hours/minutes/seconds): 05:50:21
----------------------------------------

----------------------------------------
TRIAL 67 STARTED
----------------------------------------
Start Time: 2024-05-02 01:01:58
TRIAL 67 COMPLETE ✔
End Time: 2024-05-02 01:09:09
Total runtime for this trial (minutes/seconds): 07:10
----------------------------------------
Total hill visits: 78
Total prediction errors: 428
Total search depth: 2414378
Total times memory accessed: 8217575
Total times 24 >= t < 49: 20
Total times 49 >= t < 74: 3
Total times 74 >= t < 99: 1
Total times t == 99: 0
Total time steps survived: 1780
Total runtime so far (hours/minutes/seconds): 05:57:32
----------------------------------------

----------------------------------------
TRIAL 68 STARTED
----------------------------------------
Start Time: 2024-05-02 01:09:09
TRIAL 68 COMPLETE ✔
End Time: 2024-05-02 01:31:36
Total runtime for this trial (minutes/seconds): 22:26
----------------------------------------
Total hill visits: 81
Total prediction errors: 438
Total search depth: 2571072
Total times memory accessed: 8732472
Total times 24 >= t < 49: 21
Total times 49 >= t < 74: 3
Total times 74 >= t < 99: 1
Total times t == 99: 0
Total time steps survived: 1825
Total runtime so far (hours/minutes/seconds): 06:19:58
----------------------------------------

----------------------------------------
TRIAL 69 STARTED
----------------------------------------
Start Time: 2024-05-02 01:31:36
TRIAL 69 COMPLETE ✔
End Time: 2024-05-02 01:46:06
Total runtime for this trial (minutes/seconds): 14:30
----------------------------------------
Total hill visits: 82
Total prediction errors: 445
Total search depth: 2669251
Total times memory accessed: 9067295
Total times 24 >= t < 49: 22
Total times 49 >= t < 74: 3
Total times 74 >= t < 99: 1
Total times t == 99: 0
Total time steps survived: 1850
Total runtime so far (hours/minutes/seconds): 06:34:29
----------------------------------------

----------------------------------------
TRIAL 70 STARTED
----------------------------------------
Start Time: 2024-05-02 01:46:06
TRIAL 70 COMPLETE ✔
End Time: 2024-05-02 01:56:22
Total runtime for this trial (minutes/seconds): 10:16
----------------------------------------
Total hill visits: 83
Total prediction errors: 450
Total search depth: 2739128
Total times memory accessed: 9303271
Total times 24 >= t < 49: 23
Total times 49 >= t < 74: 3
Total times 74 >= t < 99: 1
Total times t == 99: 0
Total time steps survived: 1895
Total runtime so far (hours/minutes/seconds): 06:44:45
----------------------------------------

----------------------------------------
TRIAL 71 STARTED
----------------------------------------
Start Time: 2024-05-02 01:56:22
TRIAL 71 COMPLETE ✔
End Time: 2024-05-02 02:10:48
Total runtime for this trial (minutes/seconds): 14:25
----------------------------------------
Total hill visits: 84
Total prediction errors: 456
Total search depth: 2835411
Total times memory accessed: 9635416
Total times 24 >= t < 49: 23
Total times 49 >= t < 74: 3
Total times 74 >= t < 99: 1
Total times t == 99: 0
Total time steps survived: 1917
Total runtime so far (hours/minutes/seconds): 06:59:10
----------------------------------------

----------------------------------------
TRIAL 72 STARTED
----------------------------------------
Start Time: 2024-05-02 02:10:48
TRIAL 72 COMPLETE ✔
End Time: 2024-05-02 02:48:57
Total runtime for this trial (minutes/seconds): 38:09
----------------------------------------
Total hill visits: 88
Total prediction errors: 469
Total search depth: 3101732
Total times memory accessed: 10492765
Total times 24 >= t < 49: 23
Total times 49 >= t < 74: 3
Total times 74 >= t < 99: 1
Total times t == 99: 0
Total time steps survived: 2016
Total runtime so far (hours/minutes/seconds): 07:37:20
----------------------------------------

----------------------------------------
TRIAL 73 STARTED
----------------------------------------
Start Time: 2024-05-02 02:48:57
TRIAL 73 COMPLETE ✔
End Time: 2024-05-02 02:57:12
Total runtime for this trial (minutes/seconds): 08:14
----------------------------------------
Total hill visits: 89
Total prediction errors: 472
Total search depth: 3157256
Total times memory accessed: 10680190
Total times 24 >= t < 49: 23
Total times 49 >= t < 74: 3
Total times 74 >= t < 99: 1
Total times t == 99: 0
Total time steps survived: 2036
Total runtime so far (hours/minutes/seconds): 07:45:35
----------------------------------------

----------------------------------------
TRIAL 74 STARTED
----------------------------------------
Start Time: 2024-05-02 02:57:12
TRIAL 74 COMPLETE ✔
End Time: 2024-05-02 03:23:07
Total runtime for this trial (minutes/seconds): 25:55
----------------------------------------
Total hill visits: 91
Total prediction errors: 482
Total search depth: 3344674
Total times memory accessed: 11265636
Total times 24 >= t < 49: 23
Total times 49 >= t < 74: 3
Total times 74 >= t < 99: 1
Total times t == 99: 1
Total time steps survived: 2134
Total runtime so far (hours/minutes/seconds): 08:11:30
----------------------------------------

----------------------------------------
TRIAL 75 STARTED
----------------------------------------
Start Time: 2024-05-02 03:23:08
TRIAL 75 COMPLETE ✔
End Time: 2024-05-02 03:28:00
Total runtime for this trial (minutes/seconds): 04:52
----------------------------------------
Total hill visits: 92
Total prediction errors: 484
Total search depth: 3379953
Total times memory accessed: 11375354
Total times 24 >= t < 49: 24
Total times 49 >= t < 74: 3
Total times 74 >= t < 99: 1
Total times t == 99: 1
Total time steps survived: 2159
Total runtime so far (hours/minutes/seconds): 08:16:23
----------------------------------------

----------------------------------------
TRIAL 76 STARTED
----------------------------------------
Start Time: 2024-05-02 03:28:00
TRIAL 76 COMPLETE ✔
End Time: 2024-05-02 03:54:55
Total runtime for this trial (minutes/seconds): 26:55
----------------------------------------
Total hill visits: 95
Total prediction errors: 494
Total search depth: 3581655
Total times memory accessed: 12001989
Total times 24 >= t < 49: 25
Total times 49 >= t < 74: 3
Total times 74 >= t < 99: 1
Total times t == 99: 1
Total time steps survived: 2204
Total runtime so far (hours/minutes/seconds): 08:43:18
----------------------------------------

----------------------------------------
TRIAL 77 STARTED
----------------------------------------
Start Time: 2024-05-02 03:54:55
TRIAL 77 COMPLETE ✔
End Time: 2024-05-02 03:58:43
Total runtime for this trial (minutes/seconds): 03:47
----------------------------------------
Total hill visits: 96
Total prediction errors: 495
Total search depth: 3608516
Total times memory accessed: 12087389
Total times 24 >= t < 49: 25
Total times 49 >= t < 74: 3
Total times 74 >= t < 99: 1
Total times t == 99: 1
Total time steps survived: 2226
Total runtime so far (hours/minutes/seconds): 08:47:05
----------------------------------------

----------------------------------------
TRIAL 78 STARTED
----------------------------------------
Start Time: 2024-05-02 03:58:43
TRIAL 78 COMPLETE ✔
End Time: 2024-05-02 04:33:20
Total runtime for this trial (minutes/seconds): 34:37
----------------------------------------
Total hill visits: 99
Total prediction errors: 508
Total search depth: 3858667
Total times memory accessed: 12854886
Total times 24 >= t < 49: 25
Total times 49 >= t < 74: 3
Total times 74 >= t < 99: 1
Total times t == 99: 1
Total time steps survived: 2325
Total runtime so far (hours/minutes/seconds): 09:21:43
----------------------------------------

----------------------------------------
TRIAL 79 STARTED
----------------------------------------
Start Time: 2024-05-02 04:33:20
TRIAL 79 COMPLETE ✔
End Time: 2024-05-02 04:44:56
Total runtime for this trial (minutes/seconds): 11:36
----------------------------------------
Total hill visits: 100
Total prediction errors: 517
Total search depth: 3941480
Total times memory accessed: 13119893
Total times 24 >= t < 49: 26
Total times 49 >= t < 74: 3
Total times 74 >= t < 99: 1
Total times t == 99: 1
Total time steps survived: 2350
Total runtime so far (hours/minutes/seconds): 09:33:19
----------------------------------------

----------------------------------------
TRIAL 80 STARTED
----------------------------------------
Start Time: 2024-05-02 04:44:56
TRIAL 80 COMPLETE ✔
End Time: 2024-05-02 04:49:51
Total runtime for this trial (minutes/seconds): 04:55
----------------------------------------
Total hill visits: 101
Total prediction errors: 519
Total search depth: 3977965
Total times memory accessed: 13232256
Total times 24 >= t < 49: 27
Total times 49 >= t < 74: 3
Total times 74 >= t < 99: 1
Total times t == 99: 1
Total time steps survived: 2375
Total runtime so far (hours/minutes/seconds): 09:38:14
----------------------------------------

----------------------------------------
TRIAL 81 STARTED
----------------------------------------
Start Time: 2024-05-02 04:49:51
TRIAL 81 COMPLETE ✔
End Time: 2024-05-02 05:16:53
Total runtime for this trial (minutes/seconds): 27:01
----------------------------------------
Total hill visits: 102
Total prediction errors: 529
Total search depth: 4168035
Total times memory accessed: 13842252
Total times 24 >= t < 49: 27
Total times 49 >= t < 74: 4
Total times 74 >= t < 99: 1
Total times t == 99: 1
Total time steps survived: 2426
Total runtime so far (hours/minutes/seconds): 10:05:16
----------------------------------------

----------------------------------------
TRIAL 82 STARTED
----------------------------------------
Start Time: 2024-05-02 05:16:53
TRIAL 82 COMPLETE ✔
End Time: 2024-05-02 05:19:47
Total runtime for this trial (minutes/seconds): 02:53
----------------------------------------
Total hill visits: 103
Total prediction errors: 532
Total search depth: 4186440
Total times memory accessed: 13902349
Total times 24 >= t < 49: 27
Total times 49 >= t < 74: 4
Total times 74 >= t < 99: 1
Total times t == 99: 1
Total time steps survived: 2446
Total runtime so far (hours/minutes/seconds): 10:08:10
----------------------------------------

----------------------------------------
TRIAL 83 STARTED
----------------------------------------
Start Time: 2024-05-02 05:19:47
TRIAL 83 COMPLETE ✔
End Time: 2024-05-02 05:49:43
Total runtime for this trial (minutes/seconds): 29:55
----------------------------------------
Total hill visits: 106
Total prediction errors: 546
Total search depth: 4402640
Total times memory accessed: 14556781
Total times 24 >= t < 49: 27
Total times 49 >= t < 74: 4
Total times 74 >= t < 99: 2
Total times t == 99: 1
Total time steps survived: 2534
Total runtime so far (hours/minutes/seconds): 10:38:05
----------------------------------------

----------------------------------------
TRIAL 84 STARTED
----------------------------------------
Start Time: 2024-05-02 05:49:43
TRIAL 84 COMPLETE ✔
End Time: 2024-05-02 06:19:55
Total runtime for this trial (minutes/seconds): 30:12
----------------------------------------
Total hill visits: 108
Total prediction errors: 555
Total search depth: 4617930
Total times memory accessed: 15238295
Total times 24 >= t < 49: 27
Total times 49 >= t < 74: 4
Total times 74 >= t < 99: 2
Total times t == 99: 1
Total time steps survived: 2633
Total runtime so far (hours/minutes/seconds): 11:08:18
----------------------------------------

----------------------------------------
TRIAL 85 STARTED
----------------------------------------
Start Time: 2024-05-02 06:19:55
TRIAL 85 COMPLETE ✔
End Time: 2024-05-02 06:59:59
Total runtime for this trial (minutes/seconds): 40:03
----------------------------------------
Total hill visits: 110
Total prediction errors: 569
Total search depth: 4898105
Total times memory accessed: 16146700
Total times 24 >= t < 49: 27
Total times 49 >= t < 74: 4
Total times 74 >= t < 99: 3
Total times t == 99: 1
Total time steps survived: 2713
Total runtime so far (hours/minutes/seconds): 11:48:22
----------------------------------------

----------------------------------------
TRIAL 86 STARTED
----------------------------------------
Start Time: 2024-05-02 06:59:59
TRIAL 86 COMPLETE ✔
End Time: 2024-05-02 07:25:06
Total runtime for this trial (minutes/seconds): 25:06
----------------------------------------
Total hill visits: 111
Total prediction errors: 579
Total search depth: 5083632
Total times memory accessed: 16711405
Total times 24 >= t < 49: 27
Total times 49 >= t < 74: 5
Total times 74 >= t < 99: 3
Total times t == 99: 1
Total time steps survived: 2776
Total runtime so far (hours/minutes/seconds): 12:13:29
----------------------------------------

----------------------------------------
TRIAL 87 STARTED
----------------------------------------
Start Time: 2024-05-02 07:25:06
TRIAL 87 COMPLETE ✔
End Time: 2024-05-02 07:31:22
Total runtime for this trial (minutes/seconds): 06:16
----------------------------------------
Total hill visits: 112
Total prediction errors: 583
Total search depth: 5131063
Total times memory accessed: 16854442
Total times 24 >= t < 49: 27
Total times 49 >= t < 74: 5
Total times 74 >= t < 99: 4
Total times t == 99: 1
Total time steps survived: 2849
Total runtime so far (hours/minutes/seconds): 12:19:45
----------------------------------------

----------------------------------------
TRIAL 88 STARTED
----------------------------------------
Start Time: 2024-05-02 07:31:22
TRIAL 88 COMPLETE ✔
End Time: 2024-05-02 07:49:54
Total runtime for this trial (minutes/seconds): 18:31
----------------------------------------
Total hill visits: 114
Total prediction errors: 596
Total search depth: 5263644
Total times memory accessed: 17271669
Total times 24 >= t < 49: 27
Total times 49 >= t < 74: 5
Total times 74 >= t < 99: 4
Total times t == 99: 1
Total time steps survived: 2948
Total runtime so far (hours/minutes/seconds): 12:38:16
----------------------------------------

----------------------------------------
TRIAL 89 STARTED
----------------------------------------
Start Time: 2024-05-02 07:49:54
TRIAL 89 COMPLETE ✔
End Time: 2024-05-02 08:28:30
Total runtime for this trial (minutes/seconds): 38:36
----------------------------------------
Total hill visits: 115
Total prediction errors: 609
Total search depth: 5540778
Total times memory accessed: 18135360
Total times 24 >= t < 49: 27
Total times 49 >= t < 74: 5
Total times 74 >= t < 99: 5
Total times t == 99: 1
Total time steps survived: 3037
Total runtime so far (hours/minutes/seconds): 13:16:53
----------------------------------------

----------------------------------------
TRIAL 90 STARTED
----------------------------------------
Start Time: 2024-05-02 08:28:30
TRIAL 90 COMPLETE ✔
End Time: 2024-05-02 08:33:10
Total runtime for this trial (minutes/seconds): 04:40
----------------------------------------
Total hill visits: 116
Total prediction errors: 610
Total search depth: 5573160
Total times memory accessed: 18241391
Total times 24 >= t < 49: 27
Total times 49 >= t < 74: 5
Total times 74 >= t < 99: 5
Total times t == 99: 1
Total time steps survived: 3059
Total runtime so far (hours/minutes/seconds): 13:21:33
----------------------------------------

----------------------------------------
TRIAL 91 STARTED
----------------------------------------
Start Time: 2024-05-02 08:33:10
TRIAL 91 COMPLETE ✔
End Time: 2024-05-02 09:08:26
Total runtime for this trial (minutes/seconds): 35:16
----------------------------------------
Total hill visits: 118
Total prediction errors: 628
Total search depth: 5826148
Total times memory accessed: 19038626
Total times 24 >= t < 49: 27
Total times 49 >= t < 74: 5
Total times 74 >= t < 99: 5
Total times t == 99: 1
Total time steps survived: 3158
Total runtime so far (hours/minutes/seconds): 13:56:49
----------------------------------------

----------------------------------------
TRIAL 92 STARTED
----------------------------------------
Start Time: 2024-05-02 09:08:26
TRIAL 92 COMPLETE ✔
End Time: 2024-05-02 09:48:36
Total runtime for this trial (minutes/seconds): 40:09
----------------------------------------
Total hill visits: 119
Total prediction errors: 638
Total search depth: 6121986
Total times memory accessed: 19946641
Total times 24 >= t < 49: 27
Total times 49 >= t < 74: 5
Total times 74 >= t < 99: 6
Total times t == 99: 1
Total time steps survived: 3237
Total runtime so far (hours/minutes/seconds): 14:36:59
----------------------------------------

----------------------------------------
TRIAL 93 STARTED
----------------------------------------
Start Time: 2024-05-02 09:48:36
TRIAL 93 COMPLETE ✔
End Time: 2024-05-02 10:02:07
Total runtime for this trial (minutes/seconds): 13:31
----------------------------------------
Total hill visits: 120
Total prediction errors: 643
Total search depth: 6218021
Total times memory accessed: 20265899
Total times 24 >= t < 49: 27
Total times 49 >= t < 74: 5
Total times 74 >= t < 99: 6
Total times t == 99: 1
Total time steps survived: 3257
Total runtime so far (hours/minutes/seconds): 14:50:30
----------------------------------------

----------------------------------------
TRIAL 94 STARTED
----------------------------------------
Start Time: 2024-05-02 10:02:07
TRIAL 94 COMPLETE ✔
End Time: 2024-05-02 10:56:36
Total runtime for this trial (minutes/seconds): 54:29
----------------------------------------
Total hill visits: 122
Total prediction errors: 661
Total search depth: 6606702
Total times memory accessed: 21498574
Total times 24 >= t < 49: 27
Total times 49 >= t < 74: 5
Total times 74 >= t < 99: 7
Total times t == 99: 1
Total time steps survived: 3343
Total runtime so far (hours/minutes/seconds): 15:44:59
----------------------------------------

----------------------------------------
TRIAL 95 STARTED
----------------------------------------
Start Time: 2024-05-02 10:56:36
TRIAL 95 COMPLETE ✔
End Time: 2024-05-02 11:20:27
Total runtime for this trial (minutes/seconds): 23:50
----------------------------------------
Total hill visits: 125
Total prediction errors: 672
Total search depth: 6771080
Total times memory accessed: 22043376
Total times 24 >= t < 49: 27
Total times 49 >= t < 74: 5
Total times 74 >= t < 99: 7
Total times t == 99: 2
Total time steps survived: 3441
Total runtime so far (hours/minutes/seconds): 16:08:50
----------------------------------------

----------------------------------------
TRIAL 96 STARTED
----------------------------------------
Start Time: 2024-05-02 11:20:27
TRIAL 96 COMPLETE ✔
End Time: 2024-05-02 11:56:11
Total runtime for this trial (minutes/seconds): 35:44
----------------------------------------
Total hill visits: 127
Total prediction errors: 680
Total search depth: 7041378
Total times memory accessed: 22847609
Total times 24 >= t < 49: 27
Total times 49 >= t < 74: 5
Total times 74 >= t < 99: 7
Total times t == 99: 2
Total time steps survived: 3540
Total runtime so far (hours/minutes/seconds): 16:44:34
----------------------------------------

----------------------------------------
TRIAL 97 STARTED
----------------------------------------
Start Time: 2024-05-02 11:56:11
TRIAL 97 COMPLETE ✔
End Time: 2024-05-02 12:09:50
Total runtime for this trial (minutes/seconds): 13:38
----------------------------------------
Total hill visits: 128
Total prediction errors: 686
Total search depth: 7139846
Total times memory accessed: 23156360
Total times 24 >= t < 49: 28
Total times 49 >= t < 74: 5
Total times 74 >= t < 99: 7
Total times t == 99: 2
Total time steps survived: 3569
Total runtime so far (hours/minutes/seconds): 16:58:12
----------------------------------------

----------------------------------------
TRIAL 98 STARTED
----------------------------------------
Start Time: 2024-05-02 12:09:50
TRIAL 98 COMPLETE ✔
End Time: 2024-05-02 12:27:49
Total runtime for this trial (minutes/seconds): 17:59
----------------------------------------
Total hill visits: 130
Total prediction errors: 691
Total search depth: 7268783
Total times memory accessed: 23559742
Total times 24 >= t < 49: 28
Total times 49 >= t < 74: 5
Total times 74 >= t < 99: 7
Total times t == 99: 2
Total time steps survived: 3668
Total runtime so far (hours/minutes/seconds): 17:16:12
----------------------------------------

----------------------------------------
TRIAL 99 STARTED
----------------------------------------
Start Time: 2024-05-02 12:27:49
TRIAL 99 COMPLETE ✔
End Time: 2024-05-02 12:49:41
Total runtime for this trial (minutes/seconds): 21:52
----------------------------------------
Total hill visits: 131
Total prediction errors: 698
Total search depth: 7430628
Total times memory accessed: 24059495
Total times 24 >= t < 49: 28
Total times 49 >= t < 74: 6
Total times 74 >= t < 99: 7
Total times t == 99: 2
Total time steps survived: 3726
Total runtime so far (hours/minutes/seconds): 17:38:04
----------------------------------------

----------------------------------------
TRIAL 100 STARTED
----------------------------------------
Start Time: 2024-05-02 12:49:41
TRIAL 100 COMPLETE ✔
End Time: 2024-05-02 13:14:47
Total runtime for this trial (minutes/seconds): 25:05
----------------------------------------
Total hill visits: 133
Total prediction errors: 705
Total search depth: 7624056
Total times memory accessed: 24648964
Total times 24 >= t < 49: 28
Total times 49 >= t < 74: 6
Total times 74 >= t < 99: 8
Total times t == 99: 2
Total time steps survived: 3805
Total runtime so far (hours/minutes/seconds): 18:03:10
----------------------------------------

----------------------------------------
TRIAL 101 STARTED
----------------------------------------
Start Time: 2024-05-02 13:14:47
TRIAL 101 COMPLETE ✔
End Time: 2024-05-02 13:56:33
Total runtime for this trial (minutes/seconds): 41:46
----------------------------------------
Total hill visits: 136
Total prediction errors: 719
Total search depth: 7939034
Total times memory accessed: 25636367
Total times 24 >= t < 49: 28
Total times 49 >= t < 74: 6
Total times 74 >= t < 99: 8
Total times t == 99: 2
Total time steps survived: 3904
Total runtime so far (hours/minutes/seconds): 18:44:56
----------------------------------------

----------------------------------------
TRIAL 102 STARTED
----------------------------------------
Start Time: 2024-05-02 13:56:33
TRIAL 102 COMPLETE ✔
End Time: 2024-05-02 14:39:26
Total runtime for this trial (minutes/seconds): 42:52
----------------------------------------
Total hill visits: 139
Total prediction errors: 738
Total search depth: 8268224
Total times memory accessed: 26652345
Total times 24 >= t < 49: 28
Total times 49 >= t < 74: 6
Total times 74 >= t < 99: 9
Total times t == 99: 2
Total time steps survived: 4000
Total runtime so far (hours/minutes/seconds): 19:27:49
----------------------------------------

----------------------------------------
TRIAL 103 STARTED
----------------------------------------
Start Time: 2024-05-02 14:39:26
TRIAL 103 COMPLETE ✔
End Time: 2024-05-02 15:08:24
Total runtime for this trial (minutes/seconds): 28:58
----------------------------------------
Total hill visits: 141
Total prediction errors: 749
Total search depth: 8491470
Total times memory accessed: 27341530
Total times 24 >= t < 49: 28
Total times 49 >= t < 74: 6
Total times 74 >= t < 99: 9
Total times t == 99: 2
Total time steps survived: 4099
Total runtime so far (hours/minutes/seconds): 19:56:47
----------------------------------------

----------------------------------------
TRIAL 104 STARTED
----------------------------------------
Start Time: 2024-05-02 15:08:24
TRIAL 104 COMPLETE ✔
End Time: 2024-05-02 15:45:43
Total runtime for this trial (minutes/seconds): 37:18
----------------------------------------
Total hill visits: 142
Total prediction errors: 762
Total search depth: 8769646
Total times memory accessed: 28231440
Total times 24 >= t < 49: 28
Total times 49 >= t < 74: 7
Total times 74 >= t < 99: 9
Total times t == 99: 2
Total time steps survived: 4148
Total runtime so far (hours/minutes/seconds): 20:34:06
----------------------------------------

----------------------------------------
TRIAL 105 STARTED
----------------------------------------
Start Time: 2024-05-02 15:45:43
TRIAL 105 COMPLETE ✔
End Time: 2024-05-02 16:09:16
Total runtime for this trial (minutes/seconds): 23:33
----------------------------------------
Total hill visits: 143
Total prediction errors: 765
Total search depth: 8958189
Total times memory accessed: 28784038
Total times 24 >= t < 49: 28
Total times 49 >= t < 74: 7
Total times 74 >= t < 99: 9
Total times t == 99: 2
Total time steps survived: 4247
Total runtime so far (hours/minutes/seconds): 20:57:39
----------------------------------------

----------------------------------------
TRIAL 106 STARTED
----------------------------------------
Start Time: 2024-05-02 16:09:16
TRIAL 106 COMPLETE ✔
End Time: 2024-05-02 16:16:49
Total runtime for this trial (minutes/seconds): 07:32
----------------------------------------
Total hill visits: 144
Total prediction errors: 769
Total search depth: 9015346
Total times memory accessed: 28960097
Total times 24 >= t < 49: 29
Total times 49 >= t < 74: 7
Total times 74 >= t < 99: 9
Total times t == 99: 2
Total time steps survived: 4275
Total runtime so far (hours/minutes/seconds): 21:05:12
----------------------------------------

----------------------------------------
TRIAL 107 STARTED
----------------------------------------
Start Time: 2024-05-02 16:16:49
TRIAL 107 COMPLETE ✔
End Time: 2024-05-02 16:38:56
Total runtime for this trial (minutes/seconds): 22:06
----------------------------------------
Total hill visits: 145
Total prediction errors: 778
Total search depth: 9185510
Total times memory accessed: 29483881
Total times 24 >= t < 49: 30
Total times 49 >= t < 74: 7
Total times 74 >= t < 99: 9
Total times t == 99: 2
Total time steps survived: 4322
Total runtime so far (hours/minutes/seconds): 21:27:19
----------------------------------------

----------------------------------------
TRIAL 108 STARTED
----------------------------------------
Start Time: 2024-05-02 16:38:56
TRIAL 108 COMPLETE ✔
End Time: 2024-05-02 16:51:25
Total runtime for this trial (minutes/seconds): 12:28
----------------------------------------
Total hill visits: 146
Total prediction errors: 785
Total search depth: 9281757
Total times memory accessed: 29790216
Total times 24 >= t < 49: 31
Total times 49 >= t < 74: 7
Total times 74 >= t < 99: 9
Total times t == 99: 2
Total time steps survived: 4354
Total runtime so far (hours/minutes/seconds): 21:39:48
----------------------------------------

----------------------------------------
TRIAL 109 STARTED
----------------------------------------
Start Time: 2024-05-02 16:51:25
TRIAL 109 COMPLETE ✔
End Time: 2024-05-02 16:56:48
Total runtime for this trial (minutes/seconds): 05:23
----------------------------------------
Total hill visits: 148
Total prediction errors: 792
Total search depth: 9323670
Total times memory accessed: 29918511
Total times 24 >= t < 49: 32
Total times 49 >= t < 74: 7
Total times 74 >= t < 99: 9
Total times t == 99: 2
Total time steps survived: 4389
Total runtime so far (hours/minutes/seconds): 21:45:11
----------------------------------------

----------------------------------------
TRIAL 110 STARTED
----------------------------------------
Start Time: 2024-05-02 16:56:48
TRIAL 110 COMPLETE ✔
End Time: 2024-05-02 17:25:28
Total runtime for this trial (minutes/seconds): 28:39
----------------------------------------
Total hill visits: 150
Total prediction errors: 806
Total search depth: 9547870
Total times memory accessed: 30595547
Total times 24 >= t < 49: 32
Total times 49 >= t < 74: 7
Total times 74 >= t < 99: 9
Total times t == 99: 2
Total time steps survived: 4488
Total runtime so far (hours/minutes/seconds): 22:13:51
----------------------------------------

----------------------------------------
TRIAL 111 STARTED
----------------------------------------
Start Time: 2024-05-02 17:25:28
TRIAL 111 COMPLETE ✔
End Time: 2024-05-02 17:38:43
Total runtime for this trial (minutes/seconds): 13:15
----------------------------------------
Total hill visits: 152
Total prediction errors: 813
Total search depth: 9650675
Total times memory accessed: 30910205
Total times 24 >= t < 49: 33
Total times 49 >= t < 74: 7
Total times 74 >= t < 99: 9
Total times t == 99: 2
Total time steps survived: 4522
Total runtime so far (hours/minutes/seconds): 22:27:06
----------------------------------------

----------------------------------------
TRIAL 112 STARTED
----------------------------------------
Start Time: 2024-05-02 17:38:44
TRIAL 112 COMPLETE ✔
End Time: 2024-05-02 17:57:58
Total runtime for this trial (minutes/seconds): 19:14
----------------------------------------
Total hill visits: 153
Total prediction errors: 821
Total search depth: 9803094
Total times memory accessed: 31368241
Total times 24 >= t < 49: 33
Total times 49 >= t < 74: 8
Total times 74 >= t < 99: 9
Total times t == 99: 2
Total time steps survived: 4592
Total runtime so far (hours/minutes/seconds): 22:46:21
----------------------------------------

----------------------------------------
TRIAL 113 STARTED
----------------------------------------
Start Time: 2024-05-02 17:57:58
TRIAL 113 COMPLETE ✔
End Time: 2024-05-02 18:05:25
Total runtime for this trial (minutes/seconds): 07:26
----------------------------------------
Total hill visits: 154
Total prediction errors: 825
Total search depth: 9861546
Total times memory accessed: 31543754
Total times 24 >= t < 49: 34
Total times 49 >= t < 74: 8
Total times 74 >= t < 99: 9
Total times t == 99: 2
Total time steps survived: 4628
Total runtime so far (hours/minutes/seconds): 22:53:47
----------------------------------------

----------------------------------------
TRIAL 114 STARTED
----------------------------------------
Start Time: 2024-05-02 18:05:25
TRIAL 114 COMPLETE ✔
End Time: 2024-05-02 18:20:19
Total runtime for this trial (minutes/seconds): 14:54
----------------------------------------
Total hill visits: 156
Total prediction errors: 831
Total search depth: 9972921
Total times memory accessed: 31901502
Total times 24 >= t < 49: 35
Total times 49 >= t < 74: 8
Total times 74 >= t < 99: 9
Total times t == 99: 2
Total time steps survived: 4663
Total runtime so far (hours/minutes/seconds): 23:08:42
----------------------------------------

----------------------------------------
TRIAL 115 STARTED
----------------------------------------
Start Time: 2024-05-02 18:20:19
TRIAL 115 COMPLETE ✔
End Time: 2024-05-02 18:36:22
Total runtime for this trial (minutes/seconds): 16:03
----------------------------------------
Total hill visits: 158
Total prediction errors: 839
Total search depth: 10096148
Total times memory accessed: 32280182
Total times 24 >= t < 49: 36
Total times 49 >= t < 74: 8
Total times 74 >= t < 99: 9
Total times t == 99: 2
Total time steps survived: 4709
Total runtime so far (hours/minutes/seconds): 23:24:45
----------------------------------------

----------------------------------------
TRIAL 116 STARTED
----------------------------------------
Start Time: 2024-05-02 18:36:22
TRIAL 116 COMPLETE ✔
End Time: 2024-05-02 18:58:02
Total runtime for this trial (minutes/seconds): 21:40
----------------------------------------
Total hill visits: 159
Total prediction errors: 849
Total search depth: 10263510
Total times memory accessed: 32790217
Total times 24 >= t < 49: 36
Total times 49 >= t < 74: 9
Total times 74 >= t < 99: 9
Total times t == 99: 2
Total time steps survived: 4770
Total runtime so far (hours/minutes/seconds): 23:46:25
----------------------------------------

----------------------------------------
TRIAL 117 STARTED
----------------------------------------
Start Time: 2024-05-02 18:58:02
TRIAL 117 COMPLETE ✔
End Time: 2024-05-02 19:21:47
Total runtime for this trial (minutes/seconds): 23:44
----------------------------------------
Total hill visits: 161
Total prediction errors: 857
Total search depth: 10449248
Total times memory accessed: 33343435
Total times 24 >= t < 49: 36
Total times 49 >= t < 74: 10
Total times 74 >= t < 99: 9
Total times t == 99: 2
Total time steps survived: 4831
Total runtime so far (hours/minutes/seconds): 00:10:10
----------------------------------------

----------------------------------------
TRIAL 118 STARTED
----------------------------------------
Start Time: 2024-05-02 19:21:47
TRIAL 118 COMPLETE ✔
End Time: 2024-05-02 19:33:53
Total runtime for this trial (minutes/seconds): 12:05
----------------------------------------
Total hill visits: 162
Total prediction errors: 862
Total search depth: 10535160
Total times memory accessed: 33631051
Total times 24 >= t < 49: 37
Total times 49 >= t < 74: 10
Total times 74 >= t < 99: 9
Total times t == 99: 2
Total time steps survived: 4865
Total runtime so far (hours/minutes/seconds): 00:22:16
----------------------------------------

----------------------------------------
TRIAL 119 STARTED
----------------------------------------
Start Time: 2024-05-02 19:33:53
TRIAL 119 COMPLETE ✔
End Time: 2024-05-02 20:08:01
Total runtime for this trial (minutes/seconds): 34:08
----------------------------------------
Total hill visits: 165
Total prediction errors: 874
Total search depth: 10793611
Total times memory accessed: 34428787
Total times 24 >= t < 49: 37
Total times 49 >= t < 74: 10
Total times 74 >= t < 99: 9
Total times t == 99: 2
Total time steps survived: 4964
Total runtime so far (hours/minutes/seconds): 00:56:24
----------------------------------------

----------------------------------------
TRIAL 120 STARTED
----------------------------------------
Start Time: 2024-05-02 20:08:01
TRIAL 120 COMPLETE ✔
End Time: 2024-05-02 20:34:09
Total runtime for this trial (minutes/seconds): 26:07
----------------------------------------
Total hill visits: 168
Total prediction errors: 885
Total search depth: 10994083
Total times memory accessed: 35042083
Total times 24 >= t < 49: 37
Total times 49 >= t < 74: 10
Total times 74 >= t < 99: 9
Total times t == 99: 2
Total time steps survived: 5063
Total runtime so far (hours/minutes/seconds): 01:22:31
----------------------------------------
EXPERIMENT COMPLETE ✔.
End Time: 2024-05-02 20:34:09
TOTAL RUNTIME (hours/minutes/seconds): 01:22:31
Traceback (most recent call last):
  File "/home/grmstj001/MATLAB-experiments/Sophisticated-Learning/src/Python/main.py", line 24, in <module>
    main(algorithm=args.algorithm, seed=args.seed)
  File "/home/grmstj001/MATLAB-experiments/Sophisticated-Learning/src/Python/main.py", line 8, in main
    si_experiment(seed)
  File "/home/grmstj001/MATLAB-experiments/Sophisticated-Learning/src/Python/algorithms/sophisticated_inference/sophisticated_inference.py", line 354, in experiment
    logging.info(f"AVERAGE RUNTIME PER TIME STEP: {round_half_up((runtime.total_seconds() / total_t), 3)} seconds")
NameError: name 'round_half_up' is not defined
/var/tmp/slurmd.spool/job2116089/slurm_script: line 32: deactivatepython: command not found
