Running main with ALGORITHM=SI, SEED=34, HORIZON=2, K_FACTOR=0.7, ROOT_FOLDER=/home/grmstj001, MCT=3, NUM_MCT=100, AUTO_REST=

                            < M A T L A B (R) >
                  Copyright 1984-2024 The MathWorks, Inc.
                  R2024a (24.1.0.2537033) 64-bit (glnxa64)
                             February 21, 2024

 
To get started, type doc.
For product information, visit www.mathworks.com.
 
Algorithm: SI
Seed: 34
Horizon: 2
K-factor: 0.70
Root folder: /home/grmstj001
MCT: 3
Number of MCT: 100
Auto restore: 0
Results file name: 

ans = 

  struct with fields:

     Type: 'twister'
     Seed: 34
    State: [625x1 uint32]


----------------------------------------
TRIAL 1 STARTED
----------------------------------------
Start Time: 2024-05-13 13:29:47
At time step 21 the agent is dead
The agent had 2 food, 0 water, and 5 sleep.
The total tree search depth for this trial was 1937. 
The agent accessed its memory 22337 times. 
The agent cleared its short-term memory 9 times. 
     State prediction error memory resets: 8. 
     Hill memory resets: 1. 
TRIAL 1 COMPLETE ✔
End Time: 2024-05-13 13:29:53
Total runtime for this trial (minutes/seconds): 00:06
----------------------------------------
Total hill visits: 1. 
Total prediction errors: 8. 
Total search depth: 1937. 
Total times memory accessed: 22337. 
Total times 25 >= t <= 50: 0. 
Total times 50 >= t <= 75: 0. 
Total times 75 >= t <= 100: 0. 
Total times t == 100: 0. 
Total time steps survived: 22. 
Total runtime so far (hours/minutes/seconds): 00:00:06
----------------------------------------

----------------------------------------
TRIAL 2 STARTED
----------------------------------------
Start Time: 2024-05-13 13:29:53
At time step 21 the agent is dead
The agent had 2 food, 0 water, and 5 sleep.
The total tree search depth for this trial was 1436. 
The agent accessed its memory 19295 times. 
The agent cleared its short-term memory 6 times. 
     State prediction error memory resets: 5. 
     Hill memory resets: 1. 
TRIAL 2 COMPLETE ✔
End Time: 2024-05-13 13:29:57
Total runtime for this trial (minutes/seconds): 00:04
----------------------------------------
Total hill visits: 2. 
Total prediction errors: 13. 
Total search depth: 3373. 
Total times memory accessed: 41632. 
Total times 25 >= t <= 50: 0. 
Total times 50 >= t <= 75: 0. 
Total times 75 >= t <= 100: 0. 
Total times t == 100: 0. 
Total time steps survived: 44. 
Total runtime so far (hours/minutes/seconds): 00:00:10
----------------------------------------

----------------------------------------
TRIAL 3 STARTED
----------------------------------------
Start Time: 2024-05-13 13:29:56
At time step 26 the agent is dead
The agent had 2 food, 1 water, and 0 sleep.
The total tree search depth for this trial was 19231. 
The agent accessed its memory 273888 times. 
The agent cleared its short-term memory 8 times. 
     State prediction error memory resets: 8. 
     Hill memory resets: 0. 
TRIAL 3 COMPLETE ✔
End Time: 2024-05-13 13:30:17
Total runtime for this trial (minutes/seconds): 00:21
----------------------------------------
Total hill visits: 2. 
Total prediction errors: 21. 
Total search depth: 22604. 
Total times memory accessed: 315520. 
Total times 25 >= t <= 50: 1. 
Total times 50 >= t <= 75: 0. 
Total times 75 >= t <= 100: 0. 
Total times t == 100: 0. 
Total time steps survived: 71. 
Total runtime so far (hours/minutes/seconds): 00:00:30
----------------------------------------

----------------------------------------
TRIAL 4 STARTED
----------------------------------------
Start Time: 2024-05-13 13:30:16
At time step 23 the agent is dead
The agent had 0 food, 10 water, and 3 sleep.
The total tree search depth for this trial was 40453. 
The agent accessed its memory 496828 times. 
The agent cleared its short-term memory 10 times. 
     State prediction error memory resets: 9. 
     Hill memory resets: 1. 
TRIAL 4 COMPLETE ✔
End Time: 2024-05-13 13:30:58
Total runtime for this trial (minutes/seconds): 00:42
----------------------------------------
Total hill visits: 3. 
Total prediction errors: 30. 
Total search depth: 63057. 
Total times memory accessed: 812348. 
Total times 25 >= t <= 50: 1. 
Total times 50 >= t <= 75: 0. 
Total times 75 >= t <= 100: 0. 
Total times t == 100: 0. 
Total time steps survived: 95. 
Total runtime so far (hours/minutes/seconds): 00:01:11
----------------------------------------

----------------------------------------
TRIAL 5 STARTED
----------------------------------------
Start Time: 2024-05-13 13:30:57
At time step 26 the agent is dead
The agent had 2 food, 1 water, and 0 sleep.
The total tree search depth for this trial was 30629. 
The agent accessed its memory 355349 times. 
The agent cleared its short-term memory 15 times. 
     State prediction error memory resets: 15. 
     Hill memory resets: 0. 
TRIAL 5 COMPLETE ✔
End Time: 2024-05-13 13:31:33
Total runtime for this trial (minutes/seconds): 00:36
----------------------------------------
Total hill visits: 3. 
Total prediction errors: 45. 
Total search depth: 93686. 
Total times memory accessed: 1167697. 
Total times 25 >= t <= 50: 2. 
Total times 50 >= t <= 75: 0. 
Total times 75 >= t <= 100: 0. 
Total times t == 100: 0. 
Total time steps survived: 122. 
Total runtime so far (hours/minutes/seconds): 00:01:46
----------------------------------------

----------------------------------------
TRIAL 6 STARTED
----------------------------------------
Start Time: 2024-05-13 13:31:32
At time step 21 the agent is dead
The agent had 2 food, 0 water, and 5 sleep.
The total tree search depth for this trial was 1720. 
The agent accessed its memory 25483 times. 
The agent cleared its short-term memory 1 times. 
     State prediction error memory resets: 1. 
     Hill memory resets: 0. 
TRIAL 6 COMPLETE ✔
End Time: 2024-05-13 13:31:37
Total runtime for this trial (minutes/seconds): 00:05
----------------------------------------
Total hill visits: 3. 
Total prediction errors: 46. 
Total search depth: 95406. 
Total times memory accessed: 1193180. 
Total times 25 >= t <= 50: 2. 
Total times 50 >= t <= 75: 0. 
Total times 75 >= t <= 100: 0. 
Total times t == 100: 0. 
Total time steps survived: 144. 
Total runtime so far (hours/minutes/seconds): 00:01:50
----------------------------------------

----------------------------------------
TRIAL 7 STARTED
----------------------------------------
Start Time: 2024-05-13 13:31:36
At time step 21 the agent is dead
The agent had 2 food, 0 water, and 5 sleep.
The total tree search depth for this trial was 15636. 
The agent accessed its memory 187354 times. 
The agent cleared its short-term memory 16 times. 
     State prediction error memory resets: 16. 
     Hill memory resets: 0. 
TRIAL 7 COMPLETE ✔
End Time: 2024-05-13 13:31:59
Total runtime for this trial (minutes/seconds): 00:23
----------------------------------------
Total hill visits: 3. 
Total prediction errors: 62. 
Total search depth: 111042. 
Total times memory accessed: 1380534. 
Total times 25 >= t <= 50: 2. 
Total times 50 >= t <= 75: 0. 
Total times 75 >= t <= 100: 0. 
Total times t == 100: 0. 
Total time steps survived: 166. 
Total runtime so far (hours/minutes/seconds): 00:02:12
----------------------------------------

----------------------------------------
TRIAL 8 STARTED
----------------------------------------
Start Time: 2024-05-13 13:31:58
At time step 21 the agent is dead
The agent had 2 food, 0 water, and 5 sleep.
The total tree search depth for this trial was 8507. 
The agent accessed its memory 95111 times. 
The agent cleared its short-term memory 10 times. 
     State prediction error memory resets: 9. 
     Hill memory resets: 1. 
TRIAL 8 COMPLETE ✔
End Time: 2024-05-13 13:32:13
Total runtime for this trial (minutes/seconds): 00:15
----------------------------------------
Total hill visits: 4. 
Total prediction errors: 71. 
Total search depth: 119549. 
Total times memory accessed: 1475645. 
Total times 25 >= t <= 50: 2. 
Total times 50 >= t <= 75: 0. 
Total times 75 >= t <= 100: 0. 
Total times t == 100: 0. 
Total time steps survived: 188. 
Total runtime so far (hours/minutes/seconds): 00:02:26
----------------------------------------

----------------------------------------
TRIAL 9 STARTED
----------------------------------------
Start Time: 2024-05-13 13:32:12
At time step 21 the agent is dead
The agent had 2 food, 0 water, and 5 sleep.
The total tree search depth for this trial was 3168. 
The agent accessed its memory 35247 times. 
The agent cleared its short-term memory 10 times. 
     State prediction error memory resets: 10. 
     Hill memory resets: 0. 
TRIAL 9 COMPLETE ✔
End Time: 2024-05-13 13:32:19
Total runtime for this trial (minutes/seconds): 00:07
----------------------------------------
Total hill visits: 4. 
Total prediction errors: 81. 
Total search depth: 122717. 
Total times memory accessed: 1510892. 
Total times 25 >= t <= 50: 2. 
Total times 50 >= t <= 75: 0. 
Total times 75 >= t <= 100: 0. 
Total times t == 100: 0. 
Total time steps survived: 210. 
Total runtime so far (hours/minutes/seconds): 00:02:32
----------------------------------------

----------------------------------------
TRIAL 10 STARTED
----------------------------------------
Start Time: 2024-05-13 13:32:18
At time step 21 the agent is dead
The agent had 2 food, 0 water, and 24 sleep.
The total tree search depth for this trial was 8424. 
The agent accessed its memory 95982 times. 
The agent cleared its short-term memory 10 times. 
     State prediction error memory resets: 9. 
     Hill memory resets: 1. 
TRIAL 10 COMPLETE ✔
End Time: 2024-05-13 13:32:32
Total runtime for this trial (minutes/seconds): 00:14
----------------------------------------
Total hill visits: 5. 
Total prediction errors: 90. 
Total search depth: 131141. 
Total times memory accessed: 1606874. 
Total times 25 >= t <= 50: 2. 
Total times 50 >= t <= 75: 0. 
Total times 75 >= t <= 100: 0. 
Total times t == 100: 0. 
Total time steps survived: 232. 
Total runtime so far (hours/minutes/seconds): 00:02:45
----------------------------------------

----------------------------------------
TRIAL 11 STARTED
----------------------------------------
Start Time: 2024-05-13 13:32:31
At time step 21 the agent is dead
The agent had 2 food, 0 water, and 5 sleep.
The total tree search depth for this trial was 3992. 
The agent accessed its memory 41489 times. 
The agent cleared its short-term memory 7 times. 
     State prediction error memory resets: 6. 
     Hill memory resets: 1. 
TRIAL 11 COMPLETE ✔
End Time: 2024-05-13 13:32:39
Total runtime for this trial (minutes/seconds): 00:08
----------------------------------------
Total hill visits: 6. 
Total prediction errors: 96. 
Total search depth: 135133. 
Total times memory accessed: 1648363. 
Total times 25 >= t <= 50: 2. 
Total times 50 >= t <= 75: 0. 
Total times 75 >= t <= 100: 0. 
Total times t == 100: 0. 
Total time steps survived: 254. 
Total runtime so far (hours/minutes/seconds): 00:02:52
----------------------------------------

----------------------------------------
TRIAL 12 STARTED
----------------------------------------
Start Time: 2024-05-13 13:32:38
At time step 21 the agent is dead
The agent had 2 food, 0 water, and 5 sleep.
The total tree search depth for this trial was 5745. 
The agent accessed its memory 51663 times. 
The agent cleared its short-term memory 12 times. 
     State prediction error memory resets: 10. 
     Hill memory resets: 2. 
TRIAL 12 COMPLETE ✔
End Time: 2024-05-13 13:32:49
Total runtime for this trial (minutes/seconds): 00:11
----------------------------------------
Total hill visits: 8. 
Total prediction errors: 106. 
Total search depth: 140878. 
Total times memory accessed: 1700026. 
Total times 25 >= t <= 50: 2. 
Total times 50 >= t <= 75: 0. 
Total times 75 >= t <= 100: 0. 
Total times t == 100: 0. 
Total time steps survived: 276. 
Total runtime so far (hours/minutes/seconds): 00:03:02
----------------------------------------

----------------------------------------
TRIAL 13 STARTED
----------------------------------------
Start Time: 2024-05-13 13:32:48
At time step 21 the agent is dead
The agent had 2 food, 0 water, and 15 sleep.
The total tree search depth for this trial was 24793. 
The agent accessed its memory 217808 times. 
The agent cleared its short-term memory 12 times. 
     State prediction error memory resets: 11. 
     Hill memory resets: 1. 
TRIAL 13 COMPLETE ✔
End Time: 2024-05-13 13:33:22
Total runtime for this trial (minutes/seconds): 00:34
----------------------------------------
Total hill visits: 9. 
Total prediction errors: 117. 
Total search depth: 165671. 
Total times memory accessed: 1917834. 
Total times 25 >= t <= 50: 2. 
Total times 50 >= t <= 75: 0. 
Total times 75 >= t <= 100: 0. 
Total times t == 100: 0. 
Total time steps survived: 298. 
Total runtime so far (hours/minutes/seconds): 00:03:35
----------------------------------------

----------------------------------------
TRIAL 14 STARTED
----------------------------------------
Start Time: 2024-05-13 13:33:21
At time step 21 the agent is dead
The agent had 2 food, 0 water, and 5 sleep.
The total tree search depth for this trial was 2670. 
The agent accessed its memory 34171 times. 
The agent cleared its short-term memory 8 times. 
     State prediction error memory resets: 8. 
     Hill memory resets: 0. 
TRIAL 14 COMPLETE ✔
End Time: 2024-05-13 13:33:26
Total runtime for this trial (minutes/seconds): 00:05
----------------------------------------
Total hill visits: 9. 
Total prediction errors: 125. 
Total search depth: 168341. 
Total times memory accessed: 1952005. 
Total times 25 >= t <= 50: 2. 
Total times 50 >= t <= 75: 0. 
Total times 75 >= t <= 100: 0. 
Total times t == 100: 0. 
Total time steps survived: 320. 
Total runtime so far (hours/minutes/seconds): 00:03:39
----------------------------------------

----------------------------------------
TRIAL 15 STARTED
----------------------------------------
Start Time: 2024-05-13 13:33:25
At time step 21 the agent is dead
The agent had 2 food, 0 water, and 5 sleep.
The total tree search depth for this trial was 11597. 
The agent accessed its memory 115389 times. 
The agent cleared its short-term memory 14 times. 
     State prediction error memory resets: 12. 
     Hill memory resets: 2. 
TRIAL 15 COMPLETE ✔
End Time: 2024-05-13 13:33:42
Total runtime for this trial (minutes/seconds): 00:17
----------------------------------------
Total hill visits: 11. 
Total prediction errors: 137. 
Total search depth: 179938. 
Total times memory accessed: 2067394. 
Total times 25 >= t <= 50: 2. 
Total times 50 >= t <= 75: 0. 
Total times 75 >= t <= 100: 0. 
Total times t == 100: 0. 
Total time steps survived: 342. 
Total runtime so far (hours/minutes/seconds): 00:03:55
----------------------------------------

----------------------------------------
TRIAL 16 STARTED
----------------------------------------
Start Time: 2024-05-13 13:33:41
At time step 21 the agent is dead
The agent had 21 food, 0 water, and 5 sleep.
The total tree search depth for this trial was 9011. 
The agent accessed its memory 105019 times. 
The agent cleared its short-term memory 12 times. 
     State prediction error memory resets: 11. 
     Hill memory resets: 1. 
TRIAL 16 COMPLETE ✔
End Time: 2024-05-13 13:33:55
Total runtime for this trial (minutes/seconds): 00:14
----------------------------------------
Total hill visits: 12. 
Total prediction errors: 148. 
Total search depth: 188949. 
Total times memory accessed: 2172413. 
Total times 25 >= t <= 50: 2. 
Total times 50 >= t <= 75: 0. 
Total times 75 >= t <= 100: 0. 
Total times t == 100: 0. 
Total time steps survived: 364. 
Total runtime so far (hours/minutes/seconds): 00:04:08
----------------------------------------

----------------------------------------
TRIAL 17 STARTED
----------------------------------------
Start Time: 2024-05-13 13:33:54
At time step 21 the agent is dead
The agent had 2 food, 0 water, and 23 sleep.
The total tree search depth for this trial was 11132. 
The agent accessed its memory 126632 times. 
The agent cleared its short-term memory 13 times. 
     State prediction error memory resets: 13. 
     Hill memory resets: 0. 
TRIAL 17 COMPLETE ✔
End Time: 2024-05-13 13:34:15
Total runtime for this trial (minutes/seconds): 00:21
----------------------------------------
Total hill visits: 12. 
Total prediction errors: 161. 
Total search depth: 200081. 
Total times memory accessed: 2299045. 
Total times 25 >= t <= 50: 2. 
Total times 50 >= t <= 75: 0. 
Total times 75 >= t <= 100: 0. 
Total times t == 100: 0. 
Total time steps survived: 386. 
Total runtime so far (hours/minutes/seconds): 00:04:28
----------------------------------------

----------------------------------------
TRIAL 18 STARTED
----------------------------------------
Start Time: 2024-05-13 13:34:14
At time step 21 the agent is dead
The agent had 2 food, 0 water, and 13 sleep.
The total tree search depth for this trial was 9856. 
The agent accessed its memory 91731 times. 
The agent cleared its short-term memory 13 times. 
     State prediction error memory resets: 12. 
     Hill memory resets: 1. 
TRIAL 18 COMPLETE ✔
End Time: 2024-05-13 13:34:29
Total runtime for this trial (minutes/seconds): 00:15
----------------------------------------
Total hill visits: 13. 
Total prediction errors: 173. 
Total search depth: 209937. 
Total times memory accessed: 2390776. 
Total times 25 >= t <= 50: 2. 
Total times 50 >= t <= 75: 0. 
Total times 75 >= t <= 100: 0. 
Total times t == 100: 0. 
Total time steps survived: 408. 
Total runtime so far (hours/minutes/seconds): 00:04:42
----------------------------------------

----------------------------------------
TRIAL 19 STARTED
----------------------------------------
Start Time: 2024-05-13 13:34:28
At time step 23 the agent is dead
The agent had 0 food, 19 water, and 13 sleep.
The total tree search depth for this trial was 27474. 
The agent accessed its memory 213093 times. 
The agent cleared its short-term memory 3 times. 
     State prediction error memory resets: 2. 
     Hill memory resets: 1. 
TRIAL 19 COMPLETE ✔
End Time: 2024-05-13 13:35:02
Total runtime for this trial (minutes/seconds): 00:34
----------------------------------------
Total hill visits: 14. 
Total prediction errors: 175. 
Total search depth: 237411. 
Total times memory accessed: 2603869. 
Total times 25 >= t <= 50: 2. 
Total times 50 >= t <= 75: 0. 
Total times 75 >= t <= 100: 0. 
Total times t == 100: 0. 
Total time steps survived: 432. 
Total runtime so far (hours/minutes/seconds): 00:05:15
----------------------------------------

----------------------------------------
TRIAL 20 STARTED
----------------------------------------
Start Time: 2024-05-13 13:35:01
At time step 23 the agent is dead
The agent had 0 food, 5 water, and 3 sleep.
The total tree search depth for this trial was 55068. 
The agent accessed its memory 529428 times. 
The agent cleared its short-term memory 11 times. 
     State prediction error memory resets: 10. 
     Hill memory resets: 1. 
TRIAL 20 COMPLETE ✔
End Time: 2024-05-13 13:36:08
Total runtime for this trial (minutes/seconds): 01:07
----------------------------------------
Total hill visits: 15. 
Total prediction errors: 185. 
Total search depth: 292479. 
Total times memory accessed: 3133297. 
Total times 25 >= t <= 50: 2. 
Total times 50 >= t <= 75: 0. 
Total times 75 >= t <= 100: 0. 
Total times t == 100: 0. 
Total time steps survived: 456. 
Total runtime so far (hours/minutes/seconds): 00:06:21
----------------------------------------

----------------------------------------
TRIAL 21 STARTED
----------------------------------------
Start Time: 2024-05-13 13:36:07
At time step 21 the agent is dead
The agent had 2 food, 0 water, and 12 sleep.
The total tree search depth for this trial was 38231. 
The agent accessed its memory 298854 times. 
The agent cleared its short-term memory 10 times. 
     State prediction error memory resets: 9. 
     Hill memory resets: 1. 
TRIAL 21 COMPLETE ✔
End Time: 2024-05-13 13:36:55
Total runtime for this trial (minutes/seconds): 00:48
----------------------------------------
Total hill visits: 16. 
Total prediction errors: 194. 
Total search depth: 330710. 
Total times memory accessed: 3432151. 
Total times 25 >= t <= 50: 2. 
Total times 50 >= t <= 75: 0. 
Total times 75 >= t <= 100: 0. 
Total times t == 100: 0. 
Total time steps survived: 478. 
Total runtime so far (hours/minutes/seconds): 00:07:08
----------------------------------------

----------------------------------------
TRIAL 22 STARTED
----------------------------------------
Start Time: 2024-05-13 13:36:54
At time step 21 the agent is dead
The agent had 2 food, 0 water, and 5 sleep.
The total tree search depth for this trial was 5623. 
The agent accessed its memory 59540 times. 
The agent cleared its short-term memory 11 times. 
     State prediction error memory resets: 10. 
     Hill memory resets: 1. 
TRIAL 22 COMPLETE ✔
End Time: 2024-05-13 13:37:03
Total runtime for this trial (minutes/seconds): 00:09
----------------------------------------
Total hill visits: 17. 
Total prediction errors: 204. 
Total search depth: 336333. 
Total times memory accessed: 3491691. 
Total times 25 >= t <= 50: 2. 
Total times 50 >= t <= 75: 0. 
Total times 75 >= t <= 100: 0. 
Total times t == 100: 0. 
Total time steps survived: 500. 
Total runtime so far (hours/minutes/seconds): 00:07:16
----------------------------------------

----------------------------------------
TRIAL 23 STARTED
----------------------------------------
Start Time: 2024-05-13 13:37:02
At time step 21 the agent is dead
The agent had 2 food, 0 water, and 5 sleep.
The total tree search depth for this trial was 17932. 
The agent accessed its memory 185170 times. 
The agent cleared its short-term memory 10 times. 
     State prediction error memory resets: 9. 
     Hill memory resets: 1. 
TRIAL 23 COMPLETE ✔
End Time: 2024-05-13 13:37:25
Total runtime for this trial (minutes/seconds): 00:23
----------------------------------------
Total hill visits: 18. 
Total prediction errors: 213. 
Total search depth: 354265. 
Total times memory accessed: 3676861. 
Total times 25 >= t <= 50: 2. 
Total times 50 >= t <= 75: 0. 
Total times 75 >= t <= 100: 0. 
Total times t == 100: 0. 
Total time steps survived: 522. 
Total runtime so far (hours/minutes/seconds): 00:07:38
----------------------------------------

----------------------------------------
TRIAL 24 STARTED
----------------------------------------
Start Time: 2024-05-13 13:37:24
At time step 21 the agent is dead
The agent had 2 food, 0 water, and 13 sleep.
The total tree search depth for this trial was 24901. 
The agent accessed its memory 180407 times. 
The agent cleared its short-term memory 15 times. 
     State prediction error memory resets: 14. 
     Hill memory resets: 1. 
TRIAL 24 COMPLETE ✔
End Time: 2024-05-13 13:37:59
Total runtime for this trial (minutes/seconds): 00:35
----------------------------------------
Total hill visits: 19. 
Total prediction errors: 227. 
Total search depth: 379166. 
Total times memory accessed: 3857268. 
Total times 25 >= t <= 50: 2. 
Total times 50 >= t <= 75: 0. 
Total times 75 >= t <= 100: 0. 
Total times t == 100: 0. 
Total time steps survived: 544. 
Total runtime so far (hours/minutes/seconds): 00:08:12
----------------------------------------

----------------------------------------
TRIAL 25 STARTED
----------------------------------------
Start Time: 2024-05-13 13:37:58
At time step 23 the agent is dead
The agent had 0 food, 13 water, and 11 sleep.
The total tree search depth for this trial was 44668. 
The agent accessed its memory 428034 times. 
The agent cleared its short-term memory 7 times. 
     State prediction error memory resets: 6. 
     Hill memory resets: 1. 
TRIAL 25 COMPLETE ✔
End Time: 2024-05-13 13:38:54
Total runtime for this trial (minutes/seconds): 00:56
----------------------------------------
Total hill visits: 20. 
Total prediction errors: 233. 
Total search depth: 423834. 
Total times memory accessed: 4285302. 
Total times 25 >= t <= 50: 2. 
Total times 50 >= t <= 75: 0. 
Total times 75 >= t <= 100: 0. 
Total times t == 100: 0. 
Total time steps survived: 568. 
Total runtime so far (hours/minutes/seconds): 00:09:07
----------------------------------------

----------------------------------------
TRIAL 26 STARTED
----------------------------------------
Start Time: 2024-05-13 13:38:53
