Running main with ALGORITHM=SI, SEED=21, HORIZON=2, K_FACTOR=0.7, ROOT_FOLDER=/home/grmstj001, MCT=3, NUM_MCT=100, AUTO_REST=

                            < M A T L A B (R) >
                  Copyright 1984-2024 The MathWorks, Inc.
                  R2024a (24.1.0.2537033) 64-bit (glnxa64)
                             February 21, 2024

 
To get started, type doc.
For product information, visit www.mathworks.com.
 
Algorithm: SI
Seed: 21
Horizon: 2
K-factor: 0.70
Root folder: /home/grmstj001
MCT: 3
Number of MCT: 100
Auto restore: 0
Results file name: 

ans = 

  struct with fields:

     Type: 'twister'
     Seed: 21
    State: [625x1 uint32]


----------------------------------------
TRIAL 1 STARTED
----------------------------------------
Start Time: 2024-05-13 13:29:47
At time step 21 the agent is dead
The agent had 2 food, 0 water, and 5 sleep.
The total tree search depth for this trial was 1405. 
The agent accessed its memory 10835 times. 
The agent cleared its short-term memory 11 times. 
     State prediction error memory resets: 10. 
     Hill memory resets: 1. 
TRIAL 1 COMPLETE ✔
End Time: 2024-05-13 13:29:56
Total runtime for this trial (minutes/seconds): 00:09
----------------------------------------
Total hill visits: 1. 
Total prediction errors: 10. 
Total search depth: 1405. 
Total times memory accessed: 10835. 
Total times 25 >= t <= 50: 0. 
Total times 50 >= t <= 75: 0. 
Total times 75 >= t <= 100: 0. 
Total times t == 100: 0. 
Total time steps survived: 22. 
Total runtime so far (hours/minutes/seconds): 00:00:09
----------------------------------------

----------------------------------------
TRIAL 2 STARTED
----------------------------------------
Start Time: 2024-05-13 13:29:55
At time step 23 the agent is dead
The agent had 0 food, 14 water, and 3 sleep.
The total tree search depth for this trial was 3132. 
The agent accessed its memory 49580 times. 
The agent cleared its short-term memory 4 times. 
     State prediction error memory resets: 3. 
     Hill memory resets: 1. 
TRIAL 2 COMPLETE ✔
End Time: 2024-05-13 13:30:00
Total runtime for this trial (minutes/seconds): 00:05
----------------------------------------
Total hill visits: 2. 
Total prediction errors: 13. 
Total search depth: 4537. 
Total times memory accessed: 60415. 
Total times 25 >= t <= 50: 0. 
Total times 50 >= t <= 75: 0. 
Total times 75 >= t <= 100: 0. 
Total times t == 100: 0. 
Total time steps survived: 46. 
Total runtime so far (hours/minutes/seconds): 00:00:13
----------------------------------------

----------------------------------------
TRIAL 3 STARTED
----------------------------------------
Start Time: 2024-05-13 13:29:59
At time step 21 the agent is dead
The agent had 2 food, 0 water, and 5 sleep.
The total tree search depth for this trial was 3332. 
The agent accessed its memory 43309 times. 
The agent cleared its short-term memory 11 times. 
     State prediction error memory resets: 11. 
     Hill memory resets: 0. 
TRIAL 3 COMPLETE ✔
End Time: 2024-05-13 13:30:05
Total runtime for this trial (minutes/seconds): 00:06
----------------------------------------
Total hill visits: 2. 
Total prediction errors: 24. 
Total search depth: 7869. 
Total times memory accessed: 103724. 
Total times 25 >= t <= 50: 0. 
Total times 50 >= t <= 75: 0. 
Total times 75 >= t <= 100: 0. 
Total times t == 100: 0. 
Total time steps survived: 68. 
Total runtime so far (hours/minutes/seconds): 00:00:18
----------------------------------------

----------------------------------------
TRIAL 4 STARTED
----------------------------------------
Start Time: 2024-05-13 13:30:04
At time step 21 the agent is dead
The agent had 2 food, 0 water, and 5 sleep.
The total tree search depth for this trial was 1854. 
The agent accessed its memory 27696 times. 
The agent cleared its short-term memory 3 times. 
     State prediction error memory resets: 3. 
     Hill memory resets: 0. 
TRIAL 4 COMPLETE ✔
End Time: 2024-05-13 13:30:09
Total runtime for this trial (minutes/seconds): 00:05
----------------------------------------
Total hill visits: 2. 
Total prediction errors: 27. 
Total search depth: 9723. 
Total times memory accessed: 131420. 
Total times 25 >= t <= 50: 0. 
Total times 50 >= t <= 75: 0. 
Total times 75 >= t <= 100: 0. 
Total times t == 100: 0. 
Total time steps survived: 90. 
Total runtime so far (hours/minutes/seconds): 00:00:22
----------------------------------------

----------------------------------------
TRIAL 5 STARTED
----------------------------------------
Start Time: 2024-05-13 13:30:08
At time step 21 the agent is dead
The agent had 2 food, 0 water, and 5 sleep.
The total tree search depth for this trial was 1710. 
The agent accessed its memory 18518 times. 
The agent cleared its short-term memory 11 times. 
     State prediction error memory resets: 11. 
     Hill memory resets: 0. 
TRIAL 5 COMPLETE ✔
End Time: 2024-05-13 13:30:12
Total runtime for this trial (minutes/seconds): 00:04
----------------------------------------
Total hill visits: 2. 
Total prediction errors: 38. 
Total search depth: 11433. 
Total times memory accessed: 149938. 
Total times 25 >= t <= 50: 0. 
Total times 50 >= t <= 75: 0. 
Total times 75 >= t <= 100: 0. 
Total times t == 100: 0. 
Total time steps survived: 112. 
Total runtime so far (hours/minutes/seconds): 00:00:25
----------------------------------------

----------------------------------------
TRIAL 6 STARTED
----------------------------------------
Start Time: 2024-05-13 13:30:11
At time step 21 the agent is dead
The agent had 2 food, 0 water, and 5 sleep.
The total tree search depth for this trial was 2050. 
The agent accessed its memory 20011 times. 
The agent cleared its short-term memory 5 times. 
     State prediction error memory resets: 4. 
     Hill memory resets: 1. 
TRIAL 6 COMPLETE ✔
End Time: 2024-05-13 13:30:16
Total runtime for this trial (minutes/seconds): 00:05
----------------------------------------
Total hill visits: 3. 
Total prediction errors: 42. 
Total search depth: 13483. 
Total times memory accessed: 169949. 
Total times 25 >= t <= 50: 0. 
Total times 50 >= t <= 75: 0. 
Total times 75 >= t <= 100: 0. 
Total times t == 100: 0. 
Total time steps survived: 134. 
Total runtime so far (hours/minutes/seconds): 00:00:29
----------------------------------------

----------------------------------------
TRIAL 7 STARTED
----------------------------------------
Start Time: 2024-05-13 13:30:15
At time step 21 the agent is dead
The agent had 2 food, 0 water, and 5 sleep.
The total tree search depth for this trial was 1703. 
The agent accessed its memory 21492 times. 
The agent cleared its short-term memory 10 times. 
     State prediction error memory resets: 10. 
     Hill memory resets: 0. 
TRIAL 7 COMPLETE ✔
End Time: 2024-05-13 13:30:20
Total runtime for this trial (minutes/seconds): 00:05
----------------------------------------
Total hill visits: 3. 
Total prediction errors: 52. 
Total search depth: 15186. 
Total times memory accessed: 191441. 
Total times 25 >= t <= 50: 0. 
Total times 50 >= t <= 75: 0. 
Total times 75 >= t <= 100: 0. 
Total times t == 100: 0. 
Total time steps survived: 156. 
Total runtime so far (hours/minutes/seconds): 00:00:33
----------------------------------------

----------------------------------------
TRIAL 8 STARTED
----------------------------------------
Start Time: 2024-05-13 13:30:19
At time step 21 the agent is dead
The agent had 2 food, 0 water, and 5 sleep.
The total tree search depth for this trial was 2185. 
The agent accessed its memory 19155 times. 
The agent cleared its short-term memory 13 times. 
     State prediction error memory resets: 12. 
     Hill memory resets: 1. 
TRIAL 8 COMPLETE ✔
End Time: 2024-05-13 13:30:24
Total runtime for this trial (minutes/seconds): 00:05
----------------------------------------
Total hill visits: 4. 
Total prediction errors: 64. 
Total search depth: 17371. 
Total times memory accessed: 210596. 
Total times 25 >= t <= 50: 0. 
Total times 50 >= t <= 75: 0. 
Total times 75 >= t <= 100: 0. 
Total times t == 100: 0. 
Total time steps survived: 178. 
Total runtime so far (hours/minutes/seconds): 00:00:37
----------------------------------------

----------------------------------------
TRIAL 9 STARTED
----------------------------------------
Start Time: 2024-05-13 13:30:23
At time step 23 the agent is dead
The agent had 0 food, 3 water, and 3 sleep.
The total tree search depth for this trial was 6689. 
The agent accessed its memory 63598 times. 
The agent cleared its short-term memory 14 times. 
     State prediction error memory resets: 13. 
     Hill memory resets: 1. 
TRIAL 9 COMPLETE ✔
End Time: 2024-05-13 13:30:34
Total runtime for this trial (minutes/seconds): 00:11
----------------------------------------
Total hill visits: 5. 
Total prediction errors: 77. 
Total search depth: 24060. 
Total times memory accessed: 274194. 
Total times 25 >= t <= 50: 0. 
Total times 50 >= t <= 75: 0. 
Total times 75 >= t <= 100: 0. 
Total times t == 100: 0. 
Total time steps survived: 202. 
Total runtime so far (hours/minutes/seconds): 00:00:47
----------------------------------------

----------------------------------------
TRIAL 10 STARTED
----------------------------------------
Start Time: 2024-05-13 13:30:33
At time step 21 the agent is dead
The agent had 2 food, 0 water, and 12 sleep.
The total tree search depth for this trial was 19232. 
The agent accessed its memory 220851 times. 
The agent cleared its short-term memory 18 times. 
     State prediction error memory resets: 17. 
     Hill memory resets: 1. 
TRIAL 10 COMPLETE ✔
End Time: 2024-05-13 13:31:02
Total runtime for this trial (minutes/seconds): 00:29
----------------------------------------
Total hill visits: 6. 
Total prediction errors: 94. 
Total search depth: 43292. 
Total times memory accessed: 495045. 
Total times 25 >= t <= 50: 0. 
Total times 50 >= t <= 75: 0. 
Total times 75 >= t <= 100: 0. 
Total times t == 100: 0. 
Total time steps survived: 224. 
Total runtime so far (hours/minutes/seconds): 00:01:15
----------------------------------------

----------------------------------------
TRIAL 11 STARTED
----------------------------------------
Start Time: 2024-05-13 13:31:01
At time step 21 the agent is dead
The agent had 2 food, 0 water, and 5 sleep.
The total tree search depth for this trial was 12443. 
The agent accessed its memory 104481 times. 
The agent cleared its short-term memory 11 times. 
     State prediction error memory resets: 11. 
     Hill memory resets: 0. 
TRIAL 11 COMPLETE ✔
End Time: 2024-05-13 13:31:23
Total runtime for this trial (minutes/seconds): 00:22
----------------------------------------
Total hill visits: 6. 
Total prediction errors: 105. 
Total search depth: 55735. 
Total times memory accessed: 599526. 
Total times 25 >= t <= 50: 0. 
Total times 50 >= t <= 75: 0. 
Total times 75 >= t <= 100: 0. 
Total times t == 100: 0. 
Total time steps survived: 246. 
Total runtime so far (hours/minutes/seconds): 00:01:36
----------------------------------------

----------------------------------------
TRIAL 12 STARTED
----------------------------------------
Start Time: 2024-05-13 13:31:22
At time step 21 the agent is dead
The agent had 2 food, 0 water, and 5 sleep.
The total tree search depth for this trial was 15806. 
The agent accessed its memory 154703 times. 
The agent cleared its short-term memory 9 times. 
     State prediction error memory resets: 9. 
     Hill memory resets: 0. 
TRIAL 12 COMPLETE ✔
End Time: 2024-05-13 13:31:49
Total runtime for this trial (minutes/seconds): 00:27
----------------------------------------
Total hill visits: 6. 
Total prediction errors: 114. 
Total search depth: 71541. 
Total times memory accessed: 754229. 
Total times 25 >= t <= 50: 0. 
Total times 50 >= t <= 75: 0. 
Total times 75 >= t <= 100: 0. 
Total times t == 100: 0. 
Total time steps survived: 268. 
Total runtime so far (hours/minutes/seconds): 00:02:02
----------------------------------------

----------------------------------------
TRIAL 13 STARTED
----------------------------------------
Start Time: 2024-05-13 13:31:48
At time step 21 the agent is dead
The agent had 2 food, 0 water, and 5 sleep.
The total tree search depth for this trial was 2946. 
The agent accessed its memory 26099 times. 
The agent cleared its short-term memory 10 times. 
     State prediction error memory resets: 9. 
     Hill memory resets: 1. 
TRIAL 13 COMPLETE ✔
End Time: 2024-05-13 13:31:54
Total runtime for this trial (minutes/seconds): 00:06
----------------------------------------
Total hill visits: 7. 
Total prediction errors: 123. 
Total search depth: 74487. 
Total times memory accessed: 780328. 
Total times 25 >= t <= 50: 0. 
Total times 50 >= t <= 75: 0. 
Total times 75 >= t <= 100: 0. 
Total times t == 100: 0. 
Total time steps survived: 290. 
Total runtime so far (hours/minutes/seconds): 00:02:07
----------------------------------------

----------------------------------------
TRIAL 14 STARTED
----------------------------------------
Start Time: 2024-05-13 13:31:53
At time step 21 the agent is dead
The agent had 2 food, 0 water, and 5 sleep.
The total tree search depth for this trial was 4212. 
The agent accessed its memory 35903 times. 
The agent cleared its short-term memory 9 times. 
     State prediction error memory resets: 8. 
     Hill memory resets: 1. 
TRIAL 14 COMPLETE ✔
End Time: 2024-05-13 13:32:02
Total runtime for this trial (minutes/seconds): 00:09
----------------------------------------
Total hill visits: 8. 
Total prediction errors: 131. 
Total search depth: 78699. 
Total times memory accessed: 816231. 
Total times 25 >= t <= 50: 0. 
Total times 50 >= t <= 75: 0. 
Total times 75 >= t <= 100: 0. 
Total times t == 100: 0. 
Total time steps survived: 312. 
Total runtime so far (hours/minutes/seconds): 00:02:15
----------------------------------------

----------------------------------------
TRIAL 15 STARTED
----------------------------------------
Start Time: 2024-05-13 13:32:01
At time step 21 the agent is dead
The agent had 2 food, 0 water, and 5 sleep.
The total tree search depth for this trial was 3959. 
The agent accessed its memory 47688 times. 
The agent cleared its short-term memory 13 times. 
     State prediction error memory resets: 13. 
     Hill memory resets: 0. 
TRIAL 15 COMPLETE ✔
End Time: 2024-05-13 13:32:10
Total runtime for this trial (minutes/seconds): 00:09
----------------------------------------
Total hill visits: 8. 
Total prediction errors: 144. 
Total search depth: 82658. 
Total times memory accessed: 863919. 
Total times 25 >= t <= 50: 0. 
Total times 50 >= t <= 75: 0. 
Total times 75 >= t <= 100: 0. 
Total times t == 100: 0. 
Total time steps survived: 334. 
Total runtime so far (hours/minutes/seconds): 00:02:23
----------------------------------------

----------------------------------------
TRIAL 16 STARTED
----------------------------------------
Start Time: 2024-05-13 13:32:09
At time step 21 the agent is dead
The agent had 2 food, 0 water, and 5 sleep.
The total tree search depth for this trial was 4496. 
The agent accessed its memory 40452 times. 
The agent cleared its short-term memory 14 times. 
     State prediction error memory resets: 12. 
     Hill memory resets: 2. 
TRIAL 16 COMPLETE ✔
End Time: 2024-05-13 13:32:18
Total runtime for this trial (minutes/seconds): 00:09
----------------------------------------
Total hill visits: 10. 
Total prediction errors: 156. 
Total search depth: 87154. 
Total times memory accessed: 904371. 
Total times 25 >= t <= 50: 0. 
Total times 50 >= t <= 75: 0. 
Total times 75 >= t <= 100: 0. 
Total times t == 100: 0. 
Total time steps survived: 356. 
Total runtime so far (hours/minutes/seconds): 00:02:31
----------------------------------------

----------------------------------------
TRIAL 17 STARTED
----------------------------------------
Start Time: 2024-05-13 13:32:17
At time step 21 the agent is dead
The agent had 16 food, 0 water, and 22 sleep.
The total tree search depth for this trial was 6748. 
The agent accessed its memory 55454 times. 
The agent cleared its short-term memory 7 times. 
     State prediction error memory resets: 6. 
     Hill memory resets: 1. 
TRIAL 17 COMPLETE ✔
End Time: 2024-05-13 13:32:28
Total runtime for this trial (minutes/seconds): 00:11
----------------------------------------
Total hill visits: 11. 
Total prediction errors: 162. 
Total search depth: 93902. 
Total times memory accessed: 959825. 
Total times 25 >= t <= 50: 0. 
Total times 50 >= t <= 75: 0. 
Total times 75 >= t <= 100: 0. 
Total times t == 100: 0. 
Total time steps survived: 378. 
Total runtime so far (hours/minutes/seconds): 00:02:41
----------------------------------------

----------------------------------------
TRIAL 18 STARTED
----------------------------------------
Start Time: 2024-05-13 13:32:27
At time step 21 the agent is dead
The agent had 2 food, 0 water, and 5 sleep.
The total tree search depth for this trial was 5882. 
The agent accessed its memory 46904 times. 
The agent cleared its short-term memory 7 times. 
     State prediction error memory resets: 6. 
     Hill memory resets: 1. 
TRIAL 18 COMPLETE ✔
End Time: 2024-05-13 13:32:38
Total runtime for this trial (minutes/seconds): 00:11
----------------------------------------
Total hill visits: 12. 
Total prediction errors: 168. 
Total search depth: 99784. 
Total times memory accessed: 1006729. 
Total times 25 >= t <= 50: 0. 
Total times 50 >= t <= 75: 0. 
Total times 75 >= t <= 100: 0. 
Total times t == 100: 0. 
Total time steps survived: 400. 
Total runtime so far (hours/minutes/seconds): 00:02:51
----------------------------------------

----------------------------------------
TRIAL 19 STARTED
----------------------------------------
Start Time: 2024-05-13 13:32:37
At time step 21 the agent is dead
The agent had 2 food, 0 water, and 5 sleep.
The total tree search depth for this trial was 5055. 
The agent accessed its memory 43320 times. 
The agent cleared its short-term memory 15 times. 
     State prediction error memory resets: 13. 
     Hill memory resets: 2. 
TRIAL 19 COMPLETE ✔
End Time: 2024-05-13 13:32:47
Total runtime for this trial (minutes/seconds): 00:10
----------------------------------------
Total hill visits: 14. 
Total prediction errors: 181. 
Total search depth: 104839. 
Total times memory accessed: 1050049. 
Total times 25 >= t <= 50: 0. 
Total times 50 >= t <= 75: 0. 
Total times 75 >= t <= 100: 0. 
Total times t == 100: 0. 
Total time steps survived: 422. 
Total runtime so far (hours/minutes/seconds): 00:03:00
----------------------------------------

----------------------------------------
TRIAL 20 STARTED
----------------------------------------
Start Time: 2024-05-13 13:32:46
At time step 26 the agent is dead
The agent had 7 food, 7 water, and 0 sleep.
The total tree search depth for this trial was 27903. 
The agent accessed its memory 202097 times. 
The agent cleared its short-term memory 6 times. 
     State prediction error memory resets: 5. 
     Hill memory resets: 1. 
TRIAL 20 COMPLETE ✔
End Time: 2024-05-13 13:33:23
Total runtime for this trial (minutes/seconds): 00:37
----------------------------------------
Total hill visits: 15. 
Total prediction errors: 186. 
Total search depth: 132742. 
Total times memory accessed: 1252146. 
Total times 25 >= t <= 50: 1. 
Total times 50 >= t <= 75: 0. 
Total times 75 >= t <= 100: 0. 
Total times t == 100: 0. 
Total time steps survived: 449. 
Total runtime so far (hours/minutes/seconds): 00:03:36
----------------------------------------

----------------------------------------
TRIAL 21 STARTED
----------------------------------------
Start Time: 2024-05-13 13:33:22
At time step 21 the agent is dead
The agent had 2 food, 0 water, and 5 sleep.
The total tree search depth for this trial was 10529. 
The agent accessed its memory 77143 times. 
The agent cleared its short-term memory 17 times. 
     State prediction error memory resets: 14. 
     Hill memory resets: 3. 
TRIAL 21 COMPLETE ✔
End Time: 2024-05-13 13:33:41
Total runtime for this trial (minutes/seconds): 00:19
----------------------------------------
Total hill visits: 18. 
Total prediction errors: 200. 
Total search depth: 143271. 
Total times memory accessed: 1329289. 
Total times 25 >= t <= 50: 1. 
Total times 50 >= t <= 75: 0. 
Total times 75 >= t <= 100: 0. 
Total times t == 100: 0. 
Total time steps survived: 471. 
Total runtime so far (hours/minutes/seconds): 00:03:54
----------------------------------------

----------------------------------------
TRIAL 22 STARTED
----------------------------------------
Start Time: 2024-05-13 13:33:40
At time step 37 the agent is dead
The agent had 0 food, 12 water, and 14 sleep.
The total tree search depth for this trial was 58934. 
The agent accessed its memory 417431 times. 
The agent cleared its short-term memory 24 times. 
     State prediction error memory resets: 22. 
     Hill memory resets: 2. 
TRIAL 22 COMPLETE ✔
End Time: 2024-05-13 13:35:02
Total runtime for this trial (minutes/seconds): 01:22
----------------------------------------
Total hill visits: 20. 
Total prediction errors: 222. 
Total search depth: 202205. 
Total times memory accessed: 1746720. 
Total times 25 >= t <= 50: 2. 
Total times 50 >= t <= 75: 0. 
Total times 75 >= t <= 100: 0. 
Total times t == 100: 0. 
Total time steps survived: 509. 
Total runtime so far (hours/minutes/seconds): 00:05:15
----------------------------------------

----------------------------------------
TRIAL 23 STARTED
----------------------------------------
Start Time: 2024-05-13 13:35:01
At time step 23 the agent is dead
The agent had 0 food, 6 water, and 3 sleep.
The total tree search depth for this trial was 10700. 
The agent accessed its memory 77703 times. 
The agent cleared its short-term memory 10 times. 
     State prediction error memory resets: 9. 
     Hill memory resets: 1. 
TRIAL 23 COMPLETE ✔
End Time: 2024-05-13 13:35:19
Total runtime for this trial (minutes/seconds): 00:18
----------------------------------------
Total hill visits: 21. 
Total prediction errors: 231. 
Total search depth: 212905. 
Total times memory accessed: 1824423. 
Total times 25 >= t <= 50: 2. 
Total times 50 >= t <= 75: 0. 
Total times 75 >= t <= 100: 0. 
Total times t == 100: 0. 
Total time steps survived: 533. 
Total runtime so far (hours/minutes/seconds): 00:05:32
----------------------------------------

----------------------------------------
TRIAL 24 STARTED
----------------------------------------
Start Time: 2024-05-13 13:35:18
At time step 26 the agent is dead
The agent had 21 food, 4 water, and 0 sleep.
The total tree search depth for this trial was 17212. 
The agent accessed its memory 117678 times. 
The agent cleared its short-term memory 12 times. 
     State prediction error memory resets: 11. 
     Hill memory resets: 1. 
TRIAL 24 COMPLETE ✔
End Time: 2024-05-13 13:35:46
Total runtime for this trial (minutes/seconds): 00:28
----------------------------------------
Total hill visits: 22. 
Total prediction errors: 242. 
Total search depth: 230117. 
Total times memory accessed: 1942101. 
Total times 25 >= t <= 50: 3. 
Total times 50 >= t <= 75: 0. 
Total times 75 >= t <= 100: 0. 
Total times t == 100: 0. 
Total time steps survived: 560. 
Total runtime so far (hours/minutes/seconds): 00:05:59
----------------------------------------

----------------------------------------
TRIAL 25 STARTED
----------------------------------------
Start Time: 2024-05-13 13:35:45
At time step 21 the agent is dead
The agent had 2 food, 0 water, and 5 sleep.
The total tree search depth for this trial was 16998. 
The agent accessed its memory 105515 times. 
The agent cleared its short-term memory 13 times. 
     State prediction error memory resets: 10. 
     Hill memory resets: 3. 
TRIAL 25 COMPLETE ✔
End Time: 2024-05-13 13:36:16
Total runtime for this trial (minutes/seconds): 00:31
----------------------------------------
Total hill visits: 25. 
Total prediction errors: 252. 
Total search depth: 247115. 
Total times memory accessed: 2047616. 
Total times 25 >= t <= 50: 3. 
Total times 50 >= t <= 75: 0. 
Total times 75 >= t <= 100: 0. 
Total times t == 100: 0. 
Total time steps survived: 582. 
Total runtime so far (hours/minutes/seconds): 00:06:29
----------------------------------------

----------------------------------------
TRIAL 26 STARTED
----------------------------------------
Start Time: 2024-05-13 13:36:15
At time step 21 the agent is dead
The agent had 2 food, 0 water, and 5 sleep.
The total tree search depth for this trial was 8678. 
The agent accessed its memory 65529 times. 
The agent cleared its short-term memory 13 times. 
     State prediction error memory resets: 12. 
     Hill memory resets: 1. 
TRIAL 26 COMPLETE ✔
End Time: 2024-05-13 13:36:31
Total runtime for this trial (minutes/seconds): 00:16
----------------------------------------
Total hill visits: 26. 
Total prediction errors: 264. 
Total search depth: 255793. 
Total times memory accessed: 2113145. 
Total times 25 >= t <= 50: 3. 
Total times 50 >= t <= 75: 0. 
Total times 75 >= t <= 100: 0. 
Total times t == 100: 0. 
Total time steps survived: 604. 
Total runtime so far (hours/minutes/seconds): 00:06:44
----------------------------------------

----------------------------------------
TRIAL 27 STARTED
----------------------------------------
Start Time: 2024-05-13 13:36:30
At time step 21 the agent is dead
The agent had 14 food, 0 water, and 5 sleep.
The total tree search depth for this trial was 12401. 
The agent accessed its memory 88071 times. 
The agent cleared its short-term memory 5 times. 
     State prediction error memory resets: 4. 
     Hill memory resets: 1. 
TRIAL 27 COMPLETE ✔
End Time: 2024-05-13 13:36:49
Total runtime for this trial (minutes/seconds): 00:19
----------------------------------------
Total hill visits: 27. 
Total prediction errors: 268. 
Total search depth: 268194. 
Total times memory accessed: 2201216. 
Total times 25 >= t <= 50: 3. 
Total times 50 >= t <= 75: 0. 
Total times 75 >= t <= 100: 0. 
Total times t == 100: 0. 
Total time steps survived: 626. 
Total runtime so far (hours/minutes/seconds): 00:07:02
----------------------------------------

----------------------------------------
TRIAL 28 STARTED
----------------------------------------
Start Time: 2024-05-13 13:36:48
At time step 23 the agent is dead
The agent had 0 food, 9 water, and 9 sleep.
The total tree search depth for this trial was 38858. 
The agent accessed its memory 266999 times. 
The agent cleared its short-term memory 13 times. 
     State prediction error memory resets: 12. 
     Hill memory resets: 1. 
TRIAL 28 COMPLETE ✔
End Time: 2024-05-13 13:37:41
Total runtime for this trial (minutes/seconds): 00:53
----------------------------------------
Total hill visits: 28. 
Total prediction errors: 280. 
Total search depth: 307052. 
Total times memory accessed: 2468215. 
Total times 25 >= t <= 50: 3. 
Total times 50 >= t <= 75: 0. 
Total times 75 >= t <= 100: 0. 
Total times t == 100: 0. 
Total time steps survived: 650. 
Total runtime so far (hours/minutes/seconds): 00:07:54
----------------------------------------

----------------------------------------
TRIAL 29 STARTED
----------------------------------------
Start Time: 2024-05-13 13:37:41
At time step 32 the agent is dead
The agent had 21 food, 10 water, and 0 sleep.
The total tree search depth for this trial was 45377. 
The agent accessed its memory 305927 times. 
The agent cleared its short-term memory 10 times. 
     State prediction error memory resets: 9. 
     Hill memory resets: 1. 
TRIAL 29 COMPLETE ✔
End Time: 2024-05-13 13:38:38
Total runtime for this trial (minutes/seconds): 00:57
----------------------------------------
Total hill visits: 29. 
Total prediction errors: 289. 
Total search depth: 352429. 
Total times memory accessed: 2774142. 
Total times 25 >= t <= 50: 4. 
Total times 50 >= t <= 75: 0. 
Total times 75 >= t <= 100: 0. 
Total times t == 100: 0. 
Total time steps survived: 683. 
Total runtime so far (hours/minutes/seconds): 00:08:51
----------------------------------------

----------------------------------------
TRIAL 30 STARTED
----------------------------------------
Start Time: 2024-05-13 13:38:37
At time step 21 the agent is dead
The agent had 2 food, 0 water, and 5 sleep.
The total tree search depth for this trial was 15603. 
The agent accessed its memory 155664 times. 
The agent cleared its short-term memory 9 times. 
     State prediction error memory resets: 9. 
     Hill memory resets: 0. 
TRIAL 30 COMPLETE ✔
End Time: 2024-05-13 13:39:00
Total runtime for this trial (minutes/seconds): 00:23
----------------------------------------
Total hill visits: 29. 
Total prediction errors: 298. 
Total search depth: 368032. 
Total times memory accessed: 2929806. 
Total times 25 >= t <= 50: 4. 
Total times 50 >= t <= 75: 0. 
Total times 75 >= t <= 100: 0. 
Total times t == 100: 0. 
Total time steps survived: 705. 
Total runtime so far (hours/minutes/seconds): 00:09:13
----------------------------------------

----------------------------------------
TRIAL 31 STARTED
----------------------------------------
Start Time: 2024-05-13 13:38:59
