Running main with ALGORITHM=SI, SEED=29, HORIZON=2, K_FACTOR=0.7, ROOT_FOLDER=/home/grmstj001, MCT=3, NUM_MCT=100, AUTO_REST=

                            < M A T L A B (R) >
                  Copyright 1984-2024 The MathWorks, Inc.
                  R2024a (24.1.0.2537033) 64-bit (glnxa64)
                             February 21, 2024

 
To get started, type doc.
For product information, visit www.mathworks.com.
 
Algorithm: SI
Seed: 29
Horizon: 2
K-factor: 0.70
Root folder: /home/grmstj001
MCT: 3
Number of MCT: 100
Auto restore: 0
Results file name: 

ans = 

  struct with fields:

     Type: 'twister'
     Seed: 29
    State: [625x1 uint32]


----------------------------------------
TRIAL 1 STARTED
----------------------------------------
Start Time: 2024-05-13 13:29:47
At time step 21 the agent is dead
The agent had 2 food, 0 water, and 5 sleep.
The total tree search depth for this trial was 1497. 
The agent accessed its memory 23706 times. 
The agent cleared its short-term memory 6 times. 
     State prediction error memory resets: 5. 
     Hill memory resets: 1. 
TRIAL 1 COMPLETE ✔
End Time: 2024-05-13 13:29:53
Total runtime for this trial (minutes/seconds): 00:06
----------------------------------------
Total hill visits: 1. 
Total prediction errors: 5. 
Total search depth: 1497. 
Total times memory accessed: 23706. 
Total times 25 >= t <= 50: 0. 
Total times 50 >= t <= 75: 0. 
Total times 75 >= t <= 100: 0. 
Total times t == 100: 0. 
Total time steps survived: 22. 
Total runtime so far (hours/minutes/seconds): 00:00:06
----------------------------------------

----------------------------------------
TRIAL 2 STARTED
----------------------------------------
Start Time: 2024-05-13 13:29:52
At time step 21 the agent is dead
The agent had 2 food, 0 water, and 5 sleep.
The total tree search depth for this trial was 1379. 
The agent accessed its memory 15139 times. 
The agent cleared its short-term memory 10 times. 
     State prediction error memory resets: 8. 
     Hill memory resets: 2. 
TRIAL 2 COMPLETE ✔
End Time: 2024-05-13 13:29:58
Total runtime for this trial (minutes/seconds): 00:06
----------------------------------------
Total hill visits: 3. 
Total prediction errors: 13. 
Total search depth: 2876. 
Total times memory accessed: 38845. 
Total times 25 >= t <= 50: 0. 
Total times 50 >= t <= 75: 0. 
Total times 75 >= t <= 100: 0. 
Total times t == 100: 0. 
Total time steps survived: 44. 
Total runtime so far (hours/minutes/seconds): 00:00:11
----------------------------------------

----------------------------------------
TRIAL 3 STARTED
----------------------------------------
Start Time: 2024-05-13 13:29:57
At time step 25 the agent is dead
The agent had 12 food, 0 water, and 22 sleep.
The total tree search depth for this trial was 20235. 
The agent accessed its memory 166438 times. 
The agent cleared its short-term memory 13 times. 
     State prediction error memory resets: 13. 
     Hill memory resets: 0. 
TRIAL 3 COMPLETE ✔
End Time: 2024-05-13 13:30:19
Total runtime for this trial (minutes/seconds): 00:22
----------------------------------------
Total hill visits: 3. 
Total prediction errors: 26. 
Total search depth: 23111. 
Total times memory accessed: 205283. 
Total times 25 >= t <= 50: 1. 
Total times 50 >= t <= 75: 0. 
Total times 75 >= t <= 100: 0. 
Total times t == 100: 0. 
Total time steps survived: 70. 
Total runtime so far (hours/minutes/seconds): 00:00:32
----------------------------------------

----------------------------------------
TRIAL 4 STARTED
----------------------------------------
Start Time: 2024-05-13 13:30:18
At time step 21 the agent is dead
The agent had 2 food, 0 water, and 5 sleep.
The total tree search depth for this trial was 5207. 
The agent accessed its memory 36755 times. 
The agent cleared its short-term memory 10 times. 
     State prediction error memory resets: 10. 
     Hill memory resets: 0. 
TRIAL 4 COMPLETE ✔
End Time: 2024-05-13 13:30:28
Total runtime for this trial (minutes/seconds): 00:10
----------------------------------------
Total hill visits: 3. 
Total prediction errors: 36. 
Total search depth: 28318. 
Total times memory accessed: 242038. 
Total times 25 >= t <= 50: 1. 
Total times 50 >= t <= 75: 0. 
Total times 75 >= t <= 100: 0. 
Total times t == 100: 0. 
Total time steps survived: 92. 
Total runtime so far (hours/minutes/seconds): 00:00:41
----------------------------------------

----------------------------------------
TRIAL 5 STARTED
----------------------------------------
Start Time: 2024-05-13 13:30:27
At time step 21 the agent is dead
The agent had 2 food, 0 water, and 5 sleep.
The total tree search depth for this trial was 1897. 
The agent accessed its memory 16479 times. 
The agent cleared its short-term memory 15 times. 
     State prediction error memory resets: 15. 
     Hill memory resets: 0. 
TRIAL 5 COMPLETE ✔
End Time: 2024-05-13 13:30:32
Total runtime for this trial (minutes/seconds): 00:05
----------------------------------------
Total hill visits: 3. 
Total prediction errors: 51. 
Total search depth: 30215. 
Total times memory accessed: 258517. 
Total times 25 >= t <= 50: 1. 
Total times 50 >= t <= 75: 0. 
Total times 75 >= t <= 100: 0. 
Total times t == 100: 0. 
Total time steps survived: 114. 
Total runtime so far (hours/minutes/seconds): 00:00:45
----------------------------------------

----------------------------------------
TRIAL 6 STARTED
----------------------------------------
Start Time: 2024-05-13 13:30:31
At time step 21 the agent is dead
The agent had 2 food, 0 water, and 5 sleep.
The total tree search depth for this trial was 2474. 
The agent accessed its memory 19791 times. 
The agent cleared its short-term memory 10 times. 
     State prediction error memory resets: 9. 
     Hill memory resets: 1. 
TRIAL 6 COMPLETE ✔
End Time: 2024-05-13 13:30:36
Total runtime for this trial (minutes/seconds): 00:05
----------------------------------------
Total hill visits: 4. 
Total prediction errors: 60. 
Total search depth: 32689. 
Total times memory accessed: 278308. 
Total times 25 >= t <= 50: 1. 
Total times 50 >= t <= 75: 0. 
Total times 75 >= t <= 100: 0. 
Total times t == 100: 0. 
Total time steps survived: 136. 
Total runtime so far (hours/minutes/seconds): 00:00:49
----------------------------------------

----------------------------------------
TRIAL 7 STARTED
----------------------------------------
Start Time: 2024-05-13 13:30:35
At time step 21 the agent is dead
The agent had 2 food, 0 water, and 5 sleep.
The total tree search depth for this trial was 4584. 
The agent accessed its memory 47710 times. 
The agent cleared its short-term memory 14 times. 
     State prediction error memory resets: 14. 
     Hill memory resets: 0. 
TRIAL 7 COMPLETE ✔
End Time: 2024-05-13 13:30:43
Total runtime for this trial (minutes/seconds): 00:08
----------------------------------------
Total hill visits: 4. 
Total prediction errors: 74. 
Total search depth: 37273. 
Total times memory accessed: 326018. 
Total times 25 >= t <= 50: 1. 
Total times 50 >= t <= 75: 0. 
Total times 75 >= t <= 100: 0. 
Total times t == 100: 0. 
Total time steps survived: 158. 
Total runtime so far (hours/minutes/seconds): 00:00:56
----------------------------------------

----------------------------------------
TRIAL 8 STARTED
----------------------------------------
Start Time: 2024-05-13 13:30:42
At time step 26 the agent is dead
The agent had 13 food, 8 water, and 0 sleep.
The total tree search depth for this trial was 43254. 
The agent accessed its memory 345526 times. 
The agent cleared its short-term memory 11 times. 
     State prediction error memory resets: 11. 
     Hill memory resets: 0. 
TRIAL 8 COMPLETE ✔
End Time: 2024-05-13 13:31:28
Total runtime for this trial (minutes/seconds): 00:46
----------------------------------------
Total hill visits: 4. 
Total prediction errors: 85. 
Total search depth: 80527. 
Total times memory accessed: 671544. 
Total times 25 >= t <= 50: 2. 
Total times 50 >= t <= 75: 0. 
Total times 75 >= t <= 100: 0. 
Total times t == 100: 0. 
Total time steps survived: 185. 
Total runtime so far (hours/minutes/seconds): 00:01:41
----------------------------------------

----------------------------------------
TRIAL 9 STARTED
----------------------------------------
Start Time: 2024-05-13 13:31:27
At time step 21 the agent is dead
The agent had 2 food, 0 water, and 5 sleep.
The total tree search depth for this trial was 2981. 
The agent accessed its memory 30912 times. 
The agent cleared its short-term memory 12 times. 
     State prediction error memory resets: 12. 
     Hill memory resets: 0. 
TRIAL 9 COMPLETE ✔
End Time: 2024-05-13 13:31:34
Total runtime for this trial (minutes/seconds): 00:07
----------------------------------------
Total hill visits: 4. 
Total prediction errors: 97. 
Total search depth: 83508. 
Total times memory accessed: 702456. 
Total times 25 >= t <= 50: 2. 
Total times 50 >= t <= 75: 0. 
Total times 75 >= t <= 100: 0. 
Total times t == 100: 0. 
Total time steps survived: 207. 
Total runtime so far (hours/minutes/seconds): 00:01:47
----------------------------------------

----------------------------------------
TRIAL 10 STARTED
----------------------------------------
Start Time: 2024-05-13 13:31:33
At time step 23 the agent is dead
The agent had 0 food, 15 water, and 3 sleep.
The total tree search depth for this trial was 3111. 
The agent accessed its memory 27521 times. 
The agent cleared its short-term memory 16 times. 
     State prediction error memory resets: 16. 
     Hill memory resets: 0. 
TRIAL 10 COMPLETE ✔
End Time: 2024-05-13 13:31:41
Total runtime for this trial (minutes/seconds): 00:08
----------------------------------------
Total hill visits: 4. 
Total prediction errors: 113. 
Total search depth: 86619. 
Total times memory accessed: 729977. 
Total times 25 >= t <= 50: 2. 
Total times 50 >= t <= 75: 0. 
Total times 75 >= t <= 100: 0. 
Total times t == 100: 0. 
Total time steps survived: 231. 
Total runtime so far (hours/minutes/seconds): 00:01:54
----------------------------------------

----------------------------------------
TRIAL 11 STARTED
----------------------------------------
Start Time: 2024-05-13 13:31:40
At time step 21 the agent is dead
The agent had 2 food, 0 water, and 5 sleep.
The total tree search depth for this trial was 1396. 
The agent accessed its memory 15345 times. 
The agent cleared its short-term memory 7 times. 
     State prediction error memory resets: 7. 
     Hill memory resets: 0. 
TRIAL 11 COMPLETE ✔
End Time: 2024-05-13 13:31:43
Total runtime for this trial (minutes/seconds): 00:03
----------------------------------------
Total hill visits: 4. 
Total prediction errors: 120. 
Total search depth: 88015. 
Total times memory accessed: 745322. 
Total times 25 >= t <= 50: 2. 
Total times 50 >= t <= 75: 0. 
Total times 75 >= t <= 100: 0. 
Total times t == 100: 0. 
Total time steps survived: 253. 
Total runtime so far (hours/minutes/seconds): 00:01:56
----------------------------------------

----------------------------------------
TRIAL 12 STARTED
----------------------------------------
Start Time: 2024-05-13 13:31:42
At time step 21 the agent is dead
The agent had 12 food, 0 water, and 5 sleep.
The total tree search depth for this trial was 16634. 
The agent accessed its memory 109255 times. 
The agent cleared its short-term memory 15 times. 
     State prediction error memory resets: 14. 
     Hill memory resets: 1. 
TRIAL 12 COMPLETE ✔
End Time: 2024-05-13 13:32:07
Total runtime for this trial (minutes/seconds): 00:25
----------------------------------------
Total hill visits: 5. 
Total prediction errors: 134. 
Total search depth: 104649. 
Total times memory accessed: 854577. 
Total times 25 >= t <= 50: 2. 
Total times 50 >= t <= 75: 0. 
Total times 75 >= t <= 100: 0. 
Total times t == 100: 0. 
Total time steps survived: 275. 
Total runtime so far (hours/minutes/seconds): 00:02:20
----------------------------------------

----------------------------------------
TRIAL 13 STARTED
----------------------------------------
Start Time: 2024-05-13 13:32:06
At time step 21 the agent is dead
The agent had 2 food, 0 water, and 5 sleep.
The total tree search depth for this trial was 7032. 
The agent accessed its memory 70382 times. 
The agent cleared its short-term memory 14 times. 
     State prediction error memory resets: 14. 
     Hill memory resets: 0. 
TRIAL 13 COMPLETE ✔
End Time: 2024-05-13 13:32:21
Total runtime for this trial (minutes/seconds): 00:15
----------------------------------------
Total hill visits: 5. 
Total prediction errors: 148. 
Total search depth: 111681. 
Total times memory accessed: 924959. 
Total times 25 >= t <= 50: 2. 
Total times 50 >= t <= 75: 0. 
Total times 75 >= t <= 100: 0. 
Total times t == 100: 0. 
Total time steps survived: 297. 
Total runtime so far (hours/minutes/seconds): 00:02:34
----------------------------------------

----------------------------------------
TRIAL 14 STARTED
----------------------------------------
Start Time: 2024-05-13 13:32:20
At time step 21 the agent is dead
The agent had 2 food, 0 water, and 5 sleep.
The total tree search depth for this trial was 7548. 
The agent accessed its memory 50205 times. 
The agent cleared its short-term memory 10 times. 
     State prediction error memory resets: 8. 
     Hill memory resets: 2. 
TRIAL 14 COMPLETE ✔
End Time: 2024-05-13 13:32:35
Total runtime for this trial (minutes/seconds): 00:15
----------------------------------------
Total hill visits: 7. 
Total prediction errors: 156. 
Total search depth: 119229. 
Total times memory accessed: 975164. 
Total times 25 >= t <= 50: 2. 
Total times 50 >= t <= 75: 0. 
Total times 75 >= t <= 100: 0. 
Total times t == 100: 0. 
Total time steps survived: 319. 
Total runtime so far (hours/minutes/seconds): 00:02:48
----------------------------------------

----------------------------------------
TRIAL 15 STARTED
----------------------------------------
Start Time: 2024-05-13 13:32:34
At time step 21 the agent is dead
The agent had 2 food, 0 water, and 18 sleep.
The total tree search depth for this trial was 7140. 
The agent accessed its memory 54858 times. 
The agent cleared its short-term memory 8 times. 
     State prediction error memory resets: 7. 
     Hill memory resets: 1. 
TRIAL 15 COMPLETE ✔
End Time: 2024-05-13 13:32:46
Total runtime for this trial (minutes/seconds): 00:12
----------------------------------------
Total hill visits: 8. 
Total prediction errors: 163. 
Total search depth: 126369. 
Total times memory accessed: 1030022. 
Total times 25 >= t <= 50: 2. 
Total times 50 >= t <= 75: 0. 
Total times 75 >= t <= 100: 0. 
Total times t == 100: 0. 
Total time steps survived: 341. 
Total runtime so far (hours/minutes/seconds): 00:02:59
----------------------------------------

----------------------------------------
TRIAL 16 STARTED
----------------------------------------
Start Time: 2024-05-13 13:32:45
At time step 21 the agent is dead
The agent had 2 food, 0 water, and 5 sleep.
The total tree search depth for this trial was 12195. 
The agent accessed its memory 114877 times. 
The agent cleared its short-term memory 10 times. 
     State prediction error memory resets: 10. 
     Hill memory resets: 0. 
TRIAL 16 COMPLETE ✔
End Time: 2024-05-13 13:33:06
Total runtime for this trial (minutes/seconds): 00:21
----------------------------------------
Total hill visits: 8. 
Total prediction errors: 173. 
Total search depth: 138564. 
Total times memory accessed: 1144899. 
Total times 25 >= t <= 50: 2. 
Total times 50 >= t <= 75: 0. 
Total times 75 >= t <= 100: 0. 
Total times t == 100: 0. 
Total time steps survived: 363. 
Total runtime so far (hours/minutes/seconds): 00:03:19
----------------------------------------

----------------------------------------
TRIAL 17 STARTED
----------------------------------------
Start Time: 2024-05-13 13:33:05
At time step 21 the agent is dead
The agent had 9 food, 0 water, and 5 sleep.
The total tree search depth for this trial was 13584. 
The agent accessed its memory 143223 times. 
The agent cleared its short-term memory 12 times. 
     State prediction error memory resets: 12. 
     Hill memory resets: 0. 
TRIAL 17 COMPLETE ✔
End Time: 2024-05-13 13:33:27
Total runtime for this trial (minutes/seconds): 00:22
----------------------------------------
Total hill visits: 8. 
Total prediction errors: 185. 
Total search depth: 152148. 
Total times memory accessed: 1288122. 
Total times 25 >= t <= 50: 2. 
Total times 50 >= t <= 75: 0. 
Total times 75 >= t <= 100: 0. 
Total times t == 100: 0. 
Total time steps survived: 385. 
Total runtime so far (hours/minutes/seconds): 00:03:40
----------------------------------------

----------------------------------------
TRIAL 18 STARTED
----------------------------------------
Start Time: 2024-05-13 13:33:26
At time step 21 the agent is dead
The agent had 2 food, 0 water, and 5 sleep.
The total tree search depth for this trial was 7457. 
The agent accessed its memory 79250 times. 
The agent cleared its short-term memory 9 times. 
     State prediction error memory resets: 9. 
     Hill memory resets: 0. 
TRIAL 18 COMPLETE ✔
End Time: 2024-05-13 13:33:37
Total runtime for this trial (minutes/seconds): 00:11
----------------------------------------
Total hill visits: 8. 
Total prediction errors: 194. 
Total search depth: 159605. 
Total times memory accessed: 1367372. 
Total times 25 >= t <= 50: 2. 
Total times 50 >= t <= 75: 0. 
Total times 75 >= t <= 100: 0. 
Total times t == 100: 0. 
Total time steps survived: 407. 
Total runtime so far (hours/minutes/seconds): 00:03:50
----------------------------------------

----------------------------------------
TRIAL 19 STARTED
----------------------------------------
Start Time: 2024-05-13 13:33:36
At time step 21 the agent is dead
The agent had 21 food, 0 water, and 5 sleep.
The total tree search depth for this trial was 7671. 
The agent accessed its memory 69632 times. 
The agent cleared its short-term memory 7 times. 
     State prediction error memory resets: 7. 
     Hill memory resets: 0. 
TRIAL 19 COMPLETE ✔
End Time: 2024-05-13 13:33:49
Total runtime for this trial (minutes/seconds): 00:13
----------------------------------------
Total hill visits: 8. 
Total prediction errors: 201. 
Total search depth: 167276. 
Total times memory accessed: 1437004. 
Total times 25 >= t <= 50: 2. 
Total times 50 >= t <= 75: 0. 
Total times 75 >= t <= 100: 0. 
Total times t == 100: 0. 
Total time steps survived: 429. 
Total runtime so far (hours/minutes/seconds): 00:04:02
----------------------------------------

----------------------------------------
TRIAL 20 STARTED
----------------------------------------
Start Time: 2024-05-13 13:33:48
At time step 26 the agent is dead
The agent had 11 food, 12 water, and 0 sleep.
The total tree search depth for this trial was 27841. 
The agent accessed its memory 206134 times. 
The agent cleared its short-term memory 11 times. 
     State prediction error memory resets: 10. 
     Hill memory resets: 1. 
TRIAL 20 COMPLETE ✔
End Time: 2024-05-13 13:34:20
Total runtime for this trial (minutes/seconds): 00:32
----------------------------------------
Total hill visits: 9. 
Total prediction errors: 211. 
Total search depth: 195117. 
Total times memory accessed: 1643138. 
Total times 25 >= t <= 50: 3. 
Total times 50 >= t <= 75: 0. 
Total times 75 >= t <= 100: 0. 
Total times t == 100: 0. 
Total time steps survived: 456. 
Total runtime so far (hours/minutes/seconds): 00:04:33
----------------------------------------

----------------------------------------
TRIAL 21 STARTED
----------------------------------------
Start Time: 2024-05-13 13:34:19
At time step 26 the agent is dead
The agent had 19 food, 15 water, and 0 sleep.
The total tree search depth for this trial was 36947. 
The agent accessed its memory 300016 times. 
The agent cleared its short-term memory 6 times. 
     State prediction error memory resets: 6. 
     Hill memory resets: 0. 
TRIAL 21 COMPLETE ✔
End Time: 2024-05-13 13:35:01
Total runtime for this trial (minutes/seconds): 00:42
----------------------------------------
Total hill visits: 9. 
Total prediction errors: 217. 
Total search depth: 232064. 
Total times memory accessed: 1943154. 
Total times 25 >= t <= 50: 4. 
Total times 50 >= t <= 75: 0. 
Total times 75 >= t <= 100: 0. 
Total times t == 100: 0. 
Total time steps survived: 483. 
Total runtime so far (hours/minutes/seconds): 00:05:14
----------------------------------------

----------------------------------------
TRIAL 22 STARTED
----------------------------------------
Start Time: 2024-05-13 13:35:00
At time step 23 the agent is dead
The agent had 0 food, 12 water, and 18 sleep.
The total tree search depth for this trial was 51255. 
The agent accessed its memory 391665 times. 
The agent cleared its short-term memory 18 times. 
     State prediction error memory resets: 17. 
     Hill memory resets: 1. 
TRIAL 22 COMPLETE ✔
End Time: 2024-05-13 13:36:09
Total runtime for this trial (minutes/seconds): 01:09
----------------------------------------
Total hill visits: 10. 
Total prediction errors: 234. 
Total search depth: 283319. 
Total times memory accessed: 2334819. 
Total times 25 >= t <= 50: 4. 
Total times 50 >= t <= 75: 0. 
Total times 75 >= t <= 100: 0. 
Total times t == 100: 0. 
Total time steps survived: 507. 
Total runtime so far (hours/minutes/seconds): 00:06:22
----------------------------------------

----------------------------------------
TRIAL 23 STARTED
----------------------------------------
Start Time: 2024-05-13 13:36:08
At time step 21 the agent is dead
The agent had 2 food, 0 water, and 5 sleep.
The total tree search depth for this trial was 15765. 
The agent accessed its memory 162945 times. 
The agent cleared its short-term memory 15 times. 
     State prediction error memory resets: 13. 
     Hill memory resets: 2. 
TRIAL 23 COMPLETE ✔
End Time: 2024-05-13 13:36:31
Total runtime for this trial (minutes/seconds): 00:23
----------------------------------------
Total hill visits: 12. 
Total prediction errors: 247. 
Total search depth: 299084. 
Total times memory accessed: 2497764. 
Total times 25 >= t <= 50: 4. 
Total times 50 >= t <= 75: 0. 
Total times 75 >= t <= 100: 0. 
Total times t == 100: 0. 
Total time steps survived: 529. 
Total runtime so far (hours/minutes/seconds): 00:06:44
----------------------------------------

----------------------------------------
TRIAL 24 STARTED
----------------------------------------
Start Time: 2024-05-13 13:36:30
At time step 26 the agent is dead
The agent had 5 food, 5 water, and 0 sleep.
The total tree search depth for this trial was 43961. 
The agent accessed its memory 368985 times. 
The agent cleared its short-term memory 10 times. 
     State prediction error memory resets: 10. 
     Hill memory resets: 0. 
TRIAL 24 COMPLETE ✔
End Time: 2024-05-13 13:37:26
Total runtime for this trial (minutes/seconds): 00:56
----------------------------------------
Total hill visits: 12. 
Total prediction errors: 257. 
Total search depth: 343045. 
Total times memory accessed: 2866749. 
Total times 25 >= t <= 50: 5. 
Total times 50 >= t <= 75: 0. 
Total times 75 >= t <= 100: 0. 
Total times t == 100: 0. 
Total time steps survived: 556. 
Total runtime so far (hours/minutes/seconds): 00:07:39
----------------------------------------

----------------------------------------
TRIAL 25 STARTED
----------------------------------------
Start Time: 2024-05-13 13:37:25
At time step 21 the agent is dead
The agent had 2 food, 0 water, and 5 sleep.
The total tree search depth for this trial was 13205. 
The agent accessed its memory 126288 times. 
The agent cleared its short-term memory 17 times. 
     State prediction error memory resets: 16. 
     Hill memory resets: 1. 
TRIAL 25 COMPLETE ✔
End Time: 2024-05-13 13:37:44
Total runtime for this trial (minutes/seconds): 00:19
----------------------------------------
Total hill visits: 13. 
Total prediction errors: 273. 
Total search depth: 356250. 
Total times memory accessed: 2993037. 
Total times 25 >= t <= 50: 5. 
Total times 50 >= t <= 75: 0. 
Total times 75 >= t <= 100: 0. 
Total times t == 100: 0. 
Total time steps survived: 578. 
Total runtime so far (hours/minutes/seconds): 00:07:57
----------------------------------------

----------------------------------------
TRIAL 26 STARTED
----------------------------------------
Start Time: 2024-05-13 13:37:43
At time step 21 the agent is dead
The agent had 2 food, 0 water, and 5 sleep.
The total tree search depth for this trial was 19942. 
The agent accessed its memory 191646 times. 
The agent cleared its short-term memory 4 times. 
     State prediction error memory resets: 4. 
     Hill memory resets: 0. 
TRIAL 26 COMPLETE ✔
End Time: 2024-05-13 13:38:08
Total runtime for this trial (minutes/seconds): 00:25
----------------------------------------
Total hill visits: 13. 
Total prediction errors: 277. 
Total search depth: 376192. 
Total times memory accessed: 3184683. 
Total times 25 >= t <= 50: 5. 
Total times 50 >= t <= 75: 0. 
Total times 75 >= t <= 100: 0. 
Total times t == 100: 0. 
Total time steps survived: 600. 
Total runtime so far (hours/minutes/seconds): 00:08:21
----------------------------------------

----------------------------------------
TRIAL 27 STARTED
----------------------------------------
Start Time: 2024-05-13 13:38:07
At time step 21 the agent is dead
The agent had 2 food, 0 water, and 5 sleep.
The total tree search depth for this trial was 9073. 
The agent accessed its memory 72547 times. 
The agent cleared its short-term memory 7 times. 
     State prediction error memory resets: 6. 
     Hill memory resets: 1. 
TRIAL 27 COMPLETE ✔
End Time: 2024-05-13 13:38:21
Total runtime for this trial (minutes/seconds): 00:14
----------------------------------------
Total hill visits: 14. 
Total prediction errors: 283. 
Total search depth: 385265. 
Total times memory accessed: 3257230. 
Total times 25 >= t <= 50: 5. 
Total times 50 >= t <= 75: 0. 
Total times 75 >= t <= 100: 0. 
Total times t == 100: 0. 
Total time steps survived: 622. 
Total runtime so far (hours/minutes/seconds): 00:08:34
----------------------------------------

----------------------------------------
TRIAL 28 STARTED
----------------------------------------
Start Time: 2024-05-13 13:38:20
