
----------------------------------------
TRIAL 1 STARTED
----------------------------------------
Start Time: 2024-05-01 20:21:14
TRIAL 1 COMPLETE ✔
End Time: 2024-05-01 20:21:18
Total runtime for this trial (minutes/seconds): 00:04
----------------------------------------
Total hill visits: 1
Total prediction errors: 2
Total search depth: 1112
Total times memory accessed: 1754
Total times 24 >= t < 49: 0
Total times 49 >= t < 74: 0
Total times 74 >= t < 99: 0
Total times t == 99: 0
Total time steps survived: 20
Total runtime so far (hours/minutes/seconds): 00:00:04
----------------------------------------

----------------------------------------
TRIAL 2 STARTED
----------------------------------------
Start Time: 2024-05-01 20:21:18
TRIAL 2 COMPLETE ✔
End Time: 2024-05-01 20:21:22
Total runtime for this trial (minutes/seconds): 00:03
----------------------------------------
Total hill visits: 3
Total prediction errors: 12
Total search depth: 1741
Total times memory accessed: 3278
Total times 24 >= t < 49: 0
Total times 49 >= t < 74: 0
Total times 74 >= t < 99: 0
Total times t == 99: 0
Total time steps survived: 40
Total runtime so far (hours/minutes/seconds): 00:00:08
----------------------------------------

----------------------------------------
TRIAL 3 STARTED
----------------------------------------
Start Time: 2024-05-01 20:21:22
TRIAL 3 COMPLETE ✔
End Time: 2024-05-01 20:21:28
Total runtime for this trial (minutes/seconds): 00:05
----------------------------------------
Total hill visits: 3
Total prediction errors: 12
Total search depth: 2972
Total times memory accessed: 5488
Total times 24 >= t < 49: 0
Total times 49 >= t < 74: 0
Total times 74 >= t < 99: 0
Total times t == 99: 0
Total time steps survived: 60
Total runtime so far (hours/minutes/seconds): 00:00:13
----------------------------------------

----------------------------------------
TRIAL 4 STARTED
----------------------------------------
Start Time: 2024-05-01 20:21:28
TRIAL 4 COMPLETE ✔
End Time: 2024-05-01 20:21:37
Total runtime for this trial (minutes/seconds): 00:08
----------------------------------------
Total hill visits: 5
Total prediction errors: 20
Total search depth: 4389
Total times memory accessed: 9335
Total times 24 >= t < 49: 0
Total times 49 >= t < 74: 0
Total times 74 >= t < 99: 0
Total times t == 99: 0
Total time steps survived: 80
Total runtime so far (hours/minutes/seconds): 00:00:22
----------------------------------------

----------------------------------------
TRIAL 5 STARTED
----------------------------------------
Start Time: 2024-05-01 20:21:37
TRIAL 5 COMPLETE ✔
End Time: 2024-05-01 20:21:42
Total runtime for this trial (minutes/seconds): 00:05
----------------------------------------
Total hill visits: 5
Total prediction errors: 29
Total search depth: 5187
Total times memory accessed: 11661
Total times 24 >= t < 49: 0
Total times 49 >= t < 74: 0
Total times 74 >= t < 99: 0
Total times t == 99: 0
Total time steps survived: 100
Total runtime so far (hours/minutes/seconds): 00:00:28
----------------------------------------

----------------------------------------
TRIAL 6 STARTED
----------------------------------------
Start Time: 2024-05-01 20:21:42
TRIAL 6 COMPLETE ✔
End Time: 2024-05-01 20:21:52
Total runtime for this trial (minutes/seconds): 00:09
----------------------------------------
Total hill visits: 5
Total prediction errors: 38
Total search depth: 7059
Total times memory accessed: 15756
Total times 24 >= t < 49: 0
Total times 49 >= t < 74: 0
Total times 74 >= t < 99: 0
Total times t == 99: 0
Total time steps survived: 120
Total runtime so far (hours/minutes/seconds): 00:00:37
----------------------------------------

----------------------------------------
TRIAL 7 STARTED
----------------------------------------
Start Time: 2024-05-01 20:21:52
TRIAL 7 COMPLETE ✔
End Time: 2024-05-01 20:22:41
Total runtime for this trial (minutes/seconds): 00:49
----------------------------------------
Total hill visits: 5
Total prediction errors: 50
Total search depth: 14875
Total times memory accessed: 37573
Total times 24 >= t < 49: 0
Total times 49 >= t < 74: 0
Total times 74 >= t < 99: 0
Total times t == 99: 0
Total time steps survived: 142
Total runtime so far (hours/minutes/seconds): 00:01:26
----------------------------------------

----------------------------------------
TRIAL 8 STARTED
----------------------------------------
Start Time: 2024-05-01 20:22:41
TRIAL 8 COMPLETE ✔
End Time: 2024-05-01 20:23:14
Total runtime for this trial (minutes/seconds): 00:33
----------------------------------------
Total hill visits: 5
Total prediction errors: 60
Total search depth: 20475
Total times memory accessed: 51911
Total times 24 >= t < 49: 0
Total times 49 >= t < 74: 0
Total times 74 >= t < 99: 0
Total times t == 99: 0
Total time steps survived: 164
Total runtime so far (hours/minutes/seconds): 00:02:00
----------------------------------------

----------------------------------------
TRIAL 9 STARTED
----------------------------------------
Start Time: 2024-05-01 20:23:14
TRIAL 9 COMPLETE ✔
End Time: 2024-05-01 20:23:27
Total runtime for this trial (minutes/seconds): 00:12
----------------------------------------
Total hill visits: 5
Total prediction errors: 70
Total search depth: 22325
Total times memory accessed: 57412
Total times 24 >= t < 49: 0
Total times 49 >= t < 74: 0
Total times 74 >= t < 99: 0
Total times t == 99: 0
Total time steps survived: 184
Total runtime so far (hours/minutes/seconds): 00:02:12
----------------------------------------

----------------------------------------
TRIAL 10 STARTED
----------------------------------------
Start Time: 2024-05-01 20:23:27
TRIAL 10 COMPLETE ✔
End Time: 2024-05-01 20:23:36
Total runtime for this trial (minutes/seconds): 00:08
----------------------------------------
Total hill visits: 5
Total prediction errors: 79
Total search depth: 23474
Total times memory accessed: 61115
Total times 24 >= t < 49: 0
Total times 49 >= t < 74: 0
Total times 74 >= t < 99: 0
Total times t == 99: 0
Total time steps survived: 204
Total runtime so far (hours/minutes/seconds): 00:02:21
----------------------------------------

----------------------------------------
TRIAL 11 STARTED
----------------------------------------
Start Time: 2024-05-01 20:23:36
TRIAL 11 COMPLETE ✔
End Time: 2024-05-01 20:26:02
Total runtime for this trial (minutes/seconds): 02:26
----------------------------------------
Total hill visits: 7
Total prediction errors: 89
Total search depth: 43362
Total times memory accessed: 125151
Total times 24 >= t < 49: 1
Total times 49 >= t < 74: 0
Total times 74 >= t < 99: 0
Total times t == 99: 0
Total time steps survived: 231
Total runtime so far (hours/minutes/seconds): 00:04:47
----------------------------------------

----------------------------------------
TRIAL 12 STARTED
----------------------------------------
Start Time: 2024-05-01 20:26:02
TRIAL 12 COMPLETE ✔
End Time: 2024-05-01 20:27:41
Total runtime for this trial (minutes/seconds): 01:39
----------------------------------------
Total hill visits: 9
Total prediction errors: 97
Total search depth: 55667
Total times memory accessed: 167794
Total times 24 >= t < 49: 1
Total times 49 >= t < 74: 0
Total times 74 >= t < 99: 0
Total times t == 99: 0
Total time steps survived: 251
Total runtime so far (hours/minutes/seconds): 00:06:26
----------------------------------------

----------------------------------------
TRIAL 13 STARTED
----------------------------------------
Start Time: 2024-05-01 20:27:41
TRIAL 13 COMPLETE ✔
End Time: 2024-05-01 20:29:55
Total runtime for this trial (minutes/seconds): 02:13
----------------------------------------
Total hill visits: 9
Total prediction errors: 107
Total search depth: 71692
Total times memory accessed: 226254
Total times 24 >= t < 49: 1
Total times 49 >= t < 74: 0
Total times 74 >= t < 99: 0
Total times t == 99: 0
Total time steps survived: 271
Total runtime so far (hours/minutes/seconds): 00:08:40
----------------------------------------

----------------------------------------
TRIAL 14 STARTED
----------------------------------------
Start Time: 2024-05-01 20:29:55
TRIAL 14 COMPLETE ✔
End Time: 2024-05-01 20:33:47
Total runtime for this trial (minutes/seconds): 03:52
----------------------------------------
Total hill visits: 11
Total prediction errors: 114
Total search depth: 99160
Total times memory accessed: 326442
Total times 24 >= t < 49: 1
Total times 49 >= t < 74: 0
Total times 74 >= t < 99: 0
Total times t == 99: 0
Total time steps survived: 291
Total runtime so far (hours/minutes/seconds): 00:12:32
----------------------------------------

----------------------------------------
TRIAL 15 STARTED
----------------------------------------
Start Time: 2024-05-01 20:33:47
TRIAL 15 COMPLETE ✔
End Time: 2024-05-01 20:34:48
Total runtime for this trial (minutes/seconds): 01:01
----------------------------------------
Total hill visits: 12
Total prediction errors: 123
Total search depth: 106676
Total times memory accessed: 352947
Total times 24 >= t < 49: 1
Total times 49 >= t < 74: 0
Total times 74 >= t < 99: 0
Total times t == 99: 0
Total time steps survived: 313
Total runtime so far (hours/minutes/seconds): 00:13:34
----------------------------------------

----------------------------------------
TRIAL 16 STARTED
----------------------------------------
Start Time: 2024-05-01 20:34:48
TRIAL 16 COMPLETE ✔
End Time: 2024-05-01 20:35:37
Total runtime for this trial (minutes/seconds): 00:48
----------------------------------------
Total hill visits: 13
Total prediction errors: 130
Total search depth: 112581
Total times memory accessed: 373818
Total times 24 >= t < 49: 1
Total times 49 >= t < 74: 0
Total times 74 >= t < 99: 0
Total times t == 99: 0
Total time steps survived: 333
Total runtime so far (hours/minutes/seconds): 00:14:22
----------------------------------------

----------------------------------------
TRIAL 17 STARTED
----------------------------------------
Start Time: 2024-05-01 20:35:37
TRIAL 17 COMPLETE ✔
End Time: 2024-05-01 20:36:27
Total runtime for this trial (minutes/seconds): 00:50
----------------------------------------
Total hill visits: 14
Total prediction errors: 140
Total search depth: 118806
Total times memory accessed: 395685
Total times 24 >= t < 49: 1
Total times 49 >= t < 74: 0
Total times 74 >= t < 99: 0
Total times t == 99: 0
Total time steps survived: 353
Total runtime so far (hours/minutes/seconds): 00:15:13
----------------------------------------

----------------------------------------
TRIAL 18 STARTED
----------------------------------------
Start Time: 2024-05-01 20:36:27
TRIAL 18 COMPLETE ✔
End Time: 2024-05-01 20:37:57
Total runtime for this trial (minutes/seconds): 01:30
----------------------------------------
Total hill visits: 15
Total prediction errors: 142
Total search depth: 127906
Total times memory accessed: 435232
Total times 24 >= t < 49: 1
Total times 49 >= t < 74: 0
Total times 74 >= t < 99: 0
Total times t == 99: 0
Total time steps survived: 373
Total runtime so far (hours/minutes/seconds): 00:16:43
----------------------------------------

----------------------------------------
TRIAL 19 STARTED
----------------------------------------
Start Time: 2024-05-01 20:37:57
TRIAL 19 COMPLETE ✔
End Time: 2024-05-01 20:38:47
Total runtime for this trial (minutes/seconds): 00:49
----------------------------------------
Total hill visits: 16
Total prediction errors: 147
Total search depth: 134175
Total times memory accessed: 456748
Total times 24 >= t < 49: 1
Total times 49 >= t < 74: 0
Total times 74 >= t < 99: 0
Total times t == 99: 0
Total time steps survived: 393
Total runtime so far (hours/minutes/seconds): 00:17:32
----------------------------------------

----------------------------------------
TRIAL 20 STARTED
----------------------------------------
Start Time: 2024-05-01 20:38:47
TRIAL 20 COMPLETE ✔
End Time: 2024-05-01 20:42:26
Total runtime for this trial (minutes/seconds): 03:38
----------------------------------------
Total hill visits: 17
Total prediction errors: 154
Total search depth: 162858
Total times memory accessed: 550926
Total times 24 >= t < 49: 1
Total times 49 >= t < 74: 0
Total times 74 >= t < 99: 0
Total times t == 99: 0
Total time steps survived: 413
Total runtime so far (hours/minutes/seconds): 00:21:11
----------------------------------------

----------------------------------------
TRIAL 21 STARTED
----------------------------------------
Start Time: 2024-05-01 20:42:26
TRIAL 21 COMPLETE ✔
End Time: 2024-05-01 20:45:06
Total runtime for this trial (minutes/seconds): 02:40
----------------------------------------
Total hill visits: 19
Total prediction errors: 158
Total search depth: 180743
Total times memory accessed: 620829
Total times 24 >= t < 49: 1
Total times 49 >= t < 74: 0
Total times 74 >= t < 99: 0
Total times t == 99: 0
Total time steps survived: 433
Total runtime so far (hours/minutes/seconds): 00:23:51
----------------------------------------

----------------------------------------
TRIAL 22 STARTED
----------------------------------------
Start Time: 2024-05-01 20:45:06
TRIAL 22 COMPLETE ✔
End Time: 2024-05-01 20:47:07
Total runtime for this trial (minutes/seconds): 02:01
----------------------------------------
Total hill visits: 20
Total prediction errors: 161
Total search depth: 195535
Total times memory accessed: 673115
Total times 24 >= t < 49: 1
Total times 49 >= t < 74: 0
Total times 74 >= t < 99: 0
Total times t == 99: 0
Total time steps survived: 453
Total runtime so far (hours/minutes/seconds): 00:25:52
----------------------------------------

----------------------------------------
TRIAL 23 STARTED
----------------------------------------
Start Time: 2024-05-01 20:47:07
TRIAL 23 COMPLETE ✔
End Time: 2024-05-01 20:51:54
Total runtime for this trial (minutes/seconds): 04:46
----------------------------------------
Total hill visits: 21
Total prediction errors: 167
Total search depth: 230091
Total times memory accessed: 795501
Total times 24 >= t < 49: 2
Total times 49 >= t < 74: 0
Total times 74 >= t < 99: 0
Total times t == 99: 0
Total time steps survived: 478
Total runtime so far (hours/minutes/seconds): 00:30:39
----------------------------------------

----------------------------------------
TRIAL 24 STARTED
----------------------------------------
Start Time: 2024-05-01 20:51:54
TRIAL 24 COMPLETE ✔
End Time: 2024-05-01 20:53:26
Total runtime for this trial (minutes/seconds): 01:31
----------------------------------------
Total hill visits: 22
Total prediction errors: 169
Total search depth: 241644
Total times memory accessed: 834592
Total times 24 >= t < 49: 2
Total times 49 >= t < 74: 0
Total times 74 >= t < 99: 0
Total times t == 99: 0
Total time steps survived: 498
Total runtime so far (hours/minutes/seconds): 00:32:11
----------------------------------------

----------------------------------------
TRIAL 25 STARTED
----------------------------------------
Start Time: 2024-05-01 20:53:26
TRIAL 25 COMPLETE ✔
End Time: 2024-05-01 20:55:16
Total runtime for this trial (minutes/seconds): 01:50
----------------------------------------
Total hill visits: 23
Total prediction errors: 173
Total search depth: 255470
Total times memory accessed: 882482
Total times 24 >= t < 49: 2
Total times 49 >= t < 74: 0
Total times 74 >= t < 99: 0
Total times t == 99: 0
Total time steps survived: 518
Total runtime so far (hours/minutes/seconds): 00:34:02
----------------------------------------

----------------------------------------
TRIAL 26 STARTED
----------------------------------------
Start Time: 2024-05-01 20:55:16
TRIAL 26 COMPLETE ✔
End Time: 2024-05-01 20:58:58
Total runtime for this trial (minutes/seconds): 03:42
----------------------------------------
Total hill visits: 24
Total prediction errors: 181
Total search depth: 281275
Total times memory accessed: 977635
Total times 24 >= t < 49: 2
Total times 49 >= t < 74: 0
Total times 74 >= t < 99: 0
Total times t == 99: 0
Total time steps survived: 540
Total runtime so far (hours/minutes/seconds): 00:37:44
----------------------------------------

----------------------------------------
TRIAL 27 STARTED
----------------------------------------
Start Time: 2024-05-01 20:58:58
TRIAL 27 COMPLETE ✔
End Time: 2024-05-01 21:00:51
Total runtime for this trial (minutes/seconds): 01:52
----------------------------------------
Total hill visits: 25
Total prediction errors: 182
Total search depth: 295278
Total times memory accessed: 1025441
Total times 24 >= t < 49: 2
Total times 49 >= t < 74: 0
Total times 74 >= t < 99: 0
Total times t == 99: 0
Total time steps survived: 560
Total runtime so far (hours/minutes/seconds): 00:39:37
----------------------------------------

----------------------------------------
TRIAL 28 STARTED
----------------------------------------
Start Time: 2024-05-01 21:00:51
TRIAL 28 COMPLETE ✔
End Time: 2024-05-01 21:07:59
Total runtime for this trial (minutes/seconds): 07:07
----------------------------------------
Total hill visits: 26
Total prediction errors: 196
Total search depth: 340521
Total times memory accessed: 1212009
Total times 24 >= t < 49: 2
Total times 49 >= t < 74: 0
Total times 74 >= t < 99: 0
Total times t == 99: 0
Total time steps survived: 582
Total runtime so far (hours/minutes/seconds): 00:46:45
----------------------------------------

----------------------------------------
TRIAL 29 STARTED
----------------------------------------
Start Time: 2024-05-01 21:07:59
TRIAL 29 COMPLETE ✔
End Time: 2024-05-01 21:13:27
Total runtime for this trial (minutes/seconds): 05:27
----------------------------------------
Total hill visits: 27
Total prediction errors: 207
Total search depth: 376115
Total times memory accessed: 1351684
Total times 24 >= t < 49: 3
Total times 49 >= t < 74: 0
Total times 74 >= t < 99: 0
Total times t == 99: 0
Total time steps survived: 607
Total runtime so far (hours/minutes/seconds): 00:52:13
----------------------------------------

----------------------------------------
TRIAL 30 STARTED
----------------------------------------
Start Time: 2024-05-01 21:13:27
TRIAL 30 COMPLETE ✔
End Time: 2024-05-01 21:14:43
Total runtime for this trial (minutes/seconds): 01:16
----------------------------------------
Total hill visits: 28
Total prediction errors: 207
Total search depth: 386074
Total times memory accessed: 1383872
Total times 24 >= t < 49: 3
Total times 49 >= t < 74: 0
Total times 74 >= t < 99: 0
Total times t == 99: 0
Total time steps survived: 627
Total runtime so far (hours/minutes/seconds): 00:53:29
----------------------------------------

----------------------------------------
TRIAL 31 STARTED
----------------------------------------
Start Time: 2024-05-01 21:14:43
TRIAL 31 COMPLETE ✔
End Time: 2024-05-01 21:18:10
Total runtime for this trial (minutes/seconds): 03:26
----------------------------------------
Total hill visits: 29
Total prediction errors: 210
Total search depth: 414480
Total times memory accessed: 1469677
Total times 24 >= t < 49: 4
Total times 49 >= t < 74: 0
Total times 74 >= t < 99: 0
Total times t == 99: 0
Total time steps survived: 661
Total runtime so far (hours/minutes/seconds): 00:56:55
----------------------------------------

----------------------------------------
TRIAL 32 STARTED
----------------------------------------
Start Time: 2024-05-01 21:18:10
TRIAL 32 COMPLETE ✔
End Time: 2024-05-01 21:20:57
Total runtime for this trial (minutes/seconds): 02:46
----------------------------------------
Total hill visits: 30
Total prediction errors: 212
Total search depth: 433827
Total times memory accessed: 1539826
Total times 24 >= t < 49: 5
Total times 49 >= t < 74: 0
Total times 74 >= t < 99: 0
Total times t == 99: 0
Total time steps survived: 686
Total runtime so far (hours/minutes/seconds): 00:59:42
----------------------------------------

----------------------------------------
TRIAL 33 STARTED
----------------------------------------
Start Time: 2024-05-01 21:20:57
TRIAL 33 COMPLETE ✔
End Time: 2024-05-01 21:28:15
Total runtime for this trial (minutes/seconds): 07:18
----------------------------------------
Total hill visits: 31
Total prediction errors: 220
Total search depth: 483179
Total times memory accessed: 1726645
Total times 24 >= t < 49: 6
Total times 49 >= t < 74: 0
Total times 74 >= t < 99: 0
Total times t == 99: 0
Total time steps survived: 711
Total runtime so far (hours/minutes/seconds): 01:07:00
----------------------------------------

----------------------------------------
TRIAL 34 STARTED
----------------------------------------
Start Time: 2024-05-01 21:28:15
TRIAL 34 COMPLETE ✔
End Time: 2024-05-01 21:40:03
Total runtime for this trial (minutes/seconds): 11:47
----------------------------------------
Total hill visits: 33
Total prediction errors: 233
Total search depth: 573086
Total times memory accessed: 2040274
Total times 24 >= t < 49: 7
Total times 49 >= t < 74: 0
Total times 74 >= t < 99: 0
Total times t == 99: 0
Total time steps survived: 758
Total runtime so far (hours/minutes/seconds): 01:18:48
----------------------------------------

----------------------------------------
TRIAL 35 STARTED
----------------------------------------
Start Time: 2024-05-01 21:40:03
TRIAL 35 COMPLETE ✔
End Time: 2024-05-01 21:45:20
Total runtime for this trial (minutes/seconds): 05:17
----------------------------------------
Total hill visits: 34
Total prediction errors: 240
Total search depth: 609343
Total times memory accessed: 2180840
Total times 24 >= t < 49: 7
Total times 49 >= t < 74: 0
Total times 74 >= t < 99: 0
Total times t == 99: 0
Total time steps survived: 778
Total runtime so far (hours/minutes/seconds): 01:24:06
----------------------------------------

----------------------------------------
TRIAL 36 STARTED
----------------------------------------
Start Time: 2024-05-01 21:45:20
TRIAL 36 COMPLETE ✔
End Time: 2024-05-01 21:56:58
Total runtime for this trial (minutes/seconds): 11:37
----------------------------------------
Total hill visits: 36
Total prediction errors: 248
Total search depth: 694499
Total times memory accessed: 2486985
Total times 24 >= t < 49: 7
Total times 49 >= t < 74: 1
Total times 74 >= t < 99: 0
Total times t == 99: 0
Total time steps survived: 832
Total runtime so far (hours/minutes/seconds): 01:35:44
----------------------------------------

----------------------------------------
TRIAL 37 STARTED
----------------------------------------
Start Time: 2024-05-01 21:56:58
TRIAL 37 COMPLETE ✔
End Time: 2024-05-01 22:00:51
Total runtime for this trial (minutes/seconds): 03:52
----------------------------------------
Total hill visits: 37
Total prediction errors: 260
Total search depth: 722683
Total times memory accessed: 2588702
Total times 24 >= t < 49: 8
Total times 49 >= t < 74: 1
Total times 74 >= t < 99: 0
Total times t == 99: 0
Total time steps survived: 862
Total runtime so far (hours/minutes/seconds): 01:39:36
----------------------------------------

----------------------------------------
TRIAL 38 STARTED
----------------------------------------
Start Time: 2024-05-01 22:00:51
TRIAL 38 COMPLETE ✔
End Time: 2024-05-01 22:20:44
Total runtime for this trial (minutes/seconds): 19:53
----------------------------------------
Total hill visits: 38
Total prediction errors: 270
Total search depth: 873842
Total times memory accessed: 3111644
Total times 24 >= t < 49: 8
Total times 49 >= t < 74: 2
Total times 74 >= t < 99: 0
Total times t == 99: 0
Total time steps survived: 925
Total runtime so far (hours/minutes/seconds): 01:59:29
----------------------------------------

----------------------------------------
TRIAL 39 STARTED
----------------------------------------
Start Time: 2024-05-01 22:20:44
TRIAL 39 COMPLETE ✔
End Time: 2024-05-01 22:24:32
Total runtime for this trial (minutes/seconds): 03:48
----------------------------------------
Total hill visits: 39
Total prediction errors: 274
Total search depth: 901631
Total times memory accessed: 3212375
Total times 24 >= t < 49: 8
Total times 49 >= t < 74: 2
Total times 74 >= t < 99: 0
Total times t == 99: 0
Total time steps survived: 947
Total runtime so far (hours/minutes/seconds): 02:03:18
----------------------------------------

----------------------------------------
TRIAL 40 STARTED
----------------------------------------
Start Time: 2024-05-01 22:24:32
TRIAL 40 COMPLETE ✔
End Time: 2024-05-01 22:33:11
Total runtime for this trial (minutes/seconds): 08:38
----------------------------------------
Total hill visits: 40
Total prediction errors: 280
Total search depth: 964745
Total times memory accessed: 3439756
Total times 24 >= t < 49: 9
Total times 49 >= t < 74: 2
Total times 74 >= t < 99: 0
Total times t == 99: 0
Total time steps survived: 977
Total runtime so far (hours/minutes/seconds): 02:11:56
----------------------------------------

----------------------------------------
TRIAL 41 STARTED
----------------------------------------
Start Time: 2024-05-01 22:33:11
TRIAL 41 COMPLETE ✔
End Time: 2024-05-01 22:38:06
Total runtime for this trial (minutes/seconds): 04:55
----------------------------------------
Total hill visits: 41
Total prediction errors: 285
Total search depth: 1001012
Total times memory accessed: 3569883
Total times 24 >= t < 49: 9
Total times 49 >= t < 74: 2
Total times 74 >= t < 99: 0
Total times t == 99: 0
Total time steps survived: 999
Total runtime so far (hours/minutes/seconds): 02:16:52
----------------------------------------

----------------------------------------
TRIAL 42 STARTED
----------------------------------------
Start Time: 2024-05-01 22:38:06
TRIAL 42 COMPLETE ✔
End Time: 2024-05-01 22:47:05
Total runtime for this trial (minutes/seconds): 08:59
----------------------------------------
Total hill visits: 42
Total prediction errors: 298
Total search depth: 1063422
Total times memory accessed: 3809437
Total times 24 >= t < 49: 9
Total times 49 >= t < 74: 2
Total times 74 >= t < 99: 0
Total times t == 99: 0
Total time steps survived: 1021
Total runtime so far (hours/minutes/seconds): 02:25:51
----------------------------------------

----------------------------------------
TRIAL 43 STARTED
----------------------------------------
Start Time: 2024-05-01 22:47:05
TRIAL 43 COMPLETE ✔
End Time: 2024-05-01 22:57:06
Total runtime for this trial (minutes/seconds): 10:00
----------------------------------------
Total hill visits: 43
Total prediction errors: 306
Total search depth: 1133817
Total times memory accessed: 4063853
Total times 24 >= t < 49: 10
Total times 49 >= t < 74: 2
Total times 74 >= t < 99: 0
Total times t == 99: 0
Total time steps survived: 1059
Total runtime so far (hours/minutes/seconds): 02:35:51
----------------------------------------

----------------------------------------
TRIAL 44 STARTED
----------------------------------------
Start Time: 2024-05-01 22:57:06
TRIAL 44 COMPLETE ✔
End Time: 2024-05-01 23:05:43
Total runtime for this trial (minutes/seconds): 08:37
----------------------------------------
Total hill visits: 44
Total prediction errors: 310
Total search depth: 1198208
Total times memory accessed: 4302631
Total times 24 >= t < 49: 10
Total times 49 >= t < 74: 2
Total times 74 >= t < 99: 0
Total times t == 99: 0
Total time steps survived: 1081
Total runtime so far (hours/minutes/seconds): 02:44:28
----------------------------------------

----------------------------------------
TRIAL 45 STARTED
----------------------------------------
Start Time: 2024-05-01 23:05:43
TRIAL 45 COMPLETE ✔
End Time: 2024-05-01 23:10:57
Total runtime for this trial (minutes/seconds): 05:14
----------------------------------------
Total hill visits: 45
Total prediction errors: 316
Total search depth: 1242187
Total times memory accessed: 4458334
Total times 24 >= t < 49: 11
Total times 49 >= t < 74: 2
Total times 74 >= t < 99: 0
Total times t == 99: 0
Total time steps survived: 1109
Total runtime so far (hours/minutes/seconds): 02:49:43
----------------------------------------

----------------------------------------
TRIAL 46 STARTED
----------------------------------------
Start Time: 2024-05-01 23:10:57
TRIAL 46 COMPLETE ✔
End Time: 2024-05-01 23:20:14
Total runtime for this trial (minutes/seconds): 09:16
----------------------------------------
Total hill visits: 46
Total prediction errors: 323
Total search depth: 1316641
Total times memory accessed: 4734616
Total times 24 >= t < 49: 12
Total times 49 >= t < 74: 2
Total times 74 >= t < 99: 0
Total times t == 99: 0
Total time steps survived: 1134
Total runtime so far (hours/minutes/seconds): 02:58:59
----------------------------------------

----------------------------------------
TRIAL 47 STARTED
----------------------------------------
Start Time: 2024-05-01 23:20:14
TRIAL 47 COMPLETE ✔
End Time: 2024-05-01 23:26:18
Total runtime for this trial (minutes/seconds): 06:03
----------------------------------------
Total hill visits: 47
Total prediction errors: 327
Total search depth: 1366777
Total times memory accessed: 4915646
Total times 24 >= t < 49: 13
Total times 49 >= t < 74: 2
Total times 74 >= t < 99: 0
Total times t == 99: 0
Total time steps survived: 1174
Total runtime so far (hours/minutes/seconds): 03:05:03
----------------------------------------

----------------------------------------
TRIAL 48 STARTED
----------------------------------------
Start Time: 2024-05-01 23:26:18
TRIAL 48 COMPLETE ✔
End Time: 2024-05-01 23:30:51
Total runtime for this trial (minutes/seconds): 04:32
----------------------------------------
Total hill visits: 48
Total prediction errors: 328
Total search depth: 1404762
Total times memory accessed: 5052165
Total times 24 >= t < 49: 13
Total times 49 >= t < 74: 2
Total times 74 >= t < 99: 0
Total times t == 99: 0
Total time steps survived: 1196
Total runtime so far (hours/minutes/seconds): 03:09:36
----------------------------------------

----------------------------------------
TRIAL 49 STARTED
----------------------------------------
Start Time: 2024-05-01 23:30:51
TRIAL 49 COMPLETE ✔
End Time: 2024-05-01 23:50:49
Total runtime for this trial (minutes/seconds): 19:58
----------------------------------------
Total hill visits: 50
Total prediction errors: 343
Total search depth: 1571410
Total times memory accessed: 5650247
Total times 24 >= t < 49: 13
Total times 49 >= t < 74: 2
Total times 74 >= t < 99: 1
Total times t == 99: 0
Total time steps survived: 1283
Total runtime so far (hours/minutes/seconds): 03:29:35
----------------------------------------

----------------------------------------
TRIAL 50 STARTED
----------------------------------------
Start Time: 2024-05-01 23:50:49
TRIAL 50 COMPLETE ✔
End Time: 2024-05-02 00:16:30
Total runtime for this trial (minutes/seconds): 25:40
----------------------------------------
Total hill visits: 53
Total prediction errors: 360
Total search depth: 1788174
Total times memory accessed: 6418486
Total times 24 >= t < 49: 13
Total times 49 >= t < 74: 3
Total times 74 >= t < 99: 1
Total times t == 99: 0
Total time steps survived: 1342
Total runtime so far (hours/minutes/seconds): 03:55:15
----------------------------------------

----------------------------------------
TRIAL 51 STARTED
----------------------------------------
Start Time: 2024-05-02 00:16:30
TRIAL 51 COMPLETE ✔
End Time: 2024-05-02 00:29:21
Total runtime for this trial (minutes/seconds): 12:51
----------------------------------------
Total hill visits: 55
Total prediction errors: 372
Total search depth: 1895508
Total times memory accessed: 6805005
Total times 24 >= t < 49: 14
Total times 49 >= t < 74: 3
Total times 74 >= t < 99: 1
Total times t == 99: 0
Total time steps survived: 1385
Total runtime so far (hours/minutes/seconds): 04:08:07
----------------------------------------

----------------------------------------
TRIAL 52 STARTED
----------------------------------------
Start Time: 2024-05-02 00:29:21
TRIAL 52 COMPLETE ✔
End Time: 2024-05-02 00:36:53
Total runtime for this trial (minutes/seconds): 07:31
----------------------------------------
Total hill visits: 56
Total prediction errors: 377
Total search depth: 1956511
Total times memory accessed: 7028237
Total times 24 >= t < 49: 15
Total times 49 >= t < 74: 3
Total times 74 >= t < 99: 1
Total times t == 99: 0
Total time steps survived: 1410
Total runtime so far (hours/minutes/seconds): 04:15:39
----------------------------------------

----------------------------------------
TRIAL 53 STARTED
----------------------------------------
Start Time: 2024-05-02 00:36:53
TRIAL 53 COMPLETE ✔
End Time: 2024-05-02 00:51:40
Total runtime for this trial (minutes/seconds): 14:46
----------------------------------------
Total hill visits: 57
Total prediction errors: 390
Total search depth: 2064939
Total times memory accessed: 7432279
Total times 24 >= t < 49: 16
Total times 49 >= t < 74: 3
Total times 74 >= t < 99: 1
Total times t == 99: 0
Total time steps survived: 1448
Total runtime so far (hours/minutes/seconds): 04:30:26
----------------------------------------

----------------------------------------
TRIAL 54 STARTED
----------------------------------------
Start Time: 2024-05-02 00:51:40
TRIAL 54 COMPLETE ✔
End Time: 2024-05-02 01:03:04
Total runtime for this trial (minutes/seconds): 11:24
----------------------------------------
Total hill visits: 58
Total prediction errors: 396
Total search depth: 2155734
Total times memory accessed: 7739287
Total times 24 >= t < 49: 17
Total times 49 >= t < 74: 3
Total times 74 >= t < 99: 1
Total times t == 99: 0
Total time steps survived: 1491
Total runtime so far (hours/minutes/seconds): 04:41:50
----------------------------------------

----------------------------------------
TRIAL 55 STARTED
----------------------------------------
Start Time: 2024-05-02 01:03:04
TRIAL 55 COMPLETE ✔
End Time: 2024-05-02 01:09:54
Total runtime for this trial (minutes/seconds): 06:49
----------------------------------------
Total hill visits: 59
Total prediction errors: 402
Total search depth: 2212119
Total times memory accessed: 7924440
Total times 24 >= t < 49: 18
Total times 49 >= t < 74: 3
Total times 74 >= t < 99: 1
Total times t == 99: 0
Total time steps survived: 1537
Total runtime so far (hours/minutes/seconds): 04:48:39
----------------------------------------

----------------------------------------
TRIAL 56 STARTED
----------------------------------------
Start Time: 2024-05-02 01:09:54
TRIAL 56 COMPLETE ✔
End Time: 2024-05-02 01:26:34
Total runtime for this trial (minutes/seconds): 16:40
----------------------------------------
Total hill visits: 61
Total prediction errors: 409
Total search depth: 2341313
Total times memory accessed: 8374501
Total times 24 >= t < 49: 18
Total times 49 >= t < 74: 3
Total times 74 >= t < 99: 1
Total times t == 99: 0
Total time steps survived: 1636
Total runtime so far (hours/minutes/seconds): 05:05:20
----------------------------------------

----------------------------------------
TRIAL 57 STARTED
----------------------------------------
Start Time: 2024-05-02 01:26:34
TRIAL 57 COMPLETE ✔
End Time: 2024-05-02 01:41:26
Total runtime for this trial (minutes/seconds): 14:51
----------------------------------------
Total hill visits: 63
Total prediction errors: 419
Total search depth: 2456669
Total times memory accessed: 8765097
Total times 24 >= t < 49: 19
Total times 49 >= t < 74: 3
Total times 74 >= t < 99: 1
Total times t == 99: 0
Total time steps survived: 1677
Total runtime so far (hours/minutes/seconds): 05:20:12
----------------------------------------

----------------------------------------
TRIAL 58 STARTED
----------------------------------------
Start Time: 2024-05-02 01:41:26
TRIAL 58 COMPLETE ✔
End Time: 2024-05-02 01:51:04
Total runtime for this trial (minutes/seconds): 09:38
----------------------------------------
Total hill visits: 64
Total prediction errors: 425
Total search depth: 2530831
Total times memory accessed: 9020093
Total times 24 >= t < 49: 20
Total times 49 >= t < 74: 3
Total times 74 >= t < 99: 1
Total times t == 99: 0
Total time steps survived: 1702
Total runtime so far (hours/minutes/seconds): 05:29:50
----------------------------------------

----------------------------------------
TRIAL 59 STARTED
----------------------------------------
Start Time: 2024-05-02 01:51:04
TRIAL 59 COMPLETE ✔
End Time: 2024-05-02 02:02:36
Total runtime for this trial (minutes/seconds): 11:31
----------------------------------------
Total hill visits: 65
Total prediction errors: 428
Total search depth: 2616447
Total times memory accessed: 9324010
Total times 24 >= t < 49: 21
Total times 49 >= t < 74: 3
Total times 74 >= t < 99: 1
Total times t == 99: 0
Total time steps survived: 1727
Total runtime so far (hours/minutes/seconds): 05:41:22
----------------------------------------

----------------------------------------
TRIAL 60 STARTED
----------------------------------------
Start Time: 2024-05-02 02:02:36
TRIAL 60 COMPLETE ✔
End Time: 2024-05-02 02:10:41
Total runtime for this trial (minutes/seconds): 08:05
----------------------------------------
Total hill visits: 66
Total prediction errors: 434
Total search depth: 2675945
Total times memory accessed: 9537036
Total times 24 >= t < 49: 22
Total times 49 >= t < 74: 3
Total times 74 >= t < 99: 1
Total times t == 99: 0
Total time steps survived: 1752
Total runtime so far (hours/minutes/seconds): 05:49:27
----------------------------------------

----------------------------------------
TRIAL 61 STARTED
----------------------------------------
Start Time: 2024-05-02 02:10:41
TRIAL 61 COMPLETE ✔
End Time: 2024-05-02 02:36:06
Total runtime for this trial (minutes/seconds): 25:24
----------------------------------------
Total hill visits: 68
Total prediction errors: 444
Total search depth: 2863758
Total times memory accessed: 10196759
Total times 24 >= t < 49: 22
Total times 49 >= t < 74: 3
Total times 74 >= t < 99: 2
Total times t == 99: 0
Total time steps survived: 1846
Total runtime so far (hours/minutes/seconds): 06:14:51
----------------------------------------

----------------------------------------
TRIAL 62 STARTED
----------------------------------------
Start Time: 2024-05-02 02:36:06
TRIAL 62 COMPLETE ✔
End Time: 2024-05-02 02:51:38
Total runtime for this trial (minutes/seconds): 15:32
----------------------------------------
Total hill visits: 70
Total prediction errors: 451
Total search depth: 2983600
Total times memory accessed: 10600926
Total times 24 >= t < 49: 22
Total times 49 >= t < 74: 3
Total times 74 >= t < 99: 2
Total times t == 99: 0
Total time steps survived: 1945
Total runtime so far (hours/minutes/seconds): 06:30:24
----------------------------------------

----------------------------------------
TRIAL 63 STARTED
----------------------------------------
Start Time: 2024-05-02 02:51:38
TRIAL 63 COMPLETE ✔
End Time: 2024-05-02 02:56:45
Total runtime for this trial (minutes/seconds): 05:07
----------------------------------------
Total hill visits: 71
Total prediction errors: 456
Total search depth: 3024299
Total times memory accessed: 10735666
Total times 24 >= t < 49: 22
Total times 49 >= t < 74: 4
Total times 74 >= t < 99: 2
Total times t == 99: 0
Total time steps survived: 1997
Total runtime so far (hours/minutes/seconds): 06:35:31
----------------------------------------

----------------------------------------
TRIAL 64 STARTED
----------------------------------------
Start Time: 2024-05-02 02:56:45
TRIAL 64 COMPLETE ✔
End Time: 2024-05-02 03:02:41
Total runtime for this trial (minutes/seconds): 05:55
----------------------------------------
Total hill visits: 72
Total prediction errors: 459
Total search depth: 3068479
Total times memory accessed: 10892878
Total times 24 >= t < 49: 23
Total times 49 >= t < 74: 4
Total times 74 >= t < 99: 2
Total times t == 99: 0
Total time steps survived: 2022
Total runtime so far (hours/minutes/seconds): 06:41:26
----------------------------------------

----------------------------------------
TRIAL 65 STARTED
----------------------------------------
Start Time: 2024-05-02 03:02:41
TRIAL 65 COMPLETE ✔
End Time: 2024-05-02 03:38:59
Total runtime for this trial (minutes/seconds): 36:18
----------------------------------------
Total hill visits: 74
Total prediction errors: 469
Total search depth: 3339172
Total times memory accessed: 11829022
Total times 24 >= t < 49: 23
Total times 49 >= t < 74: 4
Total times 74 >= t < 99: 2
Total times t == 99: 0
Total time steps survived: 2121
Total runtime so far (hours/minutes/seconds): 07:17:45
----------------------------------------

----------------------------------------
TRIAL 66 STARTED
----------------------------------------
Start Time: 2024-05-02 03:38:59
TRIAL 66 COMPLETE ✔
End Time: 2024-05-02 03:51:04
Total runtime for this trial (minutes/seconds): 12:04
----------------------------------------
Total hill visits: 75
Total prediction errors: 475
Total search depth: 3427535
Total times memory accessed: 12136809
Total times 24 >= t < 49: 24
Total times 49 >= t < 74: 4
Total times 74 >= t < 99: 2
Total times t == 99: 0
Total time steps survived: 2159
Total runtime so far (hours/minutes/seconds): 07:29:50
----------------------------------------

----------------------------------------
TRIAL 67 STARTED
----------------------------------------
Start Time: 2024-05-02 03:51:04
TRIAL 67 COMPLETE ✔
End Time: 2024-05-02 04:20:18
Total runtime for this trial (minutes/seconds): 29:14
----------------------------------------
Total hill visits: 77
Total prediction errors: 492
Total search depth: 3654219
Total times memory accessed: 12897662
Total times 24 >= t < 49: 24
Total times 49 >= t < 74: 4
Total times 74 >= t < 99: 3
Total times t == 99: 0
Total time steps survived: 2251
Total runtime so far (hours/minutes/seconds): 07:59:04
----------------------------------------

----------------------------------------
TRIAL 68 STARTED
----------------------------------------
Start Time: 2024-05-02 04:20:18
TRIAL 68 COMPLETE ✔
End Time: 2024-05-02 04:26:53
Total runtime for this trial (minutes/seconds): 06:35
----------------------------------------
Total hill visits: 78
Total prediction errors: 495
Total search depth: 3704521
Total times memory accessed: 13066967
Total times 24 >= t < 49: 25
Total times 49 >= t < 74: 4
Total times 74 >= t < 99: 3
Total times t == 99: 0
Total time steps survived: 2276
Total runtime so far (hours/minutes/seconds): 08:05:39
----------------------------------------

----------------------------------------
TRIAL 69 STARTED
----------------------------------------
Start Time: 2024-05-02 04:26:53
TRIAL 69 COMPLETE ✔
End Time: 2024-05-02 04:50:36
Total runtime for this trial (minutes/seconds): 23:42
----------------------------------------
Total hill visits: 79
Total prediction errors: 507
Total search depth: 3890552
Total times memory accessed: 13678005
Total times 24 >= t < 49: 25
Total times 49 >= t < 74: 4
Total times 74 >= t < 99: 4
Total times t == 99: 0
Total time steps survived: 2367
Total runtime so far (hours/minutes/seconds): 08:29:22
----------------------------------------

----------------------------------------
TRIAL 70 STARTED
----------------------------------------
Start Time: 2024-05-02 04:50:36
TRIAL 70 COMPLETE ✔
End Time: 2024-05-02 05:13:10
Total runtime for this trial (minutes/seconds): 22:33
----------------------------------------
Total hill visits: 81
Total prediction errors: 517
Total search depth: 4063916
Total times memory accessed: 14276607
Total times 24 >= t < 49: 25
Total times 49 >= t < 74: 4
Total times 74 >= t < 99: 4
Total times t == 99: 0
Total time steps survived: 2466
Total runtime so far (hours/minutes/seconds): 08:51:56
----------------------------------------

----------------------------------------
TRIAL 71 STARTED
----------------------------------------
Start Time: 2024-05-02 05:13:10
TRIAL 71 COMPLETE ✔
End Time: 2024-05-02 05:28:04
Total runtime for this trial (minutes/seconds): 14:54
----------------------------------------
Total hill visits: 82
Total prediction errors: 525
Total search depth: 4180801
Total times memory accessed: 14675809
Total times 24 >= t < 49: 25
Total times 49 >= t < 74: 4
Total times 74 >= t < 99: 5
Total times t == 99: 0
Total time steps survived: 2545
Total runtime so far (hours/minutes/seconds): 09:06:50
----------------------------------------

----------------------------------------
TRIAL 72 STARTED
----------------------------------------
Start Time: 2024-05-02 05:28:04
TRIAL 72 COMPLETE ✔
End Time: 2024-05-02 05:34:47
Total runtime for this trial (minutes/seconds): 06:43
----------------------------------------
Total hill visits: 83
Total prediction errors: 528
Total search depth: 4234880
Total times memory accessed: 14857272
Total times 24 >= t < 49: 26
Total times 49 >= t < 74: 4
Total times 74 >= t < 99: 5
Total times t == 99: 0
Total time steps survived: 2579
Total runtime so far (hours/minutes/seconds): 09:13:33
----------------------------------------

----------------------------------------
TRIAL 73 STARTED
----------------------------------------
Start Time: 2024-05-02 05:34:47
TRIAL 73 COMPLETE ✔
End Time: 2024-05-02 05:44:17
Total runtime for this trial (minutes/seconds): 09:29
----------------------------------------
Total hill visits: 85
Total prediction errors: 534
Total search depth: 4306247
Total times memory accessed: 15111021
Total times 24 >= t < 49: 27
Total times 49 >= t < 74: 4
Total times 74 >= t < 99: 5
Total times t == 99: 0
Total time steps survived: 2604
Total runtime so far (hours/minutes/seconds): 09:23:02
----------------------------------------

----------------------------------------
TRIAL 74 STARTED
----------------------------------------
Start Time: 2024-05-02 05:44:17
TRIAL 74 COMPLETE ✔
End Time: 2024-05-02 05:53:16
Total runtime for this trial (minutes/seconds): 08:59
----------------------------------------
Total hill visits: 86
Total prediction errors: 539
Total search depth: 4375680
Total times memory accessed: 15351274
Total times 24 >= t < 49: 28
Total times 49 >= t < 74: 4
Total times 74 >= t < 99: 5
Total times t == 99: 0
Total time steps survived: 2634
Total runtime so far (hours/minutes/seconds): 09:32:02
----------------------------------------

----------------------------------------
TRIAL 75 STARTED
----------------------------------------
Start Time: 2024-05-02 05:53:16
TRIAL 75 COMPLETE ✔
End Time: 2024-05-02 05:59:41
Total runtime for this trial (minutes/seconds): 06:24
----------------------------------------
Total hill visits: 87
Total prediction errors: 543
Total search depth: 4425905
Total times memory accessed: 15523243
Total times 24 >= t < 49: 29
Total times 49 >= t < 74: 4
Total times 74 >= t < 99: 5
Total times t == 99: 0
Total time steps survived: 2662
Total runtime so far (hours/minutes/seconds): 09:38:26
----------------------------------------

----------------------------------------
TRIAL 76 STARTED
----------------------------------------
Start Time: 2024-05-02 05:59:41
TRIAL 76 COMPLETE ✔
End Time: 2024-05-02 06:06:47
Total runtime for this trial (minutes/seconds): 07:06
----------------------------------------
Total hill visits: 89
Total prediction errors: 549
Total search depth: 4481972
Total times memory accessed: 15714761
Total times 24 >= t < 49: 30
Total times 49 >= t < 74: 4
Total times 74 >= t < 99: 5
Total times t == 99: 0
Total time steps survived: 2690
Total runtime so far (hours/minutes/seconds): 09:45:33
----------------------------------------

----------------------------------------
TRIAL 77 STARTED
----------------------------------------
Start Time: 2024-05-02 06:06:47
TRIAL 77 COMPLETE ✔
End Time: 2024-05-02 06:14:13
Total runtime for this trial (minutes/seconds): 07:25
----------------------------------------
Total hill visits: 91
Total prediction errors: 554
Total search depth: 4542107
Total times memory accessed: 15913624
Total times 24 >= t < 49: 30
Total times 49 >= t < 74: 4
Total times 74 >= t < 99: 6
Total times t == 99: 0
Total time steps survived: 2781
Total runtime so far (hours/minutes/seconds): 09:52:59
----------------------------------------

----------------------------------------
TRIAL 78 STARTED
----------------------------------------
Start Time: 2024-05-02 06:14:13
TRIAL 78 COMPLETE ✔
End Time: 2024-05-02 06:25:28
Total runtime for this trial (minutes/seconds): 11:14
----------------------------------------
Total hill visits: 92
Total prediction errors: 560
Total search depth: 4630152
Total times memory accessed: 16212921
Total times 24 >= t < 49: 30
Total times 49 >= t < 74: 5
Total times 74 >= t < 99: 6
Total times t == 99: 0
Total time steps survived: 2831
Total runtime so far (hours/minutes/seconds): 10:04:13
----------------------------------------

----------------------------------------
TRIAL 79 STARTED
----------------------------------------
Start Time: 2024-05-02 06:25:28
TRIAL 79 COMPLETE ✔
End Time: 2024-05-02 06:31:27
Total runtime for this trial (minutes/seconds): 05:58
----------------------------------------
Total hill visits: 93
Total prediction errors: 562
Total search depth: 4677725
Total times memory accessed: 16369455
Total times 24 >= t < 49: 30
Total times 49 >= t < 74: 5
Total times 74 >= t < 99: 6
Total times t == 99: 0
Total time steps survived: 2851
Total runtime so far (hours/minutes/seconds): 10:10:12
----------------------------------------

----------------------------------------
TRIAL 80 STARTED
----------------------------------------
Start Time: 2024-05-02 06:31:27
TRIAL 80 COMPLETE ✔
End Time: 2024-05-02 06:49:14
Total runtime for this trial (minutes/seconds): 17:47
----------------------------------------
Total hill visits: 94
Total prediction errors: 573
Total search depth: 4819733
Total times memory accessed: 16840921
Total times 24 >= t < 49: 31
Total times 49 >= t < 74: 5
Total times 74 >= t < 99: 6
Total times t == 99: 0
Total time steps survived: 2886
Total runtime so far (hours/minutes/seconds): 10:28:00
----------------------------------------

----------------------------------------
TRIAL 81 STARTED
----------------------------------------
Start Time: 2024-05-02 06:49:14
TRIAL 81 COMPLETE ✔
End Time: 2024-05-02 07:09:11
Total runtime for this trial (minutes/seconds): 19:56
----------------------------------------
Total hill visits: 95
Total prediction errors: 585
Total search depth: 4985717
Total times memory accessed: 17382608
Total times 24 >= t < 49: 31
Total times 49 >= t < 74: 5
Total times 74 >= t < 99: 7
Total times t == 99: 0
Total time steps survived: 2973
Total runtime so far (hours/minutes/seconds): 10:47:56
----------------------------------------

----------------------------------------
TRIAL 82 STARTED
----------------------------------------
Start Time: 2024-05-02 07:09:11
TRIAL 82 COMPLETE ✔
End Time: 2024-05-02 07:24:22
Total runtime for this trial (minutes/seconds): 15:11
----------------------------------------
Total hill visits: 96
Total prediction errors: 591
Total search depth: 5103832
Total times memory accessed: 17784740
Total times 24 >= t < 49: 31
Total times 49 >= t < 74: 5
Total times 74 >= t < 99: 7
Total times t == 99: 0
Total time steps survived: 3072
Total runtime so far (hours/minutes/seconds): 11:03:08
----------------------------------------

----------------------------------------
TRIAL 83 STARTED
----------------------------------------
Start Time: 2024-05-02 07:24:22
TRIAL 83 COMPLETE ✔
End Time: 2024-05-02 07:29:45
Total runtime for this trial (minutes/seconds): 05:23
----------------------------------------
Total hill visits: 97
Total prediction errors: 593
Total search depth: 5149454
Total times memory accessed: 17929350
Total times 24 >= t < 49: 31
Total times 49 >= t < 74: 5
Total times 74 >= t < 99: 7
Total times t == 99: 0
Total time steps survived: 3092
Total runtime so far (hours/minutes/seconds): 11:08:31
----------------------------------------

----------------------------------------
TRIAL 84 STARTED
----------------------------------------
Start Time: 2024-05-02 07:29:45
TRIAL 84 COMPLETE ✔
End Time: 2024-05-02 07:39:22
Total runtime for this trial (minutes/seconds): 09:36
----------------------------------------
Total hill visits: 99
Total prediction errors: 598
Total search depth: 5225717
Total times memory accessed: 18190159
Total times 24 >= t < 49: 31
Total times 49 >= t < 74: 6
Total times 74 >= t < 99: 7
Total times t == 99: 0
Total time steps survived: 3157
Total runtime so far (hours/minutes/seconds): 11:18:07
----------------------------------------

----------------------------------------
TRIAL 85 STARTED
----------------------------------------
Start Time: 2024-05-02 07:39:22
TRIAL 85 COMPLETE ✔
End Time: 2024-05-02 08:11:29
Total runtime for this trial (minutes/seconds): 32:07
----------------------------------------
Total hill visits: 103
Total prediction errors: 611
Total search depth: 5482898
Total times memory accessed: 19074161
Total times 24 >= t < 49: 31
Total times 49 >= t < 74: 6
Total times 74 >= t < 99: 7
Total times t == 99: 0
Total time steps survived: 3256
Total runtime so far (hours/minutes/seconds): 11:50:14
----------------------------------------

----------------------------------------
TRIAL 86 STARTED
----------------------------------------
Start Time: 2024-05-02 08:11:29
TRIAL 86 COMPLETE ✔
End Time: 2024-05-02 08:39:38
Total runtime for this trial (minutes/seconds): 28:09
----------------------------------------
Total hill visits: 105
Total prediction errors: 621
Total search depth: 5721831
Total times memory accessed: 19842443
Total times 24 >= t < 49: 31
Total times 49 >= t < 74: 6
Total times 74 >= t < 99: 8
Total times t == 99: 0
Total time steps survived: 3353
Total runtime so far (hours/minutes/seconds): 12:18:24
----------------------------------------

----------------------------------------
TRIAL 87 STARTED
----------------------------------------
Start Time: 2024-05-02 08:39:38
TRIAL 87 COMPLETE ✔
End Time: 2024-05-02 09:03:03
Total runtime for this trial (minutes/seconds): 23:25
----------------------------------------
Total hill visits: 107
Total prediction errors: 633
Total search depth: 5909168
Total times memory accessed: 20468279
Total times 24 >= t < 49: 31
Total times 49 >= t < 74: 7
Total times 74 >= t < 99: 8
Total times t == 99: 0
Total time steps survived: 3425
Total runtime so far (hours/minutes/seconds): 12:41:49
----------------------------------------

----------------------------------------
TRIAL 88 STARTED
----------------------------------------
Start Time: 2024-05-02 09:03:03
TRIAL 88 COMPLETE ✔
End Time: 2024-05-02 09:11:52
Total runtime for this trial (minutes/seconds): 08:49
----------------------------------------
Total hill visits: 108
Total prediction errors: 640
Total search depth: 5973724
Total times memory accessed: 20705996
Total times 24 >= t < 49: 31
Total times 49 >= t < 74: 8
Total times 74 >= t < 99: 8
Total times t == 99: 0
Total time steps survived: 3475
Total runtime so far (hours/minutes/seconds): 12:50:38
----------------------------------------

----------------------------------------
TRIAL 89 STARTED
----------------------------------------
Start Time: 2024-05-02 09:11:52
TRIAL 89 COMPLETE ✔
End Time: 2024-05-02 09:46:38
Total runtime for this trial (minutes/seconds): 34:45
----------------------------------------
Total hill visits: 111
Total prediction errors: 650
Total search depth: 6247133
Total times memory accessed: 21628822
Total times 24 >= t < 49: 31
Total times 49 >= t < 74: 8
Total times 74 >= t < 99: 8
Total times t == 99: 0
Total time steps survived: 3574
Total runtime so far (hours/minutes/seconds): 13:25:23
----------------------------------------

----------------------------------------
TRIAL 90 STARTED
----------------------------------------
Start Time: 2024-05-02 09:46:38
TRIAL 90 COMPLETE ✔
End Time: 2024-05-02 09:53:25
Total runtime for this trial (minutes/seconds): 06:47
----------------------------------------
Total hill visits: 112
Total prediction errors: 654
Total search depth: 6304252
Total times memory accessed: 21811420
Total times 24 >= t < 49: 32
Total times 49 >= t < 74: 8
Total times 74 >= t < 99: 8
Total times t == 99: 0
Total time steps survived: 3610
Total runtime so far (hours/minutes/seconds): 13:32:11
----------------------------------------

----------------------------------------
TRIAL 91 STARTED
----------------------------------------
Start Time: 2024-05-02 09:53:25
TRIAL 91 COMPLETE ✔
End Time: 2024-05-02 10:03:56
Total runtime for this trial (minutes/seconds): 10:30
----------------------------------------
Total hill visits: 113
Total prediction errors: 661
Total search depth: 6393275
Total times memory accessed: 22095910
Total times 24 >= t < 49: 32
Total times 49 >= t < 74: 9
Total times 74 >= t < 99: 8
Total times t == 99: 0
Total time steps survived: 3678
Total runtime so far (hours/minutes/seconds): 13:42:41
----------------------------------------

----------------------------------------
TRIAL 92 STARTED
----------------------------------------
Start Time: 2024-05-02 10:03:56
TRIAL 92 COMPLETE ✔
End Time: 2024-05-02 10:13:07
Total runtime for this trial (minutes/seconds): 09:11
----------------------------------------
Total hill visits: 114
Total prediction errors: 668
Total search depth: 6469321
Total times memory accessed: 22346649
Total times 24 >= t < 49: 33
Total times 49 >= t < 74: 9
Total times 74 >= t < 99: 8
Total times t == 99: 0
Total time steps survived: 3721
Total runtime so far (hours/minutes/seconds): 13:51:53
----------------------------------------

----------------------------------------
TRIAL 93 STARTED
----------------------------------------
Start Time: 2024-05-02 10:13:08
TRIAL 93 COMPLETE ✔
End Time: 2024-05-02 10:37:40
Total runtime for this trial (minutes/seconds): 24:32
----------------------------------------
Total hill visits: 115
Total prediction errors: 679
Total search depth: 6671293
Total times memory accessed: 23035882
Total times 24 >= t < 49: 33
Total times 49 >= t < 74: 10
Total times 74 >= t < 99: 8
Total times t == 99: 0
Total time steps survived: 3775
Total runtime so far (hours/minutes/seconds): 14:16:25
----------------------------------------

----------------------------------------
TRIAL 94 STARTED
----------------------------------------
Start Time: 2024-05-02 10:37:40
TRIAL 94 COMPLETE ✔
End Time: 2024-05-02 10:41:25
Total runtime for this trial (minutes/seconds): 03:45
----------------------------------------
Total hill visits: 116
Total prediction errors: 684
Total search depth: 6710149
Total times memory accessed: 23159811
Total times 24 >= t < 49: 34
Total times 49 >= t < 74: 10
Total times 74 >= t < 99: 8
Total times t == 99: 0
Total time steps survived: 3800
Total runtime so far (hours/minutes/seconds): 14:20:10
----------------------------------------

----------------------------------------
TRIAL 95 STARTED
----------------------------------------
Start Time: 2024-05-02 10:41:25
TRIAL 95 COMPLETE ✔
End Time: 2024-05-02 10:56:53
Total runtime for this trial (minutes/seconds): 15:28
----------------------------------------
Total hill visits: 118
Total prediction errors: 690
Total search depth: 6857486
Total times memory accessed: 23658604
Total times 24 >= t < 49: 34
Total times 49 >= t < 74: 10
Total times 74 >= t < 99: 9
Total times t == 99: 0
Total time steps survived: 3881
Total runtime so far (hours/minutes/seconds): 14:35:38
----------------------------------------

----------------------------------------
TRIAL 96 STARTED
----------------------------------------
Start Time: 2024-05-02 10:56:53
TRIAL 96 COMPLETE ✔
End Time: 2024-05-02 11:23:08
Total runtime for this trial (minutes/seconds): 26:15
----------------------------------------
Total hill visits: 120
Total prediction errors: 705
Total search depth: 7100172
Total times memory accessed: 24466588
Total times 24 >= t < 49: 34
Total times 49 >= t < 74: 10
Total times 74 >= t < 99: 9
Total times t == 99: 0
Total time steps survived: 3980
Total runtime so far (hours/minutes/seconds): 15:01:54
----------------------------------------

----------------------------------------
TRIAL 97 STARTED
----------------------------------------
Start Time: 2024-05-02 11:23:08
TRIAL 97 COMPLETE ✔
End Time: 2024-05-02 11:47:32
Total runtime for this trial (minutes/seconds): 24:23
----------------------------------------
Total hill visits: 122
Total prediction errors: 717
Total search depth: 7331238
Total times memory accessed: 25195750
Total times 24 >= t < 49: 34
Total times 49 >= t < 74: 10
Total times 74 >= t < 99: 10
Total times t == 99: 0
Total time steps survived: 4072
Total runtime so far (hours/minutes/seconds): 15:26:17
----------------------------------------

----------------------------------------
TRIAL 98 STARTED
----------------------------------------
Start Time: 2024-05-02 11:47:32
TRIAL 98 COMPLETE ✔
End Time: 2024-05-02 11:53:00
Total runtime for this trial (minutes/seconds): 05:28
----------------------------------------
Total hill visits: 123
Total prediction errors: 720
Total search depth: 7383626
Total times memory accessed: 25356416
Total times 24 >= t < 49: 35
Total times 49 >= t < 74: 10
Total times 74 >= t < 99: 10
Total times t == 99: 0
Total time steps survived: 4099
Total runtime so far (hours/minutes/seconds): 15:31:46
----------------------------------------

----------------------------------------
TRIAL 99 STARTED
----------------------------------------
Start Time: 2024-05-02 11:53:00
TRIAL 99 COMPLETE ✔
End Time: 2024-05-02 12:14:33
Total runtime for this trial (minutes/seconds): 21:32
----------------------------------------
Total hill visits: 125
Total prediction errors: 729
Total search depth: 7567595
Total times memory accessed: 25972362
Total times 24 >= t < 49: 35
Total times 49 >= t < 74: 11
Total times 74 >= t < 99: 10
Total times t == 99: 0
Total time steps survived: 4165
Total runtime so far (hours/minutes/seconds): 15:53:19
----------------------------------------

----------------------------------------
TRIAL 100 STARTED
----------------------------------------
Start Time: 2024-05-02 12:14:33
TRIAL 100 COMPLETE ✔
End Time: 2024-05-02 12:20:42
Total runtime for this trial (minutes/seconds): 06:08
----------------------------------------
Total hill visits: 126
Total prediction errors: 731
Total search depth: 7616791
Total times memory accessed: 26143206
Total times 24 >= t < 49: 36
Total times 49 >= t < 74: 11
Total times 74 >= t < 99: 10
Total times t == 99: 0
Total time steps survived: 4194
Total runtime so far (hours/minutes/seconds): 15:59:27
----------------------------------------

----------------------------------------
TRIAL 101 STARTED
----------------------------------------
Start Time: 2024-05-02 12:20:42
TRIAL 101 COMPLETE ✔
End Time: 2024-05-02 12:26:40
Total runtime for this trial (minutes/seconds): 05:58
----------------------------------------
Total hill visits: 127
Total prediction errors: 735
Total search depth: 7668957
Total times memory accessed: 26320841
Total times 24 >= t < 49: 36
Total times 49 >= t < 74: 11
Total times 74 >= t < 99: 10
Total times t == 99: 0
Total time steps survived: 4216
Total runtime so far (hours/minutes/seconds): 16:05:26
----------------------------------------

----------------------------------------
TRIAL 102 STARTED
----------------------------------------
Start Time: 2024-05-02 12:26:40
TRIAL 102 COMPLETE ✔
End Time: 2024-05-02 12:52:26
Total runtime for this trial (minutes/seconds): 25:45
----------------------------------------
Total hill visits: 129
Total prediction errors: 746
Total search depth: 7904256
Total times memory accessed: 27095119
Total times 24 >= t < 49: 36
Total times 49 >= t < 74: 11
Total times 74 >= t < 99: 11
Total times t == 99: 0
Total time steps survived: 4307
Total runtime so far (hours/minutes/seconds): 16:31:11
----------------------------------------

----------------------------------------
TRIAL 103 STARTED
----------------------------------------
Start Time: 2024-05-02 12:52:26
TRIAL 103 COMPLETE ✔
End Time: 2024-05-02 13:05:02
Total runtime for this trial (minutes/seconds): 12:36
----------------------------------------
Total hill visits: 130
Total prediction errors: 755
Total search depth: 8022671
Total times memory accessed: 27475069
Total times 24 >= t < 49: 36
Total times 49 >= t < 74: 11
Total times 74 >= t < 99: 11
Total times t == 99: 0
Total time steps survived: 4327
Total runtime so far (hours/minutes/seconds): 16:43:48
----------------------------------------

----------------------------------------
TRIAL 104 STARTED
----------------------------------------
Start Time: 2024-05-02 13:05:02
TRIAL 104 COMPLETE ✔
End Time: 2024-05-02 13:22:52
Total runtime for this trial (minutes/seconds): 17:50
----------------------------------------
Total hill visits: 131
Total prediction errors: 761
Total search depth: 8180277
Total times memory accessed: 28004457
Total times 24 >= t < 49: 36
Total times 49 >= t < 74: 11
Total times 74 >= t < 99: 12
Total times t == 99: 0
Total time steps survived: 4421
Total runtime so far (hours/minutes/seconds): 17:01:38
----------------------------------------

----------------------------------------
TRIAL 105 STARTED
----------------------------------------
Start Time: 2024-05-02 13:22:52
TRIAL 105 COMPLETE ✔
End Time: 2024-05-02 13:28:08
Total runtime for this trial (minutes/seconds): 05:15
----------------------------------------
Total hill visits: 132
Total prediction errors: 763
Total search depth: 8227298
Total times memory accessed: 28160779
Total times 24 >= t < 49: 36
Total times 49 >= t < 74: 11
Total times 74 >= t < 99: 12
Total times t == 99: 0
Total time steps survived: 4441
Total runtime so far (hours/minutes/seconds): 17:06:53
----------------------------------------

----------------------------------------
TRIAL 106 STARTED
----------------------------------------
Start Time: 2024-05-02 13:28:08
TRIAL 106 COMPLETE ✔
End Time: 2024-05-02 13:35:09
Total runtime for this trial (minutes/seconds): 07:01
----------------------------------------
Total hill visits: 133
Total prediction errors: 766
Total search depth: 8285371
Total times memory accessed: 28354757
Total times 24 >= t < 49: 37
Total times 49 >= t < 74: 11
Total times 74 >= t < 99: 12
Total times t == 99: 0
Total time steps survived: 4469
Total runtime so far (hours/minutes/seconds): 17:13:54
----------------------------------------

----------------------------------------
TRIAL 107 STARTED
----------------------------------------
Start Time: 2024-05-02 13:35:09
TRIAL 107 COMPLETE ✔
End Time: 2024-05-02 14:10:30
Total runtime for this trial (minutes/seconds): 35:21
----------------------------------------
Total hill visits: 135
Total prediction errors: 779
Total search depth: 8620320
Total times memory accessed: 29483299
Total times 24 >= t < 49: 37
Total times 49 >= t < 74: 11
Total times 74 >= t < 99: 12
Total times t == 99: 0
Total time steps survived: 4568
Total runtime so far (hours/minutes/seconds): 17:49:15
----------------------------------------

----------------------------------------
TRIAL 108 STARTED
----------------------------------------
Start Time: 2024-05-02 14:10:30
TRIAL 108 COMPLETE ✔
End Time: 2024-05-02 14:19:23
Total runtime for this trial (minutes/seconds): 08:52
----------------------------------------
Total hill visits: 137
Total prediction errors: 784
Total search depth: 8706346
Total times memory accessed: 29783132
Total times 24 >= t < 49: 38
Total times 49 >= t < 74: 11
Total times 74 >= t < 99: 12
Total times t == 99: 0
Total time steps survived: 4593
Total runtime so far (hours/minutes/seconds): 17:58:08
----------------------------------------

----------------------------------------
TRIAL 109 STARTED
----------------------------------------
Start Time: 2024-05-02 14:19:23
TRIAL 109 COMPLETE ✔
End Time: 2024-05-02 14:27:52
Total runtime for this trial (minutes/seconds): 08:28
----------------------------------------
Total hill visits: 139
Total prediction errors: 789
Total search depth: 8787860
Total times memory accessed: 30069891
Total times 24 >= t < 49: 39
Total times 49 >= t < 74: 11
Total times 74 >= t < 99: 12
Total times t == 99: 0
Total time steps survived: 4618
Total runtime so far (hours/minutes/seconds): 18:06:37
----------------------------------------

----------------------------------------
TRIAL 110 STARTED
----------------------------------------
Start Time: 2024-05-02 14:27:52
TRIAL 110 COMPLETE ✔
End Time: 2024-05-02 14:42:40
Total runtime for this trial (minutes/seconds): 14:48
----------------------------------------
Total hill visits: 141
Total prediction errors: 795
Total search depth: 8927393
Total times memory accessed: 30533129
Total times 24 >= t < 49: 39
Total times 49 >= t < 74: 12
Total times 74 >= t < 99: 12
Total times t == 99: 0
Total time steps survived: 4677
Total runtime so far (hours/minutes/seconds): 18:21:25
----------------------------------------

----------------------------------------
TRIAL 111 STARTED
----------------------------------------
Start Time: 2024-05-02 14:42:40
TRIAL 111 COMPLETE ✔
End Time: 2024-05-02 14:55:08
Total runtime for this trial (minutes/seconds): 12:28
----------------------------------------
Total hill visits: 143
Total prediction errors: 803
Total search depth: 9048726
Total times memory accessed: 30917507
Total times 24 >= t < 49: 39
Total times 49 >= t < 74: 13
Total times 74 >= t < 99: 12
Total times t == 99: 0
Total time steps survived: 4735
Total runtime so far (hours/minutes/seconds): 18:33:53
----------------------------------------

----------------------------------------
TRIAL 112 STARTED
----------------------------------------
Start Time: 2024-05-02 14:55:08
TRIAL 112 COMPLETE ✔
End Time: 2024-05-02 15:07:10
Total runtime for this trial (minutes/seconds): 12:02
----------------------------------------
Total hill visits: 144
Total prediction errors: 811
Total search depth: 9175347
Total times memory accessed: 31308710
Total times 24 >= t < 49: 39
Total times 49 >= t < 74: 14
Total times 74 >= t < 99: 12
Total times t == 99: 0
Total time steps survived: 4791
Total runtime so far (hours/minutes/seconds): 18:45:56
----------------------------------------

----------------------------------------
TRIAL 113 STARTED
----------------------------------------
Start Time: 2024-05-02 15:07:10
TRIAL 113 COMPLETE ✔
End Time: 2024-05-02 15:09:19
Total runtime for this trial (minutes/seconds): 02:08
----------------------------------------
Total hill visits: 145
Total prediction errors: 813
Total search depth: 9197105
Total times memory accessed: 31374880
Total times 24 >= t < 49: 39
Total times 49 >= t < 74: 14
Total times 74 >= t < 99: 12
Total times t == 99: 0
Total time steps survived: 4811
Total runtime so far (hours/minutes/seconds): 18:48:04
----------------------------------------

----------------------------------------
TRIAL 114 STARTED
----------------------------------------
Start Time: 2024-05-02 15:09:19
TRIAL 114 COMPLETE ✔
End Time: 2024-05-02 15:16:38
Total runtime for this trial (minutes/seconds): 07:19
----------------------------------------
Total hill visits: 146
Total prediction errors: 818
Total search depth: 9267165
Total times memory accessed: 31593753
Total times 24 >= t < 49: 40
Total times 49 >= t < 74: 14
Total times 74 >= t < 99: 12
Total times t == 99: 0
Total time steps survived: 4857
Total runtime so far (hours/minutes/seconds): 18:55:24
----------------------------------------

----------------------------------------
TRIAL 115 STARTED
----------------------------------------
Start Time: 2024-05-02 15:16:39
TRIAL 115 COMPLETE ✔
End Time: 2024-05-02 15:37:28
Total runtime for this trial (minutes/seconds): 20:49
----------------------------------------
Total hill visits: 147
Total prediction errors: 825
Total search depth: 9440375
Total times memory accessed: 32176200
Total times 24 >= t < 49: 40
Total times 49 >= t < 74: 14
Total times 74 >= t < 99: 12
Total times t == 99: 0
Total time steps survived: 4956
Total runtime so far (hours/minutes/seconds): 19:16:13
----------------------------------------

----------------------------------------
TRIAL 116 STARTED
----------------------------------------
Start Time: 2024-05-02 15:37:28
TRIAL 116 COMPLETE ✔
End Time: 2024-05-02 15:53:38
Total runtime for this trial (minutes/seconds): 16:10
----------------------------------------
Total hill visits: 149
Total prediction errors: 832
Total search depth: 9576675
Total times memory accessed: 32604878
Total times 24 >= t < 49: 40
Total times 49 >= t < 74: 14
Total times 74 >= t < 99: 13
Total times t == 99: 0
Total time steps survived: 5036
Total runtime so far (hours/minutes/seconds): 19:32:24
----------------------------------------

----------------------------------------
TRIAL 117 STARTED
----------------------------------------
Start Time: 2024-05-02 15:53:38
TRIAL 117 COMPLETE ✔
End Time: 2024-05-02 16:06:56
Total runtime for this trial (minutes/seconds): 13:18
----------------------------------------
Total hill visits: 150
Total prediction errors: 838
Total search depth: 9687648
Total times memory accessed: 32976961
Total times 24 >= t < 49: 41
Total times 49 >= t < 74: 14
Total times 74 >= t < 99: 13
Total times t == 99: 0
Total time steps survived: 5083
Total runtime so far (hours/minutes/seconds): 19:45:42
----------------------------------------

----------------------------------------
TRIAL 118 STARTED
----------------------------------------
Start Time: 2024-05-02 16:06:56
TRIAL 118 COMPLETE ✔
End Time: 2024-05-02 16:19:27
Total runtime for this trial (minutes/seconds): 12:30
----------------------------------------
Total hill visits: 152
Total prediction errors: 846
Total search depth: 9795600
Total times memory accessed: 33320994
Total times 24 >= t < 49: 41
Total times 49 >= t < 74: 15
Total times 74 >= t < 99: 13
Total times t == 99: 0
Total time steps survived: 5149
Total runtime so far (hours/minutes/seconds): 19:58:13
----------------------------------------

----------------------------------------
TRIAL 119 STARTED
----------------------------------------
Start Time: 2024-05-02 16:19:27
TRIAL 119 COMPLETE ✔
End Time: 2024-05-02 16:33:58
Total runtime for this trial (minutes/seconds): 14:30
----------------------------------------
Total hill visits: 154
Total prediction errors: 853
Total search depth: 9930396
Total times memory accessed: 33735691
Total times 24 >= t < 49: 42
Total times 49 >= t < 74: 15
Total times 74 >= t < 99: 13
Total times t == 99: 0
Total time steps survived: 5187
Total runtime so far (hours/minutes/seconds): 20:12:44
----------------------------------------

----------------------------------------
TRIAL 120 STARTED
----------------------------------------
Start Time: 2024-05-02 16:33:58
TRIAL 120 COMPLETE ✔
End Time: 2024-05-02 17:02:19
Total runtime for this trial (minutes/seconds): 28:20
----------------------------------------
Total hill visits: 156
Total prediction errors: 867
Total search depth: 10202506
Total times memory accessed: 34611693
Total times 24 >= t < 49: 42
Total times 49 >= t < 74: 15
Total times 74 >= t < 99: 14
Total times t == 99: 0
Total time steps survived: 5283
Total runtime so far (hours/minutes/seconds): 20:41:05
----------------------------------------
EXPERIMENT COMPLETE ✔.
End Time: 2024-05-02 17:02:19
TOTAL RUNTIME (hours/minutes/seconds): 20:41:05
Traceback (most recent call last):
  File "/home/grmstj001/MATLAB-experiments/Sophisticated-Learning/src/Python/main.py", line 24, in <module>
    main(algorithm=args.algorithm, seed=args.seed)
  File "/home/grmstj001/MATLAB-experiments/Sophisticated-Learning/src/Python/main.py", line 8, in main
    si_experiment(seed)
  File "/home/grmstj001/MATLAB-experiments/Sophisticated-Learning/src/Python/algorithms/sophisticated_inference/sophisticated_inference.py", line 354, in experiment
    logging.info(f"AVERAGE RUNTIME PER TIME STEP: {round_half_up((runtime.total_seconds() / total_t), 3)} seconds")
NameError: name 'round_half_up' is not defined
/var/tmp/slurmd.spool/job2116110/slurm_script: line 32: deactivatepython: command not found
