Running main with ALGORITHM=SI, SEED=5, HORIZON=2, K_FACTOR=0.7, ROOT_FOLDER=/home/grmstj001, MCT=3, NUM_MCT=100, AUTO_REST=

                            < M A T L A B (R) >
                  Copyright 1984-2024 The MathWorks, Inc.
                  R2024a (24.1.0.2537033) 64-bit (glnxa64)
                             February 21, 2024

 
To get started, type doc.
For product information, visit www.mathworks.com.
 
Algorithm: SI
Seed: 5
Horizon: 2
K-factor: 0.70
Root folder: /home/grmstj001
MCT: 3
Number of MCT: 100
Auto restore: 0
Results file name: 

ans = 

  struct with fields:

     Type: 'twister'
     Seed: 5
    State: [625x1 uint32]


----------------------------------------
TRIAL 1 STARTED
----------------------------------------
Start Time: 2024-05-13 13:29:47
At time step 21 the agent is dead
The agent had 2 food, 0 water, and 5 sleep.
The total tree search depth for this trial was 1588. 
The agent accessed its memory 25919 times. 
The agent cleared its short-term memory 6 times. 
     State prediction error memory resets: 5. 
     Hill memory resets: 1. 
TRIAL 1 COMPLETE ✔
End Time: 2024-05-13 13:29:55
Total runtime for this trial (minutes/seconds): 00:08
----------------------------------------
Total hill visits: 1. 
Total prediction errors: 5. 
Total search depth: 1588. 
Total times memory accessed: 25919. 
Total times 25 >= t <= 50: 0. 
Total times 50 >= t <= 75: 0. 
Total times 75 >= t <= 100: 0. 
Total times t == 100: 0. 
Total time steps survived: 22. 
Total runtime so far (hours/minutes/seconds): 00:00:08
----------------------------------------

----------------------------------------
TRIAL 2 STARTED
----------------------------------------
Start Time: 2024-05-13 13:29:54
At time step 23 the agent is dead
The agent had 0 food, 9 water, and 3 sleep.
The total tree search depth for this trial was 11811. 
The agent accessed its memory 127117 times. 
The agent cleared its short-term memory 12 times. 
     State prediction error memory resets: 11. 
     Hill memory resets: 1. 
TRIAL 2 COMPLETE ✔
End Time: 2024-05-13 13:30:08
Total runtime for this trial (minutes/seconds): 00:14
----------------------------------------
Total hill visits: 2. 
Total prediction errors: 16. 
Total search depth: 13399. 
Total times memory accessed: 153036. 
Total times 25 >= t <= 50: 0. 
Total times 50 >= t <= 75: 0. 
Total times 75 >= t <= 100: 0. 
Total times t == 100: 0. 
Total time steps survived: 46. 
Total runtime so far (hours/minutes/seconds): 00:00:21
----------------------------------------

----------------------------------------
TRIAL 3 STARTED
----------------------------------------
Start Time: 2024-05-13 13:30:07
At time step 26 the agent is dead
The agent had 17 food, 18 water, and 0 sleep.
The total tree search depth for this trial was 7552. 
The agent accessed its memory 55659 times. 
The agent cleared its short-term memory 14 times. 
     State prediction error memory resets: 13. 
     Hill memory resets: 1. 
TRIAL 3 COMPLETE ✔
End Time: 2024-05-13 13:30:18
Total runtime for this trial (minutes/seconds): 00:11
----------------------------------------
Total hill visits: 3. 
Total prediction errors: 29. 
Total search depth: 20951. 
Total times memory accessed: 208695. 
Total times 25 >= t <= 50: 1. 
Total times 50 >= t <= 75: 0. 
Total times 75 >= t <= 100: 0. 
Total times t == 100: 0. 
Total time steps survived: 73. 
Total runtime so far (hours/minutes/seconds): 00:00:31
----------------------------------------

----------------------------------------
TRIAL 4 STARTED
----------------------------------------
Start Time: 2024-05-13 13:30:17
At time step 21 the agent is dead
The agent had 2 food, 0 water, and 5 sleep.
The total tree search depth for this trial was 2793. 
The agent accessed its memory 26682 times. 
The agent cleared its short-term memory 9 times. 
     State prediction error memory resets: 9. 
     Hill memory resets: 0. 
TRIAL 4 COMPLETE ✔
End Time: 2024-05-13 13:30:23
Total runtime for this trial (minutes/seconds): 00:06
----------------------------------------
Total hill visits: 3. 
Total prediction errors: 38. 
Total search depth: 23744. 
Total times memory accessed: 235377. 
Total times 25 >= t <= 50: 1. 
Total times 50 >= t <= 75: 0. 
Total times 75 >= t <= 100: 0. 
Total times t == 100: 0. 
Total time steps survived: 95. 
Total runtime so far (hours/minutes/seconds): 00:00:36
----------------------------------------

----------------------------------------
TRIAL 5 STARTED
----------------------------------------
Start Time: 2024-05-13 13:30:22
At time step 21 the agent is dead
The agent had 2 food, 0 water, and 5 sleep.
The total tree search depth for this trial was 5786. 
The agent accessed its memory 51545 times. 
The agent cleared its short-term memory 11 times. 
     State prediction error memory resets: 11. 
     Hill memory resets: 0. 
TRIAL 5 COMPLETE ✔
End Time: 2024-05-13 13:30:33
Total runtime for this trial (minutes/seconds): 00:11
----------------------------------------
Total hill visits: 3. 
Total prediction errors: 49. 
Total search depth: 29530. 
Total times memory accessed: 286922. 
Total times 25 >= t <= 50: 1. 
Total times 50 >= t <= 75: 0. 
Total times 75 >= t <= 100: 0. 
Total times t == 100: 0. 
Total time steps survived: 117. 
Total runtime so far (hours/minutes/seconds): 00:00:46
----------------------------------------

----------------------------------------
TRIAL 6 STARTED
----------------------------------------
Start Time: 2024-05-13 13:30:32
At time step 26 the agent is dead
The agent had 2 food, 5 water, and 0 sleep.
The total tree search depth for this trial was 28218. 
The agent accessed its memory 222428 times. 
The agent cleared its short-term memory 14 times. 
     State prediction error memory resets: 14. 
     Hill memory resets: 0. 
TRIAL 6 COMPLETE ✔
End Time: 2024-05-13 13:31:07
Total runtime for this trial (minutes/seconds): 00:35
----------------------------------------
Total hill visits: 3. 
Total prediction errors: 63. 
Total search depth: 57748. 
Total times memory accessed: 509350. 
Total times 25 >= t <= 50: 2. 
Total times 50 >= t <= 75: 0. 
Total times 75 >= t <= 100: 0. 
Total times t == 100: 0. 
Total time steps survived: 144. 
Total runtime so far (hours/minutes/seconds): 00:01:20
----------------------------------------

----------------------------------------
TRIAL 7 STARTED
----------------------------------------
Start Time: 2024-05-13 13:31:06
At time step 21 the agent is dead
The agent had 4 food, 0 water, and 5 sleep.
The total tree search depth for this trial was 20276. 
The agent accessed its memory 188637 times. 
The agent cleared its short-term memory 14 times. 
     State prediction error memory resets: 13. 
     Hill memory resets: 1. 
TRIAL 7 COMPLETE ✔
End Time: 2024-05-13 13:31:36
Total runtime for this trial (minutes/seconds): 00:30
----------------------------------------
Total hill visits: 4. 
Total prediction errors: 76. 
Total search depth: 78024. 
Total times memory accessed: 697987. 
Total times 25 >= t <= 50: 2. 
Total times 50 >= t <= 75: 0. 
Total times 75 >= t <= 100: 0. 
Total times t == 100: 0. 
Total time steps survived: 166. 
Total runtime so far (hours/minutes/seconds): 00:01:49
----------------------------------------

----------------------------------------
TRIAL 8 STARTED
----------------------------------------
Start Time: 2024-05-13 13:31:35
At time step 21 the agent is dead
The agent had 2 food, 0 water, and 5 sleep.
The total tree search depth for this trial was 4889. 
The agent accessed its memory 46820 times. 
The agent cleared its short-term memory 12 times. 
     State prediction error memory resets: 12. 
     Hill memory resets: 0. 
TRIAL 8 COMPLETE ✔
End Time: 2024-05-13 13:31:45
Total runtime for this trial (minutes/seconds): 00:10
----------------------------------------
Total hill visits: 4. 
Total prediction errors: 88. 
Total search depth: 82913. 
Total times memory accessed: 744807. 
Total times 25 >= t <= 50: 2. 
Total times 50 >= t <= 75: 0. 
Total times 75 >= t <= 100: 0. 
Total times t == 100: 0. 
Total time steps survived: 188. 
Total runtime so far (hours/minutes/seconds): 00:01:58
----------------------------------------

----------------------------------------
TRIAL 9 STARTED
----------------------------------------
Start Time: 2024-05-13 13:31:44
At time step 21 the agent is dead
The agent had 2 food, 0 water, and 5 sleep.
The total tree search depth for this trial was 4231. 
The agent accessed its memory 41144 times. 
The agent cleared its short-term memory 13 times. 
     State prediction error memory resets: 13. 
     Hill memory resets: 0. 
TRIAL 9 COMPLETE ✔
End Time: 2024-05-13 13:31:52
Total runtime for this trial (minutes/seconds): 00:08
----------------------------------------
Total hill visits: 4. 
Total prediction errors: 101. 
Total search depth: 87144. 
Total times memory accessed: 785951. 
Total times 25 >= t <= 50: 2. 
Total times 50 >= t <= 75: 0. 
Total times 75 >= t <= 100: 0. 
Total times t == 100: 0. 
Total time steps survived: 210. 
Total runtime so far (hours/minutes/seconds): 00:02:05
----------------------------------------

----------------------------------------
TRIAL 10 STARTED
----------------------------------------
Start Time: 2024-05-13 13:31:51
At time step 21 the agent is dead
The agent had 2 food, 0 water, and 5 sleep.
The total tree search depth for this trial was 5873. 
The agent accessed its memory 55560 times. 
The agent cleared its short-term memory 7 times. 
     State prediction error memory resets: 7. 
     Hill memory resets: 0. 
TRIAL 10 COMPLETE ✔
End Time: 2024-05-13 13:32:03
Total runtime for this trial (minutes/seconds): 00:12
----------------------------------------
Total hill visits: 4. 
Total prediction errors: 108. 
Total search depth: 93017. 
Total times memory accessed: 841511. 
Total times 25 >= t <= 50: 2. 
Total times 50 >= t <= 75: 0. 
Total times 75 >= t <= 100: 0. 
Total times t == 100: 0. 
Total time steps survived: 232. 
Total runtime so far (hours/minutes/seconds): 00:02:16
----------------------------------------

----------------------------------------
TRIAL 11 STARTED
----------------------------------------
Start Time: 2024-05-13 13:32:02
At time step 21 the agent is dead
The agent had 2 food, 0 water, and 5 sleep.
The total tree search depth for this trial was 3102. 
The agent accessed its memory 26084 times. 
The agent cleared its short-term memory 3 times. 
     State prediction error memory resets: 2. 
     Hill memory resets: 1. 
TRIAL 11 COMPLETE ✔
End Time: 2024-05-13 13:32:07
Total runtime for this trial (minutes/seconds): 00:05
----------------------------------------
Total hill visits: 5. 
Total prediction errors: 110. 
Total search depth: 96119. 
Total times memory accessed: 867595. 
Total times 25 >= t <= 50: 2. 
Total times 50 >= t <= 75: 0. 
Total times 75 >= t <= 100: 0. 
Total times t == 100: 0. 
Total time steps survived: 254. 
Total runtime so far (hours/minutes/seconds): 00:02:20
----------------------------------------

----------------------------------------
TRIAL 12 STARTED
----------------------------------------
Start Time: 2024-05-13 13:32:06
At time step 21 the agent is dead
The agent had 2 food, 0 water, and 5 sleep.
The total tree search depth for this trial was 7861. 
The agent accessed its memory 64409 times. 
The agent cleared its short-term memory 16 times. 
     State prediction error memory resets: 14. 
     Hill memory resets: 2. 
TRIAL 12 COMPLETE ✔
End Time: 2024-05-13 13:32:20
Total runtime for this trial (minutes/seconds): 00:14
----------------------------------------
Total hill visits: 7. 
Total prediction errors: 124. 
Total search depth: 103980. 
Total times memory accessed: 932004. 
Total times 25 >= t <= 50: 2. 
Total times 50 >= t <= 75: 0. 
Total times 75 >= t <= 100: 0. 
Total times t == 100: 0. 
Total time steps survived: 276. 
Total runtime so far (hours/minutes/seconds): 00:02:33
----------------------------------------

----------------------------------------
TRIAL 13 STARTED
----------------------------------------
Start Time: 2024-05-13 13:32:19
At time step 21 the agent is dead
The agent had 2 food, 0 water, and 5 sleep.
The total tree search depth for this trial was 3058. 
The agent accessed its memory 27521 times. 
The agent cleared its short-term memory 14 times. 
     State prediction error memory resets: 13. 
     Hill memory resets: 1. 
TRIAL 13 COMPLETE ✔
End Time: 2024-05-13 13:32:27
Total runtime for this trial (minutes/seconds): 00:08
----------------------------------------
Total hill visits: 8. 
Total prediction errors: 137. 
Total search depth: 107038. 
Total times memory accessed: 959525. 
Total times 25 >= t <= 50: 2. 
Total times 50 >= t <= 75: 0. 
Total times 75 >= t <= 100: 0. 
Total times t == 100: 0. 
Total time steps survived: 298. 
Total runtime so far (hours/minutes/seconds): 00:02:40
----------------------------------------

----------------------------------------
TRIAL 14 STARTED
----------------------------------------
Start Time: 2024-05-13 13:32:26
At time step 21 the agent is dead
The agent had 2 food, 0 water, and 5 sleep.
The total tree search depth for this trial was 9934. 
The agent accessed its memory 99311 times. 
The agent cleared its short-term memory 10 times. 
     State prediction error memory resets: 10. 
     Hill memory resets: 0. 
TRIAL 14 COMPLETE ✔
End Time: 2024-05-13 13:32:43
Total runtime for this trial (minutes/seconds): 00:17
----------------------------------------
Total hill visits: 8. 
Total prediction errors: 147. 
Total search depth: 116972. 
Total times memory accessed: 1058836. 
Total times 25 >= t <= 50: 2. 
Total times 50 >= t <= 75: 0. 
Total times 75 >= t <= 100: 0. 
Total times t == 100: 0. 
Total time steps survived: 320. 
Total runtime so far (hours/minutes/seconds): 00:02:56
----------------------------------------

----------------------------------------
TRIAL 15 STARTED
----------------------------------------
Start Time: 2024-05-13 13:32:42
At time step 21 the agent is dead
The agent had 2 food, 0 water, and 5 sleep.
The total tree search depth for this trial was 3513. 
The agent accessed its memory 33179 times. 
The agent cleared its short-term memory 5 times. 
     State prediction error memory resets: 4. 
     Hill memory resets: 1. 
TRIAL 15 COMPLETE ✔
End Time: 2024-05-13 13:32:49
Total runtime for this trial (minutes/seconds): 00:07
----------------------------------------
Total hill visits: 9. 
Total prediction errors: 151. 
Total search depth: 120485. 
Total times memory accessed: 1092015. 
Total times 25 >= t <= 50: 2. 
Total times 50 >= t <= 75: 0. 
Total times 75 >= t <= 100: 0. 
Total times t == 100: 0. 
Total time steps survived: 342. 
Total runtime so far (hours/minutes/seconds): 00:03:02
----------------------------------------

----------------------------------------
TRIAL 16 STARTED
----------------------------------------
Start Time: 2024-05-13 13:32:48
At time step 21 the agent is dead
The agent had 2 food, 0 water, and 5 sleep.
The total tree search depth for this trial was 3739. 
The agent accessed its memory 38708 times. 
The agent cleared its short-term memory 8 times. 
     State prediction error memory resets: 8. 
     Hill memory resets: 0. 
TRIAL 16 COMPLETE ✔
End Time: 2024-05-13 13:32:56
Total runtime for this trial (minutes/seconds): 00:08
----------------------------------------
Total hill visits: 9. 
Total prediction errors: 159. 
Total search depth: 124224. 
Total times memory accessed: 1130723. 
Total times 25 >= t <= 50: 2. 
Total times 50 >= t <= 75: 0. 
Total times 75 >= t <= 100: 0. 
Total times t == 100: 0. 
Total time steps survived: 364. 
Total runtime so far (hours/minutes/seconds): 00:03:09
----------------------------------------

----------------------------------------
TRIAL 17 STARTED
----------------------------------------
Start Time: 2024-05-13 13:32:55
At time step 26 the agent is dead
The agent had 13 food, 15 water, and 0 sleep.
The total tree search depth for this trial was 11650. 
The agent accessed its memory 94914 times. 
The agent cleared its short-term memory 10 times. 
     State prediction error memory resets: 10. 
     Hill memory resets: 0. 
TRIAL 17 COMPLETE ✔
End Time: 2024-05-13 13:33:14
Total runtime for this trial (minutes/seconds): 00:19
----------------------------------------
Total hill visits: 9. 
Total prediction errors: 169. 
Total search depth: 135874. 
Total times memory accessed: 1225637. 
Total times 25 >= t <= 50: 3. 
Total times 50 >= t <= 75: 0. 
Total times 75 >= t <= 100: 0. 
Total times t == 100: 0. 
Total time steps survived: 391. 
Total runtime so far (hours/minutes/seconds): 00:03:27
----------------------------------------

----------------------------------------
TRIAL 18 STARTED
----------------------------------------
Start Time: 2024-05-13 13:33:13
At time step 21 the agent is dead
The agent had 2 food, 0 water, and 5 sleep.
The total tree search depth for this trial was 7431. 
The agent accessed its memory 72662 times. 
The agent cleared its short-term memory 12 times. 
     State prediction error memory resets: 11. 
     Hill memory resets: 1. 
TRIAL 18 COMPLETE ✔
End Time: 2024-05-13 13:33:26
Total runtime for this trial (minutes/seconds): 00:13
----------------------------------------
Total hill visits: 10. 
Total prediction errors: 180. 
Total search depth: 143305. 
Total times memory accessed: 1298299. 
Total times 25 >= t <= 50: 3. 
Total times 50 >= t <= 75: 0. 
Total times 75 >= t <= 100: 0. 
Total times t == 100: 0. 
Total time steps survived: 413. 
Total runtime so far (hours/minutes/seconds): 00:03:39
----------------------------------------

----------------------------------------
TRIAL 19 STARTED
----------------------------------------
Start Time: 2024-05-13 13:33:25
At time step 21 the agent is dead
The agent had 2 food, 0 water, and 5 sleep.
The total tree search depth for this trial was 4855. 
The agent accessed its memory 45485 times. 
The agent cleared its short-term memory 15 times. 
     State prediction error memory resets: 14. 
     Hill memory resets: 1. 
TRIAL 19 COMPLETE ✔
End Time: 2024-05-13 13:33:34
Total runtime for this trial (minutes/seconds): 00:09
----------------------------------------
Total hill visits: 11. 
Total prediction errors: 194. 
Total search depth: 148160. 
Total times memory accessed: 1343784. 
Total times 25 >= t <= 50: 3. 
Total times 50 >= t <= 75: 0. 
Total times 75 >= t <= 100: 0. 
Total times t == 100: 0. 
Total time steps survived: 435. 
Total runtime so far (hours/minutes/seconds): 00:03:47
----------------------------------------

----------------------------------------
TRIAL 20 STARTED
----------------------------------------
Start Time: 2024-05-13 13:33:33
At time step 21 the agent is dead
The agent had 2 food, 0 water, and 5 sleep.
The total tree search depth for this trial was 7512. 
The agent accessed its memory 74173 times. 
The agent cleared its short-term memory 6 times. 
     State prediction error memory resets: 6. 
     Hill memory resets: 0. 
TRIAL 20 COMPLETE ✔
End Time: 2024-05-13 13:33:46
Total runtime for this trial (minutes/seconds): 00:13
----------------------------------------
Total hill visits: 11. 
Total prediction errors: 200. 
Total search depth: 155672. 
Total times memory accessed: 1417957. 
Total times 25 >= t <= 50: 3. 
Total times 50 >= t <= 75: 0. 
Total times 75 >= t <= 100: 0. 
Total times t == 100: 0. 
Total time steps survived: 457. 
Total runtime so far (hours/minutes/seconds): 00:03:59
----------------------------------------

----------------------------------------
TRIAL 21 STARTED
----------------------------------------
Start Time: 2024-05-13 13:33:45
At time step 23 the agent is dead
The agent had 0 food, 5 water, and 20 sleep.
The total tree search depth for this trial was 26916. 
The agent accessed its memory 193413 times. 
The agent cleared its short-term memory 17 times. 
     State prediction error memory resets: 16. 
     Hill memory resets: 1. 
TRIAL 21 COMPLETE ✔
End Time: 2024-05-13 13:34:22
Total runtime for this trial (minutes/seconds): 00:37
----------------------------------------
Total hill visits: 12. 
Total prediction errors: 216. 
Total search depth: 182588. 
Total times memory accessed: 1611370. 
Total times 25 >= t <= 50: 3. 
Total times 50 >= t <= 75: 0. 
Total times 75 >= t <= 100: 0. 
Total times t == 100: 0. 
Total time steps survived: 481. 
Total runtime so far (hours/minutes/seconds): 00:04:35
----------------------------------------

----------------------------------------
TRIAL 22 STARTED
----------------------------------------
Start Time: 2024-05-13 13:34:21
At time step 23 the agent is dead
The agent had 0 food, 19 water, and 3 sleep.
The total tree search depth for this trial was 3512. 
The agent accessed its memory 31560 times. 
The agent cleared its short-term memory 10 times. 
     State prediction error memory resets: 8. 
     Hill memory resets: 2. 
TRIAL 22 COMPLETE ✔
End Time: 2024-05-13 13:34:29
Total runtime for this trial (minutes/seconds): 00:08
----------------------------------------
Total hill visits: 14. 
Total prediction errors: 224. 
Total search depth: 186100. 
Total times memory accessed: 1642930. 
Total times 25 >= t <= 50: 3. 
Total times 50 >= t <= 75: 0. 
Total times 75 >= t <= 100: 0. 
Total times t == 100: 0. 
Total time steps survived: 505. 
Total runtime so far (hours/minutes/seconds): 00:04:42
----------------------------------------

----------------------------------------
TRIAL 23 STARTED
----------------------------------------
Start Time: 2024-05-13 13:34:28
At time step 21 the agent is dead
The agent had 2 food, 0 water, and 5 sleep.
The total tree search depth for this trial was 6099. 
The agent accessed its memory 51035 times. 
The agent cleared its short-term memory 11 times. 
     State prediction error memory resets: 9. 
     Hill memory resets: 2. 
TRIAL 23 COMPLETE ✔
End Time: 2024-05-13 13:34:39
Total runtime for this trial (minutes/seconds): 00:11
----------------------------------------
Total hill visits: 16. 
Total prediction errors: 233. 
Total search depth: 192199. 
Total times memory accessed: 1693965. 
Total times 25 >= t <= 50: 3. 
Total times 50 >= t <= 75: 0. 
Total times 75 >= t <= 100: 0. 
Total times t == 100: 0. 
Total time steps survived: 527. 
Total runtime so far (hours/minutes/seconds): 00:04:52
----------------------------------------

----------------------------------------
TRIAL 24 STARTED
----------------------------------------
Start Time: 2024-05-13 13:34:38
At time step 21 the agent is dead
The agent had 2 food, 0 water, and 5 sleep.
The total tree search depth for this trial was 5383. 
The agent accessed its memory 53548 times. 
The agent cleared its short-term memory 14 times. 
     State prediction error memory resets: 14. 
     Hill memory resets: 0. 
TRIAL 24 COMPLETE ✔
End Time: 2024-05-13 13:34:48
Total runtime for this trial (minutes/seconds): 00:10
----------------------------------------
Total hill visits: 16. 
Total prediction errors: 247. 
Total search depth: 197582. 
Total times memory accessed: 1747513. 
Total times 25 >= t <= 50: 3. 
Total times 50 >= t <= 75: 0. 
Total times 75 >= t <= 100: 0. 
Total times t == 100: 0. 
Total time steps survived: 549. 
Total runtime so far (hours/minutes/seconds): 00:05:01
----------------------------------------

----------------------------------------
TRIAL 25 STARTED
----------------------------------------
Start Time: 2024-05-13 13:34:47
At time step 21 the agent is dead
The agent had 2 food, 0 water, and 5 sleep.
The total tree search depth for this trial was 6135. 
The agent accessed its memory 56101 times. 
The agent cleared its short-term memory 16 times. 
     State prediction error memory resets: 15. 
     Hill memory resets: 1. 
TRIAL 25 COMPLETE ✔
End Time: 2024-05-13 13:34:59
Total runtime for this trial (minutes/seconds): 00:12
----------------------------------------
Total hill visits: 17. 
Total prediction errors: 262. 
Total search depth: 203717. 
Total times memory accessed: 1803614. 
Total times 25 >= t <= 50: 3. 
Total times 50 >= t <= 75: 0. 
Total times 75 >= t <= 100: 0. 
Total times t == 100: 0. 
Total time steps survived: 571. 
Total runtime so far (hours/minutes/seconds): 00:05:12
----------------------------------------

----------------------------------------
TRIAL 26 STARTED
----------------------------------------
Start Time: 2024-05-13 13:34:58
At time step 21 the agent is dead
The agent had 2 food, 0 water, and 5 sleep.
The total tree search depth for this trial was 5502. 
The agent accessed its memory 51195 times. 
The agent cleared its short-term memory 14 times. 
     State prediction error memory resets: 12. 
     Hill memory resets: 2. 
TRIAL 26 COMPLETE ✔
End Time: 2024-05-13 13:35:09
Total runtime for this trial (minutes/seconds): 00:11
----------------------------------------
Total hill visits: 19. 
Total prediction errors: 274. 
Total search depth: 209219. 
Total times memory accessed: 1854809. 
Total times 25 >= t <= 50: 3. 
Total times 50 >= t <= 75: 0. 
Total times 75 >= t <= 100: 0. 
Total times t == 100: 0. 
Total time steps survived: 593. 
Total runtime so far (hours/minutes/seconds): 00:05:22
----------------------------------------

----------------------------------------
TRIAL 27 STARTED
----------------------------------------
Start Time: 2024-05-13 13:35:08
At time step 21 the agent is dead
The agent had 2 food, 0 water, and 5 sleep.
The total tree search depth for this trial was 3376. 
The agent accessed its memory 33423 times. 
The agent cleared its short-term memory 12 times. 
     State prediction error memory resets: 11. 
     Hill memory resets: 1. 
TRIAL 27 COMPLETE ✔
End Time: 2024-05-13 13:35:14
Total runtime for this trial (minutes/seconds): 00:06
----------------------------------------
Total hill visits: 20. 
Total prediction errors: 285. 
Total search depth: 212595. 
Total times memory accessed: 1888232. 
Total times 25 >= t <= 50: 3. 
Total times 50 >= t <= 75: 0. 
Total times 75 >= t <= 100: 0. 
Total times t == 100: 0. 
Total time steps survived: 615. 
Total runtime so far (hours/minutes/seconds): 00:05:27
----------------------------------------

----------------------------------------
TRIAL 28 STARTED
----------------------------------------
Start Time: 2024-05-13 13:35:13
At time step 21 the agent is dead
The agent had 2 food, 0 water, and 5 sleep.
The total tree search depth for this trial was 10942. 
The agent accessed its memory 85906 times. 
The agent cleared its short-term memory 14 times. 
     State prediction error memory resets: 11. 
     Hill memory resets: 3. 
TRIAL 28 COMPLETE ✔
End Time: 2024-05-13 13:35:32
Total runtime for this trial (minutes/seconds): 00:19
----------------------------------------
Total hill visits: 23. 
Total prediction errors: 296. 
Total search depth: 223537. 
Total times memory accessed: 1974138. 
Total times 25 >= t <= 50: 3. 
Total times 50 >= t <= 75: 0. 
Total times 75 >= t <= 100: 0. 
Total times t == 100: 0. 
Total time steps survived: 637. 
Total runtime so far (hours/minutes/seconds): 00:05:45
----------------------------------------

----------------------------------------
TRIAL 29 STARTED
----------------------------------------
Start Time: 2024-05-13 13:35:31
At time step 21 the agent is dead
The agent had 2 food, 0 water, and 5 sleep.
The total tree search depth for this trial was 3850. 
The agent accessed its memory 39360 times. 
The agent cleared its short-term memory 10 times. 
     State prediction error memory resets: 9. 
     Hill memory resets: 1. 
TRIAL 29 COMPLETE ✔
End Time: 2024-05-13 13:35:38
Total runtime for this trial (minutes/seconds): 00:07
----------------------------------------
Total hill visits: 24. 
Total prediction errors: 305. 
Total search depth: 227387. 
Total times memory accessed: 2013498. 
Total times 25 >= t <= 50: 3. 
Total times 50 >= t <= 75: 0. 
Total times 75 >= t <= 100: 0. 
Total times t == 100: 0. 
Total time steps survived: 659. 
Total runtime so far (hours/minutes/seconds): 00:05:51
----------------------------------------

----------------------------------------
TRIAL 30 STARTED
----------------------------------------
Start Time: 2024-05-13 13:35:37
At time step 21 the agent is dead
The agent had 2 food, 0 water, and 5 sleep.
The total tree search depth for this trial was 3406. 
The agent accessed its memory 33804 times. 
The agent cleared its short-term memory 10 times. 
     State prediction error memory resets: 9. 
     Hill memory resets: 1. 
TRIAL 30 COMPLETE ✔
End Time: 2024-05-13 13:35:43
Total runtime for this trial (minutes/seconds): 00:06
----------------------------------------
Total hill visits: 25. 
Total prediction errors: 314. 
Total search depth: 230793. 
Total times memory accessed: 2047302. 
Total times 25 >= t <= 50: 3. 
Total times 50 >= t <= 75: 0. 
Total times 75 >= t <= 100: 0. 
Total times t == 100: 0. 
Total time steps survived: 681. 
Total runtime so far (hours/minutes/seconds): 00:05:56
----------------------------------------

----------------------------------------
TRIAL 31 STARTED
----------------------------------------
Start Time: 2024-05-13 13:35:42
At time step 21 the agent is dead
The agent had 12 food, 0 water, and 5 sleep.
The total tree search depth for this trial was 17596. 
The agent accessed its memory 125490 times. 
The agent cleared its short-term memory 14 times. 
     State prediction error memory resets: 12. 
     Hill memory resets: 2. 
TRIAL 31 COMPLETE ✔
End Time: 2024-05-13 13:36:07
Total runtime for this trial (minutes/seconds): 00:25
----------------------------------------
Total hill visits: 27. 
Total prediction errors: 326. 
Total search depth: 248389. 
Total times memory accessed: 2172792. 
Total times 25 >= t <= 50: 3. 
Total times 50 >= t <= 75: 0. 
Total times 75 >= t <= 100: 0. 
Total times t == 100: 0. 
Total time steps survived: 703. 
Total runtime so far (hours/minutes/seconds): 00:06:20
----------------------------------------

----------------------------------------
TRIAL 32 STARTED
----------------------------------------
Start Time: 2024-05-13 13:36:06
At time step 23 the agent is dead
The agent had 0 food, 12 water, and 23 sleep.
The total tree search depth for this trial was 32353. 
The agent accessed its memory 224949 times. 
The agent cleared its short-term memory 7 times. 
     State prediction error memory resets: 6. 
     Hill memory resets: 1. 
TRIAL 32 COMPLETE ✔
End Time: 2024-05-13 13:36:51
Total runtime for this trial (minutes/seconds): 00:45
----------------------------------------
Total hill visits: 28. 
Total prediction errors: 332. 
Total search depth: 280742. 
Total times memory accessed: 2397741. 
Total times 25 >= t <= 50: 3. 
Total times 50 >= t <= 75: 0. 
Total times 75 >= t <= 100: 0. 
Total times t == 100: 0. 
Total time steps survived: 727. 
Total runtime so far (hours/minutes/seconds): 00:07:04
----------------------------------------

----------------------------------------
TRIAL 33 STARTED
----------------------------------------
Start Time: 2024-05-13 13:36:50
At time step 26 the agent is dead
The agent had 19 food, 15 water, and 0 sleep.
The total tree search depth for this trial was 12095. 
The agent accessed its memory 92101 times. 
The agent cleared its short-term memory 8 times. 
     State prediction error memory resets: 7. 
     Hill memory resets: 1. 
TRIAL 33 COMPLETE ✔
End Time: 2024-05-13 13:37:08
Total runtime for this trial (minutes/seconds): 00:18
----------------------------------------
Total hill visits: 29. 
Total prediction errors: 339. 
Total search depth: 292837. 
Total times memory accessed: 2489842. 
Total times 25 >= t <= 50: 4. 
Total times 50 >= t <= 75: 0. 
Total times 75 >= t <= 100: 0. 
Total times t == 100: 0. 
Total time steps survived: 754. 
Total runtime so far (hours/minutes/seconds): 00:07:21
----------------------------------------

----------------------------------------
TRIAL 34 STARTED
----------------------------------------
Start Time: 2024-05-13 13:37:07
At time step 21 the agent is dead
The agent had 2 food, 0 water, and 14 sleep.
The total tree search depth for this trial was 33088. 
The agent accessed its memory 245382 times. 
The agent cleared its short-term memory 9 times. 
     State prediction error memory resets: 7. 
     Hill memory resets: 2. 
TRIAL 34 COMPLETE ✔
End Time: 2024-05-13 13:37:55
Total runtime for this trial (minutes/seconds): 00:48
----------------------------------------
Total hill visits: 31. 
Total prediction errors: 346. 
Total search depth: 325925. 
Total times memory accessed: 2735224. 
Total times 25 >= t <= 50: 4. 
Total times 50 >= t <= 75: 0. 
Total times 75 >= t <= 100: 0. 
Total times t == 100: 0. 
Total time steps survived: 776. 
Total runtime so far (hours/minutes/seconds): 00:08:08
----------------------------------------

----------------------------------------
TRIAL 35 STARTED
----------------------------------------
Start Time: 2024-05-13 13:37:54
At time step 21 the agent is dead
The agent had 2 food, 0 water, and 5 sleep.
The total tree search depth for this trial was 6310. 
The agent accessed its memory 50926 times. 
The agent cleared its short-term memory 12 times. 
     State prediction error memory resets: 11. 
     Hill memory resets: 1. 
TRIAL 35 COMPLETE ✔
End Time: 2024-05-13 13:38:06
Total runtime for this trial (minutes/seconds): 00:12
----------------------------------------
Total hill visits: 32. 
Total prediction errors: 357. 
Total search depth: 332235. 
Total times memory accessed: 2786150. 
Total times 25 >= t <= 50: 4. 
Total times 50 >= t <= 75: 0. 
Total times 75 >= t <= 100: 0. 
Total times t == 100: 0. 
Total time steps survived: 798. 
Total runtime so far (hours/minutes/seconds): 00:08:19
----------------------------------------

----------------------------------------
TRIAL 36 STARTED
----------------------------------------
Start Time: 2024-05-13 13:38:05
At time step 21 the agent is dead
The agent had 2 food, 0 water, and 5 sleep.
The total tree search depth for this trial was 5853. 
The agent accessed its memory 47336 times. 
The agent cleared its short-term memory 8 times. 
     State prediction error memory resets: 6. 
     Hill memory resets: 2. 
TRIAL 36 COMPLETE ✔
End Time: 2024-05-13 13:38:16
Total runtime for this trial (minutes/seconds): 00:11
----------------------------------------
Total hill visits: 34. 
Total prediction errors: 363. 
Total search depth: 338088. 
Total times memory accessed: 2833486. 
Total times 25 >= t <= 50: 4. 
Total times 50 >= t <= 75: 0. 
Total times 75 >= t <= 100: 0. 
Total times t == 100: 0. 
Total time steps survived: 820. 
Total runtime so far (hours/minutes/seconds): 00:08:29
----------------------------------------

----------------------------------------
TRIAL 37 STARTED
----------------------------------------
Start Time: 2024-05-13 13:38:15
At time step 21 the agent is dead
The agent had 2 food, 0 water, and 5 sleep.
The total tree search depth for this trial was 17728. 
The agent accessed its memory 160004 times. 
The agent cleared its short-term memory 7 times. 
     State prediction error memory resets: 6. 
     Hill memory resets: 1. 
TRIAL 37 COMPLETE ✔
End Time: 2024-05-13 13:38:39
Total runtime for this trial (minutes/seconds): 00:24
----------------------------------------
Total hill visits: 35. 
Total prediction errors: 369. 
Total search depth: 355816. 
Total times memory accessed: 2993490. 
Total times 25 >= t <= 50: 4. 
Total times 50 >= t <= 75: 0. 
Total times 75 >= t <= 100: 0. 
Total times t == 100: 0. 
Total time steps survived: 842. 
Total runtime so far (hours/minutes/seconds): 00:08:52
----------------------------------------

----------------------------------------
TRIAL 38 STARTED
----------------------------------------
Start Time: 2024-05-13 13:38:38
At time step 21 the agent is dead
The agent had 2 food, 0 water, and 5 sleep.
The total tree search depth for this trial was 22166. 
The agent accessed its memory 171855 times. 
The agent cleared its short-term memory 11 times. 
     State prediction error memory resets: 10. 
     Hill memory resets: 1. 
TRIAL 38 COMPLETE ✔
End Time: 2024-05-13 13:39:10
Total runtime for this trial (minutes/seconds): 00:32
----------------------------------------
Total hill visits: 36. 
Total prediction errors: 379. 
Total search depth: 377982. 
Total times memory accessed: 3165345. 
Total times 25 >= t <= 50: 4. 
Total times 50 >= t <= 75: 0. 
Total times 75 >= t <= 100: 0. 
Total times t == 100: 0. 
Total time steps survived: 864. 
Total runtime so far (hours/minutes/seconds): 00:09:23
----------------------------------------

----------------------------------------
TRIAL 39 STARTED
----------------------------------------
Start Time: 2024-05-13 13:39:09
