Running main with ALGORITHM=SL, SEED=12, HORIZON=2, K_FACTOR=0.7, ROOT_FOLDER=/home/grmstj001, MCT=3, NUM_MCT=100, AUTO_REST=

                            < M A T L A B (R) >
                  Copyright 1984-2024 The MathWorks, Inc.
                  R2024a (24.1.0.2537033) 64-bit (glnxa64)
                             February 21, 2024

 
To get started, type doc.
For product information, visit www.mathworks.com.
 
Algorithm: SL
Seed: 12
Horizon: 2
K-factor: 0.70
Root folder: /home/grmstj001
MCT: 3
Number of MCT: 100
Auto restore: 0
Results file name: 

ans = 

  struct with fields:

     Type: 'twister'
     Seed: 12
    State: [625x1 uint32]


----------------------------------------
TRIAL 1 STARTED
----------------------------------------
Start Time: 2024-05-13 13:36:00
At time step 21 the agent is dead
The agent had 9 food, 0 water, and 5 sleep.
The total tree search depth for this trial was 4811. 
The agent accessed its memory 35747 times. 
The agent cleared its short-term memory 10 times. 
     State prediction error memory resets: 8. 
     Hill memory resets: 2. 
TRIAL 1 COMPLETE ✔
End Time: 2024-05-13 13:36:14
Total runtime for this trial (minutes/seconds): 00:14
----------------------------------------
Total hill visits: 2. 
Total prediction errors: 8. 
Total search depth: 4811. 
Total times memory accessed: 35747. 
Total times 25 >= t <= 50: 0. 
Total times 50 >= t <= 75: 0. 
Total times 75 >= t <= 100: 0. 
Total times t == 100: 0. 
Total time steps survived: 22. 
Total runtime so far (hours/minutes/seconds): 00:00:14
----------------------------------------

----------------------------------------
TRIAL 2 STARTED
----------------------------------------
Start Time: 2024-05-13 13:36:13
At time step 21 the agent is dead
The agent had 2 food, 0 water, and 5 sleep.
The total tree search depth for this trial was 3649. 
The agent accessed its memory 30205 times. 
The agent cleared its short-term memory 16 times. 
     State prediction error memory resets: 15. 
     Hill memory resets: 1. 
TRIAL 2 COMPLETE ✔
End Time: 2024-05-13 13:36:23
Total runtime for this trial (minutes/seconds): 00:10
----------------------------------------
Total hill visits: 3. 
Total prediction errors: 23. 
Total search depth: 8460. 
Total times memory accessed: 65952. 
Total times 25 >= t <= 50: 0. 
Total times 50 >= t <= 75: 0. 
Total times 75 >= t <= 100: 0. 
Total times t == 100: 0. 
Total time steps survived: 44. 
Total runtime so far (hours/minutes/seconds): 00:00:23
----------------------------------------

----------------------------------------
TRIAL 3 STARTED
----------------------------------------
Start Time: 2024-05-13 13:36:22
At time step 21 the agent is dead
The agent had 2 food, 0 water, and 5 sleep.
The total tree search depth for this trial was 2091. 
The agent accessed its memory 18495 times. 
The agent cleared its short-term memory 13 times. 
     State prediction error memory resets: 12. 
     Hill memory resets: 1. 
TRIAL 3 COMPLETE ✔
End Time: 2024-05-13 13:36:29
Total runtime for this trial (minutes/seconds): 00:07
----------------------------------------
Total hill visits: 4. 
Total prediction errors: 35. 
Total search depth: 10551. 
Total times memory accessed: 84447. 
Total times 25 >= t <= 50: 0. 
Total times 50 >= t <= 75: 0. 
Total times 75 >= t <= 100: 0. 
Total times t == 100: 0. 
Total time steps survived: 66. 
Total runtime so far (hours/minutes/seconds): 00:00:29
----------------------------------------

----------------------------------------
TRIAL 4 STARTED
----------------------------------------
Start Time: 2024-05-13 13:36:28
At time step 21 the agent is dead
The agent had 10 food, 0 water, and 5 sleep.
The total tree search depth for this trial was 4878. 
The agent accessed its memory 38969 times. 
The agent cleared its short-term memory 8 times. 
     State prediction error memory resets: 7. 
     Hill memory resets: 1. 
TRIAL 4 COMPLETE ✔
End Time: 2024-05-13 13:36:42
Total runtime for this trial (minutes/seconds): 00:14
----------------------------------------
Total hill visits: 5. 
Total prediction errors: 42. 
Total search depth: 15429. 
Total times memory accessed: 123416. 
Total times 25 >= t <= 50: 0. 
Total times 50 >= t <= 75: 0. 
Total times 75 >= t <= 100: 0. 
Total times t == 100: 0. 
Total time steps survived: 88. 
Total runtime so far (hours/minutes/seconds): 00:00:42
----------------------------------------

----------------------------------------
TRIAL 5 STARTED
----------------------------------------
Start Time: 2024-05-13 13:36:41
At time step 21 the agent is dead
The agent had 2 food, 0 water, and 5 sleep.
The total tree search depth for this trial was 1542. 
The agent accessed its memory 13809 times. 
The agent cleared its short-term memory 14 times. 
     State prediction error memory resets: 13. 
     Hill memory resets: 1. 
TRIAL 5 COMPLETE ✔
End Time: 2024-05-13 13:36:47
Total runtime for this trial (minutes/seconds): 00:06
----------------------------------------
Total hill visits: 6. 
Total prediction errors: 55. 
Total search depth: 16971. 
Total times memory accessed: 137225. 
Total times 25 >= t <= 50: 0. 
Total times 50 >= t <= 75: 0. 
Total times 75 >= t <= 100: 0. 
Total times t == 100: 0. 
Total time steps survived: 110. 
Total runtime so far (hours/minutes/seconds): 00:00:47
----------------------------------------

----------------------------------------
TRIAL 6 STARTED
----------------------------------------
Start Time: 2024-05-13 13:36:46
At time step 21 the agent is dead
The agent had 2 food, 0 water, and 5 sleep.
The total tree search depth for this trial was 2447. 
The agent accessed its memory 18028 times. 
The agent cleared its short-term memory 10 times. 
     State prediction error memory resets: 9. 
     Hill memory resets: 1. 
TRIAL 6 COMPLETE ✔
End Time: 2024-05-13 13:36:55
Total runtime for this trial (minutes/seconds): 00:09
----------------------------------------
Total hill visits: 7. 
Total prediction errors: 64. 
Total search depth: 19418. 
Total times memory accessed: 155253. 
Total times 25 >= t <= 50: 0. 
Total times 50 >= t <= 75: 0. 
Total times 75 >= t <= 100: 0. 
Total times t == 100: 0. 
Total time steps survived: 132. 
Total runtime so far (hours/minutes/seconds): 00:00:55
----------------------------------------

----------------------------------------
TRIAL 7 STARTED
----------------------------------------
Start Time: 2024-05-13 13:36:54
At time step 26 the agent is dead
The agent had 5 food, 5 water, and 0 sleep.
The total tree search depth for this trial was 13760. 
The agent accessed its memory 101560 times. 
The agent cleared its short-term memory 10 times. 
     State prediction error memory resets: 9. 
     Hill memory resets: 1. 
TRIAL 7 COMPLETE ✔
End Time: 2024-05-13 13:37:28
Total runtime for this trial (minutes/seconds): 00:34
----------------------------------------
Total hill visits: 8. 
Total prediction errors: 73. 
Total search depth: 33178. 
Total times memory accessed: 256813. 
Total times 25 >= t <= 50: 1. 
Total times 50 >= t <= 75: 0. 
Total times 75 >= t <= 100: 0. 
Total times t == 100: 0. 
Total time steps survived: 159. 
Total runtime so far (hours/minutes/seconds): 00:01:28
----------------------------------------

----------------------------------------
TRIAL 8 STARTED
----------------------------------------
Start Time: 2024-05-13 13:37:27
At time step 21 the agent is dead
The agent had 2 food, 0 water, and 5 sleep.
The total tree search depth for this trial was 2686. 
The agent accessed its memory 19622 times. 
The agent cleared its short-term memory 12 times. 
     State prediction error memory resets: 9. 
     Hill memory resets: 3. 
TRIAL 8 COMPLETE ✔
End Time: 2024-05-13 13:37:35
Total runtime for this trial (minutes/seconds): 00:08
----------------------------------------
Total hill visits: 11. 
Total prediction errors: 82. 
Total search depth: 35864. 
Total times memory accessed: 276435. 
Total times 25 >= t <= 50: 1. 
Total times 50 >= t <= 75: 0. 
Total times 75 >= t <= 100: 0. 
Total times t == 100: 0. 
Total time steps survived: 181. 
Total runtime so far (hours/minutes/seconds): 00:01:35
----------------------------------------

----------------------------------------
TRIAL 9 STARTED
----------------------------------------
Start Time: 2024-05-13 13:37:34
At time step 21 the agent is dead
The agent had 2 food, 0 water, and 5 sleep.
The total tree search depth for this trial was 2812. 
The agent accessed its memory 23013 times. 
The agent cleared its short-term memory 13 times. 
     State prediction error memory resets: 10. 
     Hill memory resets: 3. 
TRIAL 9 COMPLETE ✔
End Time: 2024-05-13 13:37:43
Total runtime for this trial (minutes/seconds): 00:09
----------------------------------------
Total hill visits: 14. 
Total prediction errors: 92. 
Total search depth: 38676. 
Total times memory accessed: 299448. 
Total times 25 >= t <= 50: 1. 
Total times 50 >= t <= 75: 0. 
Total times 75 >= t <= 100: 0. 
Total times t == 100: 0. 
Total time steps survived: 203. 
Total runtime so far (hours/minutes/seconds): 00:01:43
----------------------------------------

----------------------------------------
TRIAL 10 STARTED
----------------------------------------
Start Time: 2024-05-13 13:37:42
At time step 21 the agent is dead
The agent had 2 food, 0 water, and 5 sleep.
The total tree search depth for this trial was 2416. 
The agent accessed its memory 17216 times. 
The agent cleared its short-term memory 15 times. 
     State prediction error memory resets: 14. 
     Hill memory resets: 1. 
TRIAL 10 COMPLETE ✔
End Time: 2024-05-13 13:37:52
Total runtime for this trial (minutes/seconds): 00:10
----------------------------------------
Total hill visits: 15. 
Total prediction errors: 106. 
Total search depth: 41092. 
Total times memory accessed: 316664. 
Total times 25 >= t <= 50: 1. 
Total times 50 >= t <= 75: 0. 
Total times 75 >= t <= 100: 0. 
Total times t == 100: 0. 
Total time steps survived: 225. 
Total runtime so far (hours/minutes/seconds): 00:01:52
----------------------------------------

----------------------------------------
TRIAL 11 STARTED
----------------------------------------
Start Time: 2024-05-13 13:37:51
At time step 21 the agent is dead
The agent had 2 food, 0 water, and 5 sleep.
The total tree search depth for this trial was 2666. 
The agent accessed its memory 20023 times. 
The agent cleared its short-term memory 10 times. 
     State prediction error memory resets: 4. 
     Hill memory resets: 6. 
TRIAL 11 COMPLETE ✔
End Time: 2024-05-13 13:38:01
Total runtime for this trial (minutes/seconds): 00:10
----------------------------------------
Total hill visits: 21. 
Total prediction errors: 110. 
Total search depth: 43758. 
Total times memory accessed: 336687. 
Total times 25 >= t <= 50: 1. 
Total times 50 >= t <= 75: 0. 
Total times 75 >= t <= 100: 0. 
Total times t == 100: 0. 
Total time steps survived: 247. 
Total runtime so far (hours/minutes/seconds): 00:02:01
----------------------------------------

----------------------------------------
TRIAL 12 STARTED
----------------------------------------
Start Time: 2024-05-13 13:38:00
At time step 21 the agent is dead
The agent had 10 food, 0 water, and 5 sleep.
The total tree search depth for this trial was 5122. 
The agent accessed its memory 32894 times. 
The agent cleared its short-term memory 5 times. 
     State prediction error memory resets: 4. 
     Hill memory resets: 1. 
TRIAL 12 COMPLETE ✔
End Time: 2024-05-13 13:38:17
Total runtime for this trial (minutes/seconds): 00:17
----------------------------------------
Total hill visits: 22. 
Total prediction errors: 114. 
Total search depth: 48880. 
Total times memory accessed: 369581. 
Total times 25 >= t <= 50: 1. 
Total times 50 >= t <= 75: 0. 
Total times 75 >= t <= 100: 0. 
Total times t == 100: 0. 
Total time steps survived: 269. 
Total runtime so far (hours/minutes/seconds): 00:02:17
----------------------------------------

----------------------------------------
TRIAL 13 STARTED
----------------------------------------
Start Time: 2024-05-13 13:38:16
At time step 21 the agent is dead
The agent had 2 food, 0 water, and 5 sleep.
The total tree search depth for this trial was 1491. 
The agent accessed its memory 13879 times. 
The agent cleared its short-term memory 16 times. 
     State prediction error memory resets: 16. 
     Hill memory resets: 0. 
TRIAL 13 COMPLETE ✔
End Time: 2024-05-13 13:38:23
Total runtime for this trial (minutes/seconds): 00:07
----------------------------------------
Total hill visits: 22. 
Total prediction errors: 130. 
Total search depth: 50371. 
Total times memory accessed: 383460. 
Total times 25 >= t <= 50: 1. 
Total times 50 >= t <= 75: 0. 
Total times 75 >= t <= 100: 0. 
Total times t == 100: 0. 
Total time steps survived: 291. 
Total runtime so far (hours/minutes/seconds): 00:02:23
----------------------------------------

----------------------------------------
TRIAL 14 STARTED
----------------------------------------
Start Time: 2024-05-13 13:38:22
At time step 21 the agent is dead
The agent had 2 food, 0 water, and 5 sleep.
The total tree search depth for this trial was 3543. 
The agent accessed its memory 23405 times. 
The agent cleared its short-term memory 15 times. 
     State prediction error memory resets: 11. 
     Hill memory resets: 4. 
TRIAL 14 COMPLETE ✔
End Time: 2024-05-13 13:38:37
Total runtime for this trial (minutes/seconds): 00:15
----------------------------------------
Total hill visits: 26. 
Total prediction errors: 141. 
Total search depth: 53914. 
Total times memory accessed: 406865. 
Total times 25 >= t <= 50: 1. 
Total times 50 >= t <= 75: 0. 
Total times 75 >= t <= 100: 0. 
Total times t == 100: 0. 
Total time steps survived: 313. 
Total runtime so far (hours/minutes/seconds): 00:02:37
----------------------------------------

----------------------------------------
TRIAL 15 STARTED
----------------------------------------
Start Time: 2024-05-13 13:38:36
At time step 21 the agent is dead
The agent had 2 food, 0 water, and 5 sleep.
The total tree search depth for this trial was 1702. 
The agent accessed its memory 12174 times. 
The agent cleared its short-term memory 11 times. 
     State prediction error memory resets: 9. 
     Hill memory resets: 2. 
TRIAL 15 COMPLETE ✔
End Time: 2024-05-13 13:38:42
Total runtime for this trial (minutes/seconds): 00:06
----------------------------------------
Total hill visits: 28. 
Total prediction errors: 150. 
Total search depth: 55616. 
Total times memory accessed: 419039. 
Total times 25 >= t <= 50: 1. 
Total times 50 >= t <= 75: 0. 
Total times 75 >= t <= 100: 0. 
Total times t == 100: 0. 
Total time steps survived: 335. 
Total runtime so far (hours/minutes/seconds): 00:02:42
----------------------------------------

----------------------------------------
TRIAL 16 STARTED
----------------------------------------
Start Time: 2024-05-13 13:38:41
At time step 21 the agent is dead
The agent had 2 food, 0 water, and 5 sleep.
The total tree search depth for this trial was 2514. 
The agent accessed its memory 20165 times. 
The agent cleared its short-term memory 14 times. 
     State prediction error memory resets: 12. 
     Hill memory resets: 2. 
TRIAL 16 COMPLETE ✔
End Time: 2024-05-13 13:38:51
Total runtime for this trial (minutes/seconds): 00:10
----------------------------------------
Total hill visits: 30. 
Total prediction errors: 162. 
Total search depth: 58130. 
Total times memory accessed: 439204. 
Total times 25 >= t <= 50: 1. 
Total times 50 >= t <= 75: 0. 
Total times 75 >= t <= 100: 0. 
Total times t == 100: 0. 
Total time steps survived: 357. 
Total runtime so far (hours/minutes/seconds): 00:02:51
----------------------------------------

----------------------------------------
TRIAL 17 STARTED
----------------------------------------
Start Time: 2024-05-13 13:38:50
