Running main with ALGORITHM=SL, SEED=21, HORIZON=2, K_FACTOR=0.7, ROOT_FOLDER=/home/grmstj001, MCT=3, NUM_MCT=100, AUTO_REST=, GRID_SIZE=5, START_POS=19, HILL=13, FOOD=(1 7 23 14), WATER=(9 8 16 11), SLEEP=(21 6 18 22)

                            < M A T L A B (R) >
                  Copyright 1984-2022 The MathWorks, Inc.
             R2022b Update 9 (9.13.0.2553342) 64-bit (glnxa64)
                               March 13, 2024

 
To get started, type doc.
For product information, visit www.mathworks.com.
 
Starting SL.

----------------------------------------
TRIAL 1 STARTED
----------------------------------------
Start Time: 2024-05-22 02:45:45
At time step 85 the agent is dead
The agent had 19 food, 0 water, and 19 sleep.
The total tree search depth for this trial was 247051. 
The agent accessed its memory 4272837 times. 
The agent cleared its short-term memory 42 times. 
     State prediction error memory resets: 9. 
     Hill memory resets: 33. 
TRIAL 1 COMPLETE ?
End Time: 2024-05-22 02:52:21
Total runtime for this trial (minutes/seconds): 06:36
----------------------------------------
Total hill visits: 33. 
Total prediction errors: 9. 
Total search depth: 247051. 
Total times memory accessed: 4272837. 
Total times 25 >= t <= 50: 0. 
Total times 50 >= t <= 75: 0. 
Total times 75 >= t <= 100: 1. 
Total times t == 100: 0. 
Total time steps survived: 86. 
Total runtime so far (hours/minutes/seconds): 00:06:36
----------------------------------------

----------------------------------------
TRIAL 2 STARTED
----------------------------------------
Start Time: 2024-05-22 02:52:20
At time step 87 the agent is dead
The agent had 3 food, 17 water, and 0 sleep.
The total tree search depth for this trial was 590049. 
The agent accessed its memory 9511942 times. 
The agent cleared its short-term memory 54 times. 
     State prediction error memory resets: 6. 
     Hill memory resets: 48. 
TRIAL 2 COMPLETE ?
End Time: 2024-05-22 03:14:06
Total runtime for this trial (minutes/seconds): 21:46
----------------------------------------
Total hill visits: 81. 
Total prediction errors: 15. 
Total search depth: 837100. 
Total times memory accessed: 13784779. 
Total times 25 >= t <= 50: 0. 
Total times 50 >= t <= 75: 0. 
Total times 75 >= t <= 100: 2. 
Total times t == 100: 0. 
Total time steps survived: 174. 
Total runtime so far (hours/minutes/seconds): 00:28:21
----------------------------------------

----------------------------------------
TRIAL 3 STARTED
----------------------------------------
Start Time: 2024-05-22 03:14:05
At time step 99 the agent is dead
The agent had 3 food, 19 water, and 5 sleep.
The total tree search depth for this trial was 1153837. 
The agent accessed its memory 18384866 times. 
The agent cleared its short-term memory 71 times. 
     State prediction error memory resets: 2. 
     Hill memory resets: 69. 
TRIAL 3 COMPLETE ?
End Time: 2024-05-22 03:58:37
Total runtime for this trial (minutes/seconds): 44:32
----------------------------------------
Total hill visits: 150. 
Total prediction errors: 17. 
Total search depth: 1990937. 
Total times memory accessed: 32169645. 
Total times 25 >= t <= 50: 0. 
Total times 50 >= t <= 75: 0. 
Total times 75 >= t <= 100: 2. 
Total times t == 100: 1. 
Total time steps survived: 274. 
Total runtime so far (hours/minutes/seconds): 01:12:52
----------------------------------------

----------------------------------------
TRIAL 4 STARTED
----------------------------------------
Start Time: 2024-05-22 03:58:36
At time step 59 the agent is dead
The agent had 18 food, 0 water, and 8 sleep.
The total tree search depth for this trial was 587591. 
The agent accessed its memory 9396493 times. 
The agent cleared its short-term memory 36 times. 
     State prediction error memory resets: 7. 
     Hill memory resets: 29. 
TRIAL 4 COMPLETE ?
End Time: 2024-05-22 04:21:01
Total runtime for this trial (minutes/seconds): 22:25
----------------------------------------
Total hill visits: 179. 
Total prediction errors: 24. 
Total search depth: 2578528. 
Total times memory accessed: 41566138. 
Total times 25 >= t <= 50: 0. 
Total times 50 >= t <= 75: 1. 
Total times 75 >= t <= 100: 2. 
Total times t == 100: 1. 
Total time steps survived: 334. 
Total runtime so far (hours/minutes/seconds): 01:35:16
----------------------------------------

----------------------------------------
TRIAL 5 STARTED
----------------------------------------
Start Time: 2024-05-22 04:21:00
At time step 99 the agent is dead
The agent had 20 food, 3 water, and 0 sleep.
The total tree search depth for this trial was 1413087. 
The agent accessed its memory 22886476 times. 
The agent cleared its short-term memory 74 times. 
     State prediction error memory resets: 3. 
     Hill memory resets: 71. 
TRIAL 5 COMPLETE ?
End Time: 2024-05-22 05:12:01
Total runtime for this trial (minutes/seconds): 51:01
----------------------------------------
Total hill visits: 250. 
Total prediction errors: 27. 
Total search depth: 3991615. 
Total times memory accessed: 64452614. 
Total times 25 >= t <= 50: 0. 
Total times 50 >= t <= 75: 1. 
Total times 75 >= t <= 100: 2. 
Total times t == 100: 2. 
Total time steps survived: 434. 
Total runtime so far (hours/minutes/seconds): 02:26:16
----------------------------------------

----------------------------------------
TRIAL 6 STARTED
----------------------------------------
Start Time: 2024-05-22 05:12:00
At time step 99 the agent is dead
The agent had 7 food, 19 water, and 17 sleep.
The total tree search depth for this trial was 1570964. 
The agent accessed its memory 25168401 times. 
The agent cleared its short-term memory 83 times. 
     State prediction error memory resets: 9. 
     Hill memory resets: 74. 
TRIAL 6 COMPLETE ?
End Time: 2024-05-22 06:09:43
Total runtime for this trial (minutes/seconds): 57:43
----------------------------------------
Total hill visits: 324. 
Total prediction errors: 36. 
Total search depth: 5562579. 
Total times memory accessed: 89621015. 
Total times 25 >= t <= 50: 0. 
Total times 50 >= t <= 75: 1. 
Total times 75 >= t <= 100: 2. 
Total times t == 100: 3. 
Total time steps survived: 534. 
Total runtime so far (hours/minutes/seconds): 03:23:58
----------------------------------------

----------------------------------------
TRIAL 7 STARTED
----------------------------------------
Start Time: 2024-05-22 06:09:42
At time step 99 the agent is dead
The agent had 17 food, 17 water, and 25 sleep.
The total tree search depth for this trial was 1163846. 
The agent accessed its memory 18628082 times. 
The agent cleared its short-term memory 81 times. 
     State prediction error memory resets: 2. 
     Hill memory resets: 79. 
TRIAL 7 COMPLETE ?
End Time: 2024-05-22 06:52:08
Total runtime for this trial (minutes/seconds): 42:26
----------------------------------------
Total hill visits: 403. 
Total prediction errors: 38. 
Total search depth: 6726425. 
Total times memory accessed: 108249097. 
Total times 25 >= t <= 50: 0. 
Total times 50 >= t <= 75: 1. 
Total times 75 >= t <= 100: 2. 
Total times t == 100: 4. 
Total time steps survived: 634. 
Total runtime so far (hours/minutes/seconds): 04:06:23
----------------------------------------

----------------------------------------
TRIAL 8 STARTED
----------------------------------------
Start Time: 2024-05-22 06:52:07
At time step 99 the agent is dead
The agent had 14 food, 17 water, and 11 sleep.
The total tree search depth for this trial was 1318884. 
The agent accessed its memory 20980231 times. 
The agent cleared its short-term memory 85 times. 
     State prediction error memory resets: 8. 
     Hill memory resets: 77. 
TRIAL 8 COMPLETE ?
End Time: 2024-05-22 07:41:17
Total runtime for this trial (minutes/seconds): 49:10
----------------------------------------
Total hill visits: 480. 
Total prediction errors: 46. 
Total search depth: 8045309. 
Total times memory accessed: 129229328. 
Total times 25 >= t <= 50: 0. 
Total times 50 >= t <= 75: 1. 
Total times 75 >= t <= 100: 2. 
Total times t == 100: 5. 
Total time steps survived: 734. 
Total runtime so far (hours/minutes/seconds): 04:55:32
----------------------------------------

----------------------------------------
TRIAL 9 STARTED
----------------------------------------
Start Time: 2024-05-22 07:41:16
At time step 99 the agent is dead
The agent had 14 food, 2 water, and 12 sleep.
The total tree search depth for this trial was 1420032. 
The agent accessed its memory 22632094 times. 
The agent cleared its short-term memory 84 times. 
     State prediction error memory resets: 4. 
     Hill memory resets: 80. 
TRIAL 9 COMPLETE ?
End Time: 2024-05-22 08:33:50
Total runtime for this trial (minutes/seconds): 52:34
----------------------------------------
Total hill visits: 560. 
Total prediction errors: 50. 
Total search depth: 9465341. 
Total times memory accessed: 151861422. 
Total times 25 >= t <= 50: 0. 
Total times 50 >= t <= 75: 1. 
Total times 75 >= t <= 100: 2. 
Total times t == 100: 6. 
Total time steps survived: 834. 
Total runtime so far (hours/minutes/seconds): 05:48:05
----------------------------------------

----------------------------------------
TRIAL 10 STARTED
----------------------------------------
Start Time: 2024-05-22 08:33:49
At time step 99 the agent is dead
The agent had 13 food, 18 water, and 11 sleep.
The total tree search depth for this trial was 1676985. 
The agent accessed its memory 26836988 times. 
The agent cleared its short-term memory 79 times. 
     State prediction error memory resets: 3. 
     Hill memory resets: 76. 
TRIAL 10 COMPLETE ?
End Time: 2024-05-22 09:34:57
Total runtime for this trial (minutes/seconds): 01:08
----------------------------------------
Total hill visits: 636. 
Total prediction errors: 53. 
Total search depth: 11142326. 
Total times memory accessed: 178698410. 
Total times 25 >= t <= 50: 0. 
Total times 50 >= t <= 75: 1. 
Total times 75 >= t <= 100: 2. 
Total times t == 100: 7. 
Total time steps survived: 934. 
Total runtime so far (hours/minutes/seconds): 06:49:12
----------------------------------------

----------------------------------------
TRIAL 11 STARTED
----------------------------------------
Start Time: 2024-05-22 09:34:56
At time step 99 the agent is dead
The agent had 4 food, 9 water, and 24 sleep.
The total tree search depth for this trial was 1421638. 
The agent accessed its memory 22626445 times. 
The agent cleared its short-term memory 82 times. 
     State prediction error memory resets: 1. 
     Hill memory resets: 81. 
TRIAL 11 COMPLETE ?
End Time: 2024-05-22 10:28:12
Total runtime for this trial (minutes/seconds): 53:16
----------------------------------------
Total hill visits: 717. 
Total prediction errors: 54. 
Total search depth: 12563964. 
Total times memory accessed: 201324855. 
Total times 25 >= t <= 50: 0. 
Total times 50 >= t <= 75: 1. 
Total times 75 >= t <= 100: 2. 
Total times t == 100: 8. 
Total time steps survived: 1034. 
Total runtime so far (hours/minutes/seconds): 07:42:27
----------------------------------------

----------------------------------------
TRIAL 12 STARTED
----------------------------------------
Start Time: 2024-05-22 10:28:11
At time step 99 the agent is dead
The agent had 17 food, 19 water, and 17 sleep.
The total tree search depth for this trial was 1484562. 
The agent accessed its memory 23900692 times. 
The agent cleared its short-term memory 77 times. 
     State prediction error memory resets: 5. 
     Hill memory resets: 72. 
TRIAL 12 COMPLETE ?
End Time: 2024-05-22 11:16:06
Total runtime for this trial (minutes/seconds): 47:55
----------------------------------------
Total hill visits: 789. 
Total prediction errors: 59. 
Total search depth: 14048526. 
Total times memory accessed: 225225547. 
Total times 25 >= t <= 50: 0. 
Total times 50 >= t <= 75: 1. 
Total times 75 >= t <= 100: 2. 
Total times t == 100: 9. 
Total time steps survived: 1134. 
Total runtime so far (hours/minutes/seconds): 08:30:21
----------------------------------------

----------------------------------------
TRIAL 13 STARTED
----------------------------------------
Start Time: 2024-05-22 11:16:05
At time step 99 the agent is dead
The agent had 14 food, 8 water, and 15 sleep.
The total tree search depth for this trial was 1475770. 
The agent accessed its memory 23655508 times. 
The agent cleared its short-term memory 76 times. 
     State prediction error memory resets: 5. 
     Hill memory resets: 71. 
TRIAL 13 COMPLETE ?
End Time: 2024-05-22 12:04:02
Total runtime for this trial (minutes/seconds): 47:57
----------------------------------------
Total hill visits: 860. 
Total prediction errors: 64. 
Total search depth: 15524296. 
Total times memory accessed: 248881055. 
Total times 25 >= t <= 50: 0. 
Total times 50 >= t <= 75: 1. 
Total times 75 >= t <= 100: 2. 
Total times t == 100: 10. 
Total time steps survived: 1234. 
Total runtime so far (hours/minutes/seconds): 09:18:17
----------------------------------------

----------------------------------------
TRIAL 14 STARTED
----------------------------------------
Start Time: 2024-05-22 12:04:01
At time step 99 the agent is dead
The agent had 22 food, 14 water, and 21 sleep.
The total tree search depth for this trial was 1596347. 
The agent accessed its memory 25370040 times. 
The agent cleared its short-term memory 75 times. 
     State prediction error memory resets: 4. 
     Hill memory resets: 71. 
TRIAL 14 COMPLETE ?
End Time: 2024-05-22 12:57:30
Total runtime for this trial (minutes/seconds): 53:29
----------------------------------------
Total hill visits: 931. 
Total prediction errors: 68. 
Total search depth: 17120643. 
Total times memory accessed: 274251095. 
Total times 25 >= t <= 50: 0. 
Total times 50 >= t <= 75: 1. 
Total times 75 >= t <= 100: 2. 
Total times t == 100: 11. 
Total time steps survived: 1334. 
Total runtime so far (hours/minutes/seconds): 10:11:45
----------------------------------------

----------------------------------------
TRIAL 15 STARTED
----------------------------------------
Start Time: 2024-05-22 12:57:29
At time step 99 the agent is dead
The agent had 18 food, 8 water, and 11 sleep.
The total tree search depth for this trial was 1541334. 
The agent accessed its memory 24609009 times. 
The agent cleared its short-term memory 80 times. 
     State prediction error memory resets: 1. 
     Hill memory resets: 79. 
TRIAL 15 COMPLETE ?
End Time: 2024-05-22 13:48:14
Total runtime for this trial (minutes/seconds): 50:45
----------------------------------------
Total hill visits: 1010. 
Total prediction errors: 69. 
Total search depth: 18661977. 
Total times memory accessed: 298860104. 
Total times 25 >= t <= 50: 0. 
Total times 50 >= t <= 75: 1. 
Total times 75 >= t <= 100: 2. 
Total times t == 100: 12. 
Total time steps survived: 1434. 
Total runtime so far (hours/minutes/seconds): 11:02:29
----------------------------------------

----------------------------------------
TRIAL 16 STARTED
----------------------------------------
Start Time: 2024-05-22 13:48:13
At time step 84 the agent is dead
The agent had 21 food, 0 water, and 25 sleep.
The total tree search depth for this trial was 1179469. 
The agent accessed its memory 18884623 times. 
The agent cleared its short-term memory 64 times. 
     State prediction error memory resets: 4. 
     Hill memory resets: 60. 
TRIAL 16 COMPLETE ?
End Time: 2024-05-22 14:26:37
Total runtime for this trial (minutes/seconds): 38:24
----------------------------------------
Total hill visits: 1070. 
Total prediction errors: 73. 
Total search depth: 19841446. 
Total times memory accessed: 317744727. 
Total times 25 >= t <= 50: 0. 
Total times 50 >= t <= 75: 1. 
Total times 75 >= t <= 100: 3. 
Total times t == 100: 12. 
Total time steps survived: 1519. 
Total runtime so far (hours/minutes/seconds): 11:40:52
----------------------------------------

----------------------------------------
TRIAL 17 STARTED
----------------------------------------
Start Time: 2024-05-22 14:26:36
At time step 99 the agent is dead
The agent had 16 food, 18 water, and 7 sleep.
The total tree search depth for this trial was 1825142. 
The agent accessed its memory 29194213 times. 
The agent cleared its short-term memory 83 times. 
     State prediction error memory resets: 4. 
     Hill memory resets: 79. 
TRIAL 17 COMPLETE ?
End Time: 2024-05-22 15:26:18
Total runtime for this trial (minutes/seconds): 59:42
----------------------------------------
Total hill visits: 1149. 
Total prediction errors: 77. 
Total search depth: 21666588. 
Total times memory accessed: 346938940. 
Total times 25 >= t <= 50: 0. 
Total times 50 >= t <= 75: 1. 
Total times 75 >= t <= 100: 3. 
Total times t == 100: 13. 
Total time steps survived: 1619. 
Total runtime so far (hours/minutes/seconds): 12:40:33
----------------------------------------

----------------------------------------
TRIAL 18 STARTED
----------------------------------------
Start Time: 2024-05-22 15:26:17
At time step 99 the agent is dead
The agent had 8 food, 11 water, and 23 sleep.
The total tree search depth for this trial was 1845991. 
The agent accessed its memory 29526760 times. 
The agent cleared its short-term memory 84 times. 
     State prediction error memory resets: 4. 
     Hill memory resets: 80. 
TRIAL 18 COMPLETE ?
End Time: 2024-05-22 16:26:40
Total runtime for this trial (minutes/seconds): 00:23
----------------------------------------
Total hill visits: 1229. 
Total prediction errors: 81. 
Total search depth: 23512579. 
Total times memory accessed: 376465700. 
Total times 25 >= t <= 50: 0. 
Total times 50 >= t <= 75: 1. 
Total times 75 >= t <= 100: 3. 
Total times t == 100: 14. 
Total time steps survived: 1719. 
Total runtime so far (hours/minutes/seconds): 13:40:55
----------------------------------------

----------------------------------------
TRIAL 19 STARTED
----------------------------------------
Start Time: 2024-05-22 16:26:39
At time step 94 the agent is dead
The agent had 20 food, 3 water, and 0 sleep.
The total tree search depth for this trial was 1730203. 
The agent accessed its memory 27586600 times. 
The agent cleared its short-term memory 79 times. 
     State prediction error memory resets: 3. 
     Hill memory resets: 76. 
TRIAL 19 COMPLETE ?
End Time: 2024-05-22 17:23:54
Total runtime for this trial (minutes/seconds): 57:15
----------------------------------------
Total hill visits: 1305. 
Total prediction errors: 84. 
Total search depth: 25242782. 
Total times memory accessed: 404052300. 
Total times 25 >= t <= 50: 0. 
Total times 50 >= t <= 75: 1. 
Total times 75 >= t <= 100: 4. 
Total times t == 100: 14. 
Total time steps survived: 1814. 
Total runtime so far (hours/minutes/seconds): 14:38:09
----------------------------------------

----------------------------------------
TRIAL 20 STARTED
----------------------------------------
Start Time: 2024-05-22 17:23:53
At time step 99 the agent is dead
The agent had 20 food, 12 water, and 25 sleep.
The total tree search depth for this trial was 1374566. 
The agent accessed its memory 22169069 times. 
The agent cleared its short-term memory 84 times. 
     State prediction error memory resets: 5. 
     Hill memory resets: 79. 
TRIAL 20 COMPLETE ?
End Time: 2024-05-22 18:07:20
Total runtime for this trial (minutes/seconds): 43:27
----------------------------------------
Total hill visits: 1384. 
Total prediction errors: 89. 
Total search depth: 26617348. 
Total times memory accessed: 426221369. 
Total times 25 >= t <= 50: 0. 
Total times 50 >= t <= 75: 1. 
Total times 75 >= t <= 100: 4. 
Total times t == 100: 15. 
Total time steps survived: 1914. 
Total runtime so far (hours/minutes/seconds): 15:21:35
----------------------------------------

----------------------------------------
TRIAL 21 STARTED
----------------------------------------
Start Time: 2024-05-22 18:07:19
At time step 99 the agent is dead
The agent had 12 food, 4 water, and 19 sleep.
The total tree search depth for this trial was 1787504. 
The agent accessed its memory 28817344 times. 
The agent cleared its short-term memory 81 times. 
     State prediction error memory resets: 4. 
     Hill memory resets: 77. 
TRIAL 21 COMPLETE ?
End Time: 2024-05-22 19:03:58
Total runtime for this trial (minutes/seconds): 56:39
----------------------------------------
Total hill visits: 1461. 
Total prediction errors: 93. 
Total search depth: 28404852. 
Total times memory accessed: 455038713. 
Total times 25 >= t <= 50: 0. 
Total times 50 >= t <= 75: 1. 
Total times 75 >= t <= 100: 4. 
Total times t == 100: 16. 
Total time steps survived: 2014. 
Total runtime so far (hours/minutes/seconds): 16:18:13
----------------------------------------

----------------------------------------
TRIAL 22 STARTED
----------------------------------------
Start Time: 2024-05-22 19:03:57
At time step 99 the agent is dead
The agent had 17 food, 4 water, and 7 sleep.
The total tree search depth for this trial was 1498209. 
The agent accessed its memory 24085567 times. 
The agent cleared its short-term memory 78 times. 
     State prediction error memory resets: 1. 
     Hill memory resets: 77. 
TRIAL 22 COMPLETE ?
End Time: 2024-05-22 19:51:56
Total runtime for this trial (minutes/seconds): 47:59
----------------------------------------
Total hill visits: 1538. 
Total prediction errors: 94. 
Total search depth: 29903061. 
Total times memory accessed: 479124280. 
Total times 25 >= t <= 50: 0. 
Total times 50 >= t <= 75: 1. 
Total times 75 >= t <= 100: 4. 
Total times t == 100: 17. 
Total time steps survived: 2114. 
Total runtime so far (hours/minutes/seconds): 17:06:11
----------------------------------------

----------------------------------------
TRIAL 23 STARTED
----------------------------------------
Start Time: 2024-05-22 19:51:55
At time step 99 the agent is dead
The agent had 10 food, 18 water, and 21 sleep.
The total tree search depth for this trial was 1784020. 
The agent accessed its memory 28865726 times. 
The agent cleared its short-term memory 80 times. 
     State prediction error memory resets: 5. 
     Hill memory resets: 75. 
TRIAL 23 COMPLETE ?
End Time: 2024-05-22 20:47:35
Total runtime for this trial (minutes/seconds): 55:40
----------------------------------------
Total hill visits: 1613. 
Total prediction errors: 99. 
Total search depth: 31687081. 
Total times memory accessed: 507990006. 
Total times 25 >= t <= 50: 0. 
Total times 50 >= t <= 75: 1. 
Total times 75 >= t <= 100: 4. 
Total times t == 100: 18. 
Total time steps survived: 2214. 
Total runtime so far (hours/minutes/seconds): 18:01:50
----------------------------------------

----------------------------------------
TRIAL 24 STARTED
----------------------------------------
Start Time: 2024-05-22 20:47:34
At time step 99 the agent is dead
The agent had 8 food, 18 water, and 20 sleep.
The total tree search depth for this trial was 1630677. 
The agent accessed its memory 26273459 times. 
The agent cleared its short-term memory 84 times. 
     State prediction error memory resets: 5. 
     Hill memory resets: 79. 
TRIAL 24 COMPLETE ?
End Time: 2024-05-22 21:39:20
Total runtime for this trial (minutes/seconds): 51:46
----------------------------------------
Total hill visits: 1692. 
Total prediction errors: 104. 
Total search depth: 33317758. 
Total times memory accessed: 534263465. 
Total times 25 >= t <= 50: 0. 
Total times 50 >= t <= 75: 1. 
Total times 75 >= t <= 100: 4. 
Total times t == 100: 19. 
Total time steps survived: 2314. 
Total runtime so far (hours/minutes/seconds): 18:53:35
----------------------------------------

----------------------------------------
TRIAL 25 STARTED
----------------------------------------
Start Time: 2024-05-22 21:39:19
At time step 98 the agent is dead
The agent had 20 food, 1 water, and 0 sleep.
The total tree search depth for this trial was 1704114. 
The agent accessed its memory 27419863 times. 
The agent cleared its short-term memory 82 times. 
     State prediction error memory resets: 4. 
     Hill memory resets: 78. 
TRIAL 25 COMPLETE ?
End Time: 2024-05-22 22:33:46
Total runtime for this trial (minutes/seconds): 54:27
----------------------------------------
Total hill visits: 1770. 
Total prediction errors: 108. 
Total search depth: 35021872. 
Total times memory accessed: 561683328. 
Total times 25 >= t <= 50: 0. 
Total times 50 >= t <= 75: 1. 
Total times 75 >= t <= 100: 5. 
Total times t == 100: 19. 
Total time steps survived: 2413. 
Total runtime so far (hours/minutes/seconds): 19:48:01
----------------------------------------

----------------------------------------
TRIAL 26 STARTED
----------------------------------------
Start Time: 2024-05-22 22:33:45
At time step 99 the agent is dead
The agent had 14 food, 10 water, and 24 sleep.
The total tree search depth for this trial was 1872529. 
The agent accessed its memory 30155697 times. 
The agent cleared its short-term memory 80 times. 
     State prediction error memory resets: 1. 
     Hill memory resets: 79. 
TRIAL 26 COMPLETE ?
End Time: 2024-05-22 23:33:20
Total runtime for this trial (minutes/seconds): 59:35
----------------------------------------
Total hill visits: 1849. 
Total prediction errors: 109. 
Total search depth: 36894401. 
Total times memory accessed: 591839025. 
Total times 25 >= t <= 50: 0. 
Total times 50 >= t <= 75: 1. 
Total times 75 >= t <= 100: 5. 
Total times t == 100: 20. 
Total time steps survived: 2513. 
Total runtime so far (hours/minutes/seconds): 20:47:35
----------------------------------------

----------------------------------------
TRIAL 27 STARTED
----------------------------------------
Start Time: 2024-05-22 23:33:19
At time step 99 the agent is dead
The agent had 21 food, 3 water, and 18 sleep.
The total tree search depth for this trial was 1455931. 
The agent accessed its memory 23489185 times. 
The agent cleared its short-term memory 84 times. 
     State prediction error memory resets: 5. 
     Hill memory resets: 79. 
TRIAL 27 COMPLETE ?
End Time: 2024-05-23 00:19:17
Total runtime for this trial (minutes/seconds): 45:58
----------------------------------------
Total hill visits: 1928. 
Total prediction errors: 114. 
Total search depth: 38350332. 
Total times memory accessed: 615328210. 
Total times 25 >= t <= 50: 0. 
Total times 50 >= t <= 75: 1. 
Total times 75 >= t <= 100: 5. 
Total times t == 100: 21. 
Total time steps survived: 2613. 
Total runtime so far (hours/minutes/seconds): 21:33:32
----------------------------------------

----------------------------------------
TRIAL 28 STARTED
----------------------------------------
Start Time: 2024-05-23 00:19:16
At time step 40 the agent is dead
The agent had 22 food, 0 water, and 24 sleep.
The total tree search depth for this trial was 359010. 
The agent accessed its memory 5801898 times. 
The agent cleared its short-term memory 22 times. 
     State prediction error memory resets: 1. 
     Hill memory resets: 21. 
TRIAL 28 COMPLETE ?
End Time: 2024-05-23 00:30:32
Total runtime for this trial (minutes/seconds): 11:16
----------------------------------------
Total hill visits: 1949. 
Total prediction errors: 115. 
Total search depth: 38709342. 
Total times memory accessed: 621130108. 
Total times 25 >= t <= 50: 1. 
Total times 50 >= t <= 75: 1. 
Total times 75 >= t <= 100: 5. 
Total times t == 100: 21. 
Total time steps survived: 2654. 
Total runtime so far (hours/minutes/seconds): 21:44:47
----------------------------------------

----------------------------------------
TRIAL 29 STARTED
----------------------------------------
Start Time: 2024-05-23 00:30:31
At time step 91 the agent is dead
The agent had 15 food, 18 water, and 0 sleep.
The total tree search depth for this trial was 1755628. 
The agent accessed its memory 28313963 times. 
The agent cleared its short-term memory 72 times. 
     State prediction error memory resets: 2. 
     Hill memory resets: 70. 
TRIAL 29 COMPLETE ?
End Time: 2024-05-23 01:26:04
Total runtime for this trial (minutes/seconds): 55:33
----------------------------------------
Total hill visits: 2019. 
Total prediction errors: 117. 
Total search depth: 40464970. 
Total times memory accessed: 649444071. 
Total times 25 >= t <= 50: 1. 
Total times 50 >= t <= 75: 1. 
Total times 75 >= t <= 100: 6. 
Total times t == 100: 21. 
Total time steps survived: 2746. 
Total runtime so far (hours/minutes/seconds): 22:40:19
----------------------------------------

----------------------------------------
TRIAL 30 STARTED
----------------------------------------
Start Time: 2024-05-23 01:26:03
At time step 99 the agent is dead
The agent had 18 food, 18 water, and 17 sleep.
The total tree search depth for this trial was 1329832. 
The agent accessed its memory 21484362 times. 
The agent cleared its short-term memory 84 times. 
     State prediction error memory resets: 2. 
     Hill memory resets: 82. 
TRIAL 30 COMPLETE ?
End Time: 2024-05-23 02:07:51
Total runtime for this trial (minutes/seconds): 41:48
----------------------------------------
Total hill visits: 2101. 
Total prediction errors: 119. 
Total search depth: 41794802. 
Total times memory accessed: 670928433. 
Total times 25 >= t <= 50: 1. 
Total times 50 >= t <= 75: 1. 
Total times 75 >= t <= 100: 6. 
Total times t == 100: 22. 
Total time steps survived: 2846. 
Total runtime so far (hours/minutes/seconds): 23:22:06
----------------------------------------

----------------------------------------
TRIAL 31 STARTED
----------------------------------------
Start Time: 2024-05-23 02:07:50
At time step 99 the agent is dead
The agent had 13 food, 17 water, and 13 sleep.
The total tree search depth for this trial was 1375294. 
The agent accessed its memory 22426654 times. 
The agent cleared its short-term memory 82 times. 
     State prediction error memory resets: 3. 
     Hill memory resets: 79. 
TRIAL 31 COMPLETE ?
End Time: 2024-05-23 02:49:27
Total runtime for this trial (minutes/seconds): 41:37
----------------------------------------
Total hill visits: 2180. 
Total prediction errors: 122. 
Total search depth: 43170096. 
Total times memory accessed: 693355087. 
Total times 25 >= t <= 50: 1. 
Total times 50 >= t <= 75: 1. 
Total times 75 >= t <= 100: 6. 
Total times t == 100: 23. 
Total time steps survived: 2946. 
Total runtime so far (hours/minutes/seconds): 24:03:42
----------------------------------------

----------------------------------------
TRIAL 32 STARTED
----------------------------------------
Start Time: 2024-05-23 02:49:26
At time step 99 the agent is dead
The agent had 16 food, 15 water, and 8 sleep.
The total tree search depth for this trial was 1946763. 
The agent accessed its memory 31590952 times. 
The agent cleared its short-term memory 86 times. 
     State prediction error memory resets: 9. 
     Hill memory resets: 77. 
TRIAL 32 COMPLETE ?
End Time: 2024-05-23 03:49:30
Total runtime for this trial (minutes/seconds): 00:04
----------------------------------------
Total hill visits: 2257. 
Total prediction errors: 131. 
Total search depth: 45116859. 
Total times memory accessed: 724946039. 
Total times 25 >= t <= 50: 1. 
Total times 50 >= t <= 75: 1. 
Total times 75 >= t <= 100: 6. 
Total times t == 100: 24. 
Total time steps survived: 3046. 
Total runtime so far (hours/minutes/seconds): 25:03:45
----------------------------------------

----------------------------------------
TRIAL 33 STARTED
----------------------------------------
Start Time: 2024-05-23 03:49:29
At time step 99 the agent is dead
The agent had 8 food, 17 water, and 24 sleep.
The total tree search depth for this trial was 1251643. 
The agent accessed its memory 20112123 times. 
The agent cleared its short-term memory 86 times. 
     State prediction error memory resets: 2. 
     Hill memory resets: 84. 
TRIAL 33 COMPLETE ?
End Time: 2024-05-23 04:29:40
Total runtime for this trial (minutes/seconds): 40:11
----------------------------------------
Total hill visits: 2341. 
Total prediction errors: 133. 
Total search depth: 46368502. 
Total times memory accessed: 745058162. 
Total times 25 >= t <= 50: 1. 
Total times 50 >= t <= 75: 1. 
Total times 75 >= t <= 100: 6. 
Total times t == 100: 25. 
Total time steps survived: 3146. 
Total runtime so far (hours/minutes/seconds): 25:43:55
----------------------------------------

----------------------------------------
TRIAL 34 STARTED
----------------------------------------
Start Time: 2024-05-23 04:29:39
At time step 97 the agent is dead
The agent had 21 food, 0 water, and 23 sleep.
The total tree search depth for this trial was 1734020. 
The agent accessed its memory 27930954 times. 
The agent cleared its short-term memory 78 times. 
     State prediction error memory resets: 3. 
     Hill memory resets: 75. 
TRIAL 34 COMPLETE ?
End Time: 2024-05-23 05:24:49
Total runtime for this trial (minutes/seconds): 55:10
----------------------------------------
Total hill visits: 2416. 
Total prediction errors: 136. 
Total search depth: 48102522. 
Total times memory accessed: 772989116. 
Total times 25 >= t <= 50: 1. 
Total times 50 >= t <= 75: 1. 
Total times 75 >= t <= 100: 7. 
Total times t == 100: 25. 
Total time steps survived: 3244. 
Total runtime so far (hours/minutes/seconds): 26:39:04
----------------------------------------

----------------------------------------
TRIAL 35 STARTED
----------------------------------------
Start Time: 2024-05-23 05:24:48
At time step 99 the agent is dead
The agent had 11 food, 14 water, and 12 sleep.
The total tree search depth for this trial was 1628989. 
The agent accessed its memory 26453737 times. 
The agent cleared its short-term memory 83 times. 
     State prediction error memory resets: 1. 
     Hill memory resets: 82. 
TRIAL 35 COMPLETE ?
End Time: 2024-05-23 06:14:53
Total runtime for this trial (minutes/seconds): 50:05
----------------------------------------
Total hill visits: 2498. 
Total prediction errors: 137. 
Total search depth: 49731511. 
Total times memory accessed: 799442853. 
Total times 25 >= t <= 50: 1. 
Total times 50 >= t <= 75: 1. 
Total times 75 >= t <= 100: 7. 
Total times t == 100: 26. 
Total time steps survived: 3344. 
Total runtime so far (hours/minutes/seconds): 27:29:08
----------------------------------------

----------------------------------------
TRIAL 36 STARTED
----------------------------------------
Start Time: 2024-05-23 06:14:52
At time step 99 the agent is dead
The agent had 7 food, 17 water, and 13 sleep.
The total tree search depth for this trial was 1590405. 
The agent accessed its memory 25979917 times. 
The agent cleared its short-term memory 84 times. 
     State prediction error memory resets: 4. 
     Hill memory resets: 80. 
TRIAL 36 COMPLETE ?
End Time: 2024-05-23 07:02:35
Total runtime for this trial (minutes/seconds): 47:43
----------------------------------------
Total hill visits: 2578. 
Total prediction errors: 141. 
Total search depth: 51321916. 
Total times memory accessed: 825422770. 
Total times 25 >= t <= 50: 1. 
Total times 50 >= t <= 75: 1. 
Total times 75 >= t <= 100: 7. 
Total times t == 100: 27. 
Total time steps survived: 3444. 
Total runtime so far (hours/minutes/seconds): 28:16:50
----------------------------------------

----------------------------------------
TRIAL 37 STARTED
----------------------------------------
Start Time: 2024-05-23 07:02:34
At time step 99 the agent is dead
The agent had 8 food, 13 water, and 20 sleep.
The total tree search depth for this trial was 1595677. 
The agent accessed its memory 25926834 times. 
The agent cleared its short-term memory 85 times. 
     State prediction error memory resets: 2. 
     Hill memory resets: 83. 
TRIAL 37 COMPLETE ?
End Time: 2024-05-23 07:51:32
Total runtime for this trial (minutes/seconds): 48:58
----------------------------------------
Total hill visits: 2661. 
Total prediction errors: 143. 
Total search depth: 52917593. 
Total times memory accessed: 851349604. 
Total times 25 >= t <= 50: 1. 
Total times 50 >= t <= 75: 1. 
Total times 75 >= t <= 100: 7. 
Total times t == 100: 28. 
Total time steps survived: 3544. 
Total runtime so far (hours/minutes/seconds): 29:05:47
----------------------------------------

----------------------------------------
TRIAL 38 STARTED
----------------------------------------
Start Time: 2024-05-23 07:51:31
At time step 99 the agent is dead
The agent had 9 food, 14 water, and 8 sleep.
The total tree search depth for this trial was 1721281. 
The agent accessed its memory 27931918 times. 
The agent cleared its short-term memory 79 times. 
     State prediction error memory resets: 6. 
     Hill memory resets: 73. 
TRIAL 38 COMPLETE ?
End Time: 2024-05-23 08:44:40
Total runtime for this trial (minutes/seconds): 53:09
----------------------------------------
Total hill visits: 2734. 
Total prediction errors: 149. 
Total search depth: 54638874. 
Total times memory accessed: 879281522. 
Total times 25 >= t <= 50: 1. 
Total times 50 >= t <= 75: 1. 
Total times 75 >= t <= 100: 7. 
Total times t == 100: 29. 
Total time steps survived: 3644. 
Total runtime so far (hours/minutes/seconds): 29:58:55
----------------------------------------

----------------------------------------
TRIAL 39 STARTED
----------------------------------------
Start Time: 2024-05-23 08:44:39
At time step 99 the agent is dead
The agent had 15 food, 6 water, and 23 sleep.
The total tree search depth for this trial was 1727490. 
The agent accessed its memory 28194647 times. 
The agent cleared its short-term memory 82 times. 
     State prediction error memory resets: 2. 
     Hill memory resets: 80. 
TRIAL 39 COMPLETE ?
End Time: 2024-05-23 09:36:43
Total runtime for this trial (minutes/seconds): 52:04
----------------------------------------
Total hill visits: 2814. 
Total prediction errors: 151. 
Total search depth: 56366364. 
Total times memory accessed: 907476169. 
Total times 25 >= t <= 50: 1. 
Total times 50 >= t <= 75: 1. 
Total times 75 >= t <= 100: 7. 
Total times t == 100: 30. 
Total time steps survived: 3744. 
Total runtime so far (hours/minutes/seconds): 30:50:58
----------------------------------------

----------------------------------------
TRIAL 40 STARTED
----------------------------------------
Start Time: 2024-05-23 09:36:42
At time step 99 the agent is dead
The agent had 17 food, 8 water, and 10 sleep.
The total tree search depth for this trial was 1472594. 
The agent accessed its memory 24009560 times. 
The agent cleared its short-term memory 83 times. 
     State prediction error memory resets: 3. 
     Hill memory resets: 80. 
TRIAL 40 COMPLETE ?
End Time: 2024-05-23 10:21:15
Total runtime for this trial (minutes/seconds): 44:33
----------------------------------------
Total hill visits: 2894. 
Total prediction errors: 154. 
Total search depth: 57838958. 
Total times memory accessed: 931485729. 
Total times 25 >= t <= 50: 1. 
Total times 50 >= t <= 75: 1. 
Total times 75 >= t <= 100: 7. 
Total times t == 100: 31. 
Total time steps survived: 3844. 
Total runtime so far (hours/minutes/seconds): 31:35:30
----------------------------------------

----------------------------------------
TRIAL 41 STARTED
----------------------------------------
Start Time: 2024-05-23 10:21:14
At time step 99 the agent is dead
The agent had 9 food, 18 water, and 6 sleep.
The total tree search depth for this trial was 1613745. 
The agent accessed its memory 26255165 times. 
The agent cleared its short-term memory 84 times. 
     State prediction error memory resets: 2. 
     Hill memory resets: 82. 
TRIAL 41 COMPLETE ?
End Time: 2024-05-23 11:16:51
Total runtime for this trial (minutes/seconds): 55:37
----------------------------------------
Total hill visits: 2976. 
Total prediction errors: 156. 
Total search depth: 59452703. 
Total times memory accessed: 957740894. 
Total times 25 >= t <= 50: 1. 
Total times 50 >= t <= 75: 1. 
Total times 75 >= t <= 100: 7. 
Total times t == 100: 32. 
Total time steps survived: 3944. 
Total runtime so far (hours/minutes/seconds): 32:31:06
----------------------------------------

----------------------------------------
TRIAL 42 STARTED
----------------------------------------
Start Time: 2024-05-23 11:16:50
At time step 99 the agent is dead
The agent had 12 food, 14 water, and 5 sleep.
The total tree search depth for this trial was 1530116. 
The agent accessed its memory 24884126 times. 
The agent cleared its short-term memory 84 times. 
     State prediction error memory resets: 2. 
     Hill memory resets: 82. 
TRIAL 42 COMPLETE ?
End Time: 2024-05-23 12:09:53
Total runtime for this trial (minutes/seconds): 53:03
----------------------------------------
Total hill visits: 3058. 
Total prediction errors: 158. 
Total search depth: 60982819. 
Total times memory accessed: 982625020. 
Total times 25 >= t <= 50: 1. 
Total times 50 >= t <= 75: 1. 
Total times 75 >= t <= 100: 7. 
Total times t == 100: 33. 
Total time steps survived: 4044. 
Total runtime so far (hours/minutes/seconds): 33:24:08
----------------------------------------

----------------------------------------
TRIAL 43 STARTED
----------------------------------------
Start Time: 2024-05-23 12:09:52
At time step 99 the agent is dead
The agent had 3 food, 10 water, and 13 sleep.
The total tree search depth for this trial was 1857795. 
The agent accessed its memory 30266724 times. 
The agent cleared its short-term memory 87 times. 
     State prediction error memory resets: 4. 
     Hill memory resets: 83. 
TRIAL 43 COMPLETE ?
End Time: 2024-05-23 13:13:52
Total runtime for this trial (minutes/seconds): 04:00
----------------------------------------
Total hill visits: 3141. 
Total prediction errors: 162. 
Total search depth: 62840614. 
Total times memory accessed: 1012891744. 
Total times 25 >= t <= 50: 1. 
Total times 50 >= t <= 75: 1. 
Total times 75 >= t <= 100: 7. 
Total times t == 100: 34. 
Total time steps survived: 4144. 
Total runtime so far (hours/minutes/seconds): 34:28:07
----------------------------------------

----------------------------------------
TRIAL 44 STARTED
----------------------------------------
Start Time: 2024-05-23 13:13:51
At time step 99 the agent is dead
The agent had 21 food, 5 water, and 17 sleep.
The total tree search depth for this trial was 1301172. 
The agent accessed its memory 21039490 times. 
The agent cleared its short-term memory 82 times. 
     State prediction error memory resets: 0. 
     Hill memory resets: 82. 
TRIAL 44 COMPLETE ?
End Time: 2024-05-23 14:00:00
Total runtime for this trial (minutes/seconds): 46:09
----------------------------------------
Total hill visits: 3223. 
Total prediction errors: 162. 
Total search depth: 64141786. 
Total times memory accessed: 1033931234. 
Total times 25 >= t <= 50: 1. 
Total times 50 >= t <= 75: 1. 
Total times 75 >= t <= 100: 7. 
Total times t == 100: 35. 
Total time steps survived: 4244. 
Total runtime so far (hours/minutes/seconds): 35:14:15
----------------------------------------

----------------------------------------
TRIAL 45 STARTED
----------------------------------------
Start Time: 2024-05-23 13:59:59
At time step 99 the agent is dead
The agent had 8 food, 17 water, and 15 sleep.
The total tree search depth for this trial was 1369907. 
The agent accessed its memory 22131797 times. 
The agent cleared its short-term memory 85 times. 
     State prediction error memory resets: 1. 
     Hill memory resets: 84. 
TRIAL 45 COMPLETE ?
End Time: 2024-05-23 14:48:51
Total runtime for this trial (minutes/seconds): 48:52
----------------------------------------
Total hill visits: 3307. 
Total prediction errors: 163. 
Total search depth: 65511693. 
Total times memory accessed: 1056063031. 
Total times 25 >= t <= 50: 1. 
Total times 50 >= t <= 75: 1. 
Total times 75 >= t <= 100: 7. 
Total times t == 100: 36. 
Total time steps survived: 4344. 
Total runtime so far (hours/minutes/seconds): 36:03:06
----------------------------------------

----------------------------------------
TRIAL 46 STARTED
----------------------------------------
Start Time: 2024-05-23 14:48:50
At time step 99 the agent is dead
The agent had 9 food, 17 water, and 5 sleep.
The total tree search depth for this trial was 1204161. 
The agent accessed its memory 19549016 times. 
The agent cleared its short-term memory 83 times. 
     State prediction error memory resets: 1. 
     Hill memory resets: 82. 
TRIAL 46 COMPLETE ?
End Time: 2024-05-23 15:30:50
Total runtime for this trial (minutes/seconds): 42:00
----------------------------------------
Total hill visits: 3389. 
Total prediction errors: 164. 
Total search depth: 66715854. 
Total times memory accessed: 1075612047. 
Total times 25 >= t <= 50: 1. 
Total times 50 >= t <= 75: 1. 
Total times 75 >= t <= 100: 7. 
Total times t == 100: 37. 
Total time steps survived: 4444. 
Total runtime so far (hours/minutes/seconds): 36:45:05
----------------------------------------

----------------------------------------
TRIAL 47 STARTED
----------------------------------------
Start Time: 2024-05-23 15:30:49
At time step 99 the agent is dead
The agent had 22 food, 11 water, and 11 sleep.
The total tree search depth for this trial was 1569482. 
The agent accessed its memory 25492100 times. 
The agent cleared its short-term memory 85 times. 
     State prediction error memory resets: 4. 
     Hill memory resets: 81. 
TRIAL 47 COMPLETE ?
End Time: 2024-05-23 16:25:32
Total runtime for this trial (minutes/seconds): 54:43
----------------------------------------
Total hill visits: 3470. 
Total prediction errors: 168. 
Total search depth: 68285336. 
Total times memory accessed: 1101104147. 
Total times 25 >= t <= 50: 1. 
Total times 50 >= t <= 75: 1. 
Total times 75 >= t <= 100: 7. 
Total times t == 100: 38. 
Total time steps survived: 4544. 
Total runtime so far (hours/minutes/seconds): 37:39:47
----------------------------------------

----------------------------------------
TRIAL 48 STARTED
----------------------------------------
Start Time: 2024-05-23 16:25:31
At time step 99 the agent is dead
The agent had 5 food, 17 water, and 15 sleep.
The total tree search depth for this trial was 1564232. 
The agent accessed its memory 25472043 times. 
The agent cleared its short-term memory 86 times. 
     State prediction error memory resets: 5. 
     Hill memory resets: 81. 
TRIAL 48 COMPLETE ?
End Time: 2024-05-23 17:19:27
Total runtime for this trial (minutes/seconds): 53:56
----------------------------------------
Total hill visits: 3551. 
Total prediction errors: 173. 
Total search depth: 69849568. 
Total times memory accessed: 1126576190. 
Total times 25 >= t <= 50: 1. 
Total times 50 >= t <= 75: 1. 
Total times 75 >= t <= 100: 7. 
Total times t == 100: 39. 
Total time steps survived: 4644. 
Total runtime so far (hours/minutes/seconds): 38:33:42
----------------------------------------

----------------------------------------
TRIAL 49 STARTED
----------------------------------------
Start Time: 2024-05-23 17:19:26
At time step 99 the agent is dead
The agent had 16 food, 10 water, and 13 sleep.
The total tree search depth for this trial was 1738382. 
The agent accessed its memory 28176090 times. 
The agent cleared its short-term memory 86 times. 
     State prediction error memory resets: 3. 
     Hill memory resets: 83. 
TRIAL 49 COMPLETE ?
End Time: 2024-05-23 18:20:34
Total runtime for this trial (minutes/seconds): 01:08
----------------------------------------
Total hill visits: 3634. 
Total prediction errors: 176. 
Total search depth: 71587950. 
Total times memory accessed: 1154752280. 
Total times 25 >= t <= 50: 1. 
Total times 50 >= t <= 75: 1. 
Total times 75 >= t <= 100: 7. 
Total times t == 100: 40. 
Total time steps survived: 4744. 
Total runtime so far (hours/minutes/seconds): 39:34:49
----------------------------------------

----------------------------------------
TRIAL 50 STARTED
----------------------------------------
Start Time: 2024-05-23 18:20:33
At time step 99 the agent is dead
The agent had 19 food, 12 water, and 11 sleep.
The total tree search depth for this trial was 1569308. 
The agent accessed its memory 25478793 times. 
The agent cleared its short-term memory 87 times. 
     State prediction error memory resets: 5. 
     Hill memory resets: 82. 
TRIAL 50 COMPLETE ?
End Time: 2024-05-23 19:15:21
Total runtime for this trial (minutes/seconds): 54:48
----------------------------------------
Total hill visits: 3716. 
Total prediction errors: 181. 
Total search depth: 73157258. 
Total times memory accessed: 1180231073. 
Total times 25 >= t <= 50: 1. 
Total times 50 >= t <= 75: 1. 
Total times 75 >= t <= 100: 7. 
Total times t == 100: 41. 
Total time steps survived: 4844. 
Total runtime so far (hours/minutes/seconds): 40:29:36
----------------------------------------

----------------------------------------
TRIAL 51 STARTED
----------------------------------------
Start Time: 2024-05-23 19:15:20
At time step 99 the agent is dead
The agent had 8 food, 17 water, and 9 sleep.
The total tree search depth for this trial was 1644532. 
The agent accessed its memory 26571992 times. 
The agent cleared its short-term memory 86 times. 
     State prediction error memory resets: 3. 
     Hill memory resets: 83. 
TRIAL 51 COMPLETE ?
End Time: 2024-05-23 20:13:54
Total runtime for this trial (minutes/seconds): 58:34
----------------------------------------
Total hill visits: 3799. 
Total prediction errors: 184. 
Total search depth: 74801790. 
Total times memory accessed: 1206803065. 
Total times 25 >= t <= 50: 1. 
Total times 50 >= t <= 75: 1. 
Total times 75 >= t <= 100: 7. 
Total times t == 100: 42. 
Total time steps survived: 4944. 
Total runtime so far (hours/minutes/seconds): 41:28:09
----------------------------------------

----------------------------------------
TRIAL 52 STARTED
----------------------------------------
Start Time: 2024-05-23 20:13:53
At time step 99 the agent is dead
The agent had 8 food, 13 water, and 20 sleep.
The total tree search depth for this trial was 1410482. 
The agent accessed its memory 22968056 times. 
The agent cleared its short-term memory 85 times. 
     State prediction error memory resets: 3. 
     Hill memory resets: 82. 
TRIAL 52 COMPLETE ?
End Time: 2024-05-23 21:02:30
Total runtime for this trial (minutes/seconds): 48:37
----------------------------------------
Total hill visits: 3881. 
Total prediction errors: 187. 
Total search depth: 76212272. 
Total times memory accessed: 1229771121. 
Total times 25 >= t <= 50: 1. 
Total times 50 >= t <= 75: 1. 
Total times 75 >= t <= 100: 7. 
Total times t == 100: 43. 
Total time steps survived: 5044. 
Total runtime so far (hours/minutes/seconds): 42:16:45
----------------------------------------

----------------------------------------
TRIAL 53 STARTED
----------------------------------------
Start Time: 2024-05-23 21:02:29
At time step 99 the agent is dead
The agent had 20 food, 16 water, and 13 sleep.
The total tree search depth for this trial was 1660235. 
The agent accessed its memory 27172136 times. 
The agent cleared its short-term memory 82 times. 
     State prediction error memory resets: 4. 
     Hill memory resets: 78. 
TRIAL 53 COMPLETE ?
End Time: 2024-05-23 21:58:29
Total runtime for this trial (minutes/seconds): 56:00
----------------------------------------
Total hill visits: 3959. 
Total prediction errors: 191. 
Total search depth: 77872507. 
Total times memory accessed: 1256943257. 
Total times 25 >= t <= 50: 1. 
Total times 50 >= t <= 75: 1. 
Total times 75 >= t <= 100: 7. 
Total times t == 100: 44. 
Total time steps survived: 5144. 
Total runtime so far (hours/minutes/seconds): 43:12:44
----------------------------------------

----------------------------------------
TRIAL 54 STARTED
----------------------------------------
Start Time: 2024-05-23 21:58:28
At time step 99 the agent is dead
The agent had 20 food, 12 water, and 11 sleep.
The total tree search depth for this trial was 1840683. 
The agent accessed its memory 30033252 times. 
The agent cleared its short-term memory 86 times. 
     State prediction error memory resets: 7. 
     Hill memory resets: 79. 
TRIAL 54 COMPLETE ?
End Time: 2024-05-23 23:01:24
Total runtime for this trial (minutes/seconds): 02:56
----------------------------------------
Total hill visits: 4038. 
Total prediction errors: 198. 
Total search depth: 79713190. 
Total times memory accessed: 1286976509. 
Total times 25 >= t <= 50: 1. 
Total times 50 >= t <= 75: 1. 
Total times 75 >= t <= 100: 7. 
Total times t == 100: 45. 
Total time steps survived: 5244. 
Total runtime so far (hours/minutes/seconds): 44:15:39
----------------------------------------

----------------------------------------
TRIAL 55 STARTED
----------------------------------------
Start Time: 2024-05-23 23:01:23
At time step 99 the agent is dead
The agent had 21 food, 4 water, and 17 sleep.
The total tree search depth for this trial was 1236451. 
The agent accessed its memory 19992310 times. 
The agent cleared its short-term memory 84 times. 
     State prediction error memory resets: 2. 
     Hill memory resets: 82. 
TRIAL 55 COMPLETE ?
End Time: 2024-05-23 23:45:18
Total runtime for this trial (minutes/seconds): 43:55
----------------------------------------
Total hill visits: 4120. 
Total prediction errors: 200. 
Total search depth: 80949641. 
Total times memory accessed: 1306968819. 
Total times 25 >= t <= 50: 1. 
Total times 50 >= t <= 75: 1. 
Total times 75 >= t <= 100: 7. 
Total times t == 100: 46. 
Total time steps survived: 5344. 
Total runtime so far (hours/minutes/seconds): 44:59:33
----------------------------------------

----------------------------------------
TRIAL 56 STARTED
----------------------------------------
Start Time: 2024-05-23 23:45:17
At time step 99 the agent is dead
The agent had 17 food, 10 water, and 5 sleep.
The total tree search depth for this trial was 1530362. 
The agent accessed its memory 24942847 times. 
The agent cleared its short-term memory 85 times. 
     State prediction error memory resets: 3. 
     Hill memory resets: 82. 
TRIAL 56 COMPLETE ?
End Time: 2024-05-24 00:37:50
Total runtime for this trial (minutes/seconds): 52:33
----------------------------------------
Total hill visits: 4202. 
Total prediction errors: 203. 
Total search depth: 82480003. 
Total times memory accessed: 1331911666. 
Total times 25 >= t <= 50: 1. 
Total times 50 >= t <= 75: 1. 
Total times 75 >= t <= 100: 7. 
Total times t == 100: 47. 
Total time steps survived: 5444. 
Total runtime so far (hours/minutes/seconds): 45:52:05
----------------------------------------

----------------------------------------
TRIAL 57 STARTED
----------------------------------------
Start Time: 2024-05-24 00:37:49
At time step 99 the agent is dead
The agent had 8 food, 11 water, and 23 sleep.
The total tree search depth for this trial was 1441054. 
The agent accessed its memory 23345206 times. 
The agent cleared its short-term memory 87 times. 
     State prediction error memory resets: 4. 
     Hill memory resets: 83. 
TRIAL 57 COMPLETE ?
End Time: 2024-05-24 01:28:38
Total runtime for this trial (minutes/seconds): 50:49
----------------------------------------
Total hill visits: 4285. 
Total prediction errors: 207. 
Total search depth: 83921057. 
Total times memory accessed: 1355256872. 
Total times 25 >= t <= 50: 1. 
Total times 50 >= t <= 75: 1. 
Total times 75 >= t <= 100: 7. 
Total times t == 100: 48. 
Total time steps survived: 5544. 
Total runtime so far (hours/minutes/seconds): 46:42:53
----------------------------------------

----------------------------------------
TRIAL 58 STARTED
----------------------------------------
Start Time: 2024-05-24 01:28:37
At time step 99 the agent is dead
The agent had 8 food, 15 water, and 22 sleep.
The total tree search depth for this trial was 1483240. 
The agent accessed its memory 24132368 times. 
The agent cleared its short-term memory 84 times. 
     State prediction error memory resets: 5. 
     Hill memory resets: 79. 
TRIAL 58 COMPLETE ?
End Time: 2024-05-24 02:19:51
Total runtime for this trial (minutes/seconds): 51:14
----------------------------------------
Total hill visits: 4364. 
Total prediction errors: 212. 
Total search depth: 85404297. 
Total times memory accessed: 1379389240. 
Total times 25 >= t <= 50: 1. 
Total times 50 >= t <= 75: 1. 
Total times 75 >= t <= 100: 7. 
Total times t == 100: 49. 
Total time steps survived: 5644. 
Total runtime so far (hours/minutes/seconds): 47:34:06
----------------------------------------

----------------------------------------
TRIAL 59 STARTED
----------------------------------------
Start Time: 2024-05-24 02:19:50
At time step 99 the agent is dead
The agent had 6 food, 18 water, and 19 sleep.
The total tree search depth for this trial was 1630696. 
The agent accessed its memory 26560194 times. 
The agent cleared its short-term memory 81 times. 
     State prediction error memory resets: 2. 
     Hill memory resets: 79. 
TRIAL 59 COMPLETE ?
End Time: 2024-05-24 03:15:46
Total runtime for this trial (minutes/seconds): 55:56
----------------------------------------
Total hill visits: 4443. 
Total prediction errors: 214. 
Total search depth: 87034993. 
Total times memory accessed: 1405949434. 
Total times 25 >= t <= 50: 1. 
Total times 50 >= t <= 75: 1. 
Total times 75 >= t <= 100: 7. 
Total times t == 100: 50. 
Total time steps survived: 5744. 
Total runtime so far (hours/minutes/seconds): 48:30:01
----------------------------------------

----------------------------------------
TRIAL 60 STARTED
----------------------------------------
Start Time: 2024-05-24 03:15:45
At time step 99 the agent is dead
The agent had 17 food, 17 water, and 11 sleep.
The total tree search depth for this trial was 1812404. 
The agent accessed its memory 29516045 times. 
The agent cleared its short-term memory 84 times. 
     State prediction error memory resets: 1. 
     Hill memory resets: 83. 
TRIAL 60 COMPLETE ?
End Time: 2024-05-24 04:17:56
Total runtime for this trial (minutes/seconds): 02:11
----------------------------------------
Total hill visits: 4526. 
Total prediction errors: 215. 
Total search depth: 88847397. 
Total times memory accessed: 1435465479. 
Total times 25 >= t <= 50: 1. 
Total times 50 >= t <= 75: 1. 
Total times 75 >= t <= 100: 7. 
Total times t == 100: 51. 
Total time steps survived: 5844. 
Total runtime so far (hours/minutes/seconds): 49:32:11
----------------------------------------

----------------------------------------
TRIAL 61 STARTED
----------------------------------------
Start Time: 2024-05-24 04:17:55
At time step 99 the agent is dead
The agent had 7 food, 19 water, and 6 sleep.
The total tree search depth for this trial was 1486976. 
The agent accessed its memory 24209239 times. 
The agent cleared its short-term memory 84 times. 
     State prediction error memory resets: 2. 
     Hill memory resets: 82. 
TRIAL 61 COMPLETE ?
End Time: 2024-05-24 05:08:59
Total runtime for this trial (minutes/seconds): 51:04
----------------------------------------
Total hill visits: 4608. 
Total prediction errors: 217. 
Total search depth: 90334373. 
Total times memory accessed: 1459674718. 
Total times 25 >= t <= 50: 1. 
Total times 50 >= t <= 75: 1. 
Total times 75 >= t <= 100: 7. 
Total times t == 100: 52. 
Total time steps survived: 5944. 
Total runtime so far (hours/minutes/seconds): 50:23:14
----------------------------------------

----------------------------------------
TRIAL 62 STARTED
----------------------------------------
Start Time: 2024-05-24 05:08:58
At time step 59 the agent is dead
The agent had 22 food, 0 water, and 14 sleep.
The total tree search depth for this trial was 995912. 
The agent accessed its memory 16287424 times. 
The agent cleared its short-term memory 44 times. 
     State prediction error memory resets: 5. 
     Hill memory resets: 39. 
TRIAL 62 COMPLETE ?
End Time: 2024-05-24 05:42:30
Total runtime for this trial (minutes/seconds): 33:32
----------------------------------------
Total hill visits: 4647. 
Total prediction errors: 222. 
Total search depth: 91330285. 
Total times memory accessed: 1475962142. 
Total times 25 >= t <= 50: 1. 
Total times 50 >= t <= 75: 2. 
Total times 75 >= t <= 100: 7. 
Total times t == 100: 52. 
Total time steps survived: 6004. 
Total runtime so far (hours/minutes/seconds): 50:56:45
----------------------------------------

----------------------------------------
TRIAL 63 STARTED
----------------------------------------
Start Time: 2024-05-24 05:42:29
At time step 99 the agent is dead
The agent had 3 food, 5 water, and 18 sleep.
The total tree search depth for this trial was 1543935. 
The agent accessed its memory 25270677 times. 
The agent cleared its short-term memory 87 times. 
     State prediction error memory resets: 4. 
     Hill memory resets: 83. 
TRIAL 63 COMPLETE ?
End Time: 2024-05-24 06:34:19
Total runtime for this trial (minutes/seconds): 51:50
----------------------------------------
Total hill visits: 4730. 
Total prediction errors: 226. 
Total search depth: 92874220. 
Total times memory accessed: 1501232819. 
Total times 25 >= t <= 50: 1. 
Total times 50 >= t <= 75: 2. 
Total times 75 >= t <= 100: 7. 
Total times t == 100: 53. 
Total time steps survived: 6104. 
Total runtime so far (hours/minutes/seconds): 51:48:34
----------------------------------------

----------------------------------------
TRIAL 64 STARTED
----------------------------------------
Start Time: 2024-05-24 06:34:18
At time step 99 the agent is dead
The agent had 9 food, 16 water, and 23 sleep.
The total tree search depth for this trial was 1561292. 
The agent accessed its memory 25545671 times. 
The agent cleared its short-term memory 86 times. 
     State prediction error memory resets: 3. 
     Hill memory resets: 83. 
TRIAL 64 COMPLETE ?
End Time: 2024-05-24 07:26:55
Total runtime for this trial (minutes/seconds): 52:37
----------------------------------------
Total hill visits: 4813. 
Total prediction errors: 229. 
Total search depth: 94435512. 
Total times memory accessed: 1526778490. 
Total times 25 >= t <= 50: 1. 
Total times 50 >= t <= 75: 2. 
Total times 75 >= t <= 100: 7. 
Total times t == 100: 54. 
Total time steps survived: 6204. 
Total runtime so far (hours/minutes/seconds): 52:41:10
----------------------------------------

----------------------------------------
TRIAL 65 STARTED
----------------------------------------
Start Time: 2024-05-24 07:26:54
At time step 99 the agent is dead
The agent had 3 food, 17 water, and 14 sleep.
The total tree search depth for this trial was 1427473. 
The agent accessed its memory 23317785 times. 
The agent cleared its short-term memory 85 times. 
     State prediction error memory resets: 3. 
     Hill memory resets: 82. 
TRIAL 65 COMPLETE ?
End Time: 2024-05-24 08:14:56
Total runtime for this trial (minutes/seconds): 48:02
----------------------------------------
Total hill visits: 4895. 
Total prediction errors: 232. 
Total search depth: 95862985. 
Total times memory accessed: 1550096275. 
Total times 25 >= t <= 50: 1. 
Total times 50 >= t <= 75: 2. 
Total times 75 >= t <= 100: 7. 
Total times t == 100: 55. 
Total time steps survived: 6304. 
Total runtime so far (hours/minutes/seconds): 53:29:11
----------------------------------------

----------------------------------------
TRIAL 66 STARTED
----------------------------------------
Start Time: 2024-05-24 08:14:55
At time step 99 the agent is dead
The agent had 12 food, 20 water, and 20 sleep.
The total tree search depth for this trial was 2188128. 
The agent accessed its memory 35924822 times. 
The agent cleared its short-term memory 82 times. 
     State prediction error memory resets: 2. 
     Hill memory resets: 80. 
TRIAL 66 COMPLETE ?
End Time: 2024-05-24 09:26:28
Total runtime for this trial (minutes/seconds): 11:33
----------------------------------------
Total hill visits: 4975. 
Total prediction errors: 234. 
Total search depth: 98051113. 
Total times memory accessed: 1586021097. 
Total times 25 >= t <= 50: 1. 
Total times 50 >= t <= 75: 2. 
Total times 75 >= t <= 100: 7. 
Total times t == 100: 56. 
Total time steps survived: 6404. 
Total runtime so far (hours/minutes/seconds): 54:40:43
----------------------------------------

----------------------------------------
TRIAL 67 STARTED
----------------------------------------
Start Time: 2024-05-24 09:26:27
At time step 99 the agent is dead
The agent had 22 food, 12 water, and 9 sleep.
The total tree search depth for this trial was 1593716. 
The agent accessed its memory 26143966 times. 
The agent cleared its short-term memory 84 times. 
     State prediction error memory resets: 4. 
     Hill memory resets: 80. 
TRIAL 67 COMPLETE ?
End Time: 2024-05-24 10:19:50
Total runtime for this trial (minutes/seconds): 53:23
----------------------------------------
Total hill visits: 5055. 
Total prediction errors: 238. 
Total search depth: 99644829. 
Total times memory accessed: 1612165063. 
Total times 25 >= t <= 50: 1. 
Total times 50 >= t <= 75: 2. 
Total times 75 >= t <= 100: 7. 
Total times t == 100: 57. 
Total time steps survived: 6504. 
Total runtime so far (hours/minutes/seconds): 55:34:05
----------------------------------------

----------------------------------------
TRIAL 68 STARTED
----------------------------------------
Start Time: 2024-05-24 10:19:49
At time step 99 the agent is dead
The agent had 22 food, 17 water, and 9 sleep.
The total tree search depth for this trial was 1520294. 
The agent accessed its memory 25018528 times. 
The agent cleared its short-term memory 85 times. 
     State prediction error memory resets: 5. 
     Hill memory resets: 80. 
TRIAL 68 COMPLETE ?
End Time: 2024-05-24 11:10:03
Total runtime for this trial (minutes/seconds): 50:14
----------------------------------------
Total hill visits: 5135. 
Total prediction errors: 243. 
Total search depth: 101165123. 
Total times memory accessed: 1637183591. 
Total times 25 >= t <= 50: 1. 
Total times 50 >= t <= 75: 2. 
Total times 75 >= t <= 100: 7. 
Total times t == 100: 58. 
Total time steps survived: 6604. 
Total runtime so far (hours/minutes/seconds): 56:24:18
----------------------------------------

----------------------------------------
TRIAL 69 STARTED
----------------------------------------
Start Time: 2024-05-24 11:10:02
At time step 99 the agent is dead
The agent had 22 food, 14 water, and 14 sleep.
The total tree search depth for this trial was 1554772. 
The agent accessed its memory 25255293 times. 
The agent cleared its short-term memory 84 times. 
     State prediction error memory resets: 1. 
     Hill memory resets: 83. 
TRIAL 69 COMPLETE ?
End Time: 2024-05-24 12:04:17
Total runtime for this trial (minutes/seconds): 54:15
----------------------------------------
Total hill visits: 5218. 
Total prediction errors: 244. 
Total search depth: 102719895. 
Total times memory accessed: 1662438884. 
Total times 25 >= t <= 50: 1. 
Total times 50 >= t <= 75: 2. 
Total times 75 >= t <= 100: 7. 
Total times t == 100: 59. 
Total time steps survived: 6704. 
Total runtime so far (hours/minutes/seconds): 57:18:32
----------------------------------------

----------------------------------------
TRIAL 70 STARTED
----------------------------------------
Start Time: 2024-05-24 12:04:16
At time step 99 the agent is dead
The agent had 12 food, 12 water, and 24 sleep.
The total tree search depth for this trial was 1971187. 
The agent accessed its memory 32066636 times. 
The agent cleared its short-term memory 85 times. 
     State prediction error memory resets: 3. 
     Hill memory resets: 82. 
TRIAL 70 COMPLETE ?
End Time: 2024-05-24 13:12:38
Total runtime for this trial (minutes/seconds): 08:22
----------------------------------------
Total hill visits: 5300. 
Total prediction errors: 247. 
Total search depth: 104691082. 
Total times memory accessed: 1694505520. 
Total times 25 >= t <= 50: 1. 
Total times 50 >= t <= 75: 2. 
Total times 75 >= t <= 100: 7. 
Total times t == 100: 60. 
Total time steps survived: 6804. 
Total runtime so far (hours/minutes/seconds): 58:26:53
----------------------------------------

----------------------------------------
TRIAL 71 STARTED
----------------------------------------
Start Time: 2024-05-24 13:12:37
At time step 99 the agent is dead
The agent had 21 food, 13 water, and 16 sleep.
The total tree search depth for this trial was 1861288. 
The agent accessed its memory 30360853 times. 
The agent cleared its short-term memory 86 times. 
     State prediction error memory resets: 4. 
     Hill memory resets: 82. 
TRIAL 71 COMPLETE ?
End Time: 2024-05-24 14:16:28
Total runtime for this trial (minutes/seconds): 03:51
----------------------------------------
Total hill visits: 5382. 
Total prediction errors: 251. 
Total search depth: 106552370. 
Total times memory accessed: 1724866373. 
Total times 25 >= t <= 50: 1. 
Total times 50 >= t <= 75: 2. 
Total times 75 >= t <= 100: 7. 
Total times t == 100: 61. 
Total time steps survived: 6904. 
Total runtime so far (hours/minutes/seconds): 59:30:43
----------------------------------------

----------------------------------------
TRIAL 72 STARTED
----------------------------------------
Start Time: 2024-05-24 14:16:27
At time step 99 the agent is dead
The agent had 10 food, 17 water, and 16 sleep.
The total tree search depth for this trial was 1453743. 
The agent accessed its memory 23859008 times. 
The agent cleared its short-term memory 83 times. 
     State prediction error memory resets: 2. 
     Hill memory resets: 81. 
TRIAL 72 COMPLETE ?
End Time: 2024-05-24 15:04:58
Total runtime for this trial (minutes/seconds): 48:31
----------------------------------------
Total hill visits: 5463. 
Total prediction errors: 253. 
Total search depth: 108006113. 
Total times memory accessed: 1748725381. 
Total times 25 >= t <= 50: 1. 
Total times 50 >= t <= 75: 2. 
Total times 75 >= t <= 100: 7. 
Total times t == 100: 62. 
Total time steps survived: 7004. 
Total runtime so far (hours/minutes/seconds): 60:19:13
----------------------------------------

----------------------------------------
TRIAL 73 STARTED
----------------------------------------
Start Time: 2024-05-24 15:04:57
At time step 99 the agent is dead
The agent had 4 food, 17 water, and 15 sleep.
The total tree search depth for this trial was 1541825. 
The agent accessed its memory 25223286 times. 
The agent cleared its short-term memory 85 times. 
     State prediction error memory resets: 2. 
     Hill memory resets: 83. 
TRIAL 73 COMPLETE ?
End Time: 2024-05-24 15:57:26
Total runtime for this trial (minutes/seconds): 52:29
----------------------------------------
Total hill visits: 5546. 
Total prediction errors: 255. 
Total search depth: 109547938. 
Total times memory accessed: 1773948667. 
Total times 25 >= t <= 50: 1. 
Total times 50 >= t <= 75: 2. 
Total times 75 >= t <= 100: 7. 
Total times t == 100: 63. 
Total time steps survived: 7104. 
Total runtime so far (hours/minutes/seconds): 61:11:41
----------------------------------------

----------------------------------------
TRIAL 74 STARTED
----------------------------------------
Start Time: 2024-05-24 15:57:25
At time step 99 the agent is dead
The agent had 7 food, 17 water, and 13 sleep.
The total tree search depth for this trial was 1404087. 
The agent accessed its memory 22939465 times. 
The agent cleared its short-term memory 88 times. 
     State prediction error memory resets: 5. 
     Hill memory resets: 83. 
TRIAL 74 COMPLETE ?
End Time: 2024-05-24 16:45:28
Total runtime for this trial (minutes/seconds): 48:03
----------------------------------------
Total hill visits: 5629. 
Total prediction errors: 260. 
Total search depth: 110952025. 
Total times memory accessed: 1796888132. 
Total times 25 >= t <= 50: 1. 
Total times 50 >= t <= 75: 2. 
Total times 75 >= t <= 100: 7. 
Total times t == 100: 64. 
Total time steps survived: 7204. 
Total runtime so far (hours/minutes/seconds): 61:59:43
----------------------------------------

----------------------------------------
TRIAL 75 STARTED
----------------------------------------
Start Time: 2024-05-24 16:45:27
At time step 81 the agent is dead
The agent had 21 food, 0 water, and 25 sleep.
The total tree search depth for this trial was 1324254. 
The agent accessed its memory 21645874 times. 
The agent cleared its short-term memory 68 times. 
     State prediction error memory resets: 4. 
     Hill memory resets: 64. 
TRIAL 75 COMPLETE ?
End Time: 2024-05-24 17:30:41
Total runtime for this trial (minutes/seconds): 45:14
----------------------------------------
Total hill visits: 5693. 
Total prediction errors: 264. 
Total search depth: 112276279. 
Total times memory accessed: 1818534006. 
Total times 25 >= t <= 50: 1. 
Total times 50 >= t <= 75: 2. 
Total times 75 >= t <= 100: 8. 
Total times t == 100: 64. 
Total time steps survived: 7286. 
Total runtime so far (hours/minutes/seconds): 62:44:56
----------------------------------------

----------------------------------------
TRIAL 76 STARTED
----------------------------------------
Start Time: 2024-05-24 17:30:40
At time step 99 the agent is dead
The agent had 5 food, 17 water, and 14 sleep.
The total tree search depth for this trial was 1503533. 
The agent accessed its memory 24564037 times. 
The agent cleared its short-term memory 86 times. 
     State prediction error memory resets: 3. 
     Hill memory resets: 83. 
TRIAL 76 COMPLETE ?
End Time: 2024-05-24 18:21:49
Total runtime for this trial (minutes/seconds): 51:09
----------------------------------------
Total hill visits: 5776. 
Total prediction errors: 267. 
Total search depth: 113779812. 
Total times memory accessed: 1843098043. 
Total times 25 >= t <= 50: 1. 
Total times 50 >= t <= 75: 2. 
Total times 75 >= t <= 100: 8. 
Total times t == 100: 65. 
Total time steps survived: 7386. 
Total runtime so far (hours/minutes/seconds): 63:36:04
----------------------------------------

----------------------------------------
TRIAL 77 STARTED
----------------------------------------
Start Time: 2024-05-24 18:21:48
At time step 99 the agent is dead
The agent had 4 food, 17 water, and 14 sleep.
The total tree search depth for this trial was 1616903. 
The agent accessed its memory 26507892 times. 
The agent cleared its short-term memory 85 times. 
     State prediction error memory resets: 3. 
     Hill memory resets: 82. 
TRIAL 77 COMPLETE ?
End Time: 2024-05-24 19:14:44
Total runtime for this trial (minutes/seconds): 52:56
----------------------------------------
Total hill visits: 5858. 
Total prediction errors: 270. 
Total search depth: 115396715. 
Total times memory accessed: 1869605935. 
Total times 25 >= t <= 50: 1. 
Total times 50 >= t <= 75: 2. 
Total times 75 >= t <= 100: 8. 
Total times t == 100: 66. 
Total time steps survived: 7486. 
Total runtime so far (hours/minutes/seconds): 64:28:59
----------------------------------------

----------------------------------------
TRIAL 78 STARTED
----------------------------------------
Start Time: 2024-05-24 19:14:43
At time step 99 the agent is dead
The agent had 6 food, 17 water, and 20 sleep.
The total tree search depth for this trial was 1363747. 
The agent accessed its memory 22322253 times. 
The agent cleared its short-term memory 86 times. 
     State prediction error memory resets: 4. 
     Hill memory resets: 82. 
TRIAL 78 COMPLETE ?
End Time: 2024-05-24 19:59:15
Total runtime for this trial (minutes/seconds): 44:32
----------------------------------------
Total hill visits: 5940. 
Total prediction errors: 274. 
Total search depth: 116760462. 
Total times memory accessed: 1891928188. 
Total times 25 >= t <= 50: 1. 
Total times 50 >= t <= 75: 2. 
Total times 75 >= t <= 100: 8. 
Total times t == 100: 67. 
Total time steps survived: 7586. 
Total runtime so far (hours/minutes/seconds): 65:13:30
----------------------------------------

----------------------------------------
TRIAL 79 STARTED
----------------------------------------
Start Time: 2024-05-24 19:59:14
At time step 99 the agent is dead
The agent had 4 food, 18 water, and 13 sleep.
The total tree search depth for this trial was 1450837. 
The agent accessed its memory 23848100 times. 
The agent cleared its short-term memory 84 times. 
     State prediction error memory resets: 5. 
     Hill memory resets: 79. 
TRIAL 79 COMPLETE ?
End Time: 2024-05-24 20:45:47
Total runtime for this trial (minutes/seconds): 46:33
----------------------------------------
Total hill visits: 6019. 
Total prediction errors: 279. 
Total search depth: 118211299. 
Total times memory accessed: 1915776288. 
Total times 25 >= t <= 50: 1. 
Total times 50 >= t <= 75: 2. 
Total times 75 >= t <= 100: 8. 
Total times t == 100: 68. 
Total time steps survived: 7686. 
Total runtime so far (hours/minutes/seconds): 66:00:02
----------------------------------------

----------------------------------------
TRIAL 80 STARTED
----------------------------------------
Start Time: 2024-05-24 20:45:46
At time step 99 the agent is dead
The agent had 7 food, 17 water, and 24 sleep.
The total tree search depth for this trial was 1447050. 
The agent accessed its memory 23451645 times. 
The agent cleared its short-term memory 88 times. 
     State prediction error memory resets: 4. 
     Hill memory resets: 84. 
TRIAL 80 COMPLETE ?
End Time: 2024-05-24 21:35:09
Total runtime for this trial (minutes/seconds): 49:23
----------------------------------------
Total hill visits: 6103. 
Total prediction errors: 283. 
Total search depth: 119658349. 
Total times memory accessed: 1939227933. 
Total times 25 >= t <= 50: 1. 
Total times 50 >= t <= 75: 2. 
Total times 75 >= t <= 100: 8. 
Total times t == 100: 69. 
Total time steps survived: 7786. 
Total runtime so far (hours/minutes/seconds): 66:49:24
----------------------------------------

----------------------------------------
TRIAL 81 STARTED
----------------------------------------
Start Time: 2024-05-24 21:35:08
At time step 99 the agent is dead
The agent had 2 food, 11 water, and 23 sleep.
The total tree search depth for this trial was 1552809. 
The agent accessed its memory 25126440 times. 
The agent cleared its short-term memory 84 times. 
     State prediction error memory resets: 0. 
     Hill memory resets: 84. 
TRIAL 81 COMPLETE ?
End Time: 2024-05-24 22:28:21
Total runtime for this trial (minutes/seconds): 53:13
----------------------------------------
Total hill visits: 6187. 
Total prediction errors: 283. 
Total search depth: 121211158. 
Total times memory accessed: 1964354373. 
Total times 25 >= t <= 50: 1. 
Total times 50 >= t <= 75: 2. 
Total times 75 >= t <= 100: 8. 
Total times t == 100: 70. 
Total time steps survived: 7886. 
Total runtime so far (hours/minutes/seconds): 67:42:36
----------------------------------------

----------------------------------------
TRIAL 82 STARTED
----------------------------------------
Start Time: 2024-05-24 22:28:20
At time step 99 the agent is dead
The agent had 8 food, 17 water, and 5 sleep.
The total tree search depth for this trial was 1507151. 
The agent accessed its memory 24664134 times. 
The agent cleared its short-term memory 84 times. 
     State prediction error memory resets: 4. 
     Hill memory resets: 80. 
TRIAL 82 COMPLETE ?
End Time: 2024-05-24 23:17:39
Total runtime for this trial (minutes/seconds): 49:19
----------------------------------------
Total hill visits: 6267. 
Total prediction errors: 287. 
Total search depth: 122718309. 
Total times memory accessed: 1989018507. 
Total times 25 >= t <= 50: 1. 
Total times 50 >= t <= 75: 2. 
Total times 75 >= t <= 100: 8. 
Total times t == 100: 71. 
Total time steps survived: 7986. 
Total runtime so far (hours/minutes/seconds): 68:31:54
----------------------------------------

----------------------------------------
TRIAL 83 STARTED
----------------------------------------
Start Time: 2024-05-24 23:17:38
At time step 99 the agent is dead
The agent had 6 food, 17 water, and 6 sleep.
The total tree search depth for this trial was 1598434. 
The agent accessed its memory 26000385 times. 
The agent cleared its short-term memory 85 times. 
     State prediction error memory resets: 2. 
     Hill memory resets: 83. 
TRIAL 83 COMPLETE ?
End Time: 2024-05-25 00:09:37
Total runtime for this trial (minutes/seconds): 51:59
----------------------------------------
Total hill visits: 6350. 
Total prediction errors: 289. 
Total search depth: 124316743. 
Total times memory accessed: 2015018892. 
Total times 25 >= t <= 50: 1. 
Total times 50 >= t <= 75: 2. 
Total times 75 >= t <= 100: 8. 
Total times t == 100: 72. 
Total time steps survived: 8086. 
Total runtime so far (hours/minutes/seconds): 69:23:52
----------------------------------------

----------------------------------------
TRIAL 84 STARTED
----------------------------------------
Start Time: 2024-05-25 00:09:36
At time step 99 the agent is dead
The agent had 9 food, 17 water, and 5 sleep.
The total tree search depth for this trial was 1278079. 
The agent accessed its memory 20702313 times. 
The agent cleared its short-term memory 85 times. 
     State prediction error memory resets: 1. 
     Hill memory resets: 84. 
TRIAL 84 COMPLETE ?
End Time: 2024-05-25 00:51:31
Total runtime for this trial (minutes/seconds): 41:55
----------------------------------------
Total hill visits: 6434. 
Total prediction errors: 290. 
Total search depth: 125594822. 
Total times memory accessed: 2035721205. 
Total times 25 >= t <= 50: 1. 
Total times 50 >= t <= 75: 2. 
Total times 75 >= t <= 100: 8. 
Total times t == 100: 73. 
Total time steps survived: 8186. 
Total runtime so far (hours/minutes/seconds): 70:05:46
----------------------------------------

----------------------------------------
TRIAL 85 STARTED
----------------------------------------
Start Time: 2024-05-25 00:51:30
At time step 99 the agent is dead
The agent had 14 food, 17 water, and 8 sleep.
The total tree search depth for this trial was 1528576. 
The agent accessed its memory 25013572 times. 
The agent cleared its short-term memory 82 times. 
     State prediction error memory resets: 0. 
     Hill memory resets: 82. 
TRIAL 85 COMPLETE ?
End Time: 2024-05-25 01:39:02
Total runtime for this trial (minutes/seconds): 47:32
----------------------------------------
Total hill visits: 6516. 
Total prediction errors: 290. 
Total search depth: 127123398. 
Total times memory accessed: 2060734777. 
Total times 25 >= t <= 50: 1. 
Total times 50 >= t <= 75: 2. 
Total times 75 >= t <= 100: 8. 
Total times t == 100: 74. 
Total time steps survived: 8286. 
Total runtime so far (hours/minutes/seconds): 70:53:17
----------------------------------------

----------------------------------------
TRIAL 86 STARTED
----------------------------------------
Start Time: 2024-05-25 01:39:01
At time step 99 the agent is dead
The agent had 22 food, 13 water, and 7 sleep.
The total tree search depth for this trial was 1624435. 
The agent accessed its memory 26501033 times. 
The agent cleared its short-term memory 84 times. 
     State prediction error memory resets: 3. 
     Hill memory resets: 81. 
TRIAL 86 COMPLETE ?
End Time: 2024-05-25 02:28:41
Total runtime for this trial (minutes/seconds): 49:40
----------------------------------------
Total hill visits: 6597. 
Total prediction errors: 293. 
Total search depth: 128747833. 
Total times memory accessed: 2087235810. 
Total times 25 >= t <= 50: 1. 
Total times 50 >= t <= 75: 2. 
Total times 75 >= t <= 100: 8. 
Total times t == 100: 75. 
Total time steps survived: 8386. 
Total runtime so far (hours/minutes/seconds): 71:42:56
----------------------------------------

----------------------------------------
TRIAL 87 STARTED
----------------------------------------
Start Time: 2024-05-25 02:28:40
