Running Python script with ALGORITHM=SI and SEED=6
At time 20 the agent is dead.
The agent had: 1 food, -1 water, and 4 sleep.
The total tree search depth for this trial was 1112.
The agent accessed its memory 1754 times.
The agent cleared its short-term memory 3 times.
    State prediction error memory resets: 2.
    Hill memory resets: 1.
At time 25 the agent is dead.
The agent had: 7 food, 7 water, and -1 sleep.
The total tree search depth for this trial was 13267.
The agent accessed its memory 28637 times.
The agent cleared its short-term memory 7 times.
    State prediction error memory resets: 6.
    Hill memory resets: 1.
At time 20 the agent is dead.
The agent had: 1 food, -1 water, and 4 sleep.
The total tree search depth for this trial was 2762.
The agent accessed its memory 8386 times.
The agent cleared its short-term memory 0 times.
    State prediction error memory resets: 0.
    Hill memory resets: 0.
At time 20 the agent is dead.
The agent had: 4 food, -1 water, and 11 sleep.
The total tree search depth for this trial was 14445.
The agent accessed its memory 47676 times.
The agent cleared its short-term memory 7 times.
    State prediction error memory resets: 6.
    Hill memory resets: 1.
At time 20 the agent is dead.
The agent had: 1 food, -1 water, and 4 sleep.
The total tree search depth for this trial was 65257.
The agent accessed its memory 276660 times.
The agent cleared its short-term memory 13 times.
    State prediction error memory resets: 11.
    Hill memory resets: 2.
At time 20 the agent is dead.
The agent had: 1 food, -1 water, and 4 sleep.
The total tree search depth for this trial was 952.
The agent accessed its memory 4640 times.
The agent cleared its short-term memory 6 times.
    State prediction error memory resets: 6.
    Hill memory resets: 0.
At time 20 the agent is dead.
The agent had: 1 food, -1 water, and 22 sleep.
The total tree search depth for this trial was 22109.
The agent accessed its memory 112391 times.
The agent cleared its short-term memory 12 times.
    State prediction error memory resets: 12.
    Hill memory resets: 0.
At time 20 the agent is dead.
The agent had: 1 food, -1 water, and 4 sleep.
The total tree search depth for this trial was 6480.
The agent accessed its memory 27474 times.
The agent cleared its short-term memory 13 times.
    State prediction error memory resets: 12.
    Hill memory resets: 1.
At time 20 the agent is dead.
The agent had: 1 food, -1 water, and 4 sleep.
The total tree search depth for this trial was 24724.
The agent accessed its memory 121858 times.
The agent cleared its short-term memory 15 times.
    State prediction error memory resets: 15.
    Hill memory resets: 0.
At time 20 the agent is dead.
The agent had: 1 food, -1 water, and 4 sleep.
The total tree search depth for this trial was 21963.
The agent accessed its memory 94416 times.
The agent cleared its short-term memory 4 times.
    State prediction error memory resets: 2.
    Hill memory resets: 2.
At time 20 the agent is dead.
The agent had: 21 food, -1 water, and 4 sleep.
The total tree search depth for this trial was 8351.
The agent accessed its memory 34079 times.
The agent cleared its short-term memory 10 times.
    State prediction error memory resets: 9.
    Hill memory resets: 1.
At time 20 the agent is dead.
The agent had: 10 food, -1 water, and 4 sleep.
The total tree search depth for this trial was 8195.
The agent accessed its memory 31161 times.
The agent cleared its short-term memory 7 times.
    State prediction error memory resets: 7.
    Hill memory resets: 0.
At time 20 the agent is dead.
The agent had: 1 food, -1 water, and 4 sleep.
The total tree search depth for this trial was 16871.
The agent accessed its memory 77464 times.
The agent cleared its short-term memory 5 times.
    State prediction error memory resets: 4.
    Hill memory resets: 1.
At time 20 the agent is dead.
The agent had: 1 food, -1 water, and 13 sleep.
The total tree search depth for this trial was 26083.
The agent accessed its memory 108865 times.
The agent cleared its short-term memory 8 times.
    State prediction error memory resets: 7.
    Hill memory resets: 1.
At time 22 the agent is dead.
The agent had: -1 food, 13 water, and 2 sleep.
The total tree search depth for this trial was 22471.
The agent accessed its memory 100551 times.
The agent cleared its short-term memory 15 times.
    State prediction error memory resets: 13.
    Hill memory resets: 2.
At time 20 the agent is dead.
The agent had: 9 food, -1 water, and 17 sleep.
The total tree search depth for this trial was 24938.
The agent accessed its memory 91468 times.
The agent cleared its short-term memory 6 times.
    State prediction error memory resets: 5.
    Hill memory resets: 1.
At time 20 the agent is dead.
The agent had: 1 food, -1 water, and 13 sleep.
The total tree search depth for this trial was 36646.
The agent accessed its memory 140581 times.
The agent cleared its short-term memory 3 times.
    State prediction error memory resets: 2.
    Hill memory resets: 1.
At time 20 the agent is dead.
The agent had: 7 food, -1 water, and 4 sleep.
The total tree search depth for this trial was 30476.
The agent accessed its memory 109945 times.
The agent cleared its short-term memory 5 times.
    State prediction error memory resets: 4.
    Hill memory resets: 1.
At time 20 the agent is dead.
The agent had: 13 food, -1 water, and 15 sleep.
The total tree search depth for this trial was 51358.
The agent accessed its memory 183516 times.
The agent cleared its short-term memory 12 times.
    State prediction error memory resets: 11.
    Hill memory resets: 1.
At time 20 the agent is dead.
The agent had: 20 food, -1 water, and 4 sleep.
The total tree search depth for this trial was 9164.
The agent accessed its memory 33682 times.
The agent cleared its short-term memory 15 times.
    State prediction error memory resets: 14.
    Hill memory resets: 1.
At time 20 the agent is dead.
The agent had: 1 food, -1 water, and 4 sleep.
The total tree search depth for this trial was 11013.
The agent accessed its memory 40626 times.
The agent cleared its short-term memory 13 times.
    State prediction error memory resets: 12.
    Hill memory resets: 1.
At time 20 the agent is dead.
The agent had: 1 food, -1 water, and 17 sleep.
The total tree search depth for this trial was 11303.
The agent accessed its memory 43357 times.
The agent cleared its short-term memory 2 times.
    State prediction error memory resets: 1.
    Hill memory resets: 1.
At time 20 the agent is dead.
The agent had: 12 food, -1 water, and 4 sleep.
The total tree search depth for this trial was 10533.
The agent accessed its memory 36907 times.
The agent cleared its short-term memory 2 times.
    State prediction error memory resets: 1.
    Hill memory resets: 1.
At time 25 the agent is dead.
The agent had: 9 food, 2 water, and -1 sleep.
The total tree search depth for this trial was 64230.
The agent accessed its memory 255433 times.
The agent cleared its short-term memory 13 times.
    State prediction error memory resets: 12.
    Hill memory resets: 1.
At time 20 the agent is dead.
The agent had: 1 food, -1 water, and 4 sleep.
The total tree search depth for this trial was 9811.
The agent accessed its memory 36253 times.
The agent cleared its short-term memory 2 times.
    State prediction error memory resets: 1.
    Hill memory resets: 1.
At time 46 the agent is dead.
The agent had: -1 food, -1 water, and 1 sleep.
The total tree search depth for this trial was 64965.
The agent accessed its memory 235324 times.
The agent cleared its short-term memory 16 times.
    State prediction error memory resets: 15.
    Hill memory resets: 1.
At time 20 the agent is dead.
The agent had: 1 food, -1 water, and 4 sleep.
The total tree search depth for this trial was 12845.
The agent accessed its memory 45779 times.
The agent cleared its short-term memory 13 times.
    State prediction error memory resets: 12.
    Hill memory resets: 1.
At time 35 the agent is dead.
The agent had: -1 food, -1 water, and 10 sleep.
The total tree search depth for this trial was 71162.
The agent accessed its memory 276044 times.
The agent cleared its short-term memory 16 times.
    State prediction error memory resets: 13.
    Hill memory resets: 3.
At time 20 the agent is dead.
The agent had: 1 food, -1 water, and 4 sleep.
The total tree search depth for this trial was 13345.
The agent accessed its memory 47685 times.
The agent cleared its short-term memory 12 times.
    State prediction error memory resets: 11.
    Hill memory resets: 1.
At time 22 the agent is dead.
The agent had: -1 food, 9 water, and 2 sleep.
The total tree search depth for this trial was 60376.
The agent accessed its memory 251271 times.
The agent cleared its short-term memory 12 times.
    State prediction error memory resets: 11.
    Hill memory resets: 1.
At time 30 the agent is dead.
The agent had: 16 food, -1 water, and 7 sleep.
The total tree search depth for this trial was 47966.
The agent accessed its memory 182899 times.
The agent cleared its short-term memory 11 times.
    State prediction error memory resets: 7.
    Hill memory resets: 4.
At time 20 the agent is dead.
The agent had: 1 food, -1 water, and 4 sleep.
The total tree search depth for this trial was 17011.
The agent accessed its memory 57985 times.
The agent cleared its short-term memory 9 times.
    State prediction error memory resets: 8.
    Hill memory resets: 1.
At time 56 the agent is dead.
The agent had: 3 food, 2 water, and -1 sleep.
The total tree search depth for this trial was 106786.
The agent accessed its memory 359870 times.
The agent cleared its short-term memory 13 times.
    State prediction error memory resets: 11.
    Hill memory resets: 2.
At time 20 the agent is dead.
The agent had: 1 food, -1 water, and 13 sleep.
The total tree search depth for this trial was 39888.
The agent accessed its memory 152723 times.
The agent cleared its short-term memory 7 times.
    State prediction error memory resets: 6.
    Hill memory resets: 1.
At time 20 the agent is dead.
The agent had: 1 food, -1 water, and 16 sleep.
The total tree search depth for this trial was 43711.
The agent accessed its memory 169896 times.
The agent cleared its short-term memory 6 times.
    State prediction error memory resets: 4.
    Hill memory resets: 2.
At time 20 the agent is dead.
The agent had: 1 food, -1 water, and 20 sleep.
The total tree search depth for this trial was 24841.
The agent accessed its memory 91900 times.
The agent cleared its short-term memory 5 times.
    State prediction error memory resets: 4.
    Hill memory resets: 1.
At time 20 the agent is dead.
The agent had: 1 food, -1 water, and 21 sleep.
The total tree search depth for this trial was 26311.
The agent accessed its memory 95138 times.
The agent cleared its short-term memory 4 times.
    State prediction error memory resets: 3.
    Hill memory resets: 1.
At time 22 the agent is dead.
The agent had: -1 food, 17 water, and 19 sleep.
The total tree search depth for this trial was 30025.
The agent accessed its memory 105418 times.
The agent cleared its short-term memory 5 times.
    State prediction error memory resets: 4.
    Hill memory resets: 1.
At time 32 the agent is dead.
The agent had: -1 food, 15 water, and 22 sleep.
The total tree search depth for this trial was 48365.
The agent accessed its memory 164229 times.
The agent cleared its short-term memory 13 times.
    State prediction error memory resets: 12.
    Hill memory resets: 1.
At time 22 the agent is dead.
The agent had: -1 food, 16 water, and 10 sleep.
The total tree search depth for this trial was 28207.
The agent accessed its memory 97593 times.
The agent cleared its short-term memory 1 times.
    State prediction error memory resets: 0.
    Hill memory resets: 1.
At time 20 the agent is dead.
The agent had: 1 food, -1 water, and 4 sleep.
The total tree search depth for this trial was 73379.
The agent accessed its memory 266595 times.
The agent cleared its short-term memory 10 times.
    State prediction error memory resets: 8.
    Hill memory resets: 2.
At time 39 the agent is dead.
The agent had: -1 food, 13 water, and 20 sleep.
The total tree search depth for this trial was 108477.
The agent accessed its memory 381848 times.
The agent cleared its short-term memory 9 times.
    State prediction error memory resets: 7.
    Hill memory resets: 2.
At time 31 the agent is dead.
The agent had: 12 food, 8 water, and -1 sleep.
The total tree search depth for this trial was 47345.
The agent accessed its memory 161503 times.
The agent cleared its short-term memory 6 times.
    State prediction error memory resets: 5.
    Hill memory resets: 1.
At time 22 the agent is dead.
The agent had: -1 food, 4 water, and 18 sleep.
The total tree search depth for this trial was 31444.
The agent accessed its memory 109987 times.
The agent cleared its short-term memory 7 times.
    State prediction error memory resets: 6.
    Hill memory resets: 1.
At time 33 the agent is dead.
The agent had: -1 food, 15 water, and 21 sleep.
The total tree search depth for this trial was 93161.
The agent accessed its memory 343639 times.
The agent cleared its short-term memory 8 times.
    State prediction error memory resets: 6.
    Hill memory resets: 2.
At time 42 the agent is dead.
The agent had: 11 food, -1 water, and 2 sleep.
The total tree search depth for this trial was 108669.
The agent accessed its memory 387333 times.
The agent cleared its short-term memory 11 times.
    State prediction error memory resets: 9.
    Hill memory resets: 2.
At time 47 the agent is dead.
The agent had: -1 food, -1 water, and 10 sleep.
The total tree search depth for this trial was 122468.
The agent accessed its memory 434455 times.
The agent cleared its short-term memory 13 times.
    State prediction error memory resets: 12.
    Hill memory resets: 1.
At time 30 the agent is dead.
The agent had: 5 food, -1 water, and 2 sleep.
The total tree search depth for this trial was 73529.
The agent accessed its memory 264186 times.
The agent cleared its short-term memory 6 times.
    State prediction error memory resets: 5.
    Hill memory resets: 1.
At time 65 the agent is dead.
The agent had: -1 food, 0 water, and 14 sleep.
The total tree search depth for this trial was 147023.
The agent accessed its memory 513253 times.
The agent cleared its short-term memory 13 times.
    State prediction error memory resets: 12.
    Hill memory resets: 1.
At time 33 the agent is dead.
The agent had: 3 food, -1 water, and 1 sleep.
The total tree search depth for this trial was 32844.
The agent accessed its memory 119023 times.
The agent cleared its short-term memory 5 times.
    State prediction error memory resets: 4.
    Hill memory resets: 1.
At time 90 the agent is dead.
The agent had: 10 food, -1 water, and 20 sleep.
The total tree search depth for this trial was 228759.
The agent accessed its memory 786264 times.
The agent cleared its short-term memory 15 times.
    State prediction error memory resets: 13.
    Hill memory resets: 2.
At time 55 the agent is dead.
The agent had: 4 food, -1 water, and 13 sleep.
The total tree search depth for this trial was 145129.
The agent accessed its memory 506647 times.
The agent cleared its short-term memory 10 times.
    State prediction error memory resets: 9.
    Hill memory resets: 1.
At time 62 the agent is dead.
The agent had: 9 food, 5 water, and -1 sleep.
The total tree search depth for this trial was 193310.
The agent accessed its memory 668362 times.
The agent cleared its short-term memory 17 times.
    State prediction error memory resets: 16.
    Hill memory resets: 1.
At time 25 the agent is dead.
The agent had: 6 food, 1 water, and -1 sleep.
The total tree search depth for this trial was 242283.
The agent accessed its memory 875562 times.
The agent cleared its short-term memory 11 times.
    State prediction error memory resets: 10.
    Hill memory resets: 1.
At time 20 the agent is dead.
The agent had: 1 food, -1 water, and 10 sleep.
The total tree search depth for this trial was 57640.
The agent accessed its memory 189296 times.
The agent cleared its short-term memory 4 times.
    State prediction error memory resets: 2.
    Hill memory resets: 2.
At time 72 the agent is dead.
The agent had: 2 food, -1 water, and 8 sleep.
The total tree search depth for this trial was 162947.
The agent accessed its memory 561387 times.
The agent cleared its short-term memory 10 times.
    State prediction error memory resets: 9.
    Hill memory resets: 1.
At time 31 the agent is dead.
The agent had: -1 food, 5 water, and 16 sleep.
The total tree search depth for this trial was 84160.
The agent accessed its memory 277965 times.
The agent cleared its short-term memory 6 times.
    State prediction error memory resets: 5.
    Hill memory resets: 1.
At time 64 the agent is dead.
The agent had: 2 food, -1 water, and 1 sleep.
The total tree search depth for this trial was 84288.
The agent accessed its memory 270384 times.
The agent cleared its short-term memory 7 times.
    State prediction error memory resets: 5.
    Hill memory resets: 2.
At time 39 the agent is dead.
The agent had: 2 food, 5 water, and -1 sleep.
The total tree search depth for this trial was 185092.
The agent accessed its memory 631244 times.
The agent cleared its short-term memory 7 times.
    State prediction error memory resets: 6.
    Hill memory resets: 1.
At time 20 the agent is dead.
The agent had: 1 food, -1 water, and 10 sleep.
The total tree search depth for this trial was 110669.
The agent accessed its memory 389776 times.
The agent cleared its short-term memory 8 times.
    State prediction error memory resets: 7.
    Hill memory resets: 1.
At time 25 the agent is dead.
The agent had: 6 food, 1 water, and -1 sleep.
The total tree search depth for this trial was 60153.
The agent accessed its memory 208304 times.
The agent cleared its short-term memory 6 times.
    State prediction error memory resets: 5.
    Hill memory resets: 1.
At time 25 the agent is dead.
The agent had: 6 food, 2 water, and -1 sleep.
The total tree search depth for this trial was 166701.
The agent accessed its memory 576354 times.
The agent cleared its short-term memory 6 times.
    State prediction error memory resets: 5.
    Hill memory resets: 1.
At time 62 the agent is dead.
The agent had: 4 food, -1 water, and -1 sleep.
The total tree search depth for this trial was 176226.
The agent accessed its memory 587461 times.
The agent cleared its short-term memory 11 times.
    State prediction error memory resets: 9.
    Hill memory resets: 2.
At time 22 the agent is dead.
The agent had: -1 food, 8 water, and 9 sleep.
The total tree search depth for this trial was 50463.
The agent accessed its memory 170052 times.
The agent cleared its short-term memory 5 times.
    State prediction error memory resets: 4.
    Hill memory resets: 1.
At time 56 the agent is dead.
The agent had: -1 food, 4 water, and 5 sleep.
The total tree search depth for this trial was 265241.
The agent accessed its memory 878622 times.
The agent cleared its short-term memory 16 times.
    State prediction error memory resets: 13.
    Hill memory resets: 3.
At time 22 the agent is dead.
The agent had: -1 food, 5 water, and 2 sleep.
The total tree search depth for this trial was 57021.
The agent accessed its memory 198732 times.
The agent cleared its short-term memory 6 times.
    State prediction error memory resets: 5.
    Hill memory resets: 1.
At time 20 the agent is dead.
The agent had: 1 food, -1 water, and 4 sleep.
The total tree search depth for this trial was 58187.
The agent accessed its memory 187979 times.
The agent cleared its short-term memory 3 times.
    State prediction error memory resets: 2.
    Hill memory resets: 1.
At time 44 the agent is dead.
The agent had: 3 food, -1 water, and 13 sleep.
The total tree search depth for this trial was 88431.
The agent accessed its memory 284410 times.
The agent cleared its short-term memory 5 times.
    State prediction error memory resets: 4.
    Hill memory resets: 1.
At time 20 the agent is dead.
The agent had: 1 food, -1 water, and 4 sleep.
The total tree search depth for this trial was 45222.
The agent accessed its memory 149821 times.
The agent cleared its short-term memory 4 times.
    State prediction error memory resets: 3.
    Hill memory resets: 1.
At time 43 the agent is dead.
The agent had: 3 food, -1 water, and 0 sleep.
The total tree search depth for this trial was 173007.
The agent accessed its memory 590707 times.
The agent cleared its short-term memory 8 times.
    State prediction error memory resets: 6.
    Hill memory resets: 2.
At time 20 the agent is dead.
The agent had: 1 food, -1 water, and 4 sleep.
The total tree search depth for this trial was 51023.
The agent accessed its memory 177804 times.
The agent cleared its short-term memory 6 times.
    State prediction error memory resets: 5.
    Hill memory resets: 1.
At time 76 the agent is dead.
The agent had: -1 food, -1 water, and 13 sleep.
The total tree search depth for this trial was 108137.
The agent accessed its memory 347379 times.
The agent cleared its short-term memory 8 times.
    State prediction error memory resets: 7.
    Hill memory resets: 1.
At time 67 the agent is dead.
The agent had: 16 food, -1 water, and 11 sleep.
The total tree search depth for this trial was 117049.
The agent accessed its memory 379675 times.
The agent cleared its short-term memory 12 times.
    State prediction error memory resets: 9.
    Hill memory resets: 3.
At time 70 the agent is dead.
The agent had: -1 food, -1 water, and 5 sleep.
The total tree search depth for this trial was 227064.
The agent accessed its memory 753132 times.
The agent cleared its short-term memory 14 times.
    State prediction error memory resets: 13.
    Hill memory resets: 1.
At time 42 the agent is dead.
The agent had: 13 food, -1 water, and 15 sleep.
The total tree search depth for this trial was 216307.
The agent accessed its memory 693440 times.
The agent cleared its short-term memory 13 times.
    State prediction error memory resets: 12.
    Hill memory resets: 1.
At time 49 the agent is dead.
The agent had: -1 food, 0 water, and 10 sleep.
The total tree search depth for this trial was 163704.
The agent accessed its memory 548921 times.
The agent cleared its short-term memory 9 times.
    State prediction error memory resets: 8.
    Hill memory resets: 1.
At time 95 the agent is dead.
The agent had: 0 food, -1 water, and -1 sleep.
The total tree search depth for this trial was 236080.
The agent accessed its memory 756050 times.
The agent cleared its short-term memory 16 times.
    State prediction error memory resets: 15.
    Hill memory resets: 1.
At time 72 the agent is dead.
The agent had: -1 food, 3 water, and 15 sleep.
The total tree search depth for this trial was 106505.
The agent accessed its memory 340024 times.
The agent cleared its short-term memory 8 times.
    State prediction error memory resets: 7.
    Hill memory resets: 1.
At time 37 the agent is dead.
The agent had: -1 food, -1 water, and 11 sleep.
The total tree search depth for this trial was 98329.
The agent accessed its memory 338229 times.
The agent cleared its short-term memory 6 times.
    State prediction error memory resets: 5.
    Hill memory resets: 1.
At time 87 the agent is dead.
The agent had: 9 food, -1 water, and 16 sleep.
The total tree search depth for this trial was 173104.
The agent accessed its memory 558599 times.
The agent cleared its short-term memory 14 times.
    State prediction error memory resets: 12.
    Hill memory resets: 2.
At time 42 the agent is dead.
The agent had: 12 food, 12 water, and -1 sleep.
The total tree search depth for this trial was 127236.
The agent accessed its memory 400242 times.
The agent cleared its short-term memory 10 times.
    State prediction error memory resets: 9.
    Hill memory resets: 1.
At time 75 the agent is dead.
The agent had: 10 food, -1 water, and 2 sleep.
The total tree search depth for this trial was 157515.
The agent accessed its memory 525347 times.
The agent cleared its short-term memory 12 times.
    State prediction error memory resets: 10.
    Hill memory resets: 2.
At time 61 the agent is dead.
The agent had: 4 food, -1 water, and 1 sleep.
The total tree search depth for this trial was 188577.
The agent accessed its memory 598945 times.
The agent cleared its short-term memory 11 times.
    State prediction error memory resets: 10.
    Hill memory resets: 1.
At time 22 the agent is dead.
The agent had: -1 food, 4 water, and 2 sleep.
The total tree search depth for this trial was 148735.
The agent accessed its memory 521242 times.
The agent cleared its short-term memory 7 times.
    State prediction error memory resets: 6.
    Hill memory resets: 1.
At time 20 the agent is dead.
The agent had: 8 food, -1 water, and 12 sleep.
The total tree search depth for this trial was 43233.
The agent accessed its memory 137960 times.
The agent cleared its short-term memory 7 times.
    State prediction error memory resets: 6.
    Hill memory resets: 1.
At time 20 the agent is dead.
The agent had: 1 food, -1 water, and 4 sleep.
The total tree search depth for this trial was 23390.
The agent accessed its memory 69501 times.
The agent cleared its short-term memory 7 times.
    State prediction error memory resets: 6.
    Hill memory resets: 1.
At time 84 the agent is dead.
The agent had: -1 food, 12 water, and 13 sleep.
The total tree search depth for this trial was 209200.
The agent accessed its memory 667504 times.
The agent cleared its short-term memory 16 times.
    State prediction error memory resets: 13.
    Hill memory resets: 3.
At time 29 the agent is dead.
The agent had: -1 food, 5 water, and 11 sleep.
The total tree search depth for this trial was 66337.
The agent accessed its memory 211811 times.
The agent cleared its short-term memory 5 times.
    State prediction error memory resets: 4.
    Hill memory resets: 1.
At time 25 the agent is dead.
The agent had: 13 food, 13 water, and -1 sleep.
The total tree search depth for this trial was 81547.
The agent accessed its memory 255162 times.
The agent cleared its short-term memory 4 times.
    State prediction error memory resets: 3.
    Hill memory resets: 1.
At time 64 the agent is dead.
The agent had: -1 food, 1 water, and 7 sleep.
The total tree search depth for this trial was 118903.
The agent accessed its memory 368344 times.
The agent cleared its short-term memory 9 times.
    State prediction error memory resets: 8.
    Hill memory resets: 1.
At time 22 the agent is dead.
The agent had: -1 food, 4 water, and 2 sleep.
The total tree search depth for this trial was 93361.
The agent accessed its memory 298658 times.
The agent cleared its short-term memory 6 times.
    State prediction error memory resets: 5.
    Hill memory resets: 1.
At time 34 the agent is dead.
The agent had: 14 food, -1 water, and 16 sleep.
The total tree search depth for this trial was 102505.
The agent accessed its memory 343652 times.
The agent cleared its short-term memory 9 times.
    State prediction error memory resets: 8.
    Hill memory resets: 1.
At time 30 the agent is dead.
The agent had: 4 food, -1 water, and 1 sleep.
The total tree search depth for this trial was 47015.
The agent accessed its memory 145259 times.
The agent cleared its short-term memory 3 times.
    State prediction error memory resets: 2.
    Hill memory resets: 1.
At time 67 the agent is dead.
The agent had: 14 food, -1 water, and 1 sleep.
The total tree search depth for this trial was 171312.
The agent accessed its memory 535096 times.
The agent cleared its short-term memory 14 times.
    State prediction error memory resets: 12.
    Hill memory resets: 2.
At time 57 the agent is dead.
The agent had: 12 food, 4 water, and -1 sleep.
The total tree search depth for this trial was 143690.
The agent accessed its memory 450631 times.
The agent cleared its short-term memory 10 times.
    State prediction error memory resets: 9.
    Hill memory resets: 1.
At time 22 the agent is dead.
The agent had: -1 food, 7 water, and 8 sleep.
The total tree search depth for this trial was 50657.
The agent accessed its memory 159416 times.
The agent cleared its short-term memory 4 times.
    State prediction error memory resets: 3.
    Hill memory resets: 1.
At time 22 the agent is dead.
The agent had: -1 food, 7 water, and 2 sleep.
The total tree search depth for this trial was 104004.
The agent accessed its memory 343685 times.
The agent cleared its short-term memory 7 times.
    State prediction error memory resets: 6.
    Hill memory resets: 1.
At time 52 the agent is dead.
The agent had: 9 food, -1 water, and 11 sleep.
The total tree search depth for this trial was 75208.
The agent accessed its memory 217061 times.
The agent cleared its short-term memory 6 times.
    State prediction error memory resets: 5.
    Hill memory resets: 1.
At time 39 the agent is dead.
The agent had: -1 food, -1 water, and 11 sleep.
The total tree search depth for this trial was 96212.
The agent accessed its memory 297556 times.
The agent cleared its short-term memory 4 times.
    State prediction error memory resets: 3.
    Hill memory resets: 1.
At time 97 the agent is dead.
The agent had: -1 food, 3 water, and 7 sleep.
The total tree search depth for this trial was 220580.
The agent accessed its memory 700279 times.
The agent cleared its short-term memory 12 times.
    State prediction error memory resets: 10.
    Hill memory resets: 2.
At time 72 the agent is dead.
The agent had: 0 food, 4 water, and -1 sleep.
The total tree search depth for this trial was 185565.
The agent accessed its memory 612283 times.
The agent cleared its short-term memory 14 times.
    State prediction error memory resets: 12.
    Hill memory resets: 2.
At time 70 the agent is dead.
The agent had: -1 food, 3 water, and 16 sleep.
The total tree search depth for this trial was 74681.
The agent accessed its memory 225963 times.
The agent cleared its short-term memory 6 times.
    State prediction error memory resets: 5.
    Hill memory resets: 1.
At time 29 the agent is dead.
The agent had: 3 food, -1 water, and 13 sleep.
The total tree search depth for this trial was 69529.
The agent accessed its memory 208729 times.
The agent cleared its short-term memory 4 times.
    State prediction error memory resets: 3.
    Hill memory resets: 1.
