Running main with ALGORITHM=known_large_MCT, SEED=72, HORIZON=3, K_FACTOR=0.7, ROOT_FOLDER=/home/grmstj001, MCT=0, NUM_MCT=100, AUTO_REST=1

                            < M A T L A B (R) >
                  Copyright 1984-2024 The MathWorks, Inc.
                  R2024a (24.1.0.2537033) 64-bit (glnxa64)
                             February 21, 2024

 
To get started, type doc.
For product information, visit www.mathworks.com.
 

ans = 

  struct with fields:

     Type: 'twister'
     Seed: 72
    State: [625x1 uint32]

Running without memory...
     1

[Warning: The value of local variables may have been changed to match the
globals.  Future versions of MATLAB will require that you declare a variable to
be global before you use that variable.] 
[> In known_large_MCT (line 337)
In main (line 50)] 
     2

     3

     4

     5

     6

     7

     8

     9

    10

    11

    12

    13

    14

    15

    16

    17

    18

    19

    20

    21

Known large MCT run complete
