Running main with ALGORITHM=known_large_MCT, SEED=68, HORIZON=0, K_FACTOR=0.7, ROOT_FOLDER=/home/grmstj001, MCT=9, NUM_MCT=100, AUTO_REST=0

                            < M A T L A B (R) >
                  Copyright 1984-2024 The MathWorks, Inc.
                  R2024a (24.1.0.2537033) 64-bit (glnxa64)
                             February 21, 2024

 
To get started, type doc.
For product information, visit www.mathworks.com.
 

ans = 

  struct with fields:

     Type: 'twister'
     Seed: 68
    State: [625x1 uint32]

Running with memory...
     1

[Warning: The value of local variables may have been changed to match the
globals.  Future versions of MATLAB will require that you declare a variable to
be global before you use that variable.] 
[> In known_large_MCT (line 337)
In main (line 50)] 
     2

     3

     4

     5

     6

     7

     8

     9

    10

    11

    12

    13

    14

    15

    16

    17

    18

    19

    20

    21

Known large MCT run complete

--------------------------------------------------------------------------------
          Segmentation violation detected at 2024-05-12 12:37:39 +0200
--------------------------------------------------------------------------------

Configuration:
  Crash Decoding           : Disabled - No sandbox or build area path
  Crash Mode               : continue (default)
  Default Encoding         : UTF-8
  Deployed                 : false
  GNU C Library            : 2.34 stable
  Graphics Driver          : Uninitialized software 
  Graphics card 1          : 0x102b ( 0x102b ) 0x536 Version 0.0.0.0 (0-0-0)
  Java Version             : Java 1.8.0_202-b08 with Oracle Corporation Java HotSpot(TM) 64-Bit Server VM mixed mode
  MATLAB Architecture      : glnxa64
  MATLAB Entitlement ID    : 7116308
  MATLAB Root              : /opt/exp_soft/MATLAB/R2024a
  MATLAB Version           : 24.1.0.2537033 (R2024a)
  OpenGL                   : software
  Operating System         : "Rocky Linux release 9.3 (Blue Onyx)"
  Process ID               : 2899748
  Processor ID             : x86 Family 6 Model 143 Stepping 8, GenuineIntel
  Session Key              : 5d214742-dd8c-4a40-a492-423c77c7593b
  Window System            : No active display

Fault Count: 1


Abnormal termination:
Segmentation violation

Current Thread: 'GTP_4' id 140601190250048

Register State (from fault):
  RAX = 0000000000000020  RBX = 00007fe043ffe960
  RCX = 0000000000000000  RDX = 0000000000000001
  RSP = 00007fe043ffe8b0  RBP = 00007fe043ffe9b0
  RSI = 00007fdff424a150  RDI = 00007fe043ffe950

   R8 = 00007fdf1f3f4d10   R9 = 0000000000000000
  R10 = 00007ffd3f3f9080  R11 = c213a414fa4730b8
  R12 = 00007fe043ffe950  R13 = 00007fe0340428d0
  R14 = 00000000ffffffeb  R15 = 00007fe043ffe900

  RIP = 00007fdf6c0b1494  EFL = 0000000000010202

   CS = 0033   FS = 0000   GS = 0000

Stack Trace (from fault):
[  0] 0x00007fdf6c0b1494 /opt/exp_soft/MATLAB/R2024a/bin/glnxa64/ddux/ddux_matlab/ddux_matlab/mwddux_matlab.so+00586900
[  1] 0x00007fe074cbde0f /opt/exp_soft/MATLAB/R2024a/bin/glnxa64/cppmicroservices_compendium/ddux_fctrl_impl/../../../../bin/glnxa64/libmwddux.so+00126479
[  2] 0x00007fe07d6e0d14 /opt/exp_soft/MATLAB/R2024a/bin/glnxa64/libmwfoundation_threadpool.so+00163092
[  3] 0x00007fe07d6e4f10 /opt/exp_soft/MATLAB/R2024a/bin/glnxa64/libmwfoundation_threadpool.so+00179984
[  4] 0x00007fe07d6e56a9 /opt/exp_soft/MATLAB/R2024a/bin/glnxa64/libmwfoundation_threadpool.so+00181929
[  5] 0x00007fe07d7efd10 /opt/exp_soft/MATLAB/R2024a/bin/glnxa64/../../sys/os/glnxa64/libstdc++.so.6+00879888
[  6] 0x00007fe07d49f802                                   /lib64/libc.so.6+00653314
[  7] 0x00007fe07d43f450                                   /lib64/libc.so.6+00259152

** This crash report has been saved to disk as /home/grmstj001/matlab_crash_dump.2899748-1 **



MATLAB is exiting because of fatal error
/var/spool/slurmd.spool/job06019/slurm_script: line 31: 2899748 Killed                  matlab -nodisplay -nosplash -nodesktop -r "addpath(genpath('/home/grmstj001/MATLAB-experiments/Sophisticated-Learning/src/MATLAB')); main('known_large_MCT', '68', '0', '0.7', '/home/grmstj001', '9', '100', '0'); exit;"
