Running Python script with ALGORITHM=SI and SEED=9
At time 20 the agent is dead.
The agent had: 1 food, -1 water, and 4 sleep.
The total tree search depth for this trial was 1112.
The agent accessed its memory 1754 times.
The agent cleared its short-term memory 4 times.
    State prediction error memory resets: 3.
    Hill memory resets: 1.
At time 20 the agent is dead.
The agent had: 18 food, -1 water, and 4 sleep.
The total tree search depth for this trial was 1024.
The agent accessed its memory 2402 times.
The agent cleared its short-term memory 7 times.
    State prediction error memory resets: 6.
    Hill memory resets: 1.
At time 20 the agent is dead.
The agent had: 1 food, -1 water, and 4 sleep.
The total tree search depth for this trial was 1181.
The agent accessed its memory 2062 times.
The agent cleared its short-term memory 0 times.
    State prediction error memory resets: 0.
    Hill memory resets: 0.
At time 22 the agent is dead.
The agent had: -1 food, 9 water, and 2 sleep.
The total tree search depth for this trial was 5194.
The agent accessed its memory 13245 times.
The agent cleared its short-term memory 4 times.
    State prediction error memory resets: 3.
    Hill memory resets: 1.
At time 20 the agent is dead.
The agent had: 1 food, -1 water, and 4 sleep.
The total tree search depth for this trial was 618.
The agent accessed its memory 1762 times.
The agent cleared its short-term memory 9 times.
    State prediction error memory resets: 7.
    Hill memory resets: 2.
At time 20 the agent is dead.
The agent had: 5 food, -1 water, and 4 sleep.
The total tree search depth for this trial was 2259.
The agent accessed its memory 7008 times.
The agent cleared its short-term memory 2 times.
    State prediction error memory resets: 2.
    Hill memory resets: 0.
At time 20 the agent is dead.
The agent had: 1 food, -1 water, and 4 sleep.
The total tree search depth for this trial was 1704.
The agent accessed its memory 4828 times.
The agent cleared its short-term memory 2 times.
    State prediction error memory resets: 1.
    Hill memory resets: 1.
At time 20 the agent is dead.
The agent had: 1 food, -1 water, and 4 sleep.
The total tree search depth for this trial was 1193.
The agent accessed its memory 2994 times.
The agent cleared its short-term memory 1 times.
    State prediction error memory resets: 0.
    Hill memory resets: 1.
At time 20 the agent is dead.
The agent had: 1 food, -1 water, and 4 sleep.
The total tree search depth for this trial was 1225.
The agent accessed its memory 3103 times.
The agent cleared its short-term memory 4 times.
    State prediction error memory resets: 3.
    Hill memory resets: 1.
At time 20 the agent is dead.
The agent had: 1 food, -1 water, and 4 sleep.
The total tree search depth for this trial was 1015.
The agent accessed its memory 2575 times.
The agent cleared its short-term memory 1 times.
    State prediction error memory resets: 0.
    Hill memory resets: 1.
At time 20 the agent is dead.
The agent had: 4 food, -1 water, and 4 sleep.
The total tree search depth for this trial was 15337.
The agent accessed its memory 58629 times.
The agent cleared its short-term memory 13 times.
    State prediction error memory resets: 13.
    Hill memory resets: 0.
At time 20 the agent is dead.
The agent had: 1 food, -1 water, and 4 sleep.
The total tree search depth for this trial was 18880.
The agent accessed its memory 84371 times.
The agent cleared its short-term memory 6 times.
    State prediction error memory resets: 6.
    Hill memory resets: 0.
At time 20 the agent is dead.
The agent had: 1 food, -1 water, and 4 sleep.
The total tree search depth for this trial was 1954.
The agent accessed its memory 6924 times.
The agent cleared its short-term memory 6 times.
    State prediction error memory resets: 4.
    Hill memory resets: 2.
At time 25 the agent is dead.
The agent had: 18 food, 13 water, and -1 sleep.
The total tree search depth for this trial was 4328.
The agent accessed its memory 16108 times.
The agent cleared its short-term memory 12 times.
    State prediction error memory resets: 11.
    Hill memory resets: 1.
At time 20 the agent is dead.
The agent had: 1 food, -1 water, and 4 sleep.
The total tree search depth for this trial was 2816.
The agent accessed its memory 10754 times.
The agent cleared its short-term memory 9 times.
    State prediction error memory resets: 8.
    Hill memory resets: 1.
At time 20 the agent is dead.
The agent had: 9 food, -1 water, and 4 sleep.
The total tree search depth for this trial was 14054.
The agent accessed its memory 58608 times.
The agent cleared its short-term memory 10 times.
    State prediction error memory resets: 9.
    Hill memory resets: 1.
At time 20 the agent is dead.
The agent had: 1 food, -1 water, and 4 sleep.
The total tree search depth for this trial was 3423.
The agent accessed its memory 13021 times.
The agent cleared its short-term memory 2 times.
    State prediction error memory resets: 1.
    Hill memory resets: 1.
At time 20 the agent is dead.
The agent had: 17 food, -1 water, and 4 sleep.
The total tree search depth for this trial was 10877.
The agent accessed its memory 42853 times.
The agent cleared its short-term memory 7 times.
    State prediction error memory resets: 6.
    Hill memory resets: 1.
At time 20 the agent is dead.
The agent had: 1 food, -1 water, and 4 sleep.
The total tree search depth for this trial was 3768.
The agent accessed its memory 14173 times.
The agent cleared its short-term memory 3 times.
    State prediction error memory resets: 2.
    Hill memory resets: 1.
At time 20 the agent is dead.
The agent had: 18 food, -1 water, and 4 sleep.
The total tree search depth for this trial was 4373.
The agent accessed its memory 16533 times.
The agent cleared its short-term memory 3 times.
    State prediction error memory resets: 2.
    Hill memory resets: 1.
At time 20 the agent is dead.
The agent had: 1 food, -1 water, and 4 sleep.
The total tree search depth for this trial was 4921.
The agent accessed its memory 18356 times.
The agent cleared its short-term memory 12 times.
    State prediction error memory resets: 11.
    Hill memory resets: 1.
At time 20 the agent is dead.
The agent had: 1 food, -1 water, and 4 sleep.
The total tree search depth for this trial was 5092.
The agent accessed its memory 18944 times.
The agent cleared its short-term memory 7 times.
    State prediction error memory resets: 6.
    Hill memory resets: 1.
At time 25 the agent is dead.
The agent had: 6 food, 6 water, and -1 sleep.
The total tree search depth for this trial was 15909.
The agent accessed its memory 55312 times.
The agent cleared its short-term memory 1 times.
    State prediction error memory resets: 0.
    Hill memory resets: 1.
At time 20 the agent is dead.
The agent had: 1 food, -1 water, and 4 sleep.
The total tree search depth for this trial was 3624.
The agent accessed its memory 12742 times.
The agent cleared its short-term memory 8 times.
    State prediction error memory resets: 7.
    Hill memory resets: 1.
At time 40 the agent is dead.
The agent had: 11 food, 1 water, and -1 sleep.
The total tree search depth for this trial was 97650.
The agent accessed its memory 377681 times.
The agent cleared its short-term memory 17 times.
    State prediction error memory resets: 16.
    Hill memory resets: 1.
At time 20 the agent is dead.
The agent had: 1 food, -1 water, and 4 sleep.
The total tree search depth for this trial was 2996.
The agent accessed its memory 10726 times.
The agent cleared its short-term memory 5 times.
    State prediction error memory resets: 4.
    Hill memory resets: 1.
At time 20 the agent is dead.
The agent had: 1 food, -1 water, and 4 sleep.
The total tree search depth for this trial was 13141.
The agent accessed its memory 52042 times.
The agent cleared its short-term memory 9 times.
    State prediction error memory resets: 8.
    Hill memory resets: 1.
At time 35 the agent is dead.
The agent had: -1 food, -1 water, and 13 sleep.
The total tree search depth for this trial was 77697.
The agent accessed its memory 296583 times.
The agent cleared its short-term memory 9 times.
    State prediction error memory resets: 8.
    Hill memory resets: 1.
At time 20 the agent is dead.
The agent had: 1 food, -1 water, and 4 sleep.
The total tree search depth for this trial was 40613.
The agent accessed its memory 188373 times.
The agent cleared its short-term memory 8 times.
    State prediction error memory resets: 6.
    Hill memory resets: 2.
At time 20 the agent is dead.
The agent had: 1 food, -1 water, and 4 sleep.
The total tree search depth for this trial was 5775.
The agent accessed its memory 21387 times.
The agent cleared its short-term memory 11 times.
    State prediction error memory resets: 10.
    Hill memory resets: 1.
At time 20 the agent is dead.
The agent had: 1 food, -1 water, and 4 sleep.
The total tree search depth for this trial was 6443.
The agent accessed its memory 24190 times.
The agent cleared its short-term memory 4 times.
    State prediction error memory resets: 3.
    Hill memory resets: 1.
At time 25 the agent is dead.
The agent had: 18 food, 8 water, and -1 sleep.
The total tree search depth for this trial was 40490.
The agent accessed its memory 163241 times.
The agent cleared its short-term memory 6 times.
    State prediction error memory resets: 5.
    Hill memory resets: 1.
At time 28 the agent is dead.
The agent had: 15 food, -1 water, and 22 sleep.
The total tree search depth for this trial was 30155.
The agent accessed its memory 111276 times.
The agent cleared its short-term memory 4 times.
    State prediction error memory resets: 3.
    Hill memory resets: 1.
At time 22 the agent is dead.
The agent had: -1 food, 4 water, and 12 sleep.
The total tree search depth for this trial was 79899.
The agent accessed its memory 304514 times.
The agent cleared its short-term memory 14 times.
    State prediction error memory resets: 13.
    Hill memory resets: 1.
At time 20 the agent is dead.
The agent had: 1 food, -1 water, and 4 sleep.
The total tree search depth for this trial was 8368.
The agent accessed its memory 31154 times.
The agent cleared its short-term memory 9 times.
    State prediction error memory resets: 8.
    Hill memory resets: 1.
At time 20 the agent is dead.
The agent had: 1 food, -1 water, and 4 sleep.
The total tree search depth for this trial was 5136.
The agent accessed its memory 18331 times.
The agent cleared its short-term memory 5 times.
    State prediction error memory resets: 3.
    Hill memory resets: 2.
At time 76 the agent is dead.
The agent had: -1 food, 2 water, and 6 sleep.
The total tree search depth for this trial was 177137.
The agent accessed its memory 671610 times.
The agent cleared its short-term memory 16 times.
    State prediction error memory resets: 14.
    Hill memory resets: 2.
At time 25 the agent is dead.
The agent had: 5 food, 5 water, and -1 sleep.
The total tree search depth for this trial was 107255.
The agent accessed its memory 447282 times.
The agent cleared its short-term memory 8 times.
    State prediction error memory resets: 7.
    Hill memory resets: 1.
At time 20 the agent is dead.
The agent had: 1 food, -1 water, and 4 sleep.
The total tree search depth for this trial was 3391.
The agent accessed its memory 12654 times.
The agent cleared its short-term memory 6 times.
    State prediction error memory resets: 4.
    Hill memory resets: 2.
At time 29 the agent is dead.
The agent had: -1 food, 14 water, and 17 sleep.
The total tree search depth for this trial was 58409.
The agent accessed its memory 197103 times.
The agent cleared its short-term memory 9 times.
    State prediction error memory resets: 8.
    Hill memory resets: 1.
At time 20 the agent is dead.
The agent had: 1 food, -1 water, and 4 sleep.
The total tree search depth for this trial was 3686.
The agent accessed its memory 14061 times.
The agent cleared its short-term memory 3 times.
    State prediction error memory resets: 2.
    Hill memory resets: 1.
At time 20 the agent is dead.
The agent had: 1 food, -1 water, and 4 sleep.
The total tree search depth for this trial was 16084.
The agent accessed its memory 61703 times.
The agent cleared its short-term memory 11 times.
    State prediction error memory resets: 7.
    Hill memory resets: 4.
At time 20 the agent is dead.
The agent had: 1 food, -1 water, and 4 sleep.
The total tree search depth for this trial was 13841.
The agent accessed its memory 55029 times.
The agent cleared its short-term memory 5 times.
    State prediction error memory resets: 2.
    Hill memory resets: 3.
At time 37 the agent is dead.
The agent had: 4 food, -1 water, and 3 sleep.
The total tree search depth for this trial was 123962.
The agent accessed its memory 492929 times.
The agent cleared its short-term memory 10 times.
    State prediction error memory resets: 9.
    Hill memory resets: 1.
At time 20 the agent is dead.
The agent had: 1 food, -1 water, and 4 sleep.
The total tree search depth for this trial was 9392.
The agent accessed its memory 34757 times.
The agent cleared its short-term memory 14 times.
    State prediction error memory resets: 13.
    Hill memory resets: 1.
At time 20 the agent is dead.
The agent had: 1 food, -1 water, and 4 sleep.
The total tree search depth for this trial was 24036.
The agent accessed its memory 102939 times.
The agent cleared its short-term memory 4 times.
    State prediction error memory resets: 3.
    Hill memory resets: 1.
At time 30 the agent is dead.
The agent had: 12 food, -1 water, and 9 sleep.
The total tree search depth for this trial was 126523.
The agent accessed its memory 427266 times.
The agent cleared its short-term memory 9 times.
    State prediction error memory resets: 8.
    Hill memory resets: 1.
At time 25 the agent is dead.
The agent had: 2 food, 2 water, and -1 sleep.
The total tree search depth for this trial was 176340.
The agent accessed its memory 642723 times.
The agent cleared its short-term memory 10 times.
    State prediction error memory resets: 8.
    Hill memory resets: 2.
At time 34 the agent is dead.
The agent had: 3 food, -1 water, and 21 sleep.
The total tree search depth for this trial was 82349.
The agent accessed its memory 304308 times.
The agent cleared its short-term memory 9 times.
    State prediction error memory resets: 7.
    Hill memory resets: 2.
At time 20 the agent is dead.
The agent had: 1 food, -1 water, and 4 sleep.
The total tree search depth for this trial was 15450.
The agent accessed its memory 53887 times.
The agent cleared its short-term memory 7 times.
    State prediction error memory resets: 0.
    Hill memory resets: 7.
At time 25 the agent is dead.
The agent had: 3 food, 3 water, and -1 sleep.
The total tree search depth for this trial was 148343.
The agent accessed its memory 551949 times.
The agent cleared its short-term memory 11 times.
    State prediction error memory resets: 10.
    Hill memory resets: 1.
At time 20 the agent is dead.
The agent had: 1 food, -1 water, and 13 sleep.
The total tree search depth for this trial was 58195.
The agent accessed its memory 231400 times.
The agent cleared its short-term memory 7 times.
    State prediction error memory resets: 6.
    Hill memory resets: 1.
At time 20 the agent is dead.
The agent had: 1 food, -1 water, and 4 sleep.
The total tree search depth for this trial was 10664.
The agent accessed its memory 38760 times.
The agent cleared its short-term memory 12 times.
    State prediction error memory resets: 11.
    Hill memory resets: 1.
At time 20 the agent is dead.
The agent had: 1 food, -1 water, and 4 sleep.
The total tree search depth for this trial was 10629.
The agent accessed its memory 34992 times.
The agent cleared its short-term memory 8 times.
    State prediction error memory resets: 4.
    Hill memory resets: 4.
At time 22 the agent is dead.
The agent had: -1 food, 5 water, and 8 sleep.
The total tree search depth for this trial was 23778.
The agent accessed its memory 82342 times.
The agent cleared its short-term memory 3 times.
    State prediction error memory resets: 2.
    Hill memory resets: 1.
At time 67 the agent is dead.
The agent had: 2 food, -1 water, and -1 sleep.
The total tree search depth for this trial was 103949.
The agent accessed its memory 357522 times.
The agent cleared its short-term memory 20 times.
    State prediction error memory resets: 17.
    Hill memory resets: 3.
At time 86 the agent is dead.
The agent had: 5 food, 1 water, and -1 sleep.
The total tree search depth for this trial was 225348.
The agent accessed its memory 776208 times.
The agent cleared its short-term memory 15 times.
    State prediction error memory resets: 14.
    Hill memory resets: 1.
At time 20 the agent is dead.
The agent had: 1 food, -1 water, and 4 sleep.
The total tree search depth for this trial was 10271.
The agent accessed its memory 39536 times.
The agent cleared its short-term memory 2 times.
    State prediction error memory resets: 1.
    Hill memory resets: 1.
At time 31 the agent is dead.
The agent had: 17 food, -1 water, and 17 sleep.
The total tree search depth for this trial was 67665.
The agent accessed its memory 218398 times.
The agent cleared its short-term memory 7 times.
    State prediction error memory resets: 6.
    Hill memory resets: 1.
At time 69 the agent is dead.
The agent had: 6 food, 7 water, and -1 sleep.
The total tree search depth for this trial was 260917.
The agent accessed its memory 891936 times.
The agent cleared its short-term memory 20 times.
    State prediction error memory resets: 18.
    Hill memory resets: 2.
At time 27 the agent is dead.
The agent had: 12 food, -1 water, and 21 sleep.
The total tree search depth for this trial was 36841.
The agent accessed its memory 131780 times.
The agent cleared its short-term memory 3 times.
    State prediction error memory resets: 2.
    Hill memory resets: 1.
At time 20 the agent is dead.
The agent had: 8 food, -1 water, and 4 sleep.
The total tree search depth for this trial was 84572.
The agent accessed its memory 294634 times.
The agent cleared its short-term memory 6 times.
    State prediction error memory resets: 5.
    Hill memory resets: 1.
At time 52 the agent is dead.
The agent had: 9 food, 3 water, and -1 sleep.
The total tree search depth for this trial was 120527.
The agent accessed its memory 399549 times.
The agent cleared its short-term memory 8 times.
    State prediction error memory resets: 7.
    Hill memory resets: 1.
At time 25 the agent is dead.
The agent had: 2 food, 2 water, and -1 sleep.
The total tree search depth for this trial was 150972.
The agent accessed its memory 510219 times.
The agent cleared its short-term memory 9 times.
    State prediction error memory resets: 8.
    Hill memory resets: 1.
At time 62 the agent is dead.
The agent had: 10 food, -1 water, and 20 sleep.
The total tree search depth for this trial was 97342.
The agent accessed its memory 326143 times.
The agent cleared its short-term memory 8 times.
    State prediction error memory resets: 7.
    Hill memory resets: 1.
At time 20 the agent is dead.
The agent had: 10 food, -1 water, and 12 sleep.
The total tree search depth for this trial was 46174.
The agent accessed its memory 173845 times.
The agent cleared its short-term memory 9 times.
    State prediction error memory resets: 6.
    Hill memory resets: 3.
At time 27 the agent is dead.
The agent had: 7 food, -1 water, and 22 sleep.
The total tree search depth for this trial was 52885.
The agent accessed its memory 172300 times.
The agent cleared its short-term memory 3 times.
    State prediction error memory resets: 2.
    Hill memory resets: 1.
At time 51 the agent is dead.
The agent had: 6 food, -1 water, and 8 sleep.
The total tree search depth for this trial was 80807.
The agent accessed its memory 282999 times.
The agent cleared its short-term memory 14 times.
    State prediction error memory resets: 12.
    Hill memory resets: 2.
At time 20 the agent is dead.
The agent had: 1 food, -1 water, and 4 sleep.
The total tree search depth for this trial was 45073.
The agent accessed its memory 160323 times.
The agent cleared its short-term memory 6 times.
    State prediction error memory resets: 5.
    Hill memory resets: 1.
At time 39 the agent is dead.
The agent had: 4 food, -1 water, and 6 sleep.
The total tree search depth for this trial was 82347.
The agent accessed its memory 273366 times.
The agent cleared its short-term memory 13 times.
    State prediction error memory resets: 12.
    Hill memory resets: 1.
At time 50 the agent is dead.
The agent had: 2 food, 1 water, and -1 sleep.
The total tree search depth for this trial was 78967.
The agent accessed its memory 269197 times.
The agent cleared its short-term memory 11 times.
    State prediction error memory resets: 8.
    Hill memory resets: 3.
At time 25 the agent is dead.
The agent had: 5 food, 1 water, and -1 sleep.
The total tree search depth for this trial was 83155.
The agent accessed its memory 268021 times.
The agent cleared its short-term memory 12 times.
    State prediction error memory resets: 11.
    Hill memory resets: 1.
At time 40 the agent is dead.
The agent had: 1 food, 4 water, and -1 sleep.
The total tree search depth for this trial was 183248.
The agent accessed its memory 599031 times.
The agent cleared its short-term memory 9 times.
    State prediction error memory resets: 8.
    Hill memory resets: 1.
At time 27 the agent is dead.
The agent had: 7 food, -1 water, and 13 sleep.
The total tree search depth for this trial was 108514.
The agent accessed its memory 345008 times.
The agent cleared its short-term memory 8 times.
    State prediction error memory resets: 7.
    Hill memory resets: 1.
At time 50 the agent is dead.
The agent had: 2 food, -1 water, and 2 sleep.
The total tree search depth for this trial was 77948.
The agent accessed its memory 274948 times.
The agent cleared its short-term memory 14 times.
    State prediction error memory resets: 13.
    Hill memory resets: 1.
At time 28 the agent is dead.
The agent had: -1 food, 8 water, and 12 sleep.
The total tree search depth for this trial was 51659.
The agent accessed its memory 162465 times.
The agent cleared its short-term memory 3 times.
    State prediction error memory resets: 2.
    Hill memory resets: 1.
At time 41 the agent is dead.
The agent had: 7 food, -1 water, and 9 sleep.
The total tree search depth for this trial was 60951.
The agent accessed its memory 185231 times.
The agent cleared its short-term memory 5 times.
    State prediction error memory resets: 4.
    Hill memory resets: 1.
At time 20 the agent is dead.
The agent had: 10 food, -1 water, and 4 sleep.
The total tree search depth for this trial was 57831.
The agent accessed its memory 189937 times.
The agent cleared its short-term memory 4 times.
    State prediction error memory resets: 3.
    Hill memory resets: 1.
At time 20 the agent is dead.
The agent had: 1 food, -1 water, and 4 sleep.
The total tree search depth for this trial was 24164.
The agent accessed its memory 81155 times.
The agent cleared its short-term memory 5 times.
    State prediction error memory resets: 3.
    Hill memory resets: 2.
At time 20 the agent is dead.
The agent had: 17 food, -1 water, and 19 sleep.
The total tree search depth for this trial was 97143.
The agent accessed its memory 327871 times.
The agent cleared its short-term memory 11 times.
    State prediction error memory resets: 9.
    Hill memory resets: 2.
At time 42 the agent is dead.
The agent had: -1 food, 1 water, and 15 sleep.
The total tree search depth for this trial was 64293.
The agent accessed its memory 200064 times.
The agent cleared its short-term memory 4 times.
    State prediction error memory resets: 3.
    Hill memory resets: 1.
At time 88 the agent is dead.
The agent had: 9 food, -1 water, and 20 sleep.
The total tree search depth for this trial was 231793.
The agent accessed its memory 721983 times.
The agent cleared its short-term memory 19 times.
    State prediction error memory resets: 17.
    Hill memory resets: 2.
At time 20 the agent is dead.
The agent had: 1 food, -1 water, and 4 sleep.
The total tree search depth for this trial was 26288.
The agent accessed its memory 87652 times.
The agent cleared its short-term memory 6 times.
    State prediction error memory resets: 4.
    Hill memory resets: 2.
At time 42 the agent is dead.
The agent had: 2 food, -1 water, and 0 sleep.
The total tree search depth for this trial was 49548.
The agent accessed its memory 160407 times.
The agent cleared its short-term memory 8 times.
    State prediction error memory resets: 7.
    Hill memory resets: 1.
At time 74 the agent is dead.
The agent had: -1 food, 9 water, and 15 sleep.
The total tree search depth for this trial was 97304.
The agent accessed its memory 315127 times.
The agent cleared its short-term memory 5 times.
    State prediction error memory resets: 4.
    Hill memory resets: 1.
At time 35 the agent is dead.
The agent had: 14 food, 10 water, and -1 sleep.
The total tree search depth for this trial was 41383.
The agent accessed its memory 131060 times.
The agent cleared its short-term memory 6 times.
    State prediction error memory resets: 4.
    Hill memory resets: 2.
At time 27 the agent is dead.
The agent had: 12 food, -1 water, and 21 sleep.
The total tree search depth for this trial was 69589.
The agent accessed its memory 226606 times.
The agent cleared its short-term memory 3 times.
    State prediction error memory resets: 2.
    Hill memory resets: 1.
At time 39 the agent is dead.
The agent had: -1 food, -1 water, and 13 sleep.
The total tree search depth for this trial was 78446.
The agent accessed its memory 267796 times.
The agent cleared its short-term memory 7 times.
    State prediction error memory resets: 6.
    Hill memory resets: 1.
At time 31 the agent is dead.
The agent had: 4 food, -1 water, and 6 sleep.
The total tree search depth for this trial was 33603.
The agent accessed its memory 98610 times.
The agent cleared its short-term memory 6 times.
    State prediction error memory resets: 5.
    Hill memory resets: 1.
At time 25 the agent is dead.
The agent had: 13 food, 13 water, and -1 sleep.
The total tree search depth for this trial was 63217.
The agent accessed its memory 199870 times.
The agent cleared its short-term memory 5 times.
    State prediction error memory resets: 4.
    Hill memory resets: 1.
At time 62 the agent is dead.
The agent had: -1 food, 17 water, and 19 sleep.
The total tree search depth for this trial was 132347.
The agent accessed its memory 421099 times.
The agent cleared its short-term memory 9 times.
    State prediction error memory resets: 7.
    Hill memory resets: 2.
At time 20 the agent is dead.
The agent had: 9 food, -1 water, and 17 sleep.
The total tree search depth for this trial was 72328.
The agent accessed its memory 219088 times.
The agent cleared its short-term memory 4 times.
    State prediction error memory resets: 3.
    Hill memory resets: 1.
At time 68 the agent is dead.
The agent had: -1 food, 9 water, and 15 sleep.
The total tree search depth for this trial was 155488.
The agent accessed its memory 493314 times.
The agent cleared its short-term memory 17 times.
    State prediction error memory resets: 12.
    Hill memory resets: 5.
At time 32 the agent is dead.
The agent had: 5 food, -1 water, and 7 sleep.
The total tree search depth for this trial was 33966.
The agent accessed its memory 100659 times.
The agent cleared its short-term memory 4 times.
    State prediction error memory resets: 3.
    Hill memory resets: 1.
At time 98 the agent is dead.
The agent had: 7 food, -1 water, and 14 sleep.
The total tree search depth for this trial was 296334.
The agent accessed its memory 934801 times.
The agent cleared its short-term memory 20 times.
    State prediction error memory resets: 18.
    Hill memory resets: 2.
At time 25 the agent is dead.
The agent had: 6 food, 2 water, and -1 sleep.
The total tree search depth for this trial was 74495.
The agent accessed its memory 235801 times.
The agent cleared its short-term memory 8 times.
    State prediction error memory resets: 6.
    Hill memory resets: 2.
At time 95 the agent is dead.
The agent had: -1 food, 5 water, and 11 sleep.
The total tree search depth for this trial was 245153.
The agent accessed its memory 793958 times.
The agent cleared its short-term memory 17 times.
    State prediction error memory resets: 13.
    Hill memory resets: 4.
At time 83 the agent is dead.
The agent had: 5 food, -1 water, and 20 sleep.
The total tree search depth for this trial was 172259.
The agent accessed its memory 522033 times.
The agent cleared its short-term memory 15 times.
    State prediction error memory resets: 13.
    Hill memory resets: 2.
At time 28 the agent is dead.
The agent had: -1 food, 5 water, and 11 sleep.
The total tree search depth for this trial was 90605.
The agent accessed its memory 277115 times.
The agent cleared its short-term memory 8 times.
    State prediction error memory resets: 7.
    Hill memory resets: 1.
At time 57 the agent is dead.
The agent had: 5 food, -1 water, and 9 sleep.
The total tree search depth for this trial was 41601.
The agent accessed its memory 126518 times.
The agent cleared its short-term memory 5 times.
    State prediction error memory resets: 3.
    Hill memory resets: 2.
At time 69 the agent is dead.
The agent had: 12 food, 12 water, and -1 sleep.
The total tree search depth for this trial was 73404.
The agent accessed its memory 240328 times.
The agent cleared its short-term memory 14 times.
    State prediction error memory resets: 8.
    Hill memory resets: 6.
At time 20 the agent is dead.
The agent had: 8 food, -1 water, and 12 sleep.
The total tree search depth for this trial was 37996.
The agent accessed its memory 110668 times.
The agent cleared its short-term memory 5 times.
    State prediction error memory resets: 4.
    Hill memory resets: 1.
At time 48 the agent is dead.
The agent had: 6 food, 2 water, and -1 sleep.
The total tree search depth for this trial was 82220.
The agent accessed its memory 259756 times.
The agent cleared its short-term memory 4 times.
    State prediction error memory resets: 3.
    Hill memory resets: 1.
At time 90 the agent is dead.
The agent had: -1 food, 4 water, and 10 sleep.
The total tree search depth for this trial was 194771.
The agent accessed its memory 574727 times.
The agent cleared its short-term memory 14 times.
    State prediction error memory resets: 9.
    Hill memory resets: 5.
At time 98 the agent is dead.
The agent had: -1 food, -1 water, and 15 sleep.
The total tree search depth for this trial was 161813.
The agent accessed its memory 500663 times.
The agent cleared its short-term memory 11 times.
    State prediction error memory resets: 9.
    Hill memory resets: 2.
At time 57 the agent is dead.
The agent had: 3 food, 3 water, and -1 sleep.
The total tree search depth for this trial was 127221.
The agent accessed its memory 394710 times.
The agent cleared its short-term memory 14 times.
    State prediction error memory resets: 9.
    Hill memory resets: 5.
At time 20 the agent is dead.
The agent had: 9 food, -1 water, and 4 sleep.
The total tree search depth for this trial was 36247.
The agent accessed its memory 118723 times.
The agent cleared its short-term memory 3 times.
    State prediction error memory resets: 2.
    Hill memory resets: 1.
At time 38 the agent is dead.
The agent had: 6 food, -1 water, and 21 sleep.
The total tree search depth for this trial was 133737.
The agent accessed its memory 410988 times.
The agent cleared its short-term memory 8 times.
    State prediction error memory resets: 7.
    Hill memory resets: 1.
At time 25 the agent is dead.
The agent had: 5 food, 1 water, and -1 sleep.
The total tree search depth for this trial was 56033.
The agent accessed its memory 178512 times.
The agent cleared its short-term memory 7 times.
    State prediction error memory resets: 6.
    Hill memory resets: 1.
At time 53 the agent is dead.
The agent had: 4 food, 4 water, and -1 sleep.
The total tree search depth for this trial was 161990.
The agent accessed its memory 504200 times.
The agent cleared its short-term memory 13 times.
    State prediction error memory resets: 9.
    Hill memory resets: 4.
At time 25 the agent is dead.
The agent had: 8 food, 3 water, and -1 sleep.
The total tree search depth for this trial was 67408.
The agent accessed its memory 206914 times.
The agent cleared its short-term memory 4 times.
    State prediction error memory resets: 3.
    Hill memory resets: 1.
At time 70 the agent is dead.
The agent had: -1 food, 6 water, and -1 sleep.
The total tree search depth for this trial was 170164.
The agent accessed its memory 531724 times.
The agent cleared its short-term memory 15 times.
    State prediction error memory resets: 11.
    Hill memory resets: 4.
At time 34 the agent is dead.
The agent had: -1 food, 3 water, and 14 sleep.
The total tree search depth for this trial was 68134.
The agent accessed its memory 214668 times.
The agent cleared its short-term memory 7 times.
    State prediction error memory resets: 6.
    Hill memory resets: 1.
At time 51 the agent is dead.
The agent had: 10 food, 5 water, and -1 sleep.
The total tree search depth for this trial was 65355.
The agent accessed its memory 203943 times.
The agent cleared its short-term memory 5 times.
    State prediction error memory resets: 4.
    Hill memory resets: 1.
