
----------------------------------------
TRIAL 1 STARTED
----------------------------------------
Start Time: 2024-05-01 19:15:15
TRIAL 1 COMPLETE ✔
End Time: 2024-05-01 19:15:21
Total runtime for this trial (minutes/seconds): 00:05
----------------------------------------
Total hill visits: 1
Total prediction errors: 3
Total search depth: 1112
Total times memory accessed: 1754
Total times 24 >= t < 49: 0
Total times 49 >= t < 74: 0
Total times 74 >= t < 99: 0
Total times t == 99: 0
Total time steps survived: 20
Total runtime so far (hours/minutes/seconds): 00:00:05
----------------------------------------

----------------------------------------
TRIAL 2 STARTED
----------------------------------------
Start Time: 2024-05-01 19:15:21
TRIAL 2 COMPLETE ✔
End Time: 2024-05-01 19:15:30
Total runtime for this trial (minutes/seconds): 00:08
----------------------------------------
Total hill visits: 2
Total prediction errors: 9
Total search depth: 2136
Total times memory accessed: 4156
Total times 24 >= t < 49: 0
Total times 49 >= t < 74: 0
Total times 74 >= t < 99: 0
Total times t == 99: 0
Total time steps survived: 40
Total runtime so far (hours/minutes/seconds): 00:00:14
----------------------------------------

----------------------------------------
TRIAL 3 STARTED
----------------------------------------
Start Time: 2024-05-01 19:15:30
TRIAL 3 COMPLETE ✔
End Time: 2024-05-01 19:15:37
Total runtime for this trial (minutes/seconds): 00:07
----------------------------------------
Total hill visits: 2
Total prediction errors: 9
Total search depth: 3317
Total times memory accessed: 6218
Total times 24 >= t < 49: 0
Total times 49 >= t < 74: 0
Total times 74 >= t < 99: 0
Total times t == 99: 0
Total time steps survived: 60
Total runtime so far (hours/minutes/seconds): 00:00:21
----------------------------------------

----------------------------------------
TRIAL 4 STARTED
----------------------------------------
Start Time: 2024-05-01 19:15:37
TRIAL 4 COMPLETE ✔
End Time: 2024-05-01 19:16:23
Total runtime for this trial (minutes/seconds): 00:45
----------------------------------------
Total hill visits: 3
Total prediction errors: 12
Total search depth: 8511
Total times memory accessed: 19463
Total times 24 >= t < 49: 0
Total times 49 >= t < 74: 0
Total times 74 >= t < 99: 0
Total times t == 99: 0
Total time steps survived: 82
Total runtime so far (hours/minutes/seconds): 00:01:07
----------------------------------------

----------------------------------------
TRIAL 5 STARTED
----------------------------------------
Start Time: 2024-05-01 19:16:23
TRIAL 5 COMPLETE ✔
End Time: 2024-05-01 19:16:29
Total runtime for this trial (minutes/seconds): 00:06
----------------------------------------
Total hill visits: 5
Total prediction errors: 19
Total search depth: 9129
Total times memory accessed: 21225
Total times 24 >= t < 49: 0
Total times 49 >= t < 74: 0
Total times 74 >= t < 99: 0
Total times t == 99: 0
Total time steps survived: 102
Total runtime so far (hours/minutes/seconds): 00:01:14
----------------------------------------

----------------------------------------
TRIAL 6 STARTED
----------------------------------------
Start Time: 2024-05-01 19:16:29
TRIAL 6 COMPLETE ✔
End Time: 2024-05-01 19:16:53
Total runtime for this trial (minutes/seconds): 00:23
----------------------------------------
Total hill visits: 5
Total prediction errors: 21
Total search depth: 11388
Total times memory accessed: 28233
Total times 24 >= t < 49: 0
Total times 49 >= t < 74: 0
Total times 74 >= t < 99: 0
Total times t == 99: 0
Total time steps survived: 122
Total runtime so far (hours/minutes/seconds): 00:01:37
----------------------------------------

----------------------------------------
TRIAL 7 STARTED
----------------------------------------
Start Time: 2024-05-01 19:16:53
TRIAL 7 COMPLETE ✔
End Time: 2024-05-01 19:17:08
Total runtime for this trial (minutes/seconds): 00:15
----------------------------------------
Total hill visits: 6
Total prediction errors: 22
Total search depth: 13092
Total times memory accessed: 33061
Total times 24 >= t < 49: 0
Total times 49 >= t < 74: 0
Total times 74 >= t < 99: 0
Total times t == 99: 0
Total time steps survived: 142
Total runtime so far (hours/minutes/seconds): 00:01:53
----------------------------------------

----------------------------------------
TRIAL 8 STARTED
----------------------------------------
Start Time: 2024-05-01 19:17:08
TRIAL 8 COMPLETE ✔
End Time: 2024-05-01 19:17:18
Total runtime for this trial (minutes/seconds): 00:09
----------------------------------------
Total hill visits: 7
Total prediction errors: 22
Total search depth: 14285
Total times memory accessed: 36055
Total times 24 >= t < 49: 0
Total times 49 >= t < 74: 0
Total times 74 >= t < 99: 0
Total times t == 99: 0
Total time steps survived: 162
Total runtime so far (hours/minutes/seconds): 00:02:02
----------------------------------------

----------------------------------------
TRIAL 9 STARTED
----------------------------------------
Start Time: 2024-05-01 19:17:18
TRIAL 9 COMPLETE ✔
End Time: 2024-05-01 19:17:29
Total runtime for this trial (minutes/seconds): 00:10
----------------------------------------
Total hill visits: 8
Total prediction errors: 25
Total search depth: 15510
Total times memory accessed: 39158
Total times 24 >= t < 49: 0
Total times 49 >= t < 74: 0
Total times 74 >= t < 99: 0
Total times t == 99: 0
Total time steps survived: 182
Total runtime so far (hours/minutes/seconds): 00:02:13
----------------------------------------

----------------------------------------
TRIAL 10 STARTED
----------------------------------------
Start Time: 2024-05-01 19:17:29
TRIAL 10 COMPLETE ✔
End Time: 2024-05-01 19:17:40
Total runtime for this trial (minutes/seconds): 00:11
----------------------------------------
Total hill visits: 9
Total prediction errors: 25
Total search depth: 16525
Total times memory accessed: 41733
Total times 24 >= t < 49: 0
Total times 49 >= t < 74: 0
Total times 74 >= t < 99: 0
Total times t == 99: 0
Total time steps survived: 202
Total runtime so far (hours/minutes/seconds): 00:02:25
----------------------------------------

----------------------------------------
TRIAL 11 STARTED
----------------------------------------
Start Time: 2024-05-01 19:17:40
TRIAL 11 COMPLETE ✔
End Time: 2024-05-01 19:20:56
Total runtime for this trial (minutes/seconds): 03:16
----------------------------------------
Total hill visits: 9
Total prediction errors: 38
Total search depth: 31862
Total times memory accessed: 100362
Total times 24 >= t < 49: 0
Total times 49 >= t < 74: 0
Total times 74 >= t < 99: 0
Total times t == 99: 0
Total time steps survived: 222
Total runtime so far (hours/minutes/seconds): 00:05:41
----------------------------------------

----------------------------------------
TRIAL 12 STARTED
----------------------------------------
Start Time: 2024-05-01 19:20:56
TRIAL 12 COMPLETE ✔
End Time: 2024-05-01 19:25:10
Total runtime for this trial (minutes/seconds): 04:13
----------------------------------------
Total hill visits: 9
Total prediction errors: 44
Total search depth: 50742
Total times memory accessed: 184733
Total times 24 >= t < 49: 0
Total times 49 >= t < 74: 0
Total times 74 >= t < 99: 0
Total times t == 99: 0
Total time steps survived: 242
Total runtime so far (hours/minutes/seconds): 00:09:54
----------------------------------------

----------------------------------------
TRIAL 13 STARTED
----------------------------------------
Start Time: 2024-05-01 19:25:10
TRIAL 13 COMPLETE ✔
End Time: 2024-05-01 19:25:31
Total runtime for this trial (minutes/seconds): 00:21
----------------------------------------
Total hill visits: 11
Total prediction errors: 48
Total search depth: 52696
Total times memory accessed: 191657
Total times 24 >= t < 49: 0
Total times 49 >= t < 74: 0
Total times 74 >= t < 99: 0
Total times t == 99: 0
Total time steps survived: 262
Total runtime so far (hours/minutes/seconds): 00:10:16
----------------------------------------

----------------------------------------
TRIAL 14 STARTED
----------------------------------------
Start Time: 2024-05-01 19:25:31
TRIAL 14 COMPLETE ✔
End Time: 2024-05-01 19:26:21
Total runtime for this trial (minutes/seconds): 00:49
----------------------------------------
Total hill visits: 12
Total prediction errors: 59
Total search depth: 57024
Total times memory accessed: 207765
Total times 24 >= t < 49: 1
Total times 49 >= t < 74: 0
Total times 74 >= t < 99: 0
Total times t == 99: 0
Total time steps survived: 287
Total runtime so far (hours/minutes/seconds): 00:11:05
----------------------------------------

----------------------------------------
TRIAL 15 STARTED
----------------------------------------
Start Time: 2024-05-01 19:26:21
TRIAL 15 COMPLETE ✔
End Time: 2024-05-01 19:26:53
Total runtime for this trial (minutes/seconds): 00:31
----------------------------------------
Total hill visits: 13
Total prediction errors: 67
Total search depth: 59840
Total times memory accessed: 218519
Total times 24 >= t < 49: 1
Total times 49 >= t < 74: 0
Total times 74 >= t < 99: 0
Total times t == 99: 0
Total time steps survived: 307
Total runtime so far (hours/minutes/seconds): 00:11:37
----------------------------------------

----------------------------------------
TRIAL 16 STARTED
----------------------------------------
Start Time: 2024-05-01 19:26:53
TRIAL 16 COMPLETE ✔
End Time: 2024-05-01 19:29:57
Total runtime for this trial (minutes/seconds): 03:04
----------------------------------------
Total hill visits: 14
Total prediction errors: 76
Total search depth: 73894
Total times memory accessed: 277127
Total times 24 >= t < 49: 1
Total times 49 >= t < 74: 0
Total times 74 >= t < 99: 0
Total times t == 99: 0
Total time steps survived: 327
Total runtime so far (hours/minutes/seconds): 00:14:42
----------------------------------------

----------------------------------------
TRIAL 17 STARTED
----------------------------------------
Start Time: 2024-05-01 19:29:57
TRIAL 17 COMPLETE ✔
End Time: 2024-05-01 19:30:35
Total runtime for this trial (minutes/seconds): 00:38
----------------------------------------
Total hill visits: 15
Total prediction errors: 77
Total search depth: 77317
Total times memory accessed: 290148
Total times 24 >= t < 49: 1
Total times 49 >= t < 74: 0
Total times 74 >= t < 99: 0
Total times t == 99: 0
Total time steps survived: 347
Total runtime so far (hours/minutes/seconds): 00:15:20
----------------------------------------

----------------------------------------
TRIAL 18 STARTED
----------------------------------------
Start Time: 2024-05-01 19:30:35
TRIAL 18 COMPLETE ✔
End Time: 2024-05-01 19:32:50
Total runtime for this trial (minutes/seconds): 02:14
----------------------------------------
Total hill visits: 16
Total prediction errors: 83
Total search depth: 88194
Total times memory accessed: 333001
Total times 24 >= t < 49: 1
Total times 49 >= t < 74: 0
Total times 74 >= t < 99: 0
Total times t == 99: 0
Total time steps survived: 367
Total runtime so far (hours/minutes/seconds): 00:17:35
----------------------------------------

----------------------------------------
TRIAL 19 STARTED
----------------------------------------
Start Time: 2024-05-01 19:32:50
TRIAL 19 COMPLETE ✔
End Time: 2024-05-01 19:33:35
Total runtime for this trial (minutes/seconds): 00:44
----------------------------------------
Total hill visits: 17
Total prediction errors: 85
Total search depth: 91962
Total times memory accessed: 347174
Total times 24 >= t < 49: 1
Total times 49 >= t < 74: 0
Total times 74 >= t < 99: 0
Total times t == 99: 0
Total time steps survived: 387
Total runtime so far (hours/minutes/seconds): 00:18:19
----------------------------------------

----------------------------------------
TRIAL 20 STARTED
----------------------------------------
Start Time: 2024-05-01 19:33:35
TRIAL 20 COMPLETE ✔
End Time: 2024-05-01 19:34:28
Total runtime for this trial (minutes/seconds): 00:52
----------------------------------------
Total hill visits: 18
Total prediction errors: 87
Total search depth: 96335
Total times memory accessed: 363707
Total times 24 >= t < 49: 1
Total times 49 >= t < 74: 0
Total times 74 >= t < 99: 0
Total times t == 99: 0
Total time steps survived: 407
Total runtime so far (hours/minutes/seconds): 00:19:12
----------------------------------------

----------------------------------------
TRIAL 21 STARTED
----------------------------------------
Start Time: 2024-05-01 19:34:28
TRIAL 21 COMPLETE ✔
End Time: 2024-05-01 19:35:25
Total runtime for this trial (minutes/seconds): 00:57
----------------------------------------
Total hill visits: 19
Total prediction errors: 98
Total search depth: 101256
Total times memory accessed: 382063
Total times 24 >= t < 49: 1
Total times 49 >= t < 74: 0
Total times 74 >= t < 99: 0
Total times t == 99: 0
Total time steps survived: 427
Total runtime so far (hours/minutes/seconds): 00:20:10
----------------------------------------

----------------------------------------
TRIAL 22 STARTED
----------------------------------------
Start Time: 2024-05-01 19:35:25
TRIAL 22 COMPLETE ✔
End Time: 2024-05-01 19:36:23
Total runtime for this trial (minutes/seconds): 00:57
----------------------------------------
Total hill visits: 20
Total prediction errors: 104
Total search depth: 106348
Total times memory accessed: 401007
Total times 24 >= t < 49: 1
Total times 49 >= t < 74: 0
Total times 74 >= t < 99: 0
Total times t == 99: 0
Total time steps survived: 447
Total runtime so far (hours/minutes/seconds): 00:21:07
----------------------------------------

----------------------------------------
TRIAL 23 STARTED
----------------------------------------
Start Time: 2024-05-01 19:36:23
TRIAL 23 COMPLETE ✔
End Time: 2024-05-01 19:39:14
Total runtime for this trial (minutes/seconds): 02:51
----------------------------------------
Total hill visits: 21
Total prediction errors: 104
Total search depth: 122257
Total times memory accessed: 456319
Total times 24 >= t < 49: 2
Total times 49 >= t < 74: 0
Total times 74 >= t < 99: 0
Total times t == 99: 0
Total time steps survived: 472
Total runtime so far (hours/minutes/seconds): 00:23:59
----------------------------------------

----------------------------------------
TRIAL 24 STARTED
----------------------------------------
Start Time: 2024-05-01 19:39:14
TRIAL 24 COMPLETE ✔
End Time: 2024-05-01 19:39:59
Total runtime for this trial (minutes/seconds): 00:44
----------------------------------------
Total hill visits: 22
Total prediction errors: 111
Total search depth: 125881
Total times memory accessed: 469061
Total times 24 >= t < 49: 2
Total times 49 >= t < 74: 0
Total times 74 >= t < 99: 0
Total times t == 99: 0
Total time steps survived: 492
Total runtime so far (hours/minutes/seconds): 00:24:44
----------------------------------------

----------------------------------------
TRIAL 25 STARTED
----------------------------------------
Start Time: 2024-05-01 19:39:59
TRIAL 25 COMPLETE ✔
End Time: 2024-05-01 19:59:36
Total runtime for this trial (minutes/seconds): 19:36
----------------------------------------
Total hill visits: 23
Total prediction errors: 127
Total search depth: 223531
Total times memory accessed: 846742
Total times 24 >= t < 49: 3
Total times 49 >= t < 74: 0
Total times 74 >= t < 99: 0
Total times t == 99: 0
Total time steps survived: 532
Total runtime so far (hours/minutes/seconds): 00:44:21
----------------------------------------

----------------------------------------
TRIAL 26 STARTED
----------------------------------------
Start Time: 2024-05-01 19:59:36
TRIAL 26 COMPLETE ✔
End Time: 2024-05-01 20:00:09
Total runtime for this trial (minutes/seconds): 00:33
----------------------------------------
Total hill visits: 24
Total prediction errors: 131
Total search depth: 226527
Total times memory accessed: 857468
Total times 24 >= t < 49: 3
Total times 49 >= t < 74: 0
Total times 74 >= t < 99: 0
Total times t == 99: 0
Total time steps survived: 552
Total runtime so far (hours/minutes/seconds): 00:44:54
----------------------------------------

----------------------------------------
TRIAL 27 STARTED
----------------------------------------
Start Time: 2024-05-01 20:00:09
TRIAL 27 COMPLETE ✔
End Time: 2024-05-01 20:02:45
Total runtime for this trial (minutes/seconds): 02:36
----------------------------------------
Total hill visits: 25
Total prediction errors: 139
Total search depth: 239668
Total times memory accessed: 909510
Total times 24 >= t < 49: 3
Total times 49 >= t < 74: 0
Total times 74 >= t < 99: 0
Total times t == 99: 0
Total time steps survived: 572
Total runtime so far (hours/minutes/seconds): 00:47:30
----------------------------------------

----------------------------------------
TRIAL 28 STARTED
----------------------------------------
Start Time: 2024-05-01 20:02:45
TRIAL 28 COMPLETE ✔
End Time: 2024-05-01 20:18:18
Total runtime for this trial (minutes/seconds): 15:32
----------------------------------------
Total hill visits: 26
Total prediction errors: 147
Total search depth: 317365
Total times memory accessed: 1206093
Total times 24 >= t < 49: 4
Total times 49 >= t < 74: 0
Total times 74 >= t < 99: 0
Total times t == 99: 0
Total time steps survived: 607
Total runtime so far (hours/minutes/seconds): 01:03:02
----------------------------------------

----------------------------------------
TRIAL 29 STARTED
----------------------------------------
Start Time: 2024-05-01 20:18:18
TRIAL 29 COMPLETE ✔
End Time: 2024-05-01 20:27:26
Total runtime for this trial (minutes/seconds): 09:08
----------------------------------------
Total hill visits: 28
Total prediction errors: 153
Total search depth: 357978
Total times memory accessed: 1394466
Total times 24 >= t < 49: 4
Total times 49 >= t < 74: 0
Total times 74 >= t < 99: 0
Total times t == 99: 0
Total time steps survived: 627
Total runtime so far (hours/minutes/seconds): 01:12:11
----------------------------------------

----------------------------------------
TRIAL 30 STARTED
----------------------------------------
Start Time: 2024-05-01 20:27:26
TRIAL 30 COMPLETE ✔
End Time: 2024-05-01 20:28:29
Total runtime for this trial (minutes/seconds): 01:03
----------------------------------------
Total hill visits: 29
Total prediction errors: 163
Total search depth: 363753
Total times memory accessed: 1415853
Total times 24 >= t < 49: 4
Total times 49 >= t < 74: 0
Total times 74 >= t < 99: 0
Total times t == 99: 0
Total time steps survived: 647
Total runtime so far (hours/minutes/seconds): 01:13:14
----------------------------------------

----------------------------------------
TRIAL 31 STARTED
----------------------------------------
Start Time: 2024-05-01 20:28:29
TRIAL 31 COMPLETE ✔
End Time: 2024-05-01 20:29:28
Total runtime for this trial (minutes/seconds): 00:59
----------------------------------------
Total hill visits: 30
Total prediction errors: 166
Total search depth: 370196
Total times memory accessed: 1440043
Total times 24 >= t < 49: 4
Total times 49 >= t < 74: 0
Total times 74 >= t < 99: 0
Total times t == 99: 0
Total time steps survived: 667
Total runtime so far (hours/minutes/seconds): 01:14:13
----------------------------------------

----------------------------------------
TRIAL 32 STARTED
----------------------------------------
Start Time: 2024-05-01 20:29:28
TRIAL 32 COMPLETE ✔
End Time: 2024-05-01 20:36:30
Total runtime for this trial (minutes/seconds): 07:01
----------------------------------------
Total hill visits: 31
Total prediction errors: 171
Total search depth: 410686
Total times memory accessed: 1603284
Total times 24 >= t < 49: 5
Total times 49 >= t < 74: 0
Total times 74 >= t < 99: 0
Total times t == 99: 0
Total time steps survived: 692
Total runtime so far (hours/minutes/seconds): 01:21:14
----------------------------------------

----------------------------------------
TRIAL 33 STARTED
----------------------------------------
Start Time: 2024-05-01 20:36:30
TRIAL 33 COMPLETE ✔
End Time: 2024-05-01 20:41:58
Total runtime for this trial (minutes/seconds): 05:28
----------------------------------------
Total hill visits: 32
Total prediction errors: 174
Total search depth: 440841
Total times memory accessed: 1714560
Total times 24 >= t < 49: 6
Total times 49 >= t < 74: 0
Total times 74 >= t < 99: 0
Total times t == 99: 0
Total time steps survived: 720
Total runtime so far (hours/minutes/seconds): 01:26:42
----------------------------------------

----------------------------------------
TRIAL 34 STARTED
----------------------------------------
Start Time: 2024-05-01 20:41:58
TRIAL 34 COMPLETE ✔
End Time: 2024-05-01 20:56:07
Total runtime for this trial (minutes/seconds): 14:08
----------------------------------------
Total hill visits: 33
Total prediction errors: 187
Total search depth: 520740
Total times memory accessed: 2019074
Total times 24 >= t < 49: 6
Total times 49 >= t < 74: 0
Total times 74 >= t < 99: 0
Total times t == 99: 0
Total time steps survived: 742
Total runtime so far (hours/minutes/seconds): 01:40:51
----------------------------------------

----------------------------------------
TRIAL 35 STARTED
----------------------------------------
Start Time: 2024-05-01 20:56:07
TRIAL 35 COMPLETE ✔
End Time: 2024-05-01 20:57:47
Total runtime for this trial (minutes/seconds): 01:40
----------------------------------------
Total hill visits: 34
Total prediction errors: 195
Total search depth: 529108
Total times memory accessed: 2050228
Total times 24 >= t < 49: 6
Total times 49 >= t < 74: 0
Total times 74 >= t < 99: 0
Total times t == 99: 0
Total time steps survived: 762
Total runtime so far (hours/minutes/seconds): 01:42:32
----------------------------------------

----------------------------------------
TRIAL 36 STARTED
----------------------------------------
Start Time: 2024-05-01 20:57:47
TRIAL 36 COMPLETE ✔
End Time: 2024-05-01 20:58:37
Total runtime for this trial (minutes/seconds): 00:49
----------------------------------------
Total hill visits: 36
Total prediction errors: 198
Total search depth: 534244
Total times memory accessed: 2068559
Total times 24 >= t < 49: 6
Total times 49 >= t < 74: 0
Total times 74 >= t < 99: 0
Total times t == 99: 0
Total time steps survived: 782
Total runtime so far (hours/minutes/seconds): 01:43:22
----------------------------------------

----------------------------------------
TRIAL 37 STARTED
----------------------------------------
Start Time: 2024-05-01 20:58:37
TRIAL 37 COMPLETE ✔
End Time: 2024-05-01 21:30:36
Total runtime for this trial (minutes/seconds): 31:58
----------------------------------------
Total hill visits: 38
Total prediction errors: 212
Total search depth: 711381
Total times memory accessed: 2740169
Total times 24 >= t < 49: 6
Total times 49 >= t < 74: 0
Total times 74 >= t < 99: 1
Total times t == 99: 0
Total time steps survived: 858
Total runtime so far (hours/minutes/seconds): 02:15:20
----------------------------------------

----------------------------------------
TRIAL 38 STARTED
----------------------------------------
Start Time: 2024-05-01 21:30:36
TRIAL 38 COMPLETE ✔
End Time: 2024-05-01 21:53:24
Total runtime for this trial (minutes/seconds): 22:47
----------------------------------------
Total hill visits: 39
Total prediction errors: 219
Total search depth: 818636
Total times memory accessed: 3187451
Total times 24 >= t < 49: 7
Total times 49 >= t < 74: 0
Total times 74 >= t < 99: 1
Total times t == 99: 0
Total time steps survived: 883
Total runtime so far (hours/minutes/seconds): 02:38:08
----------------------------------------

----------------------------------------
TRIAL 39 STARTED
----------------------------------------
Start Time: 2024-05-01 21:53:24
TRIAL 39 COMPLETE ✔
End Time: 2024-05-01 21:54:01
Total runtime for this trial (minutes/seconds): 00:36
----------------------------------------
Total hill visits: 41
Total prediction errors: 223
Total search depth: 822027
Total times memory accessed: 3200105
Total times 24 >= t < 49: 7
Total times 49 >= t < 74: 0
Total times 74 >= t < 99: 1
Total times t == 99: 0
Total time steps survived: 903
Total runtime so far (hours/minutes/seconds): 02:38:45
----------------------------------------

----------------------------------------
TRIAL 40 STARTED
----------------------------------------
Start Time: 2024-05-01 21:54:01
TRIAL 40 COMPLETE ✔
End Time: 2024-05-01 22:04:34
Total runtime for this trial (minutes/seconds): 10:33
----------------------------------------
Total hill visits: 42
Total prediction errors: 231
Total search depth: 880436
Total times memory accessed: 3397208
Total times 24 >= t < 49: 8
Total times 49 >= t < 74: 0
Total times 74 >= t < 99: 1
Total times t == 99: 0
Total time steps survived: 932
Total runtime so far (hours/minutes/seconds): 02:49:19
----------------------------------------

----------------------------------------
TRIAL 41 STARTED
----------------------------------------
Start Time: 2024-05-01 22:04:34
TRIAL 41 COMPLETE ✔
End Time: 2024-05-01 22:05:18
Total runtime for this trial (minutes/seconds): 00:43
----------------------------------------
Total hill visits: 43
Total prediction errors: 233
Total search depth: 884122
Total times memory accessed: 3411269
Total times 24 >= t < 49: 8
Total times 49 >= t < 74: 0
Total times 74 >= t < 99: 1
Total times t == 99: 0
Total time steps survived: 952
Total runtime so far (hours/minutes/seconds): 02:50:03
----------------------------------------

----------------------------------------
TRIAL 42 STARTED
----------------------------------------
Start Time: 2024-05-01 22:05:18
TRIAL 42 COMPLETE ✔
End Time: 2024-05-01 22:08:19
Total runtime for this trial (minutes/seconds): 03:00
----------------------------------------
Total hill visits: 47
Total prediction errors: 240
Total search depth: 900206
Total times memory accessed: 3472972
Total times 24 >= t < 49: 8
Total times 49 >= t < 74: 0
Total times 74 >= t < 99: 1
Total times t == 99: 0
Total time steps survived: 972
Total runtime so far (hours/minutes/seconds): 02:53:03
----------------------------------------

----------------------------------------
TRIAL 43 STARTED
----------------------------------------
Start Time: 2024-05-01 22:08:19
TRIAL 43 COMPLETE ✔
End Time: 2024-05-01 22:10:50
Total runtime for this trial (minutes/seconds): 02:30
----------------------------------------
Total hill visits: 50
Total prediction errors: 242
Total search depth: 914047
Total times memory accessed: 3528001
Total times 24 >= t < 49: 8
Total times 49 >= t < 74: 0
Total times 74 >= t < 99: 1
Total times t == 99: 0
Total time steps survived: 992
Total runtime so far (hours/minutes/seconds): 02:55:34
----------------------------------------

----------------------------------------
TRIAL 44 STARTED
----------------------------------------
Start Time: 2024-05-01 22:10:50
TRIAL 44 COMPLETE ✔
End Time: 2024-05-01 22:33:45
Total runtime for this trial (minutes/seconds): 22:55
----------------------------------------
Total hill visits: 51
Total prediction errors: 251
Total search depth: 1038009
Total times memory accessed: 4020930
Total times 24 >= t < 49: 9
Total times 49 >= t < 74: 0
Total times 74 >= t < 99: 1
Total times t == 99: 0
Total time steps survived: 1029
Total runtime so far (hours/minutes/seconds): 03:18:30
----------------------------------------

----------------------------------------
TRIAL 45 STARTED
----------------------------------------
Start Time: 2024-05-01 22:33:45
TRIAL 45 COMPLETE ✔
End Time: 2024-05-01 22:35:10
Total runtime for this trial (minutes/seconds): 01:24
----------------------------------------
Total hill visits: 52
Total prediction errors: 264
Total search depth: 1047401
Total times memory accessed: 4055687
Total times 24 >= t < 49: 9
Total times 49 >= t < 74: 0
Total times 74 >= t < 99: 1
Total times t == 99: 0
Total time steps survived: 1049
Total runtime so far (hours/minutes/seconds): 03:19:54
----------------------------------------

----------------------------------------
TRIAL 46 STARTED
----------------------------------------
Start Time: 2024-05-01 22:35:10
TRIAL 46 COMPLETE ✔
End Time: 2024-05-01 22:38:35
Total runtime for this trial (minutes/seconds): 03:25
----------------------------------------
Total hill visits: 53
Total prediction errors: 267
Total search depth: 1071437
Total times memory accessed: 4158626
Total times 24 >= t < 49: 9
Total times 49 >= t < 74: 0
Total times 74 >= t < 99: 1
Total times t == 99: 0
Total time steps survived: 1069
Total runtime so far (hours/minutes/seconds): 03:23:20
----------------------------------------

----------------------------------------
TRIAL 47 STARTED
----------------------------------------
Start Time: 2024-05-01 22:38:35
TRIAL 47 COMPLETE ✔
End Time: 2024-05-01 22:53:07
Total runtime for this trial (minutes/seconds): 14:32
----------------------------------------
Total hill visits: 54
Total prediction errors: 275
Total search depth: 1197960
Total times memory accessed: 4585892
Total times 24 >= t < 49: 10
Total times 49 >= t < 74: 0
Total times 74 >= t < 99: 1
Total times t == 99: 0
Total time steps survived: 1099
Total runtime so far (hours/minutes/seconds): 03:37:52
----------------------------------------

----------------------------------------
TRIAL 48 STARTED
----------------------------------------
Start Time: 2024-05-01 22:53:07
TRIAL 48 COMPLETE ✔
End Time: 2024-05-01 23:14:26
Total runtime for this trial (minutes/seconds): 21:18
----------------------------------------
Total hill visits: 56
Total prediction errors: 283
Total search depth: 1374300
Total times memory accessed: 5228615
Total times 24 >= t < 49: 11
Total times 49 >= t < 74: 0
Total times 74 >= t < 99: 1
Total times t == 99: 0
Total time steps survived: 1124
Total runtime so far (hours/minutes/seconds): 03:59:11
----------------------------------------

----------------------------------------
TRIAL 49 STARTED
----------------------------------------
Start Time: 2024-05-01 23:14:26
TRIAL 49 COMPLETE ✔
End Time: 2024-05-01 23:25:36
Total runtime for this trial (minutes/seconds): 11:09
----------------------------------------
Total hill visits: 58
Total prediction errors: 290
Total search depth: 1456649
Total times memory accessed: 5532923
Total times 24 >= t < 49: 12
Total times 49 >= t < 74: 0
Total times 74 >= t < 99: 1
Total times t == 99: 0
Total time steps survived: 1158
Total runtime so far (hours/minutes/seconds): 04:10:21
----------------------------------------

----------------------------------------
TRIAL 50 STARTED
----------------------------------------
Start Time: 2024-05-01 23:25:36
TRIAL 50 COMPLETE ✔
End Time: 2024-05-01 23:28:29
Total runtime for this trial (minutes/seconds): 02:52
----------------------------------------
Total hill visits: 65
Total prediction errors: 290
Total search depth: 1472099
Total times memory accessed: 5586810
Total times 24 >= t < 49: 12
Total times 49 >= t < 74: 0
Total times 74 >= t < 99: 1
Total times t == 99: 0
Total time steps survived: 1178
Total runtime so far (hours/minutes/seconds): 04:13:13
----------------------------------------

----------------------------------------
TRIAL 51 STARTED
----------------------------------------
Start Time: 2024-05-01 23:28:29
TRIAL 51 COMPLETE ✔
End Time: 2024-05-01 23:55:33
Total runtime for this trial (minutes/seconds): 27:03
----------------------------------------
Total hill visits: 66
Total prediction errors: 300
Total search depth: 1620442
Total times memory accessed: 6138759
Total times 24 >= t < 49: 13
Total times 49 >= t < 74: 0
Total times 74 >= t < 99: 1
Total times t == 99: 0
Total time steps survived: 1203
Total runtime so far (hours/minutes/seconds): 04:40:17
----------------------------------------

----------------------------------------
TRIAL 52 STARTED
----------------------------------------
Start Time: 2024-05-01 23:55:33
TRIAL 52 COMPLETE ✔
End Time: 2024-05-02 00:08:03
Total runtime for this trial (minutes/seconds): 12:30
----------------------------------------
Total hill visits: 67
Total prediction errors: 306
Total search depth: 1678637
Total times memory accessed: 6370159
Total times 24 >= t < 49: 13
Total times 49 >= t < 74: 0
Total times 74 >= t < 99: 1
Total times t == 99: 0
Total time steps survived: 1223
Total runtime so far (hours/minutes/seconds): 04:52:47
----------------------------------------

----------------------------------------
TRIAL 53 STARTED
----------------------------------------
Start Time: 2024-05-02 00:08:03
TRIAL 53 COMPLETE ✔
End Time: 2024-05-02 00:10:01
Total runtime for this trial (minutes/seconds): 01:58
----------------------------------------
Total hill visits: 68
Total prediction errors: 317
Total search depth: 1689301
Total times memory accessed: 6408919
Total times 24 >= t < 49: 13
Total times 49 >= t < 74: 0
Total times 74 >= t < 99: 1
Total times t == 99: 0
Total time steps survived: 1243
Total runtime so far (hours/minutes/seconds): 04:54:46
----------------------------------------

----------------------------------------
TRIAL 54 STARTED
----------------------------------------
Start Time: 2024-05-02 00:10:01
TRIAL 54 COMPLETE ✔
End Time: 2024-05-02 00:12:01
Total runtime for this trial (minutes/seconds): 01:59
----------------------------------------
Total hill visits: 72
Total prediction errors: 321
Total search depth: 1699930
Total times memory accessed: 6443911
Total times 24 >= t < 49: 13
Total times 49 >= t < 74: 0
Total times 74 >= t < 99: 1
Total times t == 99: 0
Total time steps survived: 1263
Total runtime so far (hours/minutes/seconds): 04:56:45
----------------------------------------

----------------------------------------
TRIAL 55 STARTED
----------------------------------------
Start Time: 2024-05-02 00:12:01
TRIAL 55 COMPLETE ✔
End Time: 2024-05-02 00:16:24
Total runtime for this trial (minutes/seconds): 04:22
----------------------------------------
Total hill visits: 73
Total prediction errors: 323
Total search depth: 1723708
Total times memory accessed: 6526253
Total times 24 >= t < 49: 13
Total times 49 >= t < 74: 0
Total times 74 >= t < 99: 1
Total times t == 99: 0
Total time steps survived: 1285
Total runtime so far (hours/minutes/seconds): 05:01:08
----------------------------------------

----------------------------------------
TRIAL 56 STARTED
----------------------------------------
Start Time: 2024-05-02 00:16:24
TRIAL 56 COMPLETE ✔
End Time: 2024-05-02 00:36:03
Total runtime for this trial (minutes/seconds): 19:39
----------------------------------------
Total hill visits: 76
Total prediction errors: 340
Total search depth: 1827657
Total times memory accessed: 6883775
Total times 24 >= t < 49: 13
Total times 49 >= t < 74: 1
Total times 74 >= t < 99: 1
Total times t == 99: 0
Total time steps survived: 1352
Total runtime so far (hours/minutes/seconds): 05:20:47
----------------------------------------

----------------------------------------
TRIAL 57 STARTED
----------------------------------------
Start Time: 2024-05-02 00:36:03
TRIAL 57 COMPLETE ✔
End Time: 2024-05-02 01:18:51
Total runtime for this trial (minutes/seconds): 42:47
----------------------------------------
Total hill visits: 77
Total prediction errors: 354
Total search depth: 2053005
Total times memory accessed: 7659983
Total times 24 >= t < 49: 13
Total times 49 >= t < 74: 1
Total times 74 >= t < 99: 2
Total times t == 99: 0
Total time steps survived: 1438
Total runtime so far (hours/minutes/seconds): 06:03:35
----------------------------------------

----------------------------------------
TRIAL 58 STARTED
----------------------------------------
Start Time: 2024-05-02 01:18:51
TRIAL 58 COMPLETE ✔
End Time: 2024-05-02 01:21:08
Total runtime for this trial (minutes/seconds): 02:17
----------------------------------------
Total hill visits: 78
Total prediction errors: 355
Total search depth: 2063276
Total times memory accessed: 7699519
Total times 24 >= t < 49: 13
Total times 49 >= t < 74: 1
Total times 74 >= t < 99: 2
Total times t == 99: 0
Total time steps survived: 1458
Total runtime so far (hours/minutes/seconds): 06:05:52
----------------------------------------

----------------------------------------
TRIAL 59 STARTED
----------------------------------------
Start Time: 2024-05-02 01:21:08
TRIAL 59 COMPLETE ✔
End Time: 2024-05-02 01:34:25
Total runtime for this trial (minutes/seconds): 13:17
----------------------------------------
Total hill visits: 79
Total prediction errors: 361
Total search depth: 2130941
Total times memory accessed: 7917917
Total times 24 >= t < 49: 14
Total times 49 >= t < 74: 1
Total times 74 >= t < 99: 2
Total times t == 99: 0
Total time steps survived: 1489
Total runtime so far (hours/minutes/seconds): 06:19:10
----------------------------------------

----------------------------------------
TRIAL 60 STARTED
----------------------------------------
Start Time: 2024-05-02 01:34:25
TRIAL 60 COMPLETE ✔
End Time: 2024-05-02 02:23:17
Total runtime for this trial (minutes/seconds): 48:51
----------------------------------------
Total hill visits: 81
Total prediction errors: 379
Total search depth: 2391858
Total times memory accessed: 8809853
Total times 24 >= t < 49: 14
Total times 49 >= t < 74: 2
Total times 74 >= t < 99: 2
Total times t == 99: 0
Total time steps survived: 1558
Total runtime so far (hours/minutes/seconds): 07:08:01
----------------------------------------

----------------------------------------
TRIAL 61 STARTED
----------------------------------------
Start Time: 2024-05-02 02:23:17
TRIAL 61 COMPLETE ✔
End Time: 2024-05-02 02:30:37
Total runtime for this trial (minutes/seconds): 07:20
----------------------------------------
Total hill visits: 82
Total prediction errors: 381
Total search depth: 2428699
Total times memory accessed: 8941633
Total times 24 >= t < 49: 15
Total times 49 >= t < 74: 2
Total times 74 >= t < 99: 2
Total times t == 99: 0
Total time steps survived: 1585
Total runtime so far (hours/minutes/seconds): 07:15:22
----------------------------------------

----------------------------------------
TRIAL 62 STARTED
----------------------------------------
Start Time: 2024-05-02 02:30:37
TRIAL 62 COMPLETE ✔
End Time: 2024-05-02 02:47:18
Total runtime for this trial (minutes/seconds): 16:41
----------------------------------------
Total hill visits: 83
Total prediction errors: 386
Total search depth: 2513271
Total times memory accessed: 9236267
Total times 24 >= t < 49: 15
Total times 49 >= t < 74: 2
Total times 74 >= t < 99: 2
Total times t == 99: 0
Total time steps survived: 1605
Total runtime so far (hours/minutes/seconds): 07:32:03
----------------------------------------

----------------------------------------
TRIAL 63 STARTED
----------------------------------------
Start Time: 2024-05-02 02:47:18
TRIAL 63 COMPLETE ✔
End Time: 2024-05-02 03:09:03
Total runtime for this trial (minutes/seconds): 21:44
----------------------------------------
Total hill visits: 84
Total prediction errors: 393
Total search depth: 2633798
Total times memory accessed: 9635816
Total times 24 >= t < 49: 15
Total times 49 >= t < 74: 3
Total times 74 >= t < 99: 2
Total times t == 99: 0
Total time steps survived: 1657
Total runtime so far (hours/minutes/seconds): 07:53:48
----------------------------------------

----------------------------------------
TRIAL 64 STARTED
----------------------------------------
Start Time: 2024-05-02 03:09:03
TRIAL 64 COMPLETE ✔
End Time: 2024-05-02 03:38:21
Total runtime for this trial (minutes/seconds): 29:17
----------------------------------------
Total hill visits: 85
Total prediction errors: 401
Total search depth: 2784770
Total times memory accessed: 10146035
Total times 24 >= t < 49: 16
Total times 49 >= t < 74: 3
Total times 74 >= t < 99: 2
Total times t == 99: 0
Total time steps survived: 1682
Total runtime so far (hours/minutes/seconds): 08:23:05
----------------------------------------

----------------------------------------
TRIAL 65 STARTED
----------------------------------------
Start Time: 2024-05-02 03:38:21
TRIAL 65 COMPLETE ✔
End Time: 2024-05-02 03:57:07
Total runtime for this trial (minutes/seconds): 18:46
----------------------------------------
Total hill visits: 86
Total prediction errors: 408
Total search depth: 2882112
Total times memory accessed: 10472178
Total times 24 >= t < 49: 16
Total times 49 >= t < 74: 4
Total times 74 >= t < 99: 2
Total times t == 99: 0
Total time steps survived: 1744
Total runtime so far (hours/minutes/seconds): 08:41:52
----------------------------------------

----------------------------------------
TRIAL 66 STARTED
----------------------------------------
Start Time: 2024-05-02 03:57:07
TRIAL 66 COMPLETE ✔
End Time: 2024-05-02 04:06:33
Total runtime for this trial (minutes/seconds): 09:25
----------------------------------------
Total hill visits: 89
Total prediction errors: 414
Total search depth: 2928286
Total times memory accessed: 10646023
Total times 24 >= t < 49: 16
Total times 49 >= t < 74: 4
Total times 74 >= t < 99: 2
Total times t == 99: 0
Total time steps survived: 1764
Total runtime so far (hours/minutes/seconds): 08:51:18
----------------------------------------

----------------------------------------
TRIAL 67 STARTED
----------------------------------------
Start Time: 2024-05-02 04:06:33
TRIAL 67 COMPLETE ✔
End Time: 2024-05-02 04:16:06
Total runtime for this trial (minutes/seconds): 09:33
----------------------------------------
Total hill visits: 90
Total prediction errors: 416
Total search depth: 2981171
Total times memory accessed: 10818323
Total times 24 >= t < 49: 17
Total times 49 >= t < 74: 4
Total times 74 >= t < 99: 2
Total times t == 99: 0
Total time steps survived: 1791
Total runtime so far (hours/minutes/seconds): 09:00:51
----------------------------------------

----------------------------------------
TRIAL 68 STARTED
----------------------------------------
Start Time: 2024-05-02 04:16:06
TRIAL 68 COMPLETE ✔
End Time: 2024-05-02 04:31:48
Total runtime for this trial (minutes/seconds): 15:41
----------------------------------------
Total hill visits: 92
Total prediction errors: 428
Total search depth: 3061978
Total times memory accessed: 11101322
Total times 24 >= t < 49: 17
Total times 49 >= t < 74: 5
Total times 74 >= t < 99: 2
Total times t == 99: 0
Total time steps survived: 1842
Total runtime so far (hours/minutes/seconds): 09:16:32
----------------------------------------

----------------------------------------
TRIAL 69 STARTED
----------------------------------------
Start Time: 2024-05-02 04:31:48
TRIAL 69 COMPLETE ✔
End Time: 2024-05-02 04:40:58
Total runtime for this trial (minutes/seconds): 09:10
----------------------------------------
Total hill visits: 93
Total prediction errors: 433
Total search depth: 3107051
Total times memory accessed: 11261645
Total times 24 >= t < 49: 17
Total times 49 >= t < 74: 5
Total times 74 >= t < 99: 2
Total times t == 99: 0
Total time steps survived: 1862
Total runtime so far (hours/minutes/seconds): 09:25:42
----------------------------------------

----------------------------------------
TRIAL 70 STARTED
----------------------------------------
Start Time: 2024-05-02 04:40:58
TRIAL 70 COMPLETE ✔
End Time: 2024-05-02 04:57:22
Total runtime for this trial (minutes/seconds): 16:24
----------------------------------------
Total hill visits: 94
Total prediction errors: 445
Total search depth: 3189398
Total times memory accessed: 11535011
Total times 24 >= t < 49: 18
Total times 49 >= t < 74: 5
Total times 74 >= t < 99: 2
Total times t == 99: 0
Total time steps survived: 1901
Total runtime so far (hours/minutes/seconds): 09:42:07
----------------------------------------

----------------------------------------
TRIAL 71 STARTED
----------------------------------------
Start Time: 2024-05-02 04:57:22
TRIAL 71 COMPLETE ✔
End Time: 2024-05-02 05:13:15
Total runtime for this trial (minutes/seconds): 15:53
----------------------------------------
Total hill visits: 97
Total prediction errors: 453
Total search depth: 3268365
Total times memory accessed: 11804208
Total times 24 >= t < 49: 18
Total times 49 >= t < 74: 6
Total times 74 >= t < 99: 2
Total times t == 99: 0
Total time steps survived: 1951
Total runtime so far (hours/minutes/seconds): 09:58:00
----------------------------------------

----------------------------------------
TRIAL 72 STARTED
----------------------------------------
Start Time: 2024-05-02 05:13:15
TRIAL 72 COMPLETE ✔
End Time: 2024-05-02 05:29:22
Total runtime for this trial (minutes/seconds): 16:07
----------------------------------------
Total hill visits: 98
Total prediction errors: 464
Total search depth: 3351520
Total times memory accessed: 12072229
Total times 24 >= t < 49: 19
Total times 49 >= t < 74: 6
Total times 74 >= t < 99: 2
Total times t == 99: 0
Total time steps survived: 1976
Total runtime so far (hours/minutes/seconds): 10:14:07
----------------------------------------

----------------------------------------
TRIAL 73 STARTED
----------------------------------------
Start Time: 2024-05-02 05:29:22
TRIAL 73 COMPLETE ✔
End Time: 2024-05-02 06:02:18
Total runtime for this trial (minutes/seconds): 32:55
----------------------------------------
Total hill visits: 99
Total prediction errors: 472
Total search depth: 3534768
Total times memory accessed: 12671260
Total times 24 >= t < 49: 20
Total times 49 >= t < 74: 6
Total times 74 >= t < 99: 2
Total times t == 99: 0
Total time steps survived: 2016
Total runtime so far (hours/minutes/seconds): 10:47:03
----------------------------------------

----------------------------------------
TRIAL 74 STARTED
----------------------------------------
Start Time: 2024-05-02 06:02:18
TRIAL 74 COMPLETE ✔
End Time: 2024-05-02 06:22:01
Total runtime for this trial (minutes/seconds): 19:43
----------------------------------------
Total hill visits: 100
Total prediction errors: 479
Total search depth: 3643282
Total times memory accessed: 13016268
Total times 24 >= t < 49: 21
Total times 49 >= t < 74: 6
Total times 74 >= t < 99: 2
Total times t == 99: 0
Total time steps survived: 2043
Total runtime so far (hours/minutes/seconds): 11:06:46
----------------------------------------

----------------------------------------
TRIAL 75 STARTED
----------------------------------------
Start Time: 2024-05-02 06:22:01
TRIAL 75 COMPLETE ✔
End Time: 2024-05-02 06:38:20
Total runtime for this trial (minutes/seconds): 16:19
----------------------------------------
Total hill visits: 101
Total prediction errors: 492
Total search depth: 3721230
Total times memory accessed: 13291216
Total times 24 >= t < 49: 21
Total times 49 >= t < 74: 7
Total times 74 >= t < 99: 2
Total times t == 99: 0
Total time steps survived: 2093
Total runtime so far (hours/minutes/seconds): 11:23:05
----------------------------------------

----------------------------------------
TRIAL 76 STARTED
----------------------------------------
Start Time: 2024-05-02 06:38:20
TRIAL 76 COMPLETE ✔
End Time: 2024-05-02 06:47:46
Total runtime for this trial (minutes/seconds): 09:25
----------------------------------------
Total hill visits: 102
Total prediction errors: 494
Total search depth: 3772889
Total times memory accessed: 13453681
Total times 24 >= t < 49: 22
Total times 49 >= t < 74: 7
Total times 74 >= t < 99: 2
Total times t == 99: 0
Total time steps survived: 2121
Total runtime so far (hours/minutes/seconds): 11:32:31
----------------------------------------

----------------------------------------
TRIAL 77 STARTED
----------------------------------------
Start Time: 2024-05-02 06:47:46
TRIAL 77 COMPLETE ✔
End Time: 2024-05-02 06:58:38
Total runtime for this trial (minutes/seconds): 10:51
----------------------------------------
Total hill visits: 103
Total prediction errors: 498
Total search depth: 3833840
Total times memory accessed: 13638912
Total times 24 >= t < 49: 23
Total times 49 >= t < 74: 7
Total times 74 >= t < 99: 2
Total times t == 99: 0
Total time steps survived: 2162
Total runtime so far (hours/minutes/seconds): 11:43:22
----------------------------------------

----------------------------------------
TRIAL 78 STARTED
----------------------------------------
Start Time: 2024-05-02 06:58:38
TRIAL 78 COMPLETE ✔
End Time: 2024-05-02 07:09:51
Total runtime for this trial (minutes/seconds): 11:13
----------------------------------------
Total hill visits: 104
Total prediction errors: 501
Total search depth: 3891671
Total times memory accessed: 13828849
Total times 24 >= t < 49: 23
Total times 49 >= t < 74: 7
Total times 74 >= t < 99: 2
Total times t == 99: 0
Total time steps survived: 2182
Total runtime so far (hours/minutes/seconds): 11:54:36
----------------------------------------

----------------------------------------
TRIAL 79 STARTED
----------------------------------------
Start Time: 2024-05-02 07:09:51
TRIAL 79 COMPLETE ✔
End Time: 2024-05-02 07:14:20
Total runtime for this trial (minutes/seconds): 04:28
----------------------------------------
Total hill visits: 106
Total prediction errors: 504
Total search depth: 3915835
Total times memory accessed: 13910004
Total times 24 >= t < 49: 23
Total times 49 >= t < 74: 7
Total times 74 >= t < 99: 2
Total times t == 99: 0
Total time steps survived: 2202
Total runtime so far (hours/minutes/seconds): 11:59:04
----------------------------------------

----------------------------------------
TRIAL 80 STARTED
----------------------------------------
Start Time: 2024-05-02 07:14:20
TRIAL 80 COMPLETE ✔
End Time: 2024-05-02 07:32:17
Total runtime for this trial (minutes/seconds): 17:57
----------------------------------------
Total hill visits: 108
Total prediction errors: 513
Total search depth: 4012978
Total times memory accessed: 14237875
Total times 24 >= t < 49: 23
Total times 49 >= t < 74: 7
Total times 74 >= t < 99: 2
Total times t == 99: 0
Total time steps survived: 2222
Total runtime so far (hours/minutes/seconds): 12:17:02
----------------------------------------

----------------------------------------
TRIAL 81 STARTED
----------------------------------------
Start Time: 2024-05-02 07:32:17
TRIAL 81 COMPLETE ✔
End Time: 2024-05-02 07:43:34
Total runtime for this trial (minutes/seconds): 11:16
----------------------------------------
Total hill visits: 109
Total prediction errors: 516
Total search depth: 4077271
Total times memory accessed: 14437939
Total times 24 >= t < 49: 24
Total times 49 >= t < 74: 7
Total times 74 >= t < 99: 2
Total times t == 99: 0
Total time steps survived: 2264
Total runtime so far (hours/minutes/seconds): 12:28:18
----------------------------------------

----------------------------------------
TRIAL 82 STARTED
----------------------------------------
Start Time: 2024-05-02 07:43:34
TRIAL 82 COMPLETE ✔
End Time: 2024-05-02 08:26:20
Total runtime for this trial (minutes/seconds): 42:45
----------------------------------------
Total hill visits: 111
Total prediction errors: 533
Total search depth: 4309064
Total times memory accessed: 15159922
Total times 24 >= t < 49: 24
Total times 49 >= t < 74: 7
Total times 74 >= t < 99: 3
Total times t == 99: 0
Total time steps survived: 2352
Total runtime so far (hours/minutes/seconds): 13:11:04
----------------------------------------

----------------------------------------
TRIAL 83 STARTED
----------------------------------------
Start Time: 2024-05-02 08:26:20
TRIAL 83 COMPLETE ✔
End Time: 2024-05-02 08:31:37
Total runtime for this trial (minutes/seconds): 05:17
----------------------------------------
Total hill visits: 113
Total prediction errors: 537
Total search depth: 4335352
Total times memory accessed: 15247574
Total times 24 >= t < 49: 24
Total times 49 >= t < 74: 7
Total times 74 >= t < 99: 3
Total times t == 99: 0
Total time steps survived: 2372
Total runtime so far (hours/minutes/seconds): 13:16:22
----------------------------------------

----------------------------------------
TRIAL 84 STARTED
----------------------------------------
Start Time: 2024-05-02 08:31:37
TRIAL 84 COMPLETE ✔
End Time: 2024-05-02 08:40:51
Total runtime for this trial (minutes/seconds): 09:13
----------------------------------------
Total hill visits: 114
Total prediction errors: 544
Total search depth: 4384900
Total times memory accessed: 15407981
Total times 24 >= t < 49: 25
Total times 49 >= t < 74: 7
Total times 74 >= t < 99: 3
Total times t == 99: 0
Total time steps survived: 2414
Total runtime so far (hours/minutes/seconds): 13:25:35
----------------------------------------

----------------------------------------
TRIAL 85 STARTED
----------------------------------------
Start Time: 2024-05-02 08:40:51
TRIAL 85 COMPLETE ✔
End Time: 2024-05-02 08:58:03
Total runtime for this trial (minutes/seconds): 17:12
----------------------------------------
Total hill visits: 115
Total prediction errors: 548
Total search depth: 4482204
Total times memory accessed: 15723108
Total times 24 >= t < 49: 25
Total times 49 >= t < 74: 7
Total times 74 >= t < 99: 4
Total times t == 99: 0
Total time steps survived: 2488
Total runtime so far (hours/minutes/seconds): 13:42:48
----------------------------------------

----------------------------------------
TRIAL 86 STARTED
----------------------------------------
Start Time: 2024-05-02 08:58:03
TRIAL 86 COMPLETE ✔
End Time: 2024-05-02 09:05:49
Total runtime for this trial (minutes/seconds): 07:45
----------------------------------------
Total hill visits: 117
Total prediction errors: 552
Total search depth: 4523587
Total times memory accessed: 15854168
Total times 24 >= t < 49: 26
Total times 49 >= t < 74: 7
Total times 74 >= t < 99: 4
Total times t == 99: 0
Total time steps survived: 2523
Total runtime so far (hours/minutes/seconds): 13:50:34
----------------------------------------

----------------------------------------
TRIAL 87 STARTED
----------------------------------------
Start Time: 2024-05-02 09:05:49
TRIAL 87 COMPLETE ✔
End Time: 2024-05-02 09:19:24
Total runtime for this trial (minutes/seconds): 13:34
----------------------------------------
Total hill visits: 118
Total prediction errors: 554
Total search depth: 4593176
Total times memory accessed: 16080774
Total times 24 >= t < 49: 27
Total times 49 >= t < 74: 7
Total times 74 >= t < 99: 4
Total times t == 99: 0
Total time steps survived: 2550
Total runtime so far (hours/minutes/seconds): 14:04:08
----------------------------------------

----------------------------------------
TRIAL 88 STARTED
----------------------------------------
Start Time: 2024-05-02 09:19:24
TRIAL 88 COMPLETE ✔
End Time: 2024-05-02 09:34:45
Total runtime for this trial (minutes/seconds): 15:20
----------------------------------------
Total hill visits: 119
Total prediction errors: 560
Total search depth: 4671622
Total times memory accessed: 16348570
Total times 24 >= t < 49: 28
Total times 49 >= t < 74: 7
Total times 74 >= t < 99: 4
Total times t == 99: 0
Total time steps survived: 2589
Total runtime so far (hours/minutes/seconds): 14:19:29
----------------------------------------

----------------------------------------
TRIAL 89 STARTED
----------------------------------------
Start Time: 2024-05-02 09:34:45
TRIAL 89 COMPLETE ✔
End Time: 2024-05-02 09:40:46
Total runtime for this trial (minutes/seconds): 06:01
----------------------------------------
Total hill visits: 120
Total prediction errors: 565
Total search depth: 4705225
Total times memory accessed: 16447180
Total times 24 >= t < 49: 29
Total times 49 >= t < 74: 7
Total times 74 >= t < 99: 4
Total times t == 99: 0
Total time steps survived: 2620
Total runtime so far (hours/minutes/seconds): 14:25:31
----------------------------------------

----------------------------------------
TRIAL 90 STARTED
----------------------------------------
Start Time: 2024-05-02 09:40:46
TRIAL 90 COMPLETE ✔
End Time: 2024-05-02 09:50:11
Total runtime for this trial (minutes/seconds): 09:25
----------------------------------------
Total hill visits: 121
Total prediction errors: 569
Total search depth: 4768442
Total times memory accessed: 16647050
Total times 24 >= t < 49: 30
Total times 49 >= t < 74: 7
Total times 74 >= t < 99: 4
Total times t == 99: 0
Total time steps survived: 2645
Total runtime so far (hours/minutes/seconds): 14:34:56
----------------------------------------

----------------------------------------
TRIAL 91 STARTED
----------------------------------------
Start Time: 2024-05-02 09:50:11
TRIAL 91 COMPLETE ✔
End Time: 2024-05-02 10:12:58
Total runtime for this trial (minutes/seconds): 22:46
----------------------------------------
Total hill visits: 124
Total prediction errors: 577
Total search depth: 4940863
Total times memory accessed: 17192949
Total times 24 >= t < 49: 30
Total times 49 >= t < 74: 7
Total times 74 >= t < 99: 4
Total times t == 99: 0
Total time steps survived: 2744
Total runtime so far (hours/minutes/seconds): 14:57:43
----------------------------------------

----------------------------------------
TRIAL 92 STARTED
----------------------------------------
Start Time: 2024-05-02 10:12:58
TRIAL 92 COMPLETE ✔
End Time: 2024-05-02 10:26:38
Total runtime for this trial (minutes/seconds): 13:39
----------------------------------------
Total hill visits: 126
Total prediction errors: 584
Total search depth: 5073210
Total times memory accessed: 17614048
Total times 24 >= t < 49: 30
Total times 49 >= t < 74: 8
Total times 74 >= t < 99: 4
Total times t == 99: 0
Total time steps survived: 2806
Total runtime so far (hours/minutes/seconds): 15:11:23
----------------------------------------

----------------------------------------
TRIAL 93 STARTED
----------------------------------------
Start Time: 2024-05-02 10:26:38
TRIAL 93 COMPLETE ✔
End Time: 2024-05-02 10:33:53
Total runtime for this trial (minutes/seconds): 07:15
----------------------------------------
Total hill visits: 127
Total prediction errors: 587
Total search depth: 5145538
Total times memory accessed: 17833136
Total times 24 >= t < 49: 30
Total times 49 >= t < 74: 8
Total times 74 >= t < 99: 4
Total times t == 99: 0
Total time steps survived: 2826
Total runtime so far (hours/minutes/seconds): 15:18:38
----------------------------------------

----------------------------------------
TRIAL 94 STARTED
----------------------------------------
Start Time: 2024-05-02 10:33:53
TRIAL 94 COMPLETE ✔
End Time: 2024-05-02 10:49:44
Total runtime for this trial (minutes/seconds): 15:50
----------------------------------------
Total hill visits: 132
Total prediction errors: 599
Total search depth: 5301026
Total times memory accessed: 18326450
Total times 24 >= t < 49: 30
Total times 49 >= t < 74: 9
Total times 74 >= t < 99: 4
Total times t == 99: 0
Total time steps survived: 2894
Total runtime so far (hours/minutes/seconds): 15:34:29
----------------------------------------

----------------------------------------
TRIAL 95 STARTED
----------------------------------------
Start Time: 2024-05-02 10:49:44
TRIAL 95 COMPLETE ✔
End Time: 2024-05-02 10:53:58
Total runtime for this trial (minutes/seconds): 04:14
----------------------------------------
Total hill visits: 133
Total prediction errors: 602
Total search depth: 5334992
Total times memory accessed: 18427109
Total times 24 >= t < 49: 31
Total times 49 >= t < 74: 9
Total times 74 >= t < 99: 4
Total times t == 99: 0
Total time steps survived: 2926
Total runtime so far (hours/minutes/seconds): 15:38:43
----------------------------------------

----------------------------------------
TRIAL 96 STARTED
----------------------------------------
Start Time: 2024-05-02 10:53:58
TRIAL 96 COMPLETE ✔
End Time: 2024-05-02 11:13:48
Total runtime for this trial (minutes/seconds): 19:50
----------------------------------------
Total hill visits: 137
Total prediction errors: 615
Total search depth: 5472653
Total times memory accessed: 18858361
Total times 24 >= t < 49: 31
Total times 49 >= t < 74: 9
Total times 74 >= t < 99: 4
Total times t == 99: 0
Total time steps survived: 3025
Total runtime so far (hours/minutes/seconds): 15:58:33
----------------------------------------

----------------------------------------
TRIAL 97 STARTED
----------------------------------------
Start Time: 2024-05-02 11:13:48
TRIAL 97 COMPLETE ✔
End Time: 2024-05-02 12:02:26
Total runtime for this trial (minutes/seconds): 48:37
----------------------------------------
Total hill visits: 139
Total prediction errors: 633
Total search depth: 5768987
Total times memory accessed: 19793162
Total times 24 >= t < 49: 31
Total times 49 >= t < 74: 9
Total times 74 >= t < 99: 4
Total times t == 99: 1
Total time steps survived: 3123
Total runtime so far (hours/minutes/seconds): 16:47:11
----------------------------------------

----------------------------------------
TRIAL 98 STARTED
----------------------------------------
Start Time: 2024-05-02 12:02:26
TRIAL 98 COMPLETE ✔
End Time: 2024-05-02 12:40:22
Total runtime for this trial (minutes/seconds): 37:55
----------------------------------------
Total hill visits: 142
Total prediction errors: 649
Total search depth: 5996066
Total times memory accessed: 20502372
Total times 24 >= t < 49: 31
Total times 49 >= t < 74: 9
Total times 74 >= t < 99: 4
Total times t == 99: 1
Total time steps survived: 3222
Total runtime so far (hours/minutes/seconds): 17:25:07
----------------------------------------

----------------------------------------
TRIAL 99 STARTED
----------------------------------------
Start Time: 2024-05-02 12:40:22
TRIAL 99 COMPLETE ✔
End Time: 2024-05-02 12:52:07
Total runtime for this trial (minutes/seconds): 11:44
----------------------------------------
Total hill visits: 144
Total prediction errors: 655
Total search depth: 6070561
Total times memory accessed: 20738173
Total times 24 >= t < 49: 32
Total times 49 >= t < 74: 9
Total times 74 >= t < 99: 4
Total times t == 99: 1
Total time steps survived: 3247
Total runtime so far (hours/minutes/seconds): 17:36:51
----------------------------------------

----------------------------------------
TRIAL 100 STARTED
----------------------------------------
Start Time: 2024-05-02 12:52:07
TRIAL 100 COMPLETE ✔
End Time: 2024-05-02 13:29:23
Total runtime for this trial (minutes/seconds): 37:16
----------------------------------------
Total hill visits: 148
Total prediction errors: 668
Total search depth: 6315714
Total times memory accessed: 21532131
Total times 24 >= t < 49: 32
Total times 49 >= t < 74: 9
Total times 74 >= t < 99: 5
Total times t == 99: 1
Total time steps survived: 3342
Total runtime so far (hours/minutes/seconds): 18:14:08
----------------------------------------

----------------------------------------
TRIAL 101 STARTED
----------------------------------------
Start Time: 2024-05-02 13:29:23
TRIAL 101 COMPLETE ✔
End Time: 2024-05-02 13:58:09
Total runtime for this trial (minutes/seconds): 28:45
----------------------------------------
Total hill visits: 150
Total prediction errors: 681
Total search depth: 6487973
Total times memory accessed: 22054164
Total times 24 >= t < 49: 32
Total times 49 >= t < 74: 9
Total times 74 >= t < 99: 6
Total times t == 99: 1
Total time steps survived: 3425
Total runtime so far (hours/minutes/seconds): 18:42:53
----------------------------------------

----------------------------------------
TRIAL 102 STARTED
----------------------------------------
Start Time: 2024-05-02 13:58:09
TRIAL 102 COMPLETE ✔
End Time: 2024-05-02 14:13:21
Total runtime for this trial (minutes/seconds): 15:12
----------------------------------------
Total hill visits: 151
Total prediction errors: 688
Total search depth: 6578578
Total times memory accessed: 22331279
Total times 24 >= t < 49: 33
Total times 49 >= t < 74: 9
Total times 74 >= t < 99: 6
Total times t == 99: 1
Total time steps survived: 3453
Total runtime so far (hours/minutes/seconds): 18:58:06
----------------------------------------

----------------------------------------
TRIAL 103 STARTED
----------------------------------------
Start Time: 2024-05-02 14:13:21
TRIAL 103 COMPLETE ✔
End Time: 2024-05-02 14:20:17
Total runtime for this trial (minutes/seconds): 06:55
----------------------------------------
Total hill visits: 153
Total prediction errors: 691
Total search depth: 6620179
Total times memory accessed: 22457797
Total times 24 >= t < 49: 33
Total times 49 >= t < 74: 10
Total times 74 >= t < 99: 6
Total times t == 99: 1
Total time steps survived: 3510
Total runtime so far (hours/minutes/seconds): 19:05:02
----------------------------------------

----------------------------------------
TRIAL 104 STARTED
----------------------------------------
Start Time: 2024-05-02 14:20:17
TRIAL 104 COMPLETE ✔
End Time: 2024-05-02 15:02:07
Total runtime for this trial (minutes/seconds): 41:49
----------------------------------------
Total hill visits: 156
Total prediction errors: 701
Total search depth: 6899232
Total times memory accessed: 23323066
Total times 24 >= t < 49: 33
Total times 49 >= t < 74: 10
Total times 74 >= t < 99: 6
Total times t == 99: 1
Total time steps survived: 3609
Total runtime so far (hours/minutes/seconds): 19:46:51
----------------------------------------

----------------------------------------
TRIAL 105 STARTED
----------------------------------------
Start Time: 2024-05-02 15:02:07
TRIAL 105 COMPLETE ✔
End Time: 2024-05-02 15:13:33
Total runtime for this trial (minutes/seconds): 11:26
----------------------------------------
Total hill visits: 162
Total prediction errors: 709
Total search depth: 6972636
Total times memory accessed: 23563394
Total times 24 >= t < 49: 33
Total times 49 >= t < 74: 11
Total times 74 >= t < 99: 6
Total times t == 99: 1
Total time steps survived: 3678
Total runtime so far (hours/minutes/seconds): 19:58:18
----------------------------------------

----------------------------------------
TRIAL 106 STARTED
----------------------------------------
Start Time: 2024-05-02 15:13:33
TRIAL 106 COMPLETE ✔
End Time: 2024-05-02 15:18:53
Total runtime for this trial (minutes/seconds): 05:20
----------------------------------------
Total hill visits: 163
Total prediction errors: 713
Total search depth: 7010632
Total times memory accessed: 23674062
Total times 24 >= t < 49: 33
Total times 49 >= t < 74: 11
Total times 74 >= t < 99: 6
Total times t == 99: 1
Total time steps survived: 3698
Total runtime so far (hours/minutes/seconds): 20:03:38
----------------------------------------

----------------------------------------
TRIAL 107 STARTED
----------------------------------------
Start Time: 2024-05-02 15:18:53
TRIAL 107 COMPLETE ✔
End Time: 2024-05-02 15:47:13
Total runtime for this trial (minutes/seconds): 28:19
----------------------------------------
Total hill visits: 165
Total prediction errors: 721
Total search depth: 7200746
Total times memory accessed: 24272901
Total times 24 >= t < 49: 33
Total times 49 >= t < 74: 11
Total times 74 >= t < 99: 6
Total times t == 99: 1
Total time steps survived: 3797
Total runtime so far (hours/minutes/seconds): 20:31:58
----------------------------------------

----------------------------------------
TRIAL 108 STARTED
----------------------------------------
Start Time: 2024-05-02 15:47:13
TRIAL 108 COMPLETE ✔
End Time: 2024-05-02 16:01:07
Total runtime for this trial (minutes/seconds): 13:53
----------------------------------------
Total hill visits: 166
Total prediction errors: 724
Total search depth: 7282966
Total times memory accessed: 24532657
Total times 24 >= t < 49: 33
Total times 49 >= t < 74: 12
Total times 74 >= t < 99: 6
Total times t == 99: 1
Total time steps survived: 3845
Total runtime so far (hours/minutes/seconds): 20:45:52
----------------------------------------

----------------------------------------
TRIAL 109 STARTED
----------------------------------------
Start Time: 2024-05-02 16:01:07
TRIAL 109 COMPLETE ✔
End Time: 2024-05-02 16:30:13
Total runtime for this trial (minutes/seconds): 29:05
----------------------------------------
Total hill visits: 171
Total prediction errors: 733
Total search depth: 7477737
Total times memory accessed: 25107384
Total times 24 >= t < 49: 33
Total times 49 >= t < 74: 12
Total times 74 >= t < 99: 7
Total times t == 99: 1
Total time steps survived: 3935
Total runtime so far (hours/minutes/seconds): 21:14:57
----------------------------------------

----------------------------------------
TRIAL 110 STARTED
----------------------------------------
Start Time: 2024-05-02 16:30:13
TRIAL 110 COMPLETE ✔
End Time: 2024-05-02 16:55:52
Total runtime for this trial (minutes/seconds): 25:39
----------------------------------------
Total hill visits: 173
Total prediction errors: 742
Total search depth: 7639550
Total times memory accessed: 25608047
Total times 24 >= t < 49: 33
Total times 49 >= t < 74: 12
Total times 74 >= t < 99: 7
Total times t == 99: 2
Total time steps survived: 4033
Total runtime so far (hours/minutes/seconds): 21:40:37
----------------------------------------

----------------------------------------
TRIAL 111 STARTED
----------------------------------------
Start Time: 2024-05-02 16:55:52
TRIAL 111 COMPLETE ✔
End Time: 2024-05-02 17:16:06
Total runtime for this trial (minutes/seconds): 20:14
----------------------------------------
Total hill visits: 178
Total prediction errors: 751
Total search depth: 7766771
Total times memory accessed: 26002757
Total times 24 >= t < 49: 33
Total times 49 >= t < 74: 13
Total times 74 >= t < 99: 7
Total times t == 99: 2
Total time steps survived: 4090
Total runtime so far (hours/minutes/seconds): 22:00:51
----------------------------------------

----------------------------------------
TRIAL 112 STARTED
----------------------------------------
Start Time: 2024-05-02 17:16:07
TRIAL 112 COMPLETE ✔
End Time: 2024-05-02 17:21:54
Total runtime for this trial (minutes/seconds): 05:47
----------------------------------------
Total hill visits: 179
Total prediction errors: 753
Total search depth: 7803018
Total times memory accessed: 26121480
Total times 24 >= t < 49: 33
Total times 49 >= t < 74: 13
Total times 74 >= t < 99: 7
Total times t == 99: 2
Total time steps survived: 4110
Total runtime so far (hours/minutes/seconds): 22:06:39
----------------------------------------

----------------------------------------
TRIAL 113 STARTED
----------------------------------------
Start Time: 2024-05-02 17:21:54
TRIAL 113 COMPLETE ✔
End Time: 2024-05-02 17:42:27
Total runtime for this trial (minutes/seconds): 20:32
----------------------------------------
Total hill visits: 180
Total prediction errors: 760
Total search depth: 7936755
Total times memory accessed: 26532468
Total times 24 >= t < 49: 34
Total times 49 >= t < 74: 13
Total times 74 >= t < 99: 7
Total times t == 99: 2
Total time steps survived: 4148
Total runtime so far (hours/minutes/seconds): 22:27:12
----------------------------------------

----------------------------------------
TRIAL 114 STARTED
----------------------------------------
Start Time: 2024-05-02 17:42:27
TRIAL 114 COMPLETE ✔
End Time: 2024-05-02 17:51:48
Total runtime for this trial (minutes/seconds): 09:20
----------------------------------------
Total hill visits: 181
Total prediction errors: 766
Total search depth: 7992788
Total times memory accessed: 26710980
Total times 24 >= t < 49: 35
Total times 49 >= t < 74: 13
Total times 74 >= t < 99: 7
Total times t == 99: 2
Total time steps survived: 4173
Total runtime so far (hours/minutes/seconds): 22:36:33
----------------------------------------

----------------------------------------
TRIAL 115 STARTED
----------------------------------------
Start Time: 2024-05-02 17:51:48
TRIAL 115 COMPLETE ✔
End Time: 2024-05-02 18:18:04
Total runtime for this trial (minutes/seconds): 26:15
----------------------------------------
Total hill visits: 185
Total prediction errors: 775
Total search depth: 8154778
Total times memory accessed: 27215180
Total times 24 >= t < 49: 35
Total times 49 >= t < 74: 14
Total times 74 >= t < 99: 7
Total times t == 99: 2
Total time steps survived: 4226
Total runtime so far (hours/minutes/seconds): 23:02:48
----------------------------------------

----------------------------------------
TRIAL 116 STARTED
----------------------------------------
Start Time: 2024-05-02 18:18:04
TRIAL 116 COMPLETE ✔
End Time: 2024-05-02 18:28:51
Total runtime for this trial (minutes/seconds): 10:47
----------------------------------------
Total hill visits: 186
Total prediction errors: 778
Total search depth: 8222186
Total times memory accessed: 27422094
Total times 24 >= t < 49: 36
Total times 49 >= t < 74: 14
Total times 74 >= t < 99: 7
Total times t == 99: 2
Total time steps survived: 4251
Total runtime so far (hours/minutes/seconds): 23:13:36
----------------------------------------

----------------------------------------
TRIAL 117 STARTED
----------------------------------------
Start Time: 2024-05-02 18:28:51
TRIAL 117 COMPLETE ✔
End Time: 2024-05-02 18:54:05
Total runtime for this trial (minutes/seconds): 25:13
----------------------------------------
Total hill visits: 190
Total prediction errors: 789
Total search depth: 8392350
Total times memory accessed: 27953818
Total times 24 >= t < 49: 36
Total times 49 >= t < 74: 15
Total times 74 >= t < 99: 7
Total times t == 99: 2
Total time steps survived: 4321
Total runtime so far (hours/minutes/seconds): 23:38:50
----------------------------------------

----------------------------------------
TRIAL 118 STARTED
----------------------------------------
Start Time: 2024-05-02 18:54:05
TRIAL 118 COMPLETE ✔
End Time: 2024-05-02 19:18:44
Total runtime for this trial (minutes/seconds): 24:38
----------------------------------------
Total hill visits: 193
Total prediction errors: 801
Total search depth: 8599730
Total times memory accessed: 28590539
Total times 24 >= t < 49: 36
Total times 49 >= t < 74: 15
Total times 74 >= t < 99: 7
Total times t == 99: 2
Total time steps survived: 4420
Total runtime so far (hours/minutes/seconds): 00:03:29
----------------------------------------

----------------------------------------
TRIAL 119 STARTED
----------------------------------------
Start Time: 2024-05-02 19:18:44
TRIAL 119 COMPLETE ✔
End Time: 2024-05-02 19:26:42
Total runtime for this trial (minutes/seconds): 07:58
----------------------------------------
Total hill visits: 194
Total prediction errors: 807
Total search depth: 8667864
Total times memory accessed: 28805207
Total times 24 >= t < 49: 37
Total times 49 >= t < 74: 15
Total times 74 >= t < 99: 7
Total times t == 99: 2
Total time steps survived: 4454
Total runtime so far (hours/minutes/seconds): 00:11:27
----------------------------------------

----------------------------------------
TRIAL 120 STARTED
----------------------------------------
Start Time: 2024-05-02 19:26:42
TRIAL 120 COMPLETE ✔
End Time: 2024-05-02 19:34:20
Total runtime for this trial (minutes/seconds): 07:38
----------------------------------------
Total hill visits: 195
Total prediction errors: 811
Total search depth: 8733219
Total times memory accessed: 29009150
Total times 24 >= t < 49: 37
Total times 49 >= t < 74: 16
Total times 74 >= t < 99: 7
Total times t == 99: 2
Total time steps survived: 4505
Total runtime so far (hours/minutes/seconds): 00:19:05
----------------------------------------
EXPERIMENT COMPLETE ✔.
End Time: 2024-05-02 19:34:20
TOTAL RUNTIME (hours/minutes/seconds): 00:19:05
Traceback (most recent call last):
  File "/home/grmstj001/MATLAB-experiments/Sophisticated-Learning/src/Python/main.py", line 24, in <module>
    main(algorithm=args.algorithm, seed=args.seed)
  File "/home/grmstj001/MATLAB-experiments/Sophisticated-Learning/src/Python/main.py", line 8, in main
    si_experiment(seed)
  File "/home/grmstj001/MATLAB-experiments/Sophisticated-Learning/src/Python/algorithms/sophisticated_inference/sophisticated_inference.py", line 354, in experiment
    logging.info(f"AVERAGE RUNTIME PER TIME STEP: {round_half_up((runtime.total_seconds() / total_t), 3)} seconds")
NameError: name 'round_half_up' is not defined
/var/tmp/slurmd.spool/job2116096/slurm_script: line 32: deactivatepython: command not found
