Running Python script with ALGORITHM=SI and SEED=29
At time 20 the agent is dead.
The agent had: 1 food, -1 water, and 4 sleep.
The total tree search depth for this trial was 1112.
The agent accessed its memory 1754 times.
The agent cleared its short-term memory 3 times.
    State prediction error memory resets: 2.
    Hill memory resets: 1.
At time 20 the agent is dead.
The agent had: 1 food, -1 water, and 4 sleep.
The total tree search depth for this trial was 1562.
The agent accessed its memory 3715 times.
The agent cleared its short-term memory 12 times.
    State prediction error memory resets: 12.
    Hill memory resets: 0.
At time 20 the agent is dead.
The agent had: 1 food, -1 water, and 4 sleep.
The total tree search depth for this trial was 1210.
The agent accessed its memory 2762 times.
The agent cleared its short-term memory 11 times.
    State prediction error memory resets: 11.
    Hill memory resets: 0.
At time 20 the agent is dead.
The agent had: 1 food, -1 water, and 4 sleep.
The total tree search depth for this trial was 530.
The agent accessed its memory 1239 times.
The agent cleared its short-term memory 7 times.
    State prediction error memory resets: 4.
    Hill memory resets: 3.
At time 20 the agent is dead.
The agent had: 1 food, -1 water, and 4 sleep.
The total tree search depth for this trial was 1024.
The agent accessed its memory 1992 times.
The agent cleared its short-term memory 0 times.
    State prediction error memory resets: 0.
    Hill memory resets: 0.
At time 20 the agent is dead.
The agent had: 1 food, -1 water, and 4 sleep.
The total tree search depth for this trial was 1183.
The agent accessed its memory 3338 times.
The agent cleared its short-term memory 12 times.
    State prediction error memory resets: 9.
    Hill memory resets: 3.
At time 20 the agent is dead.
The agent had: 1 food, -1 water, and 4 sleep.
The total tree search depth for this trial was 1888.
The agent accessed its memory 5385 times.
The agent cleared its short-term memory 13 times.
    State prediction error memory resets: 13.
    Hill memory resets: 0.
At time 20 the agent is dead.
The agent had: 1 food, -1 water, and 4 sleep.
The total tree search depth for this trial was 969.
The agent accessed its memory 2826 times.
The agent cleared its short-term memory 13 times.
    State prediction error memory resets: 13.
    Hill memory resets: 0.
At time 20 the agent is dead.
The agent had: 1 food, -1 water, and 4 sleep.
The total tree search depth for this trial was 632.
The agent accessed its memory 1860 times.
The agent cleared its short-term memory 6 times.
    State prediction error memory resets: 6.
    Hill memory resets: 0.
At time 20 the agent is dead.
The agent had: 1 food, -1 water, and 4 sleep.
The total tree search depth for this trial was 1202.
The agent accessed its memory 2873 times.
The agent cleared its short-term memory 4 times.
    State prediction error memory resets: 3.
    Hill memory resets: 1.
At time 22 the agent is dead.
The agent had: -1 food, 15 water, and 22 sleep.
The total tree search depth for this trial was 1155.
The agent accessed its memory 3014 times.
The agent cleared its short-term memory 5 times.
    State prediction error memory resets: 4.
    Hill memory resets: 1.
At time 20 the agent is dead.
The agent had: 1 food, -1 water, and 4 sleep.
The total tree search depth for this trial was 1376.
The agent accessed its memory 3872 times.
The agent cleared its short-term memory 7 times.
    State prediction error memory resets: 5.
    Hill memory resets: 2.
At time 20 the agent is dead.
The agent had: 1 food, -1 water, and 4 sleep.
The total tree search depth for this trial was 1252.
The agent accessed its memory 3333 times.
The agent cleared its short-term memory 9 times.
    State prediction error memory resets: 9.
    Hill memory resets: 0.
At time 20 the agent is dead.
The agent had: 1 food, -1 water, and 4 sleep.
The total tree search depth for this trial was 2051.
The agent accessed its memory 7333 times.
The agent cleared its short-term memory 12 times.
    State prediction error memory resets: 11.
    Hill memory resets: 1.
At time 20 the agent is dead.
The agent had: 1 food, -1 water, and 4 sleep.
The total tree search depth for this trial was 788.
The agent accessed its memory 1766 times.
The agent cleared its short-term memory 5 times.
    State prediction error memory resets: 4.
    Hill memory resets: 1.
At time 20 the agent is dead.
The agent had: 1 food, -1 water, and 21 sleep.
The total tree search depth for this trial was 1946.
The agent accessed its memory 5738 times.
The agent cleared its short-term memory 10 times.
    State prediction error memory resets: 8.
    Hill memory resets: 2.
At time 22 the agent is dead.
The agent had: -1 food, 16 water, and 2 sleep.
The total tree search depth for this trial was 2129.
The agent accessed its memory 5335 times.
The agent cleared its short-term memory 11 times.
    State prediction error memory resets: 10.
    Hill memory resets: 1.
At time 25 the agent is dead.
The agent had: 16 food, 9 water, and -1 sleep.
The total tree search depth for this trial was 43122.
The agent accessed its memory 162386 times.
The agent cleared its short-term memory 12 times.
    State prediction error memory resets: 11.
    Hill memory resets: 1.
At time 20 the agent is dead.
The agent had: 1 food, -1 water, and 4 sleep.
The total tree search depth for this trial was 1759.
The agent accessed its memory 6483 times.
The agent cleared its short-term memory 5 times.
    State prediction error memory resets: 4.
    Hill memory resets: 1.
At time 20 the agent is dead.
The agent had: 1 food, -1 water, and 4 sleep.
The total tree search depth for this trial was 1421.
The agent accessed its memory 5098 times.
The agent cleared its short-term memory 2 times.
    State prediction error memory resets: 1.
    Hill memory resets: 1.
At time 28 the agent is dead.
The agent had: -1 food, 15 water, and 21 sleep.
The total tree search depth for this trial was 27399.
The agent accessed its memory 112502 times.
The agent cleared its short-term memory 7 times.
    State prediction error memory resets: 6.
    Hill memory resets: 1.
At time 20 the agent is dead.
The agent had: 1 food, -1 water, and 4 sleep.
The total tree search depth for this trial was 2178.
The agent accessed its memory 8297 times.
The agent cleared its short-term memory 11 times.
    State prediction error memory resets: 10.
    Hill memory resets: 1.
At time 20 the agent is dead.
The agent had: 1 food, -1 water, and 4 sleep.
The total tree search depth for this trial was 1330.
The agent accessed its memory 3350 times.
The agent cleared its short-term memory 4 times.
    State prediction error memory resets: 3.
    Hill memory resets: 1.
At time 64 the agent is dead.
The agent had: 4 food, -1 water, and 19 sleep.
The total tree search depth for this trial was 68298.
The agent accessed its memory 251992 times.
The agent cleared its short-term memory 12 times.
    State prediction error memory resets: 11.
    Hill memory resets: 1.
At time 22 the agent is dead.
The agent had: -1 food, 17 water, and 20 sleep.
The total tree search depth for this trial was 3396.
The agent accessed its memory 9835 times.
The agent cleared its short-term memory 4 times.
    State prediction error memory resets: 3.
    Hill memory resets: 1.
At time 25 the agent is dead.
The agent had: 9 food, 11 water, and -1 sleep.
The total tree search depth for this trial was 26289.
The agent accessed its memory 115581 times.
The agent cleared its short-term memory 12 times.
    State prediction error memory resets: 10.
    Hill memory resets: 2.
At time 43 the agent is dead.
The agent had: -1 food, 8 water, and 6 sleep.
The total tree search depth for this trial was 61263.
The agent accessed its memory 214766 times.
The agent cleared its short-term memory 11 times.
    State prediction error memory resets: 10.
    Hill memory resets: 1.
At time 20 the agent is dead.
The agent had: 19 food, -1 water, and 4 sleep.
The total tree search depth for this trial was 8608.
The agent accessed its memory 32973 times.
The agent cleared its short-term memory 9 times.
    State prediction error memory resets: 8.
    Hill memory resets: 1.
At time 20 the agent is dead.
The agent had: 1 food, -1 water, and 4 sleep.
The total tree search depth for this trial was 10437.
The agent accessed its memory 43191 times.
The agent cleared its short-term memory 6 times.
    State prediction error memory resets: 5.
    Hill memory resets: 1.
At time 20 the agent is dead.
The agent had: 1 food, -1 water, and 11 sleep.
The total tree search depth for this trial was 35580.
The agent accessed its memory 138072 times.
The agent cleared its short-term memory 8 times.
    State prediction error memory resets: 7.
    Hill memory resets: 1.
At time 33 the agent is dead.
The agent had: -1 food, -1 water, and 5 sleep.
The total tree search depth for this trial was 33933.
The agent accessed its memory 125334 times.
The agent cleared its short-term memory 8 times.
    State prediction error memory resets: 7.
    Hill memory resets: 1.
At time 28 the agent is dead.
The agent had: 9 food, -1 water, and 2 sleep.
The total tree search depth for this trial was 50664.
The agent accessed its memory 192502 times.
The agent cleared its short-term memory 9 times.
    State prediction error memory resets: 8.
    Hill memory resets: 1.
At time 20 the agent is dead.
The agent had: 1 food, -1 water, and 17 sleep.
The total tree search depth for this trial was 28199.
The agent accessed its memory 117143 times.
The agent cleared its short-term memory 8 times.
    State prediction error memory resets: 7.
    Hill memory resets: 1.
At time 20 the agent is dead.
The agent had: 1 food, -1 water, and 15 sleep.
The total tree search depth for this trial was 13814.
The agent accessed its memory 48556 times.
The agent cleared its short-term memory 5 times.
    State prediction error memory resets: 4.
    Hill memory resets: 1.
At time 46 the agent is dead.
The agent had: 7 food, -1 water, and 19 sleep.
The total tree search depth for this trial was 110211.
The agent accessed its memory 427595 times.
The agent cleared its short-term memory 13 times.
    State prediction error memory resets: 12.
    Hill memory resets: 1.
At time 20 the agent is dead.
The agent had: 19 food, -1 water, and 16 sleep.
The total tree search depth for this trial was 23065.
The agent accessed its memory 91328 times.
The agent cleared its short-term memory 5 times.
    State prediction error memory resets: 3.
    Hill memory resets: 2.
At time 20 the agent is dead.
The agent had: 13 food, -1 water, and 13 sleep.
The total tree search depth for this trial was 23280.
The agent accessed its memory 81463 times.
The agent cleared its short-term memory 5 times.
    State prediction error memory resets: 4.
    Hill memory resets: 1.
At time 20 the agent is dead.
The agent had: 18 food, -1 water, and 4 sleep.
The total tree search depth for this trial was 17941.
The agent accessed its memory 66276 times.
The agent cleared its short-term memory 6 times.
    State prediction error memory resets: 4.
    Hill memory resets: 2.
At time 20 the agent is dead.
The agent had: 11 food, -1 water, and 4 sleep.
The total tree search depth for this trial was 42934.
The agent accessed its memory 154725 times.
The agent cleared its short-term memory 7 times.
    State prediction error memory resets: 7.
    Hill memory resets: 0.
At time 36 the agent is dead.
The agent had: -1 food, 7 water, and 1 sleep.
The total tree search depth for this trial was 91514.
The agent accessed its memory 344181 times.
The agent cleared its short-term memory 9 times.
    State prediction error memory resets: 7.
    Hill memory resets: 2.
At time 20 the agent is dead.
The agent had: 18 food, -1 water, and 4 sleep.
The total tree search depth for this trial was 25332.
The agent accessed its memory 88557 times.
The agent cleared its short-term memory 2 times.
    State prediction error memory resets: 2.
    Hill memory resets: 0.
At time 20 the agent is dead.
The agent had: 1 food, -1 water, and 4 sleep.
The total tree search depth for this trial was 22949.
The agent accessed its memory 80649 times.
The agent cleared its short-term memory 2 times.
    State prediction error memory resets: 2.
    Hill memory resets: 0.
At time 20 the agent is dead.
The agent had: 1 food, -1 water, and 4 sleep.
The total tree search depth for this trial was 13959.
The agent accessed its memory 50432 times.
The agent cleared its short-term memory 0 times.
    State prediction error memory resets: 0.
    Hill memory resets: 0.
At time 20 the agent is dead.
The agent had: 1 food, -1 water, and 4 sleep.
The total tree search depth for this trial was 11507.
The agent accessed its memory 40950 times.
The agent cleared its short-term memory 0 times.
    State prediction error memory resets: 0.
    Hill memory resets: 0.
At time 28 the agent is dead.
The agent had: -1 food, 15 water, and 19 sleep.
The total tree search depth for this trial was 37944.
The agent accessed its memory 131714 times.
The agent cleared its short-term memory 6 times.
    State prediction error memory resets: 5.
    Hill memory resets: 1.
At time 68 the agent is dead.
The agent had: 2 food, -1 water, and 1 sleep.
The total tree search depth for this trial was 146685.
The agent accessed its memory 533141 times.
The agent cleared its short-term memory 15 times.
    State prediction error memory resets: 14.
    Hill memory resets: 1.
At time 20 the agent is dead.
The agent had: 1 food, -1 water, and 4 sleep.
The total tree search depth for this trial was 36347.
The agent accessed its memory 138192 times.
The agent cleared its short-term memory 5 times.
    State prediction error memory resets: 4.
    Hill memory resets: 1.
At time 28 the agent is dead.
The agent had: 14 food, -1 water, and 14 sleep.
The total tree search depth for this trial was 47708.
The agent accessed its memory 168446 times.
The agent cleared its short-term memory 3 times.
    State prediction error memory resets: 2.
    Hill memory resets: 1.
At time 30 the agent is dead.
The agent had: 19 food, -1 water, and 15 sleep.
The total tree search depth for this trial was 58410.
The agent accessed its memory 209864 times.
The agent cleared its short-term memory 5 times.
    State prediction error memory resets: 4.
    Hill memory resets: 1.
At time 20 the agent is dead.
The agent had: 10 food, -1 water, and 12 sleep.
The total tree search depth for this trial was 74556.
The agent accessed its memory 249880 times.
The agent cleared its short-term memory 5 times.
    State prediction error memory resets: 4.
    Hill memory resets: 1.
At time 29 the agent is dead.
The agent had: -1 food, 1 water, and 11 sleep.
The total tree search depth for this trial was 97465.
The agent accessed its memory 356202 times.
The agent cleared its short-term memory 14 times.
    State prediction error memory resets: 13.
    Hill memory resets: 1.
At time 25 the agent is dead.
The agent had: 19 food, 2 water, and -1 sleep.
The total tree search depth for this trial was 65259.
The agent accessed its memory 233930 times.
The agent cleared its short-term memory 6 times.
    State prediction error memory resets: 4.
    Hill memory resets: 2.
At time 25 the agent is dead.
The agent had: 11 food, 2 water, and -1 sleep.
The total tree search depth for this trial was 61274.
The agent accessed its memory 229310 times.
The agent cleared its short-term memory 7 times.
    State prediction error memory resets: 6.
    Hill memory resets: 1.
At time 31 the agent is dead.
The agent had: 9 food, -1 water, and 17 sleep.
The total tree search depth for this trial was 53153.
The agent accessed its memory 188428 times.
The agent cleared its short-term memory 5 times.
    State prediction error memory resets: 4.
    Hill memory resets: 1.
At time 20 the agent is dead.
The agent had: 1 food, -1 water, and 10 sleep.
The total tree search depth for this trial was 51069.
The agent accessed its memory 165302 times.
The agent cleared its short-term memory 6 times.
    State prediction error memory resets: 5.
    Hill memory resets: 1.
At time 20 the agent is dead.
The agent had: 18 food, -1 water, and 12 sleep.
The total tree search depth for this trial was 41583.
The agent accessed its memory 154923 times.
The agent cleared its short-term memory 5 times.
    State prediction error memory resets: 4.
    Hill memory resets: 1.
At time 96 the agent is dead.
The agent had: 17 food, -1 water, and 17 sleep.
The total tree search depth for this trial was 160211.
The agent accessed its memory 534838 times.
The agent cleared its short-term memory 13 times.
    State prediction error memory resets: 11.
    Hill memory resets: 2.
At time 33 the agent is dead.
The agent had: -1 food, -1 water, and 9 sleep.
The total tree search depth for this trial was 91691.
The agent accessed its memory 318188 times.
The agent cleared its short-term memory 6 times.
    State prediction error memory resets: 4.
    Hill memory resets: 2.
At time 35 the agent is dead.
The agent had: -1 food, 0 water, and 7 sleep.
The total tree search depth for this trial was 63674.
The agent accessed its memory 222887 times.
The agent cleared its short-term memory 11 times.
    State prediction error memory resets: 10.
    Hill memory resets: 1.
At time 20 the agent is dead.
The agent had: 1 food, -1 water, and 21 sleep.
The total tree search depth for this trial was 22150.
The agent accessed its memory 75547 times.
The agent cleared its short-term memory 2 times.
    State prediction error memory resets: 1.
    Hill memory resets: 1.
At time 25 the agent is dead.
The agent had: 11 food, 5 water, and -1 sleep.
The total tree search depth for this trial was 109754.
The agent accessed its memory 413997 times.
The agent cleared its short-term memory 15 times.
    State prediction error memory resets: 10.
    Hill memory resets: 5.
At time 80 the agent is dead.
The agent had: 13 food, -1 water, and 12 sleep.
The total tree search depth for this trial was 195154.
The agent accessed its memory 645118 times.
The agent cleared its short-term memory 18 times.
    State prediction error memory resets: 15.
    Hill memory resets: 3.
At time 30 the agent is dead.
The agent had: -1 food, 5 water, and 11 sleep.
The total tree search depth for this trial was 73664.
The agent accessed its memory 255247 times.
The agent cleared its short-term memory 9 times.
    State prediction error memory resets: 8.
    Hill memory resets: 1.
At time 43 the agent is dead.
The agent had: -1 food, 10 water, and 13 sleep.
The total tree search depth for this trial was 68087.
The agent accessed its memory 234593 times.
The agent cleared its short-term memory 6 times.
    State prediction error memory resets: 5.
    Hill memory resets: 1.
At time 43 the agent is dead.
The agent had: 6 food, -1 water, and 21 sleep.
The total tree search depth for this trial was 115798.
The agent accessed its memory 411391 times.
The agent cleared its short-term memory 7 times.
    State prediction error memory resets: 5.
    Hill memory resets: 2.
At time 20 the agent is dead.
The agent had: 7 food, -1 water, and 14 sleep.
The total tree search depth for this trial was 42838.
The agent accessed its memory 140812 times.
The agent cleared its short-term memory 4 times.
    State prediction error memory resets: 3.
    Hill memory resets: 1.
At time 30 the agent is dead.
The agent had: 18 food, -1 water, and 18 sleep.
The total tree search depth for this trial was 64148.
The agent accessed its memory 217927 times.
The agent cleared its short-term memory 7 times.
    State prediction error memory resets: 5.
    Hill memory resets: 2.
At time 31 the agent is dead.
The agent had: 4 food, -1 water, and 2 sleep.
The total tree search depth for this trial was 35801.
The agent accessed its memory 117377 times.
The agent cleared its short-term memory 6 times.
    State prediction error memory resets: 5.
    Hill memory resets: 1.
At time 42 the agent is dead.
The agent had: -1 food, 3 water, and 9 sleep.
The total tree search depth for this trial was 66834.
The agent accessed its memory 228395 times.
The agent cleared its short-term memory 10 times.
    State prediction error memory resets: 9.
    Hill memory resets: 1.
At time 97 the agent is dead.
The agent had: 3 food, -1 water, and 22 sleep.
The total tree search depth for this trial was 147480.
The agent accessed its memory 483393 times.
The agent cleared its short-term memory 12 times.
    State prediction error memory resets: 10.
    Hill memory resets: 2.
At time 98 the agent is dead.
The agent had: 8 food, -1 water, and 22 sleep.
The total tree search depth for this trial was 188102.
The agent accessed its memory 634828 times.
The agent cleared its short-term memory 14 times.
    State prediction error memory resets: 10.
    Hill memory resets: 4.
At time 88 the agent is dead.
The agent had: 9 food, -1 water, and 11 sleep.
The total tree search depth for this trial was 215731.
The agent accessed its memory 716179 times.
The agent cleared its short-term memory 15 times.
    State prediction error memory resets: 13.
    Hill memory resets: 2.
At time 22 the agent is dead.
The agent had: -1 food, 6 water, and 9 sleep.
The total tree search depth for this trial was 36513.
The agent accessed its memory 115743 times.
The agent cleared its short-term memory 3 times.
    State prediction error memory resets: 2.
    Hill memory resets: 1.
At time 52 the agent is dead.
The agent had: 9 food, -1 water, and 20 sleep.
The total tree search depth for this trial was 95688.
The agent accessed its memory 313156 times.
The agent cleared its short-term memory 7 times.
    State prediction error memory resets: 5.
    Hill memory resets: 2.
At time 83 the agent is dead.
The agent had: 5 food, -1 water, and 7 sleep.
The total tree search depth for this trial was 67585.
The agent accessed its memory 216681 times.
The agent cleared its short-term memory 10 times.
    State prediction error memory resets: 9.
    Hill memory resets: 1.
At time 22 the agent is dead.
The agent had: -1 food, 17 water, and 2 sleep.
The total tree search depth for this trial was 24175.
The agent accessed its memory 78381 times.
The agent cleared its short-term memory 4 times.
    State prediction error memory resets: 3.
    Hill memory resets: 1.
At time 29 the agent is dead.
The agent had: 10 food, -1 water, and 2 sleep.
The total tree search depth for this trial was 68275.
The agent accessed its memory 224999 times.
The agent cleared its short-term memory 8 times.
    State prediction error memory resets: 7.
    Hill memory resets: 1.
At time 48 the agent is dead.
The agent had: 13 food, 7 water, and -1 sleep.
The total tree search depth for this trial was 112830.
The agent accessed its memory 375422 times.
The agent cleared its short-term memory 6 times.
    State prediction error memory resets: 3.
    Hill memory resets: 3.
At time 41 the agent is dead.
The agent had: 14 food, 8 water, and -1 sleep.
The total tree search depth for this trial was 95699.
The agent accessed its memory 330842 times.
The agent cleared its short-term memory 9 times.
    State prediction error memory resets: 7.
    Hill memory resets: 2.
At time 20 the agent is dead.
The agent had: 1 food, -1 water, and 4 sleep.
The total tree search depth for this trial was 180765.
The agent accessed its memory 717558 times.
The agent cleared its short-term memory 10 times.
    State prediction error memory resets: 9.
    Hill memory resets: 1.
At time 20 the agent is dead.
The agent had: 8 food, -1 water, and 12 sleep.
The total tree search depth for this trial was 43660.
The agent accessed its memory 130105 times.
The agent cleared its short-term memory 3 times.
    State prediction error memory resets: 2.
    Hill memory resets: 1.
At time 33 the agent is dead.
The agent had: 2 food, -1 water, and 6 sleep.
The total tree search depth for this trial was 76083.
The agent accessed its memory 251251 times.
The agent cleared its short-term memory 5 times.
    State prediction error memory resets: 4.
    Hill memory resets: 1.
At time 74 the agent is dead.
The agent had: -1 food, 3 water, and -1 sleep.
The total tree search depth for this trial was 225318.
The agent accessed its memory 775887 times.
The agent cleared its short-term memory 13 times.
    State prediction error memory resets: 11.
    Hill memory resets: 2.
At time 60 the agent is dead.
The agent had: -1 food, 11 water, and 20 sleep.
The total tree search depth for this trial was 121117.
The agent accessed its memory 401032 times.
The agent cleared its short-term memory 7 times.
    State prediction error memory resets: 5.
    Hill memory resets: 2.
At time 65 the agent is dead.
The agent had: -1 food, 3 water, and 20 sleep.
The total tree search depth for this trial was 118253.
The agent accessed its memory 374724 times.
The agent cleared its short-term memory 9 times.
    State prediction error memory resets: 7.
    Hill memory resets: 2.
At time 43 the agent is dead.
The agent had: 6 food, -1 water, and 2 sleep.
The total tree search depth for this trial was 68104.
The agent accessed its memory 218281 times.
The agent cleared its short-term memory 5 times.
    State prediction error memory resets: 4.
    Hill memory resets: 1.
At time 56 the agent is dead.
The agent had: 3 food, -1 water, and 1 sleep.
The total tree search depth for this trial was 120384.
The agent accessed its memory 401660 times.
The agent cleared its short-term memory 9 times.
    State prediction error memory resets: 8.
    Hill memory resets: 1.
At time 46 the agent is dead.
The agent had: 7 food, -1 water, and 11 sleep.
The total tree search depth for this trial was 124090.
The agent accessed its memory 378795 times.
The agent cleared its short-term memory 11 times.
    State prediction error memory resets: 10.
    Hill memory resets: 1.
At time 20 the agent is dead.
The agent had: 1 food, -1 water, and 15 sleep.
The total tree search depth for this trial was 61828.
The agent accessed its memory 209271 times.
The agent cleared its short-term memory 4 times.
    State prediction error memory resets: 3.
    Hill memory resets: 1.
At time 79 the agent is dead.
The agent had: -1 food, 14 water, and 13 sleep.
The total tree search depth for this trial was 121370.
The agent accessed its memory 392864 times.
The agent cleared its short-term memory 7 times.
    State prediction error memory resets: 5.
    Hill memory resets: 2.
At time 48 the agent is dead.
The agent had: 3 food, -1 water, and 13 sleep.
The total tree search depth for this trial was 108581.
The agent accessed its memory 352289 times.
The agent cleared its short-term memory 7 times.
    State prediction error memory resets: 6.
    Hill memory resets: 1.
At time 25 the agent is dead.
The agent had: 7 food, 2 water, and -1 sleep.
The total tree search depth for this trial was 95708.
The agent accessed its memory 343021 times.
The agent cleared its short-term memory 7 times.
    State prediction error memory resets: 5.
    Hill memory resets: 2.
At time 71 the agent is dead.
The agent had: 3 food, -1 water, and 16 sleep.
The total tree search depth for this trial was 266135.
The agent accessed its memory 888931 times.
The agent cleared its short-term memory 15 times.
    State prediction error memory resets: 14.
    Hill memory resets: 1.
At time 55 the agent is dead.
The agent had: 3 food, -1 water, and 16 sleep.
The total tree search depth for this trial was 84613.
The agent accessed its memory 260650 times.
The agent cleared its short-term memory 7 times.
    State prediction error memory resets: 6.
    Hill memory resets: 1.
At time 28 the agent is dead.
The agent had: 3 food, -1 water, and 15 sleep.
The total tree search depth for this trial was 39864.
The agent accessed its memory 122795 times.
The agent cleared its short-term memory 7 times.
    State prediction error memory resets: 6.
    Hill memory resets: 1.
At time 73 the agent is dead.
The agent had: -1 food, 5 water, and -1 sleep.
The total tree search depth for this trial was 271698.
The agent accessed its memory 956761 times.
The agent cleared its short-term memory 20 times.
    State prediction error memory resets: 18.
    Hill memory resets: 2.
At time 77 the agent is dead.
The agent had: -1 food, 3 water, and 17 sleep.
The total tree search depth for this trial was 148899.
The agent accessed its memory 477993 times.
The agent cleared its short-term memory 12 times.
    State prediction error memory resets: 10.
    Hill memory resets: 2.
At time 68 the agent is dead.
The agent had: 4 food, 1 water, and -1 sleep.
The total tree search depth for this trial was 68325.
The agent accessed its memory 206813 times.
The agent cleared its short-term memory 5 times.
    State prediction error memory resets: 4.
    Hill memory resets: 1.
At time 29 the agent is dead.
The agent had: -1 food, 1 water, and 5 sleep.
The total tree search depth for this trial was 103456.
The agent accessed its memory 348952 times.
The agent cleared its short-term memory 8 times.
    State prediction error memory resets: 7.
    Hill memory resets: 1.
At time 97 the agent is dead.
The agent had: 3 food, -1 water, and 16 sleep.
The total tree search depth for this trial was 144125.
The agent accessed its memory 465919 times.
The agent cleared its short-term memory 12 times.
    State prediction error memory resets: 10.
    Hill memory resets: 2.
At time 49 the agent is dead.
The agent had: 3 food, 5 water, and -1 sleep.
The total tree search depth for this trial was 79963.
The agent accessed its memory 267686 times.
The agent cleared its short-term memory 5 times.
    State prediction error memory resets: 4.
    Hill memory resets: 1.
At time 42 the agent is dead.
The agent had: -1 food, 13 water, and 14 sleep.
The total tree search depth for this trial was 93130.
The agent accessed its memory 289277 times.
The agent cleared its short-term memory 5 times.
    State prediction error memory resets: 4.
    Hill memory resets: 1.
At time 50 the agent is dead.
The agent had: -1 food, 2 water, and 12 sleep.
The total tree search depth for this trial was 146935.
The agent accessed its memory 457619 times.
The agent cleared its short-term memory 10 times.
    State prediction error memory resets: 8.
    Hill memory resets: 2.
At time 81 the agent is dead.
The agent had: 11 food, -1 water, and 10 sleep.
The total tree search depth for this trial was 135083.
The agent accessed its memory 432609 times.
The agent cleared its short-term memory 14 times.
    State prediction error memory resets: 13.
    Hill memory resets: 1.
At time 46 the agent is dead.
The agent had: -1 food, 9 water, and 9 sleep.
The total tree search depth for this trial was 89686.
The agent accessed its memory 292416 times.
The agent cleared its short-term memory 8 times.
    State prediction error memory resets: 6.
    Hill memory resets: 2.
At time 27 the agent is dead.
The agent had: 3 food, -1 water, and 13 sleep.
The total tree search depth for this trial was 51777.
The agent accessed its memory 161524 times.
The agent cleared its short-term memory 4 times.
    State prediction error memory resets: 3.
    Hill memory resets: 1.
At time 93 the agent is dead.
The agent had: -1 food, -1 water, and 14 sleep.
The total tree search depth for this trial was 160844.
The agent accessed its memory 510053 times.
The agent cleared its short-term memory 13 times.
    State prediction error memory resets: 11.
    Hill memory resets: 2.
At time 20 the agent is dead.
The agent had: 1 food, -1 water, and 4 sleep.
The total tree search depth for this trial was 61652.
The agent accessed its memory 223556 times.
The agent cleared its short-term memory 6 times.
    State prediction error memory resets: 5.
    Hill memory resets: 1.
At time 80 the agent is dead.
The agent had: 3 food, -1 water, and 17 sleep.
The total tree search depth for this trial was 178012.
The agent accessed its memory 536719 times.
The agent cleared its short-term memory 12 times.
    State prediction error memory resets: 11.
    Hill memory resets: 1.
At time 33 the agent is dead.
The agent had: -1 food, 7 water, and 20 sleep.
The total tree search depth for this trial was 86884.
The agent accessed its memory 273481 times.
The agent cleared its short-term memory 7 times.
    State prediction error memory resets: 4.
    Hill memory resets: 3.
At time 22 the agent is dead.
The agent had: -1 food, 12 water, and 15 sleep.
The total tree search depth for this trial was 82265.
The agent accessed its memory 280556 times.
The agent cleared its short-term memory 7 times.
    State prediction error memory resets: 5.
    Hill memory resets: 2.
