Running main with ALGORITHM=SL, SEED=2, HORIZON=4, K_FACTOR=0.7, ROOT_FOLDER=/home/grmstj001, MCT=3, NUM_MCT=100, AUTO_REST=, GRID_SIZE=5, START_POS=9, HILL=13, FOOD=(20 19 24 15), WATER=(12 10 17 22), SLEEP=(14 23 2 25)

                            < M A T L A B (R) >
                  Copyright 1984-2022 The MathWorks, Inc.
             R2022b Update 9 (9.13.0.2553342) 64-bit (glnxa64)
                               March 13, 2024

 
To get started, type doc.
For product information, visit www.mathworks.com.
 
Starting SL.

----------------------------------------
TRIAL 1 STARTED
----------------------------------------
Start Time: 2024-05-22 10:20:05
At time step 45 the agent is dead
The agent had 0 food, 18 water, and 2 sleep.
The total tree search depth for this trial was 108878. 
The agent accessed its memory 1856831 times. 
The agent cleared its short-term memory 28 times. 
     State prediction error memory resets: 3. 
     Hill memory resets: 25. 
TRIAL 1 COMPLETE ?
End Time: 2024-05-22 10:23:29
Total runtime for this trial (minutes/seconds): 03:24
----------------------------------------
Total hill visits: 25. 
Total prediction errors: 3. 
Total search depth: 108878. 
Total times memory accessed: 1856831. 
Total times 25 >= t <= 50: 1. 
Total times 50 >= t <= 75: 0. 
Total times 75 >= t <= 100: 0. 
Total times t == 100: 0. 
Total time steps survived: 46. 
Total runtime so far (hours/minutes/seconds): 00:03:24
----------------------------------------

----------------------------------------
TRIAL 2 STARTED
----------------------------------------
Start Time: 2024-05-22 10:23:28
At time step 55 the agent is dead
The agent had 0 food, 16 water, and 25 sleep.
The total tree search depth for this trial was 161694. 
The agent accessed its memory 2661269 times. 
The agent cleared its short-term memory 32 times. 
     State prediction error memory resets: 7. 
     Hill memory resets: 25. 
TRIAL 2 COMPLETE ?
End Time: 2024-05-22 10:29:19
Total runtime for this trial (minutes/seconds): 05:51
----------------------------------------
Total hill visits: 50. 
Total prediction errors: 10. 
Total search depth: 270572. 
Total times memory accessed: 4518100. 
Total times 25 >= t <= 50: 1. 
Total times 50 >= t <= 75: 1. 
Total times 75 >= t <= 100: 0. 
Total times t == 100: 0. 
Total time steps survived: 102. 
Total runtime so far (hours/minutes/seconds): 00:09:14
----------------------------------------

----------------------------------------
TRIAL 3 STARTED
----------------------------------------
Start Time: 2024-05-22 10:29:18
At time step 99 the agent is dead
The agent had 8 food, 13 water, and 24 sleep.
The total tree search depth for this trial was 906329. 
The agent accessed its memory 14498479 times. 
The agent cleared its short-term memory 68 times. 
     State prediction error memory resets: 4. 
     Hill memory resets: 64. 
TRIAL 3 COMPLETE ?
End Time: 2024-05-22 11:06:05
Total runtime for this trial (minutes/seconds): 36:47
----------------------------------------
Total hill visits: 114. 
Total prediction errors: 14. 
Total search depth: 1176901. 
Total times memory accessed: 19016579. 
Total times 25 >= t <= 50: 1. 
Total times 50 >= t <= 75: 1. 
Total times 75 >= t <= 100: 0. 
Total times t == 100: 1. 
Total time steps survived: 202. 
Total runtime so far (hours/minutes/seconds): 00:46:00
----------------------------------------

----------------------------------------
TRIAL 4 STARTED
----------------------------------------
Start Time: 2024-05-22 11:06:04
At time step 65 the agent is dead
The agent had 0 food, 7 water, and 14 sleep.
The total tree search depth for this trial was 640925. 
The agent accessed its memory 10251007 times. 
The agent cleared its short-term memory 52 times. 
     State prediction error memory resets: 4. 
     Hill memory resets: 48. 
TRIAL 4 COMPLETE ?
End Time: 2024-05-22 11:32:07
Total runtime for this trial (minutes/seconds): 26:03
----------------------------------------
Total hill visits: 162. 
Total prediction errors: 18. 
Total search depth: 1817826. 
Total times memory accessed: 29267586. 
Total times 25 >= t <= 50: 1. 
Total times 50 >= t <= 75: 2. 
Total times 75 >= t <= 100: 0. 
Total times t == 100: 1. 
Total time steps survived: 268. 
Total runtime so far (hours/minutes/seconds): 01:12:02
----------------------------------------

----------------------------------------
TRIAL 5 STARTED
----------------------------------------
Start Time: 2024-05-22 11:32:06
At time step 23 the agent is dead
The agent had 0 food, 20 water, and 20 sleep.
The total tree search depth for this trial was 256220. 
The agent accessed its memory 4069765 times. 
The agent cleared its short-term memory 16 times. 
     State prediction error memory resets: 0. 
     Hill memory resets: 16. 
TRIAL 5 COMPLETE ?
End Time: 2024-05-22 11:42:51
Total runtime for this trial (minutes/seconds): 10:45
----------------------------------------
Total hill visits: 178. 
Total prediction errors: 18. 
Total search depth: 2074046. 
Total times memory accessed: 33337351. 
Total times 25 >= t <= 50: 1. 
Total times 50 >= t <= 75: 2. 
Total times 75 >= t <= 100: 0. 
Total times t == 100: 1. 
Total time steps survived: 292. 
Total runtime so far (hours/minutes/seconds): 01:22:46
----------------------------------------

----------------------------------------
TRIAL 6 STARTED
----------------------------------------
Start Time: 2024-05-22 11:42:50
At time step 99 the agent is dead
The agent had 8 food, 20 water, and 17 sleep.
The total tree search depth for this trial was 871639. 
The agent accessed its memory 14033621 times. 
The agent cleared its short-term memory 73 times. 
     State prediction error memory resets: 5. 
     Hill memory resets: 68. 
TRIAL 6 COMPLETE ?
End Time: 2024-05-22 12:17:27
Total runtime for this trial (minutes/seconds): 34:37
----------------------------------------
Total hill visits: 246. 
Total prediction errors: 23. 
Total search depth: 2945685. 
Total times memory accessed: 47370972. 
Total times 25 >= t <= 50: 1. 
Total times 50 >= t <= 75: 2. 
Total times 75 >= t <= 100: 0. 
Total times t == 100: 2. 
Total time steps survived: 392. 
Total runtime so far (hours/minutes/seconds): 01:57:22
----------------------------------------

----------------------------------------
TRIAL 7 STARTED
----------------------------------------
Start Time: 2024-05-22 12:17:26
At time step 99 the agent is dead
The agent had 12 food, 9 water, and 16 sleep.
The total tree search depth for this trial was 1132136. 
The agent accessed its memory 18204613 times. 
The agent cleared its short-term memory 78 times. 
     State prediction error memory resets: 6. 
     Hill memory resets: 72. 
TRIAL 7 COMPLETE ?
End Time: 2024-05-22 13:01:44
Total runtime for this trial (minutes/seconds): 44:18
----------------------------------------
Total hill visits: 318. 
Total prediction errors: 29. 
Total search depth: 4077821. 
Total times memory accessed: 65575585. 
Total times 25 >= t <= 50: 1. 
Total times 50 >= t <= 75: 2. 
Total times 75 >= t <= 100: 0. 
Total times t == 100: 3. 
Total time steps survived: 492. 
Total runtime so far (hours/minutes/seconds): 02:41:39
----------------------------------------

----------------------------------------
TRIAL 8 STARTED
----------------------------------------
Start Time: 2024-05-22 13:01:43
At time step 39 the agent is dead
The agent had 11 food, 0 water, and 23 sleep.
The total tree search depth for this trial was 243811. 
The agent accessed its memory 3943903 times. 
The agent cleared its short-term memory 18 times. 
     State prediction error memory resets: 2. 
     Hill memory resets: 16. 
TRIAL 8 COMPLETE ?
End Time: 2024-05-22 13:11:01
Total runtime for this trial (minutes/seconds): 09:18
----------------------------------------
Total hill visits: 334. 
Total prediction errors: 31. 
Total search depth: 4321632. 
Total times memory accessed: 69519488. 
Total times 25 >= t <= 50: 2. 
Total times 50 >= t <= 75: 2. 
Total times 75 >= t <= 100: 0. 
Total times t == 100: 3. 
Total time steps survived: 532. 
Total runtime so far (hours/minutes/seconds): 02:50:56
----------------------------------------

----------------------------------------
TRIAL 9 STARTED
----------------------------------------
Start Time: 2024-05-22 13:11:00
At time step 23 the agent is dead
The agent had 0 food, 18 water, and 13 sleep.
The total tree search depth for this trial was 265546. 
The agent accessed its memory 4341140 times. 
The agent cleared its short-term memory 19 times. 
     State prediction error memory resets: 3. 
     Hill memory resets: 16. 
TRIAL 9 COMPLETE ?
End Time: 2024-05-22 13:20:42
Total runtime for this trial (minutes/seconds): 09:42
----------------------------------------
Total hill visits: 350. 
Total prediction errors: 34. 
Total search depth: 4587178. 
Total times memory accessed: 73860628. 
Total times 25 >= t <= 50: 2. 
Total times 50 >= t <= 75: 2. 
Total times 75 >= t <= 100: 0. 
Total times t == 100: 3. 
Total time steps survived: 556. 
Total runtime so far (hours/minutes/seconds): 03:00:37
----------------------------------------

----------------------------------------
TRIAL 10 STARTED
----------------------------------------
Start Time: 2024-05-22 13:20:41
At time step 85 the agent is dead
The agent had 0 food, 18 water, and 20 sleep.
The total tree search depth for this trial was 974581. 
The agent accessed its memory 15788075 times. 
The agent cleared its short-term memory 66 times. 
     State prediction error memory resets: 4. 
     Hill memory resets: 62. 
TRIAL 10 COMPLETE ?
End Time: 2024-05-22 13:57:37
Total runtime for this trial (minutes/seconds): 36:56
----------------------------------------
Total hill visits: 412. 
Total prediction errors: 38. 
Total search depth: 5561759. 
Total times memory accessed: 89648703. 
Total times 25 >= t <= 50: 2. 
Total times 50 >= t <= 75: 2. 
Total times 75 >= t <= 100: 1. 
Total times t == 100: 3. 
Total time steps survived: 642. 
Total runtime so far (hours/minutes/seconds): 03:37:32
----------------------------------------

----------------------------------------
TRIAL 11 STARTED
----------------------------------------
Start Time: 2024-05-22 13:57:36
At time step 23 the agent is dead
The agent had 0 food, 18 water, and 4 sleep.
The total tree search depth for this trial was 265982. 
The agent accessed its memory 4227907 times. 
The agent cleared its short-term memory 18 times. 
     State prediction error memory resets: 0. 
     Hill memory resets: 18. 
TRIAL 11 COMPLETE ?
End Time: 2024-05-22 14:08:28
Total runtime for this trial (minutes/seconds): 10:52
----------------------------------------
Total hill visits: 430. 
Total prediction errors: 38. 
Total search depth: 5827741. 
Total times memory accessed: 93876610. 
Total times 25 >= t <= 50: 2. 
Total times 50 >= t <= 75: 2. 
Total times 75 >= t <= 100: 1. 
Total times t == 100: 3. 
Total time steps survived: 666. 
Total runtime so far (hours/minutes/seconds): 03:48:23
----------------------------------------

----------------------------------------
TRIAL 12 STARTED
----------------------------------------
Start Time: 2024-05-22 14:08:27
At time step 89 the agent is dead
The agent had 22 food, 0 water, and 21 sleep.
The total tree search depth for this trial was 1182080. 
The agent accessed its memory 18891138 times. 
The agent cleared its short-term memory 70 times. 
     State prediction error memory resets: 4. 
     Hill memory resets: 66. 
TRIAL 12 COMPLETE ?
End Time: 2024-05-22 14:55:44
Total runtime for this trial (minutes/seconds): 47:17
----------------------------------------
Total hill visits: 496. 
Total prediction errors: 42. 
Total search depth: 7009821. 
Total times memory accessed: 112767748. 
Total times 25 >= t <= 50: 2. 
Total times 50 >= t <= 75: 2. 
Total times 75 >= t <= 100: 2. 
Total times t == 100: 3. 
Total time steps survived: 756. 
Total runtime so far (hours/minutes/seconds): 04:35:39
----------------------------------------

----------------------------------------
TRIAL 13 STARTED
----------------------------------------
Start Time: 2024-05-22 14:55:43
At time step 64 the agent is dead
The agent had 0 food, 18 water, and 21 sleep.
The total tree search depth for this trial was 794841. 
The agent accessed its memory 12800201 times. 
The agent cleared its short-term memory 47 times. 
     State prediction error memory resets: 2. 
     Hill memory resets: 45. 
TRIAL 13 COMPLETE ?
End Time: 2024-05-22 15:26:33
Total runtime for this trial (minutes/seconds): 30:50
----------------------------------------
Total hill visits: 541. 
Total prediction errors: 44. 
Total search depth: 7804662. 
Total times memory accessed: 125567949. 
Total times 25 >= t <= 50: 2. 
Total times 50 >= t <= 75: 3. 
Total times 75 >= t <= 100: 2. 
Total times t == 100: 3. 
Total time steps survived: 821. 
Total runtime so far (hours/minutes/seconds): 05:06:28
----------------------------------------

----------------------------------------
TRIAL 14 STARTED
----------------------------------------
Start Time: 2024-05-22 15:26:32
At time step 99 the agent is dead
The agent had 8 food, 14 water, and 12 sleep.
The total tree search depth for this trial was 1506535. 
The agent accessed its memory 24428446 times. 
The agent cleared its short-term memory 80 times. 
     State prediction error memory resets: 5. 
     Hill memory resets: 75. 
TRIAL 14 COMPLETE ?
End Time: 2024-05-22 16:23:21
Total runtime for this trial (minutes/seconds): 56:49
----------------------------------------
Total hill visits: 616. 
Total prediction errors: 49. 
Total search depth: 9311197. 
Total times memory accessed: 149996395. 
Total times 25 >= t <= 50: 2. 
Total times 50 >= t <= 75: 3. 
Total times 75 >= t <= 100: 2. 
Total times t == 100: 4. 
Total time steps survived: 921. 
Total runtime so far (hours/minutes/seconds): 06:03:16
----------------------------------------

----------------------------------------
TRIAL 15 STARTED
----------------------------------------
Start Time: 2024-05-22 16:23:20
At time step 23 the agent is dead
The agent had 0 food, 17 water, and 4 sleep.
The total tree search depth for this trial was 304304. 
The agent accessed its memory 4882241 times. 
The agent cleared its short-term memory 18 times. 
     State prediction error memory resets: 0. 
     Hill memory resets: 18. 
TRIAL 15 COMPLETE ?
End Time: 2024-05-22 16:35:19
Total runtime for this trial (minutes/seconds): 11:59
----------------------------------------
Total hill visits: 634. 
Total prediction errors: 49. 
Total search depth: 9615501. 
Total times memory accessed: 154878636. 
Total times 25 >= t <= 50: 2. 
Total times 50 >= t <= 75: 3. 
Total times 75 >= t <= 100: 2. 
Total times t == 100: 4. 
Total time steps survived: 945. 
Total runtime so far (hours/minutes/seconds): 06:15:14
----------------------------------------

----------------------------------------
TRIAL 16 STARTED
----------------------------------------
Start Time: 2024-05-22 16:35:18
At time step 23 the agent is dead
The agent had 0 food, 7 water, and 4 sleep.
The total tree search depth for this trial was 280893. 
The agent accessed its memory 4531141 times. 
The agent cleared its short-term memory 19 times. 
     State prediction error memory resets: 2. 
     Hill memory resets: 17. 
TRIAL 16 COMPLETE ?
End Time: 2024-05-22 16:46:06
Total runtime for this trial (minutes/seconds): 10:48
----------------------------------------
Total hill visits: 651. 
Total prediction errors: 51. 
Total search depth: 9896394. 
Total times memory accessed: 159409777. 
Total times 25 >= t <= 50: 2. 
Total times 50 >= t <= 75: 3. 
Total times 75 >= t <= 100: 2. 
Total times t == 100: 4. 
Total time steps survived: 969. 
Total runtime so far (hours/minutes/seconds): 06:26:01
----------------------------------------

----------------------------------------
TRIAL 17 STARTED
----------------------------------------
Start Time: 2024-05-22 16:46:05
At time step 99 the agent is dead
The agent had 9 food, 19 water, and 13 sleep.
The total tree search depth for this trial was 1086312. 
The agent accessed its memory 17565724 times. 
The agent cleared its short-term memory 82 times. 
     State prediction error memory resets: 6. 
     Hill memory resets: 76. 
TRIAL 17 COMPLETE ?
End Time: 2024-05-22 17:27:27
Total runtime for this trial (minutes/seconds): 41:22
----------------------------------------
Total hill visits: 727. 
Total prediction errors: 57. 
Total search depth: 10982706. 
Total times memory accessed: 176975501. 
Total times 25 >= t <= 50: 2. 
Total times 50 >= t <= 75: 3. 
Total times 75 >= t <= 100: 2. 
Total times t == 100: 5. 
Total time steps survived: 1069. 
Total runtime so far (hours/minutes/seconds): 07:07:22
----------------------------------------

----------------------------------------
TRIAL 18 STARTED
----------------------------------------
Start Time: 2024-05-22 17:27:26
At time step 23 the agent is dead
The agent had 0 food, 17 water, and 10 sleep.
The total tree search depth for this trial was 267680. 
The agent accessed its memory 4371775 times. 
The agent cleared its short-term memory 18 times. 
     State prediction error memory resets: 2. 
     Hill memory resets: 16. 
TRIAL 18 COMPLETE ?
End Time: 2024-05-22 17:37:13
Total runtime for this trial (minutes/seconds): 09:47
----------------------------------------
Total hill visits: 743. 
Total prediction errors: 59. 
Total search depth: 11250386. 
Total times memory accessed: 181347276. 
Total times 25 >= t <= 50: 2. 
Total times 50 >= t <= 75: 3. 
Total times 75 >= t <= 100: 2. 
Total times t == 100: 5. 
Total time steps survived: 1093. 
Total runtime so far (hours/minutes/seconds): 07:17:08
----------------------------------------

----------------------------------------
TRIAL 19 STARTED
----------------------------------------
Start Time: 2024-05-22 17:37:12
At time step 23 the agent is dead
The agent had 0 food, 18 water, and 25 sleep.
The total tree search depth for this trial was 290300. 
The agent accessed its memory 4681202 times. 
The agent cleared its short-term memory 18 times. 
     State prediction error memory resets: 3. 
     Hill memory resets: 15. 
TRIAL 19 COMPLETE ?
End Time: 2024-05-22 17:48:23
Total runtime for this trial (minutes/seconds): 11:11
----------------------------------------
Total hill visits: 758. 
Total prediction errors: 62. 
Total search depth: 11540686. 
Total times memory accessed: 186028478. 
Total times 25 >= t <= 50: 2. 
Total times 50 >= t <= 75: 3. 
Total times 75 >= t <= 100: 2. 
Total times t == 100: 5. 
Total time steps survived: 1117. 
Total runtime so far (hours/minutes/seconds): 07:28:18
----------------------------------------

----------------------------------------
TRIAL 20 STARTED
----------------------------------------
Start Time: 2024-05-22 17:48:22
At time step 23 the agent is dead
The agent had 0 food, 20 water, and 24 sleep.
The total tree search depth for this trial was 263580. 
The agent accessed its memory 4189678 times. 
The agent cleared its short-term memory 18 times. 
     State prediction error memory resets: 1. 
     Hill memory resets: 17. 
TRIAL 20 COMPLETE ?
End Time: 2024-05-22 17:59:06
Total runtime for this trial (minutes/seconds): 10:44
----------------------------------------
Total hill visits: 775. 
Total prediction errors: 63. 
Total search depth: 11804266. 
Total times memory accessed: 190218156. 
Total times 25 >= t <= 50: 2. 
Total times 50 >= t <= 75: 3. 
Total times 75 >= t <= 100: 2. 
Total times t == 100: 5. 
Total time steps survived: 1141. 
Total runtime so far (hours/minutes/seconds): 07:39:01
----------------------------------------

----------------------------------------
TRIAL 21 STARTED
----------------------------------------
Start Time: 2024-05-22 17:59:05
At time step 99 the agent is dead
The agent had 13 food, 17 water, and 17 sleep.
The total tree search depth for this trial was 1432913. 
The agent accessed its memory 23181339 times. 
The agent cleared its short-term memory 82 times. 
     State prediction error memory resets: 8. 
     Hill memory resets: 74. 
TRIAL 21 COMPLETE ?
End Time: 2024-05-22 18:53:30
Total runtime for this trial (minutes/seconds): 54:25
----------------------------------------
Total hill visits: 849. 
Total prediction errors: 71. 
Total search depth: 13237179. 
Total times memory accessed: 213399495. 
Total times 25 >= t <= 50: 2. 
Total times 50 >= t <= 75: 3. 
Total times 75 >= t <= 100: 2. 
Total times t == 100: 6. 
Total time steps survived: 1241. 
Total runtime so far (hours/minutes/seconds): 08:33:25
----------------------------------------

----------------------------------------
TRIAL 22 STARTED
----------------------------------------
Start Time: 2024-05-22 18:53:29
At time step 46 the agent is dead
The agent had 22 food, 0 water, and 23 sleep.
The total tree search depth for this trial was 657938. 
The agent accessed its memory 10563557 times. 
The agent cleared its short-term memory 35 times. 
     State prediction error memory resets: 1. 
     Hill memory resets: 34. 
TRIAL 22 COMPLETE ?
End Time: 2024-05-22 19:19:15
Total runtime for this trial (minutes/seconds): 25:46
----------------------------------------
Total hill visits: 883. 
Total prediction errors: 72. 
Total search depth: 13895117. 
Total times memory accessed: 223963052. 
Total times 25 >= t <= 50: 3. 
Total times 50 >= t <= 75: 3. 
Total times 75 >= t <= 100: 2. 
Total times t == 100: 6. 
Total time steps survived: 1288. 
Total runtime so far (hours/minutes/seconds): 08:59:10
----------------------------------------

----------------------------------------
TRIAL 23 STARTED
----------------------------------------
Start Time: 2024-05-22 19:19:14
At time step 99 the agent is dead
The agent had 9 food, 15 water, and 13 sleep.
The total tree search depth for this trial was 1552574. 
The agent accessed its memory 25222434 times. 
The agent cleared its short-term memory 82 times. 
     State prediction error memory resets: 5. 
     Hill memory resets: 77. 
TRIAL 23 COMPLETE ?
End Time: 2024-05-22 20:17:09
Total runtime for this trial (minutes/seconds): 57:55
----------------------------------------
Total hill visits: 960. 
Total prediction errors: 77. 
Total search depth: 15447691. 
Total times memory accessed: 249185486. 
Total times 25 >= t <= 50: 3. 
Total times 50 >= t <= 75: 3. 
Total times 75 >= t <= 100: 2. 
Total times t == 100: 7. 
Total time steps survived: 1388. 
Total runtime so far (hours/minutes/seconds): 09:57:04
----------------------------------------

----------------------------------------
TRIAL 24 STARTED
----------------------------------------
Start Time: 2024-05-22 20:17:08
At time step 99 the agent is dead
The agent had 8 food, 13 water, and 24 sleep.
The total tree search depth for this trial was 1523941. 
The agent accessed its memory 24800018 times. 
The agent cleared its short-term memory 79 times. 
     State prediction error memory resets: 6. 
     Hill memory resets: 73. 
TRIAL 24 COMPLETE ?
End Time: 2024-05-22 21:13:35
Total runtime for this trial (minutes/seconds): 56:27
----------------------------------------
Total hill visits: 1033. 
Total prediction errors: 83. 
Total search depth: 16971632. 
Total times memory accessed: 273985504. 
Total times 25 >= t <= 50: 3. 
Total times 50 >= t <= 75: 3. 
Total times 75 >= t <= 100: 2. 
Total times t == 100: 8. 
Total time steps survived: 1488. 
Total runtime so far (hours/minutes/seconds): 10:53:30
----------------------------------------

----------------------------------------
TRIAL 25 STARTED
----------------------------------------
Start Time: 2024-05-22 21:13:34
At time step 99 the agent is dead
The agent had 10 food, 4 water, and 14 sleep.
The total tree search depth for this trial was 1678126. 
The agent accessed its memory 27260789 times. 
The agent cleared its short-term memory 79 times. 
     State prediction error memory resets: 5. 
     Hill memory resets: 74. 
TRIAL 25 COMPLETE ?
End Time: 2024-05-22 22:16:15
Total runtime for this trial (minutes/seconds): 02:41
----------------------------------------
Total hill visits: 1107. 
Total prediction errors: 88. 
Total search depth: 18649758. 
Total times memory accessed: 301246293. 
Total times 25 >= t <= 50: 3. 
Total times 50 >= t <= 75: 3. 
Total times 75 >= t <= 100: 2. 
Total times t == 100: 9. 
Total time steps survived: 1588. 
Total runtime so far (hours/minutes/seconds): 11:56:10
----------------------------------------

----------------------------------------
TRIAL 26 STARTED
----------------------------------------
Start Time: 2024-05-22 22:16:14
At time step 99 the agent is dead
The agent had 8 food, 9 water, and 19 sleep.
The total tree search depth for this trial was 1561539. 
The agent accessed its memory 25383986 times. 
The agent cleared its short-term memory 77 times. 
     State prediction error memory resets: 4. 
     Hill memory resets: 73. 
TRIAL 26 COMPLETE ?
End Time: 2024-05-22 23:14:20
Total runtime for this trial (minutes/seconds): 58:06
----------------------------------------
Total hill visits: 1180. 
Total prediction errors: 92. 
Total search depth: 20211297. 
Total times memory accessed: 326630279. 
Total times 25 >= t <= 50: 3. 
Total times 50 >= t <= 75: 3. 
Total times 75 >= t <= 100: 2. 
Total times t == 100: 10. 
Total time steps survived: 1688. 
Total runtime so far (hours/minutes/seconds): 12:54:15
----------------------------------------

----------------------------------------
TRIAL 27 STARTED
----------------------------------------
Start Time: 2024-05-22 23:14:19
At time step 96 the agent is dead
The agent had 0 food, 18 water, and 18 sleep.
The total tree search depth for this trial was 1452486. 
The agent accessed its memory 23651046 times. 
The agent cleared its short-term memory 71 times. 
     State prediction error memory resets: 1. 
     Hill memory resets: 70. 
TRIAL 27 COMPLETE ?
End Time: 2024-05-23 00:08:00
Total runtime for this trial (minutes/seconds): 53:41
----------------------------------------
Total hill visits: 1250. 
Total prediction errors: 93. 
Total search depth: 21663783. 
Total times memory accessed: 350281325. 
Total times 25 >= t <= 50: 3. 
Total times 50 >= t <= 75: 3. 
Total times 75 >= t <= 100: 3. 
Total times t == 100: 10. 
Total time steps survived: 1785. 
Total runtime so far (hours/minutes/seconds): 13:47:55
----------------------------------------

----------------------------------------
TRIAL 28 STARTED
----------------------------------------
Start Time: 2024-05-23 00:07:59
At time step 99 the agent is dead
The agent had 9 food, 10 water, and 13 sleep.
The total tree search depth for this trial was 1771604. 
The agent accessed its memory 28852403 times. 
The agent cleared its short-term memory 78 times. 
     State prediction error memory resets: 3. 
     Hill memory resets: 75. 
TRIAL 28 COMPLETE ?
End Time: 2024-05-23 01:13:26
Total runtime for this trial (minutes/seconds): 05:27
----------------------------------------
Total hill visits: 1325. 
Total prediction errors: 96. 
Total search depth: 23435387. 
Total times memory accessed: 379133728. 
Total times 25 >= t <= 50: 3. 
Total times 50 >= t <= 75: 3. 
Total times 75 >= t <= 100: 3. 
Total times t == 100: 11. 
Total time steps survived: 1885. 
Total runtime so far (hours/minutes/seconds): 14:53:21
----------------------------------------

----------------------------------------
TRIAL 29 STARTED
----------------------------------------
Start Time: 2024-05-23 01:13:25
At time step 66 the agent is dead
The agent had 0 food, 18 water, and 20 sleep.
The total tree search depth for this trial was 1166590. 
The agent accessed its memory 18995193 times. 
The agent cleared its short-term memory 53 times. 
     State prediction error memory resets: 3. 
     Hill memory resets: 50. 
TRIAL 29 COMPLETE ?
End Time: 2024-05-23 01:56:32
Total runtime for this trial (minutes/seconds): 43:07
----------------------------------------
Total hill visits: 1375. 
Total prediction errors: 99. 
Total search depth: 24601977. 
Total times memory accessed: 398128921. 
Total times 25 >= t <= 50: 3. 
Total times 50 >= t <= 75: 4. 
Total times 75 >= t <= 100: 3. 
Total times t == 100: 11. 
Total time steps survived: 1952. 
Total runtime so far (hours/minutes/seconds): 15:36:27
----------------------------------------

----------------------------------------
TRIAL 30 STARTED
----------------------------------------
Start Time: 2024-05-23 01:56:31
At time step 99 the agent is dead
The agent had 10 food, 5 water, and 14 sleep.
The total tree search depth for this trial was 1970301. 
The agent accessed its memory 32130438 times. 
The agent cleared its short-term memory 82 times. 
     State prediction error memory resets: 4. 
     Hill memory resets: 78. 
TRIAL 30 COMPLETE ?
End Time: 2024-05-23 03:08:53
Total runtime for this trial (minutes/seconds): 12:22
----------------------------------------
Total hill visits: 1453. 
Total prediction errors: 103. 
Total search depth: 26572278. 
Total times memory accessed: 430259359. 
Total times 25 >= t <= 50: 3. 
Total times 50 >= t <= 75: 4. 
Total times 75 >= t <= 100: 3. 
Total times t == 100: 12. 
Total time steps survived: 2052. 
Total runtime so far (hours/minutes/seconds): 16:48:48
----------------------------------------

----------------------------------------
TRIAL 31 STARTED
----------------------------------------
Start Time: 2024-05-23 03:08:52
At time step 99 the agent is dead
The agent had 8 food, 17 water, and 17 sleep.
The total tree search depth for this trial was 1575940. 
The agent accessed its memory 25785624 times. 
The agent cleared its short-term memory 79 times. 
     State prediction error memory resets: 5. 
     Hill memory resets: 74. 
TRIAL 31 COMPLETE ?
End Time: 2024-05-23 04:05:57
Total runtime for this trial (minutes/seconds): 57:05
----------------------------------------
Total hill visits: 1527. 
Total prediction errors: 108. 
Total search depth: 28148218. 
Total times memory accessed: 456044983. 
Total times 25 >= t <= 50: 3. 
Total times 50 >= t <= 75: 4. 
Total times 75 >= t <= 100: 3. 
Total times t == 100: 13. 
Total time steps survived: 2152. 
Total runtime so far (hours/minutes/seconds): 17:45:52
----------------------------------------

----------------------------------------
TRIAL 32 STARTED
----------------------------------------
Start Time: 2024-05-23 04:05:56
At time step 99 the agent is dead
The agent had 10 food, 18 water, and 18 sleep.
The total tree search depth for this trial was 1822682. 
The agent accessed its memory 29774907 times. 
The agent cleared its short-term memory 79 times. 
     State prediction error memory resets: 3. 
     Hill memory resets: 76. 
TRIAL 32 COMPLETE ?
End Time: 2024-05-23 05:12:24
Total runtime for this trial (minutes/seconds): 06:28
----------------------------------------
Total hill visits: 1603. 
Total prediction errors: 111. 
Total search depth: 29970900. 
Total times memory accessed: 485819890. 
Total times 25 >= t <= 50: 3. 
Total times 50 >= t <= 75: 4. 
Total times 75 >= t <= 100: 3. 
Total times t == 100: 14. 
Total time steps survived: 2252. 
Total runtime so far (hours/minutes/seconds): 18:52:19
----------------------------------------

----------------------------------------
TRIAL 33 STARTED
----------------------------------------
Start Time: 2024-05-23 05:12:23
At time step 68 the agent is dead
The agent had 21 food, 0 water, and 25 sleep.
The total tree search depth for this trial was 947755. 
The agent accessed its memory 15414156 times. 
The agent cleared its short-term memory 50 times. 
     State prediction error memory resets: 3. 
     Hill memory resets: 47. 
TRIAL 33 COMPLETE ?
End Time: 2024-05-23 05:47:34
Total runtime for this trial (minutes/seconds): 35:11
----------------------------------------
Total hill visits: 1650. 
Total prediction errors: 114. 
Total search depth: 30918655. 
Total times memory accessed: 501234046. 
Total times 25 >= t <= 50: 3. 
Total times 50 >= t <= 75: 5. 
Total times 75 >= t <= 100: 3. 
Total times t == 100: 14. 
Total time steps survived: 2321. 
Total runtime so far (hours/minutes/seconds): 19:27:29
----------------------------------------

----------------------------------------
TRIAL 34 STARTED
----------------------------------------
Start Time: 2024-05-23 05:47:33
At time step 99 the agent is dead
The agent had 8 food, 11 water, and 12 sleep.
The total tree search depth for this trial was 1631052. 
The agent accessed its memory 26644088 times. 
The agent cleared its short-term memory 79 times. 
     State prediction error memory resets: 4. 
     Hill memory resets: 75. 
TRIAL 34 COMPLETE ?
End Time: 2024-05-23 06:46:58
Total runtime for this trial (minutes/seconds): 59:25
----------------------------------------
Total hill visits: 1725. 
Total prediction errors: 118. 
Total search depth: 32549707. 
Total times memory accessed: 527878134. 
Total times 25 >= t <= 50: 3. 
Total times 50 >= t <= 75: 5. 
Total times 75 >= t <= 100: 3. 
Total times t == 100: 15. 
Total time steps survived: 2421. 
Total runtime so far (hours/minutes/seconds): 20:26:53
----------------------------------------

----------------------------------------
TRIAL 35 STARTED
----------------------------------------
Start Time: 2024-05-23 06:46:57
At time step 87 the agent is dead
The agent had 22 food, 0 water, and 23 sleep.
The total tree search depth for this trial was 1735500. 
The agent accessed its memory 28316584 times. 
The agent cleared its short-term memory 69 times. 
     State prediction error memory resets: 1. 
     Hill memory resets: 68. 
TRIAL 35 COMPLETE ?
End Time: 2024-05-23 07:50:34
Total runtime for this trial (minutes/seconds): 03:37
----------------------------------------
Total hill visits: 1793. 
Total prediction errors: 119. 
Total search depth: 34285207. 
Total times memory accessed: 556194718. 
Total times 25 >= t <= 50: 3. 
Total times 50 >= t <= 75: 5. 
Total times 75 >= t <= 100: 4. 
Total times t == 100: 15. 
Total time steps survived: 2509. 
Total runtime so far (hours/minutes/seconds): 21:30:29
----------------------------------------

----------------------------------------
TRIAL 36 STARTED
----------------------------------------
Start Time: 2024-05-23 07:50:33
At time step 89 the agent is dead
The agent had 21 food, 0 water, and 25 sleep.
The total tree search depth for this trial was 1706450. 
The agent accessed its memory 27915674 times. 
The agent cleared its short-term memory 73 times. 
     State prediction error memory resets: 6. 
     Hill memory resets: 67. 
TRIAL 36 COMPLETE ?
End Time: 2024-05-23 08:52:26
Total runtime for this trial (minutes/seconds): 01:53
----------------------------------------
Total hill visits: 1860. 
Total prediction errors: 125. 
Total search depth: 35991657. 
Total times memory accessed: 584110392. 
Total times 25 >= t <= 50: 3. 
Total times 50 >= t <= 75: 5. 
Total times 75 >= t <= 100: 5. 
Total times t == 100: 15. 
Total time steps survived: 2599. 
Total runtime so far (hours/minutes/seconds): 22:32:21
----------------------------------------

----------------------------------------
TRIAL 37 STARTED
----------------------------------------
Start Time: 2024-05-23 08:52:25
At time step 68 the agent is dead
The agent had 22 food, 0 water, and 23 sleep.
The total tree search depth for this trial was 1279232. 
The agent accessed its memory 20924431 times. 
The agent cleared its short-term memory 55 times. 
     State prediction error memory resets: 4. 
     Hill memory resets: 51. 
TRIAL 37 COMPLETE ?
End Time: 2024-05-23 09:38:52
Total runtime for this trial (minutes/seconds): 46:27
----------------------------------------
Total hill visits: 1911. 
Total prediction errors: 129. 
Total search depth: 37270889. 
Total times memory accessed: 605034823. 
Total times 25 >= t <= 50: 3. 
Total times 50 >= t <= 75: 6. 
Total times 75 >= t <= 100: 5. 
Total times t == 100: 15. 
Total time steps survived: 2668. 
Total runtime so far (hours/minutes/seconds): 23:18:47
----------------------------------------

----------------------------------------
TRIAL 38 STARTED
----------------------------------------
Start Time: 2024-05-23 09:38:51
At time step 66 the agent is dead
The agent had 22 food, 0 water, and 23 sleep.
The total tree search depth for this trial was 1297369. 
The agent accessed its memory 21259278 times. 
The agent cleared its short-term memory 54 times. 
     State prediction error memory resets: 4. 
     Hill memory resets: 50. 
TRIAL 38 COMPLETE ?
End Time: 2024-05-23 10:25:32
Total runtime for this trial (minutes/seconds): 46:41
----------------------------------------
Total hill visits: 1961. 
Total prediction errors: 133. 
Total search depth: 38568258. 
Total times memory accessed: 626294101. 
Total times 25 >= t <= 50: 3. 
Total times 50 >= t <= 75: 7. 
Total times 75 >= t <= 100: 5. 
Total times t == 100: 15. 
Total time steps survived: 2735. 
Total runtime so far (hours/minutes/seconds): 24:05:27
----------------------------------------

----------------------------------------
TRIAL 39 STARTED
----------------------------------------
Start Time: 2024-05-23 10:25:31
At time step 45 the agent is dead
The agent had 21 food, 0 water, and 25 sleep.
The total tree search depth for this trial was 912095. 
The agent accessed its memory 14950123 times. 
The agent cleared its short-term memory 35 times. 
     State prediction error memory resets: 1. 
     Hill memory resets: 34. 
TRIAL 39 COMPLETE ?
End Time: 2024-05-23 10:57:13
Total runtime for this trial (minutes/seconds): 31:42
----------------------------------------
Total hill visits: 1995. 
Total prediction errors: 134. 
Total search depth: 39480353. 
Total times memory accessed: 641244224. 
Total times 25 >= t <= 50: 4. 
Total times 50 >= t <= 75: 7. 
Total times 75 >= t <= 100: 5. 
Total times t == 100: 15. 
Total time steps survived: 2781. 
Total runtime so far (hours/minutes/seconds): 24:37:08
----------------------------------------

----------------------------------------
TRIAL 40 STARTED
----------------------------------------
Start Time: 2024-05-23 10:57:12
At time step 46 the agent is dead
The agent had 22 food, 0 water, and 23 sleep.
The total tree search depth for this trial was 853625. 
The agent accessed its memory 14071785 times. 
The agent cleared its short-term memory 36 times. 
     State prediction error memory resets: 2. 
     Hill memory resets: 34. 
TRIAL 40 COMPLETE ?
End Time: 2024-05-23 11:26:06
Total runtime for this trial (minutes/seconds): 28:54
----------------------------------------
Total hill visits: 2029. 
Total prediction errors: 136. 
Total search depth: 40333978. 
Total times memory accessed: 655316009. 
Total times 25 >= t <= 50: 5. 
Total times 50 >= t <= 75: 7. 
Total times 75 >= t <= 100: 5. 
Total times t == 100: 15. 
Total time steps survived: 2828. 
Total runtime so far (hours/minutes/seconds): 25:06:01
----------------------------------------

----------------------------------------
TRIAL 41 STARTED
----------------------------------------
Start Time: 2024-05-23 11:26:05
At time step 99 the agent is dead
The agent had 8 food, 9 water, and 12 sleep.
The total tree search depth for this trial was 1913158. 
The agent accessed its memory 31483704 times. 
The agent cleared its short-term memory 82 times. 
     State prediction error memory resets: 4. 
     Hill memory resets: 78. 
TRIAL 41 COMPLETE ?
End Time: 2024-05-23 12:31:20
Total runtime for this trial (minutes/seconds): 05:15
----------------------------------------
Total hill visits: 2107. 
Total prediction errors: 140. 
Total search depth: 42247136. 
Total times memory accessed: 686799713. 
Total times 25 >= t <= 50: 5. 
Total times 50 >= t <= 75: 7. 
Total times 75 >= t <= 100: 5. 
Total times t == 100: 16. 
Total time steps survived: 2928. 
Total runtime so far (hours/minutes/seconds): 26:11:15
----------------------------------------

----------------------------------------
TRIAL 42 STARTED
----------------------------------------
Start Time: 2024-05-23 12:31:19
At time step 87 the agent is dead
The agent had 22 food, 0 water, and 23 sleep.
The total tree search depth for this trial was 1718994. 
The agent accessed its memory 28312569 times. 
The agent cleared its short-term memory 71 times. 
     State prediction error memory resets: 4. 
     Hill memory resets: 67. 
TRIAL 42 COMPLETE ?
End Time: 2024-05-23 13:29:43
Total runtime for this trial (minutes/seconds): 58:24
----------------------------------------
Total hill visits: 2174. 
Total prediction errors: 144. 
Total search depth: 43966130. 
Total times memory accessed: 715112282. 
Total times 25 >= t <= 50: 5. 
Total times 50 >= t <= 75: 7. 
Total times 75 >= t <= 100: 6. 
Total times t == 100: 16. 
Total time steps survived: 3016. 
Total runtime so far (hours/minutes/seconds): 27:09:38
----------------------------------------

----------------------------------------
TRIAL 43 STARTED
----------------------------------------
Start Time: 2024-05-23 13:29:42
At time step 89 the agent is dead
The agent had 22 food, 0 water, and 23 sleep.
The total tree search depth for this trial was 1636687. 
The agent accessed its memory 26886526 times. 
The agent cleared its short-term memory 73 times. 
     State prediction error memory resets: 4. 
     Hill memory resets: 69. 
TRIAL 43 COMPLETE ?
End Time: 2024-05-23 14:27:20
Total runtime for this trial (minutes/seconds): 57:38
----------------------------------------
Total hill visits: 2243. 
Total prediction errors: 148. 
Total search depth: 45602817. 
Total times memory accessed: 741998808. 
Total times 25 >= t <= 50: 5. 
Total times 50 >= t <= 75: 7. 
Total times 75 >= t <= 100: 7. 
Total times t == 100: 16. 
Total time steps survived: 3106. 
Total runtime so far (hours/minutes/seconds): 28:07:15
----------------------------------------

----------------------------------------
TRIAL 44 STARTED
----------------------------------------
Start Time: 2024-05-23 14:27:19
At time step 45 the agent is dead
The agent had 22 food, 0 water, and 23 sleep.
The total tree search depth for this trial was 848819. 
The agent accessed its memory 13995102 times. 
The agent cleared its short-term memory 36 times. 
     State prediction error memory resets: 3. 
     Hill memory resets: 33. 
TRIAL 44 COMPLETE ?
End Time: 2024-05-23 14:57:06
Total runtime for this trial (minutes/seconds): 29:47
----------------------------------------
Total hill visits: 2276. 
Total prediction errors: 151. 
Total search depth: 46451636. 
Total times memory accessed: 755993910. 
Total times 25 >= t <= 50: 6. 
Total times 50 >= t <= 75: 7. 
Total times 75 >= t <= 100: 7. 
Total times t == 100: 16. 
Total time steps survived: 3152. 
Total runtime so far (hours/minutes/seconds): 28:37:01
----------------------------------------

----------------------------------------
TRIAL 45 STARTED
----------------------------------------
Start Time: 2024-05-23 14:57:05
At time step 99 the agent is dead
The agent had 9 food, 14 water, and 13 sleep.
The total tree search depth for this trial was 1912451. 
The agent accessed its memory 31541924 times. 
The agent cleared its short-term memory 83 times. 
     State prediction error memory resets: 7. 
     Hill memory resets: 76. 
TRIAL 45 COMPLETE ?
End Time: 2024-05-23 16:04:06
Total runtime for this trial (minutes/seconds): 07:01
----------------------------------------
Total hill visits: 2352. 
Total prediction errors: 158. 
Total search depth: 48364087. 
Total times memory accessed: 787535834. 
Total times 25 >= t <= 50: 6. 
Total times 50 >= t <= 75: 7. 
Total times 75 >= t <= 100: 7. 
Total times t == 100: 17. 
Total time steps survived: 3252. 
Total runtime so far (hours/minutes/seconds): 29:44:01
----------------------------------------

----------------------------------------
TRIAL 46 STARTED
----------------------------------------
Start Time: 2024-05-23 16:04:05
At time step 46 the agent is dead
The agent had 21 food, 0 water, and 22 sleep.
The total tree search depth for this trial was 932849. 
The agent accessed its memory 15373336 times. 
The agent cleared its short-term memory 36 times. 
     State prediction error memory resets: 1. 
     Hill memory resets: 35. 
TRIAL 46 COMPLETE ?
End Time: 2024-05-23 16:36:55
Total runtime for this trial (minutes/seconds): 32:50
----------------------------------------
Total hill visits: 2387. 
Total prediction errors: 159. 
Total search depth: 49296936. 
Total times memory accessed: 802909170. 
Total times 25 >= t <= 50: 7. 
Total times 50 >= t <= 75: 7. 
Total times 75 >= t <= 100: 7. 
Total times t == 100: 17. 
Total time steps survived: 3299. 
Total runtime so far (hours/minutes/seconds): 30:16:50
----------------------------------------

----------------------------------------
TRIAL 47 STARTED
----------------------------------------
Start Time: 2024-05-23 16:36:54
At time step 99 the agent is dead
The agent had 9 food, 13 water, and 13 sleep.
The total tree search depth for this trial was 1881054. 
The agent accessed its memory 31176598 times. 
The agent cleared its short-term memory 80 times. 
     State prediction error memory resets: 4. 
     Hill memory resets: 76. 
TRIAL 47 COMPLETE ?
End Time: 2024-05-23 17:41:22
Total runtime for this trial (minutes/seconds): 04:28
----------------------------------------
Total hill visits: 2463. 
Total prediction errors: 163. 
Total search depth: 51177990. 
Total times memory accessed: 834085768. 
Total times 25 >= t <= 50: 7. 
Total times 50 >= t <= 75: 7. 
Total times 75 >= t <= 100: 7. 
Total times t == 100: 18. 
Total time steps survived: 3399. 
Total runtime so far (hours/minutes/seconds): 31:21:17
----------------------------------------

----------------------------------------
TRIAL 48 STARTED
----------------------------------------
Start Time: 2024-05-23 17:41:21
At time step 99 the agent is dead
The agent had 10 food, 16 water, and 14 sleep.
The total tree search depth for this trial was 1846875. 
The agent accessed its memory 30686670 times. 
The agent cleared its short-term memory 80 times. 
     State prediction error memory resets: 5. 
     Hill memory resets: 75. 
TRIAL 48 COMPLETE ?
End Time: 2024-05-23 18:43:58
Total runtime for this trial (minutes/seconds): 02:37
----------------------------------------
Total hill visits: 2538. 
Total prediction errors: 168. 
Total search depth: 53024865. 
Total times memory accessed: 864772438. 
Total times 25 >= t <= 50: 7. 
Total times 50 >= t <= 75: 7. 
Total times 75 >= t <= 100: 7. 
Total times t == 100: 19. 
Total time steps survived: 3499. 
Total runtime so far (hours/minutes/seconds): 32:23:53
----------------------------------------

----------------------------------------
TRIAL 49 STARTED
----------------------------------------
Start Time: 2024-05-23 18:43:57
At time step 99 the agent is dead
The agent had 12 food, 17 water, and 16 sleep.
The total tree search depth for this trial was 1653596. 
The agent accessed its memory 27334145 times. 
The agent cleared its short-term memory 79 times. 
     State prediction error memory resets: 3. 
     Hill memory resets: 76. 
TRIAL 49 COMPLETE ?
End Time: 2024-05-23 19:41:16
Total runtime for this trial (minutes/seconds): 57:19
----------------------------------------
Total hill visits: 2614. 
Total prediction errors: 171. 
Total search depth: 54678461. 
Total times memory accessed: 892106583. 
Total times 25 >= t <= 50: 7. 
Total times 50 >= t <= 75: 7. 
Total times 75 >= t <= 100: 7. 
Total times t == 100: 20. 
Total time steps survived: 3599. 
Total runtime so far (hours/minutes/seconds): 33:21:11
----------------------------------------

----------------------------------------
TRIAL 50 STARTED
----------------------------------------
Start Time: 2024-05-23 19:41:15
At time step 65 the agent is dead
The agent had 0 food, 20 water, and 23 sleep.
The total tree search depth for this trial was 1402844. 
The agent accessed its memory 23127912 times. 
The agent cleared its short-term memory 52 times. 
     State prediction error memory resets: 2. 
     Hill memory resets: 50. 
TRIAL 50 COMPLETE ?
End Time: 2024-05-23 20:30:34
Total runtime for this trial (minutes/seconds): 49:19
----------------------------------------
Total hill visits: 2664. 
Total prediction errors: 173. 
Total search depth: 56081305. 
Total times memory accessed: 915234495. 
Total times 25 >= t <= 50: 7. 
Total times 50 >= t <= 75: 8. 
Total times 75 >= t <= 100: 7. 
Total times t == 100: 20. 
Total time steps survived: 3665. 
Total runtime so far (hours/minutes/seconds): 34:10:29
----------------------------------------

----------------------------------------
TRIAL 51 STARTED
----------------------------------------
Start Time: 2024-05-23 20:30:33
At time step 99 the agent is dead
The agent had 20 food, 20 water, and 24 sleep.
The total tree search depth for this trial was 1052139. 
The agent accessed its memory 17550783 times. 
The agent cleared its short-term memory 39 times. 
     State prediction error memory resets: 5. 
     Hill memory resets: 34. 
TRIAL 51 COMPLETE ?
End Time: 2024-05-23 21:05:36
Total runtime for this trial (minutes/seconds): 35:03
----------------------------------------
Total hill visits: 2698. 
Total prediction errors: 178. 
Total search depth: 57133444. 
Total times memory accessed: 932785278. 
Total times 25 >= t <= 50: 7. 
Total times 50 >= t <= 75: 8. 
Total times 75 >= t <= 100: 7. 
Total times t == 100: 21. 
Total time steps survived: 3765. 
Total runtime so far (hours/minutes/seconds): 34:45:31
----------------------------------------

----------------------------------------
TRIAL 52 STARTED
----------------------------------------
Start Time: 2024-05-23 21:05:35
At time step 99 the agent is dead
The agent had 12 food, 17 water, and 16 sleep.
The total tree search depth for this trial was 2020304. 
The agent accessed its memory 33817353 times. 
The agent cleared its short-term memory 81 times. 
     State prediction error memory resets: 4. 
     Hill memory resets: 77. 
TRIAL 52 COMPLETE ?
End Time: 2024-05-23 22:11:43
Total runtime for this trial (minutes/seconds): 06:08
----------------------------------------
Total hill visits: 2775. 
Total prediction errors: 182. 
Total search depth: 59153748. 
Total times memory accessed: 966602631. 
Total times 25 >= t <= 50: 7. 
Total times 50 >= t <= 75: 8. 
Total times 75 >= t <= 100: 7. 
Total times t == 100: 22. 
Total time steps survived: 3865. 
Total runtime so far (hours/minutes/seconds): 35:51:38
----------------------------------------

----------------------------------------
TRIAL 53 STARTED
----------------------------------------
Start Time: 2024-05-23 22:11:42
At time step 99 the agent is dead
The agent had 9 food, 10 water, and 11 sleep.
The total tree search depth for this trial was 2456447. 
The agent accessed its memory 41023791 times. 
The agent cleared its short-term memory 81 times. 
     State prediction error memory resets: 4. 
     Hill memory resets: 77. 
TRIAL 53 COMPLETE ?
End Time: 2024-05-23 23:32:57
Total runtime for this trial (minutes/seconds): 21:15
----------------------------------------
Total hill visits: 2852. 
Total prediction errors: 186. 
Total search depth: 61610195. 
Total times memory accessed: 1007626422. 
Total times 25 >= t <= 50: 7. 
Total times 50 >= t <= 75: 8. 
Total times 75 >= t <= 100: 7. 
Total times t == 100: 23. 
Total time steps survived: 3965. 
Total runtime so far (hours/minutes/seconds): 37:12:52
----------------------------------------

----------------------------------------
TRIAL 54 STARTED
----------------------------------------
Start Time: 2024-05-23 23:32:56
At time step 99 the agent is dead
The agent had 7 food, 10 water, and 11 sleep.
The total tree search depth for this trial was 2262215. 
The agent accessed its memory 37580375 times. 
The agent cleared its short-term memory 83 times. 
     State prediction error memory resets: 5. 
     Hill memory resets: 78. 
TRIAL 54 COMPLETE ?
End Time: 2024-05-24 00:49:35
Total runtime for this trial (minutes/seconds): 16:39
----------------------------------------
Total hill visits: 2930. 
Total prediction errors: 191. 
Total search depth: 63872410. 
Total times memory accessed: 1045206797. 
Total times 25 >= t <= 50: 7. 
Total times 50 >= t <= 75: 8. 
Total times 75 >= t <= 100: 7. 
Total times t == 100: 24. 
Total time steps survived: 4065. 
Total runtime so far (hours/minutes/seconds): 38:29:30
----------------------------------------

----------------------------------------
TRIAL 55 STARTED
----------------------------------------
Start Time: 2024-05-24 00:49:34
At time step 99 the agent is dead
The agent had 10 food, 13 water, and 14 sleep.
The total tree search depth for this trial was 2173869. 
The agent accessed its memory 36277554 times. 
The agent cleared its short-term memory 79 times. 
     State prediction error memory resets: 3. 
     Hill memory resets: 76. 
TRIAL 55 COMPLETE ?
End Time: 2024-05-24 02:01:41
Total runtime for this trial (minutes/seconds): 12:07
----------------------------------------
Total hill visits: 3006. 
Total prediction errors: 194. 
Total search depth: 66046279. 
Total times memory accessed: 1081484351. 
Total times 25 >= t <= 50: 7. 
Total times 50 >= t <= 75: 8. 
Total times 75 >= t <= 100: 7. 
Total times t == 100: 25. 
Total time steps survived: 4165. 
Total runtime so far (hours/minutes/seconds): 39:41:36
----------------------------------------

----------------------------------------
TRIAL 56 STARTED
----------------------------------------
Start Time: 2024-05-24 02:01:40
At time step 44 the agent is dead
The agent had 0 food, 18 water, and 25 sleep.
The total tree search depth for this trial was 1035303. 
The agent accessed its memory 17150920 times. 
The agent cleared its short-term memory 37 times. 
     State prediction error memory resets: 3. 
     Hill memory resets: 34. 
TRIAL 56 COMPLETE ?
End Time: 2024-05-24 02:37:16
Total runtime for this trial (minutes/seconds): 35:36
----------------------------------------
Total hill visits: 3040. 
Total prediction errors: 197. 
Total search depth: 67081582. 
Total times memory accessed: 1098635271. 
Total times 25 >= t <= 50: 8. 
Total times 50 >= t <= 75: 8. 
Total times 75 >= t <= 100: 7. 
Total times t == 100: 25. 
Total time steps survived: 4210. 
Total runtime so far (hours/minutes/seconds): 40:17:11
----------------------------------------

----------------------------------------
TRIAL 57 STARTED
----------------------------------------
Start Time: 2024-05-24 02:37:15
At time step 46 the agent is dead
The agent had 22 food, 0 water, and 22 sleep.
The total tree search depth for this trial was 1107681. 
The agent accessed its memory 18505515 times. 
The agent cleared its short-term memory 37 times. 
     State prediction error memory resets: 2. 
     Hill memory resets: 35. 
TRIAL 57 COMPLETE ?
End Time: 2024-05-24 03:13:52
Total runtime for this trial (minutes/seconds): 36:37
----------------------------------------
Total hill visits: 3075. 
Total prediction errors: 199. 
Total search depth: 68189263. 
Total times memory accessed: 1117140786. 
Total times 25 >= t <= 50: 9. 
Total times 50 >= t <= 75: 8. 
Total times 75 >= t <= 100: 7. 
Total times t == 100: 25. 
Total time steps survived: 4257. 
Total runtime so far (hours/minutes/seconds): 40:53:47
----------------------------------------

----------------------------------------
TRIAL 58 STARTED
----------------------------------------
Start Time: 2024-05-24 03:13:51
At time step 67 the agent is dead
The agent had 22 food, 0 water, and 23 sleep.
The total tree search depth for this trial was 1579951. 
The agent accessed its memory 26334163 times. 
The agent cleared its short-term memory 57 times. 
     State prediction error memory resets: 6. 
     Hill memory resets: 51. 
TRIAL 58 COMPLETE ?
End Time: 2024-05-24 04:06:40
Total runtime for this trial (minutes/seconds): 52:49
----------------------------------------
Total hill visits: 3126. 
Total prediction errors: 205. 
Total search depth: 69769214. 
Total times memory accessed: 1143474949. 
Total times 25 >= t <= 50: 9. 
Total times 50 >= t <= 75: 9. 
Total times 75 >= t <= 100: 7. 
Total times t == 100: 25. 
Total time steps survived: 4325. 
Total runtime so far (hours/minutes/seconds): 41:46:35
----------------------------------------

----------------------------------------
TRIAL 59 STARTED
----------------------------------------
Start Time: 2024-05-24 04:06:39
At time step 45 the agent is dead
The agent had 22 food, 0 water, and 23 sleep.
The total tree search depth for this trial was 1041023. 
The agent accessed its memory 17273447 times. 
The agent cleared its short-term memory 36 times. 
     State prediction error memory resets: 1. 
     Hill memory resets: 35. 
TRIAL 59 COMPLETE ?
End Time: 2024-05-24 04:42:11
Total runtime for this trial (minutes/seconds): 35:32
----------------------------------------
Total hill visits: 3161. 
Total prediction errors: 206. 
Total search depth: 70810237. 
Total times memory accessed: 1160748396. 
Total times 25 >= t <= 50: 10. 
Total times 50 >= t <= 75: 9. 
Total times 75 >= t <= 100: 7. 
Total times t == 100: 25. 
Total time steps survived: 4371. 
Total runtime so far (hours/minutes/seconds): 42:22:06
----------------------------------------

----------------------------------------
TRIAL 60 STARTED
----------------------------------------
Start Time: 2024-05-24 04:42:10
At time step 99 the agent is dead
The agent had 11 food, 12 water, and 13 sleep.
The total tree search depth for this trial was 2155550. 
The agent accessed its memory 36106855 times. 
The agent cleared its short-term memory 77 times. 
     State prediction error memory resets: 2. 
     Hill memory resets: 75. 
TRIAL 60 COMPLETE ?
End Time: 2024-05-24 05:52:30
Total runtime for this trial (minutes/seconds): 10:20
----------------------------------------
Total hill visits: 3236. 
Total prediction errors: 208. 
Total search depth: 72965787. 
Total times memory accessed: 1196855251. 
Total times 25 >= t <= 50: 10. 
Total times 50 >= t <= 75: 9. 
Total times 75 >= t <= 100: 7. 
Total times t == 100: 26. 
Total time steps survived: 4471. 
Total runtime so far (hours/minutes/seconds): 43:32:25
----------------------------------------

----------------------------------------
TRIAL 61 STARTED
----------------------------------------
Start Time: 2024-05-24 05:52:29
At time step 47 the agent is dead
The agent had 22 food, 0 water, and 22 sleep.
The total tree search depth for this trial was 1026715. 
The agent accessed its memory 17102385 times. 
The agent cleared its short-term memory 38 times. 
     State prediction error memory resets: 2. 
     Hill memory resets: 36. 
TRIAL 61 COMPLETE ?
End Time: 2024-05-24 06:26:53
Total runtime for this trial (minutes/seconds): 34:24
----------------------------------------
Total hill visits: 3272. 
Total prediction errors: 210. 
Total search depth: 73992502. 
Total times memory accessed: 1213957636. 
Total times 25 >= t <= 50: 11. 
Total times 50 >= t <= 75: 9. 
Total times 75 >= t <= 100: 7. 
Total times t == 100: 26. 
Total time steps survived: 4519. 
Total runtime so far (hours/minutes/seconds): 44:06:48
----------------------------------------

----------------------------------------
TRIAL 62 STARTED
----------------------------------------
Start Time: 2024-05-24 06:26:52
At time step 66 the agent is dead
The agent had 0 food, 18 water, and 4 sleep.
The total tree search depth for this trial was 1491506. 
The agent accessed its memory 24843814 times. 
The agent cleared its short-term memory 53 times. 
     State prediction error memory resets: 3. 
     Hill memory resets: 50. 
TRIAL 62 COMPLETE ?
End Time: 2024-05-24 07:16:50
Total runtime for this trial (minutes/seconds): 49:58
----------------------------------------
Total hill visits: 3322. 
Total prediction errors: 213. 
Total search depth: 75484008. 
Total times memory accessed: 1238801450. 
Total times 25 >= t <= 50: 11. 
Total times 50 >= t <= 75: 10. 
Total times 75 >= t <= 100: 7. 
Total times t == 100: 26. 
Total time steps survived: 4586. 
Total runtime so far (hours/minutes/seconds): 44:56:45
----------------------------------------

----------------------------------------
TRIAL 63 STARTED
----------------------------------------
Start Time: 2024-05-24 07:16:49
At time step 99 the agent is dead
The agent had 11 food, 16 water, and 13 sleep.
The total tree search depth for this trial was 2093118. 
The agent accessed its memory 35106299 times. 
The agent cleared its short-term memory 81 times. 
     State prediction error memory resets: 5. 
     Hill memory resets: 76. 
TRIAL 63 COMPLETE ?
End Time: 2024-05-24 08:24:34
Total runtime for this trial (minutes/seconds): 07:45
----------------------------------------
Total hill visits: 3398. 
Total prediction errors: 218. 
Total search depth: 77577126. 
Total times memory accessed: 1273907749. 
Total times 25 >= t <= 50: 11. 
Total times 50 >= t <= 75: 10. 
Total times 75 >= t <= 100: 7. 
Total times t == 100: 27. 
Total time steps survived: 4686. 
Total runtime so far (hours/minutes/seconds): 46:04:29
----------------------------------------

----------------------------------------
TRIAL 64 STARTED
----------------------------------------
Start Time: 2024-05-24 08:24:33
At time step 99 the agent is dead
The agent had 9 food, 14 water, and 13 sleep.
The total tree search depth for this trial was 2273957. 
The agent accessed its memory 38212648 times. 
The agent cleared its short-term memory 79 times. 
     State prediction error memory resets: 5. 
     Hill memory resets: 74. 
TRIAL 64 COMPLETE ?
End Time: 2024-05-24 09:36:56
Total runtime for this trial (minutes/seconds): 12:23
----------------------------------------
Total hill visits: 3472. 
Total prediction errors: 223. 
Total search depth: 79851083. 
Total times memory accessed: 1312120397. 
Total times 25 >= t <= 50: 11. 
Total times 50 >= t <= 75: 10. 
Total times 75 >= t <= 100: 7. 
Total times t == 100: 28. 
Total time steps survived: 4786. 
Total runtime so far (hours/minutes/seconds): 47:16:51
----------------------------------------

----------------------------------------
TRIAL 65 STARTED
----------------------------------------
Start Time: 2024-05-24 09:36:55
At time step 99 the agent is dead
The agent had 8 food, 13 water, and 12 sleep.
The total tree search depth for this trial was 2318162. 
The agent accessed its memory 38921710 times. 
The agent cleared its short-term memory 78 times. 
     State prediction error memory resets: 5. 
     Hill memory resets: 73. 
TRIAL 65 COMPLETE ?
End Time: 2024-05-24 10:49:35
Total runtime for this trial (minutes/seconds): 12:40
----------------------------------------
Total hill visits: 3545. 
Total prediction errors: 228. 
Total search depth: 82169245. 
Total times memory accessed: 1351042107. 
Total times 25 >= t <= 50: 11. 
Total times 50 >= t <= 75: 10. 
Total times 75 >= t <= 100: 7. 
Total times t == 100: 29. 
Total time steps survived: 4886. 
Total runtime so far (hours/minutes/seconds): 48:29:30
----------------------------------------

----------------------------------------
TRIAL 66 STARTED
----------------------------------------
Start Time: 2024-05-24 10:49:34
At time step 25 the agent is dead
The agent had 22 food, 0 water, and 22 sleep.
The total tree search depth for this trial was 616145. 
The agent accessed its memory 10278180 times. 
The agent cleared its short-term memory 21 times. 
     State prediction error memory resets: 3. 
     Hill memory resets: 18. 
TRIAL 66 COMPLETE ?
End Time: 2024-05-24 11:10:05
Total runtime for this trial (minutes/seconds): 20:31
----------------------------------------
Total hill visits: 3563. 
Total prediction errors: 231. 
Total search depth: 82785390. 
Total times memory accessed: 1361320287. 
Total times 25 >= t <= 50: 12. 
Total times 50 >= t <= 75: 10. 
Total times 75 >= t <= 100: 7. 
Total times t == 100: 29. 
Total time steps survived: 4912. 
Total runtime so far (hours/minutes/seconds): 48:50:00
----------------------------------------

----------------------------------------
TRIAL 67 STARTED
----------------------------------------
Start Time: 2024-05-24 11:10:04
At time step 46 the agent is dead
The agent had 22 food, 0 water, and 23 sleep.
The total tree search depth for this trial was 1168744. 
The agent accessed its memory 19464480 times. 
The agent cleared its short-term memory 38 times. 
     State prediction error memory resets: 2. 
     Hill memory resets: 36. 
TRIAL 67 COMPLETE ?
End Time: 2024-05-24 11:49:16
Total runtime for this trial (minutes/seconds): 39:12
----------------------------------------
Total hill visits: 3599. 
Total prediction errors: 233. 
Total search depth: 83954134. 
Total times memory accessed: 1380784767. 
Total times 25 >= t <= 50: 13. 
Total times 50 >= t <= 75: 10. 
Total times 75 >= t <= 100: 7. 
Total times t == 100: 29. 
Total time steps survived: 4959. 
Total runtime so far (hours/minutes/seconds): 49:29:11
----------------------------------------

----------------------------------------
TRIAL 68 STARTED
----------------------------------------
Start Time: 2024-05-24 11:49:15
At time step 67 the agent is dead
The agent had 21 food, 0 water, and 25 sleep.
The total tree search depth for this trial was 1677108. 
The agent accessed its memory 27923834 times. 
The agent cleared its short-term memory 52 times. 
     State prediction error memory resets: 3. 
     Hill memory resets: 49. 
TRIAL 68 COMPLETE ?
End Time: 2024-05-24 12:45:37
Total runtime for this trial (minutes/seconds): 56:22
----------------------------------------
Total hill visits: 3648. 
Total prediction errors: 236. 
Total search depth: 85631242. 
Total times memory accessed: 1408708601. 
Total times 25 >= t <= 50: 13. 
Total times 50 >= t <= 75: 11. 
Total times 75 >= t <= 100: 7. 
Total times t == 100: 29. 
Total time steps survived: 5027. 
Total runtime so far (hours/minutes/seconds): 50:25:32
----------------------------------------

----------------------------------------
TRIAL 69 STARTED
----------------------------------------
Start Time: 2024-05-24 12:45:36
At time step 99 the agent is dead
The agent had 9 food, 15 water, and 13 sleep.
The total tree search depth for this trial was 2054497. 
The agent accessed its memory 34346672 times. 
The agent cleared its short-term memory 76 times. 
     State prediction error memory resets: 2. 
     Hill memory resets: 74. 
TRIAL 69 COMPLETE ?
End Time: 2024-05-24 13:53:10
Total runtime for this trial (minutes/seconds): 07:34
----------------------------------------
Total hill visits: 3722. 
Total prediction errors: 238. 
Total search depth: 87685739. 
Total times memory accessed: 1443055273. 
Total times 25 >= t <= 50: 13. 
Total times 50 >= t <= 75: 11. 
Total times 75 >= t <= 100: 7. 
Total times t == 100: 30. 
Total time steps survived: 5127. 
Total runtime so far (hours/minutes/seconds): 51:33:05
----------------------------------------

----------------------------------------
TRIAL 70 STARTED
----------------------------------------
Start Time: 2024-05-24 13:53:09
At time step 99 the agent is dead
The agent had 9 food, 20 water, and 13 sleep.
The total tree search depth for this trial was 2198684. 
The agent accessed its memory 36753942 times. 
The agent cleared its short-term memory 79 times. 
     State prediction error memory resets: 5. 
     Hill memory resets: 74. 
TRIAL 70 COMPLETE ?
End Time: 2024-05-24 15:05:26
Total runtime for this trial (minutes/seconds): 12:17
----------------------------------------
Total hill visits: 3796. 
Total prediction errors: 243. 
Total search depth: 89884423. 
Total times memory accessed: 1479809215. 
Total times 25 >= t <= 50: 13. 
Total times 50 >= t <= 75: 11. 
Total times 75 >= t <= 100: 7. 
Total times t == 100: 31. 
Total time steps survived: 5227. 
Total runtime so far (hours/minutes/seconds): 52:45:21
----------------------------------------

----------------------------------------
TRIAL 71 STARTED
----------------------------------------
Start Time: 2024-05-24 15:05:25
At time step 45 the agent is dead
The agent had 21 food, 0 water, and 25 sleep.
The total tree search depth for this trial was 1089777. 
The agent accessed its memory 18081916 times. 
The agent cleared its short-term memory 35 times. 
     State prediction error memory resets: 2. 
     Hill memory resets: 33. 
TRIAL 71 COMPLETE ?
End Time: 2024-05-24 15:42:35
Total runtime for this trial (minutes/seconds): 37:10
----------------------------------------
Total hill visits: 3829. 
Total prediction errors: 245. 
Total search depth: 90974200. 
Total times memory accessed: 1497891131. 
Total times 25 >= t <= 50: 14. 
Total times 50 >= t <= 75: 11. 
Total times 75 >= t <= 100: 7. 
Total times t == 100: 31. 
Total time steps survived: 5273. 
Total runtime so far (hours/minutes/seconds): 53:22:30
----------------------------------------

----------------------------------------
TRIAL 72 STARTED
----------------------------------------
Start Time: 2024-05-24 15:42:34
At time step 23 the agent is dead
The agent had 0 food, 17 water, and 4 sleep.
The total tree search depth for this trial was 505127. 
The agent accessed its memory 8347242 times. 
The agent cleared its short-term memory 18 times. 
     State prediction error memory resets: 1. 
     Hill memory resets: 17. 
TRIAL 72 COMPLETE ?
End Time: 2024-05-24 16:00:08
Total runtime for this trial (minutes/seconds): 17:34
----------------------------------------
Total hill visits: 3846. 
Total prediction errors: 246. 
Total search depth: 91479327. 
Total times memory accessed: 1506238373. 
Total times 25 >= t <= 50: 14. 
Total times 50 >= t <= 75: 11. 
Total times 75 >= t <= 100: 7. 
Total times t == 100: 31. 
Total time steps survived: 5297. 
Total runtime so far (hours/minutes/seconds): 53:40:03
----------------------------------------

----------------------------------------
TRIAL 73 STARTED
----------------------------------------
Start Time: 2024-05-24 16:00:07
At time step 99 the agent is dead
The agent had 9 food, 14 water, and 13 sleep.
The total tree search depth for this trial was 2117761. 
The agent accessed its memory 35317051 times. 
The agent cleared its short-term memory 80 times. 
     State prediction error memory resets: 4. 
     Hill memory resets: 76. 
TRIAL 73 COMPLETE ?
End Time: 2024-05-24 17:10:33
Total runtime for this trial (minutes/seconds): 10:26
----------------------------------------
Total hill visits: 3922. 
Total prediction errors: 250. 
Total search depth: 93597088. 
Total times memory accessed: 1541555424. 
Total times 25 >= t <= 50: 14. 
Total times 50 >= t <= 75: 11. 
Total times 75 >= t <= 100: 7. 
Total times t == 100: 32. 
Total time steps survived: 5397. 
Total runtime so far (hours/minutes/seconds): 54:50:28
----------------------------------------

----------------------------------------
TRIAL 74 STARTED
----------------------------------------
Start Time: 2024-05-24 17:10:32
At time step 90 the agent is dead
The agent had 21 food, 0 water, and 25 sleep.
The total tree search depth for this trial was 2105235. 
The agent accessed its memory 35191035 times. 
The agent cleared its short-term memory 70 times. 
     State prediction error memory resets: 1. 
     Hill memory resets: 69. 
TRIAL 74 COMPLETE ?
End Time: 2024-05-24 18:19:46
Total runtime for this trial (minutes/seconds): 09:14
----------------------------------------
Total hill visits: 3991. 
Total prediction errors: 251. 
Total search depth: 95702323. 
Total times memory accessed: 1576746459. 
Total times 25 >= t <= 50: 14. 
Total times 50 >= t <= 75: 11. 
Total times 75 >= t <= 100: 8. 
Total times t == 100: 32. 
Total time steps survived: 5488. 
Total runtime so far (hours/minutes/seconds): 55:59:41
----------------------------------------

----------------------------------------
TRIAL 75 STARTED
----------------------------------------
Start Time: 2024-05-24 18:19:45
At time step 99 the agent is dead
The agent had 8 food, 10 water, and 12 sleep.
The total tree search depth for this trial was 2180636. 
The agent accessed its memory 36465391 times. 
The agent cleared its short-term memory 81 times. 
     State prediction error memory resets: 4. 
     Hill memory resets: 77. 
TRIAL 75 COMPLETE ?
End Time: 2024-05-24 19:31:18
Total runtime for this trial (minutes/seconds): 11:33
----------------------------------------
Total hill visits: 4068. 
Total prediction errors: 255. 
Total search depth: 97882959. 
Total times memory accessed: 1613211850. 
Total times 25 >= t <= 50: 14. 
Total times 50 >= t <= 75: 11. 
Total times 75 >= t <= 100: 8. 
Total times t == 100: 33. 
Total time steps survived: 5588. 
Total runtime so far (hours/minutes/seconds): 57:11:13
----------------------------------------

----------------------------------------
TRIAL 76 STARTED
----------------------------------------
Start Time: 2024-05-24 19:31:17
At time step 88 the agent is dead
The agent had 21 food, 0 water, and 25 sleep.
The total tree search depth for this trial was 1903755. 
The agent accessed its memory 31671483 times. 
The agent cleared its short-term memory 72 times. 
     State prediction error memory resets: 5. 
     Hill memory resets: 67. 
TRIAL 76 COMPLETE ?
End Time: 2024-05-24 20:35:22
Total runtime for this trial (minutes/seconds): 04:05
----------------------------------------
Total hill visits: 4135. 
Total prediction errors: 260. 
Total search depth: 99786714. 
Total times memory accessed: 1644883333. 
Total times 25 >= t <= 50: 14. 
Total times 50 >= t <= 75: 11. 
Total times 75 >= t <= 100: 9. 
Total times t == 100: 33. 
Total time steps survived: 5677. 
Total runtime so far (hours/minutes/seconds): 58:15:17
----------------------------------------

----------------------------------------
TRIAL 77 STARTED
----------------------------------------
Start Time: 2024-05-24 20:35:21
At time step 99 the agent is dead
The agent had 8 food, 9 water, and 10 sleep.
The total tree search depth for this trial was 3087585. 
The agent accessed its memory 51549664 times. 
The agent cleared its short-term memory 80 times. 
     State prediction error memory resets: 3. 
     Hill memory resets: 77. 
TRIAL 77 COMPLETE ?
End Time: 2024-05-24 22:17:49
Total runtime for this trial (minutes/seconds): 42:28
----------------------------------------
Total hill visits: 4212. 
Total prediction errors: 263. 
Total search depth: 102874299. 
Total times memory accessed: 1696432997. 
Total times 25 >= t <= 50: 14. 
Total times 50 >= t <= 75: 11. 
Total times 75 >= t <= 100: 9. 
Total times t == 100: 34. 
Total time steps survived: 5777. 
Total runtime so far (hours/minutes/seconds): 59:57:44
----------------------------------------

----------------------------------------
TRIAL 78 STARTED
----------------------------------------
Start Time: 2024-05-24 22:17:48
At time step 99 the agent is dead
The agent had 19 food, 19 water, and 25 sleep.
The total tree search depth for this trial was 1529748. 
The agent accessed its memory 25711262 times. 
The agent cleared its short-term memory 56 times. 
     State prediction error memory resets: 6. 
     Hill memory resets: 50. 
TRIAL 78 COMPLETE ?
End Time: 2024-05-24 23:06:49
Total runtime for this trial (minutes/seconds): 49:01
----------------------------------------
Total hill visits: 4262. 
Total prediction errors: 269. 
Total search depth: 104404047. 
Total times memory accessed: 1722144259. 
Total times 25 >= t <= 50: 14. 
Total times 50 >= t <= 75: 11. 
Total times 75 >= t <= 100: 9. 
Total times t == 100: 35. 
Total time steps survived: 5877. 
Total runtime so far (hours/minutes/seconds): 60:46:44
----------------------------------------

----------------------------------------
TRIAL 79 STARTED
----------------------------------------
Start Time: 2024-05-24 23:06:48
At time step 65 the agent is dead
The agent had 22 food, 0 water, and 23 sleep.
The total tree search depth for this trial was 1651108. 
The agent accessed its memory 27645422 times. 
The agent cleared its short-term memory 50 times. 
     State prediction error memory resets: 1. 
     Hill memory resets: 49. 
TRIAL 79 COMPLETE ?
End Time: 2024-05-25 00:00:45
Total runtime for this trial (minutes/seconds): 53:57
----------------------------------------
Total hill visits: 4311. 
Total prediction errors: 270. 
Total search depth: 106055155. 
Total times memory accessed: 1749789681. 
Total times 25 >= t <= 50: 14. 
Total times 50 >= t <= 75: 12. 
Total times 75 >= t <= 100: 9. 
Total times t == 100: 35. 
Total time steps survived: 5943. 
Total runtime so far (hours/minutes/seconds): 61:40:40
----------------------------------------

----------------------------------------
TRIAL 80 STARTED
----------------------------------------
Start Time: 2024-05-25 00:00:44
At time step 99 the agent is dead
The agent had 11 food, 12 water, and 13 sleep.
The total tree search depth for this trial was 2271379. 
The agent accessed its memory 38345551 times. 
The agent cleared its short-term memory 79 times. 
     State prediction error memory resets: 3. 
     Hill memory resets: 76. 
TRIAL 80 COMPLETE ?
End Time: 2024-05-25 01:11:52
Total runtime for this trial (minutes/seconds): 11:08
----------------------------------------
Total hill visits: 4387. 
Total prediction errors: 273. 
Total search depth: 108326534. 
Total times memory accessed: 1788135232. 
Total times 25 >= t <= 50: 14. 
Total times 50 >= t <= 75: 12. 
Total times 75 >= t <= 100: 9. 
Total times t == 100: 36. 
Total time steps survived: 6043. 
Total runtime so far (hours/minutes/seconds): 62:51:47
----------------------------------------

----------------------------------------
TRIAL 81 STARTED
----------------------------------------
Start Time: 2024-05-25 01:11:51
At time step 99 the agent is dead
The agent had 11 food, 16 water, and 15 sleep.
The total tree search depth for this trial was 2300863. 
The agent accessed its memory 38826355 times. 
The agent cleared its short-term memory 79 times. 
     State prediction error memory resets: 5. 
     Hill memory resets: 74. 
TRIAL 81 COMPLETE ?
End Time: 2024-05-25 02:23:58
Total runtime for this trial (minutes/seconds): 12:07
----------------------------------------
Total hill visits: 4461. 
Total prediction errors: 278. 
Total search depth: 110627397. 
Total times memory accessed: 1826961587. 
Total times 25 >= t <= 50: 14. 
Total times 50 >= t <= 75: 12. 
Total times 75 >= t <= 100: 9. 
Total times t == 100: 37. 
Total time steps survived: 6143. 
Total runtime so far (hours/minutes/seconds): 64:03:53
----------------------------------------

----------------------------------------
TRIAL 82 STARTED
----------------------------------------
Start Time: 2024-05-25 02:23:57
At time step 99 the agent is dead
The agent had 9 food, 11 water, and 13 sleep.
The total tree search depth for this trial was 2148219. 
The agent accessed its memory 36178753 times. 
The agent cleared its short-term memory 79 times. 
     State prediction error memory resets: 2. 
     Hill memory resets: 77. 
TRIAL 82 COMPLETE ?
End Time: 2024-05-25 03:32:01
Total runtime for this trial (minutes/seconds): 08:04
----------------------------------------
Total hill visits: 4538. 
Total prediction errors: 280. 
Total search depth: 112775616. 
Total times memory accessed: 1863140340. 
Total times 25 >= t <= 50: 14. 
Total times 50 >= t <= 75: 12. 
Total times 75 >= t <= 100: 9. 
Total times t == 100: 38. 
Total time steps survived: 6243. 
Total runtime so far (hours/minutes/seconds): 65:11:56
----------------------------------------

----------------------------------------
TRIAL 83 STARTED
----------------------------------------
Start Time: 2024-05-25 03:32:00
At time step 99 the agent is dead
The agent had 13 food, 18 water, and 17 sleep.
The total tree search depth for this trial was 2392600. 
The agent accessed its memory 40478244 times. 
The agent cleared its short-term memory 79 times. 
     State prediction error memory resets: 6. 
     Hill memory resets: 73. 
TRIAL 83 COMPLETE ?
End Time: 2024-05-25 04:46:19
Total runtime for this trial (minutes/seconds): 14:19
----------------------------------------
Total hill visits: 4611. 
Total prediction errors: 286. 
Total search depth: 115168216. 
Total times memory accessed: 1903618584. 
Total times 25 >= t <= 50: 14. 
Total times 50 >= t <= 75: 12. 
Total times 75 >= t <= 100: 9. 
Total times t == 100: 39. 
Total time steps survived: 6343. 
Total runtime so far (hours/minutes/seconds): 66:26:14
----------------------------------------

----------------------------------------
TRIAL 84 STARTED
----------------------------------------
Start Time: 2024-05-25 04:46:18
At time step 99 the agent is dead
The agent had 9 food, 18 water, and 17 sleep.
The total tree search depth for this trial was 2862127. 
The agent accessed its memory 48308467 times. 
The agent cleared its short-term memory 76 times. 
     State prediction error memory resets: 4. 
     Hill memory resets: 72. 
TRIAL 84 COMPLETE ?
End Time: 2024-05-25 06:16:25
Total runtime for this trial (minutes/seconds): 30:07
----------------------------------------
Total hill visits: 4683. 
Total prediction errors: 290. 
Total search depth: 118030343. 
Total times memory accessed: 1951927051. 
Total times 25 >= t <= 50: 14. 
Total times 50 >= t <= 75: 12. 
Total times 75 >= t <= 100: 9. 
Total times t == 100: 40. 
Total time steps survived: 6443. 
Total runtime so far (hours/minutes/seconds): 67:56:20
----------------------------------------

----------------------------------------
TRIAL 85 STARTED
----------------------------------------
Start Time: 2024-05-25 06:16:24
At time step 99 the agent is dead
The agent had 9 food, 12 water, and 13 sleep.
The total tree search depth for this trial was 2271978. 
The agent accessed its memory 38541149 times. 
The agent cleared its short-term memory 81 times. 
     State prediction error memory resets: 4. 
     Hill memory resets: 77. 
TRIAL 85 COMPLETE ?
End Time: 2024-05-25 07:26:01
Total runtime for this trial (minutes/seconds): 09:37
----------------------------------------
Total hill visits: 4760. 
Total prediction errors: 294. 
Total search depth: 120302321. 
Total times memory accessed: 1990468200. 
Total times 25 >= t <= 50: 14. 
Total times 50 >= t <= 75: 12. 
Total times 75 >= t <= 100: 9. 
Total times t == 100: 41. 
Total time steps survived: 6543. 
Total runtime so far (hours/minutes/seconds): 69:05:56
----------------------------------------

----------------------------------------
TRIAL 86 STARTED
----------------------------------------
Start Time: 2024-05-25 07:26:00
At time step 99 the agent is dead
The agent had 10 food, 15 water, and 14 sleep.
The total tree search depth for this trial was 2342930. 
The agent accessed its memory 39794305 times. 
The agent cleared its short-term memory 76 times. 
     State prediction error memory resets: 1. 
     Hill memory resets: 75. 
TRIAL 86 COMPLETE ?
End Time: 2024-05-25 08:37:14
Total runtime for this trial (minutes/seconds): 11:14
----------------------------------------
Total hill visits: 4835. 
Total prediction errors: 295. 
Total search depth: 122645251. 
Total times memory accessed: 2030262505. 
Total times 25 >= t <= 50: 14. 
Total times 50 >= t <= 75: 12. 
Total times 75 >= t <= 100: 9. 
Total times t == 100: 42. 
Total time steps survived: 6643. 
Total runtime so far (hours/minutes/seconds): 70:17:09
----------------------------------------

----------------------------------------
TRIAL 87 STARTED
----------------------------------------
Start Time: 2024-05-25 08:37:13
At time step 99 the agent is dead
The agent had 10 food, 16 water, and 14 sleep.
The total tree search depth for this trial was 2380484. 
The agent accessed its memory 40332244 times. 
The agent cleared its short-term memory 77 times. 
     State prediction error memory resets: 3. 
     Hill memory resets: 74. 
TRIAL 87 COMPLETE ?
End Time: 2024-05-25 09:50:33
Total runtime for this trial (minutes/seconds): 13:20
----------------------------------------
Total hill visits: 4909. 
Total prediction errors: 298. 
Total search depth: 125025735. 
Total times memory accessed: 2070594749. 
Total times 25 >= t <= 50: 14. 
Total times 50 >= t <= 75: 12. 
Total times 75 >= t <= 100: 9. 
Total times t == 100: 43. 
Total time steps survived: 6743. 
Total runtime so far (hours/minutes/seconds): 71:30:28
----------------------------------------

----------------------------------------
TRIAL 88 STARTED
----------------------------------------
Start Time: 2024-05-25 09:50:32
