Running main with ALGORITHM=SL, SEED=9, HORIZON=2, K_FACTOR=0.7, ROOT_FOLDER=/home/grmstj001, MCT=3, NUM_MCT=100, AUTO_REST=

                            < M A T L A B (R) >
                  Copyright 1984-2024 The MathWorks, Inc.
                  R2024a (24.1.0.2537033) 64-bit (glnxa64)
                             February 21, 2024

 
To get started, type doc.
For product information, visit www.mathworks.com.
 
Algorithm: SL
Seed: 9
Horizon: 2
K-factor: 0.70
Root folder: /home/grmstj001
MCT: 3
Number of MCT: 100
Auto restore: 0
Results file name: 

ans = 

  struct with fields:

     Type: 'twister'
     Seed: 9
    State: [625x1 uint32]


----------------------------------------
TRIAL 1 STARTED
----------------------------------------
Start Time: 2024-05-13 13:36:00
At time step 23 the agent is dead
The agent had 0 food, 17 water, and 3 sleep.
The total tree search depth for this trial was 1824. 
The agent accessed its memory 15067 times. 
The agent cleared its short-term memory 11 times. 
     State prediction error memory resets: 10. 
     Hill memory resets: 1. 
TRIAL 1 COMPLETE ✔
End Time: 2024-05-13 13:36:08
Total runtime for this trial (minutes/seconds): 00:08
----------------------------------------
Total hill visits: 1. 
Total prediction errors: 10. 
Total search depth: 1824. 
Total times memory accessed: 15067. 
Total times 25 >= t <= 50: 0. 
Total times 50 >= t <= 75: 0. 
Total times 75 >= t <= 100: 0. 
Total times t == 100: 0. 
Total time steps survived: 24. 
Total runtime so far (hours/minutes/seconds): 00:00:08
----------------------------------------

----------------------------------------
TRIAL 2 STARTED
----------------------------------------
Start Time: 2024-05-13 13:36:07
At time step 21 the agent is dead
The agent had 2 food, 0 water, and 5 sleep.
The total tree search depth for this trial was 1275. 
The agent accessed its memory 11635 times. 
The agent cleared its short-term memory 8 times. 
     State prediction error memory resets: 8. 
     Hill memory resets: 0. 
TRIAL 2 COMPLETE ✔
End Time: 2024-05-13 13:36:12
Total runtime for this trial (minutes/seconds): 00:05
----------------------------------------
Total hill visits: 1. 
Total prediction errors: 18. 
Total search depth: 3099. 
Total times memory accessed: 26702. 
Total times 25 >= t <= 50: 0. 
Total times 50 >= t <= 75: 0. 
Total times 75 >= t <= 100: 0. 
Total times t == 100: 0. 
Total time steps survived: 46. 
Total runtime so far (hours/minutes/seconds): 00:00:12
----------------------------------------

----------------------------------------
TRIAL 3 STARTED
----------------------------------------
Start Time: 2024-05-13 13:36:11
At time step 21 the agent is dead
The agent had 2 food, 0 water, and 5 sleep.
The total tree search depth for this trial was 2535. 
The agent accessed its memory 20169 times. 
The agent cleared its short-term memory 15 times. 
     State prediction error memory resets: 12. 
     Hill memory resets: 3. 
TRIAL 3 COMPLETE ✔
End Time: 2024-05-13 13:36:19
Total runtime for this trial (minutes/seconds): 00:08
----------------------------------------
Total hill visits: 4. 
Total prediction errors: 30. 
Total search depth: 5634. 
Total times memory accessed: 46871. 
Total times 25 >= t <= 50: 0. 
Total times 50 >= t <= 75: 0. 
Total times 75 >= t <= 100: 0. 
Total times t == 100: 0. 
Total time steps survived: 68. 
Total runtime so far (hours/minutes/seconds): 00:00:19
----------------------------------------

----------------------------------------
TRIAL 4 STARTED
----------------------------------------
Start Time: 2024-05-13 13:36:18
At time step 21 the agent is dead
The agent had 2 food, 0 water, and 5 sleep.
The total tree search depth for this trial was 2289. 
The agent accessed its memory 19038 times. 
The agent cleared its short-term memory 11 times. 
     State prediction error memory resets: 7. 
     Hill memory resets: 4. 
TRIAL 4 COMPLETE ✔
End Time: 2024-05-13 13:36:27
Total runtime for this trial (minutes/seconds): 00:09
----------------------------------------
Total hill visits: 8. 
Total prediction errors: 37. 
Total search depth: 7923. 
Total times memory accessed: 65909. 
Total times 25 >= t <= 50: 0. 
Total times 50 >= t <= 75: 0. 
Total times 75 >= t <= 100: 0. 
Total times t == 100: 0. 
Total time steps survived: 90. 
Total runtime so far (hours/minutes/seconds): 00:00:27
----------------------------------------

----------------------------------------
TRIAL 5 STARTED
----------------------------------------
Start Time: 2024-05-13 13:36:26
At time step 23 the agent is dead
The agent had 0 food, 19 water, and 25 sleep.
The total tree search depth for this trial was 2035. 
The agent accessed its memory 16732 times. 
The agent cleared its short-term memory 16 times. 
     State prediction error memory resets: 14. 
     Hill memory resets: 2. 
TRIAL 5 COMPLETE ✔
End Time: 2024-05-13 13:36:33
Total runtime for this trial (minutes/seconds): 00:07
----------------------------------------
Total hill visits: 10. 
Total prediction errors: 51. 
Total search depth: 9958. 
Total times memory accessed: 82641. 
Total times 25 >= t <= 50: 0. 
Total times 50 >= t <= 75: 0. 
Total times 75 >= t <= 100: 0. 
Total times t == 100: 0. 
Total time steps survived: 114. 
Total runtime so far (hours/minutes/seconds): 00:00:33
----------------------------------------

----------------------------------------
TRIAL 6 STARTED
----------------------------------------
Start Time: 2024-05-13 13:36:32
At time step 23 the agent is dead
The agent had 0 food, 12 water, and 3 sleep.
The total tree search depth for this trial was 3828. 
The agent accessed its memory 28164 times. 
The agent cleared its short-term memory 11 times. 
     State prediction error memory resets: 9. 
     Hill memory resets: 2. 
TRIAL 6 COMPLETE ✔
End Time: 2024-05-13 13:36:43
Total runtime for this trial (minutes/seconds): 00:11
----------------------------------------
Total hill visits: 12. 
Total prediction errors: 60. 
Total search depth: 13786. 
Total times memory accessed: 110805. 
Total times 25 >= t <= 50: 0. 
Total times 50 >= t <= 75: 0. 
Total times 75 >= t <= 100: 0. 
Total times t == 100: 0. 
Total time steps survived: 138. 
Total runtime so far (hours/minutes/seconds): 00:00:43
----------------------------------------

----------------------------------------
TRIAL 7 STARTED
----------------------------------------
Start Time: 2024-05-13 13:36:42
At time step 23 the agent is dead
The agent had 0 food, 9 water, and 3 sleep.
The total tree search depth for this trial was 8273. 
The agent accessed its memory 62830 times. 
The agent cleared its short-term memory 14 times. 
     State prediction error memory resets: 11. 
     Hill memory resets: 3. 
TRIAL 7 COMPLETE ✔
End Time: 2024-05-13 13:37:02
Total runtime for this trial (minutes/seconds): 00:20
----------------------------------------
Total hill visits: 15. 
Total prediction errors: 71. 
Total search depth: 22059. 
Total times memory accessed: 173635. 
Total times 25 >= t <= 50: 0. 
Total times 50 >= t <= 75: 0. 
Total times 75 >= t <= 100: 0. 
Total times t == 100: 0. 
Total time steps survived: 162. 
Total runtime so far (hours/minutes/seconds): 00:01:02
----------------------------------------

----------------------------------------
TRIAL 8 STARTED
----------------------------------------
Start Time: 2024-05-13 13:37:01
At time step 21 the agent is dead
The agent had 2 food, 0 water, and 5 sleep.
The total tree search depth for this trial was 6725. 
The agent accessed its memory 51797 times. 
The agent cleared its short-term memory 12 times. 
     State prediction error memory resets: 7. 
     Hill memory resets: 5. 
TRIAL 8 COMPLETE ✔
End Time: 2024-05-13 13:37:23
Total runtime for this trial (minutes/seconds): 00:22
----------------------------------------
Total hill visits: 20. 
Total prediction errors: 78. 
Total search depth: 28784. 
Total times memory accessed: 225432. 
Total times 25 >= t <= 50: 0. 
Total times 50 >= t <= 75: 0. 
Total times 75 >= t <= 100: 0. 
Total times t == 100: 0. 
Total time steps survived: 184. 
Total runtime so far (hours/minutes/seconds): 00:01:23
----------------------------------------

----------------------------------------
TRIAL 9 STARTED
----------------------------------------
Start Time: 2024-05-13 13:37:22
At time step 21 the agent is dead
The agent had 2 food, 0 water, and 5 sleep.
The total tree search depth for this trial was 1800. 
The agent accessed its memory 14401 times. 
The agent cleared its short-term memory 14 times. 
     State prediction error memory resets: 13. 
     Hill memory resets: 1. 
TRIAL 9 COMPLETE ✔
End Time: 2024-05-13 13:37:29
Total runtime for this trial (minutes/seconds): 00:07
----------------------------------------
Total hill visits: 21. 
Total prediction errors: 91. 
Total search depth: 30584. 
Total times memory accessed: 239833. 
Total times 25 >= t <= 50: 0. 
Total times 50 >= t <= 75: 0. 
Total times 75 >= t <= 100: 0. 
Total times t == 100: 0. 
Total time steps survived: 206. 
Total runtime so far (hours/minutes/seconds): 00:01:29
----------------------------------------

----------------------------------------
TRIAL 10 STARTED
----------------------------------------
Start Time: 2024-05-13 13:37:28
At time step 21 the agent is dead
The agent had 2 food, 0 water, and 5 sleep.
The total tree search depth for this trial was 2852. 
The agent accessed its memory 28857 times. 
The agent cleared its short-term memory 18 times. 
     State prediction error memory resets: 18. 
     Hill memory resets: 0. 
TRIAL 10 COMPLETE ✔
End Time: 2024-05-13 13:37:38
Total runtime for this trial (minutes/seconds): 00:10
----------------------------------------
Total hill visits: 21. 
Total prediction errors: 109. 
Total search depth: 33436. 
Total times memory accessed: 268690. 
Total times 25 >= t <= 50: 0. 
Total times 50 >= t <= 75: 0. 
Total times 75 >= t <= 100: 0. 
Total times t == 100: 0. 
Total time steps survived: 228. 
Total runtime so far (hours/minutes/seconds): 00:01:38
----------------------------------------

----------------------------------------
TRIAL 11 STARTED
----------------------------------------
Start Time: 2024-05-13 13:37:37
At time step 21 the agent is dead
The agent had 2 food, 0 water, and 5 sleep.
The total tree search depth for this trial was 2682. 
The agent accessed its memory 21426 times. 
The agent cleared its short-term memory 19 times. 
     State prediction error memory resets: 13. 
     Hill memory resets: 6. 
TRIAL 11 COMPLETE ✔
End Time: 2024-05-13 13:37:48
Total runtime for this trial (minutes/seconds): 00:11
----------------------------------------
Total hill visits: 27. 
Total prediction errors: 122. 
Total search depth: 36118. 
Total times memory accessed: 290116. 
Total times 25 >= t <= 50: 0. 
Total times 50 >= t <= 75: 0. 
Total times 75 >= t <= 100: 0. 
Total times t == 100: 0. 
Total time steps survived: 250. 
Total runtime so far (hours/minutes/seconds): 00:01:48
----------------------------------------

----------------------------------------
TRIAL 12 STARTED
----------------------------------------
Start Time: 2024-05-13 13:37:47
At time step 21 the agent is dead
The agent had 2 food, 0 water, and 5 sleep.
The total tree search depth for this trial was 1773. 
The agent accessed its memory 13016 times. 
The agent cleared its short-term memory 7 times. 
     State prediction error memory resets: 4. 
     Hill memory resets: 3. 
TRIAL 12 COMPLETE ✔
End Time: 2024-05-13 13:37:54
Total runtime for this trial (minutes/seconds): 00:07
----------------------------------------
Total hill visits: 30. 
Total prediction errors: 126. 
Total search depth: 37891. 
Total times memory accessed: 303132. 
Total times 25 >= t <= 50: 0. 
Total times 50 >= t <= 75: 0. 
Total times 75 >= t <= 100: 0. 
Total times t == 100: 0. 
Total time steps survived: 272. 
Total runtime so far (hours/minutes/seconds): 00:01:54
----------------------------------------

----------------------------------------
TRIAL 13 STARTED
----------------------------------------
Start Time: 2024-05-13 13:37:53
At time step 21 the agent is dead
The agent had 2 food, 0 water, and 5 sleep.
The total tree search depth for this trial was 1490. 
The agent accessed its memory 15123 times. 
The agent cleared its short-term memory 12 times. 
     State prediction error memory resets: 12. 
     Hill memory resets: 0. 
TRIAL 13 COMPLETE ✔
End Time: 2024-05-13 13:38:00
Total runtime for this trial (minutes/seconds): 00:07
----------------------------------------
Total hill visits: 30. 
Total prediction errors: 138. 
Total search depth: 39381. 
Total times memory accessed: 318255. 
Total times 25 >= t <= 50: 0. 
Total times 50 >= t <= 75: 0. 
Total times 75 >= t <= 100: 0. 
Total times t == 100: 0. 
Total time steps survived: 294. 
Total runtime so far (hours/minutes/seconds): 00:02:00
----------------------------------------

----------------------------------------
TRIAL 14 STARTED
----------------------------------------
Start Time: 2024-05-13 13:37:59
At time step 21 the agent is dead
The agent had 10 food, 0 water, and 5 sleep.
The total tree search depth for this trial was 10499. 
The agent accessed its memory 72436 times. 
The agent cleared its short-term memory 8 times. 
     State prediction error memory resets: 6. 
     Hill memory resets: 2. 
TRIAL 14 COMPLETE ✔
End Time: 2024-05-13 13:38:30
Total runtime for this trial (minutes/seconds): 00:31
----------------------------------------
Total hill visits: 32. 
Total prediction errors: 144. 
Total search depth: 49880. 
Total times memory accessed: 390691. 
Total times 25 >= t <= 50: 0. 
Total times 50 >= t <= 75: 0. 
Total times 75 >= t <= 100: 0. 
Total times t == 100: 0. 
Total time steps survived: 316. 
Total runtime so far (hours/minutes/seconds): 00:02:30
----------------------------------------

----------------------------------------
TRIAL 15 STARTED
----------------------------------------
Start Time: 2024-05-13 13:38:29
At time step 21 the agent is dead
The agent had 2 food, 0 water, and 5 sleep.
The total tree search depth for this trial was 2083. 
The agent accessed its memory 14971 times. 
The agent cleared its short-term memory 13 times. 
     State prediction error memory resets: 9. 
     Hill memory resets: 4. 
TRIAL 15 COMPLETE ✔
End Time: 2024-05-13 13:38:39
Total runtime for this trial (minutes/seconds): 00:10
----------------------------------------
Total hill visits: 36. 
Total prediction errors: 153. 
Total search depth: 51963. 
Total times memory accessed: 405662. 
Total times 25 >= t <= 50: 0. 
Total times 50 >= t <= 75: 0. 
Total times 75 >= t <= 100: 0. 
Total times t == 100: 0. 
Total time steps survived: 338. 
Total runtime so far (hours/minutes/seconds): 00:02:39
----------------------------------------

----------------------------------------
TRIAL 16 STARTED
----------------------------------------
Start Time: 2024-05-13 13:38:38
At time step 21 the agent is dead
The agent had 2 food, 0 water, and 5 sleep.
The total tree search depth for this trial was 1927. 
The agent accessed its memory 12801 times. 
The agent cleared its short-term memory 12 times. 
     State prediction error memory resets: 7. 
     Hill memory resets: 5. 
TRIAL 16 COMPLETE ✔
End Time: 2024-05-13 13:38:46
Total runtime for this trial (minutes/seconds): 00:08
----------------------------------------
Total hill visits: 41. 
Total prediction errors: 160. 
Total search depth: 53890. 
Total times memory accessed: 418463. 
Total times 25 >= t <= 50: 0. 
Total times 50 >= t <= 75: 0. 
Total times 75 >= t <= 100: 0. 
Total times t == 100: 0. 
Total time steps survived: 360. 
Total runtime so far (hours/minutes/seconds): 00:02:46
----------------------------------------

----------------------------------------
TRIAL 17 STARTED
----------------------------------------
Start Time: 2024-05-13 13:38:45
At time step 21 the agent is dead
The agent had 2 food, 0 water, and 5 sleep.
The total tree search depth for this trial was 1145. 
The agent accessed its memory 11019 times. 
The agent cleared its short-term memory 12 times. 
     State prediction error memory resets: 11. 
     Hill memory resets: 1. 
TRIAL 17 COMPLETE ✔
End Time: 2024-05-13 13:38:50
Total runtime for this trial (minutes/seconds): 00:05
----------------------------------------
Total hill visits: 42. 
Total prediction errors: 171. 
Total search depth: 55035. 
Total times memory accessed: 429482. 
Total times 25 >= t <= 50: 0. 
Total times 50 >= t <= 75: 0. 
Total times 75 >= t <= 100: 0. 
Total times t == 100: 0. 
Total time steps survived: 382. 
Total runtime so far (hours/minutes/seconds): 00:02:50
----------------------------------------

----------------------------------------
TRIAL 18 STARTED
----------------------------------------
Start Time: 2024-05-13 13:38:49
At time step 21 the agent is dead
The agent had 2 food, 0 water, and 5 sleep.
The total tree search depth for this trial was 1569. 
The agent accessed its memory 16618 times. 
The agent cleared its short-term memory 15 times. 
     State prediction error memory resets: 15. 
     Hill memory resets: 0. 
TRIAL 18 COMPLETE ✔
End Time: 2024-05-13 13:38:56
Total runtime for this trial (minutes/seconds): 00:07
----------------------------------------
Total hill visits: 42. 
Total prediction errors: 186. 
Total search depth: 56604. 
Total times memory accessed: 446100. 
Total times 25 >= t <= 50: 0. 
Total times 50 >= t <= 75: 0. 
Total times 75 >= t <= 100: 0. 
Total times t == 100: 0. 
Total time steps survived: 404. 
Total runtime so far (hours/minutes/seconds): 00:02:56
----------------------------------------

----------------------------------------
TRIAL 19 STARTED
----------------------------------------
Start Time: 2024-05-13 13:38:55
