Running Python script with ALGORITHM=SI and SEED=22
At time 25 the agent is dead.
The agent had: 5 food, 7 water, and -1 sleep.
The total tree search depth for this trial was 9821.
The agent accessed its memory 16954 times.
The agent cleared its short-term memory 6 times.
    State prediction error memory resets: 5.
    Hill memory resets: 1.
At time 20 the agent is dead.
The agent had: 6 food, -1 water, and 4 sleep.
The total tree search depth for this trial was 8339.
The agent accessed its memory 30128 times.
The agent cleared its short-term memory 11 times.
    State prediction error memory resets: 10.
    Hill memory resets: 1.
At time 20 the agent is dead.
The agent had: 6 food, -1 water, and 4 sleep.
The total tree search depth for this trial was 6862.
The agent accessed its memory 23455 times.
The agent cleared its short-term memory 0 times.
    State prediction error memory resets: 0.
    Hill memory resets: 0.
At time 20 the agent is dead.
The agent had: 1 food, -1 water, and 4 sleep.
The total tree search depth for this trial was 1798.
The agent accessed its memory 5221 times.
The agent cleared its short-term memory 0 times.
    State prediction error memory resets: 0.
    Hill memory resets: 0.
At time 20 the agent is dead.
The agent had: 1 food, -1 water, and 4 sleep.
The total tree search depth for this trial was 4566.
The agent accessed its memory 18471 times.
The agent cleared its short-term memory 0 times.
    State prediction error memory resets: 0.
    Hill memory resets: 0.
At time 20 the agent is dead.
The agent had: 1 food, -1 water, and 4 sleep.
The total tree search depth for this trial was 2056.
The agent accessed its memory 6577 times.
The agent cleared its short-term memory 5 times.
    State prediction error memory resets: 3.
    Hill memory resets: 2.
At time 20 the agent is dead.
The agent had: 1 food, -1 water, and 4 sleep.
The total tree search depth for this trial was 1791.
The agent accessed its memory 5655 times.
The agent cleared its short-term memory 4 times.
    State prediction error memory resets: 4.
    Hill memory resets: 0.
At time 20 the agent is dead.
The agent had: 1 food, -1 water, and 4 sleep.
The total tree search depth for this trial was 4092.
The agent accessed its memory 14358 times.
The agent cleared its short-term memory 11 times.
    State prediction error memory resets: 8.
    Hill memory resets: 3.
At time 20 the agent is dead.
The agent had: 1 food, -1 water, and 4 sleep.
The total tree search depth for this trial was 3956.
The agent accessed its memory 13067 times.
The agent cleared its short-term memory 6 times.
    State prediction error memory resets: 6.
    Hill memory resets: 0.
At time 20 the agent is dead.
The agent had: 1 food, -1 water, and 4 sleep.
The total tree search depth for this trial was 1896.
The agent accessed its memory 5727 times.
The agent cleared its short-term memory 6 times.
    State prediction error memory resets: 6.
    Hill memory resets: 0.
At time 20 the agent is dead.
The agent had: 1 food, -1 water, and 4 sleep.
The total tree search depth for this trial was 2400.
The agent accessed its memory 7480 times.
The agent cleared its short-term memory 11 times.
    State prediction error memory resets: 8.
    Hill memory resets: 3.
At time 20 the agent is dead.
The agent had: 16 food, -1 water, and 22 sleep.
The total tree search depth for this trial was 6080.
The agent accessed its memory 24323 times.
The agent cleared its short-term memory 11 times.
    State prediction error memory resets: 9.
    Hill memory resets: 2.
At time 20 the agent is dead.
The agent had: 1 food, -1 water, and 4 sleep.
The total tree search depth for this trial was 1937.
The agent accessed its memory 6046 times.
The agent cleared its short-term memory 7 times.
    State prediction error memory resets: 7.
    Hill memory resets: 0.
At time 20 the agent is dead.
The agent had: 1 food, -1 water, and 4 sleep.
The total tree search depth for this trial was 2757.
The agent accessed its memory 8422 times.
The agent cleared its short-term memory 5 times.
    State prediction error memory resets: 4.
    Hill memory resets: 1.
At time 20 the agent is dead.
The agent had: 1 food, -1 water, and 4 sleep.
The total tree search depth for this trial was 2443.
The agent accessed its memory 7186 times.
The agent cleared its short-term memory 2 times.
    State prediction error memory resets: 1.
    Hill memory resets: 1.
At time 22 the agent is dead.
The agent had: -1 food, 13 water, and 2 sleep.
The total tree search depth for this trial was 5076.
The agent accessed its memory 17002 times.
The agent cleared its short-term memory 9 times.
    State prediction error memory resets: 7.
    Hill memory resets: 2.
At time 20 the agent is dead.
The agent had: 1 food, -1 water, and 4 sleep.
The total tree search depth for this trial was 2355.
The agent accessed its memory 7541 times.
The agent cleared its short-term memory 1 times.
    State prediction error memory resets: 0.
    Hill memory resets: 1.
At time 20 the agent is dead.
The agent had: 9 food, -1 water, and 4 sleep.
The total tree search depth for this trial was 13332.
The agent accessed its memory 53574 times.
The agent cleared its short-term memory 6 times.
    State prediction error memory resets: 5.
    Hill memory resets: 1.
At time 20 the agent is dead.
The agent had: 1 food, -1 water, and 4 sleep.
The total tree search depth for this trial was 2122.
The agent accessed its memory 6201 times.
The agent cleared its short-term memory 4 times.
    State prediction error memory resets: 3.
    Hill memory resets: 1.
At time 20 the agent is dead.
The agent had: 1 food, -1 water, and 4 sleep.
The total tree search depth for this trial was 2528.
The agent accessed its memory 7557 times.
The agent cleared its short-term memory 17 times.
    State prediction error memory resets: 16.
    Hill memory resets: 1.
At time 22 the agent is dead.
The agent had: -1 food, 7 water, and 2 sleep.
The total tree search depth for this trial was 4838.
The agent accessed its memory 14606 times.
The agent cleared its short-term memory 3 times.
    State prediction error memory resets: 2.
    Hill memory resets: 1.
At time 22 the agent is dead.
The agent had: -1 food, 5 water, and 13 sleep.
The total tree search depth for this trial was 50270.
The agent accessed its memory 184563 times.
The agent cleared its short-term memory 15 times.
    State prediction error memory resets: 14.
    Hill memory resets: 1.
At time 20 the agent is dead.
The agent had: 1 food, -1 water, and 23 sleep.
The total tree search depth for this trial was 4150.
The agent accessed its memory 17502 times.
The agent cleared its short-term memory 12 times.
    State prediction error memory resets: 11.
    Hill memory resets: 1.
At time 22 the agent is dead.
The agent had: -1 food, 6 water, and 2 sleep.
The total tree search depth for this trial was 8716.
The agent accessed its memory 30790 times.
The agent cleared its short-term memory 6 times.
    State prediction error memory resets: 5.
    Hill memory resets: 1.
At time 20 the agent is dead.
The agent had: 1 food, -1 water, and 4 sleep.
The total tree search depth for this trial was 6063.
The agent accessed its memory 21946 times.
The agent cleared its short-term memory 13 times.
    State prediction error memory resets: 10.
    Hill memory resets: 3.
At time 20 the agent is dead.
The agent had: 1 food, -1 water, and 19 sleep.
The total tree search depth for this trial was 7830.
The agent accessed its memory 30725 times.
The agent cleared its short-term memory 7 times.
    State prediction error memory resets: 6.
    Hill memory resets: 1.
At time 20 the agent is dead.
The agent had: 1 food, -1 water, and 4 sleep.
The total tree search depth for this trial was 4565.
The agent accessed its memory 17805 times.
The agent cleared its short-term memory 5 times.
    State prediction error memory resets: 3.
    Hill memory resets: 2.
At time 20 the agent is dead.
The agent had: 1 food, -1 water, and 4 sleep.
The total tree search depth for this trial was 2426.
The agent accessed its memory 7280 times.
The agent cleared its short-term memory 1 times.
    State prediction error memory resets: 0.
    Hill memory resets: 1.
At time 20 the agent is dead.
The agent had: 1 food, -1 water, and 4 sleep.
The total tree search depth for this trial was 2595.
The agent accessed its memory 7953 times.
The agent cleared its short-term memory 16 times.
    State prediction error memory resets: 15.
    Hill memory resets: 1.
At time 20 the agent is dead.
The agent had: 11 food, -1 water, and 4 sleep.
The total tree search depth for this trial was 23744.
The agent accessed its memory 79966 times.
The agent cleared its short-term memory 1 times.
    State prediction error memory resets: 0.
    Hill memory resets: 1.
At time 20 the agent is dead.
The agent had: 1 food, -1 water, and 4 sleep.
The total tree search depth for this trial was 4529.
The agent accessed its memory 15998 times.
The agent cleared its short-term memory 12 times.
    State prediction error memory resets: 11.
    Hill memory resets: 1.
At time 22 the agent is dead.
The agent had: -1 food, 15 water, and 2 sleep.
The total tree search depth for this trial was 50261.
The agent accessed its memory 193210 times.
The agent cleared its short-term memory 8 times.
    State prediction error memory resets: 7.
    Hill memory resets: 1.
At time 20 the agent is dead.
The agent had: 7 food, -1 water, and 4 sleep.
The total tree search depth for this trial was 27228.
The agent accessed its memory 91294 times.
The agent cleared its short-term memory 3 times.
    State prediction error memory resets: 2.
    Hill memory resets: 1.
At time 25 the agent is dead.
The agent had: 13 food, 14 water, and -1 sleep.
The total tree search depth for this trial was 66512.
The agent accessed its memory 235938 times.
The agent cleared its short-term memory 13 times.
    State prediction error memory resets: 11.
    Hill memory resets: 2.
At time 20 the agent is dead.
The agent had: 12 food, -1 water, and 4 sleep.
The total tree search depth for this trial was 20132.
The agent accessed its memory 71441 times.
The agent cleared its short-term memory 4 times.
    State prediction error memory resets: 2.
    Hill memory resets: 2.
At time 22 the agent is dead.
The agent had: -1 food, 9 water, and 2 sleep.
The total tree search depth for this trial was 21091.
The agent accessed its memory 85954 times.
The agent cleared its short-term memory 8 times.
    State prediction error memory resets: 6.
    Hill memory resets: 2.
At time 20 the agent is dead.
The agent had: 1 food, -1 water, and 4 sleep.
The total tree search depth for this trial was 4382.
The agent accessed its memory 14608 times.
The agent cleared its short-term memory 9 times.
    State prediction error memory resets: 8.
    Hill memory resets: 1.
At time 20 the agent is dead.
The agent had: 15 food, -1 water, and 4 sleep.
The total tree search depth for this trial was 29835.
The agent accessed its memory 107227 times.
The agent cleared its short-term memory 6 times.
    State prediction error memory resets: 5.
    Hill memory resets: 1.
At time 39 the agent is dead.
The agent had: 2 food, -1 water, and 14 sleep.
The total tree search depth for this trial was 51599.
The agent accessed its memory 177620 times.
The agent cleared its short-term memory 12 times.
    State prediction error memory resets: 10.
    Hill memory resets: 2.
At time 20 the agent is dead.
The agent had: 15 food, -1 water, and 4 sleep.
The total tree search depth for this trial was 42457.
The agent accessed its memory 151844 times.
The agent cleared its short-term memory 3 times.
    State prediction error memory resets: 2.
    Hill memory resets: 1.
At time 20 the agent is dead.
The agent had: 18 food, -1 water, and 4 sleep.
The total tree search depth for this trial was 15248.
The agent accessed its memory 56031 times.
The agent cleared its short-term memory 1 times.
    State prediction error memory resets: 0.
    Hill memory resets: 1.
At time 22 the agent is dead.
The agent had: -1 food, 6 water, and 2 sleep.
The total tree search depth for this trial was 19274.
The agent accessed its memory 74532 times.
The agent cleared its short-term memory 10 times.
    State prediction error memory resets: 9.
    Hill memory resets: 1.
At time 22 the agent is dead.
The agent had: -1 food, 9 water, and 2 sleep.
The total tree search depth for this trial was 41685.
The agent accessed its memory 155242 times.
The agent cleared its short-term memory 8 times.
    State prediction error memory resets: 7.
    Hill memory resets: 1.
At time 20 the agent is dead.
The agent had: 18 food, -1 water, and 4 sleep.
The total tree search depth for this trial was 14012.
The agent accessed its memory 49225 times.
The agent cleared its short-term memory 1 times.
    State prediction error memory resets: 0.
    Hill memory resets: 1.
At time 42 the agent is dead.
The agent had: 6 food, -1 water, and 8 sleep.
The total tree search depth for this trial was 115968.
The agent accessed its memory 383086 times.
The agent cleared its short-term memory 12 times.
    State prediction error memory resets: 9.
    Hill memory resets: 3.
At time 22 the agent is dead.
The agent had: -1 food, 13 water, and 2 sleep.
The total tree search depth for this trial was 10242.
The agent accessed its memory 35216 times.
The agent cleared its short-term memory 7 times.
    State prediction error memory resets: 6.
    Hill memory resets: 1.
At time 22 the agent is dead.
The agent had: -1 food, 5 water, and 21 sleep.
The total tree search depth for this trial was 58886.
The agent accessed its memory 206580 times.
The agent cleared its short-term memory 7 times.
    State prediction error memory resets: 6.
    Hill memory resets: 1.
At time 25 the agent is dead.
The agent had: 2 food, 2 water, and -1 sleep.
The total tree search depth for this trial was 114838.
The agent accessed its memory 396030 times.
The agent cleared its short-term memory 13 times.
    State prediction error memory resets: 12.
    Hill memory resets: 1.
At time 20 the agent is dead.
The agent had: 1 food, -1 water, and 4 sleep.
The total tree search depth for this trial was 5368.
The agent accessed its memory 18381 times.
The agent cleared its short-term memory 4 times.
    State prediction error memory resets: 3.
    Hill memory resets: 1.
At time 31 the agent is dead.
The agent had: -1 food, 2 water, and 10 sleep.
The total tree search depth for this trial was 54184.
The agent accessed its memory 200474 times.
The agent cleared its short-term memory 9 times.
    State prediction error memory resets: 8.
    Hill memory resets: 1.
At time 39 the agent is dead.
The agent had: -1 food, 0 water, and 20 sleep.
The total tree search depth for this trial was 21327.
The agent accessed its memory 73638 times.
The agent cleared its short-term memory 6 times.
    State prediction error memory resets: 5.
    Hill memory resets: 1.
At time 20 the agent is dead.
The agent had: 19 food, -1 water, and 4 sleep.
The total tree search depth for this trial was 43740.
The agent accessed its memory 146590 times.
The agent cleared its short-term memory 5 times.
    State prediction error memory resets: 4.
    Hill memory resets: 1.
At time 22 the agent is dead.
The agent had: -1 food, 6 water, and 2 sleep.
The total tree search depth for this trial was 12780.
The agent accessed its memory 45304 times.
The agent cleared its short-term memory 10 times.
    State prediction error memory resets: 9.
    Hill memory resets: 1.
At time 22 the agent is dead.
The agent had: -1 food, 6 water, and 19 sleep.
The total tree search depth for this trial was 28310.
The agent accessed its memory 98013 times.
The agent cleared its short-term memory 8 times.
    State prediction error memory resets: 7.
    Hill memory resets: 1.
At time 60 the agent is dead.
The agent had: -1 food, 16 water, and 19 sleep.
The total tree search depth for this trial was 95063.
The agent accessed its memory 325175 times.
The agent cleared its short-term memory 17 times.
    State prediction error memory resets: 14.
    Hill memory resets: 3.
At time 22 the agent is dead.
The agent had: -1 food, 16 water, and 18 sleep.
The total tree search depth for this trial was 28508.
The agent accessed its memory 100316 times.
The agent cleared its short-term memory 3 times.
    State prediction error memory resets: 2.
    Hill memory resets: 1.
At time 37 the agent is dead.
The agent had: 6 food, -1 water, and 8 sleep.
The total tree search depth for this trial was 43099.
The agent accessed its memory 140708 times.
The agent cleared its short-term memory 5 times.
    State prediction error memory resets: 4.
    Hill memory resets: 1.
At time 20 the agent is dead.
The agent had: 18 food, -1 water, and 10 sleep.
The total tree search depth for this trial was 57351.
The agent accessed its memory 199889 times.
The agent cleared its short-term memory 6 times.
    State prediction error memory resets: 4.
    Hill memory resets: 2.
At time 48 the agent is dead.
The agent had: 16 food, 1 water, and -1 sleep.
The total tree search depth for this trial was 109084.
The agent accessed its memory 359451 times.
The agent cleared its short-term memory 11 times.
    State prediction error memory resets: 9.
    Hill memory resets: 2.
At time 20 the agent is dead.
The agent had: 16 food, -1 water, and 4 sleep.
The total tree search depth for this trial was 14885.
The agent accessed its memory 50269 times.
The agent cleared its short-term memory 2 times.
    State prediction error memory resets: 1.
    Hill memory resets: 1.
At time 20 the agent is dead.
The agent had: 1 food, -1 water, and 4 sleep.
The total tree search depth for this trial was 13543.
The agent accessed its memory 45760 times.
The agent cleared its short-term memory 2 times.
    State prediction error memory resets: 1.
    Hill memory resets: 1.
At time 20 the agent is dead.
The agent had: 17 food, -1 water, and 4 sleep.
The total tree search depth for this trial was 15685.
The agent accessed its memory 51422 times.
The agent cleared its short-term memory 2 times.
    State prediction error memory resets: 1.
    Hill memory resets: 1.
At time 56 the agent is dead.
The agent had: -1 food, 13 water, and 21 sleep.
The total tree search depth for this trial was 160209.
The agent accessed its memory 548903 times.
The agent cleared its short-term memory 14 times.
    State prediction error memory resets: 12.
    Hill memory resets: 2.
At time 33 the agent is dead.
The agent had: -1 food, 11 water, and 12 sleep.
The total tree search depth for this trial was 74821.
The agent accessed its memory 238672 times.
The agent cleared its short-term memory 9 times.
    State prediction error memory resets: 8.
    Hill memory resets: 1.
At time 25 the agent is dead.
The agent had: 5 food, 8 water, and -1 sleep.
The total tree search depth for this trial was 58977.
The agent accessed its memory 203048 times.
The agent cleared its short-term memory 11 times.
    State prediction error memory resets: 10.
    Hill memory resets: 1.
At time 25 the agent is dead.
The agent had: 8 food, 10 water, and -1 sleep.
The total tree search depth for this trial was 67259.
The agent accessed its memory 217946 times.
The agent cleared its short-term memory 11 times.
    State prediction error memory resets: 10.
    Hill memory resets: 1.
At time 36 the agent is dead.
The agent had: -1 food, 16 water, and 9 sleep.
The total tree search depth for this trial was 32268.
The agent accessed its memory 102002 times.
The agent cleared its short-term memory 5 times.
    State prediction error memory resets: 4.
    Hill memory resets: 1.
At time 22 the agent is dead.
The agent had: -1 food, 12 water, and 21 sleep.
The total tree search depth for this trial was 63745.
The agent accessed its memory 213798 times.
The agent cleared its short-term memory 5 times.
    State prediction error memory resets: 4.
    Hill memory resets: 1.
At time 22 the agent is dead.
The agent had: -1 food, 9 water, and 20 sleep.
The total tree search depth for this trial was 61955.
The agent accessed its memory 206283 times.
The agent cleared its short-term memory 5 times.
    State prediction error memory resets: 4.
    Hill memory resets: 1.
At time 22 the agent is dead.
The agent had: -1 food, 10 water, and 21 sleep.
The total tree search depth for this trial was 40257.
The agent accessed its memory 130386 times.
The agent cleared its short-term memory 5 times.
    State prediction error memory resets: 4.
    Hill memory resets: 1.
At time 49 the agent is dead.
The agent had: -1 food, 17 water, and 18 sleep.
The total tree search depth for this trial was 166706.
The agent accessed its memory 555136 times.
The agent cleared its short-term memory 12 times.
    State prediction error memory resets: 10.
    Hill memory resets: 2.
At time 37 the agent is dead.
The agent had: 17 food, -1 water, and 0 sleep.
The total tree search depth for this trial was 95394.
The agent accessed its memory 324341 times.
The agent cleared its short-term memory 7 times.
    State prediction error memory resets: 5.
    Hill memory resets: 2.
At time 64 the agent is dead.
The agent had: 18 food, -1 water, and 7 sleep.
The total tree search depth for this trial was 136086.
The agent accessed its memory 422205 times.
The agent cleared its short-term memory 11 times.
    State prediction error memory resets: 9.
    Hill memory resets: 2.
At time 49 the agent is dead.
The agent had: -1 food, 2 water, and 20 sleep.
The total tree search depth for this trial was 81729.
The agent accessed its memory 256514 times.
The agent cleared its short-term memory 7 times.
    State prediction error memory resets: 5.
    Hill memory resets: 2.
At time 25 the agent is dead.
The agent had: 12 food, 12 water, and -1 sleep.
The total tree search depth for this trial was 45731.
The agent accessed its memory 145082 times.
The agent cleared its short-term memory 9 times.
    State prediction error memory resets: 8.
    Hill memory resets: 1.
At time 41 the agent is dead.
The agent had: -1 food, 7 water, and 21 sleep.
The total tree search depth for this trial was 59426.
The agent accessed its memory 188777 times.
The agent cleared its short-term memory 5 times.
    State prediction error memory resets: 3.
    Hill memory resets: 2.
At time 48 the agent is dead.
The agent had: -1 food, 15 water, and 17 sleep.
The total tree search depth for this trial was 114192.
The agent accessed its memory 365161 times.
The agent cleared its short-term memory 9 times.
    State prediction error memory resets: 7.
    Hill memory resets: 2.
At time 20 the agent is dead.
The agent had: 18 food, -1 water, and 4 sleep.
The total tree search depth for this trial was 18584.
The agent accessed its memory 57770 times.
The agent cleared its short-term memory 2 times.
    State prediction error memory resets: 1.
    Hill memory resets: 1.
At time 83 the agent is dead.
The agent had: 5 food, -1 water, and 9 sleep.
The total tree search depth for this trial was 202166.
The agent accessed its memory 659001 times.
The agent cleared its short-term memory 15 times.
    State prediction error memory resets: 13.
    Hill memory resets: 2.
At time 63 the agent is dead.
The agent had: 18 food, -1 water, and 2 sleep.
The total tree search depth for this trial was 51881.
The agent accessed its memory 156031 times.
The agent cleared its short-term memory 8 times.
    State prediction error memory resets: 6.
    Hill memory resets: 2.
At time 20 the agent is dead.
The agent had: 18 food, -1 water, and 4 sleep.
The total tree search depth for this trial was 19437.
The agent accessed its memory 60025 times.
The agent cleared its short-term memory 2 times.
    State prediction error memory resets: 1.
    Hill memory resets: 1.
At time 22 the agent is dead.
The agent had: -1 food, 6 water, and 2 sleep.
The total tree search depth for this trial was 70036.
The agent accessed its memory 233800 times.
The agent cleared its short-term memory 6 times.
    State prediction error memory resets: 5.
    Hill memory resets: 1.
At time 25 the agent is dead.
The agent had: 10 food, 10 water, and -1 sleep.
The total tree search depth for this trial was 28260.
The agent accessed its memory 88462 times.
The agent cleared its short-term memory 4 times.
    State prediction error memory resets: 3.
    Hill memory resets: 1.
At time 69 the agent is dead.
The agent had: -1 food, 15 water, and 16 sleep.
The total tree search depth for this trial was 236717.
The agent accessed its memory 737182 times.
The agent cleared its short-term memory 17 times.
    State prediction error memory resets: 16.
    Hill memory resets: 1.
At time 29 the agent is dead.
The agent had: -1 food, 6 water, and 1 sleep.
The total tree search depth for this trial was 73076.
The agent accessed its memory 240620 times.
The agent cleared its short-term memory 7 times.
    State prediction error memory resets: 5.
    Hill memory resets: 2.
At time 31 the agent is dead.
The agent had: -1 food, 16 water, and 12 sleep.
The total tree search depth for this trial was 101205.
The agent accessed its memory 305712 times.
The agent cleared its short-term memory 8 times.
    State prediction error memory resets: 7.
    Hill memory resets: 1.
At time 30 the agent is dead.
The agent had: -1 food, 9 water, and 22 sleep.
The total tree search depth for this trial was 56195.
The agent accessed its memory 174282 times.
The agent cleared its short-term memory 6 times.
    State prediction error memory resets: 5.
    Hill memory resets: 1.
At time 73 the agent is dead.
The agent had: -1 food, 16 water, and 15 sleep.
The total tree search depth for this trial was 349150.
The agent accessed its memory 1146932 times.
The agent cleared its short-term memory 22 times.
    State prediction error memory resets: 18.
    Hill memory resets: 4.
At time 22 the agent is dead.
The agent had: -1 food, 12 water, and 2 sleep.
The total tree search depth for this trial was 45970.
The agent accessed its memory 152353 times.
The agent cleared its short-term memory 5 times.
    State prediction error memory resets: 3.
    Hill memory resets: 2.
At time 55 the agent is dead.
The agent had: -1 food, 3 water, and 13 sleep.
The total tree search depth for this trial was 143583.
The agent accessed its memory 449746 times.
The agent cleared its short-term memory 11 times.
    State prediction error memory resets: 10.
    Hill memory resets: 1.
At time 60 the agent is dead.
The agent had: -1 food, 9 water, and 19 sleep.
The total tree search depth for this trial was 85109.
The agent accessed its memory 279669 times.
The agent cleared its short-term memory 11 times.
    State prediction error memory resets: 9.
    Hill memory resets: 2.
At time 43 the agent is dead.
The agent had: -1 food, 5 water, and 22 sleep.
The total tree search depth for this trial was 71002.
The agent accessed its memory 216342 times.
The agent cleared its short-term memory 5 times.
    State prediction error memory resets: 4.
    Hill memory resets: 1.
At time 64 the agent is dead.
The agent had: -1 food, 3 water, and 13 sleep.
The total tree search depth for this trial was 209409.
The agent accessed its memory 693605 times.
The agent cleared its short-term memory 12 times.
    State prediction error memory resets: 10.
    Hill memory resets: 2.
At time 28 the agent is dead.
The agent had: -1 food, 7 water, and 18 sleep.
The total tree search depth for this trial was 62844.
The agent accessed its memory 186024 times.
The agent cleared its short-term memory 6 times.
    State prediction error memory resets: 5.
    Hill memory resets: 1.
At time 29 the agent is dead.
The agent had: 11 food, -1 water, and 13 sleep.
The total tree search depth for this trial was 102229.
The agent accessed its memory 328586 times.
The agent cleared its short-term memory 5 times.
    State prediction error memory resets: 4.
    Hill memory resets: 1.
At time 36 the agent is dead.
The agent had: -1 food, 5 water, and 19 sleep.
The total tree search depth for this trial was 108681.
The agent accessed its memory 326008 times.
The agent cleared its short-term memory 6 times.
    State prediction error memory resets: 4.
    Hill memory resets: 2.
At time 37 the agent is dead.
The agent had: -1 food, -1 water, and 9 sleep.
The total tree search depth for this trial was 127199.
The agent accessed its memory 420986 times.
The agent cleared its short-term memory 11 times.
    State prediction error memory resets: 9.
    Hill memory resets: 2.
At time 31 the agent is dead.
The agent had: -1 food, 10 water, and 18 sleep.
The total tree search depth for this trial was 57008.
The agent accessed its memory 197483 times.
The agent cleared its short-term memory 7 times.
    State prediction error memory resets: 5.
    Hill memory resets: 2.
At time 22 the agent is dead.
The agent had: -1 food, 16 water, and 18 sleep.
The total tree search depth for this trial was 57970.
The agent accessed its memory 189182 times.
The agent cleared its short-term memory 5 times.
    State prediction error memory resets: 4.
    Hill memory resets: 1.
At time 22 the agent is dead.
The agent had: -1 food, 6 water, and 17 sleep.
The total tree search depth for this trial was 57105.
The agent accessed its memory 180074 times.
The agent cleared its short-term memory 5 times.
    State prediction error memory resets: 4.
    Hill memory resets: 1.
At time 20 the agent is dead.
The agent had: 8 food, -1 water, and 12 sleep.
The total tree search depth for this trial was 47579.
The agent accessed its memory 140049 times.
The agent cleared its short-term memory 2 times.
    State prediction error memory resets: 1.
    Hill memory resets: 1.
At time 92 the agent is dead.
The agent had: -1 food, -1 water, and 5 sleep.
The total tree search depth for this trial was 205387.
The agent accessed its memory 654893 times.
The agent cleared its short-term memory 13 times.
    State prediction error memory resets: 11.
    Hill memory resets: 2.
At time 22 the agent is dead.
The agent had: -1 food, 8 water, and 2 sleep.
The total tree search depth for this trial was 52164.
The agent accessed its memory 171166 times.
The agent cleared its short-term memory 6 times.
    State prediction error memory resets: 5.
    Hill memory resets: 1.
At time 30 the agent is dead.
The agent had: 10 food, -1 water, and 12 sleep.
The total tree search depth for this trial was 72402.
The agent accessed its memory 215161 times.
The agent cleared its short-term memory 6 times.
    State prediction error memory resets: 5.
    Hill memory resets: 1.
At time 20 the agent is dead.
The agent had: 1 food, -1 water, and 10 sleep.
The total tree search depth for this trial was 57321.
The agent accessed its memory 194501 times.
The agent cleared its short-term memory 7 times.
    State prediction error memory resets: 6.
    Hill memory resets: 1.
At time 29 the agent is dead.
The agent had: -1 food, 1 water, and 9 sleep.
The total tree search depth for this trial was 93465.
The agent accessed its memory 292852 times.
The agent cleared its short-term memory 5 times.
    State prediction error memory resets: 4.
    Hill memory resets: 1.
At time 20 the agent is dead.
The agent had: 1 food, -1 water, and 10 sleep.
The total tree search depth for this trial was 50264.
The agent accessed its memory 146895 times.
The agent cleared its short-term memory 3 times.
    State prediction error memory resets: 2.
    Hill memory resets: 1.
At time 29 the agent is dead.
The agent had: -1 food, 15 water, and 16 sleep.
The total tree search depth for this trial was 61776.
The agent accessed its memory 178941 times.
The agent cleared its short-term memory 4 times.
    State prediction error memory resets: 3.
    Hill memory resets: 1.
At time 56 the agent is dead.
The agent had: -1 food, 10 water, and 20 sleep.
The total tree search depth for this trial was 191588.
The agent accessed its memory 606685 times.
The agent cleared its short-term memory 12 times.
    State prediction error memory resets: 9.
    Hill memory resets: 3.
At time 46 the agent is dead.
The agent had: -1 food, 16 water, and 14 sleep.
The total tree search depth for this trial was 60284.
The agent accessed its memory 187379 times.
The agent cleared its short-term memory 6 times.
    State prediction error memory resets: 5.
    Hill memory resets: 1.
At time 22 the agent is dead.
The agent had: -1 food, 7 water, and 20 sleep.
The total tree search depth for this trial was 26183.
The agent accessed its memory 83380 times.
The agent cleared its short-term memory 3 times.
    State prediction error memory resets: 2.
    Hill memory resets: 1.
At time 29 the agent is dead.
The agent had: 7 food, -1 water, and 2 sleep.
The total tree search depth for this trial was 76001.
The agent accessed its memory 251353 times.
The agent cleared its short-term memory 6 times.
    State prediction error memory resets: 5.
    Hill memory resets: 1.
At time 33 the agent is dead.
The agent had: -1 food, 8 water, and 20 sleep.
The total tree search depth for this trial was 86498.
The agent accessed its memory 284563 times.
The agent cleared its short-term memory 7 times.
    State prediction error memory resets: 5.
    Hill memory resets: 2.
At time 35 the agent is dead.
The agent had: -1 food, 7 water, and 16 sleep.
The total tree search depth for this trial was 76642.
The agent accessed its memory 249770 times.
The agent cleared its short-term memory 8 times.
    State prediction error memory resets: 6.
    Hill memory resets: 2.
At time 28 the agent is dead.
The agent had: -1 food, 1 water, and 20 sleep.
The total tree search depth for this trial was 92339.
The agent accessed its memory 261479 times.
The agent cleared its short-term memory 6 times.
    State prediction error memory resets: 5.
    Hill memory resets: 1.
At time 35 the agent is dead.
The agent had: -1 food, 10 water, and 11 sleep.
The total tree search depth for this trial was 71400.
The agent accessed its memory 226952 times.
The agent cleared its short-term memory 6 times.
    State prediction error memory resets: 5.
    Hill memory resets: 1.
At time 20 the agent is dead.
The agent had: 1 food, -1 water, and 10 sleep.
The total tree search depth for this trial was 54528.
The agent accessed its memory 170299 times.
The agent cleared its short-term memory 3 times.
    State prediction error memory resets: 2.
    Hill memory resets: 1.
