Running Python script with ALGORITHM=SI and SEED=21
At time 31 the agent is dead.
The agent had: -1 food, 2 water, and 9 sleep.
The total tree search depth for this trial was 14443.
The agent accessed its memory 31532 times.
The agent cleared its short-term memory 7 times.
    State prediction error memory resets: 6.
    Hill memory resets: 1.
At time 25 the agent is dead.
The agent had: 18 food, 6 water, and -1 sleep.
The total tree search depth for this trial was 23349.
The agent accessed its memory 67903 times.
The agent cleared its short-term memory 4 times.
    State prediction error memory resets: 3.
    Hill memory resets: 1.
At time 20 the agent is dead.
The agent had: 1 food, -1 water, and 4 sleep.
The total tree search depth for this trial was 10537.
The agent accessed its memory 40686 times.
The agent cleared its short-term memory 11 times.
    State prediction error memory resets: 11.
    Hill memory resets: 0.
At time 20 the agent is dead.
The agent had: 1 food, -1 water, and 4 sleep.
The total tree search depth for this trial was 3245.
The agent accessed its memory 13411 times.
The agent cleared its short-term memory 1 times.
    State prediction error memory resets: 1.
    Hill memory resets: 0.
At time 22 the agent is dead.
The agent had: -1 food, 16 water, and 2 sleep.
The total tree search depth for this trial was 2300.
The agent accessed its memory 8655 times.
The agent cleared its short-term memory 10 times.
    State prediction error memory resets: 10.
    Hill memory resets: 0.
At time 25 the agent is dead.
The agent had: 2 food, 1 water, and -1 sleep.
The total tree search depth for this trial was 19311.
The agent accessed its memory 67131 times.
The agent cleared its short-term memory 18 times.
    State prediction error memory resets: 18.
    Hill memory resets: 0.
At time 20 the agent is dead.
The agent had: 1 food, -1 water, and 4 sleep.
The total tree search depth for this trial was 3414.
The agent accessed its memory 14117 times.
The agent cleared its short-term memory 5 times.
    State prediction error memory resets: 5.
    Hill memory resets: 0.
At time 25 the agent is dead.
The agent had: 17 food, 14 water, and -1 sleep.
The total tree search depth for this trial was 4522.
The agent accessed its memory 17241 times.
The agent cleared its short-term memory 14 times.
    State prediction error memory resets: 14.
    Hill memory resets: 0.
At time 20 the agent is dead.
The agent had: 13 food, -1 water, and 4 sleep.
The total tree search depth for this trial was 4661.
The agent accessed its memory 16446 times.
The agent cleared its short-term memory 5 times.
    State prediction error memory resets: 3.
    Hill memory resets: 2.
At time 20 the agent is dead.
The agent had: 1 food, -1 water, and 4 sleep.
The total tree search depth for this trial was 5031.
The agent accessed its memory 19511 times.
The agent cleared its short-term memory 5 times.
    State prediction error memory resets: 4.
    Hill memory resets: 1.
At time 20 the agent is dead.
The agent had: 1 food, -1 water, and 4 sleep.
The total tree search depth for this trial was 12890.
The agent accessed its memory 52380 times.
The agent cleared its short-term memory 5 times.
    State prediction error memory resets: 4.
    Hill memory resets: 1.
At time 20 the agent is dead.
The agent had: 1 food, -1 water, and 4 sleep.
The total tree search depth for this trial was 12039.
The agent accessed its memory 48490 times.
The agent cleared its short-term memory 11 times.
    State prediction error memory resets: 11.
    Hill memory resets: 0.
At time 40 the agent is dead.
The agent had: 13 food, -1 water, and 2 sleep.
The total tree search depth for this trial was 23578.
The agent accessed its memory 91872 times.
The agent cleared its short-term memory 8 times.
    State prediction error memory resets: 6.
    Hill memory resets: 2.
At time 25 the agent is dead.
The agent had: 14 food, 1 water, and -1 sleep.
The total tree search depth for this trial was 57335.
The agent accessed its memory 252798 times.
The agent cleared its short-term memory 15 times.
    State prediction error memory resets: 15.
    Hill memory resets: 0.
At time 20 the agent is dead.
The agent had: 1 food, -1 water, and 4 sleep.
The total tree search depth for this trial was 23302.
The agent accessed its memory 95817 times.
The agent cleared its short-term memory 13 times.
    State prediction error memory resets: 13.
    Hill memory resets: 0.
At time 20 the agent is dead.
The agent had: 1 food, -1 water, and 4 sleep.
The total tree search depth for this trial was 6784.
The agent accessed its memory 25790 times.
The agent cleared its short-term memory 6 times.
    State prediction error memory resets: 5.
    Hill memory resets: 1.
At time 20 the agent is dead.
The agent had: 1 food, -1 water, and 23 sleep.
The total tree search depth for this trial was 35610.
The agent accessed its memory 162831 times.
The agent cleared its short-term memory 8 times.
    State prediction error memory resets: 8.
    Hill memory resets: 0.
At time 54 the agent is dead.
The agent had: 3 food, 3 water, and -1 sleep.
The total tree search depth for this trial was 87907.
The agent accessed its memory 353372 times.
The agent cleared its short-term memory 27 times.
    State prediction error memory resets: 26.
    Hill memory resets: 1.
At time 47 the agent is dead.
The agent had: 11 food, -1 water, and 17 sleep.
The total tree search depth for this trial was 106466.
The agent accessed its memory 437814 times.
The agent cleared its short-term memory 19 times.
    State prediction error memory resets: 17.
    Hill memory resets: 2.
At time 20 the agent is dead.
The agent had: 9 food, -1 water, and 17 sleep.
The total tree search depth for this trial was 25293.
The agent accessed its memory 99804 times.
The agent cleared its short-term memory 4 times.
    State prediction error memory resets: 3.
    Hill memory resets: 1.
At time 20 the agent is dead.
The agent had: 1 food, -1 water, and 4 sleep.
The total tree search depth for this trial was 26199.
The agent accessed its memory 117505 times.
The agent cleared its short-term memory 9 times.
    State prediction error memory resets: 8.
    Hill memory resets: 1.
At time 20 the agent is dead.
The agent had: 1 food, -1 water, and 4 sleep.
The total tree search depth for this trial was 12839.
The agent accessed its memory 49064 times.
The agent cleared its short-term memory 13 times.
    State prediction error memory resets: 12.
    Hill memory resets: 1.
At time 20 the agent is dead.
The agent had: 1 food, -1 water, and 4 sleep.
The total tree search depth for this trial was 14403.
The agent accessed its memory 54744 times.
The agent cleared its short-term memory 7 times.
    State prediction error memory resets: 6.
    Hill memory resets: 1.
At time 20 the agent is dead.
The agent had: 1 food, -1 water, and 4 sleep.
The total tree search depth for this trial was 24459.
The agent accessed its memory 100343 times.
The agent cleared its short-term memory 6 times.
    State prediction error memory resets: 5.
    Hill memory resets: 1.
At time 20 the agent is dead.
The agent had: 1 food, -1 water, and 4 sleep.
The total tree search depth for this trial was 21015.
The agent accessed its memory 95789 times.
The agent cleared its short-term memory 6 times.
    State prediction error memory resets: 4.
    Hill memory resets: 2.
At time 31 the agent is dead.
The agent had: -1 food, 2 water, and 19 sleep.
The total tree search depth for this trial was 59382.
The agent accessed its memory 235325 times.
The agent cleared its short-term memory 9 times.
    State prediction error memory resets: 8.
    Hill memory resets: 1.
At time 22 the agent is dead.
The agent had: -1 food, 12 water, and 11 sleep.
The total tree search depth for this trial was 47726.
The agent accessed its memory 185590 times.
The agent cleared its short-term memory 12 times.
    State prediction error memory resets: 10.
    Hill memory resets: 2.
At time 22 the agent is dead.
The agent had: -1 food, 5 water, and 18 sleep.
The total tree search depth for this trial was 28886.
The agent accessed its memory 114621 times.
The agent cleared its short-term memory 8 times.
    State prediction error memory resets: 7.
    Hill memory resets: 1.
At time 22 the agent is dead.
The agent had: -1 food, 8 water, and 2 sleep.
The total tree search depth for this trial was 76585.
The agent accessed its memory 320922 times.
The agent cleared its short-term memory 14 times.
    State prediction error memory resets: 13.
    Hill memory resets: 1.
At time 25 the agent is dead.
The agent had: 13 food, 6 water, and -1 sleep.
The total tree search depth for this trial was 32011.
The agent accessed its memory 119931 times.
The agent cleared its short-term memory 9 times.
    State prediction error memory resets: 8.
    Hill memory resets: 1.
At time 22 the agent is dead.
The agent had: -1 food, 13 water, and 9 sleep.
The total tree search depth for this trial was 67998.
The agent accessed its memory 252768 times.
The agent cleared its short-term memory 10 times.
    State prediction error memory resets: 9.
    Hill memory resets: 1.
At time 20 the agent is dead.
The agent had: 1 food, -1 water, and 4 sleep.
The total tree search depth for this trial was 20409.
The agent accessed its memory 81731 times.
The agent cleared its short-term memory 4 times.
    State prediction error memory resets: 3.
    Hill memory resets: 1.
At time 20 the agent is dead.
The agent had: 15 food, -1 water, and 22 sleep.
The total tree search depth for this trial was 19773.
The agent accessed its memory 73531 times.
The agent cleared its short-term memory 5 times.
    State prediction error memory resets: 4.
    Hill memory resets: 1.
At time 20 the agent is dead.
The agent had: 1 food, -1 water, and 11 sleep.
The total tree search depth for this trial was 72229.
The agent accessed its memory 289499 times.
The agent cleared its short-term memory 6 times.
    State prediction error memory resets: 5.
    Hill memory resets: 1.
At time 20 the agent is dead.
The agent had: 10 food, -1 water, and 4 sleep.
The total tree search depth for this trial was 33983.
The agent accessed its memory 135214 times.
The agent cleared its short-term memory 4 times.
    State prediction error memory resets: 3.
    Hill memory resets: 1.
At time 22 the agent is dead.
The agent had: -1 food, 10 water, and 17 sleep.
The total tree search depth for this trial was 40499.
The agent accessed its memory 174340 times.
The agent cleared its short-term memory 11 times.
    State prediction error memory resets: 9.
    Hill memory resets: 2.
At time 22 the agent is dead.
The agent had: -1 food, 16 water, and 19 sleep.
The total tree search depth for this trial was 42954.
The agent accessed its memory 161467 times.
The agent cleared its short-term memory 3 times.
    State prediction error memory resets: 2.
    Hill memory resets: 1.
At time 20 the agent is dead.
The agent had: 1 food, -1 water, and 4 sleep.
The total tree search depth for this trial was 35045.
The agent accessed its memory 140499 times.
The agent cleared its short-term memory 4 times.
    State prediction error memory resets: 3.
    Hill memory resets: 1.
At time 20 the agent is dead.
The agent had: 1 food, -1 water, and 4 sleep.
The total tree search depth for this trial was 21163.
The agent accessed its memory 76888 times.
The agent cleared its short-term memory 10 times.
    State prediction error memory resets: 9.
    Hill memory resets: 1.
At time 20 the agent is dead.
The agent had: 12 food, -1 water, and 4 sleep.
The total tree search depth for this trial was 21905.
The agent accessed its memory 76532 times.
The agent cleared its short-term memory 2 times.
    State prediction error memory resets: 1.
    Hill memory resets: 1.
At time 20 the agent is dead.
The agent had: 1 food, -1 water, and 4 sleep.
The total tree search depth for this trial was 35047.
The agent accessed its memory 141772 times.
The agent cleared its short-term memory 10 times.
    State prediction error memory resets: 9.
    Hill memory resets: 1.
At time 20 the agent is dead.
The agent had: 9 food, -1 water, and 15 sleep.
The total tree search depth for this trial was 74454.
The agent accessed its memory 266823 times.
The agent cleared its short-term memory 5 times.
    State prediction error memory resets: 3.
    Hill memory resets: 2.
At time 59 the agent is dead.
The agent had: 6 food, 9 water, and -1 sleep.
The total tree search depth for this trial was 120151.
The agent accessed its memory 454026 times.
The agent cleared its short-term memory 13 times.
    State prediction error memory resets: 12.
    Hill memory resets: 1.
At time 20 the agent is dead.
The agent had: 1 food, -1 water, and 4 sleep.
The total tree search depth for this trial was 42990.
The agent accessed its memory 168387 times.
The agent cleared its short-term memory 4 times.
    State prediction error memory resets: 1.
    Hill memory resets: 3.
At time 43 the agent is dead.
The agent had: -1 food, 12 water, and 22 sleep.
The total tree search depth for this trial was 57998.
The agent accessed its memory 208411 times.
The agent cleared its short-term memory 5 times.
    State prediction error memory resets: 4.
    Hill memory resets: 1.
At time 20 the agent is dead.
The agent had: 1 food, -1 water, and 4 sleep.
The total tree search depth for this trial was 33728.
The agent accessed its memory 128794 times.
The agent cleared its short-term memory 3 times.
    State prediction error memory resets: 2.
    Hill memory resets: 1.
At time 32 the agent is dead.
The agent had: -1 food, 17 water, and 20 sleep.
The total tree search depth for this trial was 151108.
The agent accessed its memory 574822 times.
The agent cleared its short-term memory 10 times.
    State prediction error memory resets: 8.
    Hill memory resets: 2.
At time 48 the agent is dead.
The agent had: 10 food, 7 water, and -1 sleep.
The total tree search depth for this trial was 179662.
The agent accessed its memory 606193 times.
The agent cleared its short-term memory 16 times.
    State prediction error memory resets: 15.
    Hill memory resets: 1.
At time 22 the agent is dead.
The agent had: -1 food, 13 water, and 20 sleep.
The total tree search depth for this trial was 29285.
The agent accessed its memory 103709 times.
The agent cleared its short-term memory 4 times.
    State prediction error memory resets: 3.
    Hill memory resets: 1.
At time 20 the agent is dead.
The agent had: 1 food, -1 water, and 4 sleep.
The total tree search depth for this trial was 43826.
The agent accessed its memory 159575 times.
The agent cleared its short-term memory 5 times.
    State prediction error memory resets: 4.
    Hill memory resets: 1.
At time 25 the agent is dead.
The agent had: 12 food, 12 water, and -1 sleep.
The total tree search depth for this trial was 40119.
The agent accessed its memory 139608 times.
The agent cleared its short-term memory 6 times.
    State prediction error memory resets: 5.
    Hill memory resets: 1.
At time 22 the agent is dead.
The agent had: -1 food, 14 water, and 11 sleep.
The total tree search depth for this trial was 25236.
The agent accessed its memory 91045 times.
The agent cleared its short-term memory 6 times.
    State prediction error memory resets: 5.
    Hill memory resets: 1.
At time 25 the agent is dead.
The agent had: 5 food, 1 water, and -1 sleep.
The total tree search depth for this trial was 65136.
The agent accessed its memory 251960 times.
The agent cleared its short-term memory 11 times.
    State prediction error memory resets: 10.
    Hill memory resets: 1.
At time 31 the agent is dead.
The agent had: 4 food, 3 water, and -1 sleep.
The total tree search depth for this trial was 66094.
The agent accessed its memory 224575 times.
The agent cleared its short-term memory 6 times.
    State prediction error memory resets: 5.
    Hill memory resets: 1.
At time 25 the agent is dead.
The agent had: 9 food, 9 water, and -1 sleep.
The total tree search depth for this trial was 40587.
The agent accessed its memory 144981 times.
The agent cleared its short-term memory 8 times.
    State prediction error memory resets: 7.
    Hill memory resets: 1.
At time 20 the agent is dead.
The agent had: 1 food, -1 water, and 16 sleep.
The total tree search depth for this trial was 58876.
The agent accessed its memory 208277 times.
The agent cleared its short-term memory 8 times.
    State prediction error memory resets: 6.
    Hill memory resets: 2.
At time 82 the agent is dead.
The agent had: 18 food, -1 water, and 2 sleep.
The total tree search depth for this trial was 297923.
The agent accessed its memory 1054740 times.
The agent cleared its short-term memory 23 times.
    State prediction error memory resets: 20.
    Hill memory resets: 3.
At time 22 the agent is dead.
The agent had: -1 food, 9 water, and 9 sleep.
The total tree search depth for this trial was 36747.
The agent accessed its memory 132245 times.
The agent cleared its short-term memory 3 times.
    State prediction error memory resets: 2.
    Hill memory resets: 1.
At time 49 the agent is dead.
The agent had: 9 food, 5 water, and -1 sleep.
The total tree search depth for this trial was 85525.
The agent accessed its memory 307581 times.
The agent cleared its short-term memory 7 times.
    State prediction error memory resets: 6.
    Hill memory resets: 1.
At time 20 the agent is dead.
The agent had: 14 food, -1 water, and 21 sleep.
The total tree search depth for this trial was 20408.
The agent accessed its memory 68887 times.
The agent cleared its short-term memory 3 times.
    State prediction error memory resets: 2.
    Hill memory resets: 1.
At time 20 the agent is dead.
The agent had: 15 food, -1 water, and 4 sleep.
The total tree search depth for this trial was 20831.
The agent accessed its memory 69735 times.
The agent cleared its short-term memory 2 times.
    State prediction error memory resets: 1.
    Hill memory resets: 1.
At time 29 the agent is dead.
The agent had: -1 food, -1 water, and 1 sleep.
The total tree search depth for this trial was 29130.
The agent accessed its memory 97104 times.
The agent cleared its short-term memory 2 times.
    State prediction error memory resets: 1.
    Hill memory resets: 1.
At time 25 the agent is dead.
The agent had: 11 food, 16 water, and -1 sleep.
The total tree search depth for this trial was 37446.
The agent accessed its memory 125498 times.
The agent cleared its short-term memory 2 times.
    State prediction error memory resets: 1.
    Hill memory resets: 1.
At time 72 the agent is dead.
The agent had: -1 food, -1 water, and 12 sleep.
The total tree search depth for this trial was 255102.
The agent accessed its memory 891821 times.
The agent cleared its short-term memory 12 times.
    State prediction error memory resets: 11.
    Hill memory resets: 1.
At time 25 the agent is dead.
The agent had: 7 food, 7 water, and -1 sleep.
The total tree search depth for this trial was 97267.
The agent accessed its memory 334931 times.
The agent cleared its short-term memory 8 times.
    State prediction error memory resets: 5.
    Hill memory resets: 3.
At time 46 the agent is dead.
The agent had: 10 food, -1 water, and 12 sleep.
The total tree search depth for this trial was 90198.
The agent accessed its memory 289801 times.
The agent cleared its short-term memory 8 times.
    State prediction error memory resets: 7.
    Hill memory resets: 1.
At time 22 the agent is dead.
The agent had: -1 food, 11 water, and 21 sleep.
The total tree search depth for this trial was 55034.
The agent accessed its memory 196951 times.
The agent cleared its short-term memory 6 times.
    State prediction error memory resets: 5.
    Hill memory resets: 1.
At time 25 the agent is dead.
The agent had: 19 food, 15 water, and -1 sleep.
The total tree search depth for this trial was 75589.
The agent accessed its memory 255367 times.
The agent cleared its short-term memory 6 times.
    State prediction error memory resets: 5.
    Hill memory resets: 1.
At time 65 the agent is dead.
The agent had: 6 food, -1 water, and 1 sleep.
The total tree search depth for this trial was 248047.
The agent accessed its memory 849463 times.
The agent cleared its short-term memory 14 times.
    State prediction error memory resets: 12.
    Hill memory resets: 2.
At time 22 the agent is dead.
The agent had: -1 food, 16 water, and 19 sleep.
The total tree search depth for this trial was 86254.
The agent accessed its memory 327033 times.
The agent cleared its short-term memory 7 times.
    State prediction error memory resets: 6.
    Hill memory resets: 1.
At time 60 the agent is dead.
The agent had: 5 food, -1 water, and 11 sleep.
The total tree search depth for this trial was 181282.
The agent accessed its memory 584457 times.
The agent cleared its short-term memory 15 times.
    State prediction error memory resets: 13.
    Hill memory resets: 2.
At time 43 the agent is dead.
The agent had: 0 food, -1 water, and 2 sleep.
The total tree search depth for this trial was 59475.
The agent accessed its memory 213982 times.
The agent cleared its short-term memory 4 times.
    State prediction error memory resets: 3.
    Hill memory resets: 1.
At time 42 the agent is dead.
The agent had: 15 food, -1 water, and 2 sleep.
The total tree search depth for this trial was 101912.
The agent accessed its memory 334202 times.
The agent cleared its short-term memory 8 times.
    State prediction error memory resets: 6.
    Hill memory resets: 2.
At time 35 the agent is dead.
The agent had: 10 food, -1 water, and 12 sleep.
The total tree search depth for this trial was 125297.
The agent accessed its memory 427486 times.
The agent cleared its short-term memory 8 times.
    State prediction error memory resets: 5.
    Hill memory resets: 3.
At time 46 the agent is dead.
The agent had: -1 food, 0 water, and 12 sleep.
The total tree search depth for this trial was 156773.
The agent accessed its memory 538257 times.
The agent cleared its short-term memory 7 times.
    State prediction error memory resets: 5.
    Hill memory resets: 2.
At time 45 the agent is dead.
The agent had: 13 food, 9 water, and -1 sleep.
The total tree search depth for this trial was 165938.
The agent accessed its memory 564448 times.
The agent cleared its short-term memory 12 times.
    State prediction error memory resets: 10.
    Hill memory resets: 2.
At time 48 the agent is dead.
The agent had: 15 food, -1 water, and 2 sleep.
The total tree search depth for this trial was 81524.
The agent accessed its memory 262945 times.
The agent cleared its short-term memory 7 times.
    State prediction error memory resets: 5.
    Hill memory resets: 2.
At time 47 the agent is dead.
The agent had: 0 food, 2 water, and -1 sleep.
The total tree search depth for this trial was 145520.
The agent accessed its memory 516534 times.
The agent cleared its short-term memory 10 times.
    State prediction error memory resets: 9.
    Hill memory resets: 1.
At time 65 the agent is dead.
The agent had: 16 food, 9 water, and -1 sleep.
The total tree search depth for this trial was 191406.
The agent accessed its memory 622432 times.
The agent cleared its short-term memory 11 times.
    State prediction error memory resets: 9.
    Hill memory resets: 2.
At time 25 the agent is dead.
The agent had: 14 food, 13 water, and -1 sleep.
The total tree search depth for this trial was 26175.
The agent accessed its memory 86526 times.
The agent cleared its short-term memory 5 times.
    State prediction error memory resets: 4.
    Hill memory resets: 1.
At time 36 the agent is dead.
The agent had: -1 food, 9 water, and 11 sleep.
The total tree search depth for this trial was 63079.
The agent accessed its memory 215604 times.
The agent cleared its short-term memory 6 times.
    State prediction error memory resets: 5.
    Hill memory resets: 1.
At time 22 the agent is dead.
The agent had: -1 food, 5 water, and 2 sleep.
The total tree search depth for this trial was 106019.
The agent accessed its memory 396105 times.
The agent cleared its short-term memory 6 times.
    State prediction error memory resets: 5.
    Hill memory resets: 1.
At time 20 the agent is dead.
The agent had: 1 food, -1 water, and 4 sleep.
The total tree search depth for this trial was 59008.
The agent accessed its memory 215140 times.
The agent cleared its short-term memory 8 times.
    State prediction error memory resets: 7.
    Hill memory resets: 1.
At time 30 the agent is dead.
The agent had: 18 food, -1 water, and 7 sleep.
The total tree search depth for this trial was 104854.
The agent accessed its memory 333441 times.
The agent cleared its short-term memory 8 times.
    State prediction error memory resets: 6.
    Hill memory resets: 2.
At time 30 the agent is dead.
The agent had: 0 food, -1 water, and 18 sleep.
The total tree search depth for this trial was 121319.
The agent accessed its memory 377862 times.
The agent cleared its short-term memory 11 times.
    State prediction error memory resets: 9.
    Hill memory resets: 2.
At time 46 the agent is dead.
The agent had: 0 food, 4 water, and -1 sleep.
The total tree search depth for this trial was 213424.
The agent accessed its memory 721220 times.
The agent cleared its short-term memory 11 times.
    State prediction error memory resets: 10.
    Hill memory resets: 1.
At time 51 the agent is dead.
The agent had: -1 food, 10 water, and 13 sleep.
The total tree search depth for this trial was 102697.
The agent accessed its memory 340391 times.
The agent cleared its short-term memory 9 times.
    State prediction error memory resets: 8.
    Hill memory resets: 1.
At time 73 the agent is dead.
The agent had: -1 food, 1 water, and 9 sleep.
The total tree search depth for this trial was 119125.
The agent accessed its memory 394738 times.
The agent cleared its short-term memory 7 times.
    State prediction error memory resets: 6.
    Hill memory resets: 1.
At time 20 the agent is dead.
The agent had: 18 food, -1 water, and 4 sleep.
The total tree search depth for this trial was 46631.
The agent accessed its memory 148620 times.
The agent cleared its short-term memory 3 times.
    State prediction error memory resets: 2.
    Hill memory resets: 1.
At time 20 the agent is dead.
The agent had: 18 food, -1 water, and 4 sleep.
The total tree search depth for this trial was 51013.
The agent accessed its memory 170662 times.
The agent cleared its short-term memory 4 times.
    State prediction error memory resets: 2.
    Hill memory resets: 2.
At time 30 the agent is dead.
The agent had: 17 food, -1 water, and 6 sleep.
The total tree search depth for this trial was 54024.
The agent accessed its memory 170436 times.
The agent cleared its short-term memory 8 times.
    State prediction error memory resets: 6.
    Hill memory resets: 2.
At time 53 the agent is dead.
The agent had: -1 food, 3 water, and 9 sleep.
The total tree search depth for this trial was 234272.
The agent accessed its memory 785415 times.
The agent cleared its short-term memory 13 times.
    State prediction error memory resets: 11.
    Hill memory resets: 2.
At time 36 the agent is dead.
The agent had: 8 food, -1 water, and 7 sleep.
The total tree search depth for this trial was 110657.
The agent accessed its memory 358313 times.
The agent cleared its short-term memory 6 times.
    State prediction error memory resets: 5.
    Hill memory resets: 1.
At time 81 the agent is dead.
The agent had: 13 food, 14 water, and -1 sleep.
The total tree search depth for this trial was 228574.
The agent accessed its memory 690063 times.
The agent cleared its short-term memory 12 times.
    State prediction error memory resets: 11.
    Hill memory resets: 1.
At time 29 the agent is dead.
The agent had: 5 food, -1 water, and 2 sleep.
The total tree search depth for this trial was 64074.
The agent accessed its memory 213249 times.
The agent cleared its short-term memory 6 times.
    State prediction error memory resets: 5.
    Hill memory resets: 1.
At time 55 the agent is dead.
The agent had: -1 food, 7 water, and 7 sleep.
The total tree search depth for this trial was 207861.
The agent accessed its memory 674303 times.
The agent cleared its short-term memory 11 times.
    State prediction error memory resets: 9.
    Hill memory resets: 2.
At time 51 the agent is dead.
The agent had: -1 food, 6 water, and 9 sleep.
The total tree search depth for this trial was 143220.
The agent accessed its memory 470055 times.
The agent cleared its short-term memory 7 times.
    State prediction error memory resets: 6.
    Hill memory resets: 1.
At time 41 the agent is dead.
The agent had: 11 food, -1 water, and 13 sleep.
The total tree search depth for this trial was 123517.
The agent accessed its memory 407303 times.
The agent cleared its short-term memory 10 times.
    State prediction error memory resets: 9.
    Hill memory resets: 1.
At time 20 the agent is dead.
The agent had: 1 food, -1 water, and 17 sleep.
The total tree search depth for this trial was 74559.
The agent accessed its memory 273005 times.
The agent cleared its short-term memory 7 times.
    State prediction error memory resets: 5.
    Hill memory resets: 2.
At time 45 the agent is dead.
The agent had: 2 food, 6 water, and -1 sleep.
The total tree search depth for this trial was 146851.
The agent accessed its memory 495659 times.
The agent cleared its short-term memory 8 times.
    State prediction error memory resets: 7.
    Hill memory resets: 1.
At time 77 the agent is dead.
The agent had: 3 food, -1 water, and 1 sleep.
The total tree search depth for this trial was 250698.
The agent accessed its memory 833431 times.
The agent cleared its short-term memory 11 times.
    State prediction error memory resets: 8.
    Hill memory resets: 3.
At time 45 the agent is dead.
The agent had: 10 food, -1 water, and 12 sleep.
The total tree search depth for this trial was 113095.
The agent accessed its memory 357327 times.
The agent cleared its short-term memory 9 times.
    State prediction error memory resets: 8.
    Hill memory resets: 1.
At time 82 the agent is dead.
The agent had: 3 food, 3 water, and -1 sleep.
The total tree search depth for this trial was 274015.
The agent accessed its memory 929597 times.
The agent cleared its short-term memory 16 times.
    State prediction error memory resets: 13.
    Hill memory resets: 3.
At time 20 the agent is dead.
The agent had: 1 food, -1 water, and 17 sleep.
The total tree search depth for this trial was 39005.
The agent accessed its memory 134251 times.
The agent cleared its short-term memory 4 times.
    State prediction error memory resets: 3.
    Hill memory resets: 1.
At time 80 the agent is dead.
The agent had: 4 food, 9 water, and -1 sleep.
The total tree search depth for this trial was 268823.
The agent accessed its memory 886975 times.
The agent cleared its short-term memory 15 times.
    State prediction error memory resets: 13.
    Hill memory resets: 2.
At time 20 the agent is dead.
The agent had: 12 food, -1 water, and 4 sleep.
The total tree search depth for this trial was 32585.
The agent accessed its memory 107367 times.
The agent cleared its short-term memory 7 times.
    State prediction error memory resets: 6.
    Hill memory resets: 1.
