
----------------------------------------
TRIAL 1 STARTED
----------------------------------------
Start Time: 2024-05-01 20:23:16
TRIAL 1 COMPLETE ✔
End Time: 2024-05-01 20:23:20
Total runtime for this trial (minutes/seconds): 00:04
----------------------------------------
Total hill visits: 1
Total prediction errors: 2
Total search depth: 1112
Total times memory accessed: 1754
Total times 24 >= t < 49: 0
Total times 49 >= t < 74: 0
Total times 74 >= t < 99: 0
Total times t == 99: 0
Total time steps survived: 20
Total runtime so far (hours/minutes/seconds): 00:00:04
----------------------------------------

----------------------------------------
TRIAL 2 STARTED
----------------------------------------
Start Time: 2024-05-01 20:23:20
TRIAL 2 COMPLETE ✔
End Time: 2024-05-01 20:23:28
Total runtime for this trial (minutes/seconds): 00:07
----------------------------------------
Total hill visits: 1
Total prediction errors: 14
Total search depth: 2674
Total times memory accessed: 5469
Total times 24 >= t < 49: 0
Total times 49 >= t < 74: 0
Total times 74 >= t < 99: 0
Total times t == 99: 0
Total time steps survived: 40
Total runtime so far (hours/minutes/seconds): 00:00:11
----------------------------------------

----------------------------------------
TRIAL 3 STARTED
----------------------------------------
Start Time: 2024-05-01 20:23:28
TRIAL 3 COMPLETE ✔
End Time: 2024-05-01 20:23:34
Total runtime for this trial (minutes/seconds): 00:06
----------------------------------------
Total hill visits: 1
Total prediction errors: 25
Total search depth: 3884
Total times memory accessed: 8231
Total times 24 >= t < 49: 0
Total times 49 >= t < 74: 0
Total times 74 >= t < 99: 0
Total times t == 99: 0
Total time steps survived: 60
Total runtime so far (hours/minutes/seconds): 00:00:17
----------------------------------------

----------------------------------------
TRIAL 4 STARTED
----------------------------------------
Start Time: 2024-05-01 20:23:34
TRIAL 4 COMPLETE ✔
End Time: 2024-05-01 20:23:36
Total runtime for this trial (minutes/seconds): 00:02
----------------------------------------
Total hill visits: 4
Total prediction errors: 29
Total search depth: 4414
Total times memory accessed: 9470
Total times 24 >= t < 49: 0
Total times 49 >= t < 74: 0
Total times 74 >= t < 99: 0
Total times t == 99: 0
Total time steps survived: 80
Total runtime so far (hours/minutes/seconds): 00:00:20
----------------------------------------

----------------------------------------
TRIAL 5 STARTED
----------------------------------------
Start Time: 2024-05-01 20:23:36
TRIAL 5 COMPLETE ✔
End Time: 2024-05-01 20:23:41
Total runtime for this trial (minutes/seconds): 00:04
----------------------------------------
Total hill visits: 4
Total prediction errors: 29
Total search depth: 5438
Total times memory accessed: 11462
Total times 24 >= t < 49: 0
Total times 49 >= t < 74: 0
Total times 74 >= t < 99: 0
Total times t == 99: 0
Total time steps survived: 100
Total runtime so far (hours/minutes/seconds): 00:00:24
----------------------------------------

----------------------------------------
TRIAL 6 STARTED
----------------------------------------
Start Time: 2024-05-01 20:23:41
TRIAL 6 COMPLETE ✔
End Time: 2024-05-01 20:23:47
Total runtime for this trial (minutes/seconds): 00:06
----------------------------------------
Total hill visits: 7
Total prediction errors: 38
Total search depth: 6621
Total times memory accessed: 14800
Total times 24 >= t < 49: 0
Total times 49 >= t < 74: 0
Total times 74 >= t < 99: 0
Total times t == 99: 0
Total time steps survived: 120
Total runtime so far (hours/minutes/seconds): 00:00:31
----------------------------------------

----------------------------------------
TRIAL 7 STARTED
----------------------------------------
Start Time: 2024-05-01 20:23:47
TRIAL 7 COMPLETE ✔
End Time: 2024-05-01 20:23:57
Total runtime for this trial (minutes/seconds): 00:09
----------------------------------------
Total hill visits: 7
Total prediction errors: 51
Total search depth: 8509
Total times memory accessed: 20185
Total times 24 >= t < 49: 0
Total times 49 >= t < 74: 0
Total times 74 >= t < 99: 0
Total times t == 99: 0
Total time steps survived: 140
Total runtime so far (hours/minutes/seconds): 00:00:40
----------------------------------------

----------------------------------------
TRIAL 8 STARTED
----------------------------------------
Start Time: 2024-05-01 20:23:57
TRIAL 8 COMPLETE ✔
End Time: 2024-05-01 20:24:01
Total runtime for this trial (minutes/seconds): 00:04
----------------------------------------
Total hill visits: 7
Total prediction errors: 64
Total search depth: 9478
Total times memory accessed: 23011
Total times 24 >= t < 49: 0
Total times 49 >= t < 74: 0
Total times 74 >= t < 99: 0
Total times t == 99: 0
Total time steps survived: 160
Total runtime so far (hours/minutes/seconds): 00:00:45
----------------------------------------

----------------------------------------
TRIAL 9 STARTED
----------------------------------------
Start Time: 2024-05-01 20:24:01
TRIAL 9 COMPLETE ✔
End Time: 2024-05-01 20:24:05
Total runtime for this trial (minutes/seconds): 00:03
----------------------------------------
Total hill visits: 7
Total prediction errors: 70
Total search depth: 10110
Total times memory accessed: 24871
Total times 24 >= t < 49: 0
Total times 49 >= t < 74: 0
Total times 74 >= t < 99: 0
Total times t == 99: 0
Total time steps survived: 180
Total runtime so far (hours/minutes/seconds): 00:00:49
----------------------------------------

----------------------------------------
TRIAL 10 STARTED
----------------------------------------
Start Time: 2024-05-01 20:24:05
TRIAL 10 COMPLETE ✔
End Time: 2024-05-01 20:24:10
Total runtime for this trial (minutes/seconds): 00:04
----------------------------------------
Total hill visits: 8
Total prediction errors: 73
Total search depth: 11312
Total times memory accessed: 27744
Total times 24 >= t < 49: 0
Total times 49 >= t < 74: 0
Total times 74 >= t < 99: 0
Total times t == 99: 0
Total time steps survived: 200
Total runtime so far (hours/minutes/seconds): 00:00:54
----------------------------------------

----------------------------------------
TRIAL 11 STARTED
----------------------------------------
Start Time: 2024-05-01 20:24:10
TRIAL 11 COMPLETE ✔
End Time: 2024-05-01 20:24:15
Total runtime for this trial (minutes/seconds): 00:05
----------------------------------------
Total hill visits: 9
Total prediction errors: 77
Total search depth: 12467
Total times memory accessed: 30758
Total times 24 >= t < 49: 0
Total times 49 >= t < 74: 0
Total times 74 >= t < 99: 0
Total times t == 99: 0
Total time steps survived: 222
Total runtime so far (hours/minutes/seconds): 00:00:59
----------------------------------------

----------------------------------------
TRIAL 12 STARTED
----------------------------------------
Start Time: 2024-05-01 20:24:15
TRIAL 12 COMPLETE ✔
End Time: 2024-05-01 20:24:22
Total runtime for this trial (minutes/seconds): 00:07
----------------------------------------
Total hill visits: 11
Total prediction errors: 82
Total search depth: 13843
Total times memory accessed: 34630
Total times 24 >= t < 49: 0
Total times 49 >= t < 74: 0
Total times 74 >= t < 99: 0
Total times t == 99: 0
Total time steps survived: 242
Total runtime so far (hours/minutes/seconds): 00:01:06
----------------------------------------

----------------------------------------
TRIAL 13 STARTED
----------------------------------------
Start Time: 2024-05-01 20:24:22
TRIAL 13 COMPLETE ✔
End Time: 2024-05-01 20:24:29
Total runtime for this trial (minutes/seconds): 00:07
----------------------------------------
Total hill visits: 11
Total prediction errors: 91
Total search depth: 15095
Total times memory accessed: 37963
Total times 24 >= t < 49: 0
Total times 49 >= t < 74: 0
Total times 74 >= t < 99: 0
Total times t == 99: 0
Total time steps survived: 262
Total runtime so far (hours/minutes/seconds): 00:01:13
----------------------------------------

----------------------------------------
TRIAL 14 STARTED
----------------------------------------
Start Time: 2024-05-01 20:24:29
TRIAL 14 COMPLETE ✔
End Time: 2024-05-01 20:24:46
Total runtime for this trial (minutes/seconds): 00:16
----------------------------------------
Total hill visits: 12
Total prediction errors: 102
Total search depth: 17146
Total times memory accessed: 45296
Total times 24 >= t < 49: 0
Total times 49 >= t < 74: 0
Total times 74 >= t < 99: 0
Total times t == 99: 0
Total time steps survived: 282
Total runtime so far (hours/minutes/seconds): 00:01:30
----------------------------------------

----------------------------------------
TRIAL 15 STARTED
----------------------------------------
Start Time: 2024-05-01 20:24:46
TRIAL 15 COMPLETE ✔
End Time: 2024-05-01 20:24:50
Total runtime for this trial (minutes/seconds): 00:04
----------------------------------------
Total hill visits: 13
Total prediction errors: 106
Total search depth: 17934
Total times memory accessed: 47062
Total times 24 >= t < 49: 0
Total times 49 >= t < 74: 0
Total times 74 >= t < 99: 0
Total times t == 99: 0
Total time steps survived: 302
Total runtime so far (hours/minutes/seconds): 00:01:34
----------------------------------------

----------------------------------------
TRIAL 16 STARTED
----------------------------------------
Start Time: 2024-05-01 20:24:50
TRIAL 16 COMPLETE ✔
End Time: 2024-05-01 20:25:03
Total runtime for this trial (minutes/seconds): 00:12
----------------------------------------
Total hill visits: 15
Total prediction errors: 114
Total search depth: 19880
Total times memory accessed: 52800
Total times 24 >= t < 49: 0
Total times 49 >= t < 74: 0
Total times 74 >= t < 99: 0
Total times t == 99: 0
Total time steps survived: 322
Total runtime so far (hours/minutes/seconds): 00:01:46
----------------------------------------

----------------------------------------
TRIAL 17 STARTED
----------------------------------------
Start Time: 2024-05-01 20:25:03
TRIAL 17 COMPLETE ✔
End Time: 2024-05-01 20:25:13
Total runtime for this trial (minutes/seconds): 00:10
----------------------------------------
Total hill visits: 16
Total prediction errors: 124
Total search depth: 22009
Total times memory accessed: 58135
Total times 24 >= t < 49: 0
Total times 49 >= t < 74: 0
Total times 74 >= t < 99: 0
Total times t == 99: 0
Total time steps survived: 344
Total runtime so far (hours/minutes/seconds): 00:01:56
----------------------------------------

----------------------------------------
TRIAL 18 STARTED
----------------------------------------
Start Time: 2024-05-01 20:25:13
TRIAL 18 COMPLETE ✔
End Time: 2024-05-01 20:30:56
Total runtime for this trial (minutes/seconds): 05:43
----------------------------------------
Total hill visits: 17
Total prediction errors: 135
Total search depth: 65131
Total times memory accessed: 220521
Total times 24 >= t < 49: 1
Total times 49 >= t < 74: 0
Total times 74 >= t < 99: 0
Total times t == 99: 0
Total time steps survived: 369
Total runtime so far (hours/minutes/seconds): 00:07:40
----------------------------------------

----------------------------------------
TRIAL 19 STARTED
----------------------------------------
Start Time: 2024-05-01 20:30:56
TRIAL 19 COMPLETE ✔
End Time: 2024-05-01 20:31:07
Total runtime for this trial (minutes/seconds): 00:10
----------------------------------------
Total hill visits: 18
Total prediction errors: 139
Total search depth: 66890
Total times memory accessed: 227004
Total times 24 >= t < 49: 1
Total times 49 >= t < 74: 0
Total times 74 >= t < 99: 0
Total times t == 99: 0
Total time steps survived: 389
Total runtime so far (hours/minutes/seconds): 00:07:51
----------------------------------------

----------------------------------------
TRIAL 20 STARTED
----------------------------------------
Start Time: 2024-05-01 20:31:07
TRIAL 20 COMPLETE ✔
End Time: 2024-05-01 20:31:15
Total runtime for this trial (minutes/seconds): 00:08
----------------------------------------
Total hill visits: 19
Total prediction errors: 140
Total search depth: 68311
Total times memory accessed: 232102
Total times 24 >= t < 49: 1
Total times 49 >= t < 74: 0
Total times 74 >= t < 99: 0
Total times t == 99: 0
Total time steps survived: 409
Total runtime so far (hours/minutes/seconds): 00:07:59
----------------------------------------

----------------------------------------
TRIAL 21 STARTED
----------------------------------------
Start Time: 2024-05-01 20:31:15
TRIAL 21 COMPLETE ✔
End Time: 2024-05-01 20:34:48
Total runtime for this trial (minutes/seconds): 03:33
----------------------------------------
Total hill visits: 20
Total prediction errors: 146
Total search depth: 95710
Total times memory accessed: 344604
Total times 24 >= t < 49: 2
Total times 49 >= t < 74: 0
Total times 74 >= t < 99: 0
Total times t == 99: 0
Total time steps survived: 437
Total runtime so far (hours/minutes/seconds): 00:11:32
----------------------------------------

----------------------------------------
TRIAL 22 STARTED
----------------------------------------
Start Time: 2024-05-01 20:34:48
TRIAL 22 COMPLETE ✔
End Time: 2024-05-01 20:35:05
Total runtime for this trial (minutes/seconds): 00:16
----------------------------------------
Total hill visits: 21
Total prediction errors: 156
Total search depth: 97888
Total times memory accessed: 352901
Total times 24 >= t < 49: 2
Total times 49 >= t < 74: 0
Total times 74 >= t < 99: 0
Total times t == 99: 0
Total time steps survived: 457
Total runtime so far (hours/minutes/seconds): 00:11:48
----------------------------------------

----------------------------------------
TRIAL 23 STARTED
----------------------------------------
Start Time: 2024-05-01 20:35:05
TRIAL 23 COMPLETE ✔
End Time: 2024-05-01 20:35:11
Total runtime for this trial (minutes/seconds): 00:06
----------------------------------------
Total hill visits: 22
Total prediction errors: 159
Total search depth: 99218
Total times memory accessed: 356251
Total times 24 >= t < 49: 2
Total times 49 >= t < 74: 0
Total times 74 >= t < 99: 0
Total times t == 99: 0
Total time steps survived: 477
Total runtime so far (hours/minutes/seconds): 00:11:55
----------------------------------------

----------------------------------------
TRIAL 24 STARTED
----------------------------------------
Start Time: 2024-05-01 20:35:11
TRIAL 24 COMPLETE ✔
End Time: 2024-05-01 20:43:20
Total runtime for this trial (minutes/seconds): 08:08
----------------------------------------
Total hill visits: 23
Total prediction errors: 170
Total search depth: 167516
Total times memory accessed: 608243
Total times 24 >= t < 49: 2
Total times 49 >= t < 74: 1
Total times 74 >= t < 99: 0
Total times t == 99: 0
Total time steps survived: 541
Total runtime so far (hours/minutes/seconds): 00:20:04
----------------------------------------

----------------------------------------
TRIAL 25 STARTED
----------------------------------------
Start Time: 2024-05-01 20:43:20
TRIAL 25 COMPLETE ✔
End Time: 2024-05-01 20:43:41
Total runtime for this trial (minutes/seconds): 00:21
----------------------------------------
Total hill visits: 24
Total prediction errors: 173
Total search depth: 170912
Total times memory accessed: 618078
Total times 24 >= t < 49: 2
Total times 49 >= t < 74: 1
Total times 74 >= t < 99: 0
Total times t == 99: 0
Total time steps survived: 563
Total runtime so far (hours/minutes/seconds): 00:20:25
----------------------------------------

----------------------------------------
TRIAL 26 STARTED
----------------------------------------
Start Time: 2024-05-01 20:43:41
TRIAL 26 COMPLETE ✔
End Time: 2024-05-01 20:47:51
Total runtime for this trial (minutes/seconds): 04:09
----------------------------------------
Total hill visits: 26
Total prediction errors: 183
Total search depth: 197201
Total times memory accessed: 733659
Total times 24 >= t < 49: 3
Total times 49 >= t < 74: 1
Total times 74 >= t < 99: 0
Total times t == 99: 0
Total time steps survived: 588
Total runtime so far (hours/minutes/seconds): 00:24:35
----------------------------------------

----------------------------------------
TRIAL 27 STARTED
----------------------------------------
Start Time: 2024-05-01 20:47:51
TRIAL 27 COMPLETE ✔
End Time: 2024-05-01 20:55:31
Total runtime for this trial (minutes/seconds): 07:40
----------------------------------------
Total hill visits: 27
Total prediction errors: 193
Total search depth: 258464
Total times memory accessed: 948425
Total times 24 >= t < 49: 4
Total times 49 >= t < 74: 1
Total times 74 >= t < 99: 0
Total times t == 99: 0
Total time steps survived: 631
Total runtime so far (hours/minutes/seconds): 00:32:15
----------------------------------------

----------------------------------------
TRIAL 28 STARTED
----------------------------------------
Start Time: 2024-05-01 20:55:31
TRIAL 28 COMPLETE ✔
End Time: 2024-05-01 20:56:41
Total runtime for this trial (minutes/seconds): 01:09
----------------------------------------
Total hill visits: 28
Total prediction errors: 201
Total search depth: 267072
Total times memory accessed: 981398
Total times 24 >= t < 49: 4
Total times 49 >= t < 74: 1
Total times 74 >= t < 99: 0
Total times t == 99: 0
Total time steps survived: 651
Total runtime so far (hours/minutes/seconds): 00:33:25
----------------------------------------

----------------------------------------
TRIAL 29 STARTED
----------------------------------------
Start Time: 2024-05-01 20:56:41
TRIAL 29 COMPLETE ✔
End Time: 2024-05-01 20:58:11
Total runtime for this trial (minutes/seconds): 01:30
----------------------------------------
Total hill visits: 29
Total prediction errors: 206
Total search depth: 277509
Total times memory accessed: 1024589
Total times 24 >= t < 49: 4
Total times 49 >= t < 74: 1
Total times 74 >= t < 99: 0
Total times t == 99: 0
Total time steps survived: 671
Total runtime so far (hours/minutes/seconds): 00:34:55
----------------------------------------

----------------------------------------
TRIAL 30 STARTED
----------------------------------------
Start Time: 2024-05-01 20:58:11
TRIAL 30 COMPLETE ✔
End Time: 2024-05-01 21:02:42
Total runtime for this trial (minutes/seconds): 04:30
----------------------------------------
Total hill visits: 30
Total prediction errors: 213
Total search depth: 313089
Total times memory accessed: 1162661
Total times 24 >= t < 49: 4
Total times 49 >= t < 74: 1
Total times 74 >= t < 99: 0
Total times t == 99: 0
Total time steps survived: 691
Total runtime so far (hours/minutes/seconds): 00:39:25
----------------------------------------

----------------------------------------
TRIAL 31 STARTED
----------------------------------------
Start Time: 2024-05-01 21:02:42
TRIAL 31 COMPLETE ✔
End Time: 2024-05-01 21:07:09
Total runtime for this trial (minutes/seconds): 04:27
----------------------------------------
Total hill visits: 31
Total prediction errors: 220
Total search depth: 347022
Total times memory accessed: 1287995
Total times 24 >= t < 49: 5
Total times 49 >= t < 74: 1
Total times 74 >= t < 99: 0
Total times t == 99: 0
Total time steps survived: 724
Total runtime so far (hours/minutes/seconds): 00:43:53
----------------------------------------

----------------------------------------
TRIAL 32 STARTED
----------------------------------------
Start Time: 2024-05-01 21:07:09
TRIAL 32 COMPLETE ✔
End Time: 2024-05-01 21:14:00
Total runtime for this trial (minutes/seconds): 06:50
----------------------------------------
Total hill visits: 32
Total prediction errors: 228
Total search depth: 397686
Total times memory accessed: 1480497
Total times 24 >= t < 49: 6
Total times 49 >= t < 74: 1
Total times 74 >= t < 99: 0
Total times t == 99: 0
Total time steps survived: 752
Total runtime so far (hours/minutes/seconds): 00:50:43
----------------------------------------

----------------------------------------
TRIAL 33 STARTED
----------------------------------------
Start Time: 2024-05-01 21:14:00
TRIAL 33 COMPLETE ✔
End Time: 2024-05-01 21:18:04
Total runtime for this trial (minutes/seconds): 04:04
----------------------------------------
Total hill visits: 33
Total prediction errors: 235
Total search depth: 425885
Total times memory accessed: 1597640
Total times 24 >= t < 49: 6
Total times 49 >= t < 74: 1
Total times 74 >= t < 99: 0
Total times t == 99: 0
Total time steps survived: 772
Total runtime so far (hours/minutes/seconds): 00:54:48
----------------------------------------

----------------------------------------
TRIAL 34 STARTED
----------------------------------------
Start Time: 2024-05-01 21:18:04
TRIAL 34 COMPLETE ✔
End Time: 2024-05-01 21:19:49
Total runtime for this trial (minutes/seconds): 01:45
----------------------------------------
Total hill visits: 34
Total prediction errors: 239
Total search depth: 439699
Total times memory accessed: 1646196
Total times 24 >= t < 49: 6
Total times 49 >= t < 74: 1
Total times 74 >= t < 99: 0
Total times t == 99: 0
Total time steps survived: 792
Total runtime so far (hours/minutes/seconds): 00:56:33
----------------------------------------

----------------------------------------
TRIAL 35 STARTED
----------------------------------------
Start Time: 2024-05-01 21:19:49
TRIAL 35 COMPLETE ✔
End Time: 2024-05-01 21:34:22
Total runtime for this trial (minutes/seconds): 14:33
----------------------------------------
Total hill visits: 35
Total prediction errors: 251
Total search depth: 549910
Total times memory accessed: 2073791
Total times 24 >= t < 49: 7
Total times 49 >= t < 74: 1
Total times 74 >= t < 99: 0
Total times t == 99: 0
Total time steps survived: 838
Total runtime so far (hours/minutes/seconds): 01:11:06
----------------------------------------

----------------------------------------
TRIAL 36 STARTED
----------------------------------------
Start Time: 2024-05-01 21:34:22
TRIAL 36 COMPLETE ✔
End Time: 2024-05-01 21:37:26
Total runtime for this trial (minutes/seconds): 03:03
----------------------------------------
Total hill visits: 37
Total prediction errors: 254
Total search depth: 572975
Total times memory accessed: 2165119
Total times 24 >= t < 49: 7
Total times 49 >= t < 74: 1
Total times 74 >= t < 99: 0
Total times t == 99: 0
Total time steps survived: 858
Total runtime so far (hours/minutes/seconds): 01:14:10
----------------------------------------

----------------------------------------
TRIAL 37 STARTED
----------------------------------------
Start Time: 2024-05-01 21:37:26
TRIAL 37 COMPLETE ✔
End Time: 2024-05-01 21:39:59
Total runtime for this trial (minutes/seconds): 02:32
----------------------------------------
Total hill visits: 38
Total prediction errors: 258
Total search depth: 596255
Total times memory accessed: 2246582
Total times 24 >= t < 49: 7
Total times 49 >= t < 74: 1
Total times 74 >= t < 99: 0
Total times t == 99: 0
Total time steps survived: 878
Total runtime so far (hours/minutes/seconds): 01:16:43
----------------------------------------

----------------------------------------
TRIAL 38 STARTED
----------------------------------------
Start Time: 2024-05-01 21:39:59
TRIAL 38 COMPLETE ✔
End Time: 2024-05-01 21:42:01
Total runtime for this trial (minutes/seconds): 02:02
----------------------------------------
Total hill visits: 40
Total prediction errors: 262
Total search depth: 614196
Total times memory accessed: 2312858
Total times 24 >= t < 49: 7
Total times 49 >= t < 74: 1
Total times 74 >= t < 99: 0
Total times t == 99: 0
Total time steps survived: 898
Total runtime so far (hours/minutes/seconds): 01:18:45
----------------------------------------

----------------------------------------
TRIAL 39 STARTED
----------------------------------------
Start Time: 2024-05-01 21:42:01
TRIAL 39 COMPLETE ✔
End Time: 2024-05-01 21:47:25
Total runtime for this trial (minutes/seconds): 05:23
----------------------------------------
Total hill visits: 40
Total prediction errors: 269
Total search depth: 657130
Total times memory accessed: 2467583
Total times 24 >= t < 49: 7
Total times 49 >= t < 74: 1
Total times 74 >= t < 99: 0
Total times t == 99: 0
Total time steps survived: 918
Total runtime so far (hours/minutes/seconds): 01:24:08
----------------------------------------

----------------------------------------
TRIAL 40 STARTED
----------------------------------------
Start Time: 2024-05-01 21:47:25
TRIAL 40 COMPLETE ✔
End Time: 2024-05-01 21:59:24
Total runtime for this trial (minutes/seconds): 11:59
----------------------------------------
Total hill visits: 42
Total prediction errors: 276
Total search depth: 748644
Total times memory accessed: 2811764
Total times 24 >= t < 49: 8
Total times 49 >= t < 74: 1
Total times 74 >= t < 99: 0
Total times t == 99: 0
Total time steps survived: 954
Total runtime so far (hours/minutes/seconds): 01:36:08
----------------------------------------

----------------------------------------
TRIAL 41 STARTED
----------------------------------------
Start Time: 2024-05-01 21:59:24
TRIAL 41 COMPLETE ✔
End Time: 2024-05-01 22:02:35
Total runtime for this trial (minutes/seconds): 03:10
----------------------------------------
Total hill visits: 42
Total prediction errors: 278
Total search depth: 773976
Total times memory accessed: 2900321
Total times 24 >= t < 49: 8
Total times 49 >= t < 74: 1
Total times 74 >= t < 99: 0
Total times t == 99: 0
Total time steps survived: 974
Total runtime so far (hours/minutes/seconds): 01:39:19
----------------------------------------

----------------------------------------
TRIAL 42 STARTED
----------------------------------------
Start Time: 2024-05-01 22:02:35
TRIAL 42 COMPLETE ✔
End Time: 2024-05-01 22:05:26
Total runtime for this trial (minutes/seconds): 02:51
----------------------------------------
Total hill visits: 42
Total prediction errors: 280
Total search depth: 796925
Total times memory accessed: 2980970
Total times 24 >= t < 49: 8
Total times 49 >= t < 74: 1
Total times 74 >= t < 99: 0
Total times t == 99: 0
Total time steps survived: 994
Total runtime so far (hours/minutes/seconds): 01:42:10
----------------------------------------

----------------------------------------
TRIAL 43 STARTED
----------------------------------------
Start Time: 2024-05-01 22:05:26
TRIAL 43 COMPLETE ✔
End Time: 2024-05-01 22:06:57
Total runtime for this trial (minutes/seconds): 01:30
----------------------------------------
Total hill visits: 42
Total prediction errors: 280
Total search depth: 810884
Total times memory accessed: 3031402
Total times 24 >= t < 49: 8
Total times 49 >= t < 74: 1
Total times 74 >= t < 99: 0
Total times t == 99: 0
Total time steps survived: 1014
Total runtime so far (hours/minutes/seconds): 01:43:41
----------------------------------------

----------------------------------------
TRIAL 44 STARTED
----------------------------------------
Start Time: 2024-05-01 22:06:57
TRIAL 44 COMPLETE ✔
End Time: 2024-05-01 22:08:19
Total runtime for this trial (minutes/seconds): 01:21
----------------------------------------
Total hill visits: 42
Total prediction errors: 280
Total search depth: 822391
Total times memory accessed: 3072352
Total times 24 >= t < 49: 8
Total times 49 >= t < 74: 1
Total times 74 >= t < 99: 0
Total times t == 99: 0
Total time steps survived: 1034
Total runtime so far (hours/minutes/seconds): 01:45:02
----------------------------------------

----------------------------------------
TRIAL 45 STARTED
----------------------------------------
Start Time: 2024-05-01 22:08:19
TRIAL 45 COMPLETE ✔
End Time: 2024-05-01 22:13:07
Total runtime for this trial (minutes/seconds): 04:48
----------------------------------------
Total hill visits: 43
Total prediction errors: 285
Total search depth: 860335
Total times memory accessed: 3204066
Total times 24 >= t < 49: 9
Total times 49 >= t < 74: 1
Total times 74 >= t < 99: 0
Total times t == 99: 0
Total time steps survived: 1062
Total runtime so far (hours/minutes/seconds): 01:49:50
----------------------------------------

----------------------------------------
TRIAL 46 STARTED
----------------------------------------
Start Time: 2024-05-01 22:13:07
TRIAL 46 COMPLETE ✔
End Time: 2024-05-01 22:32:10
Total runtime for this trial (minutes/seconds): 19:03
----------------------------------------
Total hill visits: 44
Total prediction errors: 299
Total search depth: 1007020
Total times memory accessed: 3737207
Total times 24 >= t < 49: 9
Total times 49 >= t < 74: 2
Total times 74 >= t < 99: 0
Total times t == 99: 0
Total time steps survived: 1130
Total runtime so far (hours/minutes/seconds): 02:08:54
----------------------------------------

----------------------------------------
TRIAL 47 STARTED
----------------------------------------
Start Time: 2024-05-01 22:32:10
TRIAL 47 COMPLETE ✔
End Time: 2024-05-01 22:36:54
Total runtime for this trial (minutes/seconds): 04:43
----------------------------------------
Total hill visits: 45
Total prediction errors: 303
Total search depth: 1043367
Total times memory accessed: 3875399
Total times 24 >= t < 49: 9
Total times 49 >= t < 74: 2
Total times 74 >= t < 99: 0
Total times t == 99: 0
Total time steps survived: 1150
Total runtime so far (hours/minutes/seconds): 02:13:37
----------------------------------------

----------------------------------------
TRIAL 48 STARTED
----------------------------------------
Start Time: 2024-05-01 22:36:54
TRIAL 48 COMPLETE ✔
End Time: 2024-05-01 22:42:44
Total runtime for this trial (minutes/seconds): 05:50
----------------------------------------
Total hill visits: 46
Total prediction errors: 305
Total search depth: 1091075
Total times memory accessed: 4043845
Total times 24 >= t < 49: 10
Total times 49 >= t < 74: 2
Total times 74 >= t < 99: 0
Total times t == 99: 0
Total time steps survived: 1178
Total runtime so far (hours/minutes/seconds): 02:19:28
----------------------------------------

----------------------------------------
TRIAL 49 STARTED
----------------------------------------
Start Time: 2024-05-01 22:42:44
TRIAL 49 COMPLETE ✔
End Time: 2024-05-01 22:50:09
Total runtime for this trial (minutes/seconds): 07:24
----------------------------------------
Total hill visits: 47
Total prediction errors: 309
Total search depth: 1149485
Total times memory accessed: 4253709
Total times 24 >= t < 49: 11
Total times 49 >= t < 74: 2
Total times 74 >= t < 99: 0
Total times t == 99: 0
Total time steps survived: 1208
Total runtime so far (hours/minutes/seconds): 02:26:53
----------------------------------------

----------------------------------------
TRIAL 50 STARTED
----------------------------------------
Start Time: 2024-05-01 22:50:09
TRIAL 50 COMPLETE ✔
End Time: 2024-05-01 22:59:11
Total runtime for this trial (minutes/seconds): 09:01
----------------------------------------
Total hill visits: 48
Total prediction errors: 313
Total search depth: 1224041
Total times memory accessed: 4503589
Total times 24 >= t < 49: 11
Total times 49 >= t < 74: 2
Total times 74 >= t < 99: 0
Total times t == 99: 0
Total time steps survived: 1228
Total runtime so far (hours/minutes/seconds): 02:35:55
----------------------------------------

----------------------------------------
TRIAL 51 STARTED
----------------------------------------
Start Time: 2024-05-01 22:59:11
TRIAL 51 COMPLETE ✔
End Time: 2024-05-01 23:08:36
Total runtime for this trial (minutes/seconds): 09:24
----------------------------------------
Total hill visits: 49
Total prediction errors: 326
Total search depth: 1321506
Total times memory accessed: 4859791
Total times 24 >= t < 49: 12
Total times 49 >= t < 74: 2
Total times 74 >= t < 99: 0
Total times t == 99: 0
Total time steps survived: 1257
Total runtime so far (hours/minutes/seconds): 02:45:19
----------------------------------------

----------------------------------------
TRIAL 52 STARTED
----------------------------------------
Start Time: 2024-05-01 23:08:36
TRIAL 52 COMPLETE ✔
End Time: 2024-05-01 23:14:37
Total runtime for this trial (minutes/seconds): 06:01
----------------------------------------
Total hill visits: 51
Total prediction errors: 330
Total search depth: 1386765
Total times memory accessed: 5093721
Total times 24 >= t < 49: 13
Total times 49 >= t < 74: 2
Total times 74 >= t < 99: 0
Total times t == 99: 0
Total time steps survived: 1282
Total runtime so far (hours/minutes/seconds): 02:51:21
----------------------------------------

----------------------------------------
TRIAL 53 STARTED
----------------------------------------
Start Time: 2024-05-01 23:14:37
TRIAL 53 COMPLETE ✔
End Time: 2024-05-01 23:24:41
Total runtime for this trial (minutes/seconds): 10:04
----------------------------------------
Total hill visits: 53
Total prediction errors: 338
Total search depth: 1500653
Total times memory accessed: 5480031
Total times 24 >= t < 49: 13
Total times 49 >= t < 74: 2
Total times 74 >= t < 99: 0
Total times t == 99: 0
Total time steps survived: 1381
Total runtime so far (hours/minutes/seconds): 03:01:25
----------------------------------------

----------------------------------------
TRIAL 54 STARTED
----------------------------------------
Start Time: 2024-05-01 23:24:41
TRIAL 54 COMPLETE ✔
End Time: 2024-05-01 23:30:47
Total runtime for this trial (minutes/seconds): 06:06
----------------------------------------
Total hill visits: 54
Total prediction errors: 344
Total search depth: 1561927
Total times memory accessed: 5709341
Total times 24 >= t < 49: 14
Total times 49 >= t < 74: 2
Total times 74 >= t < 99: 0
Total times t == 99: 0
Total time steps survived: 1406
Total runtime so far (hours/minutes/seconds): 03:07:31
----------------------------------------

----------------------------------------
TRIAL 55 STARTED
----------------------------------------
Start Time: 2024-05-01 23:30:47
TRIAL 55 COMPLETE ✔
End Time: 2024-05-01 23:35:41
Total runtime for this trial (minutes/seconds): 04:54
----------------------------------------
Total hill visits: 55
Total prediction errors: 348
Total search depth: 1615080
Total times memory accessed: 5897769
Total times 24 >= t < 49: 15
Total times 49 >= t < 74: 2
Total times 74 >= t < 99: 0
Total times t == 99: 0
Total time steps survived: 1437
Total runtime so far (hours/minutes/seconds): 03:12:25
----------------------------------------

----------------------------------------
TRIAL 56 STARTED
----------------------------------------
Start Time: 2024-05-01 23:35:41
TRIAL 56 COMPLETE ✔
End Time: 2024-05-01 23:40:04
Total runtime for this trial (minutes/seconds): 04:22
----------------------------------------
Total hill visits: 56
Total prediction errors: 353
Total search depth: 1666149
Total times memory accessed: 6063071
Total times 24 >= t < 49: 15
Total times 49 >= t < 74: 2
Total times 74 >= t < 99: 0
Total times t == 99: 0
Total time steps survived: 1457
Total runtime so far (hours/minutes/seconds): 03:16:48
----------------------------------------

----------------------------------------
TRIAL 57 STARTED
----------------------------------------
Start Time: 2024-05-01 23:40:04
TRIAL 57 COMPLETE ✔
End Time: 2024-05-01 23:43:53
Total runtime for this trial (minutes/seconds): 03:48
----------------------------------------
Total hill visits: 57
Total prediction errors: 357
Total search depth: 1707732
Total times memory accessed: 6217994
Total times 24 >= t < 49: 15
Total times 49 >= t < 74: 2
Total times 74 >= t < 99: 0
Total times t == 99: 0
Total time steps survived: 1477
Total runtime so far (hours/minutes/seconds): 03:20:37
----------------------------------------

----------------------------------------
TRIAL 58 STARTED
----------------------------------------
Start Time: 2024-05-01 23:43:53
TRIAL 58 COMPLETE ✔
End Time: 2024-05-01 23:57:42
Total runtime for this trial (minutes/seconds): 13:49
----------------------------------------
Total hill visits: 59
Total prediction errors: 368
Total search depth: 1867943
Total times memory accessed: 6752832
Total times 24 >= t < 49: 15
Total times 49 >= t < 74: 2
Total times 74 >= t < 99: 1
Total times t == 99: 0
Total time steps survived: 1573
Total runtime so far (hours/minutes/seconds): 03:34:26
----------------------------------------

----------------------------------------
TRIAL 59 STARTED
----------------------------------------
Start Time: 2024-05-01 23:57:42
TRIAL 59 COMPLETE ✔
End Time: 2024-05-02 00:05:52
Total runtime for this trial (minutes/seconds): 08:10
----------------------------------------
Total hill visits: 61
Total prediction errors: 372
Total search depth: 1959634
Total times memory accessed: 7071020
Total times 24 >= t < 49: 16
Total times 49 >= t < 74: 2
Total times 74 >= t < 99: 1
Total times t == 99: 0
Total time steps survived: 1606
Total runtime so far (hours/minutes/seconds): 03:42:36
----------------------------------------

----------------------------------------
TRIAL 60 STARTED
----------------------------------------
Start Time: 2024-05-02 00:05:52
TRIAL 60 COMPLETE ✔
End Time: 2024-05-02 00:11:47
Total runtime for this trial (minutes/seconds): 05:55
----------------------------------------
Total hill visits: 62
Total prediction errors: 382
Total search depth: 2023308
Total times memory accessed: 7293907
Total times 24 >= t < 49: 17
Total times 49 >= t < 74: 2
Total times 74 >= t < 99: 1
Total times t == 99: 0
Total time steps survived: 1641
Total runtime so far (hours/minutes/seconds): 03:48:31
----------------------------------------

----------------------------------------
TRIAL 61 STARTED
----------------------------------------
Start Time: 2024-05-02 00:11:47
TRIAL 61 COMPLETE ✔
End Time: 2024-05-02 00:13:42
Total runtime for this trial (minutes/seconds): 01:54
----------------------------------------
Total hill visits: 63
Total prediction errors: 383
Total search depth: 2045458
Total times memory accessed: 7369454
Total times 24 >= t < 49: 17
Total times 49 >= t < 74: 2
Total times 74 >= t < 99: 1
Total times t == 99: 0
Total time steps survived: 1661
Total runtime so far (hours/minutes/seconds): 03:50:26
----------------------------------------

----------------------------------------
TRIAL 62 STARTED
----------------------------------------
Start Time: 2024-05-02 00:13:42
TRIAL 62 COMPLETE ✔
End Time: 2024-05-02 00:24:24
Total runtime for this trial (minutes/seconds): 10:42
----------------------------------------
Total hill visits: 68
Total prediction errors: 393
Total search depth: 2155212
Total times memory accessed: 7783451
Total times 24 >= t < 49: 18
Total times 49 >= t < 74: 2
Total times 74 >= t < 99: 1
Total times t == 99: 0
Total time steps survived: 1686
Total runtime so far (hours/minutes/seconds): 04:01:08
----------------------------------------

----------------------------------------
TRIAL 63 STARTED
----------------------------------------
Start Time: 2024-05-02 00:24:24
TRIAL 63 COMPLETE ✔
End Time: 2024-05-02 00:48:32
Total runtime for this trial (minutes/seconds): 24:07
----------------------------------------
Total hill visits: 71
Total prediction errors: 407
Total search depth: 2402843
Total times memory accessed: 8620306
Total times 24 >= t < 49: 18
Total times 49 >= t < 74: 2
Total times 74 >= t < 99: 1
Total times t == 99: 0
Total time steps survived: 1785
Total runtime so far (hours/minutes/seconds): 04:25:16
----------------------------------------

----------------------------------------
TRIAL 64 STARTED
----------------------------------------
Start Time: 2024-05-02 00:48:32
TRIAL 64 COMPLETE ✔
End Time: 2024-05-02 01:09:46
Total runtime for this trial (minutes/seconds): 21:13
----------------------------------------
Total hill visits: 74
Total prediction errors: 422
Total search depth: 2597997
Total times memory accessed: 9265424
Total times 24 >= t < 49: 18
Total times 49 >= t < 74: 2
Total times 74 >= t < 99: 2
Total times t == 99: 0
Total time steps survived: 1865
Total runtime so far (hours/minutes/seconds): 04:46:30
----------------------------------------

----------------------------------------
TRIAL 65 STARTED
----------------------------------------
Start Time: 2024-05-02 01:09:46
TRIAL 65 COMPLETE ✔
End Time: 2024-05-02 01:18:08
Total runtime for this trial (minutes/seconds): 08:22
----------------------------------------
Total hill visits: 75
Total prediction errors: 430
Total search depth: 2671661
Total times memory accessed: 9520671
Total times 24 >= t < 49: 19
Total times 49 >= t < 74: 2
Total times 74 >= t < 99: 2
Total times t == 99: 0
Total time steps survived: 1895
Total runtime so far (hours/minutes/seconds): 04:54:52
----------------------------------------

----------------------------------------
TRIAL 66 STARTED
----------------------------------------
Start Time: 2024-05-02 01:18:08
TRIAL 66 COMPLETE ✔
End Time: 2024-05-02 01:25:40
Total runtime for this trial (minutes/seconds): 07:31
----------------------------------------
Total hill visits: 76
Total prediction errors: 435
Total search depth: 2739748
Total times memory accessed: 9755264
Total times 24 >= t < 49: 20
Total times 49 >= t < 74: 2
Total times 74 >= t < 99: 2
Total times t == 99: 0
Total time steps survived: 1938
Total runtime so far (hours/minutes/seconds): 05:02:24
----------------------------------------

----------------------------------------
TRIAL 67 STARTED
----------------------------------------
Start Time: 2024-05-02 01:25:40
TRIAL 67 COMPLETE ✔
End Time: 2024-05-02 01:39:03
Total runtime for this trial (minutes/seconds): 13:22
----------------------------------------
Total hill visits: 78
Total prediction errors: 440
Total search depth: 2855546
Total times memory accessed: 10166655
Total times 24 >= t < 49: 21
Total times 49 >= t < 74: 2
Total times 74 >= t < 99: 2
Total times t == 99: 0
Total time steps survived: 1981
Total runtime so far (hours/minutes/seconds): 05:15:46
----------------------------------------

----------------------------------------
TRIAL 68 STARTED
----------------------------------------
Start Time: 2024-05-02 01:39:03
TRIAL 68 COMPLETE ✔
End Time: 2024-05-02 01:44:01
Total runtime for this trial (minutes/seconds): 04:58
----------------------------------------
Total hill visits: 79
Total prediction errors: 443
Total search depth: 2898384
Total times memory accessed: 10307467
Total times 24 >= t < 49: 21
Total times 49 >= t < 74: 2
Total times 74 >= t < 99: 2
Total times t == 99: 0
Total time steps survived: 2001
Total runtime so far (hours/minutes/seconds): 05:20:45
----------------------------------------

----------------------------------------
TRIAL 69 STARTED
----------------------------------------
Start Time: 2024-05-02 01:44:01
TRIAL 69 COMPLETE ✔
End Time: 2024-05-02 01:51:51
Total runtime for this trial (minutes/seconds): 07:49
----------------------------------------
Total hill visits: 81
Total prediction errors: 448
Total search depth: 2962532
Total times memory accessed: 10525394
Total times 24 >= t < 49: 22
Total times 49 >= t < 74: 2
Total times 74 >= t < 99: 2
Total times t == 99: 0
Total time steps survived: 2031
Total runtime so far (hours/minutes/seconds): 05:28:35
----------------------------------------

----------------------------------------
TRIAL 70 STARTED
----------------------------------------
Start Time: 2024-05-02 01:51:51
TRIAL 70 COMPLETE ✔
End Time: 2024-05-02 01:56:00
Total runtime for this trial (minutes/seconds): 04:09
----------------------------------------
Total hill visits: 82
Total prediction errors: 453
Total search depth: 2998333
Total times memory accessed: 10642771
Total times 24 >= t < 49: 23
Total times 49 >= t < 74: 2
Total times 74 >= t < 99: 2
Total times t == 99: 0
Total time steps survived: 2062
Total runtime so far (hours/minutes/seconds): 05:32:44
----------------------------------------

----------------------------------------
TRIAL 71 STARTED
----------------------------------------
Start Time: 2024-05-02 01:56:00
TRIAL 71 COMPLETE ✔
End Time: 2024-05-02 02:03:40
Total runtime for this trial (minutes/seconds): 07:39
----------------------------------------
Total hill visits: 83
Total prediction errors: 462
Total search depth: 3065167
Total times memory accessed: 10871166
Total times 24 >= t < 49: 24
Total times 49 >= t < 74: 2
Total times 74 >= t < 99: 2
Total times t == 99: 0
Total time steps survived: 2104
Total runtime so far (hours/minutes/seconds): 05:40:24
----------------------------------------

----------------------------------------
TRIAL 72 STARTED
----------------------------------------
Start Time: 2024-05-02 02:03:40
TRIAL 72 COMPLETE ✔
End Time: 2024-05-02 02:19:15
Total runtime for this trial (minutes/seconds): 15:34
----------------------------------------
Total hill visits: 85
Total prediction errors: 472
Total search depth: 3212647
Total times memory accessed: 11354559
Total times 24 >= t < 49: 24
Total times 49 >= t < 74: 2
Total times 74 >= t < 99: 3
Total times t == 99: 0
Total time steps survived: 2201
Total runtime so far (hours/minutes/seconds): 05:55:58
----------------------------------------

----------------------------------------
TRIAL 73 STARTED
----------------------------------------
Start Time: 2024-05-02 02:19:15
TRIAL 73 COMPLETE ✔
End Time: 2024-05-02 02:40:16
Total runtime for this trial (minutes/seconds): 21:01
----------------------------------------
Total hill visits: 89
Total prediction errors: 482
Total search depth: 3400749
Total times memory accessed: 11989387
Total times 24 >= t < 49: 24
Total times 49 >= t < 74: 2
Total times 74 >= t < 99: 3
Total times t == 99: 1
Total time steps survived: 2299
Total runtime so far (hours/minutes/seconds): 06:17:00
----------------------------------------

----------------------------------------
TRIAL 74 STARTED
----------------------------------------
Start Time: 2024-05-02 02:40:16
TRIAL 74 COMPLETE ✔
End Time: 2024-05-02 03:05:35
Total runtime for this trial (minutes/seconds): 25:18
----------------------------------------
Total hill visits: 91
Total prediction errors: 495
Total search depth: 3616480
Total times memory accessed: 12705566
Total times 24 >= t < 49: 24
Total times 49 >= t < 74: 2
Total times 74 >= t < 99: 4
Total times t == 99: 1
Total time steps survived: 2387
Total runtime so far (hours/minutes/seconds): 06:42:19
----------------------------------------

----------------------------------------
TRIAL 75 STARTED
----------------------------------------
Start Time: 2024-05-02 03:05:35
TRIAL 75 COMPLETE ✔
End Time: 2024-05-02 03:09:35
Total runtime for this trial (minutes/seconds): 04:00
----------------------------------------
Total hill visits: 92
Total prediction errors: 497
Total search depth: 3652993
Total times memory accessed: 12821309
Total times 24 >= t < 49: 24
Total times 49 >= t < 74: 2
Total times 74 >= t < 99: 4
Total times t == 99: 1
Total time steps survived: 2409
Total runtime so far (hours/minutes/seconds): 06:46:19
----------------------------------------

----------------------------------------
TRIAL 76 STARTED
----------------------------------------
Start Time: 2024-05-02 03:09:36
TRIAL 76 COMPLETE ✔
End Time: 2024-05-02 03:20:26
Total runtime for this trial (minutes/seconds): 10:50
----------------------------------------
Total hill visits: 94
Total prediction errors: 502
Total search depth: 3748681
Total times memory accessed: 13134465
Total times 24 >= t < 49: 24
Total times 49 >= t < 74: 3
Total times 74 >= t < 99: 4
Total times t == 99: 1
Total time steps survived: 2461
Total runtime so far (hours/minutes/seconds): 06:57:10
----------------------------------------

----------------------------------------
TRIAL 77 STARTED
----------------------------------------
Start Time: 2024-05-02 03:20:26
TRIAL 77 COMPLETE ✔
End Time: 2024-05-02 03:28:02
Total runtime for this trial (minutes/seconds): 07:35
----------------------------------------
Total hill visits: 95
Total prediction errors: 511
Total search depth: 3816266
Total times memory accessed: 13351146
Total times 24 >= t < 49: 24
Total times 49 >= t < 74: 3
Total times 74 >= t < 99: 5
Total times t == 99: 1
Total time steps survived: 2544
Total runtime so far (hours/minutes/seconds): 07:04:46
----------------------------------------

----------------------------------------
TRIAL 78 STARTED
----------------------------------------
Start Time: 2024-05-02 03:28:02
TRIAL 78 COMPLETE ✔
End Time: 2024-05-02 03:30:49
Total runtime for this trial (minutes/seconds): 02:46
----------------------------------------
Total hill visits: 96
Total prediction errors: 514
Total search depth: 3840441
Total times memory accessed: 13429527
Total times 24 >= t < 49: 24
Total times 49 >= t < 74: 3
Total times 74 >= t < 99: 5
Total times t == 99: 1
Total time steps survived: 2566
Total runtime so far (hours/minutes/seconds): 07:07:32
----------------------------------------

----------------------------------------
TRIAL 79 STARTED
----------------------------------------
Start Time: 2024-05-02 03:30:49
TRIAL 79 COMPLETE ✔
End Time: 2024-05-02 04:04:12
Total runtime for this trial (minutes/seconds): 33:23
----------------------------------------
Total hill visits: 98
Total prediction errors: 530
Total search depth: 4119272
Total times memory accessed: 14349741
Total times 24 >= t < 49: 24
Total times 49 >= t < 74: 3
Total times 74 >= t < 99: 5
Total times t == 99: 1
Total time steps survived: 2665
Total runtime so far (hours/minutes/seconds): 07:40:56
----------------------------------------

----------------------------------------
TRIAL 80 STARTED
----------------------------------------
Start Time: 2024-05-02 04:04:12
TRIAL 80 COMPLETE ✔
End Time: 2024-05-02 04:12:21
Total runtime for this trial (minutes/seconds): 08:09
----------------------------------------
Total hill visits: 99
Total prediction errors: 537
Total search depth: 4187547
Total times memory accessed: 14574740
Total times 24 >= t < 49: 25
Total times 49 >= t < 74: 3
Total times 74 >= t < 99: 5
Total times t == 99: 1
Total time steps survived: 2694
Total runtime so far (hours/minutes/seconds): 07:49:05
----------------------------------------

----------------------------------------
TRIAL 81 STARTED
----------------------------------------
Start Time: 2024-05-02 04:12:21
TRIAL 81 COMPLETE ✔
End Time: 2024-05-02 04:25:54
Total runtime for this trial (minutes/seconds): 13:32
----------------------------------------
Total hill visits: 102
Total prediction errors: 540
Total search depth: 4300377
Total times memory accessed: 14950162
Total times 24 >= t < 49: 25
Total times 49 >= t < 74: 4
Total times 74 >= t < 99: 5
Total times t == 99: 1
Total time steps survived: 2742
Total runtime so far (hours/minutes/seconds): 08:02:38
----------------------------------------

----------------------------------------
TRIAL 82 STARTED
----------------------------------------
Start Time: 2024-05-02 04:25:54
TRIAL 82 COMPLETE ✔
End Time: 2024-05-02 04:37:47
Total runtime for this trial (minutes/seconds): 11:52
----------------------------------------
Total hill visits: 104
Total prediction errors: 547
Total search depth: 4396076
Total times memory accessed: 15281004
Total times 24 >= t < 49: 26
Total times 49 >= t < 74: 4
Total times 74 >= t < 99: 5
Total times t == 99: 1
Total time steps survived: 2783
Total runtime so far (hours/minutes/seconds): 08:14:31
----------------------------------------

----------------------------------------
TRIAL 83 STARTED
----------------------------------------
Start Time: 2024-05-02 04:37:47
TRIAL 83 COMPLETE ✔
End Time: 2024-05-02 05:03:00
Total runtime for this trial (minutes/seconds): 25:13
----------------------------------------
Total hill visits: 105
Total prediction errors: 556
Total search depth: 4576841
Total times memory accessed: 15998562
Total times 24 >= t < 49: 26
Total times 49 >= t < 74: 4
Total times 74 >= t < 99: 5
Total times t == 99: 1
Total time steps survived: 2803
Total runtime so far (hours/minutes/seconds): 08:39:44
----------------------------------------

----------------------------------------
TRIAL 84 STARTED
----------------------------------------
Start Time: 2024-05-02 05:03:00
TRIAL 84 COMPLETE ✔
End Time: 2024-05-02 05:07:18
Total runtime for this trial (minutes/seconds): 04:17
----------------------------------------
Total hill visits: 106
Total prediction errors: 558
Total search depth: 4620501
Total times memory accessed: 16128667
Total times 24 >= t < 49: 26
Total times 49 >= t < 74: 4
Total times 74 >= t < 99: 5
Total times t == 99: 1
Total time steps survived: 2823
Total runtime so far (hours/minutes/seconds): 08:44:01
----------------------------------------

----------------------------------------
TRIAL 85 STARTED
----------------------------------------
Start Time: 2024-05-02 05:07:18
TRIAL 85 COMPLETE ✔
End Time: 2024-05-02 05:15:55
Total runtime for this trial (minutes/seconds): 08:37
----------------------------------------
Total hill visits: 107
Total prediction errors: 562
Total search depth: 4696584
Total times memory accessed: 16379918
Total times 24 >= t < 49: 27
Total times 49 >= t < 74: 4
Total times 74 >= t < 99: 5
Total times t == 99: 1
Total time steps survived: 2856
Total runtime so far (hours/minutes/seconds): 08:52:39
----------------------------------------

----------------------------------------
TRIAL 86 STARTED
----------------------------------------
Start Time: 2024-05-02 05:15:55
TRIAL 86 COMPLETE ✔
End Time: 2024-05-02 05:41:03
Total runtime for this trial (minutes/seconds): 25:07
----------------------------------------
Total hill visits: 109
Total prediction errors: 573
Total search depth: 4921902
Total times memory accessed: 17155805
Total times 24 >= t < 49: 27
Total times 49 >= t < 74: 4
Total times 74 >= t < 99: 6
Total times t == 99: 1
Total time steps survived: 2930
Total runtime so far (hours/minutes/seconds): 09:17:47
----------------------------------------

----------------------------------------
TRIAL 87 STARTED
----------------------------------------
Start Time: 2024-05-02 05:41:03
TRIAL 87 COMPLETE ✔
End Time: 2024-05-02 05:53:48
Total runtime for this trial (minutes/seconds): 12:45
----------------------------------------
Total hill visits: 111
Total prediction errors: 578
Total search depth: 5043019
Total times memory accessed: 17556837
Total times 24 >= t < 49: 27
Total times 49 >= t < 74: 5
Total times 74 >= t < 99: 6
Total times t == 99: 1
Total time steps survived: 2990
Total runtime so far (hours/minutes/seconds): 09:30:32
----------------------------------------

----------------------------------------
TRIAL 88 STARTED
----------------------------------------
Start Time: 2024-05-02 05:53:49
TRIAL 88 COMPLETE ✔
End Time: 2024-05-02 06:05:36
Total runtime for this trial (minutes/seconds): 11:47
----------------------------------------
Total hill visits: 113
Total prediction errors: 585
Total search depth: 5161272
Total times memory accessed: 17931561
Total times 24 >= t < 49: 27
Total times 49 >= t < 74: 6
Total times 74 >= t < 99: 6
Total times t == 99: 1
Total time steps survived: 3055
Total runtime so far (hours/minutes/seconds): 09:42:19
----------------------------------------

----------------------------------------
TRIAL 89 STARTED
----------------------------------------
Start Time: 2024-05-02 06:05:36
TRIAL 89 COMPLETE ✔
End Time: 2024-05-02 06:12:26
Total runtime for this trial (minutes/seconds): 06:50
----------------------------------------
Total hill visits: 114
Total prediction errors: 589
Total search depth: 5229376
Total times memory accessed: 18149842
Total times 24 >= t < 49: 28
Total times 49 >= t < 74: 6
Total times 74 >= t < 99: 6
Total times t == 99: 1
Total time steps survived: 3098
Total runtime so far (hours/minutes/seconds): 09:49:10
----------------------------------------

----------------------------------------
TRIAL 90 STARTED
----------------------------------------
Start Time: 2024-05-02 06:12:26
TRIAL 90 COMPLETE ✔
End Time: 2024-05-02 06:25:07
Total runtime for this trial (minutes/seconds): 12:40
----------------------------------------
Total hill visits: 115
Total prediction errors: 597
Total search depth: 5349760
Total times memory accessed: 18551502
Total times 24 >= t < 49: 28
Total times 49 >= t < 74: 7
Total times 74 >= t < 99: 6
Total times t == 99: 1
Total time steps survived: 3154
Total runtime so far (hours/minutes/seconds): 10:01:51
----------------------------------------

----------------------------------------
TRIAL 91 STARTED
----------------------------------------
Start Time: 2024-05-02 06:25:07
TRIAL 91 COMPLETE ✔
End Time: 2024-05-02 06:37:05
Total runtime for this trial (minutes/seconds): 11:57
----------------------------------------
Total hill visits: 116
Total prediction errors: 607
Total search depth: 5473850
Total times memory accessed: 18930297
Total times 24 >= t < 49: 29
Total times 49 >= t < 74: 7
Total times 74 >= t < 99: 6
Total times t == 99: 1
Total time steps survived: 3200
Total runtime so far (hours/minutes/seconds): 10:13:49
----------------------------------------

----------------------------------------
TRIAL 92 STARTED
----------------------------------------
Start Time: 2024-05-02 06:37:05
TRIAL 92 COMPLETE ✔
End Time: 2024-05-02 06:43:37
Total runtime for this trial (minutes/seconds): 06:32
----------------------------------------
Total hill visits: 117
Total prediction errors: 610
Total search depth: 5535678
Total times memory accessed: 19139568
Total times 24 >= t < 49: 29
Total times 49 >= t < 74: 7
Total times 74 >= t < 99: 6
Total times t == 99: 1
Total time steps survived: 3220
Total runtime so far (hours/minutes/seconds): 10:20:21
----------------------------------------

----------------------------------------
TRIAL 93 STARTED
----------------------------------------
Start Time: 2024-05-02 06:43:37
TRIAL 93 COMPLETE ✔
End Time: 2024-05-02 06:55:58
Total runtime for this trial (minutes/seconds): 12:20
----------------------------------------
Total hill visits: 119
Total prediction errors: 615
Total search depth: 5657048
Total times memory accessed: 19532432
Total times 24 >= t < 49: 29
Total times 49 >= t < 74: 7
Total times 74 >= t < 99: 7
Total times t == 99: 1
Total time steps survived: 3299
Total runtime so far (hours/minutes/seconds): 10:32:42
----------------------------------------

----------------------------------------
TRIAL 94 STARTED
----------------------------------------
Start Time: 2024-05-02 06:55:58
TRIAL 94 COMPLETE ✔
End Time: 2024-05-02 07:07:03
Total runtime for this trial (minutes/seconds): 11:04
----------------------------------------
Total hill visits: 120
Total prediction errors: 621
Total search depth: 5765629
Total times memory accessed: 19884721
Total times 24 >= t < 49: 29
Total times 49 >= t < 74: 8
Total times 74 >= t < 99: 7
Total times t == 99: 1
Total time steps survived: 3347
Total runtime so far (hours/minutes/seconds): 10:43:46
----------------------------------------

----------------------------------------
TRIAL 95 STARTED
----------------------------------------
Start Time: 2024-05-02 07:07:03
TRIAL 95 COMPLETE ✔
End Time: 2024-05-02 07:17:49
Total runtime for this trial (minutes/seconds): 10:46
----------------------------------------
Total hill visits: 122
Total prediction errors: 626
Total search depth: 5861337
Total times memory accessed: 20227742
Total times 24 >= t < 49: 30
Total times 49 >= t < 74: 8
Total times 74 >= t < 99: 7
Total times t == 99: 1
Total time steps survived: 3372
Total runtime so far (hours/minutes/seconds): 10:54:33
----------------------------------------

----------------------------------------
TRIAL 96 STARTED
----------------------------------------
Start Time: 2024-05-02 07:17:49
TRIAL 96 COMPLETE ✔
End Time: 2024-05-02 07:46:02
Total runtime for this trial (minutes/seconds): 28:13
----------------------------------------
Total hill visits: 123
Total prediction errors: 640
Total search depth: 6127472
Total times memory accessed: 21116673
Total times 24 >= t < 49: 30
Total times 49 >= t < 74: 9
Total times 74 >= t < 99: 7
Total times t == 99: 1
Total time steps survived: 3443
Total runtime so far (hours/minutes/seconds): 11:22:46
----------------------------------------

----------------------------------------
TRIAL 97 STARTED
----------------------------------------
Start Time: 2024-05-02 07:46:02
TRIAL 97 COMPLETE ✔
End Time: 2024-05-02 07:54:16
Total runtime for this trial (minutes/seconds): 08:13
----------------------------------------
Total hill visits: 124
Total prediction errors: 646
Total search depth: 6212085
Total times memory accessed: 21377323
Total times 24 >= t < 49: 30
Total times 49 >= t < 74: 10
Total times 74 >= t < 99: 7
Total times t == 99: 1
Total time steps survived: 3498
Total runtime so far (hours/minutes/seconds): 11:30:59
----------------------------------------

----------------------------------------
TRIAL 98 STARTED
----------------------------------------
Start Time: 2024-05-02 07:54:16
TRIAL 98 COMPLETE ✔
End Time: 2024-05-02 08:04:53
Total runtime for this trial (minutes/seconds): 10:37
----------------------------------------
Total hill visits: 126
Total prediction errors: 652
Total search depth: 6316354
Total times memory accessed: 21716429
Total times 24 >= t < 49: 30
Total times 49 >= t < 74: 10
Total times 74 >= t < 99: 7
Total times t == 99: 1
Total time steps survived: 3597
Total runtime so far (hours/minutes/seconds): 11:41:36
----------------------------------------

----------------------------------------
TRIAL 99 STARTED
----------------------------------------
Start Time: 2024-05-02 08:04:53
TRIAL 99 COMPLETE ✔
End Time: 2024-05-02 08:08:45
Total runtime for this trial (minutes/seconds): 03:52
----------------------------------------
Total hill visits: 127
Total prediction errors: 658
Total search depth: 6356218
Total times memory accessed: 21839224
Total times 24 >= t < 49: 31
Total times 49 >= t < 74: 10
Total times 74 >= t < 99: 7
Total times t == 99: 1
Total time steps survived: 3625
Total runtime so far (hours/minutes/seconds): 11:45:29
----------------------------------------

----------------------------------------
TRIAL 100 STARTED
----------------------------------------
Start Time: 2024-05-02 08:08:45
TRIAL 100 COMPLETE ✔
End Time: 2024-05-02 08:39:22
Total runtime for this trial (minutes/seconds): 30:37
----------------------------------------
Total hill visits: 129
Total prediction errors: 676
Total search depth: 6627916
Total times memory accessed: 22795985
Total times 24 >= t < 49: 31
Total times 49 >= t < 74: 10
Total times 74 >= t < 99: 8
Total times t == 99: 1
Total time steps survived: 3698
Total runtime so far (hours/minutes/seconds): 12:16:06
----------------------------------------

----------------------------------------
TRIAL 101 STARTED
----------------------------------------
Start Time: 2024-05-02 08:39:22
TRIAL 101 COMPLETE ✔
End Time: 2024-05-02 08:54:37
Total runtime for this trial (minutes/seconds): 15:14
----------------------------------------
Total hill visits: 131
Total prediction errors: 686
Total search depth: 6776815
Total times memory accessed: 23273978
Total times 24 >= t < 49: 31
Total times 49 >= t < 74: 10
Total times 74 >= t < 99: 9
Total times t == 99: 1
Total time steps survived: 3775
Total runtime so far (hours/minutes/seconds): 12:31:20
----------------------------------------

----------------------------------------
TRIAL 102 STARTED
----------------------------------------
Start Time: 2024-05-02 08:54:37
TRIAL 102 COMPLETE ✔
End Time: 2024-05-02 09:01:18
Total runtime for this trial (minutes/seconds): 06:41
----------------------------------------
Total hill visits: 132
Total prediction errors: 690
Total search depth: 6845140
Total times memory accessed: 23480791
Total times 24 >= t < 49: 31
Total times 49 >= t < 74: 11
Total times 74 >= t < 99: 9
Total times t == 99: 1
Total time steps survived: 3843
Total runtime so far (hours/minutes/seconds): 12:38:02
----------------------------------------

----------------------------------------
TRIAL 103 STARTED
----------------------------------------
Start Time: 2024-05-02 09:01:18
TRIAL 103 COMPLETE ✔
End Time: 2024-05-02 09:12:38
Total runtime for this trial (minutes/seconds): 11:19
----------------------------------------
Total hill visits: 133
Total prediction errors: 697
Total search depth: 6948596
Total times memory accessed: 23829743
Total times 24 >= t < 49: 32
Total times 49 >= t < 74: 11
Total times 74 >= t < 99: 9
Total times t == 99: 1
Total time steps survived: 3872
Total runtime so far (hours/minutes/seconds): 12:49:22
----------------------------------------

----------------------------------------
TRIAL 104 STARTED
----------------------------------------
Start Time: 2024-05-02 09:12:38
TRIAL 104 COMPLETE ✔
End Time: 2024-05-02 09:27:38
Total runtime for this trial (minutes/seconds): 15:00
----------------------------------------
Total hill visits: 135
Total prediction errors: 707
Total search depth: 7092721
Total times memory accessed: 24295662
Total times 24 >= t < 49: 32
Total times 49 >= t < 74: 11
Total times 74 >= t < 99: 10
Total times t == 99: 1
Total time steps survived: 3969
Total runtime so far (hours/minutes/seconds): 13:04:22
----------------------------------------

----------------------------------------
TRIAL 105 STARTED
----------------------------------------
Start Time: 2024-05-02 09:27:38
TRIAL 105 COMPLETE ✔
End Time: 2024-05-02 10:03:36
Total runtime for this trial (minutes/seconds): 35:57
----------------------------------------
Total hill visits: 137
Total prediction errors: 725
Total search depth: 7427115
Total times memory accessed: 25409283
Total times 24 >= t < 49: 32
Total times 49 >= t < 74: 11
Total times 74 >= t < 99: 10
Total times t == 99: 1
Total time steps survived: 4068
Total runtime so far (hours/minutes/seconds): 13:40:19
----------------------------------------

----------------------------------------
TRIAL 106 STARTED
----------------------------------------
Start Time: 2024-05-02 10:03:36
TRIAL 106 COMPLETE ✔
End Time: 2024-05-02 10:12:11
Total runtime for this trial (minutes/seconds): 08:35
----------------------------------------
Total hill visits: 138
Total prediction errors: 729
Total search depth: 7507078
Total times memory accessed: 25676969
Total times 24 >= t < 49: 32
Total times 49 >= t < 74: 12
Total times 74 >= t < 99: 10
Total times t == 99: 1
Total time steps survived: 4117
Total runtime so far (hours/minutes/seconds): 13:48:55
----------------------------------------

----------------------------------------
TRIAL 107 STARTED
----------------------------------------
Start Time: 2024-05-02 10:12:11
TRIAL 107 COMPLETE ✔
End Time: 2024-05-02 10:33:35
Total runtime for this trial (minutes/seconds): 21:23
----------------------------------------
Total hill visits: 140
Total prediction errors: 739
Total search depth: 7713742
Total times memory accessed: 26337695
Total times 24 >= t < 49: 32
Total times 49 >= t < 74: 12
Total times 74 >= t < 99: 10
Total times t == 99: 1
Total time steps survived: 4216
Total runtime so far (hours/minutes/seconds): 14:10:19
----------------------------------------

----------------------------------------
TRIAL 108 STARTED
----------------------------------------
Start Time: 2024-05-02 10:33:35
TRIAL 108 COMPLETE ✔
End Time: 2024-05-02 10:42:18
Total runtime for this trial (minutes/seconds): 08:42
----------------------------------------
Total hill visits: 141
Total prediction errors: 743
Total search depth: 7806872
Total times memory accessed: 26626972
Total times 24 >= t < 49: 33
Total times 49 >= t < 74: 12
Total times 74 >= t < 99: 10
Total times t == 99: 1
Total time steps survived: 4258
Total runtime so far (hours/minutes/seconds): 14:19:01
----------------------------------------

----------------------------------------
TRIAL 109 STARTED
----------------------------------------
Start Time: 2024-05-02 10:42:18
TRIAL 109 COMPLETE ✔
End Time: 2024-05-02 10:55:17
Total runtime for this trial (minutes/seconds): 12:59
----------------------------------------
Total hill visits: 143
Total prediction errors: 751
Total search depth: 7953807
Total times memory accessed: 27084591
Total times 24 >= t < 49: 33
Total times 49 >= t < 74: 13
Total times 74 >= t < 99: 10
Total times t == 99: 1
Total time steps survived: 4308
Total runtime so far (hours/minutes/seconds): 14:32:01
----------------------------------------

----------------------------------------
TRIAL 110 STARTED
----------------------------------------
Start Time: 2024-05-02 10:55:17
TRIAL 110 COMPLETE ✔
End Time: 2024-05-02 11:08:12
Total runtime for this trial (minutes/seconds): 12:54
----------------------------------------
Total hill visits: 144
Total prediction errors: 764
Total search depth: 8088890
Total times memory accessed: 27517200
Total times 24 >= t < 49: 33
Total times 49 >= t < 74: 13
Total times 74 >= t < 99: 11
Total times t == 99: 1
Total time steps survived: 4389
Total runtime so far (hours/minutes/seconds): 14:44:56
----------------------------------------

----------------------------------------
TRIAL 111 STARTED
----------------------------------------
Start Time: 2024-05-02 11:08:12
TRIAL 111 COMPLETE ✔
End Time: 2024-05-02 11:16:48
Total runtime for this trial (minutes/seconds): 08:35
----------------------------------------
Total hill visits: 146
Total prediction errors: 770
Total search depth: 8178576
Total times memory accessed: 27809616
Total times 24 >= t < 49: 34
Total times 49 >= t < 74: 13
Total times 74 >= t < 99: 11
Total times t == 99: 1
Total time steps survived: 4435
Total runtime so far (hours/minutes/seconds): 14:53:31
----------------------------------------

----------------------------------------
TRIAL 112 STARTED
----------------------------------------
Start Time: 2024-05-02 11:16:48
TRIAL 112 COMPLETE ✔
End Time: 2024-05-02 11:22:02
Total runtime for this trial (minutes/seconds): 05:14
----------------------------------------
Total hill visits: 147
Total prediction errors: 773
Total search depth: 8230353
Total times memory accessed: 27971140
Total times 24 >= t < 49: 35
Total times 49 >= t < 74: 13
Total times 74 >= t < 99: 11
Total times t == 99: 1
Total time steps survived: 4462
Total runtime so far (hours/minutes/seconds): 14:58:45
----------------------------------------

----------------------------------------
TRIAL 113 STARTED
----------------------------------------
Start Time: 2024-05-02 11:22:02
TRIAL 113 COMPLETE ✔
End Time: 2024-05-02 11:37:06
Total runtime for this trial (minutes/seconds): 15:04
----------------------------------------
Total hill visits: 149
Total prediction errors: 784
Total search depth: 8391197
Total times memory accessed: 28481193
Total times 24 >= t < 49: 35
Total times 49 >= t < 74: 13
Total times 74 >= t < 99: 12
Total times t == 99: 1
Total time steps survived: 4555
Total runtime so far (hours/minutes/seconds): 15:13:50
----------------------------------------

----------------------------------------
TRIAL 114 STARTED
----------------------------------------
Start Time: 2024-05-02 11:37:06
TRIAL 114 COMPLETE ✔
End Time: 2024-05-02 11:44:15
Total runtime for this trial (minutes/seconds): 07:08
----------------------------------------
Total hill visits: 150
Total prediction errors: 789
Total search depth: 8452849
Total times memory accessed: 28704749
Total times 24 >= t < 49: 35
Total times 49 >= t < 74: 13
Total times 74 >= t < 99: 12
Total times t == 99: 1
Total time steps survived: 4575
Total runtime so far (hours/minutes/seconds): 15:20:59
----------------------------------------

----------------------------------------
TRIAL 115 STARTED
----------------------------------------
Start Time: 2024-05-02 11:44:15
TRIAL 115 COMPLETE ✔
End Time: 2024-05-02 12:01:49
Total runtime for this trial (minutes/seconds): 17:34
----------------------------------------
Total hill visits: 151
Total prediction errors: 800
Total search depth: 8630861
Total times memory accessed: 29241468
Total times 24 >= t < 49: 35
Total times 49 >= t < 74: 13
Total times 74 >= t < 99: 13
Total times t == 99: 1
Total time steps survived: 4655
Total runtime so far (hours/minutes/seconds): 15:38:33
----------------------------------------

----------------------------------------
TRIAL 116 STARTED
----------------------------------------
Start Time: 2024-05-02 12:01:49
TRIAL 116 COMPLETE ✔
End Time: 2024-05-02 12:22:34
Total runtime for this trial (minutes/seconds): 20:44
----------------------------------------
Total hill visits: 152
Total prediction errors: 812
Total search depth: 8833570
Total times memory accessed: 29897076
Total times 24 >= t < 49: 35
Total times 49 >= t < 74: 13
Total times 74 >= t < 99: 13
Total times t == 99: 1
Total time steps survived: 4754
Total runtime so far (hours/minutes/seconds): 15:59:17
----------------------------------------

----------------------------------------
TRIAL 117 STARTED
----------------------------------------
Start Time: 2024-05-02 12:22:34
TRIAL 117 COMPLETE ✔
End Time: 2024-05-02 12:32:04
Total runtime for this trial (minutes/seconds): 09:30
----------------------------------------
Total hill visits: 155
Total prediction errors: 816
Total search depth: 8920454
Total times memory accessed: 30170557
Total times 24 >= t < 49: 36
Total times 49 >= t < 74: 13
Total times 74 >= t < 99: 13
Total times t == 99: 1
Total time steps survived: 4787
Total runtime so far (hours/minutes/seconds): 16:08:48
----------------------------------------

----------------------------------------
TRIAL 118 STARTED
----------------------------------------
Start Time: 2024-05-02 12:32:04
TRIAL 118 COMPLETE ✔
End Time: 2024-05-02 12:49:43
Total runtime for this trial (minutes/seconds): 17:38
----------------------------------------
Total hill visits: 156
Total prediction errors: 826
Total search depth: 9102174
Total times memory accessed: 30735034
Total times 24 >= t < 49: 36
Total times 49 >= t < 74: 13
Total times 74 >= t < 99: 13
Total times t == 99: 1
Total time steps survived: 4886
Total runtime so far (hours/minutes/seconds): 16:26:26
----------------------------------------

----------------------------------------
TRIAL 119 STARTED
----------------------------------------
Start Time: 2024-05-02 12:49:43
TRIAL 119 COMPLETE ✔
End Time: 2024-05-02 12:59:00
Total runtime for this trial (minutes/seconds): 09:17
----------------------------------------
Total hill visits: 158
Total prediction errors: 831
Total search depth: 9184439
Total times memory accessed: 31015590
Total times 24 >= t < 49: 36
Total times 49 >= t < 74: 13
Total times 74 >= t < 99: 13
Total times t == 99: 1
Total time steps survived: 4908
Total runtime so far (hours/minutes/seconds): 16:35:44
----------------------------------------

----------------------------------------
TRIAL 120 STARTED
----------------------------------------
Start Time: 2024-05-02 12:59:00
TRIAL 120 COMPLETE ✔
End Time: 2024-05-02 13:16:42
Total runtime for this trial (minutes/seconds): 17:41
----------------------------------------
Total hill visits: 160
Total prediction errors: 840
Total search depth: 9359481
Total times memory accessed: 31534091
Total times 24 >= t < 49: 36
Total times 49 >= t < 74: 13
Total times 74 >= t < 99: 13
Total times t == 99: 1
Total time steps survived: 5007
Total runtime so far (hours/minutes/seconds): 16:53:25
----------------------------------------
EXPERIMENT COMPLETE ✔.
End Time: 2024-05-02 13:16:42
TOTAL RUNTIME (hours/minutes/seconds): 16:53:25
Traceback (most recent call last):
  File "/home/grmstj001/MATLAB-experiments/Sophisticated-Learning/src/Python/main.py", line 24, in <module>
    main(algorithm=args.algorithm, seed=args.seed)
  File "/home/grmstj001/MATLAB-experiments/Sophisticated-Learning/src/Python/main.py", line 8, in main
    si_experiment(seed)
  File "/home/grmstj001/MATLAB-experiments/Sophisticated-Learning/src/Python/algorithms/sophisticated_inference/sophisticated_inference.py", line 354, in experiment
    logging.info(f"AVERAGE RUNTIME PER TIME STEP: {round_half_up((runtime.total_seconds() / total_t), 3)} seconds")
NameError: name 'round_half_up' is not defined
/var/tmp/slurmd.spool/job2116116/slurm_script: line 32: deactivatepython: command not found
