Running main with ALGORITHM=SI, SEED=39, HORIZON=2, K_FACTOR=0.7, ROOT_FOLDER=/home/grmstj001, MCT=3, NUM_MCT=100, AUTO_REST=

                            < M A T L A B (R) >
                  Copyright 1984-2024 The MathWorks, Inc.
                  R2024a (24.1.0.2537033) 64-bit (glnxa64)
                             February 21, 2024

 
To get started, type doc.
For product information, visit www.mathworks.com.
 
Algorithm: SI
Seed: 39
Horizon: 2
K-factor: 0.70
Root folder: /home/grmstj001
MCT: 3
Number of MCT: 100
Auto restore: 0
Results file name: 

ans = 

  struct with fields:

     Type: 'twister'
     Seed: 39
    State: [625x1 uint32]


----------------------------------------
TRIAL 1 STARTED
----------------------------------------
Start Time: 2024-05-13 13:29:48
At time step 21 the agent is dead
The agent had 2 food, 0 water, and 5 sleep.
The total tree search depth for this trial was 1921. 
The agent accessed its memory 14980 times. 
The agent cleared its short-term memory 12 times. 
     State prediction error memory resets: 9. 
     Hill memory resets: 3. 
TRIAL 1 COMPLETE ✔
End Time: 2024-05-13 13:29:54
Total runtime for this trial (minutes/seconds): 00:06
----------------------------------------
Total hill visits: 3. 
Total prediction errors: 9. 
Total search depth: 1921. 
Total times memory accessed: 14980. 
Total times 25 >= t <= 50: 0. 
Total times 50 >= t <= 75: 0. 
Total times 75 >= t <= 100: 0. 
Total times t == 100: 0. 
Total time steps survived: 22. 
Total runtime so far (hours/minutes/seconds): 00:00:06
----------------------------------------

----------------------------------------
TRIAL 2 STARTED
----------------------------------------
Start Time: 2024-05-13 13:29:54
At time step 21 the agent is dead
The agent had 2 food, 0 water, and 5 sleep.
The total tree search depth for this trial was 1894. 
The agent accessed its memory 16890 times. 
The agent cleared its short-term memory 10 times. 
     State prediction error memory resets: 9. 
     Hill memory resets: 1. 
TRIAL 2 COMPLETE ✔
End Time: 2024-05-13 13:29:58
Total runtime for this trial (minutes/seconds): 00:04
----------------------------------------
Total hill visits: 4. 
Total prediction errors: 18. 
Total search depth: 3815. 
Total times memory accessed: 31870. 
Total times 25 >= t <= 50: 0. 
Total times 50 >= t <= 75: 0. 
Total times 75 >= t <= 100: 0. 
Total times t == 100: 0. 
Total time steps survived: 44. 
Total runtime so far (hours/minutes/seconds): 00:00:10
----------------------------------------

----------------------------------------
TRIAL 3 STARTED
----------------------------------------
Start Time: 2024-05-13 13:29:57
At time step 21 the agent is dead
The agent had 2 food, 0 water, and 5 sleep.
The total tree search depth for this trial was 3715. 
The agent accessed its memory 41210 times. 
The agent cleared its short-term memory 12 times. 
     State prediction error memory resets: 12. 
     Hill memory resets: 0. 
TRIAL 3 COMPLETE ✔
End Time: 2024-05-13 13:30:05
Total runtime for this trial (minutes/seconds): 00:08
----------------------------------------
Total hill visits: 4. 
Total prediction errors: 30. 
Total search depth: 7530. 
Total times memory accessed: 73080. 
Total times 25 >= t <= 50: 0. 
Total times 50 >= t <= 75: 0. 
Total times 75 >= t <= 100: 0. 
Total times t == 100: 0. 
Total time steps survived: 66. 
Total runtime so far (hours/minutes/seconds): 00:00:17
----------------------------------------

----------------------------------------
TRIAL 4 STARTED
----------------------------------------
Start Time: 2024-05-13 13:30:04
At time step 21 the agent is dead
The agent had 2 food, 0 water, and 5 sleep.
The total tree search depth for this trial was 2730. 
The agent accessed its memory 32576 times. 
The agent cleared its short-term memory 11 times. 
     State prediction error memory resets: 11. 
     Hill memory resets: 0. 
TRIAL 4 COMPLETE ✔
End Time: 2024-05-13 13:30:10
Total runtime for this trial (minutes/seconds): 00:06
----------------------------------------
Total hill visits: 4. 
Total prediction errors: 41. 
Total search depth: 10260. 
Total times memory accessed: 105656. 
Total times 25 >= t <= 50: 0. 
Total times 50 >= t <= 75: 0. 
Total times 75 >= t <= 100: 0. 
Total times t == 100: 0. 
Total time steps survived: 88. 
Total runtime so far (hours/minutes/seconds): 00:00:22
----------------------------------------

----------------------------------------
TRIAL 5 STARTED
----------------------------------------
Start Time: 2024-05-13 13:30:09
At time step 23 the agent is dead
The agent had 0 food, 17 water, and 3 sleep.
The total tree search depth for this trial was 6663. 
The agent accessed its memory 59267 times. 
The agent cleared its short-term memory 14 times. 
     State prediction error memory resets: 14. 
     Hill memory resets: 0. 
TRIAL 5 COMPLETE ✔
End Time: 2024-05-13 13:30:23
Total runtime for this trial (minutes/seconds): 00:14
----------------------------------------
Total hill visits: 4. 
Total prediction errors: 55. 
Total search depth: 16923. 
Total times memory accessed: 164923. 
Total times 25 >= t <= 50: 0. 
Total times 50 >= t <= 75: 0. 
Total times 75 >= t <= 100: 0. 
Total times t == 100: 0. 
Total time steps survived: 112. 
Total runtime so far (hours/minutes/seconds): 00:00:35
----------------------------------------

----------------------------------------
TRIAL 6 STARTED
----------------------------------------
Start Time: 2024-05-13 13:30:22
At time step 21 the agent is dead
The agent had 2 food, 0 water, and 5 sleep.
The total tree search depth for this trial was 1728. 
The agent accessed its memory 17384 times. 
The agent cleared its short-term memory 10 times. 
     State prediction error memory resets: 10. 
     Hill memory resets: 0. 
TRIAL 6 COMPLETE ✔
End Time: 2024-05-13 13:30:27
Total runtime for this trial (minutes/seconds): 00:05
----------------------------------------
Total hill visits: 4. 
Total prediction errors: 65. 
Total search depth: 18651. 
Total times memory accessed: 182307. 
Total times 25 >= t <= 50: 0. 
Total times 50 >= t <= 75: 0. 
Total times 75 >= t <= 100: 0. 
Total times t == 100: 0. 
Total time steps survived: 134. 
Total runtime so far (hours/minutes/seconds): 00:00:39
----------------------------------------

----------------------------------------
TRIAL 7 STARTED
----------------------------------------
Start Time: 2024-05-13 13:30:26
At time step 21 the agent is dead
The agent had 2 food, 0 water, and 5 sleep.
The total tree search depth for this trial was 3199. 
The agent accessed its memory 37030 times. 
The agent cleared its short-term memory 12 times. 
     State prediction error memory resets: 12. 
     Hill memory resets: 0. 
TRIAL 7 COMPLETE ✔
End Time: 2024-05-13 13:30:34
Total runtime for this trial (minutes/seconds): 00:08
----------------------------------------
Total hill visits: 4. 
Total prediction errors: 77. 
Total search depth: 21850. 
Total times memory accessed: 219337. 
Total times 25 >= t <= 50: 0. 
Total times 50 >= t <= 75: 0. 
Total times 75 >= t <= 100: 0. 
Total times t == 100: 0. 
Total time steps survived: 156. 
Total runtime so far (hours/minutes/seconds): 00:00:46
----------------------------------------

----------------------------------------
TRIAL 8 STARTED
----------------------------------------
Start Time: 2024-05-13 13:30:33
At time step 21 the agent is dead
The agent had 13 food, 0 water, and 5 sleep.
The total tree search depth for this trial was 6233. 
The agent accessed its memory 48718 times. 
The agent cleared its short-term memory 16 times. 
     State prediction error memory resets: 15. 
     Hill memory resets: 1. 
TRIAL 8 COMPLETE ✔
End Time: 2024-05-13 13:30:44
Total runtime for this trial (minutes/seconds): 00:11
----------------------------------------
Total hill visits: 5. 
Total prediction errors: 92. 
Total search depth: 28083. 
Total times memory accessed: 268055. 
Total times 25 >= t <= 50: 0. 
Total times 50 >= t <= 75: 0. 
Total times 75 >= t <= 100: 0. 
Total times t == 100: 0. 
Total time steps survived: 178. 
Total runtime so far (hours/minutes/seconds): 00:00:56
----------------------------------------

----------------------------------------
TRIAL 9 STARTED
----------------------------------------
Start Time: 2024-05-13 13:30:43
At time step 21 the agent is dead
The agent had 7 food, 0 water, and 5 sleep.
The total tree search depth for this trial was 5303. 
The agent accessed its memory 67035 times. 
The agent cleared its short-term memory 13 times. 
     State prediction error memory resets: 13. 
     Hill memory resets: 0. 
TRIAL 9 COMPLETE ✔
End Time: 2024-05-13 13:30:53
Total runtime for this trial (minutes/seconds): 00:10
----------------------------------------
Total hill visits: 5. 
Total prediction errors: 105. 
Total search depth: 33386. 
Total times memory accessed: 335090. 
Total times 25 >= t <= 50: 0. 
Total times 50 >= t <= 75: 0. 
Total times 75 >= t <= 100: 0. 
Total times t == 100: 0. 
Total time steps survived: 200. 
Total runtime so far (hours/minutes/seconds): 00:01:05
----------------------------------------

----------------------------------------
TRIAL 10 STARTED
----------------------------------------
Start Time: 2024-05-13 13:30:52
At time step 21 the agent is dead
The agent had 21 food, 0 water, and 5 sleep.
The total tree search depth for this trial was 2896. 
The agent accessed its memory 30586 times. 
The agent cleared its short-term memory 12 times. 
     State prediction error memory resets: 10. 
     Hill memory resets: 2. 
TRIAL 10 COMPLETE ✔
End Time: 2024-05-13 13:30:59
Total runtime for this trial (minutes/seconds): 00:07
----------------------------------------
Total hill visits: 7. 
Total prediction errors: 115. 
Total search depth: 36282. 
Total times memory accessed: 365676. 
Total times 25 >= t <= 50: 0. 
Total times 50 >= t <= 75: 0. 
Total times 75 >= t <= 100: 0. 
Total times t == 100: 0. 
Total time steps survived: 222. 
Total runtime so far (hours/minutes/seconds): 00:01:11
----------------------------------------

----------------------------------------
TRIAL 11 STARTED
----------------------------------------
Start Time: 2024-05-13 13:30:58
At time step 21 the agent is dead
The agent had 2 food, 0 water, and 5 sleep.
The total tree search depth for this trial was 2690. 
The agent accessed its memory 23913 times. 
The agent cleared its short-term memory 16 times. 
     State prediction error memory resets: 15. 
     Hill memory resets: 1. 
TRIAL 11 COMPLETE ✔
End Time: 2024-05-13 13:31:03
Total runtime for this trial (minutes/seconds): 00:05
----------------------------------------
Total hill visits: 8. 
Total prediction errors: 130. 
Total search depth: 38972. 
Total times memory accessed: 389589. 
Total times 25 >= t <= 50: 0. 
Total times 50 >= t <= 75: 0. 
Total times 75 >= t <= 100: 0. 
Total times t == 100: 0. 
Total time steps survived: 244. 
Total runtime so far (hours/minutes/seconds): 00:01:15
----------------------------------------

----------------------------------------
TRIAL 12 STARTED
----------------------------------------
Start Time: 2024-05-13 13:31:02
At time step 21 the agent is dead
The agent had 2 food, 0 water, and 5 sleep.
The total tree search depth for this trial was 4044. 
The agent accessed its memory 48838 times. 
The agent cleared its short-term memory 12 times. 
     State prediction error memory resets: 12. 
     Hill memory resets: 0. 
TRIAL 12 COMPLETE ✔
End Time: 2024-05-13 13:31:11
Total runtime for this trial (minutes/seconds): 00:09
----------------------------------------
Total hill visits: 8. 
Total prediction errors: 142. 
Total search depth: 43016. 
Total times memory accessed: 438427. 
Total times 25 >= t <= 50: 0. 
Total times 50 >= t <= 75: 0. 
Total times 75 >= t <= 100: 0. 
Total times t == 100: 0. 
Total time steps survived: 266. 
Total runtime so far (hours/minutes/seconds): 00:01:23
----------------------------------------

----------------------------------------
TRIAL 13 STARTED
----------------------------------------
Start Time: 2024-05-13 13:31:10
At time step 54 the agent is dead
The agent had 11 food, 0 water, and 17 sleep.
The total tree search depth for this trial was 55151. 
The agent accessed its memory 464747 times. 
The agent cleared its short-term memory 13 times. 
     State prediction error memory resets: 13. 
     Hill memory resets: 0. 
TRIAL 13 COMPLETE ✔
End Time: 2024-05-13 13:32:15
Total runtime for this trial (minutes/seconds): 01:05
----------------------------------------
Total hill visits: 8. 
Total prediction errors: 155. 
Total search depth: 98167. 
Total times memory accessed: 903174. 
Total times 25 >= t <= 50: 0. 
Total times 50 >= t <= 75: 1. 
Total times 75 >= t <= 100: 0. 
Total times t == 100: 0. 
Total time steps survived: 321. 
Total runtime so far (hours/minutes/seconds): 00:02:27
----------------------------------------

----------------------------------------
TRIAL 14 STARTED
----------------------------------------
Start Time: 2024-05-13 13:32:14
At time step 21 the agent is dead
The agent had 2 food, 0 water, and 5 sleep.
The total tree search depth for this trial was 5572. 
The agent accessed its memory 45238 times. 
The agent cleared its short-term memory 14 times. 
     State prediction error memory resets: 13. 
     Hill memory resets: 1. 
TRIAL 14 COMPLETE ✔
End Time: 2024-05-13 13:32:24
Total runtime for this trial (minutes/seconds): 00:10
----------------------------------------
Total hill visits: 9. 
Total prediction errors: 168. 
Total search depth: 103739. 
Total times memory accessed: 948412. 
Total times 25 >= t <= 50: 0. 
Total times 50 >= t <= 75: 1. 
Total times 75 >= t <= 100: 0. 
Total times t == 100: 0. 
Total time steps survived: 343. 
Total runtime so far (hours/minutes/seconds): 00:02:36
----------------------------------------

----------------------------------------
TRIAL 15 STARTED
----------------------------------------
Start Time: 2024-05-13 13:32:23
At time step 21 the agent is dead
The agent had 2 food, 0 water, and 5 sleep.
The total tree search depth for this trial was 39577. 
The agent accessed its memory 314831 times. 
The agent cleared its short-term memory 12 times. 
     State prediction error memory resets: 12. 
     Hill memory resets: 0. 
TRIAL 15 COMPLETE ✔
End Time: 2024-05-13 13:33:18
Total runtime for this trial (minutes/seconds): 00:55
----------------------------------------
Total hill visits: 9. 
Total prediction errors: 180. 
Total search depth: 143316. 
Total times memory accessed: 1263243. 
Total times 25 >= t <= 50: 0. 
Total times 50 >= t <= 75: 1. 
Total times 75 >= t <= 100: 0. 
Total times t == 100: 0. 
Total time steps survived: 365. 
Total runtime so far (hours/minutes/seconds): 00:03:30
----------------------------------------

----------------------------------------
TRIAL 16 STARTED
----------------------------------------
Start Time: 2024-05-13 13:33:17
At time step 21 the agent is dead
The agent had 2 food, 0 water, and 5 sleep.
The total tree search depth for this trial was 7383. 
The agent accessed its memory 65559 times. 
The agent cleared its short-term memory 14 times. 
     State prediction error memory resets: 13. 
     Hill memory resets: 1. 
TRIAL 16 COMPLETE ✔
End Time: 2024-05-13 13:33:30
Total runtime for this trial (minutes/seconds): 00:13
----------------------------------------
Total hill visits: 10. 
Total prediction errors: 193. 
Total search depth: 150699. 
Total times memory accessed: 1328802. 
Total times 25 >= t <= 50: 0. 
Total times 50 >= t <= 75: 1. 
Total times 75 >= t <= 100: 0. 
Total times t == 100: 0. 
Total time steps survived: 387. 
Total runtime so far (hours/minutes/seconds): 00:03:42
----------------------------------------

----------------------------------------
TRIAL 17 STARTED
----------------------------------------
Start Time: 2024-05-13 13:33:29
At time step 29 the agent is dead
The agent had 0 food, 8 water, and 23 sleep.
The total tree search depth for this trial was 28697. 
The agent accessed its memory 204854 times. 
The agent cleared its short-term memory 7 times. 
     State prediction error memory resets: 6. 
     Hill memory resets: 1. 
TRIAL 17 COMPLETE ✔
End Time: 2024-05-13 13:34:07
Total runtime for this trial (minutes/seconds): 00:38
----------------------------------------
Total hill visits: 11. 
Total prediction errors: 199. 
Total search depth: 179396. 
Total times memory accessed: 1533656. 
Total times 25 >= t <= 50: 1. 
Total times 50 >= t <= 75: 1. 
Total times 75 >= t <= 100: 0. 
Total times t == 100: 0. 
Total time steps survived: 417. 
Total runtime so far (hours/minutes/seconds): 00:04:19
----------------------------------------

----------------------------------------
TRIAL 18 STARTED
----------------------------------------
Start Time: 2024-05-13 13:34:06
At time step 21 the agent is dead
The agent had 6 food, 0 water, and 13 sleep.
The total tree search depth for this trial was 54578. 
The agent accessed its memory 423593 times. 
The agent cleared its short-term memory 14 times. 
     State prediction error memory resets: 14. 
     Hill memory resets: 0. 
TRIAL 18 COMPLETE ✔
End Time: 2024-05-13 13:35:15
Total runtime for this trial (minutes/seconds): 01:09
----------------------------------------
Total hill visits: 11. 
Total prediction errors: 213. 
Total search depth: 233974. 
Total times memory accessed: 1957249. 
Total times 25 >= t <= 50: 1. 
Total times 50 >= t <= 75: 1. 
Total times 75 >= t <= 100: 0. 
Total times t == 100: 0. 
Total time steps survived: 439. 
Total runtime so far (hours/minutes/seconds): 00:05:27
----------------------------------------

----------------------------------------
TRIAL 19 STARTED
----------------------------------------
Start Time: 2024-05-13 13:35:14
At time step 21 the agent is dead
The agent had 8 food, 0 water, and 12 sleep.
The total tree search depth for this trial was 45726. 
The agent accessed its memory 397414 times. 
The agent cleared its short-term memory 12 times. 
     State prediction error memory resets: 12. 
     Hill memory resets: 0. 
TRIAL 19 COMPLETE ✔
End Time: 2024-05-13 13:36:16
Total runtime for this trial (minutes/seconds): 01:02
----------------------------------------
Total hill visits: 11. 
Total prediction errors: 225. 
Total search depth: 279700. 
Total times memory accessed: 2354663. 
Total times 25 >= t <= 50: 1. 
Total times 50 >= t <= 75: 1. 
Total times 75 >= t <= 100: 0. 
Total times t == 100: 0. 
Total time steps survived: 461. 
Total runtime so far (hours/minutes/seconds): 00:06:28
----------------------------------------

----------------------------------------
TRIAL 20 STARTED
----------------------------------------
Start Time: 2024-05-13 13:36:15
At time step 28 the agent is dead
The agent had 3 food, 0 water, and 7 sleep.
The total tree search depth for this trial was 46352. 
The agent accessed its memory 388953 times. 
The agent cleared its short-term memory 15 times. 
     State prediction error memory resets: 14. 
     Hill memory resets: 1. 
TRIAL 20 COMPLETE ✔
End Time: 2024-05-13 13:37:13
Total runtime for this trial (minutes/seconds): 00:58
----------------------------------------
Total hill visits: 12. 
Total prediction errors: 239. 
Total search depth: 326052. 
Total times memory accessed: 2743616. 
Total times 25 >= t <= 50: 2. 
Total times 50 >= t <= 75: 1. 
Total times 75 >= t <= 100: 0. 
Total times t == 100: 0. 
Total time steps survived: 490. 
Total runtime so far (hours/minutes/seconds): 00:07:25
----------------------------------------

----------------------------------------
TRIAL 21 STARTED
----------------------------------------
Start Time: 2024-05-13 13:37:12
At time step 26 the agent is dead
The agent had 10 food, 13 water, and 0 sleep.
The total tree search depth for this trial was 71480. 
The agent accessed its memory 577741 times. 
The agent cleared its short-term memory 13 times. 
     State prediction error memory resets: 12. 
     Hill memory resets: 1. 
TRIAL 21 COMPLETE ✔
End Time: 2024-05-13 13:38:46
Total runtime for this trial (minutes/seconds): 01:34
----------------------------------------
Total hill visits: 13. 
Total prediction errors: 251. 
Total search depth: 397532. 
Total times memory accessed: 3321357. 
Total times 25 >= t <= 50: 3. 
Total times 50 >= t <= 75: 1. 
Total times 75 >= t <= 100: 0. 
Total times t == 100: 0. 
Total time steps survived: 517. 
Total runtime so far (hours/minutes/seconds): 00:08:58
----------------------------------------

----------------------------------------
TRIAL 22 STARTED
----------------------------------------
Start Time: 2024-05-13 13:38:45
At time step 21 the agent is dead
The agent had 2 food, 0 water, and 5 sleep.
The total tree search depth for this trial was 5384. 
The agent accessed its memory 58630 times. 
The agent cleared its short-term memory 4 times. 
     State prediction error memory resets: 4. 
     Hill memory resets: 0. 
TRIAL 22 COMPLETE ✔
End Time: 2024-05-13 13:38:54
Total runtime for this trial (minutes/seconds): 00:09
----------------------------------------
Total hill visits: 13. 
Total prediction errors: 255. 
Total search depth: 402916. 
Total times memory accessed: 3379987. 
Total times 25 >= t <= 50: 3. 
Total times 50 >= t <= 75: 1. 
Total times 75 >= t <= 100: 0. 
Total times t == 100: 0. 
Total time steps survived: 539. 
Total runtime so far (hours/minutes/seconds): 00:09:06
----------------------------------------

----------------------------------------
TRIAL 23 STARTED
----------------------------------------
Start Time: 2024-05-13 13:38:53
