
----------------------------------------
TRIAL 1 STARTED
----------------------------------------
Start Time: 2024-05-01 20:23:16
TRIAL 1 COMPLETE ✔
End Time: 2024-05-01 20:23:20
Total runtime for this trial (minutes/seconds): 00:04
----------------------------------------
Total hill visits: 1
Total prediction errors: 2
Total search depth: 1112
Total times memory accessed: 1754
Total times 24 >= t < 49: 0
Total times 49 >= t < 74: 0
Total times 74 >= t < 99: 0
Total times t == 99: 0
Total time steps survived: 20
Total runtime so far (hours/minutes/seconds): 00:00:04
----------------------------------------

----------------------------------------
TRIAL 2 STARTED
----------------------------------------
Start Time: 2024-05-01 20:23:20
TRIAL 2 COMPLETE ✔
End Time: 2024-05-01 20:24:39
Total runtime for this trial (minutes/seconds): 01:18
----------------------------------------
Total hill visits: 1
Total prediction errors: 8
Total search depth: 14851
Total times memory accessed: 44160
Total times 24 >= t < 49: 1
Total times 49 >= t < 74: 0
Total times 74 >= t < 99: 0
Total times t == 99: 0
Total time steps survived: 51
Total runtime so far (hours/minutes/seconds): 00:01:23
----------------------------------------

----------------------------------------
TRIAL 3 STARTED
----------------------------------------
Start Time: 2024-05-01 20:24:39
TRIAL 3 COMPLETE ✔
End Time: 2024-05-01 20:25:33
Total runtime for this trial (minutes/seconds): 00:53
----------------------------------------
Total hill visits: 3
Total prediction errors: 18
Total search depth: 21373
Total times memory accessed: 71670
Total times 24 >= t < 49: 1
Total times 49 >= t < 74: 0
Total times 74 >= t < 99: 0
Total times t == 99: 0
Total time steps survived: 73
Total runtime so far (hours/minutes/seconds): 00:02:17
----------------------------------------

----------------------------------------
TRIAL 4 STARTED
----------------------------------------
Start Time: 2024-05-01 20:25:33
TRIAL 4 COMPLETE ✔
End Time: 2024-05-01 20:28:43
Total runtime for this trial (minutes/seconds): 03:10
----------------------------------------
Total hill visits: 3
Total prediction errors: 25
Total search depth: 41471
Total times memory accessed: 170722
Total times 24 >= t < 49: 1
Total times 49 >= t < 74: 0
Total times 74 >= t < 99: 0
Total times t == 99: 0
Total time steps survived: 95
Total runtime so far (hours/minutes/seconds): 00:05:27
----------------------------------------

----------------------------------------
TRIAL 5 STARTED
----------------------------------------
Start Time: 2024-05-01 20:28:43
TRIAL 5 COMPLETE ✔
End Time: 2024-05-01 20:30:00
Total runtime for this trial (minutes/seconds): 01:17
----------------------------------------
Total hill visits: 3
Total prediction errors: 31
Total search depth: 49243
Total times memory accessed: 211505
Total times 24 >= t < 49: 1
Total times 49 >= t < 74: 0
Total times 74 >= t < 99: 0
Total times t == 99: 0
Total time steps survived: 115
Total runtime so far (hours/minutes/seconds): 00:06:44
----------------------------------------

----------------------------------------
TRIAL 6 STARTED
----------------------------------------
Start Time: 2024-05-01 20:30:00
TRIAL 6 COMPLETE ✔
End Time: 2024-05-01 20:30:39
Total runtime for this trial (minutes/seconds): 00:38
----------------------------------------
Total hill visits: 5
Total prediction errors: 42
Total search depth: 53424
Total times memory accessed: 231980
Total times 24 >= t < 49: 1
Total times 49 >= t < 74: 0
Total times 74 >= t < 99: 0
Total times t == 99: 0
Total time steps survived: 135
Total runtime so far (hours/minutes/seconds): 00:07:22
----------------------------------------

----------------------------------------
TRIAL 7 STARTED
----------------------------------------
Start Time: 2024-05-01 20:30:39
TRIAL 7 COMPLETE ✔
End Time: 2024-05-01 20:30:57
Total runtime for this trial (minutes/seconds): 00:18
----------------------------------------
Total hill visits: 5
Total prediction errors: 45
Total search depth: 55213
Total times memory accessed: 241824
Total times 24 >= t < 49: 1
Total times 49 >= t < 74: 0
Total times 74 >= t < 99: 0
Total times t == 99: 0
Total time steps survived: 155
Total runtime so far (hours/minutes/seconds): 00:07:41
----------------------------------------

----------------------------------------
TRIAL 8 STARTED
----------------------------------------
Start Time: 2024-05-01 20:30:57
TRIAL 8 COMPLETE ✔
End Time: 2024-05-01 20:31:31
Total runtime for this trial (minutes/seconds): 00:33
----------------------------------------
Total hill visits: 5
Total prediction errors: 50
Total search depth: 58393
Total times memory accessed: 259349
Total times 24 >= t < 49: 1
Total times 49 >= t < 74: 0
Total times 74 >= t < 99: 0
Total times t == 99: 0
Total time steps survived: 175
Total runtime so far (hours/minutes/seconds): 00:08:14
----------------------------------------

----------------------------------------
TRIAL 9 STARTED
----------------------------------------
Start Time: 2024-05-01 20:31:31
TRIAL 9 COMPLETE ✔
End Time: 2024-05-01 20:31:54
Total runtime for this trial (minutes/seconds): 00:23
----------------------------------------
Total hill visits: 6
Total prediction errors: 57
Total search depth: 60977
Total times memory accessed: 271381
Total times 24 >= t < 49: 1
Total times 49 >= t < 74: 0
Total times 74 >= t < 99: 0
Total times t == 99: 0
Total time steps survived: 195
Total runtime so far (hours/minutes/seconds): 00:08:38
----------------------------------------

----------------------------------------
TRIAL 10 STARTED
----------------------------------------
Start Time: 2024-05-01 20:31:54
TRIAL 10 COMPLETE ✔
End Time: 2024-05-01 20:32:38
Total runtime for this trial (minutes/seconds): 00:43
----------------------------------------
Total hill visits: 6
Total prediction errors: 66
Total search depth: 65552
Total times memory accessed: 293714
Total times 24 >= t < 49: 1
Total times 49 >= t < 74: 0
Total times 74 >= t < 99: 0
Total times t == 99: 0
Total time steps survived: 215
Total runtime so far (hours/minutes/seconds): 00:09:22
----------------------------------------

----------------------------------------
TRIAL 11 STARTED
----------------------------------------
Start Time: 2024-05-01 20:32:38
TRIAL 11 COMPLETE ✔
End Time: 2024-05-01 20:33:19
Total runtime for this trial (minutes/seconds): 00:41
----------------------------------------
Total hill visits: 9
Total prediction errors: 73
Total search depth: 70430
Total times memory accessed: 314705
Total times 24 >= t < 49: 1
Total times 49 >= t < 74: 0
Total times 74 >= t < 99: 0
Total times t == 99: 0
Total time steps survived: 235
Total runtime so far (hours/minutes/seconds): 00:10:03
----------------------------------------

----------------------------------------
TRIAL 12 STARTED
----------------------------------------
Start Time: 2024-05-01 20:33:19
TRIAL 12 COMPLETE ✔
End Time: 2024-05-01 20:36:58
Total runtime for this trial (minutes/seconds): 03:39
----------------------------------------
Total hill visits: 10
Total prediction errors: 79
Total search depth: 92247
Total times memory accessed: 426043
Total times 24 >= t < 49: 1
Total times 49 >= t < 74: 0
Total times 74 >= t < 99: 0
Total times t == 99: 0
Total time steps survived: 255
Total runtime so far (hours/minutes/seconds): 00:13:42
----------------------------------------

----------------------------------------
TRIAL 13 STARTED
----------------------------------------
Start Time: 2024-05-01 20:36:58
TRIAL 13 COMPLETE ✔
End Time: 2024-05-01 20:39:33
Total runtime for this trial (minutes/seconds): 02:34
----------------------------------------
Total hill visits: 11
Total prediction errors: 82
Total search depth: 109213
Total times memory accessed: 499632
Total times 24 >= t < 49: 1
Total times 49 >= t < 74: 0
Total times 74 >= t < 99: 0
Total times t == 99: 0
Total time steps survived: 275
Total runtime so far (hours/minutes/seconds): 00:16:17
----------------------------------------

----------------------------------------
TRIAL 14 STARTED
----------------------------------------
Start Time: 2024-05-01 20:39:33
TRIAL 14 COMPLETE ✔
End Time: 2024-05-01 20:40:49
Total runtime for this trial (minutes/seconds): 01:15
----------------------------------------
Total hill visits: 12
Total prediction errors: 95
Total search depth: 118057
Total times memory accessed: 536416
Total times 24 >= t < 49: 1
Total times 49 >= t < 74: 0
Total times 74 >= t < 99: 0
Total times t == 99: 0
Total time steps survived: 295
Total runtime so far (hours/minutes/seconds): 00:17:33
----------------------------------------

----------------------------------------
TRIAL 15 STARTED
----------------------------------------
Start Time: 2024-05-01 20:40:49
TRIAL 15 COMPLETE ✔
End Time: 2024-05-01 20:43:11
Total runtime for this trial (minutes/seconds): 02:22
----------------------------------------
Total hill visits: 13
Total prediction errors: 107
Total search depth: 136782
Total times memory accessed: 606584
Total times 24 >= t < 49: 1
Total times 49 >= t < 74: 0
Total times 74 >= t < 99: 0
Total times t == 99: 0
Total time steps survived: 315
Total runtime so far (hours/minutes/seconds): 00:19:55
----------------------------------------

----------------------------------------
TRIAL 16 STARTED
----------------------------------------
Start Time: 2024-05-01 20:43:11
TRIAL 16 COMPLETE ✔
End Time: 2024-05-01 20:45:14
Total runtime for this trial (minutes/seconds): 02:03
----------------------------------------
Total hill visits: 14
Total prediction errors: 118
Total search depth: 151895
Total times memory accessed: 667661
Total times 24 >= t < 49: 1
Total times 49 >= t < 74: 0
Total times 74 >= t < 99: 0
Total times t == 99: 0
Total time steps survived: 335
Total runtime so far (hours/minutes/seconds): 00:21:58
----------------------------------------

----------------------------------------
TRIAL 17 STARTED
----------------------------------------
Start Time: 2024-05-01 20:45:14
TRIAL 17 COMPLETE ✔
End Time: 2024-05-01 20:47:29
Total runtime for this trial (minutes/seconds): 02:14
----------------------------------------
Total hill visits: 15
Total prediction errors: 128
Total search depth: 166737
Total times memory accessed: 734874
Total times 24 >= t < 49: 1
Total times 49 >= t < 74: 0
Total times 74 >= t < 99: 0
Total times t == 99: 0
Total time steps survived: 355
Total runtime so far (hours/minutes/seconds): 00:24:12
----------------------------------------

----------------------------------------
TRIAL 18 STARTED
----------------------------------------
Start Time: 2024-05-01 20:47:29
TRIAL 18 COMPLETE ✔
End Time: 2024-05-01 20:49:41
Total runtime for this trial (minutes/seconds): 02:12
----------------------------------------
Total hill visits: 16
Total prediction errors: 138
Total search depth: 181019
Total times memory accessed: 799962
Total times 24 >= t < 49: 1
Total times 49 >= t < 74: 0
Total times 74 >= t < 99: 0
Total times t == 99: 0
Total time steps survived: 375
Total runtime so far (hours/minutes/seconds): 00:26:25
----------------------------------------

----------------------------------------
TRIAL 19 STARTED
----------------------------------------
Start Time: 2024-05-01 20:49:41
TRIAL 19 COMPLETE ✔
End Time: 2024-05-01 20:50:41
Total runtime for this trial (minutes/seconds): 01:00
----------------------------------------
Total hill visits: 17
Total prediction errors: 149
Total search depth: 188721
Total times memory accessed: 827876
Total times 24 >= t < 49: 1
Total times 49 >= t < 74: 0
Total times 74 >= t < 99: 0
Total times t == 99: 0
Total time steps survived: 395
Total runtime so far (hours/minutes/seconds): 00:27:25
----------------------------------------

----------------------------------------
TRIAL 20 STARTED
----------------------------------------
Start Time: 2024-05-01 20:50:41
TRIAL 20 COMPLETE ✔
End Time: 2024-05-01 20:51:54
Total runtime for this trial (minutes/seconds): 01:12
----------------------------------------
Total hill visits: 20
Total prediction errors: 155
Total search depth: 197521
Total times memory accessed: 863259
Total times 24 >= t < 49: 1
Total times 49 >= t < 74: 0
Total times 74 >= t < 99: 0
Total times t == 99: 0
Total time steps survived: 415
Total runtime so far (hours/minutes/seconds): 00:28:38
----------------------------------------

----------------------------------------
TRIAL 21 STARTED
----------------------------------------
Start Time: 2024-05-01 20:51:54
TRIAL 21 COMPLETE ✔
End Time: 2024-05-01 20:52:47
Total runtime for this trial (minutes/seconds): 00:53
----------------------------------------
Total hill visits: 21
Total prediction errors: 162
Total search depth: 204232
Total times memory accessed: 889025
Total times 24 >= t < 49: 1
Total times 49 >= t < 74: 0
Total times 74 >= t < 99: 0
Total times t == 99: 0
Total time steps survived: 435
Total runtime so far (hours/minutes/seconds): 00:29:31
----------------------------------------

----------------------------------------
TRIAL 22 STARTED
----------------------------------------
Start Time: 2024-05-01 20:52:47
TRIAL 22 COMPLETE ✔
End Time: 2024-05-01 20:53:45
Total runtime for this trial (minutes/seconds): 00:57
----------------------------------------
Total hill visits: 25
Total prediction errors: 165
Total search depth: 211408
Total times memory accessed: 916272
Total times 24 >= t < 49: 1
Total times 49 >= t < 74: 0
Total times 74 >= t < 99: 0
Total times t == 99: 0
Total time steps survived: 455
Total runtime so far (hours/minutes/seconds): 00:30:29
----------------------------------------

----------------------------------------
TRIAL 23 STARTED
----------------------------------------
Start Time: 2024-05-01 20:53:45
TRIAL 23 COMPLETE ✔
End Time: 2024-05-01 20:56:51
Total runtime for this trial (minutes/seconds): 03:06
----------------------------------------
Total hill visits: 26
Total prediction errors: 168
Total search depth: 233632
Total times memory accessed: 1005669
Total times 24 >= t < 49: 1
Total times 49 >= t < 74: 0
Total times 74 >= t < 99: 0
Total times t == 99: 0
Total time steps survived: 475
Total runtime so far (hours/minutes/seconds): 00:33:35
----------------------------------------

----------------------------------------
TRIAL 24 STARTED
----------------------------------------
Start Time: 2024-05-01 20:56:51
TRIAL 24 COMPLETE ✔
End Time: 2024-05-01 20:57:59
Total runtime for this trial (minutes/seconds): 01:07
----------------------------------------
Total hill visits: 27
Total prediction errors: 171
Total search depth: 242690
Total times memory accessed: 1038236
Total times 24 >= t < 49: 1
Total times 49 >= t < 74: 0
Total times 74 >= t < 99: 0
Total times t == 99: 0
Total time steps survived: 497
Total runtime so far (hours/minutes/seconds): 00:34:43
----------------------------------------

----------------------------------------
TRIAL 25 STARTED
----------------------------------------
Start Time: 2024-05-01 20:57:59
TRIAL 25 COMPLETE ✔
End Time: 2024-05-01 20:58:59
Total runtime for this trial (minutes/seconds): 01:00
----------------------------------------
Total hill visits: 28
Total prediction errors: 180
Total search depth: 250844
Total times memory accessed: 1065789
Total times 24 >= t < 49: 1
Total times 49 >= t < 74: 0
Total times 74 >= t < 99: 0
Total times t == 99: 0
Total time steps survived: 517
Total runtime so far (hours/minutes/seconds): 00:35:43
----------------------------------------

----------------------------------------
TRIAL 26 STARTED
----------------------------------------
Start Time: 2024-05-01 20:58:59
TRIAL 26 COMPLETE ✔
End Time: 2024-05-01 21:00:09
Total runtime for this trial (minutes/seconds): 01:09
----------------------------------------
Total hill visits: 29
Total prediction errors: 182
Total search depth: 260463
Total times memory accessed: 1099825
Total times 24 >= t < 49: 1
Total times 49 >= t < 74: 0
Total times 74 >= t < 99: 0
Total times t == 99: 0
Total time steps survived: 537
Total runtime so far (hours/minutes/seconds): 00:36:52
----------------------------------------

----------------------------------------
TRIAL 27 STARTED
----------------------------------------
Start Time: 2024-05-01 21:00:09
TRIAL 27 COMPLETE ✔
End Time: 2024-05-01 21:02:31
Total runtime for this trial (minutes/seconds): 02:22
----------------------------------------
Total hill visits: 31
Total prediction errors: 187
Total search depth: 279535
Total times memory accessed: 1172795
Total times 24 >= t < 49: 2
Total times 49 >= t < 74: 0
Total times 74 >= t < 99: 0
Total times t == 99: 0
Total time steps survived: 562
Total runtime so far (hours/minutes/seconds): 00:39:15
----------------------------------------

----------------------------------------
TRIAL 28 STARTED
----------------------------------------
Start Time: 2024-05-01 21:02:31
TRIAL 28 COMPLETE ✔
End Time: 2024-05-01 21:03:24
Total runtime for this trial (minutes/seconds): 00:52
----------------------------------------
Total hill visits: 32
Total prediction errors: 195
Total search depth: 287067
Total times memory accessed: 1198091
Total times 24 >= t < 49: 2
Total times 49 >= t < 74: 0
Total times 74 >= t < 99: 0
Total times t == 99: 0
Total time steps survived: 582
Total runtime so far (hours/minutes/seconds): 00:40:07
----------------------------------------

----------------------------------------
TRIAL 29 STARTED
----------------------------------------
Start Time: 2024-05-01 21:03:24
TRIAL 29 COMPLETE ✔
End Time: 2024-05-01 21:05:47
Total runtime for this trial (minutes/seconds): 02:23
----------------------------------------
Total hill visits: 33
Total prediction errors: 197
Total search depth: 305230
Total times memory accessed: 1266781
Total times 24 >= t < 49: 2
Total times 49 >= t < 74: 0
Total times 74 >= t < 99: 0
Total times t == 99: 0
Total time steps survived: 602
Total runtime so far (hours/minutes/seconds): 00:42:31
----------------------------------------

----------------------------------------
TRIAL 30 STARTED
----------------------------------------
Start Time: 2024-05-01 21:05:47
TRIAL 30 COMPLETE ✔
End Time: 2024-05-01 21:07:30
Total runtime for this trial (minutes/seconds): 01:42
----------------------------------------
Total hill visits: 34
Total prediction errors: 206
Total search depth: 320314
Total times memory accessed: 1315453
Total times 24 >= t < 49: 2
Total times 49 >= t < 74: 0
Total times 74 >= t < 99: 0
Total times t == 99: 0
Total time steps survived: 622
Total runtime so far (hours/minutes/seconds): 00:44:14
----------------------------------------

----------------------------------------
TRIAL 31 STARTED
----------------------------------------
Start Time: 2024-05-01 21:07:30
TRIAL 31 COMPLETE ✔
End Time: 2024-05-01 21:09:54
Total runtime for this trial (minutes/seconds): 02:23
----------------------------------------
Total hill visits: 38
Total prediction errors: 213
Total search depth: 341052
Total times memory accessed: 1384246
Total times 24 >= t < 49: 2
Total times 49 >= t < 74: 0
Total times 74 >= t < 99: 0
Total times t == 99: 0
Total time steps survived: 642
Total runtime so far (hours/minutes/seconds): 00:46:38
----------------------------------------

----------------------------------------
TRIAL 32 STARTED
----------------------------------------
Start Time: 2024-05-01 21:09:54
TRIAL 32 COMPLETE ✔
End Time: 2024-05-01 21:10:37
Total runtime for this trial (minutes/seconds): 00:42
----------------------------------------
Total hill visits: 40
Total prediction errors: 215
Total search depth: 347541
Total times memory accessed: 1404999
Total times 24 >= t < 49: 2
Total times 49 >= t < 74: 0
Total times 74 >= t < 99: 0
Total times t == 99: 0
Total time steps survived: 662
Total runtime so far (hours/minutes/seconds): 00:47:20
----------------------------------------

----------------------------------------
TRIAL 33 STARTED
----------------------------------------
Start Time: 2024-05-01 21:10:37
TRIAL 33 COMPLETE ✔
End Time: 2024-05-01 21:15:25
Total runtime for this trial (minutes/seconds): 04:48
----------------------------------------
Total hill visits: 41
Total prediction errors: 222
Total search depth: 388290
Total times memory accessed: 1540560
Total times 24 >= t < 49: 3
Total times 49 >= t < 74: 0
Total times 74 >= t < 99: 0
Total times t == 99: 0
Total time steps survived: 687
Total runtime so far (hours/minutes/seconds): 00:52:09
----------------------------------------

----------------------------------------
TRIAL 34 STARTED
----------------------------------------
Start Time: 2024-05-01 21:15:25
TRIAL 34 COMPLETE ✔
End Time: 2024-05-01 21:21:11
Total runtime for this trial (minutes/seconds): 05:45
----------------------------------------
Total hill visits: 42
Total prediction errors: 229
Total search depth: 438526
Total times memory accessed: 1705729
Total times 24 >= t < 49: 4
Total times 49 >= t < 74: 0
Total times 74 >= t < 99: 0
Total times t == 99: 0
Total time steps survived: 715
Total runtime so far (hours/minutes/seconds): 00:57:55
----------------------------------------

----------------------------------------
TRIAL 35 STARTED
----------------------------------------
Start Time: 2024-05-01 21:21:11
TRIAL 35 COMPLETE ✔
End Time: 2024-05-01 21:22:34
Total runtime for this trial (minutes/seconds): 01:23
----------------------------------------
Total hill visits: 44
Total prediction errors: 230
Total search depth: 450032
Total times memory accessed: 1748614
Total times 24 >= t < 49: 4
Total times 49 >= t < 74: 0
Total times 74 >= t < 99: 0
Total times t == 99: 0
Total time steps survived: 735
Total runtime so far (hours/minutes/seconds): 00:59:18
----------------------------------------

----------------------------------------
TRIAL 36 STARTED
----------------------------------------
Start Time: 2024-05-01 21:22:34
TRIAL 36 COMPLETE ✔
End Time: 2024-05-01 21:26:00
Total runtime for this trial (minutes/seconds): 03:26
----------------------------------------
Total hill visits: 46
Total prediction errors: 233
Total search depth: 483809
Total times memory accessed: 1861864
Total times 24 >= t < 49: 4
Total times 49 >= t < 74: 0
Total times 74 >= t < 99: 0
Total times t == 99: 0
Total time steps survived: 755
Total runtime so far (hours/minutes/seconds): 01:02:44
----------------------------------------

----------------------------------------
TRIAL 37 STARTED
----------------------------------------
Start Time: 2024-05-01 21:26:00
TRIAL 37 COMPLETE ✔
End Time: 2024-05-01 21:38:58
Total runtime for this trial (minutes/seconds): 12:58
----------------------------------------
Total hill visits: 49
Total prediction errors: 247
Total search depth: 596590
Total times memory accessed: 2239011
Total times 24 >= t < 49: 5
Total times 49 >= t < 74: 0
Total times 74 >= t < 99: 0
Total times t == 99: 0
Total time steps survived: 795
Total runtime so far (hours/minutes/seconds): 01:15:42
----------------------------------------

----------------------------------------
TRIAL 38 STARTED
----------------------------------------
Start Time: 2024-05-01 21:38:58
TRIAL 38 COMPLETE ✔
End Time: 2024-05-01 21:48:03
Total runtime for this trial (minutes/seconds): 09:04
----------------------------------------
Total hill visits: 50
Total prediction errors: 257
Total search depth: 659302
Total times memory accessed: 2510033
Total times 24 >= t < 49: 5
Total times 49 >= t < 74: 0
Total times 74 >= t < 99: 0
Total times t == 99: 0
Total time steps survived: 815
Total runtime so far (hours/minutes/seconds): 01:24:46
----------------------------------------

----------------------------------------
TRIAL 39 STARTED
----------------------------------------
Start Time: 2024-05-01 21:48:03
TRIAL 39 COMPLETE ✔
End Time: 2024-05-01 21:50:43
Total runtime for this trial (minutes/seconds): 02:40
----------------------------------------
Total hill visits: 53
Total prediction errors: 262
Total search depth: 679177
Total times memory accessed: 2587646
Total times 24 >= t < 49: 5
Total times 49 >= t < 74: 0
Total times 74 >= t < 99: 0
Total times t == 99: 0
Total time steps survived: 835
Total runtime so far (hours/minutes/seconds): 01:27:27
----------------------------------------

----------------------------------------
TRIAL 40 STARTED
----------------------------------------
Start Time: 2024-05-01 21:50:43
TRIAL 40 COMPLETE ✔
End Time: 2024-05-01 21:53:57
Total runtime for this trial (minutes/seconds): 03:14
----------------------------------------
Total hill visits: 54
Total prediction errors: 268
Total search depth: 704188
Total times memory accessed: 2682179
Total times 24 >= t < 49: 5
Total times 49 >= t < 74: 0
Total times 74 >= t < 99: 0
Total times t == 99: 0
Total time steps survived: 855
Total runtime so far (hours/minutes/seconds): 01:30:41
----------------------------------------

----------------------------------------
TRIAL 41 STARTED
----------------------------------------
Start Time: 2024-05-01 21:53:57
TRIAL 41 COMPLETE ✔
End Time: 2024-05-01 21:57:22
Total runtime for this trial (minutes/seconds): 03:24
----------------------------------------
Total hill visits: 58
Total prediction errors: 272
Total search depth: 731689
Total times memory accessed: 2784838
Total times 24 >= t < 49: 5
Total times 49 >= t < 74: 0
Total times 74 >= t < 99: 0
Total times t == 99: 0
Total time steps survived: 875
Total runtime so far (hours/minutes/seconds): 01:34:05
----------------------------------------

----------------------------------------
TRIAL 42 STARTED
----------------------------------------
Start Time: 2024-05-01 21:57:22
TRIAL 42 COMPLETE ✔
End Time: 2024-05-01 22:10:24
Total runtime for this trial (minutes/seconds): 13:02
----------------------------------------
Total hill visits: 59
Total prediction errors: 284
Total search depth: 847824
Total times memory accessed: 3163249
Total times 24 >= t < 49: 6
Total times 49 >= t < 74: 0
Total times 74 >= t < 99: 0
Total times t == 99: 0
Total time steps survived: 903
Total runtime so far (hours/minutes/seconds): 01:47:08
----------------------------------------

----------------------------------------
TRIAL 43 STARTED
----------------------------------------
Start Time: 2024-05-01 22:10:24
TRIAL 43 COMPLETE ✔
End Time: 2024-05-01 22:33:14
Total runtime for this trial (minutes/seconds): 22:50
----------------------------------------
Total hill visits: 62
Total prediction errors: 308
Total search depth: 1039108
Total times memory accessed: 3807489
Total times 24 >= t < 49: 6
Total times 49 >= t < 74: 1
Total times 74 >= t < 99: 0
Total times t == 99: 0
Total time steps survived: 967
Total runtime so far (hours/minutes/seconds): 02:09:58
----------------------------------------

----------------------------------------
TRIAL 44 STARTED
----------------------------------------
Start Time: 2024-05-01 22:33:14
TRIAL 44 COMPLETE ✔
End Time: 2024-05-01 22:39:31
Total runtime for this trial (minutes/seconds): 06:16
----------------------------------------
Total hill visits: 63
Total prediction errors: 312
Total search depth: 1095535
Total times memory accessed: 3981950
Total times 24 >= t < 49: 7
Total times 49 >= t < 74: 1
Total times 74 >= t < 99: 0
Total times t == 99: 0
Total time steps survived: 995
Total runtime so far (hours/minutes/seconds): 02:16:14
----------------------------------------

----------------------------------------
TRIAL 45 STARTED
----------------------------------------
Start Time: 2024-05-01 22:39:31
TRIAL 45 COMPLETE ✔
End Time: 2024-05-01 22:46:06
Total runtime for this trial (minutes/seconds): 06:35
----------------------------------------
Total hill visits: 65
Total prediction errors: 317
Total search depth: 1145173
Total times memory accessed: 4175673
Total times 24 >= t < 49: 7
Total times 49 >= t < 74: 1
Total times 74 >= t < 99: 0
Total times t == 99: 0
Total time steps survived: 1015
Total runtime so far (hours/minutes/seconds): 02:22:50
----------------------------------------

----------------------------------------
TRIAL 46 STARTED
----------------------------------------
Start Time: 2024-05-01 22:46:06
TRIAL 46 COMPLETE ✔
End Time: 2024-05-01 23:06:52
Total runtime for this trial (minutes/seconds): 20:45
----------------------------------------
Total hill visits: 69
Total prediction errors: 334
Total search depth: 1343172
Total times memory accessed: 4830444
Total times 24 >= t < 49: 7
Total times 49 >= t < 74: 2
Total times 74 >= t < 99: 0
Total times t == 99: 0
Total time steps survived: 1082
Total runtime so far (hours/minutes/seconds): 02:43:36
----------------------------------------

----------------------------------------
TRIAL 47 STARTED
----------------------------------------
Start Time: 2024-05-01 23:06:52
TRIAL 47 COMPLETE ✔
End Time: 2024-05-01 23:15:17
Total runtime for this trial (minutes/seconds): 08:24
----------------------------------------
Total hill visits: 70
Total prediction errors: 344
Total search depth: 1447220
Total times memory accessed: 5148570
Total times 24 >= t < 49: 7
Total times 49 >= t < 74: 3
Total times 74 >= t < 99: 0
Total times t == 99: 0
Total time steps survived: 1135
Total runtime so far (hours/minutes/seconds): 02:52:01
----------------------------------------

----------------------------------------
TRIAL 48 STARTED
----------------------------------------
Start Time: 2024-05-01 23:15:17
TRIAL 48 COMPLETE ✔
End Time: 2024-05-01 23:19:54
Total runtime for this trial (minutes/seconds): 04:36
----------------------------------------
Total hill visits: 71
Total prediction errors: 350
Total search depth: 1497143
Total times memory accessed: 5325905
Total times 24 >= t < 49: 7
Total times 49 >= t < 74: 3
Total times 74 >= t < 99: 0
Total times t == 99: 0
Total time steps survived: 1157
Total runtime so far (hours/minutes/seconds): 02:56:38
----------------------------------------

----------------------------------------
TRIAL 49 STARTED
----------------------------------------
Start Time: 2024-05-01 23:19:54
TRIAL 49 COMPLETE ✔
End Time: 2024-05-01 23:30:25
Total runtime for this trial (minutes/seconds): 10:30
----------------------------------------
Total hill visits: 73
Total prediction errors: 357
Total search depth: 1626045
Total times memory accessed: 5725198
Total times 24 >= t < 49: 8
Total times 49 >= t < 74: 3
Total times 74 >= t < 99: 0
Total times t == 99: 0
Total time steps survived: 1193
Total runtime so far (hours/minutes/seconds): 03:07:08
----------------------------------------

----------------------------------------
TRIAL 50 STARTED
----------------------------------------
Start Time: 2024-05-01 23:30:25
TRIAL 50 COMPLETE ✔
End Time: 2024-05-01 23:35:59
Total runtime for this trial (minutes/seconds): 05:34
----------------------------------------
Total hill visits: 74
Total prediction errors: 362
Total search depth: 1693018
Total times memory accessed: 5937219
Total times 24 >= t < 49: 9
Total times 49 >= t < 74: 3
Total times 74 >= t < 99: 0
Total times t == 99: 0
Total time steps survived: 1221
Total runtime so far (hours/minutes/seconds): 03:12:43
----------------------------------------

----------------------------------------
TRIAL 51 STARTED
----------------------------------------
Start Time: 2024-05-01 23:35:59
TRIAL 51 COMPLETE ✔
End Time: 2024-05-01 23:37:34
Total runtime for this trial (minutes/seconds): 01:35
----------------------------------------
Total hill visits: 75
Total prediction errors: 363
Total search depth: 1711431
Total times memory accessed: 5996809
Total times 24 >= t < 49: 9
Total times 49 >= t < 74: 3
Total times 74 >= t < 99: 0
Total times t == 99: 0
Total time steps survived: 1243
Total runtime so far (hours/minutes/seconds): 03:14:18
----------------------------------------

----------------------------------------
TRIAL 52 STARTED
----------------------------------------
Start Time: 2024-05-01 23:37:34
TRIAL 52 COMPLETE ✔
End Time: 2024-05-01 23:39:45
Total runtime for this trial (minutes/seconds): 02:11
----------------------------------------
Total hill visits: 76
Total prediction errors: 369
Total search depth: 1738455
Total times memory accessed: 6085945
Total times 24 >= t < 49: 10
Total times 49 >= t < 74: 3
Total times 74 >= t < 99: 0
Total times t == 99: 0
Total time steps survived: 1268
Total runtime so far (hours/minutes/seconds): 03:16:29
----------------------------------------

----------------------------------------
TRIAL 53 STARTED
----------------------------------------
Start Time: 2024-05-01 23:39:45
TRIAL 53 COMPLETE ✔
End Time: 2024-05-01 23:44:32
Total runtime for this trial (minutes/seconds): 04:46
----------------------------------------
Total hill visits: 78
Total prediction errors: 372
Total search depth: 1797972
Total times memory accessed: 6281357
Total times 24 >= t < 49: 11
Total times 49 >= t < 74: 3
Total times 74 >= t < 99: 0
Total times t == 99: 0
Total time steps survived: 1297
Total runtime so far (hours/minutes/seconds): 03:21:16
----------------------------------------

----------------------------------------
TRIAL 54 STARTED
----------------------------------------
Start Time: 2024-05-01 23:44:32
TRIAL 54 COMPLETE ✔
End Time: 2024-05-01 23:52:10
Total runtime for this trial (minutes/seconds): 07:38
----------------------------------------
Total hill visits: 81
Total prediction errors: 383
Total search depth: 1887591
Total times memory accessed: 6577794
Total times 24 >= t < 49: 11
Total times 49 >= t < 74: 4
Total times 74 >= t < 99: 0
Total times t == 99: 0
Total time steps survived: 1356
Total runtime so far (hours/minutes/seconds): 03:28:54
----------------------------------------

----------------------------------------
TRIAL 55 STARTED
----------------------------------------
Start Time: 2024-05-01 23:52:10
TRIAL 55 COMPLETE ✔
End Time: 2024-05-02 00:03:43
Total runtime for this trial (minutes/seconds): 11:33
----------------------------------------
Total hill visits: 83
Total prediction errors: 395
Total search depth: 2023876
Total times memory accessed: 7022754
Total times 24 >= t < 49: 11
Total times 49 >= t < 74: 4
Total times 74 >= t < 99: 1
Total times t == 99: 0
Total time steps survived: 1441
Total runtime so far (hours/minutes/seconds): 03:40:27
----------------------------------------

----------------------------------------
TRIAL 56 STARTED
----------------------------------------
Start Time: 2024-05-02 00:03:43
TRIAL 56 COMPLETE ✔
End Time: 2024-05-02 00:07:10
Total runtime for this trial (minutes/seconds): 03:26
----------------------------------------
Total hill visits: 85
Total prediction errors: 397
Total search depth: 2064782
Total times memory accessed: 7155754
Total times 24 >= t < 49: 11
Total times 49 >= t < 74: 4
Total times 74 >= t < 99: 1
Total times t == 99: 0
Total time steps survived: 1461
Total runtime so far (hours/minutes/seconds): 03:43:54
----------------------------------------

----------------------------------------
TRIAL 57 STARTED
----------------------------------------
Start Time: 2024-05-02 00:07:10
TRIAL 57 COMPLETE ✔
End Time: 2024-05-02 00:18:43
Total runtime for this trial (minutes/seconds): 11:32
----------------------------------------
Total hill visits: 86
Total prediction errors: 402
Total search depth: 2199191
Total times memory accessed: 7603406
Total times 24 >= t < 49: 12
Total times 49 >= t < 74: 4
Total times 74 >= t < 99: 1
Total times t == 99: 0
Total time steps survived: 1489
Total runtime so far (hours/minutes/seconds): 03:55:27
----------------------------------------

----------------------------------------
TRIAL 58 STARTED
----------------------------------------
Start Time: 2024-05-02 00:18:43
TRIAL 58 COMPLETE ✔
End Time: 2024-05-02 00:26:10
Total runtime for this trial (minutes/seconds): 07:26
----------------------------------------
Total hill visits: 87
Total prediction errors: 408
Total search depth: 2294609
Total times memory accessed: 7893498
Total times 24 >= t < 49: 12
Total times 49 >= t < 74: 4
Total times 74 >= t < 99: 1
Total times t == 99: 0
Total time steps survived: 1588
Total runtime so far (hours/minutes/seconds): 04:02:54
----------------------------------------

----------------------------------------
TRIAL 59 STARTED
----------------------------------------
Start Time: 2024-05-02 00:26:10
TRIAL 59 COMPLETE ✔
End Time: 2024-05-02 00:46:01
Total runtime for this trial (minutes/seconds): 19:50
----------------------------------------
Total hill visits: 89
Total prediction errors: 422
Total search depth: 2495058
Total times memory accessed: 8586881
Total times 24 >= t < 49: 12
Total times 49 >= t < 74: 5
Total times 74 >= t < 99: 1
Total times t == 99: 0
Total time steps survived: 1642
Total runtime so far (hours/minutes/seconds): 04:22:45
----------------------------------------

----------------------------------------
TRIAL 60 STARTED
----------------------------------------
Start Time: 2024-05-02 00:46:01
TRIAL 60 COMPLETE ✔
End Time: 2024-05-02 00:58:00
Total runtime for this trial (minutes/seconds): 11:59
----------------------------------------
Total hill visits: 90
Total prediction errors: 430
Total search depth: 2613062
Total times memory accessed: 8962020
Total times 24 >= t < 49: 13
Total times 49 >= t < 74: 5
Total times 74 >= t < 99: 1
Total times t == 99: 0
Total time steps survived: 1675
Total runtime so far (hours/minutes/seconds): 04:34:44
----------------------------------------

----------------------------------------
TRIAL 61 STARTED
----------------------------------------
Start Time: 2024-05-02 00:58:00
TRIAL 61 COMPLETE ✔
End Time: 2024-05-02 01:22:17
Total runtime for this trial (minutes/seconds): 24:16
----------------------------------------
Total hill visits: 92
Total prediction errors: 444
Total search depth: 2839181
Total times memory accessed: 9705514
Total times 24 >= t < 49: 13
Total times 49 >= t < 74: 5
Total times 74 >= t < 99: 2
Total times t == 99: 0
Total time steps survived: 1754
Total runtime so far (hours/minutes/seconds): 04:59:01
----------------------------------------

----------------------------------------
TRIAL 62 STARTED
----------------------------------------
Start Time: 2024-05-02 01:22:17
TRIAL 62 COMPLETE ✔
End Time: 2024-05-02 01:25:11
Total runtime for this trial (minutes/seconds): 02:53
----------------------------------------
Total hill visits: 93
Total prediction errors: 449
Total search depth: 2868322
Total times memory accessed: 9794908
Total times 24 >= t < 49: 14
Total times 49 >= t < 74: 5
Total times 74 >= t < 99: 2
Total times t == 99: 0
Total time steps survived: 1785
Total runtime so far (hours/minutes/seconds): 05:01:55
----------------------------------------

----------------------------------------
TRIAL 63 STARTED
----------------------------------------
Start Time: 2024-05-02 01:25:11
TRIAL 63 COMPLETE ✔
End Time: 2024-05-02 01:45:50
Total runtime for this trial (minutes/seconds): 20:38
----------------------------------------
Total hill visits: 96
Total prediction errors: 462
Total search depth: 3051578
Total times memory accessed: 10413826
Total times 24 >= t < 49: 14
Total times 49 >= t < 74: 6
Total times 74 >= t < 99: 2
Total times t == 99: 0
Total time steps survived: 1840
Total runtime so far (hours/minutes/seconds): 05:22:34
----------------------------------------

----------------------------------------
TRIAL 64 STARTED
----------------------------------------
Start Time: 2024-05-02 01:45:50
TRIAL 64 COMPLETE ✔
End Time: 2024-05-02 02:18:54
Total runtime for this trial (minutes/seconds): 33:03
----------------------------------------
Total hill visits: 97
Total prediction errors: 484
Total search depth: 3337508
Total times memory accessed: 11365218
Total times 24 >= t < 49: 14
Total times 49 >= t < 74: 6
Total times 74 >= t < 99: 3
Total times t == 99: 0
Total time steps survived: 1925
Total runtime so far (hours/minutes/seconds): 05:55:38
----------------------------------------

----------------------------------------
TRIAL 65 STARTED
----------------------------------------
Start Time: 2024-05-02 02:18:54
TRIAL 65 COMPLETE ✔
End Time: 2024-05-02 02:33:35
Total runtime for this trial (minutes/seconds): 14:40
----------------------------------------
Total hill visits: 98
Total prediction errors: 492
Total search depth: 3475649
Total times memory accessed: 11827602
Total times 24 >= t < 49: 15
Total times 49 >= t < 74: 6
Total times 74 >= t < 99: 3
Total times t == 99: 0
Total time steps survived: 1953
Total runtime so far (hours/minutes/seconds): 06:10:19
----------------------------------------

----------------------------------------
TRIAL 66 STARTED
----------------------------------------
Start Time: 2024-05-02 02:33:35
TRIAL 66 COMPLETE ✔
End Time: 2024-05-02 02:42:41
Total runtime for this trial (minutes/seconds): 09:06
----------------------------------------
Total hill visits: 100
Total prediction errors: 499
Total search depth: 3557021
Total times memory accessed: 12095741
Total times 24 >= t < 49: 16
Total times 49 >= t < 74: 6
Total times 74 >= t < 99: 3
Total times t == 99: 0
Total time steps survived: 1989
Total runtime so far (hours/minutes/seconds): 06:19:25
----------------------------------------

----------------------------------------
TRIAL 67 STARTED
----------------------------------------
Start Time: 2024-05-02 02:42:41
TRIAL 67 COMPLETE ✔
End Time: 2024-05-02 03:06:38
Total runtime for this trial (minutes/seconds): 23:56
----------------------------------------
Total hill visits: 102
Total prediction errors: 512
Total search depth: 3766412
Total times memory accessed: 12782525
Total times 24 >= t < 49: 16
Total times 49 >= t < 74: 6
Total times 74 >= t < 99: 4
Total times t == 99: 0
Total time steps survived: 2068
Total runtime so far (hours/minutes/seconds): 06:43:22
----------------------------------------

----------------------------------------
TRIAL 68 STARTED
----------------------------------------
Start Time: 2024-05-02 03:06:38
TRIAL 68 COMPLETE ✔
End Time: 2024-05-02 03:28:16
Total runtime for this trial (minutes/seconds): 21:37
----------------------------------------
Total hill visits: 103
Total prediction errors: 529
Total search depth: 3955535
Total times memory accessed: 13392426
Total times 24 >= t < 49: 16
Total times 49 >= t < 74: 6
Total times 74 >= t < 99: 5
Total times t == 99: 0
Total time steps survived: 2143
Total runtime so far (hours/minutes/seconds): 07:05:00
----------------------------------------

----------------------------------------
TRIAL 69 STARTED
----------------------------------------
Start Time: 2024-05-02 03:28:16
TRIAL 69 COMPLETE ✔
End Time: 2024-05-02 03:33:00
Total runtime for this trial (minutes/seconds): 04:43
----------------------------------------
Total hill visits: 105
Total prediction errors: 533
Total search depth: 3994374
Total times memory accessed: 13527387
Total times 24 >= t < 49: 16
Total times 49 >= t < 74: 6
Total times 74 >= t < 99: 5
Total times t == 99: 0
Total time steps survived: 2163
Total runtime so far (hours/minutes/seconds): 07:09:44
----------------------------------------

----------------------------------------
TRIAL 70 STARTED
----------------------------------------
Start Time: 2024-05-02 03:33:00
TRIAL 70 COMPLETE ✔
End Time: 2024-05-02 04:00:35
Total runtime for this trial (minutes/seconds): 27:35
----------------------------------------
Total hill visits: 107
Total prediction errors: 547
Total search depth: 4224339
Total times memory accessed: 14289103
Total times 24 >= t < 49: 16
Total times 49 >= t < 74: 6
Total times 74 >= t < 99: 5
Total times t == 99: 0
Total time steps survived: 2262
Total runtime so far (hours/minutes/seconds): 07:37:19
----------------------------------------

----------------------------------------
TRIAL 71 STARTED
----------------------------------------
Start Time: 2024-05-02 04:00:35
TRIAL 71 COMPLETE ✔
End Time: 2024-05-02 04:11:40
Total runtime for this trial (minutes/seconds): 11:05
----------------------------------------
Total hill visits: 108
Total prediction errors: 553
Total search depth: 4320019
Total times memory accessed: 14599869
Total times 24 >= t < 49: 17
Total times 49 >= t < 74: 6
Total times 74 >= t < 99: 5
Total times t == 99: 0
Total time steps survived: 2292
Total runtime so far (hours/minutes/seconds): 07:48:24
----------------------------------------

----------------------------------------
TRIAL 72 STARTED
----------------------------------------
Start Time: 2024-05-02 04:11:40
TRIAL 72 COMPLETE ✔
End Time: 2024-05-02 04:30:48
Total runtime for this trial (minutes/seconds): 19:07
----------------------------------------
Total hill visits: 109
Total prediction errors: 559
Total search depth: 4484339
Total times memory accessed: 15129057
Total times 24 >= t < 49: 17
Total times 49 >= t < 74: 7
Total times 74 >= t < 99: 5
Total times t == 99: 0
Total time steps survived: 2351
Total runtime so far (hours/minutes/seconds): 08:07:31
----------------------------------------

----------------------------------------
TRIAL 73 STARTED
----------------------------------------
Start Time: 2024-05-02 04:30:48
TRIAL 73 COMPLETE ✔
End Time: 2024-05-02 04:45:57
Total runtime for this trial (minutes/seconds): 15:09
----------------------------------------
Total hill visits: 113
Total prediction errors: 570
Total search depth: 4612751
Total times memory accessed: 15553016
Total times 24 >= t < 49: 17
Total times 49 >= t < 74: 8
Total times 74 >= t < 99: 5
Total times t == 99: 0
Total time steps survived: 2412
Total runtime so far (hours/minutes/seconds): 08:22:41
----------------------------------------

----------------------------------------
TRIAL 74 STARTED
----------------------------------------
Start Time: 2024-05-02 04:45:57
TRIAL 74 COMPLETE ✔
End Time: 2024-05-02 04:51:21
Total runtime for this trial (minutes/seconds): 05:24
----------------------------------------
Total hill visits: 114
Total prediction errors: 572
Total search depth: 4664062
Total times memory accessed: 15705572
Total times 24 >= t < 49: 17
Total times 49 >= t < 74: 8
Total times 74 >= t < 99: 5
Total times t == 99: 0
Total time steps survived: 2432
Total runtime so far (hours/minutes/seconds): 08:28:05
----------------------------------------

----------------------------------------
TRIAL 75 STARTED
----------------------------------------
Start Time: 2024-05-02 04:51:21
TRIAL 75 COMPLETE ✔
End Time: 2024-05-02 05:13:53
Total runtime for this trial (minutes/seconds): 22:31
----------------------------------------
Total hill visits: 115
Total prediction errors: 584
Total search depth: 4867206
Total times memory accessed: 16369984
Total times 24 >= t < 49: 18
Total times 49 >= t < 74: 8
Total times 74 >= t < 99: 5
Total times t == 99: 0
Total time steps survived: 2462
Total runtime so far (hours/minutes/seconds): 08:50:37
----------------------------------------

----------------------------------------
TRIAL 76 STARTED
----------------------------------------
Start Time: 2024-05-02 05:13:53
TRIAL 76 COMPLETE ✔
End Time: 2024-05-02 05:27:39
Total runtime for this trial (minutes/seconds): 13:46
----------------------------------------
Total hill visits: 117
Total prediction errors: 596
Total search depth: 4997257
Total times memory accessed: 16782640
Total times 24 >= t < 49: 18
Total times 49 >= t < 74: 9
Total times 74 >= t < 99: 5
Total times t == 99: 0
Total time steps survived: 2531
Total runtime so far (hours/minutes/seconds): 09:04:23
----------------------------------------

----------------------------------------
TRIAL 77 STARTED
----------------------------------------
Start Time: 2024-05-02 05:27:39
TRIAL 77 COMPLETE ✔
End Time: 2024-05-02 05:32:29
Total runtime for this trial (minutes/seconds): 04:50
----------------------------------------
Total hill visits: 118
Total prediction errors: 600
Total search depth: 5044072
Total times memory accessed: 16938964
Total times 24 >= t < 49: 18
Total times 49 >= t < 74: 9
Total times 74 >= t < 99: 5
Total times t == 99: 0
Total time steps survived: 2551
Total runtime so far (hours/minutes/seconds): 09:09:13
----------------------------------------

----------------------------------------
TRIAL 78 STARTED
----------------------------------------
Start Time: 2024-05-02 05:32:29
TRIAL 78 COMPLETE ✔
End Time: 2024-05-02 05:49:53
Total runtime for this trial (minutes/seconds): 17:23
----------------------------------------
Total hill visits: 120
Total prediction errors: 611
Total search depth: 5214992
Total times memory accessed: 17487179
Total times 24 >= t < 49: 18
Total times 49 >= t < 74: 9
Total times 74 >= t < 99: 6
Total times t == 99: 0
Total time steps survived: 2632
Total runtime so far (hours/minutes/seconds): 09:26:36
----------------------------------------

----------------------------------------
TRIAL 79 STARTED
----------------------------------------
Start Time: 2024-05-02 05:49:53
TRIAL 79 COMPLETE ✔
End Time: 2024-05-02 05:57:43
Total runtime for this trial (minutes/seconds): 07:50
----------------------------------------
Total hill visits: 121
Total prediction errors: 618
Total search depth: 5288466
Total times memory accessed: 17733871
Total times 24 >= t < 49: 18
Total times 49 >= t < 74: 9
Total times 74 >= t < 99: 6
Total times t == 99: 0
Total time steps survived: 2652
Total runtime so far (hours/minutes/seconds): 09:34:26
----------------------------------------

----------------------------------------
TRIAL 80 STARTED
----------------------------------------
Start Time: 2024-05-02 05:57:43
TRIAL 80 COMPLETE ✔
End Time: 2024-05-02 06:10:15
Total runtime for this trial (minutes/seconds): 12:32
----------------------------------------
Total hill visits: 122
Total prediction errors: 623
Total search depth: 5412553
Total times memory accessed: 18129800
Total times 24 >= t < 49: 18
Total times 49 >= t < 74: 10
Total times 74 >= t < 99: 6
Total times t == 99: 0
Total time steps survived: 2700
Total runtime so far (hours/minutes/seconds): 09:46:59
----------------------------------------

----------------------------------------
TRIAL 81 STARTED
----------------------------------------
Start Time: 2024-05-02 06:10:15
TRIAL 81 COMPLETE ✔
End Time: 2024-05-02 06:26:53
Total runtime for this trial (minutes/seconds): 16:37
----------------------------------------
Total hill visits: 123
Total prediction errors: 633
Total search depth: 5577543
Total times memory accessed: 18655039
Total times 24 >= t < 49: 18
Total times 49 >= t < 74: 10
Total times 74 >= t < 99: 6
Total times t == 99: 0
Total time steps survived: 2799
Total runtime so far (hours/minutes/seconds): 10:03:37
----------------------------------------

----------------------------------------
TRIAL 82 STARTED
----------------------------------------
Start Time: 2024-05-02 06:26:53
TRIAL 82 COMPLETE ✔
End Time: 2024-05-02 06:54:52
Total runtime for this trial (minutes/seconds): 27:59
----------------------------------------
Total hill visits: 127
Total prediction errors: 649
Total search depth: 5837974
Total times memory accessed: 19551232
Total times 24 >= t < 49: 18
Total times 49 >= t < 74: 10
Total times 74 >= t < 99: 7
Total times t == 99: 0
Total time steps survived: 2880
Total runtime so far (hours/minutes/seconds): 10:31:36
----------------------------------------

----------------------------------------
TRIAL 83 STARTED
----------------------------------------
Start Time: 2024-05-02 06:54:52
TRIAL 83 COMPLETE ✔
End Time: 2024-05-02 07:01:23
Total runtime for this trial (minutes/seconds): 06:31
----------------------------------------
Total hill visits: 128
Total prediction errors: 655
Total search depth: 5903453
Total times memory accessed: 19757162
Total times 24 >= t < 49: 19
Total times 49 >= t < 74: 10
Total times 74 >= t < 99: 7
Total times t == 99: 0
Total time steps survived: 2922
Total runtime so far (hours/minutes/seconds): 10:38:07
----------------------------------------

----------------------------------------
TRIAL 84 STARTED
----------------------------------------
Start Time: 2024-05-02 07:01:24
TRIAL 84 COMPLETE ✔
End Time: 2024-05-02 07:16:57
Total runtime for this trial (minutes/seconds): 15:33
----------------------------------------
Total hill visits: 129
Total prediction errors: 665
Total search depth: 6058759
Total times memory accessed: 20250434
Total times 24 >= t < 49: 19
Total times 49 >= t < 74: 11
Total times 74 >= t < 99: 7
Total times t == 99: 0
Total time steps survived: 2977
Total runtime so far (hours/minutes/seconds): 10:53:41
----------------------------------------

----------------------------------------
TRIAL 85 STARTED
----------------------------------------
Start Time: 2024-05-02 07:16:57
TRIAL 85 COMPLETE ✔
End Time: 2024-05-02 07:28:20
Total runtime for this trial (minutes/seconds): 11:22
----------------------------------------
Total hill visits: 130
Total prediction errors: 670
Total search depth: 6174380
Total times memory accessed: 20607549
Total times 24 >= t < 49: 20
Total times 49 >= t < 74: 11
Total times 74 >= t < 99: 7
Total times t == 99: 0
Total time steps survived: 3018
Total runtime so far (hours/minutes/seconds): 11:05:04
----------------------------------------

----------------------------------------
TRIAL 86 STARTED
----------------------------------------
Start Time: 2024-05-02 07:28:20
TRIAL 86 COMPLETE ✔
End Time: 2024-05-02 07:32:55
Total runtime for this trial (minutes/seconds): 04:34
----------------------------------------
Total hill visits: 131
Total prediction errors: 671
Total search depth: 6219808
Total times memory accessed: 20750778
Total times 24 >= t < 49: 20
Total times 49 >= t < 74: 11
Total times 74 >= t < 99: 7
Total times t == 99: 0
Total time steps survived: 3040
Total runtime so far (hours/minutes/seconds): 11:09:38
----------------------------------------

----------------------------------------
TRIAL 87 STARTED
----------------------------------------
Start Time: 2024-05-02 07:32:55
TRIAL 87 COMPLETE ✔
End Time: 2024-05-02 07:38:04
Total runtime for this trial (minutes/seconds): 05:09
----------------------------------------
Total hill visits: 133
Total prediction errors: 675
Total search depth: 6272619
Total times memory accessed: 20920464
Total times 24 >= t < 49: 21
Total times 49 >= t < 74: 11
Total times 74 >= t < 99: 7
Total times t == 99: 0
Total time steps survived: 3076
Total runtime so far (hours/minutes/seconds): 11:14:48
----------------------------------------

----------------------------------------
TRIAL 88 STARTED
----------------------------------------
Start Time: 2024-05-02 07:38:04
TRIAL 88 COMPLETE ✔
End Time: 2024-05-02 07:45:35
Total runtime for this trial (minutes/seconds): 07:30
----------------------------------------
Total hill visits: 135
Total prediction errors: 679
Total search depth: 6349253
Total times memory accessed: 21174538
Total times 24 >= t < 49: 22
Total times 49 >= t < 74: 11
Total times 74 >= t < 99: 7
Total times t == 99: 0
Total time steps survived: 3108
Total runtime so far (hours/minutes/seconds): 11:22:18
----------------------------------------

----------------------------------------
TRIAL 89 STARTED
----------------------------------------
Start Time: 2024-05-02 07:45:35
TRIAL 89 COMPLETE ✔
End Time: 2024-05-02 08:05:18
Total runtime for this trial (minutes/seconds): 19:43
----------------------------------------
Total hill visits: 139
Total prediction errors: 691
Total search depth: 6551893
Total times memory accessed: 21814984
Total times 24 >= t < 49: 22
Total times 49 >= t < 74: 11
Total times 74 >= t < 99: 7
Total times t == 99: 0
Total time steps survived: 3207
Total runtime so far (hours/minutes/seconds): 11:42:02
----------------------------------------

----------------------------------------
TRIAL 90 STARTED
----------------------------------------
Start Time: 2024-05-02 08:05:18
TRIAL 90 COMPLETE ✔
End Time: 2024-05-02 08:08:07
Total runtime for this trial (minutes/seconds): 02:48
----------------------------------------
Total hill visits: 140
Total prediction errors: 691
Total search depth: 6580436
Total times memory accessed: 21904291
Total times 24 >= t < 49: 22
Total times 49 >= t < 74: 11
Total times 74 >= t < 99: 7
Total times t == 99: 0
Total time steps survived: 3229
Total runtime so far (hours/minutes/seconds): 11:44:51
----------------------------------------

----------------------------------------
TRIAL 91 STARTED
----------------------------------------
Start Time: 2024-05-02 08:08:07
TRIAL 91 COMPLETE ✔
End Time: 2024-05-02 08:32:07
Total runtime for this trial (minutes/seconds): 23:59
----------------------------------------
Total hill visits: 142
Total prediction errors: 705
Total search depth: 6829776
Total times memory accessed: 22662117
Total times 24 >= t < 49: 22
Total times 49 >= t < 74: 11
Total times 74 >= t < 99: 8
Total times t == 99: 0
Total time steps survived: 3305
Total runtime so far (hours/minutes/seconds): 12:08:51
----------------------------------------

----------------------------------------
TRIAL 92 STARTED
----------------------------------------
Start Time: 2024-05-02 08:32:07
TRIAL 92 COMPLETE ✔
End Time: 2024-05-02 08:47:15
Total runtime for this trial (minutes/seconds): 15:08
----------------------------------------
Total hill visits: 145
Total prediction errors: 717
Total search depth: 6980362
Total times memory accessed: 23144060
Total times 24 >= t < 49: 23
Total times 49 >= t < 74: 11
Total times 74 >= t < 99: 8
Total times t == 99: 0
Total time steps survived: 3341
Total runtime so far (hours/minutes/seconds): 12:23:59
----------------------------------------

----------------------------------------
TRIAL 93 STARTED
----------------------------------------
Start Time: 2024-05-02 08:47:15
TRIAL 93 COMPLETE ✔
End Time: 2024-05-02 08:51:42
Total runtime for this trial (minutes/seconds): 04:26
----------------------------------------
Total hill visits: 146
Total prediction errors: 721
Total search depth: 7024780
Total times memory accessed: 23283778
Total times 24 >= t < 49: 23
Total times 49 >= t < 74: 11
Total times 74 >= t < 99: 8
Total times t == 99: 0
Total time steps survived: 3361
Total runtime so far (hours/minutes/seconds): 12:28:26
----------------------------------------

----------------------------------------
TRIAL 94 STARTED
----------------------------------------
Start Time: 2024-05-02 08:51:42
TRIAL 94 COMPLETE ✔
End Time: 2024-05-02 08:56:20
Total runtime for this trial (minutes/seconds): 04:38
----------------------------------------
Total hill visits: 147
Total prediction errors: 724
Total search depth: 7071300
Total times memory accessed: 23429882
Total times 24 >= t < 49: 23
Total times 49 >= t < 74: 11
Total times 74 >= t < 99: 8
Total times t == 99: 0
Total time steps survived: 3383
Total runtime so far (hours/minutes/seconds): 12:33:04
----------------------------------------

----------------------------------------
TRIAL 95 STARTED
----------------------------------------
Start Time: 2024-05-02 08:56:20
TRIAL 95 COMPLETE ✔
End Time: 2024-05-02 09:06:31
Total runtime for this trial (minutes/seconds): 10:10
----------------------------------------
Total hill visits: 149
Total prediction errors: 730
Total search depth: 7168244
Total times memory accessed: 23749044
Total times 24 >= t < 49: 24
Total times 49 >= t < 74: 11
Total times 74 >= t < 99: 8
Total times t == 99: 0
Total time steps survived: 3414
Total runtime so far (hours/minutes/seconds): 12:43:15
----------------------------------------

----------------------------------------
TRIAL 96 STARTED
----------------------------------------
Start Time: 2024-05-02 09:06:31
TRIAL 96 COMPLETE ✔
End Time: 2024-05-02 09:09:07
Total runtime for this trial (minutes/seconds): 02:36
----------------------------------------
Total hill visits: 151
Total prediction errors: 732
Total search depth: 7193329
Total times memory accessed: 23830786
Total times 24 >= t < 49: 24
Total times 49 >= t < 74: 11
Total times 74 >= t < 99: 8
Total times t == 99: 0
Total time steps survived: 3434
Total runtime so far (hours/minutes/seconds): 12:45:51
----------------------------------------

----------------------------------------
TRIAL 97 STARTED
----------------------------------------
Start Time: 2024-05-02 09:09:07
TRIAL 97 COMPLETE ✔
End Time: 2024-05-02 09:11:59
Total runtime for this trial (minutes/seconds): 02:51
----------------------------------------
Total hill visits: 153
Total prediction errors: 734
Total search depth: 7220232
Total times memory accessed: 23921138
Total times 24 >= t < 49: 24
Total times 49 >= t < 74: 11
Total times 74 >= t < 99: 8
Total times t == 99: 0
Total time steps survived: 3454
Total runtime so far (hours/minutes/seconds): 12:48:43
----------------------------------------

----------------------------------------
TRIAL 98 STARTED
----------------------------------------
Start Time: 2024-05-02 09:11:59
TRIAL 98 COMPLETE ✔
End Time: 2024-05-02 09:13:36
Total runtime for this trial (minutes/seconds): 01:36
----------------------------------------
Total hill visits: 154
Total prediction errors: 735
Total search depth: 7236281
Total times memory accessed: 23972170
Total times 24 >= t < 49: 24
Total times 49 >= t < 74: 11
Total times 74 >= t < 99: 8
Total times t == 99: 0
Total time steps survived: 3474
Total runtime so far (hours/minutes/seconds): 12:50:19
----------------------------------------

----------------------------------------
TRIAL 99 STARTED
----------------------------------------
Start Time: 2024-05-02 09:13:36
TRIAL 99 COMPLETE ✔
End Time: 2024-05-02 09:30:24
Total runtime for this trial (minutes/seconds): 16:48
----------------------------------------
Total hill visits: 156
Total prediction errors: 743
Total search depth: 7400815
Total times memory accessed: 24493972
Total times 24 >= t < 49: 24
Total times 49 >= t < 74: 11
Total times 74 >= t < 99: 9
Total times t == 99: 0
Total time steps survived: 3566
Total runtime so far (hours/minutes/seconds): 13:07:08
----------------------------------------

----------------------------------------
TRIAL 100 STARTED
----------------------------------------
Start Time: 2024-05-02 09:30:24
TRIAL 100 COMPLETE ✔
End Time: 2024-05-02 09:41:25
Total runtime for this trial (minutes/seconds): 11:00
----------------------------------------
Total hill visits: 157
Total prediction errors: 749
Total search depth: 7504155
Total times memory accessed: 24838355
Total times 24 >= t < 49: 25
Total times 49 >= t < 74: 11
Total times 74 >= t < 99: 9
Total times t == 99: 0
Total time steps survived: 3609
Total runtime so far (hours/minutes/seconds): 13:18:08
----------------------------------------

----------------------------------------
TRIAL 101 STARTED
----------------------------------------
Start Time: 2024-05-02 09:41:25
TRIAL 101 COMPLETE ✔
End Time: 2024-05-02 09:54:40
Total runtime for this trial (minutes/seconds): 13:15
----------------------------------------
Total hill visits: 159
Total prediction errors: 758
Total search depth: 7635810
Total times memory accessed: 25260027
Total times 24 >= t < 49: 25
Total times 49 >= t < 74: 12
Total times 74 >= t < 99: 9
Total times t == 99: 0
Total time steps survived: 3658
Total runtime so far (hours/minutes/seconds): 13:31:24
----------------------------------------

----------------------------------------
TRIAL 102 STARTED
----------------------------------------
Start Time: 2024-05-02 09:54:40
TRIAL 102 COMPLETE ✔
End Time: 2024-05-02 09:57:31
Total runtime for this trial (minutes/seconds): 02:51
----------------------------------------
Total hill visits: 160
Total prediction errors: 759
Total search depth: 7665704
Total times memory accessed: 25352910
Total times 24 >= t < 49: 25
Total times 49 >= t < 74: 12
Total times 74 >= t < 99: 9
Total times t == 99: 0
Total time steps survived: 3680
Total runtime so far (hours/minutes/seconds): 13:34:15
----------------------------------------

----------------------------------------
TRIAL 103 STARTED
----------------------------------------
Start Time: 2024-05-02 09:57:31
TRIAL 103 COMPLETE ✔
End Time: 2024-05-02 10:06:43
Total runtime for this trial (minutes/seconds): 09:12
----------------------------------------
Total hill visits: 162
Total prediction errors: 766
Total search depth: 7761338
Total times memory accessed: 25642522
Total times 24 >= t < 49: 25
Total times 49 >= t < 74: 13
Total times 74 >= t < 99: 9
Total times t == 99: 0
Total time steps survived: 3745
Total runtime so far (hours/minutes/seconds): 13:43:27
----------------------------------------

----------------------------------------
TRIAL 104 STARTED
----------------------------------------
Start Time: 2024-05-02 10:06:43
TRIAL 104 COMPLETE ✔
End Time: 2024-05-02 10:11:13
Total runtime for this trial (minutes/seconds): 04:30
----------------------------------------
Total hill visits: 164
Total prediction errors: 769
Total search depth: 7807005
Total times memory accessed: 25788000
Total times 24 >= t < 49: 26
Total times 49 >= t < 74: 13
Total times 74 >= t < 99: 9
Total times t == 99: 0
Total time steps survived: 3774
Total runtime so far (hours/minutes/seconds): 13:47:57
----------------------------------------

----------------------------------------
TRIAL 105 STARTED
----------------------------------------
Start Time: 2024-05-02 10:11:14
TRIAL 105 COMPLETE ✔
End Time: 2024-05-02 10:27:42
Total runtime for this trial (minutes/seconds): 16:28
----------------------------------------
Total hill visits: 165
Total prediction errors: 778
Total search depth: 7967310
Total times memory accessed: 26323342
Total times 24 >= t < 49: 26
Total times 49 >= t < 74: 14
Total times 74 >= t < 99: 9
Total times t == 99: 0
Total time steps survived: 3838
Total runtime so far (hours/minutes/seconds): 14:04:26
----------------------------------------

----------------------------------------
TRIAL 106 STARTED
----------------------------------------
Start Time: 2024-05-02 10:27:42
TRIAL 106 COMPLETE ✔
End Time: 2024-05-02 10:36:40
Total runtime for this trial (minutes/seconds): 08:57
----------------------------------------
Total hill visits: 166
Total prediction errors: 783
Total search depth: 8056950
Total times memory accessed: 26611050
Total times 24 >= t < 49: 26
Total times 49 >= t < 74: 15
Total times 74 >= t < 99: 9
Total times t == 99: 0
Total time steps survived: 3891
Total runtime so far (hours/minutes/seconds): 14:13:24
----------------------------------------

----------------------------------------
TRIAL 107 STARTED
----------------------------------------
Start Time: 2024-05-02 10:36:40
TRIAL 107 COMPLETE ✔
End Time: 2024-05-02 10:43:44
Total runtime for this trial (minutes/seconds): 07:03
----------------------------------------
Total hill visits: 168
Total prediction errors: 789
Total search depth: 8134542
Total times memory accessed: 26863923
Total times 24 >= t < 49: 27
Total times 49 >= t < 74: 15
Total times 74 >= t < 99: 9
Total times t == 99: 0
Total time steps survived: 3937
Total runtime so far (hours/minutes/seconds): 14:20:28
----------------------------------------

----------------------------------------
TRIAL 108 STARTED
----------------------------------------
Start Time: 2024-05-02 10:43:44
TRIAL 108 COMPLETE ✔
End Time: 2024-05-02 10:58:28
Total runtime for this trial (minutes/seconds): 14:44
----------------------------------------
Total hill visits: 171
Total prediction errors: 799
Total search depth: 8299488
Total times memory accessed: 27378493
Total times 24 >= t < 49: 27
Total times 49 >= t < 74: 16
Total times 74 >= t < 99: 9
Total times t == 99: 0
Total time steps survived: 3995
Total runtime so far (hours/minutes/seconds): 14:35:12
----------------------------------------

----------------------------------------
TRIAL 109 STARTED
----------------------------------------
Start Time: 2024-05-02 10:58:28
TRIAL 109 COMPLETE ✔
End Time: 2024-05-02 11:04:12
Total runtime for this trial (minutes/seconds): 05:43
----------------------------------------
Total hill visits: 174
Total prediction errors: 802
Total search depth: 8363754
Total times memory accessed: 27580135
Total times 24 >= t < 49: 28
Total times 49 >= t < 74: 16
Total times 74 >= t < 99: 9
Total times t == 99: 0
Total time steps survived: 4026
Total runtime so far (hours/minutes/seconds): 14:40:56
----------------------------------------

----------------------------------------
TRIAL 110 STARTED
----------------------------------------
Start Time: 2024-05-02 11:04:12
TRIAL 110 COMPLETE ✔
End Time: 2024-05-02 11:26:58
Total runtime for this trial (minutes/seconds): 22:46
----------------------------------------
Total hill visits: 177
Total prediction errors: 815
Total search depth: 8599343
Total times memory accessed: 28303578
Total times 24 >= t < 49: 28
Total times 49 >= t < 74: 16
Total times 74 >= t < 99: 10
Total times t == 99: 0
Total time steps survived: 4119
Total runtime so far (hours/minutes/seconds): 15:03:42
----------------------------------------

----------------------------------------
TRIAL 111 STARTED
----------------------------------------
Start Time: 2024-05-02 11:26:58
TRIAL 111 COMPLETE ✔
End Time: 2024-05-02 11:39:26
Total runtime for this trial (minutes/seconds): 12:27
----------------------------------------
Total hill visits: 179
Total prediction errors: 827
Total search depth: 8729979
Total times memory accessed: 28707223
Total times 24 >= t < 49: 28
Total times 49 >= t < 74: 16
Total times 74 >= t < 99: 11
Total times t == 99: 0
Total time steps survived: 4202
Total runtime so far (hours/minutes/seconds): 15:16:10
----------------------------------------

----------------------------------------
TRIAL 112 STARTED
----------------------------------------
Start Time: 2024-05-02 11:39:26
TRIAL 112 COMPLETE ✔
End Time: 2024-05-02 11:44:23
Total runtime for this trial (minutes/seconds): 04:56
----------------------------------------
Total hill visits: 180
Total prediction errors: 832
Total search depth: 8772747
Total times memory accessed: 28845724
Total times 24 >= t < 49: 28
Total times 49 >= t < 74: 16
Total times 74 >= t < 99: 11
Total times t == 99: 0
Total time steps survived: 4224
Total runtime so far (hours/minutes/seconds): 15:21:07
----------------------------------------

----------------------------------------
TRIAL 113 STARTED
----------------------------------------
Start Time: 2024-05-02 11:44:23
TRIAL 113 COMPLETE ✔
End Time: 2024-05-02 11:48:45
Total runtime for this trial (minutes/seconds): 04:22
----------------------------------------
Total hill visits: 185
Total prediction errors: 835
Total search depth: 8815137
Total times memory accessed: 28982866
Total times 24 >= t < 49: 28
Total times 49 >= t < 74: 16
Total times 74 >= t < 99: 11
Total times t == 99: 0
Total time steps survived: 4244
Total runtime so far (hours/minutes/seconds): 15:25:29
----------------------------------------

----------------------------------------
TRIAL 114 STARTED
----------------------------------------
Start Time: 2024-05-02 11:48:45
TRIAL 114 COMPLETE ✔
End Time: 2024-05-02 11:57:59
Total runtime for this trial (minutes/seconds): 09:13
----------------------------------------
Total hill visits: 186
Total prediction errors: 840
Total search depth: 8903601
Total times memory accessed: 29253416
Total times 24 >= t < 49: 28
Total times 49 >= t < 74: 17
Total times 74 >= t < 99: 11
Total times t == 99: 0
Total time steps survived: 4316
Total runtime so far (hours/minutes/seconds): 15:34:43
----------------------------------------

----------------------------------------
TRIAL 115 STARTED
----------------------------------------
Start Time: 2024-05-02 11:57:59
TRIAL 115 COMPLETE ✔
End Time: 2024-05-02 12:03:18
Total runtime for this trial (minutes/seconds): 05:18
----------------------------------------
Total hill visits: 188
Total prediction errors: 846
Total search depth: 8951423
Total times memory accessed: 29410642
Total times 24 >= t < 49: 28
Total times 49 >= t < 74: 17
Total times 74 >= t < 99: 11
Total times t == 99: 0
Total time steps survived: 4336
Total runtime so far (hours/minutes/seconds): 15:40:01
----------------------------------------

----------------------------------------
TRIAL 116 STARTED
----------------------------------------
Start Time: 2024-05-02 12:03:18
TRIAL 116 COMPLETE ✔
End Time: 2024-05-02 12:13:31
Total runtime for this trial (minutes/seconds): 10:13
----------------------------------------
Total hill visits: 191
Total prediction errors: 856
Total search depth: 9057369
Total times memory accessed: 29746802
Total times 24 >= t < 49: 28
Total times 49 >= t < 74: 18
Total times 74 >= t < 99: 11
Total times t == 99: 0
Total time steps survived: 4400
Total runtime so far (hours/minutes/seconds): 15:50:15
----------------------------------------

----------------------------------------
TRIAL 117 STARTED
----------------------------------------
Start Time: 2024-05-02 12:13:31
TRIAL 117 COMPLETE ✔
End Time: 2024-05-02 12:25:50
Total runtime for this trial (minutes/seconds): 12:18
----------------------------------------
Total hill visits: 193
Total prediction errors: 864
Total search depth: 9179245
Total times memory accessed: 30119011
Total times 24 >= t < 49: 28
Total times 49 >= t < 74: 19
Total times 74 >= t < 99: 11
Total times t == 99: 0
Total time steps survived: 4459
Total runtime so far (hours/minutes/seconds): 16:02:34
----------------------------------------

----------------------------------------
TRIAL 118 STARTED
----------------------------------------
Start Time: 2024-05-02 12:25:50
TRIAL 118 COMPLETE ✔
End Time: 2024-05-02 12:42:22
Total runtime for this trial (minutes/seconds): 16:32
----------------------------------------
Total hill visits: 197
Total prediction errors: 875
Total search depth: 9351734
Total times memory accessed: 30651989
Total times 24 >= t < 49: 28
Total times 49 >= t < 74: 20
Total times 74 >= t < 99: 11
Total times t == 99: 0
Total time steps survived: 4528
Total runtime so far (hours/minutes/seconds): 16:19:06
----------------------------------------

----------------------------------------
TRIAL 119 STARTED
----------------------------------------
Start Time: 2024-05-02 12:42:22
TRIAL 119 COMPLETE ✔
End Time: 2024-05-02 12:57:22
Total runtime for this trial (minutes/seconds): 15:00
----------------------------------------
Total hill visits: 201
Total prediction errors: 884
Total search depth: 9500359
Total times memory accessed: 31110809
Total times 24 >= t < 49: 28
Total times 49 >= t < 74: 20
Total times 74 >= t < 99: 11
Total times t == 99: 0
Total time steps survived: 4627
Total runtime so far (hours/minutes/seconds): 16:34:06
----------------------------------------

----------------------------------------
TRIAL 120 STARTED
----------------------------------------
Start Time: 2024-05-02 12:57:22
TRIAL 120 COMPLETE ✔
End Time: 2024-05-02 13:01:19
Total runtime for this trial (minutes/seconds): 03:56
----------------------------------------
Total hill visits: 202
Total prediction errors: 888
Total search depth: 9541318
Total times memory accessed: 31235191
Total times 24 >= t < 49: 28
Total times 49 >= t < 74: 20
Total times 74 >= t < 99: 11
Total times t == 99: 0
Total time steps survived: 4649
Total runtime so far (hours/minutes/seconds): 16:38:03
----------------------------------------
EXPERIMENT COMPLETE ✔.
End Time: 2024-05-02 13:01:19
TOTAL RUNTIME (hours/minutes/seconds): 16:38:03
Traceback (most recent call last):
  File "/home/grmstj001/MATLAB-experiments/Sophisticated-Learning/src/Python/main.py", line 24, in <module>
    main(algorithm=args.algorithm, seed=args.seed)
  File "/home/grmstj001/MATLAB-experiments/Sophisticated-Learning/src/Python/main.py", line 8, in main
    si_experiment(seed)
  File "/home/grmstj001/MATLAB-experiments/Sophisticated-Learning/src/Python/algorithms/sophisticated_inference/sophisticated_inference.py", line 354, in experiment
    logging.info(f"AVERAGE RUNTIME PER TIME STEP: {round_half_up((runtime.total_seconds() / total_t), 3)} seconds")
NameError: name 'round_half_up' is not defined
/var/tmp/slurmd.spool/job2116113/slurm_script: line 32: deactivatepython: command not found
