Running Python script with ALGORITHM=SI and SEED=23
At time 20 the agent is dead.
The agent had: 1 food, -1 water, and 4 sleep.
The total tree search depth for this trial was 1112.
The agent accessed its memory 1754 times.
The agent cleared its short-term memory 3 times.
    State prediction error memory resets: 2.
    Hill memory resets: 1.
At time 20 the agent is dead.
The agent had: 1 food, -1 water, and 4 sleep.
The total tree search depth for this trial was 629.
The agent accessed its memory 1524 times.
The agent cleared its short-term memory 12 times.
    State prediction error memory resets: 10.
    Hill memory resets: 2.
At time 20 the agent is dead.
The agent had: 1 food, -1 water, and 4 sleep.
The total tree search depth for this trial was 1231.
The agent accessed its memory 2210 times.
The agent cleared its short-term memory 0 times.
    State prediction error memory resets: 0.
    Hill memory resets: 0.
At time 20 the agent is dead.
The agent had: 1 food, -1 water, and 4 sleep.
The total tree search depth for this trial was 1417.
The agent accessed its memory 3847 times.
The agent cleared its short-term memory 10 times.
    State prediction error memory resets: 8.
    Hill memory resets: 2.
At time 20 the agent is dead.
The agent had: 1 food, -1 water, and 4 sleep.
The total tree search depth for this trial was 798.
The agent accessed its memory 2326 times.
The agent cleared its short-term memory 9 times.
    State prediction error memory resets: 9.
    Hill memory resets: 0.
At time 20 the agent is dead.
The agent had: 1 food, -1 water, and 4 sleep.
The total tree search depth for this trial was 1872.
The agent accessed its memory 4095 times.
The agent cleared its short-term memory 9 times.
    State prediction error memory resets: 9.
    Hill memory resets: 0.
At time 22 the agent is dead.
The agent had: -1 food, 7 water, and 2 sleep.
The total tree search depth for this trial was 7816.
The agent accessed its memory 21817 times.
The agent cleared its short-term memory 12 times.
    State prediction error memory resets: 12.
    Hill memory resets: 0.
At time 22 the agent is dead.
The agent had: -1 food, 6 water, and 2 sleep.
The total tree search depth for this trial was 5600.
The agent accessed its memory 14338 times.
The agent cleared its short-term memory 10 times.
    State prediction error memory resets: 10.
    Hill memory resets: 0.
At time 20 the agent is dead.
The agent had: 1 food, -1 water, and 4 sleep.
The total tree search depth for this trial was 1850.
The agent accessed its memory 5501 times.
The agent cleared its short-term memory 10 times.
    State prediction error memory resets: 10.
    Hill memory resets: 0.
At time 20 the agent is dead.
The agent had: 1 food, -1 water, and 4 sleep.
The total tree search depth for this trial was 1149.
The agent accessed its memory 3703 times.
The agent cleared its short-term memory 9 times.
    State prediction error memory resets: 9.
    Hill memory resets: 0.
At time 27 the agent is dead.
The agent had: 2 food, -1 water, and 10 sleep.
The total tree search depth for this trial was 19888.
The agent accessed its memory 64036 times.
The agent cleared its short-term memory 12 times.
    State prediction error memory resets: 10.
    Hill memory resets: 2.
At time 20 the agent is dead.
The agent had: 1 food, -1 water, and 4 sleep.
The total tree search depth for this trial was 12305.
The agent accessed its memory 42643 times.
The agent cleared its short-term memory 10 times.
    State prediction error memory resets: 8.
    Hill memory resets: 2.
At time 20 the agent is dead.
The agent had: 1 food, -1 water, and 4 sleep.
The total tree search depth for this trial was 16025.
The agent accessed its memory 58460 times.
The agent cleared its short-term memory 10 times.
    State prediction error memory resets: 10.
    Hill memory resets: 0.
At time 20 the agent is dead.
The agent had: 1 food, -1 water, and 4 sleep.
The total tree search depth for this trial was 27468.
The agent accessed its memory 100188 times.
The agent cleared its short-term memory 9 times.
    State prediction error memory resets: 7.
    Hill memory resets: 2.
At time 22 the agent is dead.
The agent had: -1 food, 7 water, and 2 sleep.
The total tree search depth for this trial was 7516.
The agent accessed its memory 26505 times.
The agent cleared its short-term memory 10 times.
    State prediction error memory resets: 9.
    Hill memory resets: 1.
At time 20 the agent is dead.
The agent had: 1 food, -1 water, and 4 sleep.
The total tree search depth for this trial was 5905.
The agent accessed its memory 20871 times.
The agent cleared its short-term memory 8 times.
    State prediction error memory resets: 7.
    Hill memory resets: 1.
At time 20 the agent is dead.
The agent had: 21 food, -1 water, and 4 sleep.
The total tree search depth for this trial was 6225.
The agent accessed its memory 21867 times.
The agent cleared its short-term memory 11 times.
    State prediction error memory resets: 10.
    Hill memory resets: 1.
At time 20 the agent is dead.
The agent had: 1 food, -1 water, and 4 sleep.
The total tree search depth for this trial was 9100.
The agent accessed its memory 39547 times.
The agent cleared its short-term memory 3 times.
    State prediction error memory resets: 2.
    Hill memory resets: 1.
At time 20 the agent is dead.
The agent had: 1 food, -1 water, and 4 sleep.
The total tree search depth for this trial was 6269.
The agent accessed its memory 21516 times.
The agent cleared its short-term memory 6 times.
    State prediction error memory resets: 5.
    Hill memory resets: 1.
At time 20 the agent is dead.
The agent had: 1 food, -1 water, and 21 sleep.
The total tree search depth for this trial was 28683.
The agent accessed its memory 94178 times.
The agent cleared its short-term memory 8 times.
    State prediction error memory resets: 7.
    Hill memory resets: 1.
At time 20 the agent is dead.
The agent had: 18 food, -1 water, and 4 sleep.
The total tree search depth for this trial was 17885.
The agent accessed its memory 69903 times.
The agent cleared its short-term memory 6 times.
    State prediction error memory resets: 4.
    Hill memory resets: 2.
At time 20 the agent is dead.
The agent had: 1 food, -1 water, and 15 sleep.
The total tree search depth for this trial was 14792.
The agent accessed its memory 52286 times.
The agent cleared its short-term memory 4 times.
    State prediction error memory resets: 3.
    Hill memory resets: 1.
At time 25 the agent is dead.
The agent had: 15 food, 16 water, and -1 sleep.
The total tree search depth for this trial was 34556.
The agent accessed its memory 122386 times.
The agent cleared its short-term memory 7 times.
    State prediction error memory resets: 6.
    Hill memory resets: 1.
At time 20 the agent is dead.
The agent had: 1 food, -1 water, and 14 sleep.
The total tree search depth for this trial was 11553.
The agent accessed its memory 39091 times.
The agent cleared its short-term memory 3 times.
    State prediction error memory resets: 2.
    Hill memory resets: 1.
At time 20 the agent is dead.
The agent had: 14 food, -1 water, and 15 sleep.
The total tree search depth for this trial was 13826.
The agent accessed its memory 47890 times.
The agent cleared its short-term memory 5 times.
    State prediction error memory resets: 4.
    Hill memory resets: 1.
At time 22 the agent is dead.
The agent had: -1 food, 4 water, and 2 sleep.
The total tree search depth for this trial was 25805.
The agent accessed its memory 95153 times.
The agent cleared its short-term memory 9 times.
    State prediction error memory resets: 8.
    Hill memory resets: 1.
At time 20 the agent is dead.
The agent had: 1 food, -1 water, and 12 sleep.
The total tree search depth for this trial was 14003.
The agent accessed its memory 47806 times.
The agent cleared its short-term memory 2 times.
    State prediction error memory resets: 1.
    Hill memory resets: 1.
At time 22 the agent is dead.
The agent had: -1 food, 7 water, and 2 sleep.
The total tree search depth for this trial was 45243.
The agent accessed its memory 186568 times.
The agent cleared its short-term memory 15 times.
    State prediction error memory resets: 14.
    Hill memory resets: 1.
At time 25 the agent is dead.
The agent had: 6 food, 1 water, and -1 sleep.
The total tree search depth for this trial was 35594.
The agent accessed its memory 139675 times.
The agent cleared its short-term memory 12 times.
    State prediction error memory resets: 11.
    Hill memory resets: 1.
At time 20 the agent is dead.
The agent had: 1 food, -1 water, and 4 sleep.
The total tree search depth for this trial was 9959.
The agent accessed its memory 32188 times.
The agent cleared its short-term memory 1 times.
    State prediction error memory resets: 0.
    Hill memory resets: 1.
At time 34 the agent is dead.
The agent had: 0 food, -1 water, and 2 sleep.
The total tree search depth for this trial was 28406.
The agent accessed its memory 85805 times.
The agent cleared its short-term memory 4 times.
    State prediction error memory resets: 3.
    Hill memory resets: 1.
At time 25 the agent is dead.
The agent had: 14 food, 6 water, and -1 sleep.
The total tree search depth for this trial was 19347.
The agent accessed its memory 70149 times.
The agent cleared its short-term memory 3 times.
    State prediction error memory resets: 2.
    Hill memory resets: 1.
At time 25 the agent is dead.
The agent had: 10 food, 4 water, and -1 sleep.
The total tree search depth for this trial was 49352.
The agent accessed its memory 186819 times.
The agent cleared its short-term memory 9 times.
    State prediction error memory resets: 8.
    Hill memory resets: 1.
At time 47 the agent is dead.
The agent had: -1 food, 1 water, and 9 sleep.
The total tree search depth for this trial was 89907.
The agent accessed its memory 313629 times.
The agent cleared its short-term memory 15 times.
    State prediction error memory resets: 13.
    Hill memory resets: 2.
At time 20 the agent is dead.
The agent had: 1 food, -1 water, and 4 sleep.
The total tree search depth for this trial was 36257.
The agent accessed its memory 140566 times.
The agent cleared its short-term memory 8 times.
    State prediction error memory resets: 7.
    Hill memory resets: 1.
At time 54 the agent is dead.
The agent had: 7 food, -1 water, and 11 sleep.
The total tree search depth for this trial was 85156.
The agent accessed its memory 306145 times.
The agent cleared its short-term memory 10 times.
    State prediction error memory resets: 8.
    Hill memory resets: 2.
At time 30 the agent is dead.
The agent had: 0 food, -1 water, and 2 sleep.
The total tree search depth for this trial was 28184.
The agent accessed its memory 101717 times.
The agent cleared its short-term memory 13 times.
    State prediction error memory resets: 12.
    Hill memory resets: 1.
At time 63 the agent is dead.
The agent had: 4 food, -1 water, and 22 sleep.
The total tree search depth for this trial was 151159.
The agent accessed its memory 522942 times.
The agent cleared its short-term memory 11 times.
    State prediction error memory resets: 10.
    Hill memory resets: 1.
At time 22 the agent is dead.
The agent had: -1 food, 16 water, and 19 sleep.
The total tree search depth for this trial was 27789.
The agent accessed its memory 100731 times.
The agent cleared its short-term memory 5 times.
    State prediction error memory resets: 4.
    Hill memory resets: 1.
At time 30 the agent is dead.
The agent had: 3 food, -1 water, and 21 sleep.
The total tree search depth for this trial was 63114.
The agent accessed its memory 227381 times.
The agent cleared its short-term memory 7 times.
    State prediction error memory resets: 6.
    Hill memory resets: 1.
At time 22 the agent is dead.
The agent had: -1 food, 11 water, and 14 sleep.
The total tree search depth for this trial was 36267.
The agent accessed its memory 130127 times.
The agent cleared its short-term memory 6 times.
    State prediction error memory resets: 5.
    Hill memory resets: 1.
At time 22 the agent is dead.
The agent had: -1 food, 4 water, and 2 sleep.
The total tree search depth for this trial was 62410.
The agent accessed its memory 239554 times.
The agent cleared its short-term memory 14 times.
    State prediction error memory resets: 13.
    Hill memory resets: 1.
At time 38 the agent is dead.
The agent had: -1 food, 16 water, and 12 sleep.
The total tree search depth for this trial was 70395.
The agent accessed its memory 254416 times.
The agent cleared its short-term memory 9 times.
    State prediction error memory resets: 8.
    Hill memory resets: 1.
At time 22 the agent is dead.
The agent had: -1 food, 14 water, and 22 sleep.
The total tree search depth for this trial was 64391.
The agent accessed its memory 238778 times.
The agent cleared its short-term memory 5 times.
    State prediction error memory resets: 4.
    Hill memory resets: 1.
At time 28 the agent is dead.
The agent had: -1 food, 11 water, and 21 sleep.
The total tree search depth for this trial was 43979.
The agent accessed its memory 155703 times.
The agent cleared its short-term memory 7 times.
    State prediction error memory resets: 6.
    Hill memory resets: 1.
At time 25 the agent is dead.
The agent had: 9 food, 4 water, and -1 sleep.
The total tree search depth for this trial was 74454.
The agent accessed its memory 276282 times.
The agent cleared its short-term memory 8 times.
    State prediction error memory resets: 7.
    Hill memory resets: 1.
At time 40 the agent is dead.
The agent had: 3 food, -1 water, and 0 sleep.
The total tree search depth for this trial was 50136.
The agent accessed its memory 181030 times.
The agent cleared its short-term memory 5 times.
    State prediction error memory resets: 4.
    Hill memory resets: 1.
At time 22 the agent is dead.
The agent had: -1 food, 17 water, and 19 sleep.
The total tree search depth for this trial was 37985.
The agent accessed its memory 136519 times.
The agent cleared its short-term memory 2 times.
    State prediction error memory resets: 1.
    Hill memory resets: 1.
At time 87 the agent is dead.
The agent had: 8 food, -1 water, and 18 sleep.
The total tree search depth for this trial was 166648.
The agent accessed its memory 598082 times.
The agent cleared its short-term memory 17 times.
    State prediction error memory resets: 15.
    Hill memory resets: 2.
At time 59 the agent is dead.
The agent had: 14 food, -1 water, and 1 sleep.
The total tree search depth for this trial was 216764.
The agent accessed its memory 768239 times.
The agent cleared its short-term memory 20 times.
    State prediction error memory resets: 17.
    Hill memory resets: 3.
At time 43 the agent is dead.
The agent had: -1 food, -1 water, and 6 sleep.
The total tree search depth for this trial was 107334.
The agent accessed its memory 386519 times.
The agent cleared its short-term memory 14 times.
    State prediction error memory resets: 12.
    Hill memory resets: 2.
At time 25 the agent is dead.
The agent had: 4 food, 11 water, and -1 sleep.
The total tree search depth for this trial was 61003.
The agent accessed its memory 223232 times.
The agent cleared its short-term memory 6 times.
    State prediction error memory resets: 5.
    Hill memory resets: 1.
At time 38 the agent is dead.
The agent had: 6 food, -1 water, and 2 sleep.
The total tree search depth for this trial was 108428.
The agent accessed its memory 404042 times.
The agent cleared its short-term memory 14 times.
    State prediction error memory resets: 13.
    Hill memory resets: 1.
At time 43 the agent is dead.
The agent had: 7 food, 9 water, and -1 sleep.
The total tree search depth for this trial was 90795.
The agent accessed its memory 307008 times.
The agent cleared its short-term memory 7 times.
    State prediction error memory resets: 6.
    Hill memory resets: 1.
At time 46 the agent is dead.
The agent had: 13 food, 7 water, and -1 sleep.
The total tree search depth for this trial was 56385.
The agent accessed its memory 185153 times.
The agent cleared its short-term memory 7 times.
    State prediction error memory resets: 6.
    Hill memory resets: 1.
At time 41 the agent is dead.
The agent had: 10 food, -1 water, and 10 sleep.
The total tree search depth for this trial was 115356.
The agent accessed its memory 390596 times.
The agent cleared its short-term memory 12 times.
    State prediction error memory resets: 10.
    Hill memory resets: 2.
At time 25 the agent is dead.
The agent had: 7 food, 3 water, and -1 sleep.
The total tree search depth for this trial was 74162.
The agent accessed its memory 254996 times.
The agent cleared its short-term memory 7 times.
    State prediction error memory resets: 6.
    Hill memory resets: 1.
At time 25 the agent is dead.
The agent had: 15 food, 9 water, and -1 sleep.
The total tree search depth for this trial was 85616.
The agent accessed its memory 303917 times.
The agent cleared its short-term memory 4 times.
    State prediction error memory resets: 3.
    Hill memory resets: 1.
At time 25 the agent is dead.
The agent had: 11 food, 2 water, and -1 sleep.
The total tree search depth for this trial was 59498.
The agent accessed its memory 213026 times.
The agent cleared its short-term memory 7 times.
    State prediction error memory resets: 6.
    Hill memory resets: 1.
At time 94 the agent is dead.
The agent had: -1 food, 7 water, and 21 sleep.
The total tree search depth for this trial was 187813.
The agent accessed its memory 659723 times.
The agent cleared its short-term memory 12 times.
    State prediction error memory resets: 10.
    Hill memory resets: 2.
At time 52 the agent is dead.
The agent had: 10 food, -1 water, and 12 sleep.
The total tree search depth for this trial was 40699.
The agent accessed its memory 134740 times.
The agent cleared its short-term memory 6 times.
    State prediction error memory resets: 5.
    Hill memory resets: 1.
At time 25 the agent is dead.
The agent had: 12 food, 15 water, and -1 sleep.
The total tree search depth for this trial was 44180.
The agent accessed its memory 157212 times.
The agent cleared its short-term memory 4 times.
    State prediction error memory resets: 3.
    Hill memory resets: 1.
At time 38 the agent is dead.
The agent had: -1 food, 0 water, and 9 sleep.
The total tree search depth for this trial was 88363.
The agent accessed its memory 307787 times.
The agent cleared its short-term memory 7 times.
    State prediction error memory resets: 6.
    Hill memory resets: 1.
At time 92 the agent is dead.
The agent had: -1 food, -1 water, and -1 sleep.
The total tree search depth for this trial was 226684.
The agent accessed its memory 760853 times.
The agent cleared its short-term memory 19 times.
    State prediction error memory resets: 17.
    Hill memory resets: 2.
At time 25 the agent is dead.
The agent had: 19 food, 15 water, and -1 sleep.
The total tree search depth for this trial was 50302.
The agent accessed its memory 169305 times.
The agent cleared its short-term memory 4 times.
    State prediction error memory resets: 3.
    Hill memory resets: 1.
At time 91 the agent is dead.
The agent had: 6 food, 10 water, and -1 sleep.
The total tree search depth for this trial was 186031.
The agent accessed its memory 611038 times.
The agent cleared its short-term memory 13 times.
    State prediction error memory resets: 12.
    Hill memory resets: 1.
At time 79 the agent is dead.
The agent had: -1 food, 8 water, and 11 sleep.
The total tree search depth for this trial was 116885.
The agent accessed its memory 399202 times.
The agent cleared its short-term memory 9 times.
    State prediction error memory resets: 8.
    Hill memory resets: 1.
At time 34 the agent is dead.
The agent had: -1 food, 8 water, and 11 sleep.
The total tree search depth for this trial was 54079.
The agent accessed its memory 181463 times.
The agent cleared its short-term memory 4 times.
    State prediction error memory resets: 3.
    Hill memory resets: 1.
At time 25 the agent is dead.
The agent had: 6 food, 2 water, and -1 sleep.
The total tree search depth for this trial was 71367.
The agent accessed its memory 253749 times.
The agent cleared its short-term memory 8 times.
    State prediction error memory resets: 6.
    Hill memory resets: 2.
At time 30 the agent is dead.
The agent had: 4 food, -1 water, and 2 sleep.
The total tree search depth for this trial was 69433.
The agent accessed its memory 240253 times.
The agent cleared its short-term memory 6 times.
    State prediction error memory resets: 5.
    Hill memory resets: 1.
At time 28 the agent is dead.
The agent had: 3 food, -1 water, and 14 sleep.
The total tree search depth for this trial was 50225.
The agent accessed its memory 171969 times.
The agent cleared its short-term memory 5 times.
    State prediction error memory resets: 4.
    Hill memory resets: 1.
At time 28 the agent is dead.
The agent had: 3 food, -1 water, and 13 sleep.
The total tree search depth for this trial was 56067.
The agent accessed its memory 191518 times.
The agent cleared its short-term memory 8 times.
    State prediction error memory resets: 6.
    Hill memory resets: 2.
At time 91 the agent is dead.
The agent had: 2 food, -1 water, and 6 sleep.
The total tree search depth for this trial was 60135.
The agent accessed its memory 198863 times.
The agent cleared its short-term memory 7 times.
    State prediction error memory resets: 5.
    Hill memory resets: 2.
At time 50 the agent is dead.
The agent had: -1 food, 17 water, and 19 sleep.
The total tree search depth for this trial was 88045.
The agent accessed its memory 299297 times.
The agent cleared its short-term memory 7 times.
    State prediction error memory resets: 6.
    Hill memory resets: 1.
At time 20 the agent is dead.
The agent had: 10 food, -1 water, and 20 sleep.
The total tree search depth for this trial was 47573.
The agent accessed its memory 156534 times.
The agent cleared its short-term memory 3 times.
    State prediction error memory resets: 2.
    Hill memory resets: 1.
At time 35 the agent is dead.
The agent had: -1 food, -1 water, and 12 sleep.
The total tree search depth for this trial was 142008.
The agent accessed its memory 471466 times.
The agent cleared its short-term memory 12 times.
    State prediction error memory resets: 11.
    Hill memory resets: 1.
At time 87 the agent is dead.
The agent had: 2 food, 8 water, and -1 sleep.
The total tree search depth for this trial was 165984.
The agent accessed its memory 541687 times.
The agent cleared its short-term memory 13 times.
    State prediction error memory resets: 12.
    Hill memory resets: 1.
At time 20 the agent is dead.
The agent had: 8 food, -1 water, and 12 sleep.
The total tree search depth for this trial was 45622.
The agent accessed its memory 144610 times.
The agent cleared its short-term memory 3 times.
    State prediction error memory resets: 2.
    Hill memory resets: 1.
At time 65 the agent is dead.
The agent had: 4 food, -1 water, and 2 sleep.
The total tree search depth for this trial was 76263.
The agent accessed its memory 260809 times.
The agent cleared its short-term memory 7 times.
    State prediction error memory resets: 5.
    Hill memory resets: 2.
At time 97 the agent is dead.
The agent had: -1 food, 16 water, and 17 sleep.
The total tree search depth for this trial was 238933.
The agent accessed its memory 768282 times.
The agent cleared its short-term memory 12 times.
    State prediction error memory resets: 10.
    Hill memory resets: 2.
At time 72 the agent is dead.
The agent had: 7 food, 7 water, and -1 sleep.
The total tree search depth for this trial was 187337.
The agent accessed its memory 625836 times.
The agent cleared its short-term memory 14 times.
    State prediction error memory resets: 12.
    Hill memory resets: 2.
At time 50 the agent is dead.
The agent had: 2 food, -1 water, and 2 sleep.
The total tree search depth for this trial was 64556.
The agent accessed its memory 237717 times.
The agent cleared its short-term memory 8 times.
    State prediction error memory resets: 7.
    Hill memory resets: 1.
At time 36 the agent is dead.
The agent had: 15 food, -1 water, and 15 sleep.
The total tree search depth for this trial was 57119.
The agent accessed its memory 182598 times.
The agent cleared its short-term memory 5 times.
    State prediction error memory resets: 4.
    Hill memory resets: 1.
At time 68 the agent is dead.
The agent had: 5 food, 8 water, and -1 sleep.
The total tree search depth for this trial was 89023.
The agent accessed its memory 284490 times.
The agent cleared its short-term memory 8 times.
    State prediction error memory resets: 7.
    Hill memory resets: 1.
At time 43 the agent is dead.
The agent had: 16 food, -1 water, and 18 sleep.
The total tree search depth for this trial was 76046.
The agent accessed its memory 250739 times.
The agent cleared its short-term memory 8 times.
    State prediction error memory resets: 7.
    Hill memory resets: 1.
At time 54 the agent is dead.
The agent had: 9 food, -1 water, and 2 sleep.
The total tree search depth for this trial was 201972.
The agent accessed its memory 689233 times.
The agent cleared its short-term memory 12 times.
    State prediction error memory resets: 11.
    Hill memory resets: 1.
At time 25 the agent is dead.
The agent had: 9 food, 9 water, and -1 sleep.
The total tree search depth for this trial was 38856.
The agent accessed its memory 123929 times.
The agent cleared its short-term memory 6 times.
    State prediction error memory resets: 5.
    Hill memory resets: 1.
At time 81 the agent is dead.
The agent had: 6 food, -1 water, and 2 sleep.
The total tree search depth for this trial was 147337.
The agent accessed its memory 498793 times.
The agent cleared its short-term memory 8 times.
    State prediction error memory resets: 6.
    Hill memory resets: 2.
At time 92 the agent is dead.
The agent had: 5 food, -1 water, and 12 sleep.
The total tree search depth for this trial was 231066.
The agent accessed its memory 729162 times.
The agent cleared its short-term memory 14 times.
    State prediction error memory resets: 12.
    Hill memory resets: 2.
At time 27 the agent is dead.
The agent had: 4 food, -1 water, and 13 sleep.
The total tree search depth for this trial was 52388.
The agent accessed its memory 160666 times.
The agent cleared its short-term memory 4 times.
    State prediction error memory resets: 3.
    Hill memory resets: 1.
At time 66 the agent is dead.
The agent had: -1 food, 1 water, and 12 sleep.
The total tree search depth for this trial was 183969.
The agent accessed its memory 615946 times.
The agent cleared its short-term memory 11 times.
    State prediction error memory resets: 9.
    Hill memory resets: 2.
At time 29 the agent is dead.
The agent had: 3 food, -1 water, and 2 sleep.
The total tree search depth for this trial was 49196.
The agent accessed its memory 170844 times.
The agent cleared its short-term memory 3 times.
    State prediction error memory resets: 2.
    Hill memory resets: 1.
At time 22 the agent is dead.
The agent had: -1 food, 10 water, and 13 sleep.
The total tree search depth for this trial was 52166.
The agent accessed its memory 177635 times.
The agent cleared its short-term memory 5 times.
    State prediction error memory resets: 4.
    Hill memory resets: 1.
At time 91 the agent is dead.
The agent had: 18 food, -1 water, and 20 sleep.
The total tree search depth for this trial was 235299.
The agent accessed its memory 774278 times.
The agent cleared its short-term memory 13 times.
    State prediction error memory resets: 11.
    Hill memory resets: 2.
At time 20 the agent is dead.
The agent had: 9 food, -1 water, and 19 sleep.
The total tree search depth for this trial was 118415.
The agent accessed its memory 379950 times.
The agent cleared its short-term memory 10 times.
    State prediction error memory resets: 9.
    Hill memory resets: 1.
At time 94 the agent is dead.
The agent had: -1 food, 1 water, and 14 sleep.
The total tree search depth for this trial was 157606.
The agent accessed its memory 529388 times.
The agent cleared its short-term memory 7 times.
    State prediction error memory resets: 6.
    Hill memory resets: 1.
At time 20 the agent is dead.
The agent had: 1 food, -1 water, and 10 sleep.
The total tree search depth for this trial was 47021.
The agent accessed its memory 156322 times.
The agent cleared its short-term memory 3 times.
    State prediction error memory resets: 2.
    Hill memory resets: 1.
At time 28 the agent is dead.
The agent had: 6 food, -1 water, and 2 sleep.
The total tree search depth for this trial was 58073.
The agent accessed its memory 193978 times.
The agent cleared its short-term memory 4 times.
    State prediction error memory resets: 3.
    Hill memory resets: 1.
At time 25 the agent is dead.
The agent had: 7 food, 2 water, and -1 sleep.
The total tree search depth for this trial was 86026.
The agent accessed its memory 299833 times.
The agent cleared its short-term memory 7 times.
    State prediction error memory resets: 5.
    Hill memory resets: 2.
At time 25 the agent is dead.
The agent had: 6 food, 2 water, and -1 sleep.
The total tree search depth for this trial was 81514.
The agent accessed its memory 286759 times.
The agent cleared its short-term memory 7 times.
    State prediction error memory resets: 5.
    Hill memory resets: 2.
At time 59 the agent is dead.
The agent had: -1 food, 12 water, and 14 sleep.
The total tree search depth for this trial was 139533.
The agent accessed its memory 463238 times.
The agent cleared its short-term memory 8 times.
    State prediction error memory resets: 6.
    Hill memory resets: 2.
At time 58 the agent is dead.
The agent had: -1 food, 7 water, and 10 sleep.
The total tree search depth for this trial was 121333.
The agent accessed its memory 384378 times.
The agent cleared its short-term memory 10 times.
    State prediction error memory resets: 8.
    Hill memory resets: 2.
At time 56 the agent is dead.
The agent had: -1 food, -1 water, and 16 sleep.
The total tree search depth for this trial was 126621.
The agent accessed its memory 391203 times.
The agent cleared its short-term memory 9 times.
    State prediction error memory resets: 8.
    Hill memory resets: 1.
At time 20 the agent is dead.
The agent had: 19 food, -1 water, and 4 sleep.
The total tree search depth for this trial was 21758.
The agent accessed its memory 66170 times.
The agent cleared its short-term memory 3 times.
    State prediction error memory resets: 2.
    Hill memory resets: 1.
At time 46 the agent is dead.
The agent had: -1 food, 5 water, and 16 sleep.
The total tree search depth for this trial was 70060.
The agent accessed its memory 218873 times.
The agent cleared its short-term memory 6 times.
    State prediction error memory resets: 5.
    Hill memory resets: 1.
At time 80 the agent is dead.
The agent had: -1 food, 9 water, and 12 sleep.
The total tree search depth for this trial was 136300.
The agent accessed its memory 428678 times.
The agent cleared its short-term memory 9 times.
    State prediction error memory resets: 7.
    Hill memory resets: 2.
At time 47 the agent is dead.
The agent had: 9 food, -1 water, and 2 sleep.
The total tree search depth for this trial was 110973.
The agent accessed its memory 372083 times.
The agent cleared its short-term memory 7 times.
    State prediction error memory resets: 6.
    Hill memory resets: 1.
At time 66 the agent is dead.
The agent had: 7 food, 7 water, and -1 sleep.
The total tree search depth for this trial was 107952.
The agent accessed its memory 344033 times.
The agent cleared its short-term memory 10 times.
    State prediction error memory resets: 8.
    Hill memory resets: 2.
At time 38 the agent is dead.
The agent had: 6 food, -1 water, and 16 sleep.
The total tree search depth for this trial was 134796.
The agent accessed its memory 414697 times.
The agent cleared its short-term memory 9 times.
    State prediction error memory resets: 7.
    Hill memory resets: 2.
At time 96 the agent is dead.
The agent had: 8 food, -1 water, and 2 sleep.
The total tree search depth for this trial was 272110.
The agent accessed its memory 876002 times.
The agent cleared its short-term memory 16 times.
    State prediction error memory resets: 14.
    Hill memory resets: 2.
