Running main with ALGORITHM=SI, SEED=33, HORIZON=2, K_FACTOR=0.7, ROOT_FOLDER=/home/grmstj001, MCT=3, NUM_MCT=100, AUTO_REST=

                            < M A T L A B (R) >
                  Copyright 1984-2024 The MathWorks, Inc.
                  R2024a (24.1.0.2537033) 64-bit (glnxa64)
                             February 21, 2024

 
To get started, type doc.
For product information, visit www.mathworks.com.
 
Algorithm: SI
Seed: 33
Horizon: 2
K-factor: 0.70
Root folder: /home/grmstj001
MCT: 3
Number of MCT: 100
Auto restore: 0
Results file name: 

ans = 

  struct with fields:

     Type: 'twister'
     Seed: 33
    State: [625x1 uint32]


----------------------------------------
TRIAL 1 STARTED
----------------------------------------
Start Time: 2024-05-13 13:29:47
At time step 21 the agent is dead
The agent had 2 food, 0 water, and 5 sleep.
The total tree search depth for this trial was 2120. 
The agent accessed its memory 16595 times. 
The agent cleared its short-term memory 9 times. 
     State prediction error memory resets: 8. 
     Hill memory resets: 1. 
TRIAL 1 COMPLETE ✔
End Time: 2024-05-13 13:29:55
Total runtime for this trial (minutes/seconds): 00:08
----------------------------------------
Total hill visits: 1. 
Total prediction errors: 8. 
Total search depth: 2120. 
Total times memory accessed: 16595. 
Total times 25 >= t <= 50: 0. 
Total times 50 >= t <= 75: 0. 
Total times 75 >= t <= 100: 0. 
Total times t == 100: 0. 
Total time steps survived: 22. 
Total runtime so far (hours/minutes/seconds): 00:00:08
----------------------------------------

----------------------------------------
TRIAL 2 STARTED
----------------------------------------
Start Time: 2024-05-13 13:29:54
At time step 21 the agent is dead
The agent had 2 food, 0 water, and 5 sleep.
The total tree search depth for this trial was 2456. 
The agent accessed its memory 32547 times. 
The agent cleared its short-term memory 14 times. 
     State prediction error memory resets: 14. 
     Hill memory resets: 0. 
TRIAL 2 COMPLETE ✔
End Time: 2024-05-13 13:30:00
Total runtime for this trial (minutes/seconds): 00:06
----------------------------------------
Total hill visits: 1. 
Total prediction errors: 22. 
Total search depth: 4576. 
Total times memory accessed: 49142. 
Total times 25 >= t <= 50: 0. 
Total times 50 >= t <= 75: 0. 
Total times 75 >= t <= 100: 0. 
Total times t == 100: 0. 
Total time steps survived: 44. 
Total runtime so far (hours/minutes/seconds): 00:00:13
----------------------------------------

----------------------------------------
TRIAL 3 STARTED
----------------------------------------
Start Time: 2024-05-13 13:29:59
At time step 23 the agent is dead
The agent had 0 food, 15 water, and 23 sleep.
The total tree search depth for this trial was 3230. 
The agent accessed its memory 45931 times. 
The agent cleared its short-term memory 11 times. 
     State prediction error memory resets: 11. 
     Hill memory resets: 0. 
TRIAL 3 COMPLETE ✔
End Time: 2024-05-13 13:30:05
Total runtime for this trial (minutes/seconds): 00:06
----------------------------------------
Total hill visits: 1. 
Total prediction errors: 33. 
Total search depth: 7806. 
Total times memory accessed: 95073. 
Total times 25 >= t <= 50: 0. 
Total times 50 >= t <= 75: 0. 
Total times 75 >= t <= 100: 0. 
Total times t == 100: 0. 
Total time steps survived: 68. 
Total runtime so far (hours/minutes/seconds): 00:00:18
----------------------------------------

----------------------------------------
TRIAL 4 STARTED
----------------------------------------
Start Time: 2024-05-13 13:30:04
At time step 21 the agent is dead
The agent had 5 food, 0 water, and 11 sleep.
The total tree search depth for this trial was 15280. 
The agent accessed its memory 120407 times. 
The agent cleared its short-term memory 6 times. 
     State prediction error memory resets: 5. 
     Hill memory resets: 1. 
TRIAL 4 COMPLETE ✔
End Time: 2024-05-13 13:30:26
Total runtime for this trial (minutes/seconds): 00:22
----------------------------------------
Total hill visits: 2. 
Total prediction errors: 38. 
Total search depth: 23086. 
Total times memory accessed: 215480. 
Total times 25 >= t <= 50: 0. 
Total times 50 >= t <= 75: 0. 
Total times 75 >= t <= 100: 0. 
Total times t == 100: 0. 
Total time steps survived: 90. 
Total runtime so far (hours/minutes/seconds): 00:00:39
----------------------------------------

----------------------------------------
TRIAL 5 STARTED
----------------------------------------
Start Time: 2024-05-13 13:30:25
At time step 21 the agent is dead
The agent had 6 food, 0 water, and 10 sleep.
The total tree search depth for this trial was 17840. 
The agent accessed its memory 167138 times. 
The agent cleared its short-term memory 8 times. 
     State prediction error memory resets: 8. 
     Hill memory resets: 0. 
TRIAL 5 COMPLETE ✔
End Time: 2024-05-13 13:30:51
Total runtime for this trial (minutes/seconds): 00:26
----------------------------------------
Total hill visits: 2. 
Total prediction errors: 46. 
Total search depth: 40926. 
Total times memory accessed: 382618. 
Total times 25 >= t <= 50: 0. 
Total times 50 >= t <= 75: 0. 
Total times 75 >= t <= 100: 0. 
Total times t == 100: 0. 
Total time steps survived: 112. 
Total runtime so far (hours/minutes/seconds): 00:01:04
----------------------------------------

----------------------------------------
TRIAL 6 STARTED
----------------------------------------
Start Time: 2024-05-13 13:30:50
At time step 21 the agent is dead
The agent had 21 food, 0 water, and 12 sleep.
The total tree search depth for this trial was 30008. 
The agent accessed its memory 230666 times. 
The agent cleared its short-term memory 17 times. 
     State prediction error memory resets: 16. 
     Hill memory resets: 1. 
TRIAL 6 COMPLETE ✔
End Time: 2024-05-13 13:31:33
Total runtime for this trial (minutes/seconds): 00:43
----------------------------------------
Total hill visits: 3. 
Total prediction errors: 62. 
Total search depth: 70934. 
Total times memory accessed: 613284. 
Total times 25 >= t <= 50: 0. 
Total times 50 >= t <= 75: 0. 
Total times 75 >= t <= 100: 0. 
Total times t == 100: 0. 
Total time steps survived: 134. 
Total runtime so far (hours/minutes/seconds): 00:01:46
----------------------------------------

----------------------------------------
TRIAL 7 STARTED
----------------------------------------
Start Time: 2024-05-13 13:31:32
At time step 21 the agent is dead
The agent had 2 food, 0 water, and 5 sleep.
The total tree search depth for this trial was 3976. 
The agent accessed its memory 33716 times. 
The agent cleared its short-term memory 11 times. 
     State prediction error memory resets: 11. 
     Hill memory resets: 0. 
TRIAL 7 COMPLETE ✔
End Time: 2024-05-13 13:31:40
Total runtime for this trial (minutes/seconds): 00:08
----------------------------------------
Total hill visits: 3. 
Total prediction errors: 73. 
Total search depth: 74910. 
Total times memory accessed: 647000. 
Total times 25 >= t <= 50: 0. 
Total times 50 >= t <= 75: 0. 
Total times 75 >= t <= 100: 0. 
Total times t == 100: 0. 
Total time steps survived: 156. 
Total runtime so far (hours/minutes/seconds): 00:01:53
----------------------------------------

----------------------------------------
TRIAL 8 STARTED
----------------------------------------
Start Time: 2024-05-13 13:31:39
At time step 21 the agent is dead
The agent had 2 food, 0 water, and 5 sleep.
The total tree search depth for this trial was 2107. 
The agent accessed its memory 18939 times. 
The agent cleared its short-term memory 10 times. 
     State prediction error memory resets: 10. 
     Hill memory resets: 0. 
TRIAL 8 COMPLETE ✔
End Time: 2024-05-13 13:31:44
Total runtime for this trial (minutes/seconds): 00:05
----------------------------------------
Total hill visits: 3. 
Total prediction errors: 83. 
Total search depth: 77017. 
Total times memory accessed: 665939. 
Total times 25 >= t <= 50: 0. 
Total times 50 >= t <= 75: 0. 
Total times 75 >= t <= 100: 0. 
Total times t == 100: 0. 
Total time steps survived: 178. 
Total runtime so far (hours/minutes/seconds): 00:01:57
----------------------------------------

----------------------------------------
TRIAL 9 STARTED
----------------------------------------
Start Time: 2024-05-13 13:31:43
At time step 21 the agent is dead
The agent had 21 food, 0 water, and 5 sleep.
The total tree search depth for this trial was 2476. 
The agent accessed its memory 20784 times. 
The agent cleared its short-term memory 10 times. 
     State prediction error memory resets: 10. 
     Hill memory resets: 0. 
TRIAL 9 COMPLETE ✔
End Time: 2024-05-13 13:31:50
Total runtime for this trial (minutes/seconds): 00:07
----------------------------------------
Total hill visits: 3. 
Total prediction errors: 93. 
Total search depth: 79493. 
Total times memory accessed: 686723. 
Total times 25 >= t <= 50: 0. 
Total times 50 >= t <= 75: 0. 
Total times 75 >= t <= 100: 0. 
Total times t == 100: 0. 
Total time steps survived: 200. 
Total runtime so far (hours/minutes/seconds): 00:02:03
----------------------------------------

----------------------------------------
TRIAL 10 STARTED
----------------------------------------
Start Time: 2024-05-13 13:31:49
At time step 21 the agent is dead
The agent had 2 food, 0 water, and 5 sleep.
The total tree search depth for this trial was 11996. 
The agent accessed its memory 111656 times. 
The agent cleared its short-term memory 11 times. 
     State prediction error memory resets: 10. 
     Hill memory resets: 1. 
TRIAL 10 COMPLETE ✔
End Time: 2024-05-13 13:32:08
Total runtime for this trial (minutes/seconds): 00:19
----------------------------------------
Total hill visits: 4. 
Total prediction errors: 103. 
Total search depth: 91489. 
Total times memory accessed: 798379. 
Total times 25 >= t <= 50: 0. 
Total times 50 >= t <= 75: 0. 
Total times 75 >= t <= 100: 0. 
Total times t == 100: 0. 
Total time steps survived: 222. 
Total runtime so far (hours/minutes/seconds): 00:02:21
----------------------------------------

----------------------------------------
TRIAL 11 STARTED
----------------------------------------
Start Time: 2024-05-13 13:32:07
At time step 21 the agent is dead
The agent had 2 food, 0 water, and 5 sleep.
The total tree search depth for this trial was 12809. 
The agent accessed its memory 89079 times. 
The agent cleared its short-term memory 16 times. 
     State prediction error memory resets: 14. 
     Hill memory resets: 2. 
TRIAL 11 COMPLETE ✔
End Time: 2024-05-13 13:32:30
Total runtime for this trial (minutes/seconds): 00:23
----------------------------------------
Total hill visits: 6. 
Total prediction errors: 117. 
Total search depth: 104298. 
Total times memory accessed: 887458. 
Total times 25 >= t <= 50: 0. 
Total times 50 >= t <= 75: 0. 
Total times 75 >= t <= 100: 0. 
Total times t == 100: 0. 
Total time steps survived: 244. 
Total runtime so far (hours/minutes/seconds): 00:02:43
----------------------------------------

----------------------------------------
TRIAL 12 STARTED
----------------------------------------
Start Time: 2024-05-13 13:32:29
At time step 21 the agent is dead
The agent had 2 food, 0 water, and 5 sleep.
The total tree search depth for this trial was 2772. 
The agent accessed its memory 21072 times. 
The agent cleared its short-term memory 7 times. 
     State prediction error memory resets: 6. 
     Hill memory resets: 1. 
TRIAL 12 COMPLETE ✔
End Time: 2024-05-13 13:32:35
Total runtime for this trial (minutes/seconds): 00:06
----------------------------------------
Total hill visits: 7. 
Total prediction errors: 123. 
Total search depth: 107070. 
Total times memory accessed: 908530. 
Total times 25 >= t <= 50: 0. 
Total times 50 >= t <= 75: 0. 
Total times 75 >= t <= 100: 0. 
Total times t == 100: 0. 
Total time steps survived: 266. 
Total runtime so far (hours/minutes/seconds): 00:02:48
----------------------------------------

----------------------------------------
TRIAL 13 STARTED
----------------------------------------
Start Time: 2024-05-13 13:32:34
At time step 21 the agent is dead
The agent had 10 food, 0 water, and 16 sleep.
The total tree search depth for this trial was 15222. 
The agent accessed its memory 107060 times. 
The agent cleared its short-term memory 14 times. 
     State prediction error memory resets: 13. 
     Hill memory resets: 1. 
TRIAL 13 COMPLETE ✔
End Time: 2024-05-13 13:32:57
Total runtime for this trial (minutes/seconds): 00:23
----------------------------------------
Total hill visits: 8. 
Total prediction errors: 136. 
Total search depth: 122292. 
Total times memory accessed: 1015590. 
Total times 25 >= t <= 50: 0. 
Total times 50 >= t <= 75: 0. 
Total times 75 >= t <= 100: 0. 
Total times t == 100: 0. 
Total time steps survived: 288. 
Total runtime so far (hours/minutes/seconds): 00:03:10
----------------------------------------

----------------------------------------
TRIAL 14 STARTED
----------------------------------------
Start Time: 2024-05-13 13:32:56
At time step 21 the agent is dead
The agent had 2 food, 0 water, and 5 sleep.
The total tree search depth for this trial was 6398. 
The agent accessed its memory 49878 times. 
The agent cleared its short-term memory 8 times. 
     State prediction error memory resets: 7. 
     Hill memory resets: 1. 
TRIAL 14 COMPLETE ✔
End Time: 2024-05-13 13:33:08
Total runtime for this trial (minutes/seconds): 00:12
----------------------------------------
Total hill visits: 9. 
Total prediction errors: 143. 
Total search depth: 128690. 
Total times memory accessed: 1065468. 
Total times 25 >= t <= 50: 0. 
Total times 50 >= t <= 75: 0. 
Total times 75 >= t <= 100: 0. 
Total times t == 100: 0. 
Total time steps survived: 310. 
Total runtime so far (hours/minutes/seconds): 00:03:21
----------------------------------------

----------------------------------------
TRIAL 15 STARTED
----------------------------------------
Start Time: 2024-05-13 13:33:07
At time step 21 the agent is dead
The agent had 2 food, 0 water, and 5 sleep.
The total tree search depth for this trial was 14399. 
The agent accessed its memory 123602 times. 
The agent cleared its short-term memory 12 times. 
     State prediction error memory resets: 11. 
     Hill memory resets: 1. 
TRIAL 15 COMPLETE ✔
End Time: 2024-05-13 13:33:33
Total runtime for this trial (minutes/seconds): 00:26
----------------------------------------
Total hill visits: 10. 
Total prediction errors: 154. 
Total search depth: 143089. 
Total times memory accessed: 1189070. 
Total times 25 >= t <= 50: 0. 
Total times 50 >= t <= 75: 0. 
Total times 75 >= t <= 100: 0. 
Total times t == 100: 0. 
Total time steps survived: 332. 
Total runtime so far (hours/minutes/seconds): 00:03:46
----------------------------------------

----------------------------------------
TRIAL 16 STARTED
----------------------------------------
Start Time: 2024-05-13 13:33:32
At time step 23 the agent is dead
The agent had 0 food, 14 water, and 3 sleep.
The total tree search depth for this trial was 7539. 
The agent accessed its memory 74451 times. 
The agent cleared its short-term memory 12 times. 
     State prediction error memory resets: 12. 
     Hill memory resets: 0. 
TRIAL 16 COMPLETE ✔
End Time: 2024-05-13 13:33:45
Total runtime for this trial (minutes/seconds): 00:13
----------------------------------------
Total hill visits: 10. 
Total prediction errors: 166. 
Total search depth: 150628. 
Total times memory accessed: 1263521. 
Total times 25 >= t <= 50: 0. 
Total times 50 >= t <= 75: 0. 
Total times 75 >= t <= 100: 0. 
Total times t == 100: 0. 
Total time steps survived: 356. 
Total runtime so far (hours/minutes/seconds): 00:03:58
----------------------------------------

----------------------------------------
TRIAL 17 STARTED
----------------------------------------
Start Time: 2024-05-13 13:33:44
At time step 21 the agent is dead
The agent had 2 food, 0 water, and 5 sleep.
The total tree search depth for this trial was 2014. 
The agent accessed its memory 19768 times. 
The agent cleared its short-term memory 14 times. 
     State prediction error memory resets: 14. 
     Hill memory resets: 0. 
TRIAL 17 COMPLETE ✔
End Time: 2024-05-13 13:33:50
Total runtime for this trial (minutes/seconds): 00:06
----------------------------------------
Total hill visits: 10. 
Total prediction errors: 180. 
Total search depth: 152642. 
Total times memory accessed: 1283289. 
Total times 25 >= t <= 50: 0. 
Total times 50 >= t <= 75: 0. 
Total times 75 >= t <= 100: 0. 
Total times t == 100: 0. 
Total time steps survived: 378. 
Total runtime so far (hours/minutes/seconds): 00:04:03
----------------------------------------

----------------------------------------
TRIAL 18 STARTED
----------------------------------------
Start Time: 2024-05-13 13:33:49
At time step 23 the agent is dead
The agent had 0 food, 11 water, and 15 sleep.
The total tree search depth for this trial was 29699. 
The agent accessed its memory 206501 times. 
The agent cleared its short-term memory 10 times. 
     State prediction error memory resets: 9. 
     Hill memory resets: 1. 
TRIAL 18 COMPLETE ✔
End Time: 2024-05-13 13:34:25
Total runtime for this trial (minutes/seconds): 00:36
----------------------------------------
Total hill visits: 11. 
Total prediction errors: 189. 
Total search depth: 182341. 
Total times memory accessed: 1489790. 
Total times 25 >= t <= 50: 0. 
Total times 50 >= t <= 75: 0. 
Total times 75 >= t <= 100: 0. 
Total times t == 100: 0. 
Total time steps survived: 402. 
Total runtime so far (hours/minutes/seconds): 00:04:38
----------------------------------------

----------------------------------------
TRIAL 19 STARTED
----------------------------------------
Start Time: 2024-05-13 13:34:24
At time step 21 the agent is dead
The agent had 2 food, 0 water, and 5 sleep.
The total tree search depth for this trial was 14820. 
The agent accessed its memory 118812 times. 
The agent cleared its short-term memory 11 times. 
     State prediction error memory resets: 10. 
     Hill memory resets: 1. 
TRIAL 19 COMPLETE ✔
End Time: 2024-05-13 13:34:46
Total runtime for this trial (minutes/seconds): 00:22
----------------------------------------
Total hill visits: 12. 
Total prediction errors: 199. 
Total search depth: 197161. 
Total times memory accessed: 1608602. 
Total times 25 >= t <= 50: 0. 
Total times 50 >= t <= 75: 0. 
Total times 75 >= t <= 100: 0. 
Total times t == 100: 0. 
Total time steps survived: 424. 
Total runtime so far (hours/minutes/seconds): 00:04:59
----------------------------------------

----------------------------------------
TRIAL 20 STARTED
----------------------------------------
Start Time: 2024-05-13 13:34:45
At time step 21 the agent is dead
The agent had 16 food, 0 water, and 17 sleep.
The total tree search depth for this trial was 33250. 
The agent accessed its memory 235373 times. 
The agent cleared its short-term memory 6 times. 
     State prediction error memory resets: 5. 
     Hill memory resets: 1. 
TRIAL 20 COMPLETE ✔
End Time: 2024-05-13 13:35:27
Total runtime for this trial (minutes/seconds): 00:42
----------------------------------------
Total hill visits: 13. 
Total prediction errors: 204. 
Total search depth: 230411. 
Total times memory accessed: 1843975. 
Total times 25 >= t <= 50: 0. 
Total times 50 >= t <= 75: 0. 
Total times 75 >= t <= 100: 0. 
Total times t == 100: 0. 
Total time steps survived: 446. 
Total runtime so far (hours/minutes/seconds): 00:05:40
----------------------------------------

----------------------------------------
TRIAL 21 STARTED
----------------------------------------
Start Time: 2024-05-13 13:35:26
At time step 39 the agent is dead
The agent had 9 food, 0 water, and 1 sleep.
The total tree search depth for this trial was 58786. 
The agent accessed its memory 370321 times. 
The agent cleared its short-term memory 11 times. 
     State prediction error memory resets: 10. 
     Hill memory resets: 1. 
TRIAL 21 COMPLETE ✔
End Time: 2024-05-13 13:36:42
Total runtime for this trial (minutes/seconds): 01:16
----------------------------------------
Total hill visits: 14. 
Total prediction errors: 214. 
Total search depth: 289197. 
Total times memory accessed: 2214296. 
Total times 25 >= t <= 50: 1. 
Total times 50 >= t <= 75: 0. 
Total times 75 >= t <= 100: 0. 
Total times t == 100: 0. 
Total time steps survived: 486. 
Total runtime so far (hours/minutes/seconds): 00:06:55
----------------------------------------

----------------------------------------
TRIAL 22 STARTED
----------------------------------------
Start Time: 2024-05-13 13:36:41
At time step 21 the agent is dead
The agent had 2 food, 0 water, and 5 sleep.
The total tree search depth for this trial was 4920. 
The agent accessed its memory 46358 times. 
The agent cleared its short-term memory 14 times. 
     State prediction error memory resets: 13. 
     Hill memory resets: 1. 
TRIAL 22 COMPLETE ✔
End Time: 2024-05-13 13:36:50
Total runtime for this trial (minutes/seconds): 00:09
----------------------------------------
Total hill visits: 15. 
Total prediction errors: 227. 
Total search depth: 294117. 
Total times memory accessed: 2260654. 
Total times 25 >= t <= 50: 1. 
Total times 50 >= t <= 75: 0. 
Total times 75 >= t <= 100: 0. 
Total times t == 100: 0. 
Total time steps survived: 508. 
Total runtime so far (hours/minutes/seconds): 00:07:03
----------------------------------------

----------------------------------------
TRIAL 23 STARTED
----------------------------------------
Start Time: 2024-05-13 13:36:49
At time step 21 the agent is dead
The agent had 2 food, 0 water, and 5 sleep.
The total tree search depth for this trial was 9478. 
The agent accessed its memory 63991 times. 
The agent cleared its short-term memory 10 times. 
     State prediction error memory resets: 9. 
     Hill memory resets: 1. 
TRIAL 23 COMPLETE ✔
End Time: 2024-05-13 13:37:05
Total runtime for this trial (minutes/seconds): 00:16
----------------------------------------
Total hill visits: 16. 
Total prediction errors: 236. 
Total search depth: 303595. 
Total times memory accessed: 2324645. 
Total times 25 >= t <= 50: 1. 
Total times 50 >= t <= 75: 0. 
Total times 75 >= t <= 100: 0. 
Total times t == 100: 0. 
Total time steps survived: 530. 
Total runtime so far (hours/minutes/seconds): 00:07:18
----------------------------------------

----------------------------------------
TRIAL 24 STARTED
----------------------------------------
Start Time: 2024-05-13 13:37:04
At time step 21 the agent is dead
The agent had 2 food, 0 water, and 5 sleep.
The total tree search depth for this trial was 5837. 
The agent accessed its memory 46020 times. 
The agent cleared its short-term memory 7 times. 
     State prediction error memory resets: 5. 
     Hill memory resets: 2. 
TRIAL 24 COMPLETE ✔
End Time: 2024-05-13 13:37:15
Total runtime for this trial (minutes/seconds): 00:11
----------------------------------------
Total hill visits: 18. 
Total prediction errors: 241. 
Total search depth: 309432. 
Total times memory accessed: 2370665. 
Total times 25 >= t <= 50: 1. 
Total times 50 >= t <= 75: 0. 
Total times 75 >= t <= 100: 0. 
Total times t == 100: 0. 
Total time steps survived: 552. 
Total runtime so far (hours/minutes/seconds): 00:07:28
----------------------------------------

----------------------------------------
TRIAL 25 STARTED
----------------------------------------
Start Time: 2024-05-13 13:37:14
At time step 21 the agent is dead
The agent had 8 food, 0 water, and 5 sleep.
The total tree search depth for this trial was 10699. 
The agent accessed its memory 74830 times. 
The agent cleared its short-term memory 10 times. 
     State prediction error memory resets: 9. 
     Hill memory resets: 1. 
TRIAL 25 COMPLETE ✔
End Time: 2024-05-13 13:37:31
Total runtime for this trial (minutes/seconds): 00:17
----------------------------------------
Total hill visits: 19. 
Total prediction errors: 250. 
Total search depth: 320131. 
Total times memory accessed: 2445495. 
Total times 25 >= t <= 50: 1. 
Total times 50 >= t <= 75: 0. 
Total times 75 >= t <= 100: 0. 
Total times t == 100: 0. 
Total time steps survived: 574. 
Total runtime so far (hours/minutes/seconds): 00:07:44
----------------------------------------

----------------------------------------
TRIAL 26 STARTED
----------------------------------------
Start Time: 2024-05-13 13:37:30
