Running main with ALGORITHM=SI, SEED=27, HORIZON=2, K_FACTOR=0.7, ROOT_FOLDER=/home/grmstj001, MCT=3, NUM_MCT=100, AUTO_REST=

                            < M A T L A B (R) >
                  Copyright 1984-2024 The MathWorks, Inc.
                  R2024a (24.1.0.2537033) 64-bit (glnxa64)
                             February 21, 2024

 
To get started, type doc.
For product information, visit www.mathworks.com.
 
Algorithm: SI
Seed: 27
Horizon: 2
K-factor: 0.70
Root folder: /home/grmstj001
MCT: 3
Number of MCT: 100
Auto restore: 0
Results file name: 

ans = 

  struct with fields:

     Type: 'twister'
     Seed: 27
    State: [625x1 uint32]


----------------------------------------
TRIAL 1 STARTED
----------------------------------------
Start Time: 2024-05-13 13:29:47
At time step 21 the agent is dead
The agent had 2 food, 0 water, and 5 sleep.
The total tree search depth for this trial was 1514. 
The agent accessed its memory 23377 times. 
The agent cleared its short-term memory 7 times. 
     State prediction error memory resets: 6. 
     Hill memory resets: 1. 
TRIAL 1 COMPLETE ✔
End Time: 2024-05-13 13:29:54
Total runtime for this trial (minutes/seconds): 00:07
----------------------------------------
Total hill visits: 1. 
Total prediction errors: 6. 
Total search depth: 1514. 
Total times memory accessed: 23377. 
Total times 25 >= t <= 50: 0. 
Total times 50 >= t <= 75: 0. 
Total times 75 >= t <= 100: 0. 
Total times t == 100: 0. 
Total time steps survived: 22. 
Total runtime so far (hours/minutes/seconds): 00:00:07
----------------------------------------

----------------------------------------
TRIAL 2 STARTED
----------------------------------------
Start Time: 2024-05-13 13:29:53
At time step 21 the agent is dead
The agent had 2 food, 0 water, and 5 sleep.
The total tree search depth for this trial was 3050. 
The agent accessed its memory 35429 times. 
The agent cleared its short-term memory 15 times. 
     State prediction error memory resets: 14. 
     Hill memory resets: 1. 
TRIAL 2 COMPLETE ✔
End Time: 2024-05-13 13:29:59
Total runtime for this trial (minutes/seconds): 00:06
----------------------------------------
Total hill visits: 2. 
Total prediction errors: 20. 
Total search depth: 4564. 
Total times memory accessed: 58806. 
Total times 25 >= t <= 50: 0. 
Total times 50 >= t <= 75: 0. 
Total times 75 >= t <= 100: 0. 
Total times t == 100: 0. 
Total time steps survived: 44. 
Total runtime so far (hours/minutes/seconds): 00:00:12
----------------------------------------

----------------------------------------
TRIAL 3 STARTED
----------------------------------------
Start Time: 2024-05-13 13:29:58
At time step 21 the agent is dead
The agent had 2 food, 0 water, and 14 sleep.
The total tree search depth for this trial was 8786. 
The agent accessed its memory 92267 times. 
The agent cleared its short-term memory 11 times. 
     State prediction error memory resets: 10. 
     Hill memory resets: 1. 
TRIAL 3 COMPLETE ✔
End Time: 2024-05-13 13:30:09
Total runtime for this trial (minutes/seconds): 00:11
----------------------------------------
Total hill visits: 3. 
Total prediction errors: 30. 
Total search depth: 13350. 
Total times memory accessed: 151073. 
Total times 25 >= t <= 50: 0. 
Total times 50 >= t <= 75: 0. 
Total times 75 >= t <= 100: 0. 
Total times t == 100: 0. 
Total time steps survived: 66. 
Total runtime so far (hours/minutes/seconds): 00:00:22
----------------------------------------

----------------------------------------
TRIAL 4 STARTED
----------------------------------------
Start Time: 2024-05-13 13:30:08
At time step 21 the agent is dead
The agent had 2 food, 0 water, and 5 sleep.
The total tree search depth for this trial was 3207. 
The agent accessed its memory 36677 times. 
The agent cleared its short-term memory 10 times. 
     State prediction error memory resets: 10. 
     Hill memory resets: 0. 
TRIAL 4 COMPLETE ✔
End Time: 2024-05-13 13:30:14
Total runtime for this trial (minutes/seconds): 00:06
----------------------------------------
Total hill visits: 3. 
Total prediction errors: 40. 
Total search depth: 16557. 
Total times memory accessed: 187750. 
Total times 25 >= t <= 50: 0. 
Total times 50 >= t <= 75: 0. 
Total times 75 >= t <= 100: 0. 
Total times t == 100: 0. 
Total time steps survived: 88. 
Total runtime so far (hours/minutes/seconds): 00:00:27
----------------------------------------

----------------------------------------
TRIAL 5 STARTED
----------------------------------------
Start Time: 2024-05-13 13:30:13
At time step 21 the agent is dead
The agent had 2 food, 0 water, and 5 sleep.
The total tree search depth for this trial was 2613. 
The agent accessed its memory 30427 times. 
The agent cleared its short-term memory 9 times. 
     State prediction error memory resets: 9. 
     Hill memory resets: 0. 
TRIAL 5 COMPLETE ✔
End Time: 2024-05-13 13:30:19
Total runtime for this trial (minutes/seconds): 00:06
----------------------------------------
Total hill visits: 3. 
Total prediction errors: 49. 
Total search depth: 19170. 
Total times memory accessed: 218177. 
Total times 25 >= t <= 50: 0. 
Total times 50 >= t <= 75: 0. 
Total times 75 >= t <= 100: 0. 
Total times t == 100: 0. 
Total time steps survived: 110. 
Total runtime so far (hours/minutes/seconds): 00:00:32
----------------------------------------

----------------------------------------
TRIAL 6 STARTED
----------------------------------------
Start Time: 2024-05-13 13:30:18
At time step 21 the agent is dead
The agent had 2 food, 0 water, and 9 sleep.
The total tree search depth for this trial was 4097. 
The agent accessed its memory 38793 times. 
The agent cleared its short-term memory 5 times. 
     State prediction error memory resets: 4. 
     Hill memory resets: 1. 
TRIAL 6 COMPLETE ✔
End Time: 2024-05-13 13:30:25
Total runtime for this trial (minutes/seconds): 00:07
----------------------------------------
Total hill visits: 4. 
Total prediction errors: 53. 
Total search depth: 23267. 
Total times memory accessed: 256970. 
Total times 25 >= t <= 50: 0. 
Total times 50 >= t <= 75: 0. 
Total times 75 >= t <= 100: 0. 
Total times t == 100: 0. 
Total time steps survived: 132. 
Total runtime so far (hours/minutes/seconds): 00:00:38
----------------------------------------

----------------------------------------
TRIAL 7 STARTED
----------------------------------------
Start Time: 2024-05-13 13:30:24
At time step 21 the agent is dead
The agent had 2 food, 0 water, and 5 sleep.
The total tree search depth for this trial was 3966. 
The agent accessed its memory 39519 times. 
The agent cleared its short-term memory 17 times. 
     State prediction error memory resets: 17. 
     Hill memory resets: 0. 
TRIAL 7 COMPLETE ✔
End Time: 2024-05-13 13:30:32
Total runtime for this trial (minutes/seconds): 00:08
----------------------------------------
Total hill visits: 4. 
Total prediction errors: 70. 
Total search depth: 27233. 
Total times memory accessed: 296489. 
Total times 25 >= t <= 50: 0. 
Total times 50 >= t <= 75: 0. 
Total times 75 >= t <= 100: 0. 
Total times t == 100: 0. 
Total time steps survived: 154. 
Total runtime so far (hours/minutes/seconds): 00:00:45
----------------------------------------

----------------------------------------
TRIAL 8 STARTED
----------------------------------------
Start Time: 2024-05-13 13:30:31
At time step 23 the agent is dead
The agent had 0 food, 5 water, and 3 sleep.
The total tree search depth for this trial was 7940. 
The agent accessed its memory 91861 times. 
The agent cleared its short-term memory 12 times. 
     State prediction error memory resets: 12. 
     Hill memory resets: 0. 
TRIAL 8 COMPLETE ✔
End Time: 2024-05-13 13:30:44
Total runtime for this trial (minutes/seconds): 00:13
----------------------------------------
Total hill visits: 4. 
Total prediction errors: 82. 
Total search depth: 35173. 
Total times memory accessed: 388350. 
Total times 25 >= t <= 50: 0. 
Total times 50 >= t <= 75: 0. 
Total times 75 >= t <= 100: 0. 
Total times t == 100: 0. 
Total time steps survived: 178. 
Total runtime so far (hours/minutes/seconds): 00:00:57
----------------------------------------

----------------------------------------
TRIAL 9 STARTED
----------------------------------------
Start Time: 2024-05-13 13:30:43
At time step 23 the agent is dead
The agent had 0 food, 6 water, and 3 sleep.
The total tree search depth for this trial was 7862. 
The agent accessed its memory 61503 times. 
The agent cleared its short-term memory 11 times. 
     State prediction error memory resets: 10. 
     Hill memory resets: 1. 
TRIAL 9 COMPLETE ✔
End Time: 2024-05-13 13:30:55
Total runtime for this trial (minutes/seconds): 00:12
----------------------------------------
Total hill visits: 5. 
Total prediction errors: 92. 
Total search depth: 43035. 
Total times memory accessed: 449853. 
Total times 25 >= t <= 50: 0. 
Total times 50 >= t <= 75: 0. 
Total times 75 >= t <= 100: 0. 
Total times t == 100: 0. 
Total time steps survived: 202. 
Total runtime so far (hours/minutes/seconds): 00:01:08
----------------------------------------

----------------------------------------
TRIAL 10 STARTED
----------------------------------------
Start Time: 2024-05-13 13:30:54
At time step 21 the agent is dead
The agent had 2 food, 0 water, and 5 sleep.
The total tree search depth for this trial was 3711. 
The agent accessed its memory 32815 times. 
The agent cleared its short-term memory 13 times. 
     State prediction error memory resets: 13. 
     Hill memory resets: 0. 
TRIAL 10 COMPLETE ✔
End Time: 2024-05-13 13:31:03
Total runtime for this trial (minutes/seconds): 00:09
----------------------------------------
Total hill visits: 5. 
Total prediction errors: 105. 
Total search depth: 46746. 
Total times memory accessed: 482668. 
Total times 25 >= t <= 50: 0. 
Total times 50 >= t <= 75: 0. 
Total times 75 >= t <= 100: 0. 
Total times t == 100: 0. 
Total time steps survived: 224. 
Total runtime so far (hours/minutes/seconds): 00:01:16
----------------------------------------

----------------------------------------
TRIAL 11 STARTED
----------------------------------------
Start Time: 2024-05-13 13:31:02
At time step 21 the agent is dead
The agent had 2 food, 0 water, and 11 sleep.
The total tree search depth for this trial was 8367. 
The agent accessed its memory 78329 times. 
The agent cleared its short-term memory 6 times. 
     State prediction error memory resets: 5. 
     Hill memory resets: 1. 
TRIAL 11 COMPLETE ✔
End Time: 2024-05-13 13:31:15
Total runtime for this trial (minutes/seconds): 00:13
----------------------------------------
Total hill visits: 6. 
Total prediction errors: 110. 
Total search depth: 55113. 
Total times memory accessed: 560997. 
Total times 25 >= t <= 50: 0. 
Total times 50 >= t <= 75: 0. 
Total times 75 >= t <= 100: 0. 
Total times t == 100: 0. 
Total time steps survived: 246. 
Total runtime so far (hours/minutes/seconds): 00:01:28
----------------------------------------

----------------------------------------
TRIAL 12 STARTED
----------------------------------------
Start Time: 2024-05-13 13:31:14
At time step 21 the agent is dead
The agent had 12 food, 0 water, and 5 sleep.
The total tree search depth for this trial was 13385. 
The agent accessed its memory 105728 times. 
The agent cleared its short-term memory 15 times. 
     State prediction error memory resets: 14. 
     Hill memory resets: 1. 
TRIAL 12 COMPLETE ✔
End Time: 2024-05-13 13:31:34
Total runtime for this trial (minutes/seconds): 00:20
----------------------------------------
Total hill visits: 7. 
Total prediction errors: 124. 
Total search depth: 68498. 
Total times memory accessed: 666725. 
Total times 25 >= t <= 50: 0. 
Total times 50 >= t <= 75: 0. 
Total times 75 >= t <= 100: 0. 
Total times t == 100: 0. 
Total time steps survived: 268. 
Total runtime so far (hours/minutes/seconds): 00:01:47
----------------------------------------

----------------------------------------
TRIAL 13 STARTED
----------------------------------------
Start Time: 2024-05-13 13:31:33
At time step 23 the agent is dead
The agent had 0 food, 12 water, and 16 sleep.
The total tree search depth for this trial was 14747. 
The agent accessed its memory 114383 times. 
The agent cleared its short-term memory 10 times. 
     State prediction error memory resets: 9. 
     Hill memory resets: 1. 
TRIAL 13 COMPLETE ✔
End Time: 2024-05-13 13:31:52
Total runtime for this trial (minutes/seconds): 00:19
----------------------------------------
Total hill visits: 8. 
Total prediction errors: 133. 
Total search depth: 83245. 
Total times memory accessed: 781108. 
Total times 25 >= t <= 50: 0. 
Total times 50 >= t <= 75: 0. 
Total times 75 >= t <= 100: 0. 
Total times t == 100: 0. 
Total time steps survived: 292. 
Total runtime so far (hours/minutes/seconds): 00:02:05
----------------------------------------

----------------------------------------
TRIAL 14 STARTED
----------------------------------------
Start Time: 2024-05-13 13:31:51
At time step 21 the agent is dead
The agent had 17 food, 0 water, and 5 sleep.
The total tree search depth for this trial was 9084. 
The agent accessed its memory 80143 times. 
The agent cleared its short-term memory 14 times. 
     State prediction error memory resets: 13. 
     Hill memory resets: 1. 
TRIAL 14 COMPLETE ✔
End Time: 2024-05-13 13:32:06
Total runtime for this trial (minutes/seconds): 00:15
----------------------------------------
Total hill visits: 9. 
Total prediction errors: 146. 
Total search depth: 92329. 
Total times memory accessed: 861251. 
Total times 25 >= t <= 50: 0. 
Total times 50 >= t <= 75: 0. 
Total times 75 >= t <= 100: 0. 
Total times t == 100: 0. 
Total time steps survived: 314. 
Total runtime so far (hours/minutes/seconds): 00:02:19
----------------------------------------

----------------------------------------
TRIAL 15 STARTED
----------------------------------------
Start Time: 2024-05-13 13:32:05
At time step 21 the agent is dead
The agent had 2 food, 0 water, and 5 sleep.
The total tree search depth for this trial was 10775. 
The agent accessed its memory 91084 times. 
The agent cleared its short-term memory 14 times. 
     State prediction error memory resets: 11. 
     Hill memory resets: 3. 
TRIAL 15 COMPLETE ✔
End Time: 2024-05-13 13:32:23
Total runtime for this trial (minutes/seconds): 00:18
----------------------------------------
Total hill visits: 12. 
Total prediction errors: 157. 
Total search depth: 103104. 
Total times memory accessed: 952335. 
Total times 25 >= t <= 50: 0. 
Total times 50 >= t <= 75: 0. 
Total times 75 >= t <= 100: 0. 
Total times t == 100: 0. 
Total time steps survived: 336. 
Total runtime so far (hours/minutes/seconds): 00:02:36
----------------------------------------

----------------------------------------
TRIAL 16 STARTED
----------------------------------------
Start Time: 2024-05-13 13:32:22
At time step 21 the agent is dead
The agent had 2 food, 0 water, and 5 sleep.
The total tree search depth for this trial was 2281. 
The agent accessed its memory 29193 times. 
The agent cleared its short-term memory 7 times. 
     State prediction error memory resets: 7. 
     Hill memory resets: 0. 
TRIAL 16 COMPLETE ✔
End Time: 2024-05-13 13:32:27
Total runtime for this trial (minutes/seconds): 00:05
----------------------------------------
Total hill visits: 12. 
Total prediction errors: 164. 
Total search depth: 105385. 
Total times memory accessed: 981528. 
Total times 25 >= t <= 50: 0. 
Total times 50 >= t <= 75: 0. 
Total times 75 >= t <= 100: 0. 
Total times t == 100: 0. 
Total time steps survived: 358. 
Total runtime so far (hours/minutes/seconds): 00:02:40
----------------------------------------

----------------------------------------
TRIAL 17 STARTED
----------------------------------------
Start Time: 2024-05-13 13:32:26
At time step 25 the agent is dead
The agent had 0 food, 9 water, and 8 sleep.
The total tree search depth for this trial was 67558. 
The agent accessed its memory 755581 times. 
The agent cleared its short-term memory 11 times. 
     State prediction error memory resets: 11. 
     Hill memory resets: 0. 
TRIAL 17 COMPLETE ✔
End Time: 2024-05-13 13:33:50
Total runtime for this trial (minutes/seconds): 01:24
----------------------------------------
Total hill visits: 12. 
Total prediction errors: 175. 
Total search depth: 172943. 
Total times memory accessed: 1737109. 
Total times 25 >= t <= 50: 1. 
Total times 50 >= t <= 75: 0. 
Total times 75 >= t <= 100: 0. 
Total times t == 100: 0. 
Total time steps survived: 384. 
Total runtime so far (hours/minutes/seconds): 00:04:03
----------------------------------------

----------------------------------------
TRIAL 18 STARTED
----------------------------------------
Start Time: 2024-05-13 13:33:49
At time step 23 the agent is dead
The agent had 0 food, 3 water, and 3 sleep.
The total tree search depth for this trial was 54844. 
The agent accessed its memory 637065 times. 
The agent cleared its short-term memory 10 times. 
     State prediction error memory resets: 10. 
     Hill memory resets: 0. 
TRIAL 18 COMPLETE ✔
End Time: 2024-05-13 13:34:57
Total runtime for this trial (minutes/seconds): 01:08
----------------------------------------
Total hill visits: 12. 
Total prediction errors: 185. 
Total search depth: 227787. 
Total times memory accessed: 2374174. 
Total times 25 >= t <= 50: 1. 
Total times 50 >= t <= 75: 0. 
Total times 75 >= t <= 100: 0. 
Total times t == 100: 0. 
Total time steps survived: 408. 
Total runtime so far (hours/minutes/seconds): 00:05:10
----------------------------------------

----------------------------------------
TRIAL 19 STARTED
----------------------------------------
Start Time: 2024-05-13 13:34:56
At time step 21 the agent is dead
The agent had 22 food, 0 water, and 24 sleep.
The total tree search depth for this trial was 9422. 
The agent accessed its memory 77293 times. 
The agent cleared its short-term memory 7 times. 
     State prediction error memory resets: 5. 
     Hill memory resets: 2. 
TRIAL 19 COMPLETE ✔
End Time: 2024-05-13 13:35:11
Total runtime for this trial (minutes/seconds): 00:15
----------------------------------------
Total hill visits: 14. 
Total prediction errors: 190. 
Total search depth: 237209. 
Total times memory accessed: 2451467. 
Total times 25 >= t <= 50: 1. 
Total times 50 >= t <= 75: 0. 
Total times 75 >= t <= 100: 0. 
Total times t == 100: 0. 
Total time steps survived: 430. 
Total runtime so far (hours/minutes/seconds): 00:05:24
----------------------------------------

----------------------------------------
TRIAL 20 STARTED
----------------------------------------
Start Time: 2024-05-13 13:35:10
At time step 21 the agent is dead
The agent had 2 food, 0 water, and 5 sleep.
The total tree search depth for this trial was 25469. 
The agent accessed its memory 251024 times. 
The agent cleared its short-term memory 11 times. 
     State prediction error memory resets: 11. 
     Hill memory resets: 0. 
TRIAL 20 COMPLETE ✔
End Time: 2024-05-13 13:35:46
Total runtime for this trial (minutes/seconds): 00:36
----------------------------------------
Total hill visits: 14. 
Total prediction errors: 201. 
Total search depth: 262678. 
Total times memory accessed: 2702491. 
Total times 25 >= t <= 50: 1. 
Total times 50 >= t <= 75: 0. 
Total times 75 >= t <= 100: 0. 
Total times t == 100: 0. 
Total time steps survived: 452. 
Total runtime so far (hours/minutes/seconds): 00:05:59
----------------------------------------

----------------------------------------
TRIAL 21 STARTED
----------------------------------------
Start Time: 2024-05-13 13:35:45
At time step 21 the agent is dead
The agent had 2 food, 0 water, and 5 sleep.
The total tree search depth for this trial was 61479. 
The agent accessed its memory 553051 times. 
The agent cleared its short-term memory 14 times. 
     State prediction error memory resets: 13. 
     Hill memory resets: 1. 
TRIAL 21 COMPLETE ✔
End Time: 2024-05-13 13:37:05
Total runtime for this trial (minutes/seconds): 01:20
----------------------------------------
Total hill visits: 15. 
Total prediction errors: 214. 
Total search depth: 324157. 
Total times memory accessed: 3255542. 
Total times 25 >= t <= 50: 1. 
Total times 50 >= t <= 75: 0. 
Total times 75 >= t <= 100: 0. 
Total times t == 100: 0. 
Total time steps survived: 474. 
Total runtime so far (hours/minutes/seconds): 00:07:18
----------------------------------------

----------------------------------------
TRIAL 22 STARTED
----------------------------------------
Start Time: 2024-05-13 13:37:04
At time step 21 the agent is dead
The agent had 2 food, 0 water, and 5 sleep.
The total tree search depth for this trial was 10042. 
The agent accessed its memory 97362 times. 
The agent cleared its short-term memory 9 times. 
     State prediction error memory resets: 8. 
     Hill memory resets: 1. 
TRIAL 22 COMPLETE ✔
End Time: 2024-05-13 13:37:19
Total runtime for this trial (minutes/seconds): 00:15
----------------------------------------
Total hill visits: 16. 
Total prediction errors: 222. 
Total search depth: 334199. 
Total times memory accessed: 3352904. 
Total times 25 >= t <= 50: 1. 
Total times 50 >= t <= 75: 0. 
Total times 75 >= t <= 100: 0. 
Total times t == 100: 0. 
Total time steps survived: 496. 
Total runtime so far (hours/minutes/seconds): 00:07:32
----------------------------------------

----------------------------------------
TRIAL 23 STARTED
----------------------------------------
Start Time: 2024-05-13 13:37:18
At time step 23 the agent is dead
The agent had 0 food, 14 water, and 14 sleep.
The total tree search depth for this trial was 63093. 
The agent accessed its memory 573685 times. 
The agent cleared its short-term memory 10 times. 
     State prediction error memory resets: 9. 
     Hill memory resets: 1. 
TRIAL 23 COMPLETE ✔
End Time: 2024-05-13 13:38:31
Total runtime for this trial (minutes/seconds): 01:13
----------------------------------------
Total hill visits: 17. 
Total prediction errors: 231. 
Total search depth: 397292. 
Total times memory accessed: 3926589. 
Total times 25 >= t <= 50: 1. 
Total times 50 >= t <= 75: 0. 
Total times 75 >= t <= 100: 0. 
Total times t == 100: 0. 
Total time steps survived: 520. 
Total runtime so far (hours/minutes/seconds): 00:08:44
----------------------------------------

----------------------------------------
TRIAL 24 STARTED
----------------------------------------
Start Time: 2024-05-13 13:38:30
At time step 21 the agent is dead
The agent had 2 food, 0 water, and 21 sleep.
The total tree search depth for this trial was 16936. 
The agent accessed its memory 153684 times. 
The agent cleared its short-term memory 11 times. 
     State prediction error memory resets: 10. 
     Hill memory resets: 1. 
TRIAL 24 COMPLETE ✔
End Time: 2024-05-13 13:38:53
Total runtime for this trial (minutes/seconds): 00:23
----------------------------------------
Total hill visits: 18. 
Total prediction errors: 241. 
Total search depth: 414228. 
Total times memory accessed: 4080273. 
Total times 25 >= t <= 50: 1. 
Total times 50 >= t <= 75: 0. 
Total times 75 >= t <= 100: 0. 
Total times t == 100: 0. 
Total time steps survived: 542. 
Total runtime so far (hours/minutes/seconds): 00:09:06
----------------------------------------

----------------------------------------
TRIAL 25 STARTED
----------------------------------------
Start Time: 2024-05-13 13:38:52
At time step 21 the agent is dead
The agent had 2 food, 0 water, and 5 sleep.
The total tree search depth for this trial was 9003. 
The agent accessed its memory 99733 times. 
The agent cleared its short-term memory 10 times. 
     State prediction error memory resets: 9. 
     Hill memory resets: 1. 
TRIAL 25 COMPLETE ✔
End Time: 2024-05-13 13:39:05
Total runtime for this trial (minutes/seconds): 00:13
----------------------------------------
Total hill visits: 19. 
Total prediction errors: 250. 
Total search depth: 423231. 
Total times memory accessed: 4180006. 
Total times 25 >= t <= 50: 1. 
Total times 50 >= t <= 75: 0. 
Total times 75 >= t <= 100: 0. 
Total times t == 100: 0. 
Total time steps survived: 564. 
Total runtime so far (hours/minutes/seconds): 00:09:18
----------------------------------------

----------------------------------------
TRIAL 26 STARTED
----------------------------------------
Start Time: 2024-05-13 13:39:04
