Running main with ALGORITHM=SI, SEED=22, HORIZON=2, K_FACTOR=0.7, ROOT_FOLDER=/home/grmstj001, MCT=3, NUM_MCT=100, AUTO_REST=

                            < M A T L A B (R) >
                  Copyright 1984-2024 The MathWorks, Inc.
                  R2024a (24.1.0.2537033) 64-bit (glnxa64)
                             February 21, 2024

 
To get started, type doc.
For product information, visit www.mathworks.com.
 
Algorithm: SI
Seed: 22
Horizon: 2
K-factor: 0.70
Root folder: /home/grmstj001
MCT: 3
Number of MCT: 100
Auto restore: 0
Results file name: 

ans = 

  struct with fields:

     Type: 'twister'
     Seed: 22
    State: [625x1 uint32]


----------------------------------------
TRIAL 1 STARTED
----------------------------------------
Start Time: 2024-05-13 13:29:47
At time step 36 the agent is dead
The agent had 0 food, 1 water, and 4 sleep.
The total tree search depth for this trial was 22651. 
The agent accessed its memory 152042 times. 
The agent cleared its short-term memory 12 times. 
     State prediction error memory resets: 11. 
     Hill memory resets: 1. 
TRIAL 1 COMPLETE ✔
End Time: 2024-05-13 13:30:19
Total runtime for this trial (minutes/seconds): 00:32
----------------------------------------
Total hill visits: 1. 
Total prediction errors: 11. 
Total search depth: 22651. 
Total times memory accessed: 152042. 
Total times 25 >= t <= 50: 1. 
Total times 50 >= t <= 75: 0. 
Total times 75 >= t <= 100: 0. 
Total times t == 100: 0. 
Total time steps survived: 37. 
Total runtime so far (hours/minutes/seconds): 00:00:32
----------------------------------------

----------------------------------------
TRIAL 2 STARTED
----------------------------------------
Start Time: 2024-05-13 13:30:18
At time step 21 the agent is dead
The agent had 2 food, 0 water, and 5 sleep.
The total tree search depth for this trial was 3519. 
The agent accessed its memory 37682 times. 
The agent cleared its short-term memory 5 times. 
     State prediction error memory resets: 4. 
     Hill memory resets: 1. 
TRIAL 2 COMPLETE ✔
End Time: 2024-05-13 13:30:25
Total runtime for this trial (minutes/seconds): 00:07
----------------------------------------
Total hill visits: 2. 
Total prediction errors: 15. 
Total search depth: 26170. 
Total times memory accessed: 189724. 
Total times 25 >= t <= 50: 1. 
Total times 50 >= t <= 75: 0. 
Total times 75 >= t <= 100: 0. 
Total times t == 100: 0. 
Total time steps survived: 59. 
Total runtime so far (hours/minutes/seconds): 00:00:38
----------------------------------------

----------------------------------------
TRIAL 3 STARTED
----------------------------------------
Start Time: 2024-05-13 13:30:24
At time step 21 the agent is dead
The agent had 2 food, 0 water, and 5 sleep.
The total tree search depth for this trial was 22142. 
The agent accessed its memory 164708 times. 
The agent cleared its short-term memory 15 times. 
     State prediction error memory resets: 15. 
     Hill memory resets: 0. 
TRIAL 3 COMPLETE ✔
End Time: 2024-05-13 13:30:59
Total runtime for this trial (minutes/seconds): 00:35
----------------------------------------
Total hill visits: 2. 
Total prediction errors: 30. 
Total search depth: 48312. 
Total times memory accessed: 354432. 
Total times 25 >= t <= 50: 1. 
Total times 50 >= t <= 75: 0. 
Total times 75 >= t <= 100: 0. 
Total times t == 100: 0. 
Total time steps survived: 81. 
Total runtime so far (hours/minutes/seconds): 00:01:12
----------------------------------------

----------------------------------------
TRIAL 4 STARTED
----------------------------------------
Start Time: 2024-05-13 13:30:58
At time step 21 the agent is dead
The agent had 2 food, 0 water, and 5 sleep.
The total tree search depth for this trial was 1562. 
The agent accessed its memory 22952 times. 
The agent cleared its short-term memory 0 times. 
     State prediction error memory resets: 0. 
     Hill memory resets: 0. 
TRIAL 4 COMPLETE ✔
End Time: 2024-05-13 13:31:02
Total runtime for this trial (minutes/seconds): 00:04
----------------------------------------
Total hill visits: 2. 
Total prediction errors: 30. 
Total search depth: 49874. 
Total times memory accessed: 377384. 
Total times 25 >= t <= 50: 1. 
Total times 50 >= t <= 75: 0. 
Total times 75 >= t <= 100: 0. 
Total times t == 100: 0. 
Total time steps survived: 103. 
Total runtime so far (hours/minutes/seconds): 00:01:15
----------------------------------------

----------------------------------------
TRIAL 5 STARTED
----------------------------------------
Start Time: 2024-05-13 13:31:01
At time step 21 the agent is dead
The agent had 2 food, 0 water, and 5 sleep.
The total tree search depth for this trial was 4593. 
The agent accessed its memory 40014 times. 
The agent cleared its short-term memory 16 times. 
     State prediction error memory resets: 16. 
     Hill memory resets: 0. 
TRIAL 5 COMPLETE ✔
End Time: 2024-05-13 13:31:10
Total runtime for this trial (minutes/seconds): 00:09
----------------------------------------
Total hill visits: 2. 
Total prediction errors: 46. 
Total search depth: 54467. 
Total times memory accessed: 417398. 
Total times 25 >= t <= 50: 1. 
Total times 50 >= t <= 75: 0. 
Total times 75 >= t <= 100: 0. 
Total times t == 100: 0. 
Total time steps survived: 125. 
Total runtime so far (hours/minutes/seconds): 00:01:23
----------------------------------------

----------------------------------------
TRIAL 6 STARTED
----------------------------------------
Start Time: 2024-05-13 13:31:09
At time step 21 the agent is dead
The agent had 2 food, 0 water, and 5 sleep.
The total tree search depth for this trial was 3630. 
The agent accessed its memory 30348 times. 
The agent cleared its short-term memory 7 times. 
     State prediction error memory resets: 6. 
     Hill memory resets: 1. 
TRIAL 6 COMPLETE ✔
End Time: 2024-05-13 13:31:17
Total runtime for this trial (minutes/seconds): 00:08
----------------------------------------
Total hill visits: 3. 
Total prediction errors: 52. 
Total search depth: 58097. 
Total times memory accessed: 447746. 
Total times 25 >= t <= 50: 1. 
Total times 50 >= t <= 75: 0. 
Total times 75 >= t <= 100: 0. 
Total times t == 100: 0. 
Total time steps survived: 147. 
Total runtime so far (hours/minutes/seconds): 00:01:30
----------------------------------------

----------------------------------------
TRIAL 7 STARTED
----------------------------------------
Start Time: 2024-05-13 13:31:16
At time step 21 the agent is dead
The agent had 2 food, 0 water, and 5 sleep.
The total tree search depth for this trial was 2352. 
The agent accessed its memory 18338 times. 
The agent cleared its short-term memory 8 times. 
     State prediction error memory resets: 7. 
     Hill memory resets: 1. 
TRIAL 7 COMPLETE ✔
End Time: 2024-05-13 13:31:23
Total runtime for this trial (minutes/seconds): 00:07
----------------------------------------
Total hill visits: 4. 
Total prediction errors: 59. 
Total search depth: 60449. 
Total times memory accessed: 466084. 
Total times 25 >= t <= 50: 1. 
Total times 50 >= t <= 75: 0. 
Total times 75 >= t <= 100: 0. 
Total times t == 100: 0. 
Total time steps survived: 169. 
Total runtime so far (hours/minutes/seconds): 00:01:36
----------------------------------------

----------------------------------------
TRIAL 8 STARTED
----------------------------------------
Start Time: 2024-05-13 13:31:22
At time step 25 the agent is dead
The agent had 0 food, 2 water, and 10 sleep.
The total tree search depth for this trial was 36350. 
The agent accessed its memory 356648 times. 
The agent cleared its short-term memory 17 times. 
     State prediction error memory resets: 16. 
     Hill memory resets: 1. 
TRIAL 8 COMPLETE ✔
End Time: 2024-05-13 13:32:15
Total runtime for this trial (minutes/seconds): 00:53
----------------------------------------
Total hill visits: 5. 
Total prediction errors: 75. 
Total search depth: 96799. 
Total times memory accessed: 822732. 
Total times 25 >= t <= 50: 2. 
Total times 50 >= t <= 75: 0. 
Total times 75 >= t <= 100: 0. 
Total times t == 100: 0. 
Total time steps survived: 195. 
Total runtime so far (hours/minutes/seconds): 00:02:28
----------------------------------------

----------------------------------------
TRIAL 9 STARTED
----------------------------------------
Start Time: 2024-05-13 13:32:14
At time step 21 the agent is dead
The agent had 2 food, 0 water, and 5 sleep.
The total tree search depth for this trial was 16683. 
The agent accessed its memory 126948 times. 
The agent cleared its short-term memory 14 times. 
     State prediction error memory resets: 13. 
     Hill memory resets: 1. 
TRIAL 9 COMPLETE ✔
End Time: 2024-05-13 13:32:47
Total runtime for this trial (minutes/seconds): 00:33
----------------------------------------
Total hill visits: 6. 
Total prediction errors: 88. 
Total search depth: 113482. 
Total times memory accessed: 949680. 
Total times 25 >= t <= 50: 2. 
Total times 50 >= t <= 75: 0. 
Total times 75 >= t <= 100: 0. 
Total times t == 100: 0. 
Total time steps survived: 217. 
Total runtime so far (hours/minutes/seconds): 00:03:00
----------------------------------------

----------------------------------------
TRIAL 10 STARTED
----------------------------------------
Start Time: 2024-05-13 13:32:46
At time step 21 the agent is dead
The agent had 2 food, 0 water, and 5 sleep.
The total tree search depth for this trial was 4775. 
The agent accessed its memory 47756 times. 
The agent cleared its short-term memory 11 times. 
     State prediction error memory resets: 11. 
     Hill memory resets: 0. 
TRIAL 10 COMPLETE ✔
End Time: 2024-05-13 13:32:55
Total runtime for this trial (minutes/seconds): 00:09
----------------------------------------
Total hill visits: 6. 
Total prediction errors: 99. 
Total search depth: 118257. 
Total times memory accessed: 997436. 
Total times 25 >= t <= 50: 2. 
Total times 50 >= t <= 75: 0. 
Total times 75 >= t <= 100: 0. 
Total times t == 100: 0. 
Total time steps survived: 239. 
Total runtime so far (hours/minutes/seconds): 00:03:08
----------------------------------------

----------------------------------------
TRIAL 11 STARTED
----------------------------------------
Start Time: 2024-05-13 13:32:54
At time step 26 the agent is dead
The agent had 18 food, 6 water, and 0 sleep.
The total tree search depth for this trial was 32550. 
The agent accessed its memory 238590 times. 
The agent cleared its short-term memory 15 times. 
     State prediction error memory resets: 14. 
     Hill memory resets: 1. 
TRIAL 11 COMPLETE ✔
End Time: 2024-05-13 13:33:40
Total runtime for this trial (minutes/seconds): 00:46
----------------------------------------
Total hill visits: 7. 
Total prediction errors: 113. 
Total search depth: 150807. 
Total times memory accessed: 1236026. 
Total times 25 >= t <= 50: 3. 
Total times 50 >= t <= 75: 0. 
Total times 75 >= t <= 100: 0. 
Total times t == 100: 0. 
Total time steps survived: 266. 
Total runtime so far (hours/minutes/seconds): 00:03:53
----------------------------------------

----------------------------------------
TRIAL 12 STARTED
----------------------------------------
Start Time: 2024-05-13 13:33:39
At time step 61 the agent is dead
The agent had 4 food, 0 water, and 10 sleep.
The total tree search depth for this trial was 89438. 
The agent accessed its memory 631651 times. 
The agent cleared its short-term memory 15 times. 
     State prediction error memory resets: 15. 
     Hill memory resets: 0. 
TRIAL 12 COMPLETE ✔
End Time: 2024-05-13 13:35:31
Total runtime for this trial (minutes/seconds): 01:52
----------------------------------------
Total hill visits: 7. 
Total prediction errors: 128. 
Total search depth: 240245. 
Total times memory accessed: 1867677. 
Total times 25 >= t <= 50: 3. 
Total times 50 >= t <= 75: 1. 
Total times 75 >= t <= 100: 0. 
Total times t == 100: 0. 
Total time steps survived: 328. 
Total runtime so far (hours/minutes/seconds): 00:05:44
----------------------------------------

----------------------------------------
TRIAL 13 STARTED
----------------------------------------
Start Time: 2024-05-13 13:35:30
At time step 21 the agent is dead
The agent had 2 food, 0 water, and 5 sleep.
The total tree search depth for this trial was 35542. 
The agent accessed its memory 275358 times. 
The agent cleared its short-term memory 13 times. 
     State prediction error memory resets: 12. 
     Hill memory resets: 1. 
TRIAL 13 COMPLETE ✔
End Time: 2024-05-13 13:36:30
Total runtime for this trial (minutes/seconds): 01:00
----------------------------------------
Total hill visits: 8. 
Total prediction errors: 140. 
Total search depth: 275787. 
Total times memory accessed: 2143035. 
Total times 25 >= t <= 50: 3. 
Total times 50 >= t <= 75: 1. 
Total times 75 >= t <= 100: 0. 
Total times t == 100: 0. 
Total time steps survived: 350. 
Total runtime so far (hours/minutes/seconds): 00:06:43
----------------------------------------

----------------------------------------
TRIAL 14 STARTED
----------------------------------------
Start Time: 2024-05-13 13:36:29
At time step 21 the agent is dead
The agent had 2 food, 0 water, and 5 sleep.
The total tree search depth for this trial was 30727. 
The agent accessed its memory 269944 times. 
The agent cleared its short-term memory 17 times. 
     State prediction error memory resets: 17. 
     Hill memory resets: 0. 
TRIAL 14 COMPLETE ✔
End Time: 2024-05-13 13:37:11
Total runtime for this trial (minutes/seconds): 00:42
----------------------------------------
Total hill visits: 8. 
Total prediction errors: 157. 
Total search depth: 306514. 
Total times memory accessed: 2412979. 
Total times 25 >= t <= 50: 3. 
Total times 50 >= t <= 75: 1. 
Total times 75 >= t <= 100: 0. 
Total times t == 100: 0. 
Total time steps survived: 372. 
Total runtime so far (hours/minutes/seconds): 00:07:24
----------------------------------------

----------------------------------------
TRIAL 15 STARTED
----------------------------------------
Start Time: 2024-05-13 13:37:10
At time step 26 the agent is dead
The agent had 0 food, 0 water, and 0 sleep.
The total tree search depth for this trial was 65153. 
The agent accessed its memory 505663 times. 
The agent cleared its short-term memory 18 times. 
     State prediction error memory resets: 18. 
     Hill memory resets: 0. 
TRIAL 15 COMPLETE ✔
End Time: 2024-05-13 13:38:31
Total runtime for this trial (minutes/seconds): 01:21
----------------------------------------
Total hill visits: 8. 
Total prediction errors: 175. 
Total search depth: 371667. 
Total times memory accessed: 2918642. 
Total times 25 >= t <= 50: 4. 
Total times 50 >= t <= 75: 1. 
Total times 75 >= t <= 100: 0. 
Total times t == 100: 0. 
Total time steps survived: 399. 
Total runtime so far (hours/minutes/seconds): 00:08:44
----------------------------------------

----------------------------------------
TRIAL 16 STARTED
----------------------------------------
Start Time: 2024-05-13 13:38:30
