Running main with ALGORITHM=SL, SEED=5, HORIZON=4, K_FACTOR=0.7, ROOT_FOLDER=/home/grmstj001, MCT=3, NUM_MCT=100, AUTO_REST=, GRID_SIZE=5, START_POS=9, HILL=13, FOOD=(20 19 24 15), WATER=(12 10 17 22), SLEEP=(14 23 2 25)

                            < M A T L A B (R) >
                  Copyright 1984-2022 The MathWorks, Inc.
             R2022b Update 9 (9.13.0.2553342) 64-bit (glnxa64)
                               March 13, 2024

 
To get started, type doc.
For product information, visit www.mathworks.com.
 
Starting SL.

----------------------------------------
TRIAL 1 STARTED
----------------------------------------
Start Time: 2024-05-22 10:20:05
At time step 65 the agent is dead
The agent had 0 food, 17 water, and 4 sleep.
The total tree search depth for this trial was 105269. 
The agent accessed its memory 1823136 times. 
The agent cleared its short-term memory 45 times. 
     State prediction error memory resets: 13. 
     Hill memory resets: 32. 
TRIAL 1 COMPLETE ?
End Time: 2024-05-22 10:22:58
Total runtime for this trial (minutes/seconds): 02:53
----------------------------------------
Total hill visits: 32. 
Total prediction errors: 13. 
Total search depth: 105269. 
Total times memory accessed: 1823136. 
Total times 25 >= t <= 50: 0. 
Total times 50 >= t <= 75: 1. 
Total times 75 >= t <= 100: 0. 
Total times t == 100: 0. 
Total time steps survived: 66. 
Total runtime so far (hours/minutes/seconds): 00:02:53
----------------------------------------

----------------------------------------
TRIAL 2 STARTED
----------------------------------------
Start Time: 2024-05-22 10:22:57
At time step 35 the agent is dead
The agent had 0 food, 6 water, and 4 sleep.
The total tree search depth for this trial was 123185. 
The agent accessed its memory 2047060 times. 
The agent cleared its short-term memory 25 times. 
     State prediction error memory resets: 4. 
     Hill memory resets: 21. 
TRIAL 2 COMPLETE ?
End Time: 2024-05-22 10:27:03
Total runtime for this trial (minutes/seconds): 04:06
----------------------------------------
Total hill visits: 53. 
Total prediction errors: 17. 
Total search depth: 228454. 
Total times memory accessed: 3870196. 
Total times 25 >= t <= 50: 1. 
Total times 50 >= t <= 75: 1. 
Total times 75 >= t <= 100: 0. 
Total times t == 100: 0. 
Total time steps survived: 102. 
Total runtime so far (hours/minutes/seconds): 00:06:58
----------------------------------------

----------------------------------------
TRIAL 3 STARTED
----------------------------------------
Start Time: 2024-05-22 10:27:02
At time step 25 the agent is dead
The agent had 0 food, 18 water, and 4 sleep.
The total tree search depth for this trial was 29322. 
The agent accessed its memory 472818 times. 
The agent cleared its short-term memory 16 times. 
     State prediction error memory resets: 2. 
     Hill memory resets: 14. 
TRIAL 3 COMPLETE ?
End Time: 2024-05-22 10:28:09
Total runtime for this trial (minutes/seconds): 01:07
----------------------------------------
Total hill visits: 67. 
Total prediction errors: 19. 
Total search depth: 257776. 
Total times memory accessed: 4343014. 
Total times 25 >= t <= 50: 2. 
Total times 50 >= t <= 75: 1. 
Total times 75 >= t <= 100: 0. 
Total times t == 100: 0. 
Total time steps survived: 128. 
Total runtime so far (hours/minutes/seconds): 00:08:04
----------------------------------------

----------------------------------------
TRIAL 4 STARTED
----------------------------------------
Start Time: 2024-05-22 10:28:08
At time step 23 the agent is dead
The agent had 3 food, 0 water, and 7 sleep.
The total tree search depth for this trial was 44428. 
The agent accessed its memory 706399 times. 
The agent cleared its short-term memory 16 times. 
     State prediction error memory resets: 1. 
     Hill memory resets: 15. 
TRIAL 4 COMPLETE ?
End Time: 2024-05-22 10:29:55
Total runtime for this trial (minutes/seconds): 01:47
----------------------------------------
Total hill visits: 82. 
Total prediction errors: 20. 
Total search depth: 302204. 
Total times memory accessed: 5049413. 
Total times 25 >= t <= 50: 2. 
Total times 50 >= t <= 75: 1. 
Total times 75 >= t <= 100: 0. 
Total times t == 100: 0. 
Total time steps survived: 152. 
Total runtime so far (hours/minutes/seconds): 00:09:50
----------------------------------------

----------------------------------------
TRIAL 5 STARTED
----------------------------------------
Start Time: 2024-05-22 10:29:54
At time step 23 the agent is dead
The agent had 0 food, 20 water, and 3 sleep.
The total tree search depth for this trial was 32704. 
The agent accessed its memory 505438 times. 
The agent cleared its short-term memory 19 times. 
     State prediction error memory resets: 2. 
     Hill memory resets: 17. 
TRIAL 5 COMPLETE ?
End Time: 2024-05-22 10:31:21
Total runtime for this trial (minutes/seconds): 01:27
----------------------------------------
Total hill visits: 99. 
Total prediction errors: 22. 
Total search depth: 334908. 
Total times memory accessed: 5554851. 
Total times 25 >= t <= 50: 2. 
Total times 50 >= t <= 75: 1. 
Total times 75 >= t <= 100: 0. 
Total times t == 100: 0. 
Total time steps survived: 176. 
Total runtime so far (hours/minutes/seconds): 00:11:16
----------------------------------------

----------------------------------------
TRIAL 6 STARTED
----------------------------------------
Start Time: 2024-05-22 10:31:20
At time step 23 the agent is dead
The agent had 0 food, 18 water, and 3 sleep.
The total tree search depth for this trial was 27035. 
The agent accessed its memory 421472 times. 
The agent cleared its short-term memory 15 times. 
     State prediction error memory resets: 0. 
     Hill memory resets: 15. 
TRIAL 6 COMPLETE ?
End Time: 2024-05-22 10:32:31
Total runtime for this trial (minutes/seconds): 01:11
----------------------------------------
Total hill visits: 114. 
Total prediction errors: 22. 
Total search depth: 361943. 
Total times memory accessed: 5976323. 
Total times 25 >= t <= 50: 2. 
Total times 50 >= t <= 75: 1. 
Total times 75 >= t <= 100: 0. 
Total times t == 100: 0. 
Total time steps survived: 200. 
Total runtime so far (hours/minutes/seconds): 00:12:26
----------------------------------------

----------------------------------------
TRIAL 7 STARTED
----------------------------------------
Start Time: 2024-05-22 10:32:30
At time step 23 the agent is dead
The agent had 0 food, 20 water, and 3 sleep.
The total tree search depth for this trial was 32497. 
The agent accessed its memory 511788 times. 
The agent cleared its short-term memory 18 times. 
     State prediction error memory resets: 0. 
     Hill memory resets: 18. 
TRIAL 7 COMPLETE ?
End Time: 2024-05-22 10:33:52
Total runtime for this trial (minutes/seconds): 01:22
----------------------------------------
Total hill visits: 132. 
Total prediction errors: 22. 
Total search depth: 394440. 
Total times memory accessed: 6488111. 
Total times 25 >= t <= 50: 2. 
Total times 50 >= t <= 75: 1. 
Total times 75 >= t <= 100: 0. 
Total times t == 100: 0. 
Total time steps survived: 224. 
Total runtime so far (hours/minutes/seconds): 00:13:47
----------------------------------------

----------------------------------------
TRIAL 8 STARTED
----------------------------------------
Start Time: 2024-05-22 10:33:51
At time step 23 the agent is dead
The agent had 0 food, 19 water, and 3 sleep.
The total tree search depth for this trial was 47915. 
The agent accessed its memory 760540 times. 
The agent cleared its short-term memory 18 times. 
     State prediction error memory resets: 0. 
     Hill memory resets: 18. 
TRIAL 8 COMPLETE ?
End Time: 2024-05-22 10:35:47
Total runtime for this trial (minutes/seconds): 01:56
----------------------------------------
Total hill visits: 150. 
Total prediction errors: 22. 
Total search depth: 442355. 
Total times memory accessed: 7248651. 
Total times 25 >= t <= 50: 2. 
Total times 50 >= t <= 75: 1. 
Total times 75 >= t <= 100: 0. 
Total times t == 100: 0. 
Total time steps survived: 248. 
Total runtime so far (hours/minutes/seconds): 00:15:42
----------------------------------------

----------------------------------------
TRIAL 9 STARTED
----------------------------------------
Start Time: 2024-05-22 10:35:46
At time step 23 the agent is dead
The agent had 0 food, 19 water, and 25 sleep.
The total tree search depth for this trial was 44467. 
The agent accessed its memory 705713 times. 
The agent cleared its short-term memory 15 times. 
     State prediction error memory resets: 2. 
     Hill memory resets: 13. 
TRIAL 9 COMPLETE ?
End Time: 2024-05-22 10:37:34
Total runtime for this trial (minutes/seconds): 01:48
----------------------------------------
Total hill visits: 163. 
Total prediction errors: 24. 
Total search depth: 486822. 
Total times memory accessed: 7954364. 
Total times 25 >= t <= 50: 2. 
Total times 50 >= t <= 75: 1. 
Total times 75 >= t <= 100: 0. 
Total times t == 100: 0. 
Total time steps survived: 272. 
Total runtime so far (hours/minutes/seconds): 00:17:29
----------------------------------------

----------------------------------------
TRIAL 10 STARTED
----------------------------------------
Start Time: 2024-05-22 10:37:33
At time step 23 the agent is dead
The agent had 0 food, 20 water, and 3 sleep.
The total tree search depth for this trial was 44036. 
The agent accessed its memory 703976 times. 
The agent cleared its short-term memory 17 times. 
     State prediction error memory resets: 2. 
     Hill memory resets: 15. 
TRIAL 10 COMPLETE ?
End Time: 2024-05-22 10:39:17
Total runtime for this trial (minutes/seconds): 01:44
----------------------------------------
Total hill visits: 178. 
Total prediction errors: 26. 
Total search depth: 530858. 
Total times memory accessed: 8658340. 
Total times 25 >= t <= 50: 2. 
Total times 50 >= t <= 75: 1. 
Total times 75 >= t <= 100: 0. 
Total times t == 100: 0. 
Total time steps survived: 296. 
Total runtime so far (hours/minutes/seconds): 00:19:12
----------------------------------------

----------------------------------------
TRIAL 11 STARTED
----------------------------------------
Start Time: 2024-05-22 10:39:16
At time step 23 the agent is dead
The agent had 0 food, 18 water, and 17 sleep.
The total tree search depth for this trial was 86903. 
The agent accessed its memory 1428460 times. 
The agent cleared its short-term memory 17 times. 
     State prediction error memory resets: 1. 
     Hill memory resets: 16. 
TRIAL 11 COMPLETE ?
End Time: 2024-05-22 10:42:19
Total runtime for this trial (minutes/seconds): 03:03
----------------------------------------
Total hill visits: 194. 
Total prediction errors: 27. 
Total search depth: 617761. 
Total times memory accessed: 10086800. 
Total times 25 >= t <= 50: 2. 
Total times 50 >= t <= 75: 1. 
Total times 75 >= t <= 100: 0. 
Total times t == 100: 0. 
Total time steps survived: 320. 
Total runtime so far (hours/minutes/seconds): 00:22:14
----------------------------------------

----------------------------------------
TRIAL 12 STARTED
----------------------------------------
Start Time: 2024-05-22 10:42:18
At time step 23 the agent is dead
The agent had 0 food, 19 water, and 3 sleep.
The total tree search depth for this trial was 45891. 
The agent accessed its memory 738260 times. 
The agent cleared its short-term memory 17 times. 
     State prediction error memory resets: 1. 
     Hill memory resets: 16. 
TRIAL 12 COMPLETE ?
End Time: 2024-05-22 10:44:03
Total runtime for this trial (minutes/seconds): 01:45
----------------------------------------
Total hill visits: 210. 
Total prediction errors: 28. 
Total search depth: 663652. 
Total times memory accessed: 10825060. 
Total times 25 >= t <= 50: 2. 
Total times 50 >= t <= 75: 1. 
Total times 75 >= t <= 100: 0. 
Total times t == 100: 0. 
Total time steps survived: 344. 
Total runtime so far (hours/minutes/seconds): 00:23:58
----------------------------------------

----------------------------------------
TRIAL 13 STARTED
----------------------------------------
Start Time: 2024-05-22 10:44:02
At time step 45 the agent is dead
The agent had 0 food, 2 water, and 23 sleep.
The total tree search depth for this trial was 343851. 
The agent accessed its memory 5434409 times. 
The agent cleared its short-term memory 34 times. 
     State prediction error memory resets: 1. 
     Hill memory resets: 33. 
TRIAL 13 COMPLETE ?
End Time: 2024-05-22 10:58:03
Total runtime for this trial (minutes/seconds): 14:01
----------------------------------------
Total hill visits: 243. 
Total prediction errors: 29. 
Total search depth: 1007503. 
Total times memory accessed: 16259469. 
Total times 25 >= t <= 50: 3. 
Total times 50 >= t <= 75: 1. 
Total times 75 >= t <= 100: 0. 
Total times t == 100: 0. 
Total time steps survived: 390. 
Total runtime so far (hours/minutes/seconds): 00:37:58
----------------------------------------

----------------------------------------
TRIAL 14 STARTED
----------------------------------------
Start Time: 2024-05-22 10:58:02
At time step 23 the agent is dead
The agent had 0 food, 20 water, and 21 sleep.
The total tree search depth for this trial was 144421. 
The agent accessed its memory 2298725 times. 
The agent cleared its short-term memory 17 times. 
     State prediction error memory resets: 2. 
     Hill memory resets: 15. 
TRIAL 14 COMPLETE ?
End Time: 2024-05-22 11:03:46
Total runtime for this trial (minutes/seconds): 05:44
----------------------------------------
Total hill visits: 258. 
Total prediction errors: 31. 
Total search depth: 1151924. 
Total times memory accessed: 18558194. 
Total times 25 >= t <= 50: 3. 
Total times 50 >= t <= 75: 1. 
Total times 75 >= t <= 100: 0. 
Total times t == 100: 0. 
Total time steps survived: 414. 
Total runtime so far (hours/minutes/seconds): 00:43:41
----------------------------------------

----------------------------------------
TRIAL 15 STARTED
----------------------------------------
Start Time: 2024-05-22 11:03:45
At time step 45 the agent is dead
The agent had 0 food, 18 water, and 18 sleep.
The total tree search depth for this trial was 327119. 
The agent accessed its memory 5155949 times. 
The agent cleared its short-term memory 35 times. 
     State prediction error memory resets: 3. 
     Hill memory resets: 32. 
TRIAL 15 COMPLETE ?
End Time: 2024-05-22 11:17:12
Total runtime for this trial (minutes/seconds): 13:27
----------------------------------------
Total hill visits: 290. 
Total prediction errors: 34. 
Total search depth: 1479043. 
Total times memory accessed: 23714143. 
Total times 25 >= t <= 50: 4. 
Total times 50 >= t <= 75: 1. 
Total times 75 >= t <= 100: 0. 
Total times t == 100: 0. 
Total time steps survived: 460. 
Total runtime so far (hours/minutes/seconds): 00:57:07
----------------------------------------

----------------------------------------
TRIAL 16 STARTED
----------------------------------------
Start Time: 2024-05-22 11:17:11
At time step 43 the agent is dead
The agent had 0 food, 19 water, and 20 sleep.
The total tree search depth for this trial was 342401. 
The agent accessed its memory 5488492 times. 
The agent cleared its short-term memory 35 times. 
     State prediction error memory resets: 4. 
     Hill memory resets: 31. 
TRIAL 16 COMPLETE ?
End Time: 2024-05-22 11:30:24
Total runtime for this trial (minutes/seconds): 13:13
----------------------------------------
Total hill visits: 321. 
Total prediction errors: 38. 
Total search depth: 1821444. 
Total times memory accessed: 29202635. 
Total times 25 >= t <= 50: 5. 
Total times 50 >= t <= 75: 1. 
Total times 75 >= t <= 100: 0. 
Total times t == 100: 0. 
Total time steps survived: 504. 
Total runtime so far (hours/minutes/seconds): 01:10:19
----------------------------------------

----------------------------------------
TRIAL 17 STARTED
----------------------------------------
Start Time: 2024-05-22 11:30:23
At time step 23 the agent is dead
The agent had 0 food, 9 water, and 23 sleep.
The total tree search depth for this trial was 194059. 
The agent accessed its memory 3095624 times. 
The agent cleared its short-term memory 17 times. 
     State prediction error memory resets: 0. 
     Hill memory resets: 17. 
TRIAL 17 COMPLETE ?
End Time: 2024-05-22 11:38:01
Total runtime for this trial (minutes/seconds): 07:38
----------------------------------------
Total hill visits: 338. 
Total prediction errors: 38. 
Total search depth: 2015503. 
Total times memory accessed: 32298259. 
Total times 25 >= t <= 50: 5. 
Total times 50 >= t <= 75: 1. 
Total times 75 >= t <= 100: 0. 
Total times t == 100: 0. 
Total time steps survived: 528. 
Total runtime so far (hours/minutes/seconds): 01:17:56
----------------------------------------

----------------------------------------
TRIAL 18 STARTED
----------------------------------------
Start Time: 2024-05-22 11:38:00
At time step 23 the agent is dead
The agent had 0 food, 8 water, and 23 sleep.
The total tree search depth for this trial was 169974. 
The agent accessed its memory 2758360 times. 
The agent cleared its short-term memory 16 times. 
     State prediction error memory resets: 1. 
     Hill memory resets: 15. 
TRIAL 18 COMPLETE ?
End Time: 2024-05-22 11:44:16
Total runtime for this trial (minutes/seconds): 06:16
----------------------------------------
Total hill visits: 353. 
Total prediction errors: 39. 
Total search depth: 2185477. 
Total times memory accessed: 35056619. 
Total times 25 >= t <= 50: 5. 
Total times 50 >= t <= 75: 1. 
Total times 75 >= t <= 100: 0. 
Total times t == 100: 0. 
Total time steps survived: 552. 
Total runtime so far (hours/minutes/seconds): 01:24:11
----------------------------------------

----------------------------------------
TRIAL 19 STARTED
----------------------------------------
Start Time: 2024-05-22 11:44:15
At time step 23 the agent is dead
The agent had 0 food, 18 water, and 14 sleep.
The total tree search depth for this trial was 174866. 
The agent accessed its memory 2826188 times. 
The agent cleared its short-term memory 16 times. 
     State prediction error memory resets: 1. 
     Hill memory resets: 15. 
TRIAL 19 COMPLETE ?
End Time: 2024-05-22 11:50:47
Total runtime for this trial (minutes/seconds): 06:32
----------------------------------------
Total hill visits: 368. 
Total prediction errors: 40. 
Total search depth: 2360343. 
Total times memory accessed: 37882807. 
Total times 25 >= t <= 50: 5. 
Total times 50 >= t <= 75: 1. 
Total times 75 >= t <= 100: 0. 
Total times t == 100: 0. 
Total time steps survived: 576. 
Total runtime so far (hours/minutes/seconds): 01:30:42
----------------------------------------

----------------------------------------
TRIAL 20 STARTED
----------------------------------------
Start Time: 2024-05-22 11:50:46
At time step 23 the agent is dead
The agent had 0 food, 11 water, and 23 sleep.
The total tree search depth for this trial was 189512. 
The agent accessed its memory 3057061 times. 
The agent cleared its short-term memory 18 times. 
     State prediction error memory resets: 2. 
     Hill memory resets: 16. 
TRIAL 20 COMPLETE ?
End Time: 2024-05-22 11:57:54
Total runtime for this trial (minutes/seconds): 07:08
----------------------------------------
Total hill visits: 384. 
Total prediction errors: 42. 
Total search depth: 2549855. 
Total times memory accessed: 40939868. 
Total times 25 >= t <= 50: 5. 
Total times 50 >= t <= 75: 1. 
Total times 75 >= t <= 100: 0. 
Total times t == 100: 0. 
Total time steps survived: 600. 
Total runtime so far (hours/minutes/seconds): 01:37:49
----------------------------------------

----------------------------------------
TRIAL 21 STARTED
----------------------------------------
Start Time: 2024-05-22 11:57:53
At time step 23 the agent is dead
The agent had 0 food, 11 water, and 25 sleep.
The total tree search depth for this trial was 191841. 
The agent accessed its memory 3107880 times. 
The agent cleared its short-term memory 17 times. 
     State prediction error memory resets: 0. 
     Hill memory resets: 17. 
TRIAL 21 COMPLETE ?
End Time: 2024-05-22 12:05:00
Total runtime for this trial (minutes/seconds): 07:07
----------------------------------------
Total hill visits: 401. 
Total prediction errors: 42. 
Total search depth: 2741696. 
Total times memory accessed: 44047748. 
Total times 25 >= t <= 50: 5. 
Total times 50 >= t <= 75: 1. 
Total times 75 >= t <= 100: 0. 
Total times t == 100: 0. 
Total time steps survived: 624. 
Total runtime so far (hours/minutes/seconds): 01:44:55
----------------------------------------

----------------------------------------
TRIAL 22 STARTED
----------------------------------------
Start Time: 2024-05-22 12:04:59
At time step 23 the agent is dead
The agent had 0 food, 13 water, and 23 sleep.
The total tree search depth for this trial was 165668. 
The agent accessed its memory 2680575 times. 
The agent cleared its short-term memory 15 times. 
     State prediction error memory resets: 1. 
     Hill memory resets: 14. 
TRIAL 22 COMPLETE ?
End Time: 2024-05-22 12:11:09
Total runtime for this trial (minutes/seconds): 06:10
----------------------------------------
Total hill visits: 415. 
Total prediction errors: 43. 
Total search depth: 2907364. 
Total times memory accessed: 46728323. 
Total times 25 >= t <= 50: 5. 
Total times 50 >= t <= 75: 1. 
Total times 75 >= t <= 100: 0. 
Total times t == 100: 0. 
Total time steps survived: 648. 
Total runtime so far (hours/minutes/seconds): 01:51:04
----------------------------------------

----------------------------------------
TRIAL 23 STARTED
----------------------------------------
Start Time: 2024-05-22 12:11:08
At time step 23 the agent is dead
The agent had 0 food, 20 water, and 15 sleep.
The total tree search depth for this trial was 204374. 
The agent accessed its memory 3347578 times. 
The agent cleared its short-term memory 16 times. 
     State prediction error memory resets: 0. 
     Hill memory resets: 16. 
TRIAL 23 COMPLETE ?
End Time: 2024-05-22 12:18:22
Total runtime for this trial (minutes/seconds): 07:14
----------------------------------------
Total hill visits: 431. 
Total prediction errors: 43. 
Total search depth: 3111738. 
Total times memory accessed: 50075901. 
Total times 25 >= t <= 50: 5. 
Total times 50 >= t <= 75: 1. 
Total times 75 >= t <= 100: 0. 
Total times t == 100: 0. 
Total time steps survived: 672. 
Total runtime so far (hours/minutes/seconds): 01:58:17
----------------------------------------

----------------------------------------
TRIAL 24 STARTED
----------------------------------------
Start Time: 2024-05-22 12:18:21
At time step 99 the agent is dead
The agent had 9 food, 18 water, and 13 sleep.
The total tree search depth for this trial was 1104076. 
The agent accessed its memory 17627273 times. 
The agent cleared its short-term memory 80 times. 
     State prediction error memory resets: 5. 
     Hill memory resets: 75. 
TRIAL 24 COMPLETE ?
End Time: 2024-05-22 13:01:34
Total runtime for this trial (minutes/seconds): 43:13
----------------------------------------
Total hill visits: 506. 
Total prediction errors: 48. 
Total search depth: 4215814. 
Total times memory accessed: 67703174. 
Total times 25 >= t <= 50: 5. 
Total times 50 >= t <= 75: 1. 
Total times 75 >= t <= 100: 0. 
Total times t == 100: 1. 
Total time steps survived: 772. 
Total runtime so far (hours/minutes/seconds): 02:41:29
----------------------------------------

----------------------------------------
TRIAL 25 STARTED
----------------------------------------
Start Time: 2024-05-22 13:01:33
At time step 99 the agent is dead
The agent had 9 food, 20 water, and 13 sleep.
The total tree search depth for this trial was 1012988. 
The agent accessed its memory 16243628 times. 
The agent cleared its short-term memory 77 times. 
     State prediction error memory resets: 3. 
     Hill memory resets: 74. 
TRIAL 25 COMPLETE ?
End Time: 2024-05-22 13:39:44
Total runtime for this trial (minutes/seconds): 38:11
----------------------------------------
Total hill visits: 580. 
Total prediction errors: 51. 
Total search depth: 5228802. 
Total times memory accessed: 83946802. 
Total times 25 >= t <= 50: 5. 
Total times 50 >= t <= 75: 1. 
Total times 75 >= t <= 100: 0. 
Total times t == 100: 2. 
Total time steps survived: 872. 
Total runtime so far (hours/minutes/seconds): 03:19:39
----------------------------------------

----------------------------------------
TRIAL 26 STARTED
----------------------------------------
Start Time: 2024-05-22 13:39:43
At time step 99 the agent is dead
The agent had 11 food, 8 water, and 15 sleep.
The total tree search depth for this trial was 1097878. 
The agent accessed its memory 17298415 times. 
The agent cleared its short-term memory 82 times. 
     State prediction error memory resets: 7. 
     Hill memory resets: 75. 
TRIAL 26 COMPLETE ?
End Time: 2024-05-22 14:23:49
Total runtime for this trial (minutes/seconds): 44:06
----------------------------------------
Total hill visits: 655. 
Total prediction errors: 58. 
Total search depth: 6326680. 
Total times memory accessed: 101245217. 
Total times 25 >= t <= 50: 5. 
Total times 50 >= t <= 75: 1. 
Total times 75 >= t <= 100: 0. 
Total times t == 100: 3. 
Total time steps survived: 972. 
Total runtime so far (hours/minutes/seconds): 04:03:44
----------------------------------------

----------------------------------------
TRIAL 27 STARTED
----------------------------------------
Start Time: 2024-05-22 14:23:48
At time step 99 the agent is dead
The agent had 5 food, 16 water, and 25 sleep.
The total tree search depth for this trial was 1062128. 
The agent accessed its memory 16971370 times. 
The agent cleared its short-term memory 80 times. 
     State prediction error memory resets: 6. 
     Hill memory resets: 74. 
TRIAL 27 COMPLETE ?
End Time: 2024-05-22 15:04:17
Total runtime for this trial (minutes/seconds): 40:29
----------------------------------------
Total hill visits: 729. 
Total prediction errors: 64. 
Total search depth: 7388808. 
Total times memory accessed: 118216587. 
Total times 25 >= t <= 50: 5. 
Total times 50 >= t <= 75: 1. 
Total times 75 >= t <= 100: 0. 
Total times t == 100: 4. 
Total time steps survived: 1072. 
Total runtime so far (hours/minutes/seconds): 04:44:12
----------------------------------------

----------------------------------------
TRIAL 28 STARTED
----------------------------------------
Start Time: 2024-05-22 15:04:16
At time step 99 the agent is dead
The agent had 8 food, 14 water, and 12 sleep.
The total tree search depth for this trial was 934077. 
The agent accessed its memory 14933486 times. 
The agent cleared its short-term memory 79 times. 
     State prediction error memory resets: 4. 
     Hill memory resets: 75. 
TRIAL 28 COMPLETE ?
End Time: 2024-05-22 15:39:47
Total runtime for this trial (minutes/seconds): 35:31
----------------------------------------
Total hill visits: 804. 
Total prediction errors: 68. 
Total search depth: 8322885. 
Total times memory accessed: 133150073. 
Total times 25 >= t <= 50: 5. 
Total times 50 >= t <= 75: 1. 
Total times 75 >= t <= 100: 0. 
Total times t == 100: 5. 
Total time steps survived: 1172. 
Total runtime so far (hours/minutes/seconds): 05:19:42
----------------------------------------

----------------------------------------
TRIAL 29 STARTED
----------------------------------------
Start Time: 2024-05-22 15:39:46
At time step 99 the agent is dead
The agent had 12 food, 13 water, and 16 sleep.
The total tree search depth for this trial was 1017230. 
The agent accessed its memory 16388471 times. 
The agent cleared its short-term memory 75 times. 
     State prediction error memory resets: 9. 
     Hill memory resets: 66. 
TRIAL 29 COMPLETE ?
End Time: 2024-05-22 16:17:20
Total runtime for this trial (minutes/seconds): 37:34
----------------------------------------
Total hill visits: 870. 
Total prediction errors: 77. 
Total search depth: 9340115. 
Total times memory accessed: 149538544. 
Total times 25 >= t <= 50: 5. 
Total times 50 >= t <= 75: 1. 
Total times 75 >= t <= 100: 0. 
Total times t == 100: 6. 
Total time steps survived: 1272. 
Total runtime so far (hours/minutes/seconds): 05:57:15
----------------------------------------

----------------------------------------
TRIAL 30 STARTED
----------------------------------------
Start Time: 2024-05-22 16:17:19
At time step 99 the agent is dead
The agent had 10 food, 11 water, and 21 sleep.
The total tree search depth for this trial was 1045412. 
The agent accessed its memory 16798560 times. 
The agent cleared its short-term memory 79 times. 
     State prediction error memory resets: 6. 
     Hill memory resets: 73. 
TRIAL 30 COMPLETE ?
End Time: 2024-05-22 16:56:18
Total runtime for this trial (minutes/seconds): 38:59
----------------------------------------
Total hill visits: 943. 
Total prediction errors: 83. 
Total search depth: 10385527. 
Total times memory accessed: 166337104. 
Total times 25 >= t <= 50: 5. 
Total times 50 >= t <= 75: 1. 
Total times 75 >= t <= 100: 0. 
Total times t == 100: 7. 
Total time steps survived: 1372. 
Total runtime so far (hours/minutes/seconds): 06:36:13
----------------------------------------

----------------------------------------
TRIAL 31 STARTED
----------------------------------------
Start Time: 2024-05-22 16:56:17
At time step 99 the agent is dead
The agent had 9 food, 17 water, and 13 sleep.
The total tree search depth for this trial was 939443. 
The agent accessed its memory 15112221 times. 
The agent cleared its short-term memory 82 times. 
     State prediction error memory resets: 4. 
     Hill memory resets: 78. 
TRIAL 31 COMPLETE ?
End Time: 2024-05-22 17:31:08
Total runtime for this trial (minutes/seconds): 34:51
----------------------------------------
Total hill visits: 1021. 
Total prediction errors: 87. 
Total search depth: 11324970. 
Total times memory accessed: 181449325. 
Total times 25 >= t <= 50: 5. 
Total times 50 >= t <= 75: 1. 
Total times 75 >= t <= 100: 0. 
Total times t == 100: 8. 
Total time steps survived: 1472. 
Total runtime so far (hours/minutes/seconds): 07:11:03
----------------------------------------

----------------------------------------
TRIAL 32 STARTED
----------------------------------------
Start Time: 2024-05-22 17:31:07
At time step 28 the agent is dead
The agent had 20 food, 0 water, and 24 sleep.
The total tree search depth for this trial was 288560. 
The agent accessed its memory 4592774 times. 
The agent cleared its short-term memory 18 times. 
     State prediction error memory resets: 2. 
     Hill memory resets: 16. 
TRIAL 32 COMPLETE ?
End Time: 2024-05-22 17:42:18
Total runtime for this trial (minutes/seconds): 11:11
----------------------------------------
Total hill visits: 1037. 
Total prediction errors: 89. 
Total search depth: 11613530. 
Total times memory accessed: 186042099. 
Total times 25 >= t <= 50: 6. 
Total times 50 >= t <= 75: 1. 
Total times 75 >= t <= 100: 0. 
Total times t == 100: 8. 
Total time steps survived: 1501. 
Total runtime so far (hours/minutes/seconds): 07:22:13
----------------------------------------

----------------------------------------
TRIAL 33 STARTED
----------------------------------------
Start Time: 2024-05-22 17:42:17
At time step 99 the agent is dead
The agent had 11 food, 12 water, and 19 sleep.
The total tree search depth for this trial was 1082930. 
The agent accessed its memory 17459754 times. 
The agent cleared its short-term memory 80 times. 
     State prediction error memory resets: 7. 
     Hill memory resets: 73. 
TRIAL 33 COMPLETE ?
End Time: 2024-05-22 18:22:05
Total runtime for this trial (minutes/seconds): 39:48
----------------------------------------
Total hill visits: 1110. 
Total prediction errors: 96. 
Total search depth: 12696460. 
Total times memory accessed: 203501853. 
Total times 25 >= t <= 50: 6. 
Total times 50 >= t <= 75: 1. 
Total times 75 >= t <= 100: 0. 
Total times t == 100: 9. 
Total time steps survived: 1601. 
Total runtime so far (hours/minutes/seconds): 08:02:00
----------------------------------------

----------------------------------------
TRIAL 34 STARTED
----------------------------------------
Start Time: 2024-05-22 18:22:04
At time step 46 the agent is dead
The agent had 0 food, 16 water, and 23 sleep.
The total tree search depth for this trial was 549443. 
The agent accessed its memory 8790558 times. 
The agent cleared its short-term memory 35 times. 
     State prediction error memory resets: 2. 
     Hill memory resets: 33. 
TRIAL 34 COMPLETE ?
End Time: 2024-05-22 18:42:54
Total runtime for this trial (minutes/seconds): 20:50
----------------------------------------
Total hill visits: 1143. 
Total prediction errors: 98. 
Total search depth: 13245903. 
Total times memory accessed: 212292411. 
Total times 25 >= t <= 50: 7. 
Total times 50 >= t <= 75: 1. 
Total times 75 >= t <= 100: 0. 
Total times t == 100: 9. 
Total time steps survived: 1648. 
Total runtime so far (hours/minutes/seconds): 08:22:49
----------------------------------------

----------------------------------------
TRIAL 35 STARTED
----------------------------------------
Start Time: 2024-05-22 18:42:53
At time step 99 the agent is dead
The agent had 9 food, 10 water, and 19 sleep.
The total tree search depth for this trial was 1257677. 
The agent accessed its memory 20312546 times. 
The agent cleared its short-term memory 77 times. 
     State prediction error memory resets: 6. 
     Hill memory resets: 71. 
TRIAL 35 COMPLETE ?
End Time: 2024-05-22 19:28:52
Total runtime for this trial (minutes/seconds): 45:59
----------------------------------------
Total hill visits: 1214. 
Total prediction errors: 104. 
Total search depth: 14503580. 
Total times memory accessed: 232604957. 
Total times 25 >= t <= 50: 7. 
Total times 50 >= t <= 75: 1. 
Total times 75 >= t <= 100: 0. 
Total times t == 100: 10. 
Total time steps survived: 1748. 
Total runtime so far (hours/minutes/seconds): 09:08:47
----------------------------------------

----------------------------------------
TRIAL 36 STARTED
----------------------------------------
Start Time: 2024-05-22 19:28:51
At time step 99 the agent is dead
The agent had 8 food, 14 water, and 12 sleep.
The total tree search depth for this trial was 1085918. 
The agent accessed its memory 17554839 times. 
The agent cleared its short-term memory 77 times. 
     State prediction error memory resets: 3. 
     Hill memory resets: 74. 
TRIAL 36 COMPLETE ?
End Time: 2024-05-22 20:08:24
Total runtime for this trial (minutes/seconds): 39:33
----------------------------------------
Total hill visits: 1288. 
Total prediction errors: 107. 
Total search depth: 15589498. 
Total times memory accessed: 250159796. 
Total times 25 >= t <= 50: 7. 
Total times 50 >= t <= 75: 1. 
Total times 75 >= t <= 100: 0. 
Total times t == 100: 11. 
Total time steps survived: 1848. 
Total runtime so far (hours/minutes/seconds): 09:48:19
----------------------------------------

----------------------------------------
TRIAL 37 STARTED
----------------------------------------
Start Time: 2024-05-22 20:08:23
At time step 99 the agent is dead
The agent had 11 food, 8 water, and 15 sleep.
The total tree search depth for this trial was 1176888. 
The agent accessed its memory 19072668 times. 
The agent cleared its short-term memory 79 times. 
     State prediction error memory resets: 8. 
     Hill memory resets: 71. 
TRIAL 37 COMPLETE ?
End Time: 2024-05-22 20:50:50
Total runtime for this trial (minutes/seconds): 42:27
----------------------------------------
Total hill visits: 1359. 
Total prediction errors: 115. 
Total search depth: 16766386. 
Total times memory accessed: 269232464. 
Total times 25 >= t <= 50: 7. 
Total times 50 >= t <= 75: 1. 
Total times 75 >= t <= 100: 0. 
Total times t == 100: 12. 
Total time steps survived: 1948. 
Total runtime so far (hours/minutes/seconds): 10:30:45
----------------------------------------

----------------------------------------
TRIAL 38 STARTED
----------------------------------------
Start Time: 2024-05-22 20:50:49
At time step 99 the agent is dead
The agent had 13 food, 3 water, and 17 sleep.
The total tree search depth for this trial was 983649. 
The agent accessed its memory 15912453 times. 
The agent cleared its short-term memory 79 times. 
     State prediction error memory resets: 5. 
     Hill memory resets: 74. 
TRIAL 38 COMPLETE ?
End Time: 2024-05-22 21:26:33
Total runtime for this trial (minutes/seconds): 35:44
----------------------------------------
Total hill visits: 1433. 
Total prediction errors: 120. 
Total search depth: 17750035. 
Total times memory accessed: 285144917. 
Total times 25 >= t <= 50: 7. 
Total times 50 >= t <= 75: 1. 
Total times 75 >= t <= 100: 0. 
Total times t == 100: 13. 
Total time steps survived: 2048. 
Total runtime so far (hours/minutes/seconds): 11:06:28
----------------------------------------

----------------------------------------
TRIAL 39 STARTED
----------------------------------------
Start Time: 2024-05-22 21:26:32
At time step 23 the agent is dead
The agent had 0 food, 18 water, and 25 sleep.
The total tree search depth for this trial was 263711. 
The agent accessed its memory 4256082 times. 
The agent cleared its short-term memory 17 times. 
     State prediction error memory resets: 0. 
     Hill memory resets: 17. 
TRIAL 39 COMPLETE ?
End Time: 2024-05-22 21:36:12
Total runtime for this trial (minutes/seconds): 09:40
----------------------------------------
Total hill visits: 1450. 
Total prediction errors: 120. 
Total search depth: 18013746. 
Total times memory accessed: 289400999. 
Total times 25 >= t <= 50: 7. 
Total times 50 >= t <= 75: 1. 
Total times 75 >= t <= 100: 0. 
Total times t == 100: 13. 
Total time steps survived: 2072. 
Total runtime so far (hours/minutes/seconds): 11:16:07
----------------------------------------

----------------------------------------
TRIAL 40 STARTED
----------------------------------------
Start Time: 2024-05-22 21:36:11
At time step 86 the agent is dead
The agent had 0 food, 18 water, and 25 sleep.
The total tree search depth for this trial was 893231. 
The agent accessed its memory 14447006 times. 
The agent cleared its short-term memory 68 times. 
     State prediction error memory resets: 2. 
     Hill memory resets: 66. 
TRIAL 40 COMPLETE ?
End Time: 2024-05-22 22:08:39
Total runtime for this trial (minutes/seconds): 32:28
----------------------------------------
Total hill visits: 1516. 
Total prediction errors: 122. 
Total search depth: 18906977. 
Total times memory accessed: 303848005. 
Total times 25 >= t <= 50: 7. 
Total times 50 >= t <= 75: 1. 
Total times 75 >= t <= 100: 1. 
Total times t == 100: 13. 
Total time steps survived: 2159. 
Total runtime so far (hours/minutes/seconds): 11:48:34
----------------------------------------

----------------------------------------
TRIAL 41 STARTED
----------------------------------------
Start Time: 2024-05-22 22:08:38
At time step 99 the agent is dead
The agent had 9 food, 15 water, and 13 sleep.
The total tree search depth for this trial was 1124411. 
The agent accessed its memory 18162300 times. 
The agent cleared its short-term memory 81 times. 
     State prediction error memory resets: 4. 
     Hill memory resets: 77. 
TRIAL 41 COMPLETE ?
End Time: 2024-05-22 22:49:45
Total runtime for this trial (minutes/seconds): 41:07
----------------------------------------
Total hill visits: 1593. 
Total prediction errors: 126. 
Total search depth: 20031388. 
Total times memory accessed: 322010305. 
Total times 25 >= t <= 50: 7. 
Total times 50 >= t <= 75: 1. 
Total times 75 >= t <= 100: 1. 
Total times t == 100: 14. 
Total time steps survived: 2259. 
Total runtime so far (hours/minutes/seconds): 12:29:40
----------------------------------------

----------------------------------------
TRIAL 42 STARTED
----------------------------------------
Start Time: 2024-05-22 22:49:44
At time step 99 the agent is dead
The agent had 15 food, 16 water, and 19 sleep.
The total tree search depth for this trial was 1211793. 
The agent accessed its memory 19568288 times. 
The agent cleared its short-term memory 78 times. 
     State prediction error memory resets: 7. 
     Hill memory resets: 71. 
TRIAL 42 COMPLETE ?
End Time: 2024-05-22 23:33:59
Total runtime for this trial (minutes/seconds): 44:15
----------------------------------------
Total hill visits: 1664. 
Total prediction errors: 133. 
Total search depth: 21243181. 
Total times memory accessed: 341578593. 
Total times 25 >= t <= 50: 7. 
Total times 50 >= t <= 75: 1. 
Total times 75 >= t <= 100: 1. 
Total times t == 100: 15. 
Total time steps survived: 2359. 
Total runtime so far (hours/minutes/seconds): 13:13:54
----------------------------------------

----------------------------------------
TRIAL 43 STARTED
----------------------------------------
Start Time: 2024-05-22 23:33:58
At time step 99 the agent is dead
The agent had 11 food, 13 water, and 15 sleep.
The total tree search depth for this trial was 1621909. 
The agent accessed its memory 26515206 times. 
The agent cleared its short-term memory 78 times. 
     State prediction error memory resets: 8. 
     Hill memory resets: 70. 
TRIAL 43 COMPLETE ?
End Time: 2024-05-23 00:30:20
Total runtime for this trial (minutes/seconds): 56:22
----------------------------------------
Total hill visits: 1734. 
Total prediction errors: 141. 
Total search depth: 22865090. 
Total times memory accessed: 368093799. 
Total times 25 >= t <= 50: 7. 
Total times 50 >= t <= 75: 1. 
Total times 75 >= t <= 100: 1. 
Total times t == 100: 16. 
Total time steps survived: 2459. 
Total runtime so far (hours/minutes/seconds): 14:10:15
----------------------------------------

----------------------------------------
TRIAL 44 STARTED
----------------------------------------
Start Time: 2024-05-23 00:30:19
At time step 46 the agent is dead
The agent had 21 food, 0 water, and 25 sleep.
The total tree search depth for this trial was 786015. 
The agent accessed its memory 12806619 times. 
The agent cleared its short-term memory 35 times. 
     State prediction error memory resets: 2. 
     Hill memory resets: 33. 
TRIAL 44 COMPLETE ?
End Time: 2024-05-23 00:58:02
Total runtime for this trial (minutes/seconds): 27:43
----------------------------------------
Total hill visits: 1767. 
Total prediction errors: 143. 
Total search depth: 23651105. 
Total times memory accessed: 380900418. 
Total times 25 >= t <= 50: 8. 
Total times 50 >= t <= 75: 1. 
Total times 75 >= t <= 100: 1. 
Total times t == 100: 16. 
Total time steps survived: 2506. 
Total runtime so far (hours/minutes/seconds): 14:37:57
----------------------------------------

----------------------------------------
TRIAL 45 STARTED
----------------------------------------
Start Time: 2024-05-23 00:58:01
At time step 99 the agent is dead
The agent had 9 food, 18 water, and 25 sleep.
The total tree search depth for this trial was 1631508. 
The agent accessed its memory 26967058 times. 
The agent cleared its short-term memory 77 times. 
     State prediction error memory resets: 7. 
     Hill memory resets: 70. 
TRIAL 45 COMPLETE ?
End Time: 2024-05-23 01:52:03
Total runtime for this trial (minutes/seconds): 54:02
----------------------------------------
Total hill visits: 1837. 
Total prediction errors: 150. 
Total search depth: 25282613. 
Total times memory accessed: 407867476. 
Total times 25 >= t <= 50: 8. 
Total times 50 >= t <= 75: 1. 
Total times 75 >= t <= 100: 1. 
Total times t == 100: 17. 
Total time steps survived: 2606. 
Total runtime so far (hours/minutes/seconds): 15:31:58
----------------------------------------

----------------------------------------
TRIAL 46 STARTED
----------------------------------------
Start Time: 2024-05-23 01:52:02
At time step 99 the agent is dead
The agent had 10 food, 19 water, and 22 sleep.
The total tree search depth for this trial was 1434999. 
The agent accessed its memory 23752908 times. 
The agent cleared its short-term memory 70 times. 
     State prediction error memory resets: 4. 
     Hill memory resets: 66. 
TRIAL 46 COMPLETE ?
End Time: 2024-05-23 02:39:15
Total runtime for this trial (minutes/seconds): 47:13
----------------------------------------
Total hill visits: 1903. 
Total prediction errors: 154. 
Total search depth: 26717612. 
Total times memory accessed: 431620384. 
Total times 25 >= t <= 50: 8. 
Total times 50 >= t <= 75: 1. 
Total times 75 >= t <= 100: 1. 
Total times t == 100: 18. 
Total time steps survived: 2706. 
Total runtime so far (hours/minutes/seconds): 16:19:10
----------------------------------------

----------------------------------------
TRIAL 47 STARTED
----------------------------------------
Start Time: 2024-05-23 02:39:14
At time step 99 the agent is dead
The agent had 12 food, 14 water, and 16 sleep.
The total tree search depth for this trial was 1977000. 
The agent accessed its memory 32587878 times. 
The agent cleared its short-term memory 80 times. 
     State prediction error memory resets: 5. 
     Hill memory resets: 75. 
TRIAL 47 COMPLETE ?
End Time: 2024-05-23 03:45:35
Total runtime for this trial (minutes/seconds): 06:21
----------------------------------------
Total hill visits: 1978. 
Total prediction errors: 159. 
Total search depth: 28694612. 
Total times memory accessed: 464208262. 
Total times 25 >= t <= 50: 8. 
Total times 50 >= t <= 75: 1. 
Total times 75 >= t <= 100: 1. 
Total times t == 100: 19. 
Total time steps survived: 2806. 
Total runtime so far (hours/minutes/seconds): 17:25:30
----------------------------------------

----------------------------------------
TRIAL 48 STARTED
----------------------------------------
Start Time: 2024-05-23 03:45:34
At time step 99 the agent is dead
The agent had 9 food, 13 water, and 13 sleep.
The total tree search depth for this trial was 1897833. 
The agent accessed its memory 31547628 times. 
The agent cleared its short-term memory 76 times. 
     State prediction error memory resets: 5. 
     Hill memory resets: 71. 
TRIAL 48 COMPLETE ?
End Time: 2024-05-23 04:46:53
Total runtime for this trial (minutes/seconds): 01:19
----------------------------------------
Total hill visits: 2049. 
Total prediction errors: 164. 
Total search depth: 30592445. 
Total times memory accessed: 495755890. 
Total times 25 >= t <= 50: 8. 
Total times 50 >= t <= 75: 1. 
Total times 75 >= t <= 100: 1. 
Total times t == 100: 20. 
Total time steps survived: 2906. 
Total runtime so far (hours/minutes/seconds): 18:26:48
----------------------------------------

----------------------------------------
TRIAL 49 STARTED
----------------------------------------
Start Time: 2024-05-23 04:46:52
At time step 99 the agent is dead
The agent had 17 food, 18 water, and 21 sleep.
The total tree search depth for this trial was 1933205. 
The agent accessed its memory 32228952 times. 
The agent cleared its short-term memory 73 times. 
     State prediction error memory resets: 6. 
     Hill memory resets: 67. 
TRIAL 49 COMPLETE ?
End Time: 2024-05-23 05:48:25
Total runtime for this trial (minutes/seconds): 01:33
----------------------------------------
Total hill visits: 2116. 
Total prediction errors: 170. 
Total search depth: 32525650. 
Total times memory accessed: 527984842. 
Total times 25 >= t <= 50: 8. 
Total times 50 >= t <= 75: 1. 
Total times 75 >= t <= 100: 1. 
Total times t == 100: 21. 
Total time steps survived: 3006. 
Total runtime so far (hours/minutes/seconds): 19:28:20
----------------------------------------

----------------------------------------
TRIAL 50 STARTED
----------------------------------------
Start Time: 2024-05-23 05:48:24
At time step 99 the agent is dead
The agent had 10 food, 4 water, and 14 sleep.
The total tree search depth for this trial was 2026599. 
The agent accessed its memory 33580535 times. 
The agent cleared its short-term memory 77 times. 
     State prediction error memory resets: 3. 
     Hill memory resets: 74. 
TRIAL 50 COMPLETE ?
End Time: 2024-05-23 06:55:01
Total runtime for this trial (minutes/seconds): 06:37
----------------------------------------
Total hill visits: 2190. 
Total prediction errors: 173. 
Total search depth: 34552249. 
Total times memory accessed: 561565377. 
Total times 25 >= t <= 50: 8. 
Total times 50 >= t <= 75: 1. 
Total times 75 >= t <= 100: 1. 
Total times t == 100: 22. 
Total time steps survived: 3106. 
Total runtime so far (hours/minutes/seconds): 20:34:56
----------------------------------------

----------------------------------------
TRIAL 51 STARTED
----------------------------------------
Start Time: 2024-05-23 06:55:00
At time step 99 the agent is dead
The agent had 13 food, 17 water, and 17 sleep.
The total tree search depth for this trial was 1872782. 
The agent accessed its memory 31186461 times. 
The agent cleared its short-term memory 85 times. 
     State prediction error memory resets: 11. 
     Hill memory resets: 74. 
TRIAL 51 COMPLETE ?
End Time: 2024-05-23 07:55:06
Total runtime for this trial (minutes/seconds): 00:06
----------------------------------------
Total hill visits: 2264. 
Total prediction errors: 184. 
Total search depth: 36425031. 
Total times memory accessed: 592751838. 
Total times 25 >= t <= 50: 8. 
Total times 50 >= t <= 75: 1. 
Total times 75 >= t <= 100: 1. 
Total times t == 100: 23. 
Total time steps survived: 3206. 
Total runtime so far (hours/minutes/seconds): 21:35:01
----------------------------------------

----------------------------------------
TRIAL 52 STARTED
----------------------------------------
Start Time: 2024-05-23 07:55:05
At time step 99 the agent is dead
The agent had 11 food, 3 water, and 15 sleep.
The total tree search depth for this trial was 1803380. 
The agent accessed its memory 30012539 times. 
The agent cleared its short-term memory 85 times. 
     State prediction error memory resets: 7. 
     Hill memory resets: 78. 
TRIAL 52 COMPLETE ?
End Time: 2024-05-23 08:53:03
Total runtime for this trial (minutes/seconds): 57:58
----------------------------------------
Total hill visits: 2342. 
Total prediction errors: 191. 
Total search depth: 38228411. 
Total times memory accessed: 622764377. 
Total times 25 >= t <= 50: 8. 
Total times 50 >= t <= 75: 1. 
Total times 75 >= t <= 100: 1. 
Total times t == 100: 24. 
Total time steps survived: 3306. 
Total runtime so far (hours/minutes/seconds): 22:32:58
----------------------------------------

----------------------------------------
TRIAL 53 STARTED
----------------------------------------
Start Time: 2024-05-23 08:53:02
At time step 99 the agent is dead
The agent had 12 food, 15 water, and 16 sleep.
The total tree search depth for this trial was 1941287. 
The agent accessed its memory 32187486 times. 
The agent cleared its short-term memory 79 times. 
     State prediction error memory resets: 4. 
     Hill memory resets: 75. 
TRIAL 53 COMPLETE ?
End Time: 2024-05-23 09:56:39
Total runtime for this trial (minutes/seconds): 03:37
----------------------------------------
Total hill visits: 2417. 
Total prediction errors: 195. 
Total search depth: 40169698. 
Total times memory accessed: 654951863. 
Total times 25 >= t <= 50: 8. 
Total times 50 >= t <= 75: 1. 
Total times 75 >= t <= 100: 1. 
Total times t == 100: 25. 
Total time steps survived: 3406. 
Total runtime so far (hours/minutes/seconds): 23:36:34
----------------------------------------

----------------------------------------
TRIAL 54 STARTED
----------------------------------------
Start Time: 2024-05-23 09:56:38
At time step 99 the agent is dead
The agent had 16 food, 19 water, and 20 sleep.
The total tree search depth for this trial was 1955492. 
The agent accessed its memory 32518854 times. 
The agent cleared its short-term memory 78 times. 
     State prediction error memory resets: 8. 
     Hill memory resets: 70. 
TRIAL 54 COMPLETE ?
End Time: 2024-05-23 10:58:31
Total runtime for this trial (minutes/seconds): 01:53
----------------------------------------
Total hill visits: 2487. 
Total prediction errors: 203. 
Total search depth: 42125190. 
Total times memory accessed: 687470717. 
Total times 25 >= t <= 50: 8. 
Total times 50 >= t <= 75: 1. 
Total times 75 >= t <= 100: 1. 
Total times t == 100: 26. 
Total time steps survived: 3506. 
Total runtime so far (hours/minutes/seconds): 24:38:26
----------------------------------------

----------------------------------------
TRIAL 55 STARTED
----------------------------------------
Start Time: 2024-05-23 10:58:30
At time step 99 the agent is dead
The agent had 12 food, 13 water, and 16 sleep.
The total tree search depth for this trial was 2115177. 
The agent accessed its memory 35051322 times. 
The agent cleared its short-term memory 80 times. 
     State prediction error memory resets: 5. 
     Hill memory resets: 75. 
TRIAL 55 COMPLETE ?
End Time: 2024-05-23 12:05:34
Total runtime for this trial (minutes/seconds): 07:04
----------------------------------------
Total hill visits: 2562. 
Total prediction errors: 208. 
Total search depth: 44240367. 
Total times memory accessed: 722522039. 
Total times 25 >= t <= 50: 8. 
Total times 50 >= t <= 75: 1. 
Total times 75 >= t <= 100: 1. 
Total times t == 100: 27. 
Total time steps survived: 3606. 
Total runtime so far (hours/minutes/seconds): 25:45:29
----------------------------------------

----------------------------------------
TRIAL 56 STARTED
----------------------------------------
Start Time: 2024-05-23 12:05:33
At time step 99 the agent is dead
The agent had 11 food, 17 water, and 15 sleep.
The total tree search depth for this trial was 1862339. 
The agent accessed its memory 31019659 times. 
The agent cleared its short-term memory 81 times. 
     State prediction error memory resets: 3. 
     Hill memory resets: 78. 
TRIAL 56 COMPLETE ?
End Time: 2024-05-23 13:03:02
Total runtime for this trial (minutes/seconds): 57:29
----------------------------------------
Total hill visits: 2640. 
Total prediction errors: 211. 
Total search depth: 46102706. 
Total times memory accessed: 753541698. 
Total times 25 >= t <= 50: 8. 
Total times 50 >= t <= 75: 1. 
Total times 75 >= t <= 100: 1. 
Total times t == 100: 28. 
Total time steps survived: 3706. 
Total runtime so far (hours/minutes/seconds): 26:42:57
----------------------------------------

----------------------------------------
TRIAL 57 STARTED
----------------------------------------
Start Time: 2024-05-23 13:03:01
At time step 99 the agent is dead
The agent had 9 food, 15 water, and 13 sleep.
The total tree search depth for this trial was 1963133. 
The agent accessed its memory 32781266 times. 
The agent cleared its short-term memory 80 times. 
     State prediction error memory resets: 4. 
     Hill memory resets: 76. 
TRIAL 57 COMPLETE ?
End Time: 2024-05-23 14:03:23
Total runtime for this trial (minutes/seconds): 00:22
----------------------------------------
Total hill visits: 2716. 
Total prediction errors: 215. 
Total search depth: 48065839. 
Total times memory accessed: 786322964. 
Total times 25 >= t <= 50: 8. 
Total times 50 >= t <= 75: 1. 
Total times 75 >= t <= 100: 1. 
Total times t == 100: 29. 
Total time steps survived: 3806. 
Total runtime so far (hours/minutes/seconds): 27:43:18
----------------------------------------

----------------------------------------
TRIAL 58 STARTED
----------------------------------------
Start Time: 2024-05-23 14:03:22
At time step 99 the agent is dead
The agent had 11 food, 3 water, and 15 sleep.
The total tree search depth for this trial was 1824580. 
The agent accessed its memory 30347178 times. 
The agent cleared its short-term memory 80 times. 
     State prediction error memory resets: 4. 
     Hill memory resets: 76. 
TRIAL 58 COMPLETE ?
End Time: 2024-05-23 15:02:07
Total runtime for this trial (minutes/seconds): 58:45
----------------------------------------
Total hill visits: 2792. 
Total prediction errors: 219. 
Total search depth: 49890419. 
Total times memory accessed: 816670142. 
Total times 25 >= t <= 50: 8. 
Total times 50 >= t <= 75: 1. 
Total times 75 >= t <= 100: 1. 
Total times t == 100: 30. 
Total time steps survived: 3906. 
Total runtime so far (hours/minutes/seconds): 28:42:02
----------------------------------------

----------------------------------------
TRIAL 59 STARTED
----------------------------------------
Start Time: 2024-05-23 15:02:06
At time step 99 the agent is dead
The agent had 11 food, 5 water, and 15 sleep.
The total tree search depth for this trial was 2112151. 
The agent accessed its memory 34870293 times. 
The agent cleared its short-term memory 83 times. 
     State prediction error memory resets: 5. 
     Hill memory resets: 78. 
TRIAL 59 COMPLETE ?
End Time: 2024-05-23 16:12:39
Total runtime for this trial (minutes/seconds): 10:33
----------------------------------------
Total hill visits: 2870. 
Total prediction errors: 224. 
Total search depth: 52002570. 
Total times memory accessed: 851540435. 
Total times 25 >= t <= 50: 8. 
Total times 50 >= t <= 75: 1. 
Total times 75 >= t <= 100: 1. 
Total times t == 100: 31. 
Total time steps survived: 4006. 
Total runtime so far (hours/minutes/seconds): 29:52:34
----------------------------------------

----------------------------------------
TRIAL 60 STARTED
----------------------------------------
Start Time: 2024-05-23 16:12:38
At time step 99 the agent is dead
The agent had 12 food, 19 water, and 16 sleep.
The total tree search depth for this trial was 1728400. 
The agent accessed its memory 28751747 times. 
The agent cleared its short-term memory 83 times. 
     State prediction error memory resets: 8. 
     Hill memory resets: 75. 
TRIAL 60 COMPLETE ?
End Time: 2024-05-23 17:08:23
Total runtime for this trial (minutes/seconds): 55:45
----------------------------------------
Total hill visits: 2945. 
Total prediction errors: 232. 
Total search depth: 53730970. 
Total times memory accessed: 880292182. 
Total times 25 >= t <= 50: 8. 
Total times 50 >= t <= 75: 1. 
Total times 75 >= t <= 100: 1. 
Total times t == 100: 32. 
Total time steps survived: 4106. 
Total runtime so far (hours/minutes/seconds): 30:48:18
----------------------------------------

----------------------------------------
TRIAL 61 STARTED
----------------------------------------
Start Time: 2024-05-23 17:08:22
At time step 99 the agent is dead
The agent had 9 food, 13 water, and 13 sleep.
The total tree search depth for this trial was 1864262. 
The agent accessed its memory 31054552 times. 
The agent cleared its short-term memory 77 times. 
     State prediction error memory resets: 1. 
     Hill memory resets: 76. 
TRIAL 61 COMPLETE ?
End Time: 2024-05-23 18:08:05
Total runtime for this trial (minutes/seconds): 59:43
----------------------------------------
Total hill visits: 3021. 
Total prediction errors: 233. 
Total search depth: 55595232. 
Total times memory accessed: 911346734. 
Total times 25 >= t <= 50: 8. 
Total times 50 >= t <= 75: 1. 
Total times 75 >= t <= 100: 1. 
Total times t == 100: 33. 
Total time steps survived: 4206. 
Total runtime so far (hours/minutes/seconds): 31:48:00
----------------------------------------

----------------------------------------
TRIAL 62 STARTED
----------------------------------------
Start Time: 2024-05-23 18:08:04
At time step 99 the agent is dead
The agent had 15 food, 18 water, and 19 sleep.
The total tree search depth for this trial was 1985119. 
The agent accessed its memory 33032053 times. 
The agent cleared its short-term memory 77 times. 
     State prediction error memory resets: 5. 
     Hill memory resets: 72. 
TRIAL 62 COMPLETE ?
End Time: 2024-05-23 19:11:58
Total runtime for this trial (minutes/seconds): 03:54
----------------------------------------
Total hill visits: 3093. 
Total prediction errors: 238. 
Total search depth: 57580351. 
Total times memory accessed: 944378787. 
Total times 25 >= t <= 50: 8. 
Total times 50 >= t <= 75: 1. 
Total times 75 >= t <= 100: 1. 
Total times t == 100: 34. 
Total time steps survived: 4306. 
Total runtime so far (hours/minutes/seconds): 32:51:53
----------------------------------------

----------------------------------------
TRIAL 63 STARTED
----------------------------------------
Start Time: 2024-05-23 19:11:57
At time step 99 the agent is dead
The agent had 10 food, 15 water, and 14 sleep.
The total tree search depth for this trial was 2049448. 
The agent accessed its memory 34055723 times. 
The agent cleared its short-term memory 80 times. 
     State prediction error memory resets: 4. 
     Hill memory resets: 76. 
TRIAL 63 COMPLETE ?
End Time: 2024-05-23 20:18:24
Total runtime for this trial (minutes/seconds): 06:27
----------------------------------------
Total hill visits: 3169. 
Total prediction errors: 242. 
Total search depth: 59629799. 
Total times memory accessed: 978434510. 
Total times 25 >= t <= 50: 8. 
Total times 50 >= t <= 75: 1. 
Total times 75 >= t <= 100: 1. 
Total times t == 100: 35. 
Total time steps survived: 4406. 
Total runtime so far (hours/minutes/seconds): 33:58:19
----------------------------------------

----------------------------------------
TRIAL 64 STARTED
----------------------------------------
Start Time: 2024-05-23 20:18:23
At time step 99 the agent is dead
The agent had 8 food, 17 water, and 12 sleep.
The total tree search depth for this trial was 1778226. 
The agent accessed its memory 29529759 times. 
The agent cleared its short-term memory 80 times. 
     State prediction error memory resets: 3. 
     Hill memory resets: 77. 
TRIAL 64 COMPLETE ?
End Time: 2024-05-23 21:16:09
Total runtime for this trial (minutes/seconds): 57:46
----------------------------------------
Total hill visits: 3246. 
Total prediction errors: 245. 
Total search depth: 61408025. 
Total times memory accessed: 1007964269. 
Total times 25 >= t <= 50: 8. 
Total times 50 >= t <= 75: 1. 
Total times 75 >= t <= 100: 1. 
Total times t == 100: 36. 
Total time steps survived: 4506. 
Total runtime so far (hours/minutes/seconds): 34:56:04
----------------------------------------

----------------------------------------
TRIAL 65 STARTED
----------------------------------------
Start Time: 2024-05-23 21:16:08
At time step 99 the agent is dead
The agent had 10 food, 13 water, and 14 sleep.
The total tree search depth for this trial was 2283703. 
The agent accessed its memory 37886537 times. 
The agent cleared its short-term memory 84 times. 
     State prediction error memory resets: 7. 
     Hill memory resets: 77. 
TRIAL 65 COMPLETE ?
End Time: 2024-05-23 22:30:45
Total runtime for this trial (minutes/seconds): 14:37
----------------------------------------
Total hill visits: 3323. 
Total prediction errors: 252. 
Total search depth: 63691728. 
Total times memory accessed: 1045850806. 
Total times 25 >= t <= 50: 8. 
Total times 50 >= t <= 75: 1. 
Total times 75 >= t <= 100: 1. 
Total times t == 100: 37. 
Total time steps survived: 4606. 
Total runtime so far (hours/minutes/seconds): 36:10:40
----------------------------------------

----------------------------------------
TRIAL 66 STARTED
----------------------------------------
Start Time: 2024-05-23 22:30:44
At time step 99 the agent is dead
The agent had 12 food, 20 water, and 16 sleep.
The total tree search depth for this trial was 1908304. 
The agent accessed its memory 31843113 times. 
The agent cleared its short-term memory 74 times. 
     State prediction error memory resets: 7. 
     Hill memory resets: 67. 
TRIAL 66 COMPLETE ?
End Time: 2024-05-23 23:31:16
Total runtime for this trial (minutes/seconds): 00:32
----------------------------------------
Total hill visits: 3390. 
Total prediction errors: 259. 
Total search depth: 65600032. 
Total times memory accessed: 1077693919. 
Total times 25 >= t <= 50: 8. 
Total times 50 >= t <= 75: 1. 
Total times 75 >= t <= 100: 1. 
Total times t == 100: 38. 
Total time steps survived: 4706. 
Total runtime so far (hours/minutes/seconds): 37:11:11
----------------------------------------

----------------------------------------
TRIAL 67 STARTED
----------------------------------------
Start Time: 2024-05-23 23:31:15
At time step 99 the agent is dead
The agent had 10 food, 15 water, and 14 sleep.
The total tree search depth for this trial was 2013521. 
The agent accessed its memory 33721721 times. 
The agent cleared its short-term memory 81 times. 
     State prediction error memory resets: 6. 
     Hill memory resets: 75. 
TRIAL 67 COMPLETE ?
End Time: 2024-05-24 00:34:03
Total runtime for this trial (minutes/seconds): 02:48
----------------------------------------
Total hill visits: 3465. 
Total prediction errors: 265. 
Total search depth: 67613553. 
Total times memory accessed: 1111415640. 
Total times 25 >= t <= 50: 8. 
Total times 50 >= t <= 75: 1. 
Total times 75 >= t <= 100: 1. 
Total times t == 100: 39. 
Total time steps survived: 4806. 
Total runtime so far (hours/minutes/seconds): 38:13:58
----------------------------------------

----------------------------------------
TRIAL 68 STARTED
----------------------------------------
Start Time: 2024-05-24 00:34:02
At time step 99 the agent is dead
The agent had 14 food, 19 water, and 18 sleep.
The total tree search depth for this trial was 1792150. 
The agent accessed its memory 29951796 times. 
The agent cleared its short-term memory 74 times. 
     State prediction error memory resets: 3. 
     Hill memory resets: 71. 
TRIAL 68 COMPLETE ?
End Time: 2024-05-24 01:30:28
Total runtime for this trial (minutes/seconds): 56:26
----------------------------------------
Total hill visits: 3536. 
Total prediction errors: 268. 
Total search depth: 69405703. 
Total times memory accessed: 1141367436. 
Total times 25 >= t <= 50: 8. 
Total times 50 >= t <= 75: 1. 
Total times 75 >= t <= 100: 1. 
Total times t == 100: 40. 
Total time steps survived: 4906. 
Total runtime so far (hours/minutes/seconds): 39:10:23
----------------------------------------

----------------------------------------
TRIAL 69 STARTED
----------------------------------------
Start Time: 2024-05-24 01:30:27
At time step 99 the agent is dead
The agent had 12 food, 18 water, and 16 sleep.
The total tree search depth for this trial was 1964582. 
The agent accessed its memory 32552418 times. 
The agent cleared its short-term memory 78 times. 
     State prediction error memory resets: 2. 
     Hill memory resets: 76. 
TRIAL 69 COMPLETE ?
End Time: 2024-05-24 02:34:57
Total runtime for this trial (minutes/seconds): 04:30
----------------------------------------
Total hill visits: 3612. 
Total prediction errors: 270. 
Total search depth: 71370285. 
Total times memory accessed: 1173919854. 
Total times 25 >= t <= 50: 8. 
Total times 50 >= t <= 75: 1. 
Total times 75 >= t <= 100: 1. 
Total times t == 100: 41. 
Total time steps survived: 5006. 
Total runtime so far (hours/minutes/seconds): 40:14:52
----------------------------------------

----------------------------------------
TRIAL 70 STARTED
----------------------------------------
Start Time: 2024-05-24 02:34:56
At time step 99 the agent is dead
The agent had 16 food, 13 water, and 20 sleep.
The total tree search depth for this trial was 2358735. 
The agent accessed its memory 39044428 times. 
The agent cleared its short-term memory 82 times. 
     State prediction error memory resets: 8. 
     Hill memory resets: 74. 
TRIAL 70 COMPLETE ?
End Time: 2024-05-24 03:52:47
Total runtime for this trial (minutes/seconds): 17:51
----------------------------------------
Total hill visits: 3686. 
Total prediction errors: 278. 
Total search depth: 73729020. 
Total times memory accessed: 1212964282. 
Total times 25 >= t <= 50: 8. 
Total times 50 >= t <= 75: 1. 
Total times 75 >= t <= 100: 1. 
Total times t == 100: 42. 
Total time steps survived: 5106. 
Total runtime so far (hours/minutes/seconds): 41:32:42
----------------------------------------

----------------------------------------
TRIAL 71 STARTED
----------------------------------------
Start Time: 2024-05-24 03:52:46
At time step 99 the agent is dead
The agent had 11 food, 15 water, and 15 sleep.
The total tree search depth for this trial was 1803247. 
The agent accessed its memory 30104688 times. 
The agent cleared its short-term memory 79 times. 
     State prediction error memory resets: 3. 
     Hill memory resets: 76. 
TRIAL 71 COMPLETE ?
End Time: 2024-05-24 04:49:55
Total runtime for this trial (minutes/seconds): 57:09
----------------------------------------
Total hill visits: 3762. 
Total prediction errors: 281. 
Total search depth: 75532267. 
Total times memory accessed: 1243068970. 
Total times 25 >= t <= 50: 8. 
Total times 50 >= t <= 75: 1. 
Total times 75 >= t <= 100: 1. 
Total times t == 100: 43. 
Total time steps survived: 5206. 
Total runtime so far (hours/minutes/seconds): 42:29:50
----------------------------------------

----------------------------------------
TRIAL 72 STARTED
----------------------------------------
Start Time: 2024-05-24 04:49:54
At time step 99 the agent is dead
The agent had 15 food, 16 water, and 19 sleep.
The total tree search depth for this trial was 2076654. 
The agent accessed its memory 34625005 times. 
The agent cleared its short-term memory 73 times. 
     State prediction error memory resets: 3. 
     Hill memory resets: 70. 
TRIAL 72 COMPLETE ?
End Time: 2024-05-24 05:56:08
Total runtime for this trial (minutes/seconds): 06:14
----------------------------------------
Total hill visits: 3832. 
Total prediction errors: 284. 
Total search depth: 77608921. 
Total times memory accessed: 1277693975. 
Total times 25 >= t <= 50: 8. 
Total times 50 >= t <= 75: 1. 
Total times 75 >= t <= 100: 1. 
Total times t == 100: 44. 
Total time steps survived: 5306. 
Total runtime so far (hours/minutes/seconds): 43:36:03
----------------------------------------

----------------------------------------
TRIAL 73 STARTED
----------------------------------------
Start Time: 2024-05-24 05:56:07
At time step 99 the agent is dead
The agent had 18 food, 15 water, and 24 sleep.
The total tree search depth for this trial was 1921404. 
The agent accessed its memory 32016571 times. 
The agent cleared its short-term memory 74 times. 
     State prediction error memory resets: 5. 
     Hill memory resets: 69. 
TRIAL 73 COMPLETE ?
End Time: 2024-05-24 06:57:34
Total runtime for this trial (minutes/seconds): 01:27
----------------------------------------
Total hill visits: 3901. 
Total prediction errors: 289. 
Total search depth: 79530325. 
Total times memory accessed: 1309710546. 
Total times 25 >= t <= 50: 8. 
Total times 50 >= t <= 75: 1. 
Total times 75 >= t <= 100: 1. 
Total times t == 100: 45. 
Total time steps survived: 5406. 
Total runtime so far (hours/minutes/seconds): 44:37:29
----------------------------------------

----------------------------------------
TRIAL 74 STARTED
----------------------------------------
Start Time: 2024-05-24 06:57:33
At time step 99 the agent is dead
The agent had 9 food, 17 water, and 13 sleep.
The total tree search depth for this trial was 2027642. 
The agent accessed its memory 33836814 times. 
The agent cleared its short-term memory 85 times. 
     State prediction error memory resets: 8. 
     Hill memory resets: 77. 
TRIAL 74 COMPLETE ?
End Time: 2024-05-24 08:01:59
Total runtime for this trial (minutes/seconds): 04:26
----------------------------------------
Total hill visits: 3978. 
Total prediction errors: 297. 
Total search depth: 81557967. 
Total times memory accessed: 1343547360. 
Total times 25 >= t <= 50: 8. 
Total times 50 >= t <= 75: 1. 
Total times 75 >= t <= 100: 1. 
Total times t == 100: 46. 
Total time steps survived: 5506. 
Total runtime so far (hours/minutes/seconds): 45:41:54
----------------------------------------

----------------------------------------
TRIAL 75 STARTED
----------------------------------------
Start Time: 2024-05-24 08:01:58
At time step 99 the agent is dead
The agent had 15 food, 18 water, and 19 sleep.
The total tree search depth for this trial was 1984520. 
The agent accessed its memory 33113759 times. 
The agent cleared its short-term memory 74 times. 
     State prediction error memory resets: 10. 
     Hill memory resets: 64. 
TRIAL 75 COMPLETE ?
End Time: 2024-05-24 09:05:00
Total runtime for this trial (minutes/seconds): 03:02
----------------------------------------
Total hill visits: 4042. 
Total prediction errors: 307. 
Total search depth: 83542487. 
Total times memory accessed: 1376661119. 
Total times 25 >= t <= 50: 8. 
Total times 50 >= t <= 75: 1. 
Total times 75 >= t <= 100: 1. 
Total times t == 100: 47. 
Total time steps survived: 5606. 
Total runtime so far (hours/minutes/seconds): 46:44:55
----------------------------------------

----------------------------------------
TRIAL 76 STARTED
----------------------------------------
Start Time: 2024-05-24 09:04:59
At time step 99 the agent is dead
The agent had 10 food, 19 water, and 14 sleep.
The total tree search depth for this trial was 1937584. 
The agent accessed its memory 32368665 times. 
The agent cleared its short-term memory 79 times. 
     State prediction error memory resets: 6. 
     Hill memory resets: 73. 
TRIAL 76 COMPLETE ?
End Time: 2024-05-24 10:04:37
Total runtime for this trial (minutes/seconds): 59:38
----------------------------------------
Total hill visits: 4115. 
Total prediction errors: 313. 
Total search depth: 85480071. 
Total times memory accessed: 1409029784. 
Total times 25 >= t <= 50: 8. 
Total times 50 >= t <= 75: 1. 
Total times 75 >= t <= 100: 1. 
Total times t == 100: 48. 
Total time steps survived: 5706. 
Total runtime so far (hours/minutes/seconds): 47:44:32
----------------------------------------

----------------------------------------
TRIAL 77 STARTED
----------------------------------------
Start Time: 2024-05-24 10:04:36
At time step 99 the agent is dead
The agent had 10 food, 13 water, and 14 sleep.
The total tree search depth for this trial was 1889594. 
The agent accessed its memory 31733167 times. 
The agent cleared its short-term memory 79 times. 
     State prediction error memory resets: 5. 
     Hill memory resets: 74. 
TRIAL 77 COMPLETE ?
End Time: 2024-05-24 11:01:50
Total runtime for this trial (minutes/seconds): 57:14
----------------------------------------
Total hill visits: 4189. 
Total prediction errors: 318. 
Total search depth: 87369665. 
Total times memory accessed: 1440762951. 
Total times 25 >= t <= 50: 8. 
Total times 50 >= t <= 75: 1. 
Total times 75 >= t <= 100: 1. 
Total times t == 100: 49. 
Total time steps survived: 5806. 
Total runtime so far (hours/minutes/seconds): 48:41:45
----------------------------------------

----------------------------------------
TRIAL 78 STARTED
----------------------------------------
Start Time: 2024-05-24 11:01:49
At time step 99 the agent is dead
The agent had 11 food, 12 water, and 15 sleep.
The total tree search depth for this trial was 1967194. 
The agent accessed its memory 32936262 times. 
The agent cleared its short-term memory 83 times. 
     State prediction error memory resets: 7. 
     Hill memory resets: 76. 
TRIAL 78 COMPLETE ?
End Time: 2024-05-24 12:03:16
Total runtime for this trial (minutes/seconds): 01:27
----------------------------------------
Total hill visits: 4265. 
Total prediction errors: 325. 
Total search depth: 89336859. 
Total times memory accessed: 1473699213. 
Total times 25 >= t <= 50: 8. 
Total times 50 >= t <= 75: 1. 
Total times 75 >= t <= 100: 1. 
Total times t == 100: 50. 
Total time steps survived: 5906. 
Total runtime so far (hours/minutes/seconds): 49:43:11
----------------------------------------

----------------------------------------
TRIAL 79 STARTED
----------------------------------------
Start Time: 2024-05-24 12:03:15
At time step 99 the agent is dead
The agent had 11 food, 18 water, and 15 sleep.
The total tree search depth for this trial was 1988554. 
The agent accessed its memory 33275093 times. 
The agent cleared its short-term memory 77 times. 
     State prediction error memory resets: 4. 
     Hill memory resets: 73. 
TRIAL 79 COMPLETE ?
End Time: 2024-05-24 13:05:35
Total runtime for this trial (minutes/seconds): 02:20
----------------------------------------
Total hill visits: 4338. 
Total prediction errors: 329. 
Total search depth: 91325413. 
Total times memory accessed: 1506974306. 
Total times 25 >= t <= 50: 8. 
Total times 50 >= t <= 75: 1. 
Total times 75 >= t <= 100: 1. 
Total times t == 100: 51. 
Total time steps survived: 6006. 
Total runtime so far (hours/minutes/seconds): 50:45:30
----------------------------------------

----------------------------------------
TRIAL 80 STARTED
----------------------------------------
Start Time: 2024-05-24 13:05:34
At time step 99 the agent is dead
The agent had 13 food, 7 water, and 25 sleep.
The total tree search depth for this trial was 2300944. 
The agent accessed its memory 38604743 times. 
The agent cleared its short-term memory 76 times. 
     State prediction error memory resets: 2. 
     Hill memory resets: 74. 
TRIAL 80 COMPLETE ?
End Time: 2024-05-24 14:16:44
Total runtime for this trial (minutes/seconds): 11:10
----------------------------------------
Total hill visits: 4412. 
Total prediction errors: 331. 
Total search depth: 93626357. 
Total times memory accessed: 1545579049. 
Total times 25 >= t <= 50: 8. 
Total times 50 >= t <= 75: 1. 
Total times 75 >= t <= 100: 1. 
Total times t == 100: 52. 
Total time steps survived: 6106. 
Total runtime so far (hours/minutes/seconds): 51:56:39
----------------------------------------

----------------------------------------
TRIAL 81 STARTED
----------------------------------------
Start Time: 2024-05-24 14:16:43
At time step 99 the agent is dead
The agent had 10 food, 11 water, and 22 sleep.
The total tree search depth for this trial was 2227672. 
The agent accessed its memory 37332790 times. 
The agent cleared its short-term memory 79 times. 
     State prediction error memory resets: 1. 
     Hill memory resets: 78. 
TRIAL 81 COMPLETE ?
End Time: 2024-05-24 15:25:59
Total runtime for this trial (minutes/seconds): 09:16
----------------------------------------
Total hill visits: 4490. 
Total prediction errors: 332. 
Total search depth: 95854029. 
Total times memory accessed: 1582911839. 
Total times 25 >= t <= 50: 8. 
Total times 50 >= t <= 75: 1. 
Total times 75 >= t <= 100: 1. 
Total times t == 100: 53. 
Total time steps survived: 6206. 
Total runtime so far (hours/minutes/seconds): 53:05:54
----------------------------------------

----------------------------------------
TRIAL 82 STARTED
----------------------------------------
Start Time: 2024-05-24 15:25:58
At time step 99 the agent is dead
The agent had 10 food, 16 water, and 14 sleep.
The total tree search depth for this trial was 1994076. 
The agent accessed its memory 33651161 times. 
The agent cleared its short-term memory 77 times. 
     State prediction error memory resets: 4. 
     Hill memory resets: 73. 
TRIAL 82 COMPLETE ?
End Time: 2024-05-24 16:25:50
Total runtime for this trial (minutes/seconds): 59:52
----------------------------------------
Total hill visits: 4563. 
Total prediction errors: 336. 
Total search depth: 97848105. 
Total times memory accessed: 1616563000. 
Total times 25 >= t <= 50: 8. 
Total times 50 >= t <= 75: 1. 
Total times 75 >= t <= 100: 1. 
Total times t == 100: 54. 
Total time steps survived: 6306. 
Total runtime so far (hours/minutes/seconds): 54:05:45
----------------------------------------

----------------------------------------
TRIAL 83 STARTED
----------------------------------------
Start Time: 2024-05-24 16:25:49
At time step 99 the agent is dead
The agent had 15 food, 12 water, and 19 sleep.
The total tree search depth for this trial was 2341230. 
The agent accessed its memory 39193867 times. 
The agent cleared its short-term memory 77 times. 
     State prediction error memory resets: 3. 
     Hill memory resets: 74. 
TRIAL 83 COMPLETE ?
End Time: 2024-05-24 17:39:05
Total runtime for this trial (minutes/seconds): 13:16
----------------------------------------
Total hill visits: 4637. 
Total prediction errors: 339. 
Total search depth: 100189335. 
Total times memory accessed: 1655756867. 
Total times 25 >= t <= 50: 8. 
Total times 50 >= t <= 75: 1. 
Total times 75 >= t <= 100: 1. 
Total times t == 100: 55. 
Total time steps survived: 6406. 
Total runtime so far (hours/minutes/seconds): 55:19:00
----------------------------------------

----------------------------------------
TRIAL 84 STARTED
----------------------------------------
Start Time: 2024-05-24 17:39:04
At time step 99 the agent is dead
The agent had 8 food, 11 water, and 12 sleep.
The total tree search depth for this trial was 2394286. 
The agent accessed its memory 40385405 times. 
The agent cleared its short-term memory 78 times. 
     State prediction error memory resets: 3. 
     Hill memory resets: 75. 
TRIAL 84 COMPLETE ?
End Time: 2024-05-24 18:51:11
Total runtime for this trial (minutes/seconds): 12:07
----------------------------------------
Total hill visits: 4712. 
Total prediction errors: 342. 
Total search depth: 102583621. 
Total times memory accessed: 1696142272. 
Total times 25 >= t <= 50: 8. 
Total times 50 >= t <= 75: 1. 
Total times 75 >= t <= 100: 1. 
Total times t == 100: 56. 
Total time steps survived: 6506. 
Total runtime so far (hours/minutes/seconds): 56:31:06
----------------------------------------

----------------------------------------
TRIAL 85 STARTED
----------------------------------------
Start Time: 2024-05-24 18:51:10
At time step 99 the agent is dead
The agent had 15 food, 18 water, and 19 sleep.
The total tree search depth for this trial was 1810625. 
The agent accessed its memory 30541013 times. 
The agent cleared its short-term memory 76 times. 
     State prediction error memory resets: 4. 
     Hill memory resets: 72. 
TRIAL 85 COMPLETE ?
End Time: 2024-05-24 19:45:37
Total runtime for this trial (minutes/seconds): 54:27
----------------------------------------
Total hill visits: 4784. 
Total prediction errors: 346. 
Total search depth: 104394246. 
Total times memory accessed: 1726683285. 
Total times 25 >= t <= 50: 8. 
Total times 50 >= t <= 75: 1. 
Total times 75 >= t <= 100: 1. 
Total times t == 100: 57. 
Total time steps survived: 6606. 
Total runtime so far (hours/minutes/seconds): 57:25:32
----------------------------------------

----------------------------------------
TRIAL 86 STARTED
----------------------------------------
Start Time: 2024-05-24 19:45:36
At time step 99 the agent is dead
The agent had 11 food, 17 water, and 15 sleep.
The total tree search depth for this trial was 1895255. 
The agent accessed its memory 32105816 times. 
The agent cleared its short-term memory 83 times. 
     State prediction error memory resets: 9. 
     Hill memory resets: 74. 
TRIAL 86 COMPLETE ?
End Time: 2024-05-24 20:41:21
Total runtime for this trial (minutes/seconds): 55:45
----------------------------------------
Total hill visits: 4858. 
Total prediction errors: 355. 
Total search depth: 106289501. 
Total times memory accessed: 1758789101. 
Total times 25 >= t <= 50: 8. 
Total times 50 >= t <= 75: 1. 
Total times 75 >= t <= 100: 1. 
Total times t == 100: 58. 
Total time steps survived: 6706. 
Total runtime so far (hours/minutes/seconds): 58:21:16
----------------------------------------

----------------------------------------
TRIAL 87 STARTED
----------------------------------------
Start Time: 2024-05-24 20:41:20
At time step 99 the agent is dead
The agent had 13 food, 16 water, and 17 sleep.
The total tree search depth for this trial was 1972288. 
The agent accessed its memory 33088741 times. 
The agent cleared its short-term memory 76 times. 
     State prediction error memory resets: 1. 
     Hill memory resets: 75. 
TRIAL 87 COMPLETE ?
End Time: 2024-05-24 21:42:20
Total runtime for this trial (minutes/seconds): 01:00
----------------------------------------
Total hill visits: 4933. 
Total prediction errors: 356. 
Total search depth: 108261789. 
Total times memory accessed: 1791877842. 
Total times 25 >= t <= 50: 8. 
Total times 50 >= t <= 75: 1. 
Total times 75 >= t <= 100: 1. 
Total times t == 100: 59. 
Total time steps survived: 6806. 
Total runtime so far (hours/minutes/seconds): 59:22:15
----------------------------------------

----------------------------------------
TRIAL 88 STARTED
----------------------------------------
Start Time: 2024-05-24 21:42:19
At time step 99 the agent is dead
The agent had 9 food, 14 water, and 13 sleep.
The total tree search depth for this trial was 2134351. 
The agent accessed its memory 35788826 times. 
The agent cleared its short-term memory 79 times. 
     State prediction error memory resets: 1. 
     Hill memory resets: 78. 
TRIAL 88 COMPLETE ?
End Time: 2024-05-24 22:48:32
Total runtime for this trial (minutes/seconds): 06:13
----------------------------------------
Total hill visits: 5011. 
Total prediction errors: 357. 
Total search depth: 110396140. 
Total times memory accessed: 1827666668. 
Total times 25 >= t <= 50: 8. 
Total times 50 >= t <= 75: 1. 
Total times 75 >= t <= 100: 1. 
Total times t == 100: 60. 
Total time steps survived: 6906. 
Total runtime so far (hours/minutes/seconds): 60:28:27
----------------------------------------

----------------------------------------
TRIAL 89 STARTED
----------------------------------------
Start Time: 2024-05-24 22:48:31
At time step 99 the agent is dead
The agent had 14 food, 9 water, and 18 sleep.
The total tree search depth for this trial was 2343981. 
The agent accessed its memory 39371222 times. 
The agent cleared its short-term memory 79 times. 
     State prediction error memory resets: 3. 
     Hill memory resets: 76. 
TRIAL 89 COMPLETE ?
End Time: 2024-05-25 00:00:40
Total runtime for this trial (minutes/seconds): 12:09
----------------------------------------
Total hill visits: 5087. 
Total prediction errors: 360. 
Total search depth: 112740121. 
Total times memory accessed: 1867037890. 
Total times 25 >= t <= 50: 8. 
Total times 50 >= t <= 75: 1. 
Total times 75 >= t <= 100: 1. 
Total times t == 100: 61. 
Total time steps survived: 7006. 
Total runtime so far (hours/minutes/seconds): 61:40:35
----------------------------------------

----------------------------------------
TRIAL 90 STARTED
----------------------------------------
Start Time: 2024-05-25 00:00:39
At time step 99 the agent is dead
The agent had 10 food, 13 water, and 14 sleep.
The total tree search depth for this trial was 1923380. 
The agent accessed its memory 32460386 times. 
The agent cleared its short-term memory 78 times. 
     State prediction error memory resets: 2. 
     Hill memory resets: 76. 
TRIAL 90 COMPLETE ?
End Time: 2024-05-25 00:58:24
Total runtime for this trial (minutes/seconds): 57:45
----------------------------------------
Total hill visits: 5163. 
Total prediction errors: 362. 
Total search depth: 114663501. 
Total times memory accessed: 1899498276. 
Total times 25 >= t <= 50: 8. 
Total times 50 >= t <= 75: 1. 
Total times 75 >= t <= 100: 1. 
Total times t == 100: 62. 
Total time steps survived: 7106. 
Total runtime so far (hours/minutes/seconds): 62:38:19
----------------------------------------

----------------------------------------
TRIAL 91 STARTED
----------------------------------------
Start Time: 2024-05-25 00:58:23
At time step 99 the agent is dead
The agent had 12 food, 13 water, and 25 sleep.
The total tree search depth for this trial was 2334905. 
The agent accessed its memory 39133305 times. 
The agent cleared its short-term memory 79 times. 
     State prediction error memory resets: 4. 
     Hill memory resets: 75. 
TRIAL 91 COMPLETE ?
End Time: 2024-05-25 02:10:59
Total runtime for this trial (minutes/seconds): 12:36
----------------------------------------
Total hill visits: 5238. 
Total prediction errors: 366. 
Total search depth: 116998406. 
Total times memory accessed: 1938631581. 
Total times 25 >= t <= 50: 8. 
Total times 50 >= t <= 75: 1. 
Total times 75 >= t <= 100: 1. 
Total times t == 100: 63. 
Total time steps survived: 7206. 
Total runtime so far (hours/minutes/seconds): 63:50:54
----------------------------------------

----------------------------------------
TRIAL 92 STARTED
----------------------------------------
Start Time: 2024-05-25 02:10:58
At time step 99 the agent is dead
The agent had 10 food, 20 water, and 14 sleep.
The total tree search depth for this trial was 2012046. 
The agent accessed its memory 33814924 times. 
The agent cleared its short-term memory 81 times. 
     State prediction error memory resets: 5. 
     Hill memory resets: 76. 
TRIAL 92 COMPLETE ?
End Time: 2024-05-25 03:12:36
Total runtime for this trial (minutes/seconds): 01:38
----------------------------------------
Total hill visits: 5314. 
Total prediction errors: 371. 
Total search depth: 119010452. 
Total times memory accessed: 1972446505. 
Total times 25 >= t <= 50: 8. 
Total times 50 >= t <= 75: 1. 
Total times 75 >= t <= 100: 1. 
Total times t == 100: 64. 
Total time steps survived: 7306. 
Total runtime so far (hours/minutes/seconds): 64:52:31
----------------------------------------

----------------------------------------
TRIAL 93 STARTED
----------------------------------------
Start Time: 2024-05-25 03:12:35
At time step 23 the agent is dead
The agent had 0 food, 18 water, and 16 sleep.
The total tree search depth for this trial was 525010. 
The agent accessed its memory 8793711 times. 
The agent cleared its short-term memory 17 times. 
     State prediction error memory resets: 1. 
     Hill memory resets: 16. 
TRIAL 93 COMPLETE ?
End Time: 2024-05-25 03:29:00
Total runtime for this trial (minutes/seconds): 16:25
----------------------------------------
Total hill visits: 5330. 
Total prediction errors: 372. 
Total search depth: 119535462. 
Total times memory accessed: 1981240216. 
Total times 25 >= t <= 50: 8. 
Total times 50 >= t <= 75: 1. 
Total times 75 >= t <= 100: 1. 
Total times t == 100: 64. 
Total time steps survived: 7330. 
Total runtime so far (hours/minutes/seconds): 65:08:55
----------------------------------------

----------------------------------------
TRIAL 94 STARTED
----------------------------------------
Start Time: 2024-05-25 03:28:59
At time step 99 the agent is dead
The agent had 15 food, 20 water, and 19 sleep.
The total tree search depth for this trial was 1988938. 
The agent accessed its memory 33366042 times. 
The agent cleared its short-term memory 78 times. 
     State prediction error memory resets: 6. 
     Hill memory resets: 72. 
TRIAL 94 COMPLETE ?
End Time: 2024-05-25 04:30:40
Total runtime for this trial (minutes/seconds): 01:41
----------------------------------------
Total hill visits: 5402. 
Total prediction errors: 378. 
Total search depth: 121524400. 
Total times memory accessed: 2014606258. 
Total times 25 >= t <= 50: 8. 
Total times 50 >= t <= 75: 1. 
Total times 75 >= t <= 100: 1. 
Total times t == 100: 65. 
Total time steps survived: 7430. 
Total runtime so far (hours/minutes/seconds): 66:10:35
----------------------------------------

----------------------------------------
TRIAL 95 STARTED
----------------------------------------
Start Time: 2024-05-25 04:30:39
At time step 99 the agent is dead
The agent had 10 food, 16 water, and 14 sleep.
The total tree search depth for this trial was 2282139. 
The agent accessed its memory 38431172 times. 
The agent cleared its short-term memory 83 times. 
     State prediction error memory resets: 7. 
     Hill memory resets: 76. 
TRIAL 95 COMPLETE ?
End Time: 2024-05-25 05:40:08
Total runtime for this trial (minutes/seconds): 09:29
----------------------------------------
Total hill visits: 5478. 
Total prediction errors: 385. 
Total search depth: 123806539. 
Total times memory accessed: 2053037430. 
Total times 25 >= t <= 50: 8. 
Total times 50 >= t <= 75: 1. 
Total times 75 >= t <= 100: 1. 
Total times t == 100: 66. 
Total time steps survived: 7530. 
Total runtime so far (hours/minutes/seconds): 67:20:03
----------------------------------------

----------------------------------------
TRIAL 96 STARTED
----------------------------------------
Start Time: 2024-05-25 05:40:07
At time step 99 the agent is dead
The agent had 12 food, 4 water, and 16 sleep.
The total tree search depth for this trial was 2140407. 
The agent accessed its memory 35862818 times. 
The agent cleared its short-term memory 80 times. 
     State prediction error memory resets: 2. 
     Hill memory resets: 78. 
TRIAL 96 COMPLETE ?
End Time: 2024-05-25 06:46:53
Total runtime for this trial (minutes/seconds): 06:46
----------------------------------------
Total hill visits: 5556. 
Total prediction errors: 387. 
Total search depth: 125946946. 
Total times memory accessed: 2088900248. 
Total times 25 >= t <= 50: 8. 
Total times 50 >= t <= 75: 1. 
Total times 75 >= t <= 100: 1. 
Total times t == 100: 67. 
Total time steps survived: 7630. 
Total runtime so far (hours/minutes/seconds): 68:26:48
----------------------------------------

----------------------------------------
TRIAL 97 STARTED
----------------------------------------
Start Time: 2024-05-25 06:46:52
At time step 99 the agent is dead
The agent had 12 food, 5 water, and 16 sleep.
The total tree search depth for this trial was 2025146. 
The agent accessed its memory 33961817 times. 
The agent cleared its short-term memory 83 times. 
     State prediction error memory resets: 6. 
     Hill memory resets: 77. 
TRIAL 97 COMPLETE ?
End Time: 2024-05-25 07:49:46
Total runtime for this trial (minutes/seconds): 02:54
----------------------------------------
Total hill visits: 5633. 
Total prediction errors: 393. 
Total search depth: 127972092. 
Total times memory accessed: 2122862065. 
Total times 25 >= t <= 50: 8. 
Total times 50 >= t <= 75: 1. 
Total times 75 >= t <= 100: 1. 
Total times t == 100: 68. 
Total time steps survived: 7730. 
Total runtime so far (hours/minutes/seconds): 69:29:41
----------------------------------------

----------------------------------------
TRIAL 98 STARTED
----------------------------------------
Start Time: 2024-05-25 07:49:45
At time step 99 the agent is dead
The agent had 10 food, 7 water, and 14 sleep.
The total tree search depth for this trial was 2179754. 
The agent accessed its memory 36735078 times. 
The agent cleared its short-term memory 79 times. 
     State prediction error memory resets: 3. 
     Hill memory resets: 76. 
TRIAL 98 COMPLETE ?
End Time: 2024-05-25 08:55:44
Total runtime for this trial (minutes/seconds): 05:59
----------------------------------------
Total hill visits: 5709. 
Total prediction errors: 396. 
Total search depth: 130151846. 
Total times memory accessed: 2159597143. 
Total times 25 >= t <= 50: 8. 
Total times 50 >= t <= 75: 1. 
Total times 75 >= t <= 100: 1. 
Total times t == 100: 69. 
Total time steps survived: 7830. 
Total runtime so far (hours/minutes/seconds): 70:35:39
----------------------------------------

----------------------------------------
TRIAL 99 STARTED
----------------------------------------
Start Time: 2024-05-25 08:55:43
At time step 99 the agent is dead
The agent had 9 food, 13 water, and 13 sleep.
The total tree search depth for this trial was 2298367. 
The agent accessed its memory 38619933 times. 
The agent cleared its short-term memory 80 times. 
     State prediction error memory resets: 1. 
     Hill memory resets: 79. 
TRIAL 99 COMPLETE ?
End Time: 2024-05-25 10:06:25
Total runtime for this trial (minutes/seconds): 10:42
----------------------------------------
Total hill visits: 5788. 
Total prediction errors: 397. 
Total search depth: 132450213. 
Total times memory accessed: 2198217076. 
Total times 25 >= t <= 50: 8. 
Total times 50 >= t <= 75: 1. 
Total times 75 >= t <= 100: 1. 
Total times t == 100: 70. 
Total time steps survived: 7930. 
Total runtime so far (hours/minutes/seconds): 71:46:20
----------------------------------------

----------------------------------------
TRIAL 100 STARTED
----------------------------------------
Start Time: 2024-05-25 10:06:24
