Running main with ALGORITHM=SL, SEED=3, HORIZON=4, K_FACTOR=0.7, ROOT_FOLDER=/home/grmstj001, MCT=3, NUM_MCT=100, AUTO_REST=, GRID_SIZE=5, START_POS=9, HILL=13, FOOD=(20 19 24 15), WATER=(12 10 17 22), SLEEP=(14 23 2 25)

                            < M A T L A B (R) >
                  Copyright 1984-2022 The MathWorks, Inc.
             R2022b Update 9 (9.13.0.2553342) 64-bit (glnxa64)
                               March 13, 2024

 
To get started, type doc.
For product information, visit www.mathworks.com.
 
Starting SL.

----------------------------------------
TRIAL 1 STARTED
----------------------------------------
Start Time: 2024-05-22 10:20:17
At time step 23 the agent is dead
The agent had 0 food, 15 water, and 15 sleep.
The total tree search depth for this trial was 35526. 
The agent accessed its memory 646619 times. 
The agent cleared its short-term memory 11 times. 
     State prediction error memory resets: 1. 
     Hill memory resets: 10. 
TRIAL 1 COMPLETE ?
End Time: 2024-05-22 10:21:01
Total runtime for this trial (minutes/seconds): 00:44
----------------------------------------
Total hill visits: 10. 
Total prediction errors: 1. 
Total search depth: 35526. 
Total times memory accessed: 646619. 
Total times 25 >= t <= 50: 0. 
Total times 50 >= t <= 75: 0. 
Total times 75 >= t <= 100: 0. 
Total times t == 100: 0. 
Total time steps survived: 24. 
Total runtime so far (hours/minutes/seconds): 00:00:44
----------------------------------------

----------------------------------------
TRIAL 2 STARTED
----------------------------------------
Start Time: 2024-05-22 10:21:00
At time step 23 the agent is dead
The agent had 0 food, 18 water, and 20 sleep.
The total tree search depth for this trial was 61755. 
The agent accessed its memory 1040613 times. 
The agent cleared its short-term memory 14 times. 
     State prediction error memory resets: 4. 
     Hill memory resets: 10. 
TRIAL 2 COMPLETE ?
End Time: 2024-05-22 10:22:56
Total runtime for this trial (minutes/seconds): 01:56
----------------------------------------
Total hill visits: 20. 
Total prediction errors: 5. 
Total search depth: 97281. 
Total times memory accessed: 1687232. 
Total times 25 >= t <= 50: 0. 
Total times 50 >= t <= 75: 0. 
Total times 75 >= t <= 100: 0. 
Total times t == 100: 0. 
Total time steps survived: 48. 
Total runtime so far (hours/minutes/seconds): 00:02:39
----------------------------------------

----------------------------------------
TRIAL 3 STARTED
----------------------------------------
Start Time: 2024-05-22 10:22:55
At time step 62 the agent is dead
The agent had 0 food, 18 water, and 16 sleep.
The total tree search depth for this trial was 414832. 
The agent accessed its memory 6821814 times. 
The agent cleared its short-term memory 39 times. 
     State prediction error memory resets: 6. 
     Hill memory resets: 33. 
TRIAL 3 COMPLETE ?
End Time: 2024-05-22 10:37:23
Total runtime for this trial (minutes/seconds): 14:28
----------------------------------------
Total hill visits: 53. 
Total prediction errors: 11. 
Total search depth: 512113. 
Total times memory accessed: 8509046. 
Total times 25 >= t <= 50: 0. 
Total times 50 >= t <= 75: 1. 
Total times 75 >= t <= 100: 0. 
Total times t == 100: 0. 
Total time steps survived: 111. 
Total runtime so far (hours/minutes/seconds): 00:17:06
----------------------------------------

----------------------------------------
TRIAL 4 STARTED
----------------------------------------
Start Time: 2024-05-22 10:37:22
At time step 99 the agent is dead
The agent had 20 food, 3 water, and 24 sleep.
The total tree search depth for this trial was 916380. 
The agent accessed its memory 15064534 times. 
The agent cleared its short-term memory 70 times. 
     State prediction error memory resets: 8. 
     Hill memory resets: 62. 
TRIAL 4 COMPLETE ?
End Time: 2024-05-22 11:09:28
Total runtime for this trial (minutes/seconds): 32:06
----------------------------------------
Total hill visits: 115. 
Total prediction errors: 19. 
Total search depth: 1428493. 
Total times memory accessed: 23573580. 
Total times 25 >= t <= 50: 0. 
Total times 50 >= t <= 75: 1. 
Total times 75 >= t <= 100: 0. 
Total times t == 100: 1. 
Total time steps survived: 211. 
Total runtime so far (hours/minutes/seconds): 00:49:11
----------------------------------------

----------------------------------------
TRIAL 5 STARTED
----------------------------------------
Start Time: 2024-05-22 11:09:27
At time step 65 the agent is dead
The agent had 0 food, 20 water, and 13 sleep.
The total tree search depth for this trial was 650857. 
The agent accessed its memory 10776986 times. 
The agent cleared its short-term memory 47 times. 
     State prediction error memory resets: 0. 
     Hill memory resets: 47. 
TRIAL 5 COMPLETE ?
End Time: 2024-05-22 11:31:33
Total runtime for this trial (minutes/seconds): 22:06
----------------------------------------
Total hill visits: 162. 
Total prediction errors: 19. 
Total search depth: 2079350. 
Total times memory accessed: 34350566. 
Total times 25 >= t <= 50: 0. 
Total times 50 >= t <= 75: 2. 
Total times 75 >= t <= 100: 0. 
Total times t == 100: 1. 
Total time steps survived: 277. 
Total runtime so far (hours/minutes/seconds): 01:11:16
----------------------------------------

----------------------------------------
TRIAL 6 STARTED
----------------------------------------
Start Time: 2024-05-22 11:31:32
At time step 86 the agent is dead
The agent had 0 food, 18 water, and 25 sleep.
The total tree search depth for this trial was 842491. 
The agent accessed its memory 13971762 times. 
The agent cleared its short-term memory 67 times. 
     State prediction error memory resets: 4. 
     Hill memory resets: 63. 
TRIAL 6 COMPLETE ?
End Time: 2024-05-22 11:59:53
Total runtime for this trial (minutes/seconds): 28:21
----------------------------------------
Total hill visits: 225. 
Total prediction errors: 23. 
Total search depth: 2921841. 
Total times memory accessed: 48322328. 
Total times 25 >= t <= 50: 0. 
Total times 50 >= t <= 75: 2. 
Total times 75 >= t <= 100: 1. 
Total times t == 100: 1. 
Total time steps survived: 364. 
Total runtime so far (hours/minutes/seconds): 01:39:36
----------------------------------------

----------------------------------------
TRIAL 7 STARTED
----------------------------------------
Start Time: 2024-05-22 11:59:52
At time step 99 the agent is dead
The agent had 11 food, 17 water, and 20 sleep.
The total tree search depth for this trial was 1085858. 
The agent accessed its memory 17914717 times. 
The agent cleared its short-term memory 74 times. 
     State prediction error memory resets: 6. 
     Hill memory resets: 68. 
TRIAL 7 COMPLETE ?
End Time: 2024-05-22 12:37:16
Total runtime for this trial (minutes/seconds): 37:24
----------------------------------------
Total hill visits: 293. 
Total prediction errors: 29. 
Total search depth: 4007699. 
Total times memory accessed: 66237045. 
Total times 25 >= t <= 50: 0. 
Total times 50 >= t <= 75: 2. 
Total times 75 >= t <= 100: 1. 
Total times t == 100: 2. 
Total time steps survived: 464. 
Total runtime so far (hours/minutes/seconds): 02:16:59
----------------------------------------

----------------------------------------
TRIAL 8 STARTED
----------------------------------------
Start Time: 2024-05-22 12:37:15
At time step 66 the agent is dead
The agent had 22 food, 0 water, and 22 sleep.
The total tree search depth for this trial was 763350. 
The agent accessed its memory 12428007 times. 
The agent cleared its short-term memory 48 times. 
     State prediction error memory resets: 4. 
     Hill memory resets: 44. 
TRIAL 8 COMPLETE ?
End Time: 2024-05-22 13:05:10
Total runtime for this trial (minutes/seconds): 27:55
----------------------------------------
Total hill visits: 337. 
Total prediction errors: 33. 
Total search depth: 4771049. 
Total times memory accessed: 78665052. 
Total times 25 >= t <= 50: 0. 
Total times 50 >= t <= 75: 3. 
Total times 75 >= t <= 100: 1. 
Total times t == 100: 2. 
Total time steps survived: 531. 
Total runtime so far (hours/minutes/seconds): 02:44:53
----------------------------------------

----------------------------------------
TRIAL 9 STARTED
----------------------------------------
Start Time: 2024-05-22 13:05:09
At time step 99 the agent is dead
The agent had 22 food, 9 water, and 24 sleep.
The total tree search depth for this trial was 1172679. 
The agent accessed its memory 19346235 times. 
The agent cleared its short-term memory 74 times. 
     State prediction error memory resets: 6. 
     Hill memory resets: 68. 
TRIAL 9 COMPLETE ?
End Time: 2024-05-22 13:45:37
Total runtime for this trial (minutes/seconds): 40:28
----------------------------------------
Total hill visits: 405. 
Total prediction errors: 39. 
Total search depth: 5943728. 
Total times memory accessed: 98011287. 
Total times 25 >= t <= 50: 0. 
Total times 50 >= t <= 75: 3. 
Total times 75 >= t <= 100: 1. 
Total times t == 100: 3. 
Total time steps survived: 631. 
Total runtime so far (hours/minutes/seconds): 03:25:20
----------------------------------------

----------------------------------------
TRIAL 10 STARTED
----------------------------------------
Start Time: 2024-05-22 13:45:36
At time step 99 the agent is dead
The agent had 6 food, 20 water, and 23 sleep.
The total tree search depth for this trial was 1119311. 
The agent accessed its memory 18406645 times. 
The agent cleared its short-term memory 81 times. 
     State prediction error memory resets: 6. 
     Hill memory resets: 75. 
TRIAL 10 COMPLETE ?
End Time: 2024-05-22 14:24:49
Total runtime for this trial (minutes/seconds): 39:13
----------------------------------------
Total hill visits: 480. 
Total prediction errors: 45. 
Total search depth: 7063039. 
Total times memory accessed: 116417932. 
Total times 25 >= t <= 50: 0. 
Total times 50 >= t <= 75: 3. 
Total times 75 >= t <= 100: 1. 
Total times t == 100: 4. 
Total time steps survived: 731. 
Total runtime so far (hours/minutes/seconds): 04:04:32
----------------------------------------

----------------------------------------
TRIAL 11 STARTED
----------------------------------------
Start Time: 2024-05-22 14:24:48
At time step 44 the agent is dead
The agent had 0 food, 1 water, and 13 sleep.
The total tree search depth for this trial was 545610. 
The agent accessed its memory 9000720 times. 
The agent cleared its short-term memory 31 times. 
     State prediction error memory resets: 1. 
     Hill memory resets: 30. 
TRIAL 11 COMPLETE ?
End Time: 2024-05-22 14:43:41
Total runtime for this trial (minutes/seconds): 18:53
----------------------------------------
Total hill visits: 510. 
Total prediction errors: 46. 
Total search depth: 7608649. 
Total times memory accessed: 125418652. 
Total times 25 >= t <= 50: 1. 
Total times 50 >= t <= 75: 3. 
Total times 75 >= t <= 100: 1. 
Total times t == 100: 4. 
Total time steps survived: 776. 
Total runtime so far (hours/minutes/seconds): 04:23:24
----------------------------------------

----------------------------------------
TRIAL 12 STARTED
----------------------------------------
Start Time: 2024-05-22 14:43:40
At time step 88 the agent is dead
The agent had 0 food, 16 water, and 25 sleep.
The total tree search depth for this trial was 1173434. 
The agent accessed its memory 19355728 times. 
The agent cleared its short-term memory 67 times. 
     State prediction error memory resets: 5. 
     Hill memory resets: 62. 
TRIAL 12 COMPLETE ?
End Time: 2024-05-22 15:24:15
Total runtime for this trial (minutes/seconds): 40:35
----------------------------------------
Total hill visits: 572. 
Total prediction errors: 51. 
Total search depth: 8782083. 
Total times memory accessed: 144774380. 
Total times 25 >= t <= 50: 1. 
Total times 50 >= t <= 75: 3. 
Total times 75 >= t <= 100: 2. 
Total times t == 100: 4. 
Total time steps survived: 865. 
Total runtime so far (hours/minutes/seconds): 05:03:58
----------------------------------------

----------------------------------------
TRIAL 13 STARTED
----------------------------------------
Start Time: 2024-05-22 15:24:14
At time step 23 the agent is dead
The agent had 0 food, 17 water, and 17 sleep.
The total tree search depth for this trial was 198144. 
The agent accessed its memory 3178614 times. 
The agent cleared its short-term memory 17 times. 
     State prediction error memory resets: 2. 
     Hill memory resets: 15. 
TRIAL 13 COMPLETE ?
End Time: 2024-05-22 15:31:56
Total runtime for this trial (minutes/seconds): 07:42
----------------------------------------
Total hill visits: 587. 
Total prediction errors: 53. 
Total search depth: 8980227. 
Total times memory accessed: 147952994. 
Total times 25 >= t <= 50: 1. 
Total times 50 >= t <= 75: 3. 
Total times 75 >= t <= 100: 2. 
Total times t == 100: 4. 
Total time steps survived: 889. 
Total runtime so far (hours/minutes/seconds): 05:11:39
----------------------------------------

----------------------------------------
TRIAL 14 STARTED
----------------------------------------
Start Time: 2024-05-22 15:31:55
At time step 86 the agent is dead
The agent had 0 food, 18 water, and 11 sleep.
The total tree search depth for this trial was 1289135. 
The agent accessed its memory 21226482 times. 
The agent cleared its short-term memory 67 times. 
     State prediction error memory resets: 5. 
     Hill memory resets: 62. 
TRIAL 14 COMPLETE ?
End Time: 2024-05-22 16:16:49
Total runtime for this trial (minutes/seconds): 44:54
----------------------------------------
Total hill visits: 649. 
Total prediction errors: 58. 
Total search depth: 10269362. 
Total times memory accessed: 169179476. 
Total times 25 >= t <= 50: 1. 
Total times 50 >= t <= 75: 3. 
Total times 75 >= t <= 100: 3. 
Total times t == 100: 4. 
Total time steps survived: 976. 
Total runtime so far (hours/minutes/seconds): 05:56:32
----------------------------------------

----------------------------------------
TRIAL 15 STARTED
----------------------------------------
Start Time: 2024-05-22 16:16:48
At time step 46 the agent is dead
The agent had 21 food, 0 water, and 25 sleep.
The total tree search depth for this trial was 548088. 
The agent accessed its memory 9016919 times. 
The agent cleared its short-term memory 35 times. 
     State prediction error memory resets: 3. 
     Hill memory resets: 32. 
TRIAL 15 COMPLETE ?
End Time: 2024-05-22 16:35:58
Total runtime for this trial (minutes/seconds): 19:10
----------------------------------------
Total hill visits: 681. 
Total prediction errors: 61. 
Total search depth: 10817450. 
Total times memory accessed: 178196395. 
Total times 25 >= t <= 50: 2. 
Total times 50 >= t <= 75: 3. 
Total times 75 >= t <= 100: 3. 
Total times t == 100: 4. 
Total time steps survived: 1023. 
Total runtime so far (hours/minutes/seconds): 06:15:41
----------------------------------------

----------------------------------------
TRIAL 16 STARTED
----------------------------------------
Start Time: 2024-05-22 16:35:57
At time step 99 the agent is dead
The agent had 8 food, 20 water, and 12 sleep.
The total tree search depth for this trial was 1256030. 
The agent accessed its memory 20668987 times. 
The agent cleared its short-term memory 78 times. 
     State prediction error memory resets: 3. 
     Hill memory resets: 75. 
TRIAL 16 COMPLETE ?
End Time: 2024-05-22 17:19:03
Total runtime for this trial (minutes/seconds): 43:06
----------------------------------------
Total hill visits: 756. 
Total prediction errors: 64. 
Total search depth: 12073480. 
Total times memory accessed: 198865382. 
Total times 25 >= t <= 50: 2. 
Total times 50 >= t <= 75: 3. 
Total times 75 >= t <= 100: 3. 
Total times t == 100: 5. 
Total time steps survived: 1123. 
Total runtime so far (hours/minutes/seconds): 06:58:46
----------------------------------------

----------------------------------------
TRIAL 17 STARTED
----------------------------------------
Start Time: 2024-05-22 17:19:02
At time step 99 the agent is dead
The agent had 8 food, 17 water, and 12 sleep.
The total tree search depth for this trial was 1355097. 
The agent accessed its memory 22328788 times. 
The agent cleared its short-term memory 78 times. 
     State prediction error memory resets: 3. 
     Hill memory resets: 75. 
TRIAL 17 COMPLETE ?
End Time: 2024-05-22 18:04:58
Total runtime for this trial (minutes/seconds): 45:56
----------------------------------------
Total hill visits: 831. 
Total prediction errors: 67. 
Total search depth: 13428577. 
Total times memory accessed: 221194170. 
Total times 25 >= t <= 50: 2. 
Total times 50 >= t <= 75: 3. 
Total times 75 >= t <= 100: 3. 
Total times t == 100: 6. 
Total time steps survived: 1223. 
Total runtime so far (hours/minutes/seconds): 07:44:41
----------------------------------------

----------------------------------------
TRIAL 18 STARTED
----------------------------------------
Start Time: 2024-05-22 18:04:57
At time step 99 the agent is dead
The agent had 14 food, 11 water, and 18 sleep.
The total tree search depth for this trial was 1375945. 
The agent accessed its memory 22410604 times. 
The agent cleared its short-term memory 76 times. 
     State prediction error memory resets: 9. 
     Hill memory resets: 67. 
TRIAL 18 COMPLETE ?
End Time: 2024-05-22 18:53:59
Total runtime for this trial (minutes/seconds): 49:02
----------------------------------------
Total hill visits: 898. 
Total prediction errors: 76. 
Total search depth: 14804522. 
Total times memory accessed: 243604774. 
Total times 25 >= t <= 50: 2. 
Total times 50 >= t <= 75: 3. 
Total times 75 >= t <= 100: 3. 
Total times t == 100: 7. 
Total time steps survived: 1323. 
Total runtime so far (hours/minutes/seconds): 08:33:42
----------------------------------------

----------------------------------------
TRIAL 19 STARTED
----------------------------------------
Start Time: 2024-05-22 18:53:58
At time step 99 the agent is dead
The agent had 9 food, 19 water, and 13 sleep.
The total tree search depth for this trial was 1299681. 
The agent accessed its memory 20843969 times. 
The agent cleared its short-term memory 76 times. 
     State prediction error memory resets: 2. 
     Hill memory resets: 74. 
TRIAL 19 COMPLETE ?
End Time: 2024-05-22 19:43:12
Total runtime for this trial (minutes/seconds): 49:14
----------------------------------------
Total hill visits: 972. 
Total prediction errors: 78. 
Total search depth: 16104203. 
Total times memory accessed: 264448743. 
Total times 25 >= t <= 50: 2. 
Total times 50 >= t <= 75: 3. 
Total times 75 >= t <= 100: 3. 
Total times t == 100: 8. 
Total time steps survived: 1423. 
Total runtime so far (hours/minutes/seconds): 09:22:55
----------------------------------------

----------------------------------------
TRIAL 20 STARTED
----------------------------------------
Start Time: 2024-05-22 19:43:11
At time step 44 the agent is dead
The agent had 0 food, 11 water, and 25 sleep.
The total tree search depth for this trial was 441307. 
The agent accessed its memory 6935235 times. 
The agent cleared its short-term memory 29 times. 
     State prediction error memory resets: 3. 
     Hill memory resets: 26. 
TRIAL 20 COMPLETE ?
End Time: 2024-05-22 20:01:12
Total runtime for this trial (minutes/seconds): 18:01
----------------------------------------
Total hill visits: 998. 
Total prediction errors: 81. 
Total search depth: 16545510. 
Total times memory accessed: 271383978. 
Total times 25 >= t <= 50: 3. 
Total times 50 >= t <= 75: 3. 
Total times 75 >= t <= 100: 3. 
Total times t == 100: 8. 
Total time steps survived: 1468. 
Total runtime so far (hours/minutes/seconds): 09:40:55
----------------------------------------

----------------------------------------
TRIAL 21 STARTED
----------------------------------------
Start Time: 2024-05-22 20:01:11
At time step 99 the agent is dead
The agent had 9 food, 17 water, and 13 sleep.
The total tree search depth for this trial was 1338125. 
The agent accessed its memory 21632404 times. 
The agent cleared its short-term memory 79 times. 
     State prediction error memory resets: 5. 
     Hill memory resets: 74. 
TRIAL 21 COMPLETE ?
End Time: 2024-05-22 20:50:17
Total runtime for this trial (minutes/seconds): 49:06
----------------------------------------
Total hill visits: 1072. 
Total prediction errors: 86. 
Total search depth: 17883635. 
Total times memory accessed: 293016382. 
Total times 25 >= t <= 50: 3. 
Total times 50 >= t <= 75: 3. 
Total times 75 >= t <= 100: 3. 
Total times t == 100: 9. 
Total time steps survived: 1568. 
Total runtime so far (hours/minutes/seconds): 10:30:00
----------------------------------------

----------------------------------------
TRIAL 22 STARTED
----------------------------------------
Start Time: 2024-05-22 20:50:16
At time step 99 the agent is dead
The agent had 10 food, 14 water, and 14 sleep.
The total tree search depth for this trial was 1469814. 
The agent accessed its memory 23875917 times. 
The agent cleared its short-term memory 76 times. 
     State prediction error memory resets: 5. 
     Hill memory resets: 71. 
TRIAL 22 COMPLETE ?
End Time: 2024-05-22 21:43:09
Total runtime for this trial (minutes/seconds): 52:53
----------------------------------------
Total hill visits: 1143. 
Total prediction errors: 91. 
Total search depth: 19353449. 
Total times memory accessed: 316892299. 
Total times 25 >= t <= 50: 3. 
Total times 50 >= t <= 75: 3. 
Total times 75 >= t <= 100: 3. 
Total times t == 100: 10. 
Total time steps survived: 1668. 
Total runtime so far (hours/minutes/seconds): 11:22:52
----------------------------------------

----------------------------------------
TRIAL 23 STARTED
----------------------------------------
Start Time: 2024-05-22 21:43:08
At time step 99 the agent is dead
The agent had 11 food, 16 water, and 15 sleep.
The total tree search depth for this trial was 1328568. 
The agent accessed its memory 21523963 times. 
The agent cleared its short-term memory 82 times. 
     State prediction error memory resets: 10. 
     Hill memory resets: 72. 
TRIAL 23 COMPLETE ?
End Time: 2024-05-22 22:31:26
Total runtime for this trial (minutes/seconds): 48:18
----------------------------------------
Total hill visits: 1215. 
Total prediction errors: 101. 
Total search depth: 20682017. 
Total times memory accessed: 338416262. 
Total times 25 >= t <= 50: 3. 
Total times 50 >= t <= 75: 3. 
Total times 75 >= t <= 100: 3. 
Total times t == 100: 11. 
Total time steps survived: 1768. 
Total runtime so far (hours/minutes/seconds): 12:11:09
----------------------------------------

----------------------------------------
TRIAL 24 STARTED
----------------------------------------
Start Time: 2024-05-22 22:31:25
At time step 99 the agent is dead
The agent had 14 food, 20 water, and 18 sleep.
The total tree search depth for this trial was 1380303. 
The agent accessed its memory 22248836 times. 
The agent cleared its short-term memory 75 times. 
     State prediction error memory resets: 8. 
     Hill memory resets: 67. 
TRIAL 24 COMPLETE ?
End Time: 2024-05-22 23:22:36
Total runtime for this trial (minutes/seconds): 51:11
----------------------------------------
Total hill visits: 1282. 
Total prediction errors: 109. 
Total search depth: 22062320. 
Total times memory accessed: 360665098. 
Total times 25 >= t <= 50: 3. 
Total times 50 >= t <= 75: 3. 
Total times 75 >= t <= 100: 3. 
Total times t == 100: 12. 
Total time steps survived: 1868. 
Total runtime so far (hours/minutes/seconds): 13:02:19
----------------------------------------

----------------------------------------
TRIAL 25 STARTED
----------------------------------------
Start Time: 2024-05-22 23:22:35
At time step 23 the agent is dead
The agent had 0 food, 17 water, and 24 sleep.
The total tree search depth for this trial was 312948. 
The agent accessed its memory 5102106 times. 
The agent cleared its short-term memory 18 times. 
     State prediction error memory resets: 2. 
     Hill memory resets: 16. 
TRIAL 25 COMPLETE ?
End Time: 2024-05-22 23:33:40
Total runtime for this trial (minutes/seconds): 11:05
----------------------------------------
Total hill visits: 1298. 
Total prediction errors: 111. 
Total search depth: 22375268. 
Total times memory accessed: 365767204. 
Total times 25 >= t <= 50: 3. 
Total times 50 >= t <= 75: 3. 
Total times 75 >= t <= 100: 3. 
Total times t == 100: 12. 
Total time steps survived: 1892. 
Total runtime so far (hours/minutes/seconds): 13:13:23
----------------------------------------

----------------------------------------
TRIAL 26 STARTED
----------------------------------------
Start Time: 2024-05-22 23:33:39
At time step 99 the agent is dead
The agent had 14 food, 15 water, and 18 sleep.
The total tree search depth for this trial was 1310406. 
The agent accessed its memory 21018739 times. 
The agent cleared its short-term memory 75 times. 
     State prediction error memory resets: 2. 
     Hill memory resets: 73. 
TRIAL 26 COMPLETE ?
End Time: 2024-05-23 00:23:15
Total runtime for this trial (minutes/seconds): 49:36
----------------------------------------
Total hill visits: 1371. 
Total prediction errors: 113. 
Total search depth: 23685674. 
Total times memory accessed: 386785943. 
Total times 25 >= t <= 50: 3. 
Total times 50 >= t <= 75: 3. 
Total times 75 >= t <= 100: 3. 
Total times t == 100: 13. 
Total time steps survived: 1992. 
Total runtime so far (hours/minutes/seconds): 14:02:58
----------------------------------------

----------------------------------------
TRIAL 27 STARTED
----------------------------------------
Start Time: 2024-05-23 00:23:14
At time step 99 the agent is dead
The agent had 10 food, 17 water, and 14 sleep.
The total tree search depth for this trial was 1367249. 
The agent accessed its memory 22142736 times. 
The agent cleared its short-term memory 68 times. 
     State prediction error memory resets: 1. 
     Hill memory resets: 67. 
TRIAL 27 COMPLETE ?
End Time: 2024-05-23 01:12:57
Total runtime for this trial (minutes/seconds): 49:43
----------------------------------------
Total hill visits: 1438. 
Total prediction errors: 114. 
Total search depth: 25052923. 
Total times memory accessed: 408928679. 
Total times 25 >= t <= 50: 3. 
Total times 50 >= t <= 75: 3. 
Total times 75 >= t <= 100: 3. 
Total times t == 100: 14. 
Total time steps survived: 2092. 
Total runtime so far (hours/minutes/seconds): 14:52:40
----------------------------------------

----------------------------------------
TRIAL 28 STARTED
----------------------------------------
Start Time: 2024-05-23 01:12:56
At time step 99 the agent is dead
The agent had 15 food, 14 water, and 21 sleep.
The total tree search depth for this trial was 1410894. 
The agent accessed its memory 22726254 times. 
The agent cleared its short-term memory 70 times. 
     State prediction error memory resets: 2. 
     Hill memory resets: 68. 
TRIAL 28 COMPLETE ?
End Time: 2024-05-23 02:05:26
Total runtime for this trial (minutes/seconds): 52:30
----------------------------------------
Total hill visits: 1506. 
Total prediction errors: 116. 
Total search depth: 26463817. 
Total times memory accessed: 431654933. 
Total times 25 >= t <= 50: 3. 
Total times 50 >= t <= 75: 3. 
Total times 75 >= t <= 100: 3. 
Total times t == 100: 15. 
Total time steps survived: 2192. 
Total runtime so far (hours/minutes/seconds): 15:45:09
----------------------------------------

----------------------------------------
TRIAL 29 STARTED
----------------------------------------
Start Time: 2024-05-23 02:05:25
At time step 23 the agent is dead
The agent had 0 food, 17 water, and 19 sleep.
The total tree search depth for this trial was 310387. 
The agent accessed its memory 4975701 times. 
The agent cleared its short-term memory 16 times. 
     State prediction error memory resets: 0. 
     Hill memory resets: 16. 
TRIAL 29 COMPLETE ?
End Time: 2024-05-23 02:17:11
Total runtime for this trial (minutes/seconds): 11:46
----------------------------------------
Total hill visits: 1522. 
Total prediction errors: 116. 
Total search depth: 26774204. 
Total times memory accessed: 436630634. 
Total times 25 >= t <= 50: 3. 
Total times 50 >= t <= 75: 3. 
Total times 75 >= t <= 100: 3. 
Total times t == 100: 15. 
Total time steps survived: 2216. 
Total runtime so far (hours/minutes/seconds): 15:56:54
----------------------------------------

----------------------------------------
TRIAL 30 STARTED
----------------------------------------
Start Time: 2024-05-23 02:17:10
At time step 23 the agent is dead
The agent had 0 food, 17 water, and 13 sleep.
The total tree search depth for this trial was 282566. 
The agent accessed its memory 4555797 times. 
The agent cleared its short-term memory 16 times. 
     State prediction error memory resets: 0. 
     Hill memory resets: 16. 
TRIAL 30 COMPLETE ?
End Time: 2024-05-23 02:27:38
Total runtime for this trial (minutes/seconds): 10:28
----------------------------------------
Total hill visits: 1538. 
Total prediction errors: 116. 
Total search depth: 27056770. 
Total times memory accessed: 441186431. 
Total times 25 >= t <= 50: 3. 
Total times 50 >= t <= 75: 3. 
Total times 75 >= t <= 100: 3. 
Total times t == 100: 15. 
Total time steps survived: 2240. 
Total runtime so far (hours/minutes/seconds): 16:07:21
----------------------------------------

----------------------------------------
TRIAL 31 STARTED
----------------------------------------
Start Time: 2024-05-23 02:27:37
At time step 87 the agent is dead
The agent had 21 food, 0 water, and 23 sleep.
The total tree search depth for this trial was 1344191. 
The agent accessed its memory 21804678 times. 
The agent cleared its short-term memory 68 times. 
     State prediction error memory resets: 4. 
     Hill memory resets: 64. 
TRIAL 31 COMPLETE ?
End Time: 2024-05-23 03:16:11
Total runtime for this trial (minutes/seconds): 48:34
----------------------------------------
Total hill visits: 1602. 
Total prediction errors: 120. 
Total search depth: 28400961. 
Total times memory accessed: 462991109. 
Total times 25 >= t <= 50: 3. 
Total times 50 >= t <= 75: 3. 
Total times 75 >= t <= 100: 4. 
Total times t == 100: 15. 
Total time steps survived: 2328. 
Total runtime so far (hours/minutes/seconds): 16:55:54
----------------------------------------

----------------------------------------
TRIAL 32 STARTED
----------------------------------------
Start Time: 2024-05-23 03:16:10
At time step 99 the agent is dead
The agent had 13 food, 19 water, and 22 sleep.
The total tree search depth for this trial was 1811028. 
The agent accessed its memory 29363270 times. 
The agent cleared its short-term memory 74 times. 
     State prediction error memory resets: 5. 
     Hill memory resets: 69. 
TRIAL 32 COMPLETE ?
End Time: 2024-05-23 04:21:48
Total runtime for this trial (minutes/seconds): 05:38
----------------------------------------
Total hill visits: 1671. 
Total prediction errors: 125. 
Total search depth: 30211989. 
Total times memory accessed: 492354379. 
Total times 25 >= t <= 50: 3. 
Total times 50 >= t <= 75: 3. 
Total times 75 >= t <= 100: 4. 
Total times t == 100: 16. 
Total time steps survived: 2428. 
Total runtime so far (hours/minutes/seconds): 18:01:31
----------------------------------------

----------------------------------------
TRIAL 33 STARTED
----------------------------------------
Start Time: 2024-05-23 04:21:47
At time step 99 the agent is dead
The agent had 15 food, 16 water, and 19 sleep.
The total tree search depth for this trial was 1683047. 
The agent accessed its memory 27460906 times. 
The agent cleared its short-term memory 73 times. 
     State prediction error memory resets: 4. 
     Hill memory resets: 69. 
TRIAL 33 COMPLETE ?
End Time: 2024-05-23 05:21:10
Total runtime for this trial (minutes/seconds): 59:23
----------------------------------------
Total hill visits: 1740. 
Total prediction errors: 129. 
Total search depth: 31895036. 
Total times memory accessed: 519815285. 
Total times 25 >= t <= 50: 3. 
Total times 50 >= t <= 75: 3. 
Total times 75 >= t <= 100: 4. 
Total times t == 100: 17. 
Total time steps survived: 2528. 
Total runtime so far (hours/minutes/seconds): 19:00:53
----------------------------------------

----------------------------------------
TRIAL 34 STARTED
----------------------------------------
Start Time: 2024-05-23 05:21:09
At time step 23 the agent is dead
The agent had 0 food, 17 water, and 17 sleep.
The total tree search depth for this trial was 386879. 
The agent accessed its memory 6314435 times. 
The agent cleared its short-term memory 17 times. 
     State prediction error memory resets: 1. 
     Hill memory resets: 16. 
TRIAL 34 COMPLETE ?
End Time: 2024-05-23 05:34:48
Total runtime for this trial (minutes/seconds): 13:39
----------------------------------------
Total hill visits: 1756. 
Total prediction errors: 130. 
Total search depth: 32281915. 
Total times memory accessed: 526129720. 
Total times 25 >= t <= 50: 3. 
Total times 50 >= t <= 75: 3. 
Total times 75 >= t <= 100: 4. 
Total times t == 100: 17. 
Total time steps survived: 2552. 
Total runtime so far (hours/minutes/seconds): 19:14:31
----------------------------------------

----------------------------------------
TRIAL 35 STARTED
----------------------------------------
Start Time: 2024-05-23 05:34:47
At time step 45 the agent is dead
The agent had 0 food, 18 water, and 25 sleep.
The total tree search depth for this trial was 772778. 
The agent accessed its memory 12581275 times. 
The agent cleared its short-term memory 37 times. 
     State prediction error memory resets: 4. 
     Hill memory resets: 33. 
TRIAL 35 COMPLETE ?
End Time: 2024-05-23 06:02:17
Total runtime for this trial (minutes/seconds): 27:30
----------------------------------------
Total hill visits: 1789. 
Total prediction errors: 134. 
Total search depth: 33054693. 
Total times memory accessed: 538710995. 
Total times 25 >= t <= 50: 4. 
Total times 50 >= t <= 75: 3. 
Total times 75 >= t <= 100: 4. 
Total times t == 100: 17. 
Total time steps survived: 2598. 
Total runtime so far (hours/minutes/seconds): 19:42:00
----------------------------------------

----------------------------------------
TRIAL 36 STARTED
----------------------------------------
Start Time: 2024-05-23 06:02:16
At time step 23 the agent is dead
The agent had 0 food, 18 water, and 25 sleep.
The total tree search depth for this trial was 448696. 
The agent accessed its memory 7336584 times. 
The agent cleared its short-term memory 17 times. 
     State prediction error memory resets: 0. 
     Hill memory resets: 17. 
TRIAL 36 COMPLETE ?
End Time: 2024-05-23 06:17:58
Total runtime for this trial (minutes/seconds): 15:42
----------------------------------------
Total hill visits: 1806. 
Total prediction errors: 134. 
Total search depth: 33503389. 
Total times memory accessed: 546047579. 
Total times 25 >= t <= 50: 4. 
Total times 50 >= t <= 75: 3. 
Total times 75 >= t <= 100: 4. 
Total times t == 100: 17. 
Total time steps survived: 2622. 
Total runtime so far (hours/minutes/seconds): 19:57:41
----------------------------------------

----------------------------------------
TRIAL 37 STARTED
----------------------------------------
Start Time: 2024-05-23 06:17:57
At time step 71 the agent is dead
The agent had 0 food, 18 water, and 4 sleep.
The total tree search depth for this trial was 1323943. 
The agent accessed its memory 21581229 times. 
The agent cleared its short-term memory 53 times. 
     State prediction error memory resets: 2. 
     Hill memory resets: 51. 
TRIAL 37 COMPLETE ?
End Time: 2024-05-23 07:04:52
Total runtime for this trial (minutes/seconds): 46:55
----------------------------------------
Total hill visits: 1857. 
Total prediction errors: 136. 
Total search depth: 34827332. 
Total times memory accessed: 567628808. 
Total times 25 >= t <= 50: 4. 
Total times 50 >= t <= 75: 4. 
Total times 75 >= t <= 100: 4. 
Total times t == 100: 17. 
Total time steps survived: 2694. 
Total runtime so far (hours/minutes/seconds): 20:44:35
----------------------------------------

----------------------------------------
TRIAL 38 STARTED
----------------------------------------
Start Time: 2024-05-23 07:04:51
At time step 99 the agent is dead
The agent had 13 food, 18 water, and 17 sleep.
The total tree search depth for this trial was 1586848. 
The agent accessed its memory 26027598 times. 
The agent cleared its short-term memory 78 times. 
     State prediction error memory resets: 4. 
     Hill memory resets: 74. 
TRIAL 38 COMPLETE ?
End Time: 2024-05-23 07:59:32
Total runtime for this trial (minutes/seconds): 54:41
----------------------------------------
Total hill visits: 1931. 
Total prediction errors: 140. 
Total search depth: 36414180. 
Total times memory accessed: 593656406. 
Total times 25 >= t <= 50: 4. 
Total times 50 >= t <= 75: 4. 
Total times 75 >= t <= 100: 4. 
Total times t == 100: 18. 
Total time steps survived: 2794. 
Total runtime so far (hours/minutes/seconds): 21:39:15
----------------------------------------

----------------------------------------
TRIAL 39 STARTED
----------------------------------------
Start Time: 2024-05-23 07:59:31
At time step 99 the agent is dead
The agent had 13 food, 17 water, and 17 sleep.
The total tree search depth for this trial was 1802373. 
The agent accessed its memory 29453760 times. 
The agent cleared its short-term memory 75 times. 
     State prediction error memory resets: 3. 
     Hill memory resets: 72. 
TRIAL 39 COMPLETE ?
End Time: 2024-05-23 09:02:39
Total runtime for this trial (minutes/seconds): 03:08
----------------------------------------
Total hill visits: 2003. 
Total prediction errors: 143. 
Total search depth: 38216553. 
Total times memory accessed: 623110166. 
Total times 25 >= t <= 50: 4. 
Total times 50 >= t <= 75: 4. 
Total times 75 >= t <= 100: 4. 
Total times t == 100: 19. 
Total time steps survived: 2894. 
Total runtime so far (hours/minutes/seconds): 22:42:22
----------------------------------------

----------------------------------------
TRIAL 40 STARTED
----------------------------------------
Start Time: 2024-05-23 09:02:38
At time step 69 the agent is dead
The agent had 0 food, 18 water, and 4 sleep.
The total tree search depth for this trial was 1286753. 
The agent accessed its memory 20944853 times. 
The agent cleared its short-term memory 53 times. 
     State prediction error memory resets: 2. 
     Hill memory resets: 51. 
TRIAL 40 COMPLETE ?
End Time: 2024-05-23 09:48:28
Total runtime for this trial (minutes/seconds): 45:50
----------------------------------------
Total hill visits: 2054. 
Total prediction errors: 145. 
Total search depth: 39503306. 
Total times memory accessed: 644055019. 
Total times 25 >= t <= 50: 4. 
Total times 50 >= t <= 75: 5. 
Total times 75 >= t <= 100: 4. 
Total times t == 100: 19. 
Total time steps survived: 2964. 
Total runtime so far (hours/minutes/seconds): 23:28:11
----------------------------------------

----------------------------------------
TRIAL 41 STARTED
----------------------------------------
Start Time: 2024-05-23 09:48:27
At time step 99 the agent is dead
The agent had 8 food, 12 water, and 12 sleep.
The total tree search depth for this trial was 1749223. 
The agent accessed its memory 28692830 times. 
The agent cleared its short-term memory 81 times. 
     State prediction error memory resets: 4. 
     Hill memory resets: 77. 
TRIAL 41 COMPLETE ?
End Time: 2024-05-23 10:47:47
Total runtime for this trial (minutes/seconds): 59:20
----------------------------------------
Total hill visits: 2131. 
Total prediction errors: 149. 
Total search depth: 41252529. 
Total times memory accessed: 672747849. 
Total times 25 >= t <= 50: 4. 
Total times 50 >= t <= 75: 5. 
Total times 75 >= t <= 100: 4. 
Total times t == 100: 20. 
Total time steps survived: 3064. 
Total runtime so far (hours/minutes/seconds): 24:27:30
----------------------------------------

----------------------------------------
TRIAL 42 STARTED
----------------------------------------
Start Time: 2024-05-23 10:47:46
At time step 99 the agent is dead
The agent had 12 food, 20 water, and 23 sleep.
The total tree search depth for this trial was 1355857. 
The agent accessed its memory 22078301 times. 
The agent cleared its short-term memory 78 times. 
     State prediction error memory resets: 6. 
     Hill memory resets: 72. 
TRIAL 42 COMPLETE ?
End Time: 2024-05-23 11:34:08
Total runtime for this trial (minutes/seconds): 46:22
----------------------------------------
Total hill visits: 2203. 
Total prediction errors: 155. 
Total search depth: 42608386. 
Total times memory accessed: 694826150. 
Total times 25 >= t <= 50: 4. 
Total times 50 >= t <= 75: 5. 
Total times 75 >= t <= 100: 4. 
Total times t == 100: 21. 
Total time steps survived: 3164. 
Total runtime so far (hours/minutes/seconds): 25:13:51
----------------------------------------

----------------------------------------
TRIAL 43 STARTED
----------------------------------------
Start Time: 2024-05-23 11:34:07
At time step 99 the agent is dead
The agent had 11 food, 15 water, and 15 sleep.
The total tree search depth for this trial was 1905488. 
The agent accessed its memory 31382992 times. 
The agent cleared its short-term memory 81 times. 
     State prediction error memory resets: 6. 
     Hill memory resets: 75. 
TRIAL 43 COMPLETE ?
End Time: 2024-05-23 12:36:19
Total runtime for this trial (minutes/seconds): 02:12
----------------------------------------
Total hill visits: 2278. 
Total prediction errors: 161. 
Total search depth: 44513874. 
Total times memory accessed: 726209142. 
Total times 25 >= t <= 50: 4. 
Total times 50 >= t <= 75: 5. 
Total times 75 >= t <= 100: 4. 
Total times t == 100: 22. 
Total time steps survived: 3264. 
Total runtime so far (hours/minutes/seconds): 26:16:02
----------------------------------------

----------------------------------------
TRIAL 44 STARTED
----------------------------------------
Start Time: 2024-05-23 12:36:18
At time step 99 the agent is dead
The agent had 11 food, 12 water, and 15 sleep.
The total tree search depth for this trial was 1929529. 
The agent accessed its memory 31652919 times. 
The agent cleared its short-term memory 83 times. 
     State prediction error memory resets: 7. 
     Hill memory resets: 76. 
TRIAL 44 COMPLETE ?
End Time: 2024-05-23 13:40:27
Total runtime for this trial (minutes/seconds): 04:09
----------------------------------------
Total hill visits: 2354. 
Total prediction errors: 168. 
Total search depth: 46443403. 
Total times memory accessed: 757862061. 
Total times 25 >= t <= 50: 4. 
Total times 50 >= t <= 75: 5. 
Total times 75 >= t <= 100: 4. 
Total times t == 100: 23. 
Total time steps survived: 3364. 
Total runtime so far (hours/minutes/seconds): 27:20:10
----------------------------------------

----------------------------------------
TRIAL 45 STARTED
----------------------------------------
Start Time: 2024-05-23 13:40:26
At time step 99 the agent is dead
The agent had 11 food, 12 water, and 15 sleep.
The total tree search depth for this trial was 1782857. 
The agent accessed its memory 29232119 times. 
The agent cleared its short-term memory 77 times. 
     State prediction error memory resets: 1. 
     Hill memory resets: 76. 
TRIAL 45 COMPLETE ?
End Time: 2024-05-23 14:41:41
Total runtime for this trial (minutes/seconds): 01:15
----------------------------------------
Total hill visits: 2430. 
Total prediction errors: 169. 
Total search depth: 48226260. 
Total times memory accessed: 787094180. 
Total times 25 >= t <= 50: 4. 
Total times 50 >= t <= 75: 5. 
Total times 75 >= t <= 100: 4. 
Total times t == 100: 24. 
Total time steps survived: 3464. 
Total runtime so far (hours/minutes/seconds): 28:21:24
----------------------------------------

----------------------------------------
TRIAL 46 STARTED
----------------------------------------
Start Time: 2024-05-23 14:41:40
At time step 99 the agent is dead
The agent had 14 food, 17 water, and 18 sleep.
The total tree search depth for this trial was 1462120. 
The agent accessed its memory 24069721 times. 
The agent cleared its short-term memory 79 times. 
     State prediction error memory resets: 6. 
     Hill memory resets: 73. 
TRIAL 46 COMPLETE ?
End Time: 2024-05-23 15:31:19
Total runtime for this trial (minutes/seconds): 49:39
----------------------------------------
Total hill visits: 2503. 
Total prediction errors: 175. 
Total search depth: 49688380. 
Total times memory accessed: 811163901. 
Total times 25 >= t <= 50: 4. 
Total times 50 >= t <= 75: 5. 
Total times 75 >= t <= 100: 4. 
Total times t == 100: 25. 
Total time steps survived: 3564. 
Total runtime so far (hours/minutes/seconds): 29:11:02
----------------------------------------

----------------------------------------
TRIAL 47 STARTED
----------------------------------------
Start Time: 2024-05-23 15:31:18
At time step 99 the agent is dead
The agent had 8 food, 9 water, and 12 sleep.
The total tree search depth for this trial was 1618415. 
The agent accessed its memory 26733889 times. 
The agent cleared its short-term memory 82 times. 
     State prediction error memory resets: 6. 
     Hill memory resets: 76. 
TRIAL 47 COMPLETE ?
End Time: 2024-05-23 16:25:25
Total runtime for this trial (minutes/seconds): 54:07
----------------------------------------
Total hill visits: 2579. 
Total prediction errors: 181. 
Total search depth: 51306795. 
Total times memory accessed: 837897790. 
Total times 25 >= t <= 50: 4. 
Total times 50 >= t <= 75: 5. 
Total times 75 >= t <= 100: 4. 
Total times t == 100: 26. 
Total time steps survived: 3664. 
Total runtime so far (hours/minutes/seconds): 30:05:08
----------------------------------------

----------------------------------------
TRIAL 48 STARTED
----------------------------------------
Start Time: 2024-05-23 16:25:24
At time step 99 the agent is dead
The agent had 14 food, 15 water, and 22 sleep.
The total tree search depth for this trial was 1655310. 
The agent accessed its memory 27373659 times. 
The agent cleared its short-term memory 77 times. 
     State prediction error memory resets: 9. 
     Hill memory resets: 68. 
TRIAL 48 COMPLETE ?
End Time: 2024-05-23 17:20:27
Total runtime for this trial (minutes/seconds): 55:03
----------------------------------------
Total hill visits: 2647. 
Total prediction errors: 190. 
Total search depth: 52962105. 
Total times memory accessed: 865271449. 
Total times 25 >= t <= 50: 4. 
Total times 50 >= t <= 75: 5. 
Total times 75 >= t <= 100: 4. 
Total times t == 100: 27. 
Total time steps survived: 3764. 
Total runtime so far (hours/minutes/seconds): 31:00:10
----------------------------------------

----------------------------------------
TRIAL 49 STARTED
----------------------------------------
Start Time: 2024-05-23 17:20:26
At time step 99 the agent is dead
The agent had 21 food, 7 water, and 25 sleep.
The total tree search depth for this trial was 1750932. 
The agent accessed its memory 28831191 times. 
The agent cleared its short-term memory 78 times. 
     State prediction error memory resets: 7. 
     Hill memory resets: 71. 
TRIAL 49 COMPLETE ?
End Time: 2024-05-23 18:19:54
Total runtime for this trial (minutes/seconds): 59:28
----------------------------------------
Total hill visits: 2718. 
Total prediction errors: 197. 
Total search depth: 54713037. 
Total times memory accessed: 894102640. 
Total times 25 >= t <= 50: 4. 
Total times 50 >= t <= 75: 5. 
Total times 75 >= t <= 100: 4. 
Total times t == 100: 28. 
Total time steps survived: 3864. 
Total runtime so far (hours/minutes/seconds): 31:59:37
----------------------------------------

----------------------------------------
TRIAL 50 STARTED
----------------------------------------
Start Time: 2024-05-23 18:19:53
At time step 99 the agent is dead
The agent had 10 food, 14 water, and 21 sleep.
The total tree search depth for this trial was 1846967. 
The agent accessed its memory 30430705 times. 
The agent cleared its short-term memory 76 times. 
     State prediction error memory resets: 3. 
     Hill memory resets: 73. 
TRIAL 50 COMPLETE ?
End Time: 2024-05-23 19:22:23
Total runtime for this trial (minutes/seconds): 02:30
----------------------------------------
Total hill visits: 2791. 
Total prediction errors: 200. 
Total search depth: 56560004. 
Total times memory accessed: 924533345. 
Total times 25 >= t <= 50: 4. 
Total times 50 >= t <= 75: 5. 
Total times 75 >= t <= 100: 4. 
Total times t == 100: 29. 
Total time steps survived: 3964. 
Total runtime so far (hours/minutes/seconds): 33:02:06
----------------------------------------

----------------------------------------
TRIAL 51 STARTED
----------------------------------------
Start Time: 2024-05-23 19:22:22
At time step 99 the agent is dead
The agent had 12 food, 15 water, and 16 sleep.
The total tree search depth for this trial was 1637423. 
The agent accessed its memory 27046336 times. 
The agent cleared its short-term memory 77 times. 
     State prediction error memory resets: 3. 
     Hill memory resets: 74. 
TRIAL 51 COMPLETE ?
End Time: 2024-05-23 20:17:12
Total runtime for this trial (minutes/seconds): 54:50
----------------------------------------
Total hill visits: 2865. 
Total prediction errors: 203. 
Total search depth: 58197427. 
Total times memory accessed: 951579681. 
Total times 25 >= t <= 50: 4. 
Total times 50 >= t <= 75: 5. 
Total times 75 >= t <= 100: 4. 
Total times t == 100: 30. 
Total time steps survived: 4064. 
Total runtime so far (hours/minutes/seconds): 33:56:55
----------------------------------------

----------------------------------------
TRIAL 52 STARTED
----------------------------------------
Start Time: 2024-05-23 20:17:11
At time step 99 the agent is dead
The agent had 13 food, 16 water, and 17 sleep.
The total tree search depth for this trial was 1764746. 
The agent accessed its memory 29078034 times. 
The agent cleared its short-term memory 80 times. 
     State prediction error memory resets: 6. 
     Hill memory resets: 74. 
TRIAL 52 COMPLETE ?
End Time: 2024-05-23 21:16:57
Total runtime for this trial (minutes/seconds): 59:46
----------------------------------------
Total hill visits: 2939. 
Total prediction errors: 209. 
Total search depth: 59962173. 
Total times memory accessed: 980657715. 
Total times 25 >= t <= 50: 4. 
Total times 50 >= t <= 75: 5. 
Total times 75 >= t <= 100: 4. 
Total times t == 100: 31. 
Total time steps survived: 4164. 
Total runtime so far (hours/minutes/seconds): 34:56:40
----------------------------------------

----------------------------------------
TRIAL 53 STARTED
----------------------------------------
Start Time: 2024-05-23 21:16:56
At time step 99 the agent is dead
The agent had 12 food, 14 water, and 16 sleep.
The total tree search depth for this trial was 1849851. 
The agent accessed its memory 30404215 times. 
The agent cleared its short-term memory 81 times. 
     State prediction error memory resets: 7. 
     Hill memory resets: 74. 
TRIAL 53 COMPLETE ?
End Time: 2024-05-23 22:20:13
Total runtime for this trial (minutes/seconds): 03:17
----------------------------------------
Total hill visits: 3013. 
Total prediction errors: 216. 
Total search depth: 61812024. 
Total times memory accessed: 1011061930. 
Total times 25 >= t <= 50: 4. 
Total times 50 >= t <= 75: 5. 
Total times 75 >= t <= 100: 4. 
Total times t == 100: 32. 
Total time steps survived: 4264. 
Total runtime so far (hours/minutes/seconds): 35:59:56
----------------------------------------

----------------------------------------
TRIAL 54 STARTED
----------------------------------------
Start Time: 2024-05-23 22:20:12
At time step 89 the agent is dead
The agent had 0 food, 18 water, and 12 sleep.
The total tree search depth for this trial was 1593999. 
The agent accessed its memory 26222737 times. 
The agent cleared its short-term memory 68 times. 
     State prediction error memory resets: 2. 
     Hill memory resets: 66. 
TRIAL 54 COMPLETE ?
End Time: 2024-05-23 23:14:27
Total runtime for this trial (minutes/seconds): 54:15
----------------------------------------
Total hill visits: 3079. 
Total prediction errors: 218. 
Total search depth: 63406023. 
Total times memory accessed: 1037284667. 
Total times 25 >= t <= 50: 4. 
Total times 50 >= t <= 75: 5. 
Total times 75 >= t <= 100: 5. 
Total times t == 100: 32. 
Total time steps survived: 4354. 
Total runtime so far (hours/minutes/seconds): 36:54:10
----------------------------------------

----------------------------------------
TRIAL 55 STARTED
----------------------------------------
Start Time: 2024-05-23 23:14:26
At time step 23 the agent is dead
The agent had 0 food, 18 water, and 4 sleep.
The total tree search depth for this trial was 446227. 
The agent accessed its memory 7302905 times. 
The agent cleared its short-term memory 17 times. 
     State prediction error memory resets: 0. 
     Hill memory resets: 17. 
TRIAL 55 COMPLETE ?
End Time: 2024-05-23 23:29:59
Total runtime for this trial (minutes/seconds): 15:33
----------------------------------------
Total hill visits: 3096. 
Total prediction errors: 218. 
Total search depth: 63852250. 
Total times memory accessed: 1044587572. 
Total times 25 >= t <= 50: 4. 
Total times 50 >= t <= 75: 5. 
Total times 75 >= t <= 100: 5. 
Total times t == 100: 32. 
Total time steps survived: 4378. 
Total runtime so far (hours/minutes/seconds): 37:09:42
----------------------------------------

----------------------------------------
TRIAL 56 STARTED
----------------------------------------
Start Time: 2024-05-23 23:29:58
At time step 99 the agent is dead
The agent had 10 food, 11 water, and 14 sleep.
The total tree search depth for this trial was 1894631. 
The agent accessed its memory 31274057 times. 
The agent cleared its short-term memory 80 times. 
     State prediction error memory resets: 5. 
     Hill memory resets: 75. 
TRIAL 56 COMPLETE ?
End Time: 2024-05-24 00:33:32
Total runtime for this trial (minutes/seconds): 03:34
----------------------------------------
Total hill visits: 3171. 
Total prediction errors: 223. 
Total search depth: 65746881. 
Total times memory accessed: 1075861629. 
Total times 25 >= t <= 50: 4. 
Total times 50 >= t <= 75: 5. 
Total times 75 >= t <= 100: 5. 
Total times t == 100: 33. 
Total time steps survived: 4478. 
Total runtime so far (hours/minutes/seconds): 38:13:15
----------------------------------------

----------------------------------------
TRIAL 57 STARTED
----------------------------------------
Start Time: 2024-05-24 00:33:31
At time step 99 the agent is dead
The agent had 12 food, 17 water, and 24 sleep.
The total tree search depth for this trial was 1438083. 
The agent accessed its memory 23733953 times. 
The agent cleared its short-term memory 75 times. 
     State prediction error memory resets: 2. 
     Hill memory resets: 73. 
TRIAL 57 COMPLETE ?
End Time: 2024-05-24 01:21:49
Total runtime for this trial (minutes/seconds): 48:18
----------------------------------------
Total hill visits: 3244. 
Total prediction errors: 225. 
Total search depth: 67184964. 
Total times memory accessed: 1099595582. 
Total times 25 >= t <= 50: 4. 
Total times 50 >= t <= 75: 5. 
Total times 75 >= t <= 100: 5. 
Total times t == 100: 34. 
Total time steps survived: 4578. 
Total runtime so far (hours/minutes/seconds): 39:01:32
----------------------------------------

----------------------------------------
TRIAL 58 STARTED
----------------------------------------
Start Time: 2024-05-24 01:21:48
At time step 99 the agent is dead
The agent had 5 food, 7 water, and 9 sleep.
The total tree search depth for this trial was 2208272. 
The agent accessed its memory 36494145 times. 
The agent cleared its short-term memory 83 times. 
     State prediction error memory resets: 5. 
     Hill memory resets: 78. 
TRIAL 58 COMPLETE ?
End Time: 2024-05-24 02:35:38
Total runtime for this trial (minutes/seconds): 13:50
----------------------------------------
Total hill visits: 3322. 
Total prediction errors: 230. 
Total search depth: 69393236. 
Total times memory accessed: 1136089727. 
Total times 25 >= t <= 50: 4. 
Total times 50 >= t <= 75: 5. 
Total times 75 >= t <= 100: 5. 
Total times t == 100: 35. 
Total time steps survived: 4678. 
Total runtime so far (hours/minutes/seconds): 40:15:21
----------------------------------------

----------------------------------------
TRIAL 59 STARTED
----------------------------------------
Start Time: 2024-05-24 02:35:37
At time step 99 the agent is dead
The agent had 9 food, 19 water, and 19 sleep.
The total tree search depth for this trial was 1608693. 
The agent accessed its memory 26614239 times. 
The agent cleared its short-term memory 78 times. 
     State prediction error memory resets: 2. 
     Hill memory resets: 76. 
TRIAL 59 COMPLETE ?
End Time: 2024-05-24 03:29:05
Total runtime for this trial (minutes/seconds): 53:28
----------------------------------------
Total hill visits: 3398. 
Total prediction errors: 232. 
Total search depth: 71001929. 
Total times memory accessed: 1162703966. 
Total times 25 >= t <= 50: 4. 
Total times 50 >= t <= 75: 5. 
Total times 75 >= t <= 100: 5. 
Total times t == 100: 36. 
Total time steps survived: 4778. 
Total runtime so far (hours/minutes/seconds): 41:08:48
----------------------------------------

----------------------------------------
TRIAL 60 STARTED
----------------------------------------
Start Time: 2024-05-24 03:29:04
At time step 99 the agent is dead
The agent had 15 food, 19 water, and 19 sleep.
The total tree search depth for this trial was 1750965. 
The agent accessed its memory 29033806 times. 
The agent cleared its short-term memory 78 times. 
     State prediction error memory resets: 6. 
     Hill memory resets: 72. 
TRIAL 60 COMPLETE ?
End Time: 2024-05-24 04:26:41
Total runtime for this trial (minutes/seconds): 57:37
----------------------------------------
Total hill visits: 3470. 
Total prediction errors: 238. 
Total search depth: 72752894. 
Total times memory accessed: 1191737772. 
Total times 25 >= t <= 50: 4. 
Total times 50 >= t <= 75: 5. 
Total times 75 >= t <= 100: 5. 
Total times t == 100: 37. 
Total time steps survived: 4878. 
Total runtime so far (hours/minutes/seconds): 42:06:24
----------------------------------------

----------------------------------------
TRIAL 61 STARTED
----------------------------------------
Start Time: 2024-05-24 04:26:41
At time step 99 the agent is dead
The agent had 12 food, 14 water, and 16 sleep.
The total tree search depth for this trial was 1908783. 
The agent accessed its memory 31575502 times. 
The agent cleared its short-term memory 79 times. 
     State prediction error memory resets: 3. 
     Hill memory resets: 76. 
TRIAL 61 COMPLETE ?
End Time: 2024-05-24 05:30:11
Total runtime for this trial (minutes/seconds): 03:30
----------------------------------------
Total hill visits: 3546. 
Total prediction errors: 241. 
Total search depth: 74661677. 
Total times memory accessed: 1223313274. 
Total times 25 >= t <= 50: 4. 
Total times 50 >= t <= 75: 5. 
Total times 75 >= t <= 100: 5. 
Total times t == 100: 38. 
Total time steps survived: 4978. 
Total runtime so far (hours/minutes/seconds): 43:09:54
----------------------------------------

----------------------------------------
TRIAL 62 STARTED
----------------------------------------
Start Time: 2024-05-24 05:30:10
At time step 99 the agent is dead
The agent had 13 food, 5 water, and 17 sleep.
The total tree search depth for this trial was 1549176. 
The agent accessed its memory 25698807 times. 
The agent cleared its short-term memory 78 times. 
     State prediction error memory resets: 4. 
     Hill memory resets: 74. 
TRIAL 62 COMPLETE ?
End Time: 2024-05-24 06:21:01
Total runtime for this trial (minutes/seconds): 50:51
----------------------------------------
Total hill visits: 3620. 
Total prediction errors: 245. 
Total search depth: 76210853. 
Total times memory accessed: 1249012081. 
Total times 25 >= t <= 50: 4. 
Total times 50 >= t <= 75: 5. 
Total times 75 >= t <= 100: 5. 
Total times t == 100: 39. 
Total time steps survived: 5078. 
Total runtime so far (hours/minutes/seconds): 44:00:44
----------------------------------------

----------------------------------------
TRIAL 63 STARTED
----------------------------------------
Start Time: 2024-05-24 06:21:00
At time step 99 the agent is dead
The agent had 10 food, 11 water, and 21 sleep.
The total tree search depth for this trial was 1740276. 
The agent accessed its memory 28997976 times. 
The agent cleared its short-term memory 79 times. 
     State prediction error memory resets: 4. 
     Hill memory resets: 75. 
TRIAL 63 COMPLETE ?
End Time: 2024-05-24 07:16:56
Total runtime for this trial (minutes/seconds): 55:56
----------------------------------------
Total hill visits: 3695. 
Total prediction errors: 249. 
Total search depth: 77951129. 
Total times memory accessed: 1278010057. 
Total times 25 >= t <= 50: 4. 
Total times 50 >= t <= 75: 5. 
Total times 75 >= t <= 100: 5. 
Total times t == 100: 40. 
Total time steps survived: 5178. 
Total runtime so far (hours/minutes/seconds): 44:56:39
----------------------------------------

----------------------------------------
TRIAL 64 STARTED
----------------------------------------
Start Time: 2024-05-24 07:16:55
At time step 90 the agent is dead
The agent had 0 food, 18 water, and 4 sleep.
The total tree search depth for this trial was 1699875. 
The agent accessed its memory 28210271 times. 
The agent cleared its short-term memory 74 times. 
     State prediction error memory resets: 4. 
     Hill memory resets: 70. 
TRIAL 64 COMPLETE ?
End Time: 2024-05-24 08:12:35
Total runtime for this trial (minutes/seconds): 55:40
----------------------------------------
Total hill visits: 3765. 
Total prediction errors: 253. 
Total search depth: 79651004. 
Total times memory accessed: 1306220328. 
Total times 25 >= t <= 50: 4. 
Total times 50 >= t <= 75: 5. 
Total times 75 >= t <= 100: 6. 
Total times t == 100: 40. 
Total time steps survived: 5269. 
Total runtime so far (hours/minutes/seconds): 45:52:18
----------------------------------------

----------------------------------------
TRIAL 65 STARTED
----------------------------------------
Start Time: 2024-05-24 08:12:34
At time step 99 the agent is dead
The agent had 12 food, 18 water, and 16 sleep.
The total tree search depth for this trial was 1532799. 
The agent accessed its memory 25563692 times. 
The agent cleared its short-term memory 76 times. 
     State prediction error memory resets: 4. 
     Hill memory resets: 72. 
TRIAL 65 COMPLETE ?
End Time: 2024-05-24 09:01:34
Total runtime for this trial (minutes/seconds): 49:00
----------------------------------------
Total hill visits: 3837. 
Total prediction errors: 257. 
Total search depth: 81183803. 
Total times memory accessed: 1331784020. 
Total times 25 >= t <= 50: 4. 
Total times 50 >= t <= 75: 5. 
Total times 75 >= t <= 100: 6. 
Total times t == 100: 41. 
Total time steps survived: 5369. 
Total runtime so far (hours/minutes/seconds): 46:41:17
----------------------------------------

----------------------------------------
TRIAL 66 STARTED
----------------------------------------
Start Time: 2024-05-24 09:01:33
At time step 45 the agent is dead
The agent had 0 food, 18 water, and 10 sleep.
The total tree search depth for this trial was 854176. 
The agent accessed its memory 14288667 times. 
The agent cleared its short-term memory 36 times. 
     State prediction error memory resets: 2. 
     Hill memory resets: 34. 
TRIAL 66 COMPLETE ?
End Time: 2024-05-24 09:28:20
Total runtime for this trial (minutes/seconds): 26:47
----------------------------------------
Total hill visits: 3871. 
Total prediction errors: 259. 
Total search depth: 82037979. 
Total times memory accessed: 1346072687. 
Total times 25 >= t <= 50: 5. 
Total times 50 >= t <= 75: 5. 
Total times 75 >= t <= 100: 6. 
Total times t == 100: 41. 
Total time steps survived: 5415. 
Total runtime so far (hours/minutes/seconds): 47:08:03
----------------------------------------

----------------------------------------
TRIAL 67 STARTED
----------------------------------------
Start Time: 2024-05-24 09:28:19
At time step 99 the agent is dead
The agent had 14 food, 16 water, and 23 sleep.
The total tree search depth for this trial was 1884035. 
The agent accessed its memory 31468555 times. 
The agent cleared its short-term memory 78 times. 
     State prediction error memory resets: 7. 
     Hill memory resets: 71. 
TRIAL 67 COMPLETE ?
End Time: 2024-05-24 10:26:02
Total runtime for this trial (minutes/seconds): 57:43
----------------------------------------
Total hill visits: 3942. 
Total prediction errors: 266. 
Total search depth: 83922014. 
Total times memory accessed: 1377541242. 
Total times 25 >= t <= 50: 5. 
Total times 50 >= t <= 75: 5. 
Total times 75 >= t <= 100: 6. 
Total times t == 100: 42. 
Total time steps survived: 5515. 
Total runtime so far (hours/minutes/seconds): 48:05:45
----------------------------------------

----------------------------------------
TRIAL 68 STARTED
----------------------------------------
Start Time: 2024-05-24 10:26:01
At time step 99 the agent is dead
The agent had 8 food, 11 water, and 12 sleep.
The total tree search depth for this trial was 2128997. 
The agent accessed its memory 35705546 times. 
The agent cleared its short-term memory 81 times. 
     State prediction error memory resets: 3. 
     Hill memory resets: 78. 
TRIAL 68 COMPLETE ?
End Time: 2024-05-24 11:32:14
Total runtime for this trial (minutes/seconds): 06:13
----------------------------------------
Total hill visits: 4020. 
Total prediction errors: 269. 
Total search depth: 86051011. 
Total times memory accessed: 1413246788. 
Total times 25 >= t <= 50: 5. 
Total times 50 >= t <= 75: 5. 
Total times 75 >= t <= 100: 6. 
Total times t == 100: 43. 
Total time steps survived: 5615. 
Total runtime so far (hours/minutes/seconds): 49:11:57
----------------------------------------

----------------------------------------
TRIAL 69 STARTED
----------------------------------------
Start Time: 2024-05-24 11:32:13
At time step 99 the agent is dead
The agent had 9 food, 13 water, and 13 sleep.
The total tree search depth for this trial was 2001554. 
The agent accessed its memory 33648711 times. 
The agent cleared its short-term memory 84 times. 
     State prediction error memory resets: 7. 
     Hill memory resets: 77. 
TRIAL 69 COMPLETE ?
End Time: 2024-05-24 12:33:55
Total runtime for this trial (minutes/seconds): 01:42
----------------------------------------
Total hill visits: 4097. 
Total prediction errors: 276. 
Total search depth: 88052565. 
Total times memory accessed: 1446895499. 
Total times 25 >= t <= 50: 5. 
Total times 50 >= t <= 75: 5. 
Total times 75 >= t <= 100: 6. 
Total times t == 100: 44. 
Total time steps survived: 5715. 
Total runtime so far (hours/minutes/seconds): 50:13:38
----------------------------------------

----------------------------------------
TRIAL 70 STARTED
----------------------------------------
Start Time: 2024-05-24 12:33:54
At time step 99 the agent is dead
The agent had 9 food, 16 water, and 13 sleep.
The total tree search depth for this trial was 1586793. 
The agent accessed its memory 26769248 times. 
The agent cleared its short-term memory 80 times. 
     State prediction error memory resets: 5. 
     Hill memory resets: 75. 
TRIAL 70 COMPLETE ?
End Time: 2024-05-24 13:21:51
Total runtime for this trial (minutes/seconds): 47:57
----------------------------------------
Total hill visits: 4172. 
Total prediction errors: 281. 
Total search depth: 89639358. 
Total times memory accessed: 1473664747. 
Total times 25 >= t <= 50: 5. 
Total times 50 >= t <= 75: 5. 
Total times 75 >= t <= 100: 6. 
Total times t == 100: 45. 
Total time steps survived: 5815. 
Total runtime so far (hours/minutes/seconds): 51:01:34
----------------------------------------

----------------------------------------
TRIAL 71 STARTED
----------------------------------------
Start Time: 2024-05-24 13:21:50
At time step 99 the agent is dead
The agent had 13 food, 7 water, and 17 sleep.
The total tree search depth for this trial was 2117786. 
The agent accessed its memory 35522164 times. 
The agent cleared its short-term memory 84 times. 
     State prediction error memory resets: 8. 
     Hill memory resets: 76. 
TRIAL 71 COMPLETE ?
End Time: 2024-05-24 14:27:47
Total runtime for this trial (minutes/seconds): 05:57
----------------------------------------
Total hill visits: 4248. 
Total prediction errors: 289. 
Total search depth: 91757144. 
Total times memory accessed: 1509186911. 
Total times 25 >= t <= 50: 5. 
Total times 50 >= t <= 75: 5. 
Total times 75 >= t <= 100: 6. 
Total times t == 100: 46. 
Total time steps survived: 5915. 
Total runtime so far (hours/minutes/seconds): 52:07:30
----------------------------------------

----------------------------------------
TRIAL 72 STARTED
----------------------------------------
Start Time: 2024-05-24 14:27:46
At time step 99 the agent is dead
The agent had 13 food, 17 water, and 17 sleep.
The total tree search depth for this trial was 1933090. 
The agent accessed its memory 32424630 times. 
The agent cleared its short-term memory 79 times. 
     State prediction error memory resets: 6. 
     Hill memory resets: 73. 
TRIAL 72 COMPLETE ?
End Time: 2024-05-24 15:27:56
Total runtime for this trial (minutes/seconds): 00:10
----------------------------------------
Total hill visits: 4321. 
Total prediction errors: 295. 
Total search depth: 93690234. 
Total times memory accessed: 1541611541. 
Total times 25 >= t <= 50: 5. 
Total times 50 >= t <= 75: 5. 
Total times 75 >= t <= 100: 6. 
Total times t == 100: 47. 
Total time steps survived: 6015. 
Total runtime so far (hours/minutes/seconds): 53:07:39
----------------------------------------

----------------------------------------
TRIAL 73 STARTED
----------------------------------------
Start Time: 2024-05-24 15:27:55
At time step 99 the agent is dead
The agent had 13 food, 7 water, and 17 sleep.
The total tree search depth for this trial was 2022692. 
The agent accessed its memory 33911715 times. 
The agent cleared its short-term memory 81 times. 
     State prediction error memory resets: 7. 
     Hill memory resets: 74. 
TRIAL 73 COMPLETE ?
End Time: 2024-05-24 16:31:06
Total runtime for this trial (minutes/seconds): 03:11
----------------------------------------
Total hill visits: 4395. 
Total prediction errors: 302. 
Total search depth: 95712926. 
Total times memory accessed: 1575523256. 
Total times 25 >= t <= 50: 5. 
Total times 50 >= t <= 75: 5. 
Total times 75 >= t <= 100: 6. 
Total times t == 100: 48. 
Total time steps survived: 6115. 
Total runtime so far (hours/minutes/seconds): 54:10:49
----------------------------------------

----------------------------------------
TRIAL 74 STARTED
----------------------------------------
Start Time: 2024-05-24 16:31:05
At time step 99 the agent is dead
The agent had 10 food, 13 water, and 14 sleep.
The total tree search depth for this trial was 1943325. 
The agent accessed its memory 32668575 times. 
The agent cleared its short-term memory 84 times. 
     State prediction error memory resets: 6. 
     Hill memory resets: 78. 
TRIAL 74 COMPLETE ?
End Time: 2024-05-24 17:30:54
Total runtime for this trial (minutes/seconds): 59:49
----------------------------------------
Total hill visits: 4473. 
Total prediction errors: 308. 
Total search depth: 97656251. 
Total times memory accessed: 1608191831. 
Total times 25 >= t <= 50: 5. 
Total times 50 >= t <= 75: 5. 
Total times 75 >= t <= 100: 6. 
Total times t == 100: 49. 
Total time steps survived: 6215. 
Total runtime so far (hours/minutes/seconds): 55:10:37
----------------------------------------

----------------------------------------
TRIAL 75 STARTED
----------------------------------------
Start Time: 2024-05-24 17:30:53
At time step 99 the agent is dead
The agent had 14 food, 15 water, and 18 sleep.
The total tree search depth for this trial was 2120373. 
The agent accessed its memory 35733518 times. 
The agent cleared its short-term memory 80 times. 
     State prediction error memory resets: 5. 
     Hill memory resets: 75. 
TRIAL 75 COMPLETE ?
End Time: 2024-05-24 18:35:27
Total runtime for this trial (minutes/seconds): 04:34
----------------------------------------
Total hill visits: 4548. 
Total prediction errors: 313. 
Total search depth: 99776624. 
Total times memory accessed: 1643925349. 
Total times 25 >= t <= 50: 5. 
Total times 50 >= t <= 75: 5. 
Total times 75 >= t <= 100: 6. 
Total times t == 100: 50. 
Total time steps survived: 6315. 
Total runtime so far (hours/minutes/seconds): 56:15:10
----------------------------------------

----------------------------------------
TRIAL 76 STARTED
----------------------------------------
Start Time: 2024-05-24 18:35:26
At time step 99 the agent is dead
The agent had 12 food, 3 water, and 16 sleep.
The total tree search depth for this trial was 1773457. 
The agent accessed its memory 29841920 times. 
The agent cleared its short-term memory 80 times. 
     State prediction error memory resets: 3. 
     Hill memory resets: 77. 
TRIAL 76 COMPLETE ?
End Time: 2024-05-24 19:29:46
Total runtime for this trial (minutes/seconds): 54:20
----------------------------------------
Total hill visits: 4625. 
Total prediction errors: 316. 
Total search depth: 101550081. 
Total times memory accessed: 1673767269. 
Total times 25 >= t <= 50: 5. 
Total times 50 >= t <= 75: 5. 
Total times 75 >= t <= 100: 6. 
Total times t == 100: 51. 
Total time steps survived: 6415. 
Total runtime so far (hours/minutes/seconds): 57:09:29
----------------------------------------

----------------------------------------
TRIAL 77 STARTED
----------------------------------------
Start Time: 2024-05-24 19:29:45
At time step 99 the agent is dead
The agent had 8 food, 15 water, and 12 sleep.
The total tree search depth for this trial was 1560916. 
The agent accessed its memory 26269885 times. 
The agent cleared its short-term memory 80 times. 
     State prediction error memory resets: 3. 
     Hill memory resets: 77. 
TRIAL 77 COMPLETE ?
End Time: 2024-05-24 20:17:30
Total runtime for this trial (minutes/seconds): 47:45
----------------------------------------
Total hill visits: 4702. 
Total prediction errors: 319. 
Total search depth: 103110997. 
Total times memory accessed: 1700037154. 
Total times 25 >= t <= 50: 5. 
Total times 50 >= t <= 75: 5. 
Total times 75 >= t <= 100: 6. 
Total times t == 100: 52. 
Total time steps survived: 6515. 
Total runtime so far (hours/minutes/seconds): 57:57:13
----------------------------------------

----------------------------------------
TRIAL 78 STARTED
----------------------------------------
Start Time: 2024-05-24 20:17:29
At time step 99 the agent is dead
The agent had 11 food, 8 water, and 15 sleep.
The total tree search depth for this trial was 2031521. 
The agent accessed its memory 34203807 times. 
The agent cleared its short-term memory 80 times. 
     State prediction error memory resets: 3. 
     Hill memory resets: 77. 
TRIAL 78 COMPLETE ?
End Time: 2024-05-24 21:19:34
Total runtime for this trial (minutes/seconds): 02:05
----------------------------------------
Total hill visits: 4779. 
Total prediction errors: 322. 
Total search depth: 105142518. 
Total times memory accessed: 1734240961. 
Total times 25 >= t <= 50: 5. 
Total times 50 >= t <= 75: 5. 
Total times 75 >= t <= 100: 6. 
Total times t == 100: 53. 
Total time steps survived: 6615. 
Total runtime so far (hours/minutes/seconds): 58:59:17
----------------------------------------

----------------------------------------
TRIAL 79 STARTED
----------------------------------------
Start Time: 2024-05-24 21:19:33
At time step 99 the agent is dead
The agent had 10 food, 14 water, and 14 sleep.
The total tree search depth for this trial was 2013832. 
The agent accessed its memory 33907895 times. 
The agent cleared its short-term memory 82 times. 
     State prediction error memory resets: 3. 
     Hill memory resets: 79. 
TRIAL 79 COMPLETE ?
End Time: 2024-05-24 22:21:03
Total runtime for this trial (minutes/seconds): 01:30
----------------------------------------
Total hill visits: 4858. 
Total prediction errors: 325. 
Total search depth: 107156350. 
Total times memory accessed: 1768148856. 
Total times 25 >= t <= 50: 5. 
Total times 50 >= t <= 75: 5. 
Total times 75 >= t <= 100: 6. 
Total times t == 100: 54. 
Total time steps survived: 6715. 
Total runtime so far (hours/minutes/seconds): 60:00:46
----------------------------------------

----------------------------------------
TRIAL 80 STARTED
----------------------------------------
Start Time: 2024-05-24 22:21:02
At time step 99 the agent is dead
The agent had 13 food, 16 water, and 17 sleep.
The total tree search depth for this trial was 2053955. 
The agent accessed its memory 34566770 times. 
The agent cleared its short-term memory 78 times. 
     State prediction error memory resets: 5. 
     Hill memory resets: 73. 
TRIAL 80 COMPLETE ?
End Time: 2024-05-24 23:23:56
Total runtime for this trial (minutes/seconds): 02:54
----------------------------------------
Total hill visits: 4931. 
Total prediction errors: 330. 
Total search depth: 109210305. 
Total times memory accessed: 1802715626. 
Total times 25 >= t <= 50: 5. 
Total times 50 >= t <= 75: 5. 
Total times 75 >= t <= 100: 6. 
Total times t == 100: 55. 
Total time steps survived: 6815. 
Total runtime so far (hours/minutes/seconds): 61:03:39
----------------------------------------

----------------------------------------
TRIAL 81 STARTED
----------------------------------------
Start Time: 2024-05-24 23:23:55
At time step 99 the agent is dead
The agent had 11 food, 3 water, and 15 sleep.
The total tree search depth for this trial was 1768536. 
The agent accessed its memory 29677352 times. 
The agent cleared its short-term memory 81 times. 
     State prediction error memory resets: 4. 
     Hill memory resets: 77. 
TRIAL 81 COMPLETE ?
End Time: 2024-05-25 00:18:49
Total runtime for this trial (minutes/seconds): 54:54
----------------------------------------
Total hill visits: 5008. 
Total prediction errors: 334. 
Total search depth: 110978841. 
Total times memory accessed: 1832392978. 
Total times 25 >= t <= 50: 5. 
Total times 50 >= t <= 75: 5. 
Total times 75 >= t <= 100: 6. 
Total times t == 100: 56. 
Total time steps survived: 6915. 
Total runtime so far (hours/minutes/seconds): 61:58:32
----------------------------------------

----------------------------------------
TRIAL 82 STARTED
----------------------------------------
Start Time: 2024-05-25 00:18:48
At time step 99 the agent is dead
The agent had 12 food, 14 water, and 16 sleep.
The total tree search depth for this trial was 1973799. 
The agent accessed its memory 33224231 times. 
The agent cleared its short-term memory 80 times. 
     State prediction error memory resets: 3. 
     Hill memory resets: 77. 
TRIAL 82 COMPLETE ?
End Time: 2024-05-25 01:19:10
Total runtime for this trial (minutes/seconds): 00:22
----------------------------------------
Total hill visits: 5085. 
Total prediction errors: 337. 
Total search depth: 112952640. 
Total times memory accessed: 1865617209. 
Total times 25 >= t <= 50: 5. 
Total times 50 >= t <= 75: 5. 
Total times 75 >= t <= 100: 6. 
Total times t == 100: 57. 
Total time steps survived: 7015. 
Total runtime so far (hours/minutes/seconds): 62:58:53
----------------------------------------

----------------------------------------
TRIAL 83 STARTED
----------------------------------------
Start Time: 2024-05-25 01:19:09
At time step 99 the agent is dead
The agent had 13 food, 17 water, and 17 sleep.
The total tree search depth for this trial was 1696935. 
The agent accessed its memory 28563837 times. 
The agent cleared its short-term memory 79 times. 
     State prediction error memory resets: 5. 
     Hill memory resets: 74. 
TRIAL 83 COMPLETE ?
End Time: 2024-05-25 02:11:00
Total runtime for this trial (minutes/seconds): 51:51
----------------------------------------
Total hill visits: 5159. 
Total prediction errors: 342. 
Total search depth: 114649575. 
Total times memory accessed: 1894181046. 
Total times 25 >= t <= 50: 5. 
Total times 50 >= t <= 75: 5. 
Total times 75 >= t <= 100: 6. 
Total times t == 100: 58. 
Total time steps survived: 7115. 
Total runtime so far (hours/minutes/seconds): 63:50:43
----------------------------------------

----------------------------------------
TRIAL 84 STARTED
----------------------------------------
Start Time: 2024-05-25 02:10:59
At time step 99 the agent is dead
The agent had 11 food, 12 water, and 15 sleep.
The total tree search depth for this trial was 2207711. 
The agent accessed its memory 37195491 times. 
The agent cleared its short-term memory 81 times. 
     State prediction error memory resets: 5. 
     Hill memory resets: 76. 
TRIAL 84 COMPLETE ?
End Time: 2024-05-25 03:18:12
Total runtime for this trial (minutes/seconds): 07:13
----------------------------------------
Total hill visits: 5235. 
Total prediction errors: 347. 
Total search depth: 116857286. 
Total times memory accessed: 1931376537. 
Total times 25 >= t <= 50: 5. 
Total times 50 >= t <= 75: 5. 
Total times 75 >= t <= 100: 6. 
Total times t == 100: 59. 
Total time steps survived: 7215. 
Total runtime so far (hours/minutes/seconds): 64:57:55
----------------------------------------

----------------------------------------
TRIAL 85 STARTED
----------------------------------------
Start Time: 2024-05-25 03:18:11
At time step 99 the agent is dead
The agent had 20 food, 13 water, and 24 sleep.
The total tree search depth for this trial was 2166692. 
The agent accessed its memory 36480296 times. 
The agent cleared its short-term memory 79 times. 
     State prediction error memory resets: 4. 
     Hill memory resets: 75. 
TRIAL 85 COMPLETE ?
End Time: 2024-05-25 04:24:35
Total runtime for this trial (minutes/seconds): 06:24
----------------------------------------
Total hill visits: 5310. 
Total prediction errors: 351. 
Total search depth: 119023978. 
Total times memory accessed: 1967856833. 
Total times 25 >= t <= 50: 5. 
Total times 50 >= t <= 75: 5. 
Total times 75 >= t <= 100: 6. 
Total times t == 100: 60. 
Total time steps survived: 7315. 
Total runtime so far (hours/minutes/seconds): 66:04:18
----------------------------------------

----------------------------------------
TRIAL 86 STARTED
----------------------------------------
Start Time: 2024-05-25 04:24:34
At time step 99 the agent is dead
The agent had 11 food, 16 water, and 15 sleep.
The total tree search depth for this trial was 1696700. 
The agent accessed its memory 28601849 times. 
The agent cleared its short-term memory 79 times. 
     State prediction error memory resets: 4. 
     Hill memory resets: 75. 
TRIAL 86 COMPLETE ?
End Time: 2024-05-25 05:16:11
Total runtime for this trial (minutes/seconds): 51:37
----------------------------------------
Total hill visits: 5385. 
Total prediction errors: 355. 
Total search depth: 120720678. 
Total times memory accessed: 1996458682. 
Total times 25 >= t <= 50: 5. 
Total times 50 >= t <= 75: 5. 
Total times 75 >= t <= 100: 6. 
Total times t == 100: 61. 
Total time steps survived: 7415. 
Total runtime so far (hours/minutes/seconds): 66:55:54
----------------------------------------

----------------------------------------
TRIAL 87 STARTED
----------------------------------------
Start Time: 2024-05-25 05:16:10
At time step 99 the agent is dead
The agent had 10 food, 12 water, and 14 sleep.
The total tree search depth for this trial was 1911360. 
The agent accessed its memory 32199897 times. 
The agent cleared its short-term memory 86 times. 
     State prediction error memory resets: 6. 
     Hill memory resets: 80. 
TRIAL 87 COMPLETE ?
End Time: 2024-05-25 06:14:34
Total runtime for this trial (minutes/seconds): 58:24
----------------------------------------
Total hill visits: 5465. 
Total prediction errors: 361. 
Total search depth: 122632038. 
Total times memory accessed: 2028658579. 
Total times 25 >= t <= 50: 5. 
Total times 50 >= t <= 75: 5. 
Total times 75 >= t <= 100: 6. 
Total times t == 100: 62. 
Total time steps survived: 7515. 
Total runtime so far (hours/minutes/seconds): 67:54:17
----------------------------------------

----------------------------------------
TRIAL 88 STARTED
----------------------------------------
Start Time: 2024-05-25 06:14:33
At time step 99 the agent is dead
The agent had 11 food, 16 water, and 15 sleep.
The total tree search depth for this trial was 1817059. 
The agent accessed its memory 30635606 times. 
The agent cleared its short-term memory 82 times. 
     State prediction error memory resets: 4. 
     Hill memory resets: 78. 
TRIAL 88 COMPLETE ?
End Time: 2024-05-25 07:09:48
Total runtime for this trial (minutes/seconds): 55:15
----------------------------------------
Total hill visits: 5543. 
Total prediction errors: 365. 
Total search depth: 124449097. 
Total times memory accessed: 2059294185. 
Total times 25 >= t <= 50: 5. 
Total times 50 >= t <= 75: 5. 
Total times 75 >= t <= 100: 6. 
Total times t == 100: 63. 
Total time steps survived: 7615. 
Total runtime so far (hours/minutes/seconds): 68:49:31
----------------------------------------

----------------------------------------
TRIAL 89 STARTED
----------------------------------------
Start Time: 2024-05-25 07:09:47
At time step 99 the agent is dead
The agent had 11 food, 18 water, and 15 sleep.
The total tree search depth for this trial was 1576906. 
The agent accessed its memory 26531299 times. 
The agent cleared its short-term memory 82 times. 
     State prediction error memory resets: 6. 
     Hill memory resets: 76. 
TRIAL 89 COMPLETE ?
End Time: 2024-05-25 07:58:10
Total runtime for this trial (minutes/seconds): 48:23
----------------------------------------
Total hill visits: 5619. 
Total prediction errors: 371. 
Total search depth: 126026003. 
Total times memory accessed: 2085825484. 
Total times 25 >= t <= 50: 5. 
Total times 50 >= t <= 75: 5. 
Total times 75 >= t <= 100: 6. 
Total times t == 100: 64. 
Total time steps survived: 7715. 
Total runtime so far (hours/minutes/seconds): 69:37:53
----------------------------------------

----------------------------------------
TRIAL 90 STARTED
----------------------------------------
Start Time: 2024-05-25 07:58:09
At time step 99 the agent is dead
The agent had 10 food, 20 water, and 14 sleep.
The total tree search depth for this trial was 1558616. 
The agent accessed its memory 26317650 times. 
The agent cleared its short-term memory 81 times. 
     State prediction error memory resets: 6. 
     Hill memory resets: 75. 
TRIAL 90 COMPLETE ?
End Time: 2024-05-25 08:45:07
Total runtime for this trial (minutes/seconds): 46:58
----------------------------------------
Total hill visits: 5694. 
Total prediction errors: 377. 
Total search depth: 127584619. 
Total times memory accessed: 2112143134. 
Total times 25 >= t <= 50: 5. 
Total times 50 >= t <= 75: 5. 
Total times 75 >= t <= 100: 6. 
Total times t == 100: 65. 
Total time steps survived: 7815. 
Total runtime so far (hours/minutes/seconds): 70:24:50
----------------------------------------

----------------------------------------
TRIAL 91 STARTED
----------------------------------------
Start Time: 2024-05-25 08:45:06
At time step 99 the agent is dead
The agent had 12 food, 9 water, and 16 sleep.
The total tree search depth for this trial was 1523042. 
The agent accessed its memory 25678319 times. 
The agent cleared its short-term memory 78 times. 
     State prediction error memory resets: 2. 
     Hill memory resets: 76. 
TRIAL 91 COMPLETE ?
End Time: 2024-05-25 09:31:21
Total runtime for this trial (minutes/seconds): 46:15
----------------------------------------
Total hill visits: 5770. 
Total prediction errors: 379. 
Total search depth: 129107661. 
Total times memory accessed: 2137821453. 
Total times 25 >= t <= 50: 5. 
Total times 50 >= t <= 75: 5. 
Total times 75 >= t <= 100: 6. 
Total times t == 100: 66. 
Total time steps survived: 7915. 
Total runtime so far (hours/minutes/seconds): 71:11:04
----------------------------------------

----------------------------------------
TRIAL 92 STARTED
----------------------------------------
Start Time: 2024-05-25 09:31:20
