Running Python script with ALGORITHM=SI and SEED=16
At time 34 the agent is dead.
The agent had: 10 food, -1 water, and 12 sleep.
The total tree search depth for this trial was 17225.
The agent accessed its memory 35598 times.
The agent cleared its short-term memory 4 times.
    State prediction error memory resets: 3.
    Hill memory resets: 1.
At time 20 the agent is dead.
The agent had: 1 food, -1 water, and 4 sleep.
The total tree search depth for this trial was 3741.
The agent accessed its memory 10995 times.
The agent cleared its short-term memory 0 times.
    State prediction error memory resets: 0.
    Hill memory resets: 0.
At time 20 the agent is dead.
The agent had: 1 food, -1 water, and 4 sleep.
The total tree search depth for this trial was 2052.
The agent accessed its memory 7816 times.
The agent cleared its short-term memory 13 times.
    State prediction error memory resets: 10.
    Hill memory resets: 3.
At time 20 the agent is dead.
The agent had: 1 food, -1 water, and 4 sleep.
The total tree search depth for this trial was 1753.
The agent accessed its memory 6220 times.
The agent cleared its short-term memory 8 times.
    State prediction error memory resets: 8.
    Hill memory resets: 0.
At time 20 the agent is dead.
The agent had: 19 food, -1 water, and 4 sleep.
The total tree search depth for this trial was 5399.
The agent accessed its memory 19811 times.
The agent cleared its short-term memory 13 times.
    State prediction error memory resets: 13.
    Hill memory resets: 0.
At time 22 the agent is dead.
The agent had: -1 food, 11 water, and 2 sleep.
The total tree search depth for this trial was 3954.
The agent accessed its memory 18465 times.
The agent cleared its short-term memory 4 times.
    State prediction error memory resets: 4.
    Hill memory resets: 0.
At time 20 the agent is dead.
The agent had: 9 food, -1 water, and 13 sleep.
The total tree search depth for this trial was 18662.
The agent accessed its memory 68690 times.
The agent cleared its short-term memory 2 times.
    State prediction error memory resets: 2.
    Hill memory resets: 0.
At time 20 the agent is dead.
The agent had: 1 food, -1 water, and 4 sleep.
The total tree search depth for this trial was 7667.
The agent accessed its memory 34046 times.
The agent cleared its short-term memory 14 times.
    State prediction error memory resets: 14.
    Hill memory resets: 0.
At time 20 the agent is dead.
The agent had: 17 food, -1 water, and 4 sleep.
The total tree search depth for this trial was 9145.
The agent accessed its memory 40343 times.
The agent cleared its short-term memory 16 times.
    State prediction error memory resets: 16.
    Hill memory resets: 0.
At time 25 the agent is dead.
The agent had: 2 food, 2 water, and -1 sleep.
The total tree search depth for this trial was 26685.
The agent accessed its memory 103745 times.
The agent cleared its short-term memory 10 times.
    State prediction error memory resets: 10.
    Hill memory resets: 0.
At time 20 the agent is dead.
The agent had: 1 food, -1 water, and 4 sleep.
The total tree search depth for this trial was 12945.
The agent accessed its memory 53031 times.
The agent cleared its short-term memory 10 times.
    State prediction error memory resets: 10.
    Hill memory resets: 0.
At time 20 the agent is dead.
The agent had: 1 food, -1 water, and 4 sleep.
The total tree search depth for this trial was 8984.
The agent accessed its memory 42216 times.
The agent cleared its short-term memory 12 times.
    State prediction error memory resets: 12.
    Hill memory resets: 0.
At time 20 the agent is dead.
The agent had: 1 food, -1 water, and 4 sleep.
The total tree search depth for this trial was 26839.
The agent accessed its memory 123867 times.
The agent cleared its short-term memory 12 times.
    State prediction error memory resets: 12.
    Hill memory resets: 0.
At time 20 the agent is dead.
The agent had: 19 food, -1 water, and 4 sleep.
The total tree search depth for this trial was 30111.
The agent accessed its memory 158064 times.
The agent cleared its short-term memory 10 times.
    State prediction error memory resets: 10.
    Hill memory resets: 0.
At time 20 the agent is dead.
The agent had: 1 food, -1 water, and 4 sleep.
The total tree search depth for this trial was 6039.
The agent accessed its memory 23995 times.
The agent cleared its short-term memory 16 times.
    State prediction error memory resets: 15.
    Hill memory resets: 1.
At time 20 the agent is dead.
The agent had: 18 food, -1 water, and 4 sleep.
The total tree search depth for this trial was 6064.
The agent accessed its memory 26197 times.
The agent cleared its short-term memory 5 times.
    State prediction error memory resets: 4.
    Hill memory resets: 1.
At time 20 the agent is dead.
The agent had: 7 food, -1 water, and 4 sleep.
The total tree search depth for this trial was 7026.
The agent accessed its memory 27553 times.
The agent cleared its short-term memory 4 times.
    State prediction error memory resets: 3.
    Hill memory resets: 1.
At time 20 the agent is dead.
The agent had: 1 food, -1 water, and 4 sleep.
The total tree search depth for this trial was 10018.
The agent accessed its memory 39732 times.
The agent cleared its short-term memory 11 times.
    State prediction error memory resets: 10.
    Hill memory resets: 1.
At time 20 the agent is dead.
The agent had: 1 food, -1 water, and 4 sleep.
The total tree search depth for this trial was 18426.
The agent accessed its memory 80937 times.
The agent cleared its short-term memory 9 times.
    State prediction error memory resets: 8.
    Hill memory resets: 1.
At time 20 the agent is dead.
The agent had: 1 food, -1 water, and 4 sleep.
The total tree search depth for this trial was 6079.
The agent accessed its memory 22496 times.
The agent cleared its short-term memory 7 times.
    State prediction error memory resets: 6.
    Hill memory resets: 1.
At time 20 the agent is dead.
The agent had: 1 food, -1 water, and 4 sleep.
The total tree search depth for this trial was 8770.
The agent accessed its memory 33031 times.
The agent cleared its short-term memory 8 times.
    State prediction error memory resets: 7.
    Hill memory resets: 1.
At time 41 the agent is dead.
The agent had: -1 food, 11 water, and -1 sleep.
The total tree search depth for this trial was 91710.
The agent accessed its memory 375741 times.
The agent cleared its short-term memory 15 times.
    State prediction error memory resets: 12.
    Hill memory resets: 3.
At time 55 the agent is dead.
The agent had: 7 food, -1 water, and 2 sleep.
The total tree search depth for this trial was 93381.
The agent accessed its memory 347793 times.
The agent cleared its short-term memory 11 times.
    State prediction error memory resets: 7.
    Hill memory resets: 4.
At time 20 the agent is dead.
The agent had: 1 food, -1 water, and 4 sleep.
The total tree search depth for this trial was 48464.
The agent accessed its memory 198785 times.
The agent cleared its short-term memory 7 times.
    State prediction error memory resets: 4.
    Hill memory resets: 3.
At time 20 the agent is dead.
The agent had: 1 food, -1 water, and 4 sleep.
The total tree search depth for this trial was 7290.
The agent accessed its memory 24698 times.
The agent cleared its short-term memory 7 times.
    State prediction error memory resets: 7.
    Hill memory resets: 0.
At time 20 the agent is dead.
The agent had: 12 food, -1 water, and 4 sleep.
The total tree search depth for this trial was 32939.
The agent accessed its memory 117099 times.
The agent cleared its short-term memory 6 times.
    State prediction error memory resets: 6.
    Hill memory resets: 0.
At time 47 the agent is dead.
The agent had: 7 food, -1 water, and 6 sleep.
The total tree search depth for this trial was 58420.
The agent accessed its memory 209212 times.
The agent cleared its short-term memory 12 times.
    State prediction error memory resets: 11.
    Hill memory resets: 1.
At time 20 the agent is dead.
The agent had: 1 food, -1 water, and 4 sleep.
The total tree search depth for this trial was 62532.
The agent accessed its memory 231111 times.
The agent cleared its short-term memory 7 times.
    State prediction error memory resets: 6.
    Hill memory resets: 1.
At time 22 the agent is dead.
The agent had: -1 food, 5 water, and 2 sleep.
The total tree search depth for this trial was 69493.
The agent accessed its memory 257580 times.
The agent cleared its short-term memory 19 times.
    State prediction error memory resets: 18.
    Hill memory resets: 1.
At time 33 the agent is dead.
The agent had: -1 food, 14 water, and 20 sleep.
The total tree search depth for this trial was 68639.
The agent accessed its memory 248374 times.
The agent cleared its short-term memory 12 times.
    State prediction error memory resets: 11.
    Hill memory resets: 1.
At time 25 the agent is dead.
The agent had: 12 food, 8 water, and -1 sleep.
The total tree search depth for this trial was 47582.
The agent accessed its memory 160625 times.
The agent cleared its short-term memory 10 times.
    State prediction error memory resets: 9.
    Hill memory resets: 1.
At time 78 the agent is dead.
The agent had: -1 food, 8 water, and 14 sleep.
The total tree search depth for this trial was 97048.
The agent accessed its memory 367477 times.
The agent cleared its short-term memory 17 times.
    State prediction error memory resets: 16.
    Hill memory resets: 1.
At time 22 the agent is dead.
The agent had: -1 food, 6 water, and 18 sleep.
The total tree search depth for this trial was 43662.
The agent accessed its memory 158869 times.
The agent cleared its short-term memory 9 times.
    State prediction error memory resets: 8.
    Hill memory resets: 1.
At time 31 the agent is dead.
The agent had: -1 food, 1 water, and 7 sleep.
The total tree search depth for this trial was 127727.
The agent accessed its memory 482734 times.
The agent cleared its short-term memory 8 times.
    State prediction error memory resets: 7.
    Hill memory resets: 1.
At time 44 the agent is dead.
The agent had: -1 food, 7 water, and 17 sleep.
The total tree search depth for this trial was 84511.
The agent accessed its memory 305334 times.
The agent cleared its short-term memory 8 times.
    State prediction error memory resets: 7.
    Hill memory resets: 1.
At time 52 the agent is dead.
The agent had: -1 food, 13 water, and 21 sleep.
The total tree search depth for this trial was 89535.
The agent accessed its memory 345150 times.
The agent cleared its short-term memory 13 times.
    State prediction error memory resets: 11.
    Hill memory resets: 2.
At time 51 the agent is dead.
The agent had: -1 food, -1 water, and 9 sleep.
The total tree search depth for this trial was 152888.
The agent accessed its memory 596912 times.
The agent cleared its short-term memory 15 times.
    State prediction error memory resets: 13.
    Hill memory resets: 2.
At time 46 the agent is dead.
The agent had: -1 food, 3 water, and 14 sleep.
The total tree search depth for this trial was 124848.
The agent accessed its memory 437508 times.
The agent cleared its short-term memory 12 times.
    State prediction error memory resets: 11.
    Hill memory resets: 1.
At time 20 the agent is dead.
The agent had: 1 food, -1 water, and 4 sleep.
The total tree search depth for this trial was 86185.
The agent accessed its memory 353336 times.
The agent cleared its short-term memory 8 times.
    State prediction error memory resets: 7.
    Hill memory resets: 1.
At time 34 the agent is dead.
The agent had: 2 food, 1 water, and -1 sleep.
The total tree search depth for this trial was 61355.
The agent accessed its memory 216525 times.
The agent cleared its short-term memory 10 times.
    State prediction error memory resets: 9.
    Hill memory resets: 1.
At time 69 the agent is dead.
The agent had: -1 food, 5 water, and 18 sleep.
The total tree search depth for this trial was 211775.
The agent accessed its memory 742873 times.
The agent cleared its short-term memory 16 times.
    State prediction error memory resets: 13.
    Hill memory resets: 3.
At time 20 the agent is dead.
The agent had: 1 food, -1 water, and 4 sleep.
The total tree search depth for this trial was 17879.
The agent accessed its memory 58524 times.
The agent cleared its short-term memory 9 times.
    State prediction error memory resets: 8.
    Hill memory resets: 1.
At time 32 the agent is dead.
The agent had: -1 food, 10 water, and 13 sleep.
The total tree search depth for this trial was 73939.
The agent accessed its memory 263610 times.
The agent cleared its short-term memory 6 times.
    State prediction error memory resets: 4.
    Hill memory resets: 2.
At time 22 the agent is dead.
The agent had: -1 food, 8 water, and 2 sleep.
The total tree search depth for this trial was 77190.
The agent accessed its memory 305647 times.
The agent cleared its short-term memory 8 times.
    State prediction error memory resets: 7.
    Hill memory resets: 1.
At time 64 the agent is dead.
The agent had: 5 food, 2 water, and -1 sleep.
The total tree search depth for this trial was 63539.
The agent accessed its memory 221442 times.
The agent cleared its short-term memory 8 times.
    State prediction error memory resets: 7.
    Hill memory resets: 1.
At time 38 the agent is dead.
The agent had: 2 food, -1 water, and 6 sleep.
The total tree search depth for this trial was 45291.
The agent accessed its memory 141766 times.
The agent cleared its short-term memory 7 times.
    State prediction error memory resets: 6.
    Hill memory resets: 1.
At time 79 the agent is dead.
The agent had: 4 food, -1 water, and 8 sleep.
The total tree search depth for this trial was 105233.
The agent accessed its memory 349331 times.
The agent cleared its short-term memory 11 times.
    State prediction error memory resets: 10.
    Hill memory resets: 1.
At time 38 the agent is dead.
The agent had: -1 food, -1 water, and 5 sleep.
The total tree search depth for this trial was 199149.
The agent accessed its memory 708591 times.
The agent cleared its short-term memory 16 times.
    State prediction error memory resets: 14.
    Hill memory resets: 2.
At time 39 the agent is dead.
The agent had: 9 food, -1 water, and 17 sleep.
The total tree search depth for this trial was 117479.
The agent accessed its memory 404944 times.
The agent cleared its short-term memory 9 times.
    State prediction error memory resets: 8.
    Hill memory resets: 1.
At time 20 the agent is dead.
The agent had: 1 food, -1 water, and 4 sleep.
The total tree search depth for this trial was 32173.
The agent accessed its memory 112538 times.
The agent cleared its short-term memory 5 times.
    State prediction error memory resets: 3.
    Hill memory resets: 2.
At time 20 the agent is dead.
The agent had: 1 food, -1 water, and 19 sleep.
The total tree search depth for this trial was 21596.
The agent accessed its memory 74936 times.
The agent cleared its short-term memory 4 times.
    State prediction error memory resets: 3.
    Hill memory resets: 1.
At time 70 the agent is dead.
The agent had: 13 food, -1 water, and 13 sleep.
The total tree search depth for this trial was 158613.
The agent accessed its memory 526204 times.
The agent cleared its short-term memory 13 times.
    State prediction error memory resets: 12.
    Hill memory resets: 1.
At time 79 the agent is dead.
The agent had: 16 food, 16 water, and -1 sleep.
The total tree search depth for this trial was 114201.
The agent accessed its memory 385426 times.
The agent cleared its short-term memory 12 times.
    State prediction error memory resets: 10.
    Hill memory resets: 2.
At time 44 the agent is dead.
The agent had: 4 food, -1 water, and 6 sleep.
The total tree search depth for this trial was 52264.
The agent accessed its memory 170383 times.
The agent cleared its short-term memory 7 times.
    State prediction error memory resets: 5.
    Hill memory resets: 2.
At time 39 the agent is dead.
The agent had: 4 food, -1 water, and 6 sleep.
The total tree search depth for this trial was 61129.
The agent accessed its memory 193935 times.
The agent cleared its short-term memory 4 times.
    State prediction error memory resets: 3.
    Hill memory resets: 1.
At time 68 the agent is dead.
The agent had: 4 food, -1 water, and 21 sleep.
The total tree search depth for this trial was 243885.
The agent accessed its memory 824391 times.
The agent cleared its short-term memory 14 times.
    State prediction error memory resets: 11.
    Hill memory resets: 3.
At time 28 the agent is dead.
The agent had: -1 food, 0 water, and 15 sleep.
The total tree search depth for this trial was 101643.
The agent accessed its memory 346660 times.
The agent cleared its short-term memory 8 times.
    State prediction error memory resets: 7.
    Hill memory resets: 1.
At time 96 the agent is dead.
The agent had: 8 food, -1 water, and 14 sleep.
The total tree search depth for this trial was 275894.
The agent accessed its memory 937735 times.
The agent cleared its short-term memory 20 times.
    State prediction error memory resets: 17.
    Hill memory resets: 3.
At time 75 the agent is dead.
The agent had: 3 food, -1 water, and 11 sleep.
The total tree search depth for this trial was 170751.
The agent accessed its memory 574344 times.
The agent cleared its short-term memory 10 times.
    State prediction error memory resets: 9.
    Hill memory resets: 1.
At time 20 the agent is dead.
The agent had: 1 food, -1 water, and 4 sleep.
The total tree search depth for this trial was 82007.
The agent accessed its memory 308308 times.
The agent cleared its short-term memory 5 times.
    State prediction error memory resets: 4.
    Hill memory resets: 1.
At time 27 the agent is dead.
The agent had: 11 food, -1 water, and 17 sleep.
The total tree search depth for this trial was 45672.
The agent accessed its memory 154883 times.
The agent cleared its short-term memory 6 times.
    State prediction error memory resets: 5.
    Hill memory resets: 1.
At time 58 the agent is dead.
The agent had: 4 food, 6 water, and -1 sleep.
The total tree search depth for this trial was 168478.
The agent accessed its memory 559137 times.
The agent cleared its short-term memory 8 times.
    State prediction error memory resets: 7.
    Hill memory resets: 1.
At time 36 the agent is dead.
The agent had: 4 food, -1 water, and 6 sleep.
The total tree search depth for this trial was 87039.
The agent accessed its memory 290352 times.
The agent cleared its short-term memory 7 times.
    State prediction error memory resets: 4.
    Hill memory resets: 3.
At time 20 the agent is dead.
The agent had: 1 food, -1 water, and 4 sleep.
The total tree search depth for this trial was 58179.
The agent accessed its memory 215320 times.
The agent cleared its short-term memory 7 times.
    State prediction error memory resets: 2.
    Hill memory resets: 5.
At time 43 the agent is dead.
The agent had: 12 food, 4 water, and -1 sleep.
The total tree search depth for this trial was 171219.
The agent accessed its memory 587481 times.
The agent cleared its short-term memory 17 times.
    State prediction error memory resets: 13.
    Hill memory resets: 4.
At time 50 the agent is dead.
The agent had: 2 food, -1 water, and 6 sleep.
The total tree search depth for this trial was 81530.
The agent accessed its memory 268797 times.
The agent cleared its short-term memory 9 times.
    State prediction error memory resets: 8.
    Hill memory resets: 1.
At time 20 the agent is dead.
The agent had: 1 food, -1 water, and 4 sleep.
The total tree search depth for this trial was 40272.
The agent accessed its memory 143024 times.
The agent cleared its short-term memory 8 times.
    State prediction error memory resets: 6.
    Hill memory resets: 2.
At time 41 the agent is dead.
The agent had: -1 food, 5 water, and 14 sleep.
The total tree search depth for this trial was 110726.
The agent accessed its memory 354297 times.
The agent cleared its short-term memory 8 times.
    State prediction error memory resets: 7.
    Hill memory resets: 1.
At time 20 the agent is dead.
The agent had: 1 food, -1 water, and 4 sleep.
The total tree search depth for this trial was 61754.
The agent accessed its memory 214826 times.
The agent cleared its short-term memory 5 times.
    State prediction error memory resets: 4.
    Hill memory resets: 1.
At time 31 the agent is dead.
The agent had: -1 food, 1 water, and 7 sleep.
The total tree search depth for this trial was 140448.
The agent accessed its memory 475057 times.
The agent cleared its short-term memory 11 times.
    State prediction error memory resets: 10.
    Hill memory resets: 1.
At time 20 the agent is dead.
The agent had: 1 food, -1 water, and 4 sleep.
The total tree search depth for this trial was 26999.
The agent accessed its memory 88551 times.
The agent cleared its short-term memory 3 times.
    State prediction error memory resets: 1.
    Hill memory resets: 2.
At time 58 the agent is dead.
The agent had: -1 food, -1 water, and 12 sleep.
The total tree search depth for this trial was 274587.
The agent accessed its memory 933208 times.
The agent cleared its short-term memory 21 times.
    State prediction error memory resets: 14.
    Hill memory resets: 7.
At time 73 the agent is dead.
The agent had: -1 food, 10 water, and 17 sleep.
The total tree search depth for this trial was 172271.
The agent accessed its memory 550956 times.
The agent cleared its short-term memory 16 times.
    State prediction error memory resets: 14.
    Hill memory resets: 2.
At time 25 the agent is dead.
The agent had: 3 food, 3 water, and -1 sleep.
The total tree search depth for this trial was 97786.
The agent accessed its memory 329488 times.
The agent cleared its short-term memory 5 times.
    State prediction error memory resets: 4.
    Hill memory resets: 1.
At time 28 the agent is dead.
The agent had: 6 food, -1 water, and 20 sleep.
The total tree search depth for this trial was 61657.
The agent accessed its memory 201900 times.
The agent cleared its short-term memory 5 times.
    State prediction error memory resets: 4.
    Hill memory resets: 1.
At time 20 the agent is dead.
The agent had: 1 food, -1 water, and 14 sleep.
The total tree search depth for this trial was 48460.
The agent accessed its memory 166236 times.
The agent cleared its short-term memory 7 times.
    State prediction error memory resets: 6.
    Hill memory resets: 1.
At time 20 the agent is dead.
The agent had: 1 food, -1 water, and 13 sleep.
The total tree search depth for this trial was 26574.
The agent accessed its memory 89833 times.
The agent cleared its short-term memory 6 times.
    State prediction error memory resets: 5.
    Hill memory resets: 1.
At time 20 the agent is dead.
The agent had: 1 food, -1 water, and 14 sleep.
The total tree search depth for this trial was 99077.
The agent accessed its memory 351500 times.
The agent cleared its short-term memory 10 times.
    State prediction error memory resets: 6.
    Hill memory resets: 4.
At time 20 the agent is dead.
The agent had: 1 food, -1 water, and 18 sleep.
The total tree search depth for this trial was 78220.
The agent accessed its memory 278666 times.
The agent cleared its short-term memory 10 times.
    State prediction error memory resets: 8.
    Hill memory resets: 2.
At time 39 the agent is dead.
The agent had: 5 food, -1 water, and 0 sleep.
The total tree search depth for this trial was 202530.
The agent accessed its memory 691493 times.
The agent cleared its short-term memory 10 times.
    State prediction error memory resets: 9.
    Hill memory resets: 1.
At time 59 the agent is dead.
The agent had: -1 food, 3 water, and 18 sleep.
The total tree search depth for this trial was 164041.
The agent accessed its memory 533290 times.
The agent cleared its short-term memory 12 times.
    State prediction error memory resets: 9.
    Hill memory resets: 3.
At time 29 the agent is dead.
The agent had: 3 food, -1 water, and 11 sleep.
The total tree search depth for this trial was 121363.
The agent accessed its memory 399862 times.
The agent cleared its short-term memory 7 times.
    State prediction error memory resets: 6.
    Hill memory resets: 1.
At time 25 the agent is dead.
The agent had: 14 food, 11 water, and -1 sleep.
The total tree search depth for this trial was 22503.
The agent accessed its memory 71162 times.
The agent cleared its short-term memory 4 times.
    State prediction error memory resets: 3.
    Hill memory resets: 1.
At time 43 the agent is dead.
The agent had: 9 food, -1 water, and 11 sleep.
The total tree search depth for this trial was 85022.
The agent accessed its memory 253665 times.
The agent cleared its short-term memory 6 times.
    State prediction error memory resets: 5.
    Hill memory resets: 1.
At time 70 the agent is dead.
The agent had: 3 food, 0 water, and -1 sleep.
The total tree search depth for this trial was 193905.
The agent accessed its memory 639338 times.
The agent cleared its short-term memory 16 times.
    State prediction error memory resets: 13.
    Hill memory resets: 3.
At time 20 the agent is dead.
The agent had: 1 food, -1 water, and 17 sleep.
The total tree search depth for this trial was 23606.
The agent accessed its memory 73790 times.
The agent cleared its short-term memory 1 times.
    State prediction error memory resets: 0.
    Hill memory resets: 1.
At time 54 the agent is dead.
The agent had: -1 food, 0 water, and 18 sleep.
The total tree search depth for this trial was 215134.
The agent accessed its memory 709859 times.
The agent cleared its short-term memory 10 times.
    State prediction error memory resets: 7.
    Hill memory resets: 3.
At time 20 the agent is dead.
The agent had: 1 food, -1 water, and 10 sleep.
The total tree search depth for this trial was 68679.
The agent accessed its memory 202583 times.
The agent cleared its short-term memory 5 times.
    State prediction error memory resets: 4.
    Hill memory resets: 1.
At time 29 the agent is dead.
The agent had: -1 food, 4 water, and 19 sleep.
The total tree search depth for this trial was 92770.
The agent accessed its memory 314336 times.
The agent cleared its short-term memory 5 times.
    State prediction error memory resets: 4.
    Hill memory resets: 1.
At time 25 the agent is dead.
The agent had: 8 food, 9 water, and -1 sleep.
The total tree search depth for this trial was 79001.
The agent accessed its memory 251935 times.
The agent cleared its short-term memory 5 times.
    State prediction error memory resets: 4.
    Hill memory resets: 1.
At time 43 the agent is dead.
The agent had: 6 food, 8 water, and -1 sleep.
The total tree search depth for this trial was 114284.
The agent accessed its memory 376022 times.
The agent cleared its short-term memory 6 times.
    State prediction error memory resets: 5.
    Hill memory resets: 1.
At time 34 the agent is dead.
The agent had: 8 food, -1 water, and 8 sleep.
The total tree search depth for this trial was 171240.
The agent accessed its memory 564754 times.
The agent cleared its short-term memory 12 times.
    State prediction error memory resets: 9.
    Hill memory resets: 3.
At time 20 the agent is dead.
The agent had: 1 food, -1 water, and 16 sleep.
The total tree search depth for this trial was 48581.
The agent accessed its memory 152016 times.
The agent cleared its short-term memory 6 times.
    State prediction error memory resets: 4.
    Hill memory resets: 2.
At time 22 the agent is dead.
The agent had: -1 food, 6 water, and 2 sleep.
The total tree search depth for this trial was 88405.
The agent accessed its memory 308219 times.
The agent cleared its short-term memory 6 times.
    State prediction error memory resets: 5.
    Hill memory resets: 1.
At time 25 the agent is dead.
The agent had: 18 food, 13 water, and -1 sleep.
The total tree search depth for this trial was 27120.
The agent accessed its memory 87353 times.
The agent cleared its short-term memory 6 times.
    State prediction error memory resets: 4.
    Hill memory resets: 2.
At time 40 the agent is dead.
The agent had: -1 food, -1 water, and 10 sleep.
The total tree search depth for this trial was 85315.
The agent accessed its memory 259783 times.
The agent cleared its short-term memory 7 times.
    State prediction error memory resets: 6.
    Hill memory resets: 1.
At time 22 the agent is dead.
The agent had: -1 food, 5 water, and 15 sleep.
The total tree search depth for this trial was 54466.
The agent accessed its memory 173343 times.
The agent cleared its short-term memory 5 times.
    State prediction error memory resets: 4.
    Hill memory resets: 1.
At time 36 the agent is dead.
The agent had: -1 food, -1 water, and 10 sleep.
The total tree search depth for this trial was 103303.
The agent accessed its memory 349393 times.
The agent cleared its short-term memory 8 times.
    State prediction error memory resets: 7.
    Hill memory resets: 1.
At time 38 the agent is dead.
The agent had: -1 food, 5 water, and 21 sleep.
The total tree search depth for this trial was 102807.
The agent accessed its memory 319916 times.
The agent cleared its short-term memory 6 times.
    State prediction error memory resets: 4.
    Hill memory resets: 2.
At time 20 the agent is dead.
The agent had: 1 food, -1 water, and 10 sleep.
The total tree search depth for this trial was 48721.
The agent accessed its memory 147101 times.
The agent cleared its short-term memory 4 times.
    State prediction error memory resets: 3.
    Hill memory resets: 1.
At time 72 the agent is dead.
The agent had: 1 food, 5 water, and -1 sleep.
The total tree search depth for this trial was 246323.
The agent accessed its memory 784554 times.
The agent cleared its short-term memory 15 times.
    State prediction error memory resets: 13.
    Hill memory resets: 2.
At time 20 the agent is dead.
The agent had: 14 food, -1 water, and 12 sleep.
The total tree search depth for this trial was 40974.
The agent accessed its memory 127936 times.
The agent cleared its short-term memory 6 times.
    State prediction error memory resets: 5.
    Hill memory resets: 1.
At time 82 the agent is dead.
The agent had: -1 food, 1 water, and 14 sleep.
The total tree search depth for this trial was 177776.
The agent accessed its memory 561491 times.
The agent cleared its short-term memory 8 times.
    State prediction error memory resets: 7.
    Hill memory resets: 1.
At time 27 the agent is dead.
The agent had: 4 food, -1 water, and 12 sleep.
The total tree search depth for this trial was 75644.
The agent accessed its memory 235827 times.
The agent cleared its short-term memory 7 times.
    State prediction error memory resets: 6.
    Hill memory resets: 1.
At time 45 the agent is dead.
The agent had: -1 food, 1 water, and 8 sleep.
The total tree search depth for this trial was 154033.
The agent accessed its memory 466885 times.
The agent cleared its short-term memory 8 times.
    State prediction error memory resets: 7.
    Hill memory resets: 1.
At time 47 the agent is dead.
The agent had: -1 food, 0 water, and 18 sleep.
The total tree search depth for this trial was 128508.
The agent accessed its memory 403105 times.
The agent cleared its short-term memory 9 times.
    State prediction error memory resets: 8.
    Hill memory resets: 1.
At time 22 the agent is dead.
The agent had: -1 food, 8 water, and 2 sleep.
The total tree search depth for this trial was 114099.
The agent accessed its memory 402544 times.
The agent cleared its short-term memory 10 times.
    State prediction error memory resets: 8.
    Hill memory resets: 2.
