Running main with ALGORITHM=SI, SEED=30, HORIZON=2, K_FACTOR=0.7, ROOT_FOLDER=/home/grmstj001, MCT=3, NUM_MCT=100, AUTO_REST=

                            < M A T L A B (R) >
                  Copyright 1984-2024 The MathWorks, Inc.
                  R2024a (24.1.0.2537033) 64-bit (glnxa64)
                             February 21, 2024

 
To get started, type doc.
For product information, visit www.mathworks.com.
 
Algorithm: SI
Seed: 30
Horizon: 2
K-factor: 0.70
Root folder: /home/grmstj001
MCT: 3
Number of MCT: 100
Auto restore: 0
Results file name: 

ans = 

  struct with fields:

     Type: 'twister'
     Seed: 30
    State: [625x1 uint32]


----------------------------------------
TRIAL 1 STARTED
----------------------------------------
Start Time: 2024-05-13 13:29:49
At time step 21 the agent is dead
The agent had 2 food, 0 water, and 5 sleep.
The total tree search depth for this trial was 1666. 
The agent accessed its memory 13393 times. 
The agent cleared its short-term memory 9 times. 
     State prediction error memory resets: 8. 
     Hill memory resets: 1. 
TRIAL 1 COMPLETE ✔
End Time: 2024-05-13 13:29:57
Total runtime for this trial (minutes/seconds): 00:08
----------------------------------------
Total hill visits: 1. 
Total prediction errors: 8. 
Total search depth: 1666. 
Total times memory accessed: 13393. 
Total times 25 >= t <= 50: 0. 
Total times 50 >= t <= 75: 0. 
Total times 75 >= t <= 100: 0. 
Total times t == 100: 0. 
Total time steps survived: 22. 
Total runtime so far (hours/minutes/seconds): 00:00:08
----------------------------------------

----------------------------------------
TRIAL 2 STARTED
----------------------------------------
Start Time: 2024-05-13 13:29:56
At time step 21 the agent is dead
The agent had 2 food, 0 water, and 5 sleep.
The total tree search depth for this trial was 1320. 
The agent accessed its memory 22607 times. 
The agent cleared its short-term memory 4 times. 
     State prediction error memory resets: 3. 
     Hill memory resets: 1. 
TRIAL 2 COMPLETE ✔
End Time: 2024-05-13 13:29:59
Total runtime for this trial (minutes/seconds): 00:03
----------------------------------------
Total hill visits: 2. 
Total prediction errors: 11. 
Total search depth: 2986. 
Total times memory accessed: 36000. 
Total times 25 >= t <= 50: 0. 
Total times 50 >= t <= 75: 0. 
Total times 75 >= t <= 100: 0. 
Total times t == 100: 0. 
Total time steps survived: 44. 
Total runtime so far (hours/minutes/seconds): 00:00:10
----------------------------------------

----------------------------------------
TRIAL 3 STARTED
----------------------------------------
Start Time: 2024-05-13 13:29:58
At time step 21 the agent is dead
The agent had 2 food, 0 water, and 5 sleep.
The total tree search depth for this trial was 2163. 
The agent accessed its memory 32438 times. 
The agent cleared its short-term memory 5 times. 
     State prediction error memory resets: 5. 
     Hill memory resets: 0. 
TRIAL 3 COMPLETE ✔
End Time: 2024-05-13 13:30:02
Total runtime for this trial (minutes/seconds): 00:04
----------------------------------------
Total hill visits: 2. 
Total prediction errors: 16. 
Total search depth: 5149. 
Total times memory accessed: 68438. 
Total times 25 >= t <= 50: 0. 
Total times 50 >= t <= 75: 0. 
Total times 75 >= t <= 100: 0. 
Total times t == 100: 0. 
Total time steps survived: 66. 
Total runtime so far (hours/minutes/seconds): 00:00:13
----------------------------------------

----------------------------------------
TRIAL 4 STARTED
----------------------------------------
Start Time: 2024-05-13 13:30:01
At time step 21 the agent is dead
The agent had 2 food, 0 water, and 5 sleep.
The total tree search depth for this trial was 1206. 
The agent accessed its memory 18903 times. 
The agent cleared its short-term memory 1 times. 
     State prediction error memory resets: 1. 
     Hill memory resets: 0. 
TRIAL 4 COMPLETE ✔
End Time: 2024-05-13 13:30:04
Total runtime for this trial (minutes/seconds): 00:03
----------------------------------------
Total hill visits: 2. 
Total prediction errors: 17. 
Total search depth: 6355. 
Total times memory accessed: 87341. 
Total times 25 >= t <= 50: 0. 
Total times 50 >= t <= 75: 0. 
Total times 75 >= t <= 100: 0. 
Total times t == 100: 0. 
Total time steps survived: 88. 
Total runtime so far (hours/minutes/seconds): 00:00:15
----------------------------------------

----------------------------------------
TRIAL 5 STARTED
----------------------------------------
Start Time: 2024-05-13 13:30:03
At time step 21 the agent is dead
The agent had 2 food, 0 water, and 5 sleep.
The total tree search depth for this trial was 1294. 
The agent accessed its memory 20969 times. 
The agent cleared its short-term memory 5 times. 
     State prediction error memory resets: 5. 
     Hill memory resets: 0. 
TRIAL 5 COMPLETE ✔
End Time: 2024-05-13 13:30:06
Total runtime for this trial (minutes/seconds): 00:03
----------------------------------------
Total hill visits: 2. 
Total prediction errors: 22. 
Total search depth: 7649. 
Total times memory accessed: 108310. 
Total times 25 >= t <= 50: 0. 
Total times 50 >= t <= 75: 0. 
Total times 75 >= t <= 100: 0. 
Total times t == 100: 0. 
Total time steps survived: 110. 
Total runtime so far (hours/minutes/seconds): 00:00:17
----------------------------------------

----------------------------------------
TRIAL 6 STARTED
----------------------------------------
Start Time: 2024-05-13 13:30:05
At time step 21 the agent is dead
The agent had 2 food, 0 water, and 5 sleep.
The total tree search depth for this trial was 2023. 
The agent accessed its memory 18944 times. 
The agent cleared its short-term memory 12 times. 
     State prediction error memory resets: 11. 
     Hill memory resets: 1. 
TRIAL 6 COMPLETE ✔
End Time: 2024-05-13 13:30:10
Total runtime for this trial (minutes/seconds): 00:05
----------------------------------------
Total hill visits: 3. 
Total prediction errors: 33. 
Total search depth: 9672. 
Total times memory accessed: 127254. 
Total times 25 >= t <= 50: 0. 
Total times 50 >= t <= 75: 0. 
Total times 75 >= t <= 100: 0. 
Total times t == 100: 0. 
Total time steps survived: 132. 
Total runtime so far (hours/minutes/seconds): 00:00:21
----------------------------------------

----------------------------------------
TRIAL 7 STARTED
----------------------------------------
Start Time: 2024-05-13 13:30:09
At time step 21 the agent is dead
The agent had 11 food, 0 water, and 5 sleep.
The total tree search depth for this trial was 4262. 
The agent accessed its memory 34133 times. 
The agent cleared its short-term memory 14 times. 
     State prediction error memory resets: 13. 
     Hill memory resets: 1. 
TRIAL 7 COMPLETE ✔
End Time: 2024-05-13 13:30:15
Total runtime for this trial (minutes/seconds): 00:06
----------------------------------------
Total hill visits: 4. 
Total prediction errors: 46. 
Total search depth: 13934. 
Total times memory accessed: 161387. 
Total times 25 >= t <= 50: 0. 
Total times 50 >= t <= 75: 0. 
Total times 75 >= t <= 100: 0. 
Total times t == 100: 0. 
Total time steps survived: 154. 
Total runtime so far (hours/minutes/seconds): 00:00:26
----------------------------------------

----------------------------------------
TRIAL 8 STARTED
----------------------------------------
Start Time: 2024-05-13 13:30:14
At time step 21 the agent is dead
The agent had 2 food, 0 water, and 11 sleep.
The total tree search depth for this trial was 6963. 
The agent accessed its memory 68815 times. 
The agent cleared its short-term memory 7 times. 
     State prediction error memory resets: 6. 
     Hill memory resets: 1. 
TRIAL 8 COMPLETE ✔
End Time: 2024-05-13 13:30:25
Total runtime for this trial (minutes/seconds): 00:11
----------------------------------------
Total hill visits: 5. 
Total prediction errors: 52. 
Total search depth: 20897. 
Total times memory accessed: 230202. 
Total times 25 >= t <= 50: 0. 
Total times 50 >= t <= 75: 0. 
Total times 75 >= t <= 100: 0. 
Total times t == 100: 0. 
Total time steps survived: 176. 
Total runtime so far (hours/minutes/seconds): 00:00:36
----------------------------------------

----------------------------------------
TRIAL 9 STARTED
----------------------------------------
Start Time: 2024-05-13 13:30:24
At time step 21 the agent is dead
The agent had 2 food, 0 water, and 5 sleep.
The total tree search depth for this trial was 6089. 
The agent accessed its memory 69531 times. 
The agent cleared its short-term memory 14 times. 
     State prediction error memory resets: 14. 
     Hill memory resets: 0. 
TRIAL 9 COMPLETE ✔
End Time: 2024-05-13 13:30:34
Total runtime for this trial (minutes/seconds): 00:10
----------------------------------------
Total hill visits: 5. 
Total prediction errors: 66. 
Total search depth: 26986. 
Total times memory accessed: 299733. 
Total times 25 >= t <= 50: 0. 
Total times 50 >= t <= 75: 0. 
Total times 75 >= t <= 100: 0. 
Total times t == 100: 0. 
Total time steps survived: 198. 
Total runtime so far (hours/minutes/seconds): 00:00:45
----------------------------------------

----------------------------------------
TRIAL 10 STARTED
----------------------------------------
Start Time: 2024-05-13 13:30:33
At time step 21 the agent is dead
The agent had 2 food, 0 water, and 5 sleep.
The total tree search depth for this trial was 3938. 
The agent accessed its memory 35574 times. 
The agent cleared its short-term memory 14 times. 
     State prediction error memory resets: 13. 
     Hill memory resets: 1. 
TRIAL 10 COMPLETE ✔
End Time: 2024-05-13 13:30:42
Total runtime for this trial (minutes/seconds): 00:09
----------------------------------------
Total hill visits: 6. 
Total prediction errors: 79. 
Total search depth: 30924. 
Total times memory accessed: 335307. 
Total times 25 >= t <= 50: 0. 
Total times 50 >= t <= 75: 0. 
Total times 75 >= t <= 100: 0. 
Total times t == 100: 0. 
Total time steps survived: 220. 
Total runtime so far (hours/minutes/seconds): 00:00:53
----------------------------------------

----------------------------------------
TRIAL 11 STARTED
----------------------------------------
Start Time: 2024-05-13 13:30:41
At time step 21 the agent is dead
The agent had 2 food, 0 water, and 15 sleep.
The total tree search depth for this trial was 3080. 
The agent accessed its memory 26417 times. 
The agent cleared its short-term memory 3 times. 
     State prediction error memory resets: 2. 
     Hill memory resets: 1. 
TRIAL 11 COMPLETE ✔
End Time: 2024-05-13 13:30:46
Total runtime for this trial (minutes/seconds): 00:05
----------------------------------------
Total hill visits: 7. 
Total prediction errors: 81. 
Total search depth: 34004. 
Total times memory accessed: 361724. 
Total times 25 >= t <= 50: 0. 
Total times 50 >= t <= 75: 0. 
Total times 75 >= t <= 100: 0. 
Total times t == 100: 0. 
Total time steps survived: 242. 
Total runtime so far (hours/minutes/seconds): 00:00:57
----------------------------------------

----------------------------------------
TRIAL 12 STARTED
----------------------------------------
Start Time: 2024-05-13 13:30:45
At time step 21 the agent is dead
The agent had 2 food, 0 water, and 5 sleep.
The total tree search depth for this trial was 5266. 
The agent accessed its memory 47694 times. 
The agent cleared its short-term memory 13 times. 
     State prediction error memory resets: 12. 
     Hill memory resets: 1. 
TRIAL 12 COMPLETE ✔
End Time: 2024-05-13 13:30:54
Total runtime for this trial (minutes/seconds): 00:09
----------------------------------------
Total hill visits: 8. 
Total prediction errors: 93. 
Total search depth: 39270. 
Total times memory accessed: 409418. 
Total times 25 >= t <= 50: 0. 
Total times 50 >= t <= 75: 0. 
Total times 75 >= t <= 100: 0. 
Total times t == 100: 0. 
Total time steps survived: 264. 
Total runtime so far (hours/minutes/seconds): 00:01:05
----------------------------------------

----------------------------------------
TRIAL 13 STARTED
----------------------------------------
Start Time: 2024-05-13 13:30:53
At time step 21 the agent is dead
The agent had 2 food, 0 water, and 5 sleep.
The total tree search depth for this trial was 6564. 
The agent accessed its memory 63931 times. 
The agent cleared its short-term memory 9 times. 
     State prediction error memory resets: 8. 
     Hill memory resets: 1. 
TRIAL 13 COMPLETE ✔
End Time: 2024-05-13 13:31:04
Total runtime for this trial (minutes/seconds): 00:11
----------------------------------------
Total hill visits: 9. 
Total prediction errors: 101. 
Total search depth: 45834. 
Total times memory accessed: 473349. 
Total times 25 >= t <= 50: 0. 
Total times 50 >= t <= 75: 0. 
Total times 75 >= t <= 100: 0. 
Total times t == 100: 0. 
Total time steps survived: 286. 
Total runtime so far (hours/minutes/seconds): 00:01:15
----------------------------------------

----------------------------------------
TRIAL 14 STARTED
----------------------------------------
Start Time: 2024-05-13 13:31:03
At time step 21 the agent is dead
The agent had 2 food, 0 water, and 5 sleep.
The total tree search depth for this trial was 2268. 
The agent accessed its memory 28043 times. 
The agent cleared its short-term memory 8 times. 
     State prediction error memory resets: 8. 
     Hill memory resets: 0. 
TRIAL 14 COMPLETE ✔
End Time: 2024-05-13 13:31:08
Total runtime for this trial (minutes/seconds): 00:05
----------------------------------------
Total hill visits: 9. 
Total prediction errors: 109. 
Total search depth: 48102. 
Total times memory accessed: 501392. 
Total times 25 >= t <= 50: 0. 
Total times 50 >= t <= 75: 0. 
Total times 75 >= t <= 100: 0. 
Total times t == 100: 0. 
Total time steps survived: 308. 
Total runtime so far (hours/minutes/seconds): 00:01:19
----------------------------------------

----------------------------------------
TRIAL 15 STARTED
----------------------------------------
Start Time: 2024-05-13 13:31:07
At time step 21 the agent is dead
The agent had 2 food, 0 water, and 5 sleep.
The total tree search depth for this trial was 3225. 
The agent accessed its memory 26887 times. 
The agent cleared its short-term memory 6 times. 
     State prediction error memory resets: 5. 
     Hill memory resets: 1. 
TRIAL 15 COMPLETE ✔
End Time: 2024-05-13 13:31:14
Total runtime for this trial (minutes/seconds): 00:07
----------------------------------------
Total hill visits: 10. 
Total prediction errors: 114. 
Total search depth: 51327. 
Total times memory accessed: 528279. 
Total times 25 >= t <= 50: 0. 
Total times 50 >= t <= 75: 0. 
Total times 75 >= t <= 100: 0. 
Total times t == 100: 0. 
Total time steps survived: 330. 
Total runtime so far (hours/minutes/seconds): 00:01:25
----------------------------------------

----------------------------------------
TRIAL 16 STARTED
----------------------------------------
Start Time: 2024-05-13 13:31:13
At time step 21 the agent is dead
The agent had 2 food, 0 water, and 5 sleep.
The total tree search depth for this trial was 4718. 
The agent accessed its memory 35363 times. 
The agent cleared its short-term memory 8 times. 
     State prediction error memory resets: 7. 
     Hill memory resets: 1. 
TRIAL 16 COMPLETE ✔
End Time: 2024-05-13 13:31:22
Total runtime for this trial (minutes/seconds): 00:09
----------------------------------------
Total hill visits: 11. 
Total prediction errors: 121. 
Total search depth: 56045. 
Total times memory accessed: 563642. 
Total times 25 >= t <= 50: 0. 
Total times 50 >= t <= 75: 0. 
Total times 75 >= t <= 100: 0. 
Total times t == 100: 0. 
Total time steps survived: 352. 
Total runtime so far (hours/minutes/seconds): 00:01:33
----------------------------------------

----------------------------------------
TRIAL 17 STARTED
----------------------------------------
Start Time: 2024-05-13 13:31:21
At time step 21 the agent is dead
The agent had 12 food, 0 water, and 5 sleep.
The total tree search depth for this trial was 5422. 
The agent accessed its memory 47685 times. 
The agent cleared its short-term memory 9 times. 
     State prediction error memory resets: 8. 
     Hill memory resets: 1. 
TRIAL 17 COMPLETE ✔
End Time: 2024-05-13 13:31:29
Total runtime for this trial (minutes/seconds): 00:08
----------------------------------------
Total hill visits: 12. 
Total prediction errors: 129. 
Total search depth: 61467. 
Total times memory accessed: 611327. 
Total times 25 >= t <= 50: 0. 
Total times 50 >= t <= 75: 0. 
Total times 75 >= t <= 100: 0. 
Total times t == 100: 0. 
Total time steps survived: 374. 
Total runtime so far (hours/minutes/seconds): 00:01:40
----------------------------------------

----------------------------------------
TRIAL 18 STARTED
----------------------------------------
Start Time: 2024-05-13 13:31:28
At time step 21 the agent is dead
The agent had 2 food, 0 water, and 21 sleep.
The total tree search depth for this trial was 5181. 
The agent accessed its memory 39906 times. 
The agent cleared its short-term memory 4 times. 
     State prediction error memory resets: 3. 
     Hill memory resets: 1. 
TRIAL 18 COMPLETE ✔
End Time: 2024-05-13 13:31:37
Total runtime for this trial (minutes/seconds): 00:09
----------------------------------------
Total hill visits: 13. 
Total prediction errors: 132. 
Total search depth: 66648. 
Total times memory accessed: 651233. 
Total times 25 >= t <= 50: 0. 
Total times 50 >= t <= 75: 0. 
Total times 75 >= t <= 100: 0. 
Total times t == 100: 0. 
Total time steps survived: 396. 
Total runtime so far (hours/minutes/seconds): 00:01:48
----------------------------------------

----------------------------------------
TRIAL 19 STARTED
----------------------------------------
Start Time: 2024-05-13 13:31:36
At time step 21 the agent is dead
The agent had 2 food, 0 water, and 5 sleep.
The total tree search depth for this trial was 10445. 
The agent accessed its memory 102740 times. 
The agent cleared its short-term memory 13 times. 
     State prediction error memory resets: 12. 
     Hill memory resets: 1. 
TRIAL 19 COMPLETE ✔
End Time: 2024-05-13 13:31:50
Total runtime for this trial (minutes/seconds): 00:14
----------------------------------------
Total hill visits: 14. 
Total prediction errors: 144. 
Total search depth: 77093. 
Total times memory accessed: 753973. 
Total times 25 >= t <= 50: 0. 
Total times 50 >= t <= 75: 0. 
Total times 75 >= t <= 100: 0. 
Total times t == 100: 0. 
Total time steps survived: 418. 
Total runtime so far (hours/minutes/seconds): 00:02:01
----------------------------------------

----------------------------------------
TRIAL 20 STARTED
----------------------------------------
Start Time: 2024-05-13 13:31:49
At time step 21 the agent is dead
The agent had 2 food, 0 water, and 5 sleep.
The total tree search depth for this trial was 3515. 
The agent accessed its memory 29835 times. 
The agent cleared its short-term memory 14 times. 
     State prediction error memory resets: 13. 
     Hill memory resets: 1. 
TRIAL 20 COMPLETE ✔
End Time: 2024-05-13 13:31:55
Total runtime for this trial (minutes/seconds): 00:06
----------------------------------------
Total hill visits: 15. 
Total prediction errors: 157. 
Total search depth: 80608. 
Total times memory accessed: 783808. 
Total times 25 >= t <= 50: 0. 
Total times 50 >= t <= 75: 0. 
Total times 75 >= t <= 100: 0. 
Total times t == 100: 0. 
Total time steps survived: 440. 
Total runtime so far (hours/minutes/seconds): 00:02:06
----------------------------------------

----------------------------------------
TRIAL 21 STARTED
----------------------------------------
Start Time: 2024-05-13 13:31:54
At time step 26 the agent is dead
The agent had 18 food, 18 water, and 0 sleep.
The total tree search depth for this trial was 12523. 
The agent accessed its memory 106657 times. 
The agent cleared its short-term memory 9 times. 
     State prediction error memory resets: 9. 
     Hill memory resets: 0. 
TRIAL 21 COMPLETE ✔
End Time: 2024-05-13 13:32:12
Total runtime for this trial (minutes/seconds): 00:18
----------------------------------------
Total hill visits: 15. 
Total prediction errors: 166. 
Total search depth: 93131. 
Total times memory accessed: 890465. 
Total times 25 >= t <= 50: 1. 
Total times 50 >= t <= 75: 0. 
Total times 75 >= t <= 100: 0. 
Total times t == 100: 0. 
Total time steps survived: 467. 
Total runtime so far (hours/minutes/seconds): 00:02:23
----------------------------------------

----------------------------------------
TRIAL 22 STARTED
----------------------------------------
Start Time: 2024-05-13 13:32:11
At time step 21 the agent is dead
The agent had 2 food, 0 water, and 22 sleep.
The total tree search depth for this trial was 3739. 
The agent accessed its memory 31169 times. 
The agent cleared its short-term memory 2 times. 
     State prediction error memory resets: 1. 
     Hill memory resets: 1. 
TRIAL 22 COMPLETE ✔
End Time: 2024-05-13 13:32:18
Total runtime for this trial (minutes/seconds): 00:07
----------------------------------------
Total hill visits: 16. 
Total prediction errors: 167. 
Total search depth: 96870. 
Total times memory accessed: 921634. 
Total times 25 >= t <= 50: 1. 
Total times 50 >= t <= 75: 0. 
Total times 75 >= t <= 100: 0. 
Total times t == 100: 0. 
Total time steps survived: 489. 
Total runtime so far (hours/minutes/seconds): 00:02:29
----------------------------------------

----------------------------------------
TRIAL 23 STARTED
----------------------------------------
Start Time: 2024-05-13 13:32:17
At time step 21 the agent is dead
The agent had 2 food, 0 water, and 5 sleep.
The total tree search depth for this trial was 3860. 
The agent accessed its memory 30904 times. 
The agent cleared its short-term memory 11 times. 
     State prediction error memory resets: 10. 
     Hill memory resets: 1. 
TRIAL 23 COMPLETE ✔
End Time: 2024-05-13 13:32:24
Total runtime for this trial (minutes/seconds): 00:07
----------------------------------------
Total hill visits: 17. 
Total prediction errors: 177. 
Total search depth: 100730. 
Total times memory accessed: 952538. 
Total times 25 >= t <= 50: 1. 
Total times 50 >= t <= 75: 0. 
Total times 75 >= t <= 100: 0. 
Total times t == 100: 0. 
Total time steps survived: 511. 
Total runtime so far (hours/minutes/seconds): 00:02:35
----------------------------------------

----------------------------------------
TRIAL 24 STARTED
----------------------------------------
Start Time: 2024-05-13 13:32:23
At time step 21 the agent is dead
The agent had 2 food, 0 water, and 5 sleep.
The total tree search depth for this trial was 3801. 
The agent accessed its memory 33596 times. 
The agent cleared its short-term memory 15 times. 
     State prediction error memory resets: 14. 
     Hill memory resets: 1. 
TRIAL 24 COMPLETE ✔
End Time: 2024-05-13 13:32:30
Total runtime for this trial (minutes/seconds): 00:07
----------------------------------------
Total hill visits: 18. 
Total prediction errors: 191. 
Total search depth: 104531. 
Total times memory accessed: 986134. 
Total times 25 >= t <= 50: 1. 
Total times 50 >= t <= 75: 0. 
Total times 75 >= t <= 100: 0. 
Total times t == 100: 0. 
Total time steps survived: 533. 
Total runtime so far (hours/minutes/seconds): 00:02:41
----------------------------------------

----------------------------------------
TRIAL 25 STARTED
----------------------------------------
Start Time: 2024-05-13 13:32:29
At time step 21 the agent is dead
The agent had 2 food, 0 water, and 24 sleep.
The total tree search depth for this trial was 9377. 
The agent accessed its memory 69142 times. 
The agent cleared its short-term memory 6 times. 
     State prediction error memory resets: 5. 
     Hill memory resets: 1. 
TRIAL 25 COMPLETE ✔
End Time: 2024-05-13 13:32:43
Total runtime for this trial (minutes/seconds): 00:14
----------------------------------------
Total hill visits: 19. 
Total prediction errors: 196. 
Total search depth: 113908. 
Total times memory accessed: 1055276. 
Total times 25 >= t <= 50: 1. 
Total times 50 >= t <= 75: 0. 
Total times 75 >= t <= 100: 0. 
Total times t == 100: 0. 
Total time steps survived: 555. 
Total runtime so far (hours/minutes/seconds): 00:02:54
----------------------------------------

----------------------------------------
TRIAL 26 STARTED
----------------------------------------
Start Time: 2024-05-13 13:32:42
At time step 21 the agent is dead
The agent had 2 food, 0 water, and 5 sleep.
The total tree search depth for this trial was 3086. 
The agent accessed its memory 27216 times. 
The agent cleared its short-term memory 9 times. 
     State prediction error memory resets: 8. 
     Hill memory resets: 1. 
TRIAL 26 COMPLETE ✔
End Time: 2024-05-13 13:32:48
Total runtime for this trial (minutes/seconds): 00:06
----------------------------------------
Total hill visits: 20. 
Total prediction errors: 204. 
Total search depth: 116994. 
Total times memory accessed: 1082492. 
Total times 25 >= t <= 50: 1. 
Total times 50 >= t <= 75: 0. 
Total times 75 >= t <= 100: 0. 
Total times t == 100: 0. 
Total time steps survived: 577. 
Total runtime so far (hours/minutes/seconds): 00:02:59
----------------------------------------

----------------------------------------
TRIAL 27 STARTED
----------------------------------------
Start Time: 2024-05-13 13:32:47
At time step 21 the agent is dead
The agent had 2 food, 0 water, and 5 sleep.
The total tree search depth for this trial was 8701. 
The agent accessed its memory 60897 times. 
The agent cleared its short-term memory 11 times. 
     State prediction error memory resets: 10. 
     Hill memory resets: 1. 
TRIAL 27 COMPLETE ✔
End Time: 2024-05-13 13:33:02
Total runtime for this trial (minutes/seconds): 00:15
----------------------------------------
Total hill visits: 21. 
Total prediction errors: 214. 
Total search depth: 125695. 
Total times memory accessed: 1143389. 
Total times 25 >= t <= 50: 1. 
Total times 50 >= t <= 75: 0. 
Total times 75 >= t <= 100: 0. 
Total times t == 100: 0. 
Total time steps survived: 599. 
Total runtime so far (hours/minutes/seconds): 00:03:13
----------------------------------------

----------------------------------------
TRIAL 28 STARTED
----------------------------------------
Start Time: 2024-05-13 13:33:01
At time step 77 the agent is dead
The agent had 0 food, 3 water, and 7 sleep.
The total tree search depth for this trial was 100169. 
The agent accessed its memory 665927 times. 
The agent cleared its short-term memory 25 times. 
     State prediction error memory resets: 24. 
     Hill memory resets: 1. 
TRIAL 28 COMPLETE ✔
End Time: 2024-05-13 13:35:06
Total runtime for this trial (minutes/seconds): 02:05
----------------------------------------
Total hill visits: 22. 
Total prediction errors: 238. 
Total search depth: 225864. 
Total times memory accessed: 1809316. 
Total times 25 >= t <= 50: 1. 
Total times 50 >= t <= 75: 0. 
Total times 75 >= t <= 100: 1. 
Total times t == 100: 0. 
Total time steps survived: 677. 
Total runtime so far (hours/minutes/seconds): 00:05:17
----------------------------------------

----------------------------------------
TRIAL 29 STARTED
----------------------------------------
Start Time: 2024-05-13 13:35:05
At time step 21 the agent is dead
The agent had 2 food, 0 water, and 20 sleep.
The total tree search depth for this trial was 23014. 
The agent accessed its memory 163731 times. 
The agent cleared its short-term memory 9 times. 
     State prediction error memory resets: 8. 
     Hill memory resets: 1. 
TRIAL 29 COMPLETE ✔
End Time: 2024-05-13 13:35:34
Total runtime for this trial (minutes/seconds): 00:29
----------------------------------------
Total hill visits: 23. 
Total prediction errors: 246. 
Total search depth: 248878. 
Total times memory accessed: 1973047. 
Total times 25 >= t <= 50: 1. 
Total times 50 >= t <= 75: 0. 
Total times 75 >= t <= 100: 1. 
Total times t == 100: 0. 
Total time steps survived: 699. 
Total runtime so far (hours/minutes/seconds): 00:05:45
----------------------------------------

----------------------------------------
TRIAL 30 STARTED
----------------------------------------
Start Time: 2024-05-13 13:35:33
At time step 23 the agent is dead
The agent had 0 food, 19 water, and 20 sleep.
The total tree search depth for this trial was 14852. 
The agent accessed its memory 114052 times. 
The agent cleared its short-term memory 5 times. 
     State prediction error memory resets: 4. 
     Hill memory resets: 1. 
TRIAL 30 COMPLETE ✔
End Time: 2024-05-13 13:35:51
Total runtime for this trial (minutes/seconds): 00:18
----------------------------------------
Total hill visits: 24. 
Total prediction errors: 250. 
Total search depth: 263730. 
Total times memory accessed: 2087099. 
Total times 25 >= t <= 50: 1. 
Total times 50 >= t <= 75: 0. 
Total times 75 >= t <= 100: 1. 
Total times t == 100: 0. 
Total time steps survived: 723. 
Total runtime so far (hours/minutes/seconds): 00:06:02
----------------------------------------

----------------------------------------
TRIAL 31 STARTED
----------------------------------------
Start Time: 2024-05-13 13:35:50
At time step 31 the agent is dead
The agent had 0 food, 19 water, and 23 sleep.
The total tree search depth for this trial was 44370. 
The agent accessed its memory 323914 times. 
The agent cleared its short-term memory 10 times. 
     State prediction error memory resets: 9. 
     Hill memory resets: 1. 
TRIAL 31 COMPLETE ✔
End Time: 2024-05-13 13:36:44
Total runtime for this trial (minutes/seconds): 00:54
----------------------------------------
Total hill visits: 25. 
Total prediction errors: 259. 
Total search depth: 308100. 
Total times memory accessed: 2411013. 
Total times 25 >= t <= 50: 2. 
Total times 50 >= t <= 75: 0. 
Total times 75 >= t <= 100: 1. 
Total times t == 100: 0. 
Total time steps survived: 755. 
Total runtime so far (hours/minutes/seconds): 00:06:55
----------------------------------------

----------------------------------------
TRIAL 32 STARTED
----------------------------------------
Start Time: 2024-05-13 13:36:43
At time step 39 the agent is dead
The agent had 0 food, 3 water, and 11 sleep.
The total tree search depth for this trial was 76149. 
The agent accessed its memory 593579 times. 
The agent cleared its short-term memory 18 times. 
     State prediction error memory resets: 16. 
     Hill memory resets: 2. 
TRIAL 32 COMPLETE ✔
End Time: 2024-05-13 13:38:18
Total runtime for this trial (minutes/seconds): 01:35
----------------------------------------
Total hill visits: 27. 
Total prediction errors: 275. 
Total search depth: 384249. 
Total times memory accessed: 3004592. 
Total times 25 >= t <= 50: 3. 
Total times 50 >= t <= 75: 0. 
Total times 75 >= t <= 100: 1. 
Total times t == 100: 0. 
Total time steps survived: 795. 
Total runtime so far (hours/minutes/seconds): 00:08:29
----------------------------------------

----------------------------------------
TRIAL 33 STARTED
----------------------------------------
Start Time: 2024-05-13 13:38:17
