
----------------------------------------
TRIAL 1 STARTED
----------------------------------------
Start Time: 2024-05-01 20:23:16
TRIAL 1 COMPLETE ✔
End Time: 2024-05-01 20:23:20
Total runtime for this trial (minutes/seconds): 00:04
----------------------------------------
Total hill visits: 1
Total prediction errors: 1
Total search depth: 1128
Total times memory accessed: 1990
Total times 24 >= t < 49: 0
Total times 49 >= t < 74: 0
Total times 74 >= t < 99: 0
Total times t == 99: 0
Total time steps survived: 20
Total runtime so far (hours/minutes/seconds): 00:00:04
----------------------------------------

----------------------------------------
TRIAL 2 STARTED
----------------------------------------
Start Time: 2024-05-01 20:23:21
TRIAL 2 COMPLETE ✔
End Time: 2024-05-01 20:23:30
Total runtime for this trial (minutes/seconds): 00:09
----------------------------------------
Total hill visits: 3
Total prediction errors: 11
Total search depth: 2253
Total times memory accessed: 6035
Total times 24 >= t < 49: 0
Total times 49 >= t < 74: 0
Total times 74 >= t < 99: 0
Total times t == 99: 0
Total time steps survived: 42
Total runtime so far (hours/minutes/seconds): 00:00:13
----------------------------------------

----------------------------------------
TRIAL 3 STARTED
----------------------------------------
Start Time: 2024-05-01 20:23:30
TRIAL 3 COMPLETE ✔
End Time: 2024-05-01 20:23:40
Total runtime for this trial (minutes/seconds): 00:10
----------------------------------------
Total hill visits: 3
Total prediction errors: 11
Total search depth: 4210
Total times memory accessed: 10371
Total times 24 >= t < 49: 0
Total times 49 >= t < 74: 0
Total times 74 >= t < 99: 0
Total times t == 99: 0
Total time steps survived: 62
Total runtime so far (hours/minutes/seconds): 00:00:24
----------------------------------------

----------------------------------------
TRIAL 4 STARTED
----------------------------------------
Start Time: 2024-05-01 20:23:40
TRIAL 4 COMPLETE ✔
End Time: 2024-05-01 20:23:46
Total runtime for this trial (minutes/seconds): 00:06
----------------------------------------
Total hill visits: 3
Total prediction errors: 11
Total search depth: 5464
Total times memory accessed: 13044
Total times 24 >= t < 49: 0
Total times 49 >= t < 74: 0
Total times 74 >= t < 99: 0
Total times t == 99: 0
Total time steps survived: 82
Total runtime so far (hours/minutes/seconds): 00:00:30
----------------------------------------

----------------------------------------
TRIAL 5 STARTED
----------------------------------------
Start Time: 2024-05-01 20:23:46
TRIAL 5 COMPLETE ✔
End Time: 2024-05-01 20:24:12
Total runtime for this trial (minutes/seconds): 00:26
----------------------------------------
Total hill visits: 5
Total prediction errors: 19
Total search depth: 9230
Total times memory accessed: 26792
Total times 24 >= t < 49: 0
Total times 49 >= t < 74: 0
Total times 74 >= t < 99: 0
Total times t == 99: 0
Total time steps survived: 102
Total runtime so far (hours/minutes/seconds): 00:00:56
----------------------------------------

----------------------------------------
TRIAL 6 STARTED
----------------------------------------
Start Time: 2024-05-01 20:24:13
TRIAL 6 COMPLETE ✔
End Time: 2024-05-01 20:24:17
Total runtime for this trial (minutes/seconds): 00:04
----------------------------------------
Total hill visits: 5
Total prediction errors: 19
Total search depth: 10330
Total times memory accessed: 29155
Total times 24 >= t < 49: 0
Total times 49 >= t < 74: 0
Total times 74 >= t < 99: 0
Total times t == 99: 0
Total time steps survived: 122
Total runtime so far (hours/minutes/seconds): 00:01:01
----------------------------------------

----------------------------------------
TRIAL 7 STARTED
----------------------------------------
Start Time: 2024-05-01 20:24:17
TRIAL 7 COMPLETE ✔
End Time: 2024-05-01 20:24:47
Total runtime for this trial (minutes/seconds): 00:30
----------------------------------------
Total hill visits: 6
Total prediction errors: 26
Total search depth: 13975
Total times memory accessed: 43951
Total times 24 >= t < 49: 0
Total times 49 >= t < 74: 0
Total times 74 >= t < 99: 0
Total times t == 99: 0
Total time steps survived: 144
Total runtime so far (hours/minutes/seconds): 00:01:31
----------------------------------------

----------------------------------------
TRIAL 8 STARTED
----------------------------------------
Start Time: 2024-05-01 20:24:47
TRIAL 8 COMPLETE ✔
End Time: 2024-05-01 20:25:28
Total runtime for this trial (minutes/seconds): 00:40
----------------------------------------
Total hill visits: 6
Total prediction errors: 37
Total search depth: 19052
Total times memory accessed: 64025
Total times 24 >= t < 49: 0
Total times 49 >= t < 74: 0
Total times 74 >= t < 99: 0
Total times t == 99: 0
Total time steps survived: 164
Total runtime so far (hours/minutes/seconds): 00:02:12
----------------------------------------

----------------------------------------
TRIAL 9 STARTED
----------------------------------------
Start Time: 2024-05-01 20:25:28
TRIAL 9 COMPLETE ✔
End Time: 2024-05-01 20:25:59
Total runtime for this trial (minutes/seconds): 00:31
----------------------------------------
Total hill visits: 7
Total prediction errors: 43
Total search depth: 23150
Total times memory accessed: 77858
Total times 24 >= t < 49: 0
Total times 49 >= t < 74: 0
Total times 74 >= t < 99: 0
Total times t == 99: 0
Total time steps survived: 186
Total runtime so far (hours/minutes/seconds): 00:02:43
----------------------------------------

----------------------------------------
TRIAL 10 STARTED
----------------------------------------
Start Time: 2024-05-01 20:25:59
TRIAL 10 COMPLETE ✔
End Time: 2024-05-01 20:26:24
Total runtime for this trial (minutes/seconds): 00:24
----------------------------------------
Total hill visits: 8
Total prediction errors: 53
Total search depth: 26560
Total times memory accessed: 88976
Total times 24 >= t < 49: 0
Total times 49 >= t < 74: 0
Total times 74 >= t < 99: 0
Total times t == 99: 0
Total time steps survived: 206
Total runtime so far (hours/minutes/seconds): 00:03:08
----------------------------------------

----------------------------------------
TRIAL 11 STARTED
----------------------------------------
Start Time: 2024-05-01 20:26:24
TRIAL 11 COMPLETE ✔
End Time: 2024-05-01 20:26:47
Total runtime for this trial (minutes/seconds): 00:23
----------------------------------------
Total hill visits: 8
Total prediction errors: 66
Total search depth: 29402
Total times memory accessed: 100464
Total times 24 >= t < 49: 0
Total times 49 >= t < 74: 0
Total times 74 >= t < 99: 0
Total times t == 99: 0
Total time steps survived: 228
Total runtime so far (hours/minutes/seconds): 00:03:31
----------------------------------------

----------------------------------------
TRIAL 12 STARTED
----------------------------------------
Start Time: 2024-05-01 20:26:48
TRIAL 12 COMPLETE ✔
End Time: 2024-05-01 20:27:00
Total runtime for this trial (minutes/seconds): 00:12
----------------------------------------
Total hill visits: 10
Total prediction errors: 68
Total search depth: 31104
Total times memory accessed: 106132
Total times 24 >= t < 49: 0
Total times 49 >= t < 74: 0
Total times 74 >= t < 99: 0
Total times t == 99: 0
Total time steps survived: 248
Total runtime so far (hours/minutes/seconds): 00:03:44
----------------------------------------

----------------------------------------
TRIAL 13 STARTED
----------------------------------------
Start Time: 2024-05-01 20:27:00
TRIAL 13 COMPLETE ✔
End Time: 2024-05-01 20:28:42
Total runtime for this trial (minutes/seconds): 01:42
----------------------------------------
Total hill visits: 10
Total prediction errors: 70
Total search depth: 43095
Total times memory accessed: 151817
Total times 24 >= t < 49: 0
Total times 49 >= t < 74: 0
Total times 74 >= t < 99: 0
Total times t == 99: 0
Total time steps survived: 268
Total runtime so far (hours/minutes/seconds): 00:05:26
----------------------------------------

----------------------------------------
TRIAL 14 STARTED
----------------------------------------
Start Time: 2024-05-01 20:28:42
TRIAL 14 COMPLETE ✔
End Time: 2024-05-01 20:33:24
Total runtime for this trial (minutes/seconds): 04:41
----------------------------------------
Total hill visits: 11
Total prediction errors: 80
Total search depth: 85303
Total times memory accessed: 298549
Total times 24 >= t < 49: 1
Total times 49 >= t < 74: 0
Total times 74 >= t < 99: 0
Total times t == 99: 0
Total time steps survived: 314
Total runtime so far (hours/minutes/seconds): 00:10:08
----------------------------------------

----------------------------------------
TRIAL 15 STARTED
----------------------------------------
Start Time: 2024-05-01 20:33:24
TRIAL 15 COMPLETE ✔
End Time: 2024-05-01 20:34:15
Total runtime for this trial (minutes/seconds): 00:51
----------------------------------------
Total hill visits: 11
Total prediction errors: 93
Total search depth: 91428
Total times memory accessed: 326779
Total times 24 >= t < 49: 1
Total times 49 >= t < 74: 0
Total times 74 >= t < 99: 0
Total times t == 99: 0
Total time steps survived: 334
Total runtime so far (hours/minutes/seconds): 00:10:59
----------------------------------------

----------------------------------------
TRIAL 16 STARTED
----------------------------------------
Start Time: 2024-05-01 20:34:15
TRIAL 16 COMPLETE ✔
End Time: 2024-05-01 20:37:38
Total runtime for this trial (minutes/seconds): 03:22
----------------------------------------
Total hill visits: 12
Total prediction errors: 100
Total search depth: 116752
Total times memory accessed: 431299
Total times 24 >= t < 49: 1
Total times 49 >= t < 74: 0
Total times 74 >= t < 99: 0
Total times t == 99: 0
Total time steps survived: 354
Total runtime so far (hours/minutes/seconds): 00:14:22
----------------------------------------

----------------------------------------
TRIAL 17 STARTED
----------------------------------------
Start Time: 2024-05-01 20:37:38
TRIAL 17 COMPLETE ✔
End Time: 2024-05-01 20:40:28
Total runtime for this trial (minutes/seconds): 02:49
----------------------------------------
Total hill visits: 12
Total prediction errors: 111
Total search depth: 138366
Total times memory accessed: 522183
Total times 24 >= t < 49: 1
Total times 49 >= t < 74: 0
Total times 74 >= t < 99: 0
Total times t == 99: 0
Total time steps survived: 374
Total runtime so far (hours/minutes/seconds): 00:17:12
----------------------------------------

----------------------------------------
TRIAL 18 STARTED
----------------------------------------
Start Time: 2024-05-01 20:40:28
TRIAL 18 COMPLETE ✔
End Time: 2024-05-01 20:51:10
Total runtime for this trial (minutes/seconds): 10:41
----------------------------------------
Total hill visits: 12
Total prediction errors: 117
Total search depth: 218517
Total times memory accessed: 823222
Total times 24 >= t < 49: 2
Total times 49 >= t < 74: 0
Total times 74 >= t < 99: 0
Total times t == 99: 0
Total time steps survived: 411
Total runtime so far (hours/minutes/seconds): 00:27:53
----------------------------------------

----------------------------------------
TRIAL 19 STARTED
----------------------------------------
Start Time: 2024-05-01 20:51:10
TRIAL 19 COMPLETE ✔
End Time: 2024-05-01 20:52:26
Total runtime for this trial (minutes/seconds): 01:16
----------------------------------------
Total hill visits: 13
Total prediction errors: 123
Total search depth: 228293
Total times memory accessed: 859936
Total times 24 >= t < 49: 2
Total times 49 >= t < 74: 0
Total times 74 >= t < 99: 0
Total times t == 99: 0
Total time steps survived: 431
Total runtime so far (hours/minutes/seconds): 00:29:10
----------------------------------------

----------------------------------------
TRIAL 20 STARTED
----------------------------------------
Start Time: 2024-05-01 20:52:26
TRIAL 20 COMPLETE ✔
End Time: 2024-05-01 21:02:59
Total runtime for this trial (minutes/seconds): 10:33
----------------------------------------
Total hill visits: 14
Total prediction errors: 134
Total search depth: 313439
Total times memory accessed: 1166815
Total times 24 >= t < 49: 2
Total times 49 >= t < 74: 1
Total times 74 >= t < 99: 0
Total times t == 99: 0
Total time steps survived: 485
Total runtime so far (hours/minutes/seconds): 00:39:43
----------------------------------------

----------------------------------------
TRIAL 21 STARTED
----------------------------------------
Start Time: 2024-05-01 21:02:59
TRIAL 21 COMPLETE ✔
End Time: 2024-05-01 21:11:10
Total runtime for this trial (minutes/seconds): 08:10
----------------------------------------
Total hill visits: 15
Total prediction errors: 147
Total search depth: 368071
Total times memory accessed: 1397903
Total times 24 >= t < 49: 2
Total times 49 >= t < 74: 1
Total times 74 >= t < 99: 0
Total times t == 99: 0
Total time steps survived: 507
Total runtime so far (hours/minutes/seconds): 00:47:54
----------------------------------------

----------------------------------------
TRIAL 22 STARTED
----------------------------------------
Start Time: 2024-05-01 21:11:10
TRIAL 22 COMPLETE ✔
End Time: 2024-05-01 21:17:39
Total runtime for this trial (minutes/seconds): 06:28
----------------------------------------
Total hill visits: 16
Total prediction errors: 156
Total search depth: 413210
Total times memory accessed: 1581900
Total times 24 >= t < 49: 2
Total times 49 >= t < 74: 1
Total times 74 >= t < 99: 0
Total times t == 99: 0
Total time steps survived: 527
Total runtime so far (hours/minutes/seconds): 00:54:23
----------------------------------------

----------------------------------------
TRIAL 23 STARTED
----------------------------------------
Start Time: 2024-05-01 21:17:39
TRIAL 23 COMPLETE ✔
End Time: 2024-05-01 21:21:04
Total runtime for this trial (minutes/seconds): 03:24
----------------------------------------
Total hill visits: 17
Total prediction errors: 159
Total search depth: 439927
Total times memory accessed: 1680644
Total times 24 >= t < 49: 2
Total times 49 >= t < 74: 1
Total times 74 >= t < 99: 0
Total times t == 99: 0
Total time steps survived: 549
Total runtime so far (hours/minutes/seconds): 00:57:48
----------------------------------------

----------------------------------------
TRIAL 24 STARTED
----------------------------------------
Start Time: 2024-05-01 21:21:04
TRIAL 24 COMPLETE ✔
End Time: 2024-05-01 21:22:49
Total runtime for this trial (minutes/seconds): 01:45
----------------------------------------
Total hill visits: 18
Total prediction errors: 166
Total search depth: 455556
Total times memory accessed: 1734381
Total times 24 >= t < 49: 2
Total times 49 >= t < 74: 1
Total times 74 >= t < 99: 0
Total times t == 99: 0
Total time steps survived: 569
Total runtime so far (hours/minutes/seconds): 00:59:33
----------------------------------------

----------------------------------------
TRIAL 25 STARTED
----------------------------------------
Start Time: 2024-05-01 21:22:49
TRIAL 25 COMPLETE ✔
End Time: 2024-05-01 21:32:58
Total runtime for this trial (minutes/seconds): 10:08
----------------------------------------
Total hill visits: 20
Total prediction errors: 172
Total search depth: 536810
Total times memory accessed: 2032719
Total times 24 >= t < 49: 3
Total times 49 >= t < 74: 1
Total times 74 >= t < 99: 0
Total times t == 99: 0
Total time steps survived: 611
Total runtime so far (hours/minutes/seconds): 01:09:42
----------------------------------------

----------------------------------------
TRIAL 26 STARTED
----------------------------------------
Start Time: 2024-05-01 21:32:58
TRIAL 26 COMPLETE ✔
End Time: 2024-05-01 21:38:18
Total runtime for this trial (minutes/seconds): 05:19
----------------------------------------
Total hill visits: 21
Total prediction errors: 178
Total search depth: 581223
Total times memory accessed: 2190331
Total times 24 >= t < 49: 3
Total times 49 >= t < 74: 1
Total times 74 >= t < 99: 0
Total times t == 99: 0
Total time steps survived: 631
Total runtime so far (hours/minutes/seconds): 01:15:02
----------------------------------------

----------------------------------------
TRIAL 27 STARTED
----------------------------------------
Start Time: 2024-05-01 21:38:18
TRIAL 27 COMPLETE ✔
End Time: 2024-05-01 21:44:06
Total runtime for this trial (minutes/seconds): 05:47
----------------------------------------
Total hill visits: 22
Total prediction errors: 188
Total search depth: 627263
Total times memory accessed: 2369630
Total times 24 >= t < 49: 4
Total times 49 >= t < 74: 1
Total times 74 >= t < 99: 0
Total times t == 99: 0
Total time steps survived: 656
Total runtime so far (hours/minutes/seconds): 01:20:50
----------------------------------------

----------------------------------------
TRIAL 28 STARTED
----------------------------------------
Start Time: 2024-05-01 21:44:06
TRIAL 28 COMPLETE ✔
End Time: 2024-05-01 21:48:19
Total runtime for this trial (minutes/seconds): 04:13
----------------------------------------
Total hill visits: 23
Total prediction errors: 196
Total search depth: 661480
Total times memory accessed: 2488192
Total times 24 >= t < 49: 5
Total times 49 >= t < 74: 1
Total times 74 >= t < 99: 0
Total times t == 99: 0
Total time steps survived: 685
Total runtime so far (hours/minutes/seconds): 01:25:03
----------------------------------------

----------------------------------------
TRIAL 29 STARTED
----------------------------------------
Start Time: 2024-05-01 21:48:19
TRIAL 29 COMPLETE ✔
End Time: 2024-05-01 21:54:29
Total runtime for this trial (minutes/seconds): 06:10
----------------------------------------
Total hill visits: 25
Total prediction errors: 206
Total search depth: 709397
Total times memory accessed: 2662112
Total times 24 >= t < 49: 6
Total times 49 >= t < 74: 1
Total times 74 >= t < 99: 0
Total times t == 99: 0
Total time steps survived: 710
Total runtime so far (hours/minutes/seconds): 01:31:13
----------------------------------------

----------------------------------------
TRIAL 30 STARTED
----------------------------------------
Start Time: 2024-05-01 21:54:29
TRIAL 30 COMPLETE ✔
End Time: 2024-05-01 22:01:56
Total runtime for this trial (minutes/seconds): 07:26
----------------------------------------
Total hill visits: 26
Total prediction errors: 216
Total search depth: 772126
Total times memory accessed: 2869867
Total times 24 >= t < 49: 7
Total times 49 >= t < 74: 1
Total times 74 >= t < 99: 0
Total times t == 99: 0
Total time steps survived: 735
Total runtime so far (hours/minutes/seconds): 01:38:40
----------------------------------------

----------------------------------------
TRIAL 31 STARTED
----------------------------------------
Start Time: 2024-05-01 22:01:56
TRIAL 31 COMPLETE ✔
End Time: 2024-05-01 22:04:00
Total runtime for this trial (minutes/seconds): 02:04
----------------------------------------
Total hill visits: 27
Total prediction errors: 223
Total search depth: 788327
Total times memory accessed: 2927010
Total times 24 >= t < 49: 7
Total times 49 >= t < 74: 1
Total times 74 >= t < 99: 0
Total times t == 99: 0
Total time steps survived: 755
Total runtime so far (hours/minutes/seconds): 01:40:44
----------------------------------------

----------------------------------------
TRIAL 32 STARTED
----------------------------------------
Start Time: 2024-05-01 22:04:00
TRIAL 32 COMPLETE ✔
End Time: 2024-05-01 22:08:38
Total runtime for this trial (minutes/seconds): 04:38
----------------------------------------
Total hill visits: 28
Total prediction errors: 227
Total search depth: 826312
Total times memory accessed: 3064787
Total times 24 >= t < 49: 7
Total times 49 >= t < 74: 1
Total times 74 >= t < 99: 0
Total times t == 99: 0
Total time steps survived: 777
Total runtime so far (hours/minutes/seconds): 01:45:22
----------------------------------------

----------------------------------------
TRIAL 33 STARTED
----------------------------------------
Start Time: 2024-05-01 22:08:38
TRIAL 33 COMPLETE ✔
End Time: 2024-05-01 22:13:25
Total runtime for this trial (minutes/seconds): 04:46
----------------------------------------
Total hill visits: 29
Total prediction errors: 230
Total search depth: 863426
Total times memory accessed: 3197033
Total times 24 >= t < 49: 7
Total times 49 >= t < 74: 1
Total times 74 >= t < 99: 0
Total times t == 99: 0
Total time steps survived: 797
Total runtime so far (hours/minutes/seconds): 01:50:09
----------------------------------------

----------------------------------------
TRIAL 34 STARTED
----------------------------------------
Start Time: 2024-05-01 22:13:25
TRIAL 34 COMPLETE ✔
End Time: 2024-05-01 22:30:36
Total runtime for this trial (minutes/seconds): 17:10
----------------------------------------
Total hill visits: 31
Total prediction errors: 248
Total search depth: 1006185
Total times memory accessed: 3677638
Total times 24 >= t < 49: 7
Total times 49 >= t < 74: 1
Total times 74 >= t < 99: 1
Total times t == 99: 0
Total time steps survived: 882
Total runtime so far (hours/minutes/seconds): 02:07:20
----------------------------------------

----------------------------------------
TRIAL 35 STARTED
----------------------------------------
Start Time: 2024-05-01 22:30:36
TRIAL 35 COMPLETE ✔
End Time: 2024-05-01 22:33:29
Total runtime for this trial (minutes/seconds): 02:53
----------------------------------------
Total hill visits: 33
Total prediction errors: 254
Total search depth: 1030418
Total times memory accessed: 3766053
Total times 24 >= t < 49: 7
Total times 49 >= t < 74: 1
Total times 74 >= t < 99: 1
Total times t == 99: 0
Total time steps survived: 902
Total runtime so far (hours/minutes/seconds): 02:10:13
----------------------------------------

----------------------------------------
TRIAL 36 STARTED
----------------------------------------
Start Time: 2024-05-01 22:33:29
TRIAL 36 COMPLETE ✔
End Time: 2024-05-01 22:36:02
Total runtime for this trial (minutes/seconds): 02:33
----------------------------------------
Total hill visits: 34
Total prediction errors: 260
Total search depth: 1050439
Total times memory accessed: 3838304
Total times 24 >= t < 49: 7
Total times 49 >= t < 74: 1
Total times 74 >= t < 99: 1
Total times t == 99: 0
Total time steps survived: 924
Total runtime so far (hours/minutes/seconds): 02:12:46
----------------------------------------

----------------------------------------
TRIAL 37 STARTED
----------------------------------------
Start Time: 2024-05-01 22:36:02
TRIAL 37 COMPLETE ✔
End Time: 2024-05-01 22:39:40
Total runtime for this trial (minutes/seconds): 03:37
----------------------------------------
Total hill visits: 35
Total prediction errors: 268
Total search depth: 1081086
Total times memory accessed: 3937788
Total times 24 >= t < 49: 8
Total times 49 >= t < 74: 1
Total times 74 >= t < 99: 1
Total times t == 99: 0
Total time steps survived: 960
Total runtime so far (hours/minutes/seconds): 02:16:24
----------------------------------------

----------------------------------------
TRIAL 38 STARTED
----------------------------------------
Start Time: 2024-05-01 22:39:40
TRIAL 38 COMPLETE ✔
End Time: 2024-05-01 22:42:42
Total runtime for this trial (minutes/seconds): 03:02
----------------------------------------
Total hill visits: 36
Total prediction errors: 275
Total search depth: 1104073
Total times memory accessed: 4025936
Total times 24 >= t < 49: 8
Total times 49 >= t < 74: 1
Total times 74 >= t < 99: 1
Total times t == 99: 0
Total time steps survived: 982
Total runtime so far (hours/minutes/seconds): 02:19:26
----------------------------------------

----------------------------------------
TRIAL 39 STARTED
----------------------------------------
Start Time: 2024-05-01 22:42:42
TRIAL 39 COMPLETE ✔
End Time: 2024-05-01 22:45:48
Total runtime for this trial (minutes/seconds): 03:05
----------------------------------------
Total hill visits: 37
Total prediction errors: 282
Total search depth: 1130116
Total times memory accessed: 4119725
Total times 24 >= t < 49: 8
Total times 49 >= t < 74: 1
Total times 74 >= t < 99: 1
Total times t == 99: 0
Total time steps survived: 1002
Total runtime so far (hours/minutes/seconds): 02:22:31
----------------------------------------

----------------------------------------
TRIAL 40 STARTED
----------------------------------------
Start Time: 2024-05-01 22:45:48
TRIAL 40 COMPLETE ✔
End Time: 2024-05-01 22:48:59
Total runtime for this trial (minutes/seconds): 03:11
----------------------------------------
Total hill visits: 38
Total prediction errors: 291
Total search depth: 1155096
Total times memory accessed: 4209822
Total times 24 >= t < 49: 8
Total times 49 >= t < 74: 1
Total times 74 >= t < 99: 1
Total times t == 99: 0
Total time steps survived: 1022
Total runtime so far (hours/minutes/seconds): 02:25:43
----------------------------------------

----------------------------------------
TRIAL 41 STARTED
----------------------------------------
Start Time: 2024-05-01 22:48:59
TRIAL 41 COMPLETE ✔
End Time: 2024-05-01 22:59:36
Total runtime for this trial (minutes/seconds): 10:36
----------------------------------------
Total hill visits: 39
Total prediction errors: 302
Total search depth: 1248076
Total times memory accessed: 4510738
Total times 24 >= t < 49: 9
Total times 49 >= t < 74: 1
Total times 74 >= t < 99: 1
Total times t == 99: 0
Total time steps survived: 1053
Total runtime so far (hours/minutes/seconds): 02:36:19
----------------------------------------

----------------------------------------
TRIAL 42 STARTED
----------------------------------------
Start Time: 2024-05-01 22:59:36
TRIAL 42 COMPLETE ✔
End Time: 2024-05-01 23:03:02
Total runtime for this trial (minutes/seconds): 03:26
----------------------------------------
Total hill visits: 40
Total prediction errors: 305
Total search depth: 1286895
Total times memory accessed: 4638300
Total times 24 >= t < 49: 9
Total times 49 >= t < 74: 1
Total times 74 >= t < 99: 1
Total times t == 99: 0
Total time steps survived: 1073
Total runtime so far (hours/minutes/seconds): 02:39:46
----------------------------------------

----------------------------------------
TRIAL 43 STARTED
----------------------------------------
Start Time: 2024-05-01 23:03:02
TRIAL 43 COMPLETE ✔
End Time: 2024-05-01 23:06:40
Total runtime for this trial (minutes/seconds): 03:37
----------------------------------------
Total hill visits: 41
Total prediction errors: 307
Total search depth: 1332728
Total times memory accessed: 4778845
Total times 24 >= t < 49: 9
Total times 49 >= t < 74: 1
Total times 74 >= t < 99: 1
Total times t == 99: 0
Total time steps survived: 1172
Total runtime so far (hours/minutes/seconds): 02:43:24
----------------------------------------

----------------------------------------
TRIAL 44 STARTED
----------------------------------------
Start Time: 2024-05-01 23:06:40
TRIAL 44 COMPLETE ✔
End Time: 2024-05-01 23:08:23
Total runtime for this trial (minutes/seconds): 01:43
----------------------------------------
Total hill visits: 42
Total prediction errors: 314
Total search depth: 1351263
Total times memory accessed: 4842200
Total times 24 >= t < 49: 9
Total times 49 >= t < 74: 1
Total times 74 >= t < 99: 1
Total times t == 99: 0
Total time steps survived: 1192
Total runtime so far (hours/minutes/seconds): 02:45:07
----------------------------------------

----------------------------------------
TRIAL 45 STARTED
----------------------------------------
Start Time: 2024-05-01 23:08:23
TRIAL 45 COMPLETE ✔
End Time: 2024-05-01 23:12:08
Total runtime for this trial (minutes/seconds): 03:44
----------------------------------------
Total hill visits: 44
Total prediction errors: 318
Total search depth: 1391344
Total times memory accessed: 4980626
Total times 24 >= t < 49: 9
Total times 49 >= t < 74: 1
Total times 74 >= t < 99: 1
Total times t == 99: 0
Total time steps survived: 1212
Total runtime so far (hours/minutes/seconds): 02:48:52
----------------------------------------

----------------------------------------
TRIAL 46 STARTED
----------------------------------------
Start Time: 2024-05-01 23:12:08
TRIAL 46 COMPLETE ✔
End Time: 2024-05-01 23:14:41
Total runtime for this trial (minutes/seconds): 02:32
----------------------------------------
Total hill visits: 45
Total prediction errors: 324
Total search depth: 1419045
Total times memory accessed: 5074705
Total times 24 >= t < 49: 9
Total times 49 >= t < 74: 1
Total times 74 >= t < 99: 1
Total times t == 99: 0
Total time steps survived: 1232
Total runtime so far (hours/minutes/seconds): 02:51:25
----------------------------------------

----------------------------------------
TRIAL 47 STARTED
----------------------------------------
Start Time: 2024-05-01 23:14:41
TRIAL 47 COMPLETE ✔
End Time: 2024-05-01 23:17:00
Total runtime for this trial (minutes/seconds): 02:18
----------------------------------------
Total hill visits: 46
Total prediction errors: 331
Total search depth: 1447643
Total times memory accessed: 5170541
Total times 24 >= t < 49: 9
Total times 49 >= t < 74: 1
Total times 74 >= t < 99: 1
Total times t == 99: 0
Total time steps survived: 1252
Total runtime so far (hours/minutes/seconds): 02:53:44
----------------------------------------

----------------------------------------
TRIAL 48 STARTED
----------------------------------------
Start Time: 2024-05-01 23:17:00
TRIAL 48 COMPLETE ✔
End Time: 2024-05-01 23:23:48
Total runtime for this trial (minutes/seconds): 06:47
----------------------------------------
Total hill visits: 48
Total prediction errors: 339
Total search depth: 1527161
Total times memory accessed: 5454408
Total times 24 >= t < 49: 10
Total times 49 >= t < 74: 1
Total times 74 >= t < 99: 1
Total times t == 99: 0
Total time steps survived: 1285
Total runtime so far (hours/minutes/seconds): 03:00:31
----------------------------------------

----------------------------------------
TRIAL 49 STARTED
----------------------------------------
Start Time: 2024-05-01 23:23:48
TRIAL 49 COMPLETE ✔
End Time: 2024-05-01 23:34:50
Total runtime for this trial (minutes/seconds): 11:02
----------------------------------------
Total hill visits: 49
Total prediction errors: 354
Total search depth: 1654354
Total times memory accessed: 5896675
Total times 24 >= t < 49: 11
Total times 49 >= t < 74: 1
Total times 74 >= t < 99: 1
Total times t == 99: 0
Total time steps survived: 1329
Total runtime so far (hours/minutes/seconds): 03:11:34
----------------------------------------

----------------------------------------
TRIAL 50 STARTED
----------------------------------------
Start Time: 2024-05-01 23:34:50
TRIAL 50 COMPLETE ✔
End Time: 2024-05-01 23:43:34
Total runtime for this trial (minutes/seconds): 08:44
----------------------------------------
Total hill visits: 51
Total prediction errors: 364
Total search depth: 1748418
Total times memory accessed: 6239164
Total times 24 >= t < 49: 11
Total times 49 >= t < 74: 1
Total times 74 >= t < 99: 1
Total times t == 99: 0
Total time steps survived: 1351
Total runtime so far (hours/minutes/seconds): 03:20:18
----------------------------------------

----------------------------------------
TRIAL 51 STARTED
----------------------------------------
Start Time: 2024-05-01 23:43:34
TRIAL 51 COMPLETE ✔
End Time: 2024-05-01 23:58:38
Total runtime for this trial (minutes/seconds): 15:03
----------------------------------------
Total hill visits: 52
Total prediction errors: 374
Total search depth: 1923829
Total times memory accessed: 6835619
Total times 24 >= t < 49: 12
Total times 49 >= t < 74: 1
Total times 74 >= t < 99: 1
Total times t == 99: 0
Total time steps survived: 1382
Total runtime so far (hours/minutes/seconds): 03:35:22
----------------------------------------

----------------------------------------
TRIAL 52 STARTED
----------------------------------------
Start Time: 2024-05-01 23:58:38
TRIAL 52 COMPLETE ✔
End Time: 2024-05-02 00:00:55
Total runtime for this trial (minutes/seconds): 02:17
----------------------------------------
Total hill visits: 53
Total prediction errors: 378
Total search depth: 1949750
Total times memory accessed: 6922279
Total times 24 >= t < 49: 12
Total times 49 >= t < 74: 1
Total times 74 >= t < 99: 1
Total times t == 99: 0
Total time steps survived: 1402
Total runtime so far (hours/minutes/seconds): 03:37:39
----------------------------------------

----------------------------------------
TRIAL 53 STARTED
----------------------------------------
Start Time: 2024-05-02 00:00:55
TRIAL 53 COMPLETE ✔
End Time: 2024-05-02 00:05:51
Total runtime for this trial (minutes/seconds): 04:55
----------------------------------------
Total hill visits: 54
Total prediction errors: 383
Total search depth: 2002728
Total times memory accessed: 7109010
Total times 24 >= t < 49: 12
Total times 49 >= t < 74: 1
Total times 74 >= t < 99: 1
Total times t == 99: 0
Total time steps survived: 1422
Total runtime so far (hours/minutes/seconds): 03:42:35
----------------------------------------

----------------------------------------
TRIAL 54 STARTED
----------------------------------------
Start Time: 2024-05-02 00:05:51
TRIAL 54 COMPLETE ✔
End Time: 2024-05-02 00:12:01
Total runtime for this trial (minutes/seconds): 06:09
----------------------------------------
Total hill visits: 56
Total prediction errors: 393
Total search depth: 2063248
Total times memory accessed: 7337139
Total times 24 >= t < 49: 12
Total times 49 >= t < 74: 1
Total times 74 >= t < 99: 1
Total times t == 99: 0
Total time steps survived: 1442
Total runtime so far (hours/minutes/seconds): 03:48:45
----------------------------------------

----------------------------------------
TRIAL 55 STARTED
----------------------------------------
Start Time: 2024-05-02 00:12:01
TRIAL 55 COMPLETE ✔
End Time: 2024-05-02 00:24:29
Total runtime for this trial (minutes/seconds): 12:27
----------------------------------------
Total hill visits: 59
Total prediction errors: 403
Total search depth: 2208282
Total times memory accessed: 7826625
Total times 24 >= t < 49: 13
Total times 49 >= t < 74: 1
Total times 74 >= t < 99: 1
Total times t == 99: 0
Total time steps survived: 1477
Total runtime so far (hours/minutes/seconds): 04:01:12
----------------------------------------

----------------------------------------
TRIAL 56 STARTED
----------------------------------------
Start Time: 2024-05-02 00:24:29
TRIAL 56 COMPLETE ✔
End Time: 2024-05-02 00:26:11
Total runtime for this trial (minutes/seconds): 01:42
----------------------------------------
Total hill visits: 60
Total prediction errors: 404
Total search depth: 2227679
Total times memory accessed: 7890047
Total times 24 >= t < 49: 13
Total times 49 >= t < 74: 1
Total times 74 >= t < 99: 1
Total times t == 99: 0
Total time steps survived: 1497
Total runtime so far (hours/minutes/seconds): 04:02:55
----------------------------------------

----------------------------------------
TRIAL 57 STARTED
----------------------------------------
Start Time: 2024-05-02 00:26:11
TRIAL 57 COMPLETE ✔
End Time: 2024-05-02 00:35:12
Total runtime for this trial (minutes/seconds): 09:00
----------------------------------------
Total hill visits: 62
Total prediction errors: 410
Total search depth: 2330140
Total times memory accessed: 8237931
Total times 24 >= t < 49: 14
Total times 49 >= t < 74: 1
Total times 74 >= t < 99: 1
Total times t == 99: 0
Total time steps survived: 1531
Total runtime so far (hours/minutes/seconds): 04:11:55
----------------------------------------

----------------------------------------
TRIAL 58 STARTED
----------------------------------------
Start Time: 2024-05-02 00:35:12
TRIAL 58 COMPLETE ✔
End Time: 2024-05-02 00:38:11
Total runtime for this trial (minutes/seconds): 02:59
----------------------------------------
Total hill visits: 63
Total prediction errors: 413
Total search depth: 2360655
Total times memory accessed: 8341920
Total times 24 >= t < 49: 14
Total times 49 >= t < 74: 1
Total times 74 >= t < 99: 1
Total times t == 99: 0
Total time steps survived: 1551
Total runtime so far (hours/minutes/seconds): 04:14:55
----------------------------------------

----------------------------------------
TRIAL 59 STARTED
----------------------------------------
Start Time: 2024-05-02 00:38:11
TRIAL 59 COMPLETE ✔
End Time: 2024-05-02 00:43:21
Total runtime for this trial (minutes/seconds): 05:10
----------------------------------------
Total hill visits: 64
Total prediction errors: 419
Total search depth: 2406141
Total times memory accessed: 8505430
Total times 24 >= t < 49: 14
Total times 49 >= t < 74: 1
Total times 74 >= t < 99: 1
Total times t == 99: 0
Total time steps survived: 1571
Total runtime so far (hours/minutes/seconds): 04:20:05
----------------------------------------

----------------------------------------
TRIAL 60 STARTED
----------------------------------------
Start Time: 2024-05-02 00:43:21
TRIAL 60 COMPLETE ✔
End Time: 2024-05-02 00:55:59
Total runtime for this trial (minutes/seconds): 12:37
----------------------------------------
Total hill visits: 68
Total prediction errors: 425
Total search depth: 2528674
Total times memory accessed: 8895985
Total times 24 >= t < 49: 14
Total times 49 >= t < 74: 2
Total times 74 >= t < 99: 1
Total times t == 99: 0
Total time steps survived: 1638
Total runtime so far (hours/minutes/seconds): 04:32:43
----------------------------------------

----------------------------------------
TRIAL 61 STARTED
----------------------------------------
Start Time: 2024-05-02 00:55:59
TRIAL 61 COMPLETE ✔
End Time: 2024-05-02 01:08:27
Total runtime for this trial (minutes/seconds): 12:28
----------------------------------------
Total hill visits: 70
Total prediction errors: 433
Total search depth: 2637427
Total times memory accessed: 9274527
Total times 24 >= t < 49: 15
Total times 49 >= t < 74: 2
Total times 74 >= t < 99: 1
Total times t == 99: 0
Total time steps survived: 1668
Total runtime so far (hours/minutes/seconds): 04:45:11
----------------------------------------

----------------------------------------
TRIAL 62 STARTED
----------------------------------------
Start Time: 2024-05-02 01:08:27
TRIAL 62 COMPLETE ✔
End Time: 2024-05-02 01:11:06
Total runtime for this trial (minutes/seconds): 02:38
----------------------------------------
Total hill visits: 71
Total prediction errors: 437
Total search depth: 2660774
Total times memory accessed: 9352141
Total times 24 >= t < 49: 15
Total times 49 >= t < 74: 2
Total times 74 >= t < 99: 1
Total times t == 99: 0
Total time steps survived: 1688
Total runtime so far (hours/minutes/seconds): 04:47:50
----------------------------------------

----------------------------------------
TRIAL 63 STARTED
----------------------------------------
Start Time: 2024-05-02 01:11:06
TRIAL 63 COMPLETE ✔
End Time: 2024-05-02 01:23:33
Total runtime for this trial (minutes/seconds): 12:26
----------------------------------------
Total hill visits: 74
Total prediction errors: 444
Total search depth: 2774441
Total times memory accessed: 9740851
Total times 24 >= t < 49: 16
Total times 49 >= t < 74: 2
Total times 74 >= t < 99: 1
Total times t == 99: 0
Total time steps survived: 1713
Total runtime so far (hours/minutes/seconds): 05:00:17
----------------------------------------

----------------------------------------
TRIAL 64 STARTED
----------------------------------------
Start Time: 2024-05-02 01:23:33
TRIAL 64 COMPLETE ✔
End Time: 2024-05-02 01:36:13
Total runtime for this trial (minutes/seconds): 12:39
----------------------------------------
Total hill visits: 76
Total prediction errors: 449
Total search depth: 2894448
Total times memory accessed: 10140981
Total times 24 >= t < 49: 17
Total times 49 >= t < 74: 2
Total times 74 >= t < 99: 1
Total times t == 99: 0
Total time steps survived: 1752
Total runtime so far (hours/minutes/seconds): 05:12:56
----------------------------------------

----------------------------------------
TRIAL 65 STARTED
----------------------------------------
Start Time: 2024-05-02 01:36:13
TRIAL 65 COMPLETE ✔
End Time: 2024-05-02 01:38:40
Total runtime for this trial (minutes/seconds): 02:27
----------------------------------------
Total hill visits: 77
Total prediction errors: 452
Total search depth: 2917734
Total times memory accessed: 10217649
Total times 24 >= t < 49: 17
Total times 49 >= t < 74: 2
Total times 74 >= t < 99: 1
Total times t == 99: 0
Total time steps survived: 1774
Total runtime so far (hours/minutes/seconds): 05:15:24
----------------------------------------

----------------------------------------
TRIAL 66 STARTED
----------------------------------------
Start Time: 2024-05-02 01:38:40
TRIAL 66 COMPLETE ✔
End Time: 2024-05-02 01:41:22
Total runtime for this trial (minutes/seconds): 02:41
----------------------------------------
Total hill visits: 79
Total prediction errors: 454
Total search depth: 2942188
Total times memory accessed: 10297612
Total times 24 >= t < 49: 17
Total times 49 >= t < 74: 2
Total times 74 >= t < 99: 1
Total times t == 99: 0
Total time steps survived: 1796
Total runtime so far (hours/minutes/seconds): 05:18:06
----------------------------------------

----------------------------------------
TRIAL 67 STARTED
----------------------------------------
Start Time: 2024-05-02 01:41:22
TRIAL 67 COMPLETE ✔
End Time: 2024-05-02 01:54:11
Total runtime for this trial (minutes/seconds): 12:49
----------------------------------------
Total hill visits: 80
Total prediction errors: 465
Total search depth: 3051295
Total times memory accessed: 10651660
Total times 24 >= t < 49: 18
Total times 49 >= t < 74: 2
Total times 74 >= t < 99: 1
Total times t == 99: 0
Total time steps survived: 1821
Total runtime so far (hours/minutes/seconds): 05:30:55
----------------------------------------

----------------------------------------
TRIAL 68 STARTED
----------------------------------------
Start Time: 2024-05-02 01:54:11
TRIAL 68 COMPLETE ✔
End Time: 2024-05-02 01:59:21
Total runtime for this trial (minutes/seconds): 05:10
----------------------------------------
Total hill visits: 82
Total prediction errors: 469
Total search depth: 3098652
Total times memory accessed: 10801406
Total times 24 >= t < 49: 18
Total times 49 >= t < 74: 2
Total times 74 >= t < 99: 1
Total times t == 99: 0
Total time steps survived: 1841
Total runtime so far (hours/minutes/seconds): 05:36:05
----------------------------------------

----------------------------------------
TRIAL 69 STARTED
----------------------------------------
Start Time: 2024-05-02 01:59:21
TRIAL 69 COMPLETE ✔
End Time: 2024-05-02 02:08:42
Total runtime for this trial (minutes/seconds): 09:21
----------------------------------------
Total hill visits: 85
Total prediction errors: 474
Total search depth: 3181040
Total times memory accessed: 11085320
Total times 24 >= t < 49: 19
Total times 49 >= t < 74: 2
Total times 74 >= t < 99: 1
Total times t == 99: 0
Total time steps survived: 1888
Total runtime so far (hours/minutes/seconds): 05:45:26
----------------------------------------

----------------------------------------
TRIAL 70 STARTED
----------------------------------------
Start Time: 2024-05-02 02:08:42
TRIAL 70 COMPLETE ✔
End Time: 2024-05-02 02:15:51
Total runtime for this trial (minutes/seconds): 07:08
----------------------------------------
Total hill visits: 86
Total prediction errors: 484
Total search depth: 3249480
Total times memory accessed: 11307355
Total times 24 >= t < 49: 20
Total times 49 >= t < 74: 2
Total times 74 >= t < 99: 1
Total times t == 99: 0
Total time steps survived: 1919
Total runtime so far (hours/minutes/seconds): 05:52:35
----------------------------------------

----------------------------------------
TRIAL 71 STARTED
----------------------------------------
Start Time: 2024-05-02 02:15:51
TRIAL 71 COMPLETE ✔
End Time: 2024-05-02 02:27:46
Total runtime for this trial (minutes/seconds): 11:55
----------------------------------------
Total hill visits: 88
Total prediction errors: 492
Total search depth: 3353248
Total times memory accessed: 11676478
Total times 24 >= t < 49: 20
Total times 49 >= t < 74: 3
Total times 74 >= t < 99: 1
Total times t == 99: 0
Total time steps survived: 1967
Total runtime so far (hours/minutes/seconds): 06:04:30
----------------------------------------

----------------------------------------
TRIAL 72 STARTED
----------------------------------------
Start Time: 2024-05-02 02:27:47
TRIAL 72 COMPLETE ✔
End Time: 2024-05-02 02:34:42
Total runtime for this trial (minutes/seconds): 06:55
----------------------------------------
Total hill visits: 90
Total prediction errors: 498
Total search depth: 3414992
Total times memory accessed: 11894336
Total times 24 >= t < 49: 20
Total times 49 >= t < 74: 3
Total times 74 >= t < 99: 1
Total times t == 99: 0
Total time steps survived: 1987
Total runtime so far (hours/minutes/seconds): 06:11:26
----------------------------------------

----------------------------------------
TRIAL 73 STARTED
----------------------------------------
Start Time: 2024-05-02 02:34:42
TRIAL 73 COMPLETE ✔
End Time: 2024-05-02 02:49:06
Total runtime for this trial (minutes/seconds): 14:23
----------------------------------------
Total hill visits: 92
Total prediction errors: 509
Total search depth: 3534350
Total times memory accessed: 12308061
Total times 24 >= t < 49: 20
Total times 49 >= t < 74: 4
Total times 74 >= t < 99: 1
Total times t == 99: 0
Total time steps survived: 2037
Total runtime so far (hours/minutes/seconds): 06:25:50
----------------------------------------

----------------------------------------
TRIAL 74 STARTED
----------------------------------------
Start Time: 2024-05-02 02:49:06
TRIAL 74 COMPLETE ✔
End Time: 2024-05-02 03:01:09
Total runtime for this trial (minutes/seconds): 12:03
----------------------------------------
Total hill visits: 93
Total prediction errors: 517
Total search depth: 3626179
Total times memory accessed: 12641941
Total times 24 >= t < 49: 21
Total times 49 >= t < 74: 4
Total times 74 >= t < 99: 1
Total times t == 99: 0
Total time steps survived: 2068
Total runtime so far (hours/minutes/seconds): 06:37:53
----------------------------------------

----------------------------------------
TRIAL 75 STARTED
----------------------------------------
Start Time: 2024-05-02 03:01:09
TRIAL 75 COMPLETE ✔
End Time: 2024-05-02 03:06:22
Total runtime for this trial (minutes/seconds): 05:13
----------------------------------------
Total hill visits: 95
Total prediction errors: 523
Total search depth: 3670009
Total times memory accessed: 12796342
Total times 24 >= t < 49: 21
Total times 49 >= t < 74: 4
Total times 74 >= t < 99: 1
Total times t == 99: 0
Total time steps survived: 2088
Total runtime so far (hours/minutes/seconds): 06:43:06
----------------------------------------

----------------------------------------
TRIAL 76 STARTED
----------------------------------------
Start Time: 2024-05-02 03:06:22
TRIAL 76 COMPLETE ✔
End Time: 2024-05-02 03:21:46
Total runtime for this trial (minutes/seconds): 15:23
----------------------------------------
Total hill visits: 97
Total prediction errors: 533
Total search depth: 3799344
Total times memory accessed: 13231909
Total times 24 >= t < 49: 21
Total times 49 >= t < 74: 5
Total times 74 >= t < 99: 1
Total times t == 99: 0
Total time steps survived: 2153
Total runtime so far (hours/minutes/seconds): 06:58:29
----------------------------------------

----------------------------------------
TRIAL 77 STARTED
----------------------------------------
Start Time: 2024-05-02 03:21:46
TRIAL 77 COMPLETE ✔
End Time: 2024-05-02 03:45:04
Total runtime for this trial (minutes/seconds): 23:18
----------------------------------------
Total hill visits: 99
Total prediction errors: 545
Total search depth: 4005284
Total times memory accessed: 13879394
Total times 24 >= t < 49: 21
Total times 49 >= t < 74: 6
Total times 74 >= t < 99: 1
Total times t == 99: 0
Total time steps survived: 2207
Total runtime so far (hours/minutes/seconds): 07:21:48
----------------------------------------

----------------------------------------
TRIAL 78 STARTED
----------------------------------------
Start Time: 2024-05-02 03:45:05
TRIAL 78 COMPLETE ✔
End Time: 2024-05-02 03:53:06
Total runtime for this trial (minutes/seconds): 08:01
----------------------------------------
Total hill visits: 101
Total prediction errors: 547
Total search depth: 4067025
Total times memory accessed: 14097713
Total times 24 >= t < 49: 21
Total times 49 >= t < 74: 6
Total times 74 >= t < 99: 1
Total times t == 99: 0
Total time steps survived: 2229
Total runtime so far (hours/minutes/seconds): 07:29:50
----------------------------------------

----------------------------------------
TRIAL 79 STARTED
----------------------------------------
Start Time: 2024-05-02 03:53:06
TRIAL 79 COMPLETE ✔
End Time: 2024-05-02 04:22:25
Total runtime for this trial (minutes/seconds): 29:19
----------------------------------------
Total hill visits: 103
Total prediction errors: 562
Total search depth: 4312960
Total times memory accessed: 14910166
Total times 24 >= t < 49: 21
Total times 49 >= t < 74: 7
Total times 74 >= t < 99: 1
Total times t == 99: 0
Total time steps survived: 2299
Total runtime so far (hours/minutes/seconds): 07:59:09
----------------------------------------

----------------------------------------
TRIAL 80 STARTED
----------------------------------------
Start Time: 2024-05-02 04:22:25
TRIAL 80 COMPLETE ✔
End Time: 2024-05-02 04:25:45
Total runtime for this trial (minutes/seconds): 03:19
----------------------------------------
Total hill visits: 106
Total prediction errors: 566
Total search depth: 4339925
Total times memory accessed: 15002309
Total times 24 >= t < 49: 21
Total times 49 >= t < 74: 7
Total times 74 >= t < 99: 1
Total times t == 99: 0
Total time steps survived: 2319
Total runtime so far (hours/minutes/seconds): 08:02:29
----------------------------------------

----------------------------------------
TRIAL 81 STARTED
----------------------------------------
Start Time: 2024-05-02 04:25:45
TRIAL 81 COMPLETE ✔
End Time: 2024-05-02 04:34:38
Total runtime for this trial (minutes/seconds): 08:53
----------------------------------------
Total hill visits: 107
Total prediction errors: 573
Total search depth: 4406654
Total times memory accessed: 15251863
Total times 24 >= t < 49: 21
Total times 49 >= t < 74: 7
Total times 74 >= t < 99: 1
Total times t == 99: 0
Total time steps survived: 2341
Total runtime so far (hours/minutes/seconds): 08:11:22
----------------------------------------

----------------------------------------
TRIAL 82 STARTED
----------------------------------------
Start Time: 2024-05-02 04:34:38
TRIAL 82 COMPLETE ✔
End Time: 2024-05-02 04:46:53
Total runtime for this trial (minutes/seconds): 12:14
----------------------------------------
Total hill visits: 108
Total prediction errors: 579
Total search depth: 4509927
Total times memory accessed: 15589318
Total times 24 >= t < 49: 22
Total times 49 >= t < 74: 7
Total times 74 >= t < 99: 1
Total times t == 99: 0
Total time steps survived: 2369
Total runtime so far (hours/minutes/seconds): 08:23:37
----------------------------------------

----------------------------------------
TRIAL 83 STARTED
----------------------------------------
Start Time: 2024-05-02 04:46:53
TRIAL 83 COMPLETE ✔
End Time: 2024-05-02 04:53:00
Total runtime for this trial (minutes/seconds): 06:07
----------------------------------------
Total hill visits: 109
Total prediction errors: 584
Total search depth: 4562740
Total times memory accessed: 15761114
Total times 24 >= t < 49: 22
Total times 49 >= t < 74: 7
Total times 74 >= t < 99: 1
Total times t == 99: 0
Total time steps survived: 2468
Total runtime so far (hours/minutes/seconds): 08:29:44
----------------------------------------

----------------------------------------
TRIAL 84 STARTED
----------------------------------------
Start Time: 2024-05-02 04:53:00
TRIAL 84 COMPLETE ✔
End Time: 2024-05-02 05:05:32
Total runtime for this trial (minutes/seconds): 12:32
----------------------------------------
Total hill visits: 111
Total prediction errors: 591
Total search depth: 4662145
Total times memory accessed: 16128984
Total times 24 >= t < 49: 23
Total times 49 >= t < 74: 7
Total times 74 >= t < 99: 1
Total times t == 99: 0
Total time steps survived: 2512
Total runtime so far (hours/minutes/seconds): 08:42:16
----------------------------------------

----------------------------------------
TRIAL 85 STARTED
----------------------------------------
Start Time: 2024-05-02 05:05:32
TRIAL 85 COMPLETE ✔
End Time: 2024-05-02 05:08:11
Total runtime for this trial (minutes/seconds): 02:38
----------------------------------------
Total hill visits: 112
Total prediction errors: 594
Total search depth: 4684942
Total times memory accessed: 16204987
Total times 24 >= t < 49: 23
Total times 49 >= t < 74: 7
Total times 74 >= t < 99: 1
Total times t == 99: 0
Total time steps survived: 2532
Total runtime so far (hours/minutes/seconds): 08:44:54
----------------------------------------

----------------------------------------
TRIAL 86 STARTED
----------------------------------------
Start Time: 2024-05-02 05:08:11
TRIAL 86 COMPLETE ✔
End Time: 2024-05-02 05:31:19
Total runtime for this trial (minutes/seconds): 23:08
----------------------------------------
Total hill visits: 113
Total prediction errors: 604
Total search depth: 4884693
Total times memory accessed: 16922079
Total times 24 >= t < 49: 24
Total times 49 >= t < 74: 7
Total times 74 >= t < 99: 1
Total times t == 99: 0
Total time steps survived: 2560
Total runtime so far (hours/minutes/seconds): 09:08:03
----------------------------------------

----------------------------------------
TRIAL 87 STARTED
----------------------------------------
Start Time: 2024-05-02 05:31:19
TRIAL 87 COMPLETE ✔
End Time: 2024-05-02 05:51:04
Total runtime for this trial (minutes/seconds): 19:44
----------------------------------------
Total hill visits: 116
Total prediction errors: 620
Total search depth: 5079108
Total times memory accessed: 17556541
Total times 24 >= t < 49: 24
Total times 49 >= t < 74: 8
Total times 74 >= t < 99: 1
Total times t == 99: 0
Total time steps survived: 2622
Total runtime so far (hours/minutes/seconds): 09:27:47
----------------------------------------

----------------------------------------
TRIAL 88 STARTED
----------------------------------------
Start Time: 2024-05-02 05:51:04
TRIAL 88 COMPLETE ✔
End Time: 2024-05-02 06:00:01
Total runtime for this trial (minutes/seconds): 08:57
----------------------------------------
Total hill visits: 118
Total prediction errors: 628
Total search depth: 5163691
Total times memory accessed: 17846593
Total times 24 >= t < 49: 25
Total times 49 >= t < 74: 8
Total times 74 >= t < 99: 1
Total times t == 99: 0
Total time steps survived: 2659
Total runtime so far (hours/minutes/seconds): 09:36:45
----------------------------------------

----------------------------------------
TRIAL 89 STARTED
----------------------------------------
Start Time: 2024-05-02 06:00:01
TRIAL 89 COMPLETE ✔
End Time: 2024-05-02 06:03:48
Total runtime for this trial (minutes/seconds): 03:47
----------------------------------------
Total hill visits: 119
Total prediction errors: 631
Total search depth: 5198809
Total times memory accessed: 17968278
Total times 24 >= t < 49: 25
Total times 49 >= t < 74: 8
Total times 74 >= t < 99: 1
Total times t == 99: 0
Total time steps survived: 2679
Total runtime so far (hours/minutes/seconds): 09:40:32
----------------------------------------

----------------------------------------
TRIAL 90 STARTED
----------------------------------------
Start Time: 2024-05-02 06:03:48
TRIAL 90 COMPLETE ✔
End Time: 2024-05-02 06:34:51
Total runtime for this trial (minutes/seconds): 31:02
----------------------------------------
Total hill visits: 120
Total prediction errors: 646
Total search depth: 5485659
Total times memory accessed: 18951360
Total times 24 >= t < 49: 25
Total times 49 >= t < 74: 8
Total times 74 >= t < 99: 1
Total times t == 99: 0
Total time steps survived: 2778
Total runtime so far (hours/minutes/seconds): 10:11:35
----------------------------------------

----------------------------------------
TRIAL 91 STARTED
----------------------------------------
Start Time: 2024-05-02 06:34:51
TRIAL 91 COMPLETE ✔
End Time: 2024-05-02 06:43:18
Total runtime for this trial (minutes/seconds): 08:26
----------------------------------------
Total hill visits: 122
Total prediction errors: 651
Total search depth: 5562377
Total times memory accessed: 19217169
Total times 24 >= t < 49: 25
Total times 49 >= t < 74: 8
Total times 74 >= t < 99: 2
Total times t == 99: 0
Total time steps survived: 2875
Total runtime so far (hours/minutes/seconds): 10:20:02
----------------------------------------

----------------------------------------
TRIAL 92 STARTED
----------------------------------------
Start Time: 2024-05-02 06:43:18
TRIAL 92 COMPLETE ✔
End Time: 2024-05-02 06:55:18
Total runtime for this trial (minutes/seconds): 12:00
----------------------------------------
Total hill visits: 124
Total prediction errors: 655
Total search depth: 5672413
Total times memory accessed: 19597370
Total times 24 >= t < 49: 26
Total times 49 >= t < 74: 8
Total times 74 >= t < 99: 2
Total times t == 99: 0
Total time steps survived: 2920
Total runtime so far (hours/minutes/seconds): 10:32:02
----------------------------------------

----------------------------------------
TRIAL 93 STARTED
----------------------------------------
Start Time: 2024-05-02 06:55:18
TRIAL 93 COMPLETE ✔
End Time: 2024-05-02 07:06:12
Total runtime for this trial (minutes/seconds): 10:54
----------------------------------------
Total hill visits: 125
Total prediction errors: 663
Total search depth: 5763907
Total times memory accessed: 19947405
Total times 24 >= t < 49: 26
Total times 49 >= t < 74: 8
Total times 74 >= t < 99: 2
Total times t == 99: 0
Total time steps survived: 2942
Total runtime so far (hours/minutes/seconds): 10:42:56
----------------------------------------

----------------------------------------
TRIAL 94 STARTED
----------------------------------------
Start Time: 2024-05-02 07:06:12
TRIAL 94 COMPLETE ✔
End Time: 2024-05-02 07:11:15
Total runtime for this trial (minutes/seconds): 05:02
----------------------------------------
Total hill visits: 127
Total prediction errors: 668
Total search depth: 5810332
Total times memory accessed: 20108603
Total times 24 >= t < 49: 26
Total times 49 >= t < 74: 8
Total times 74 >= t < 99: 2
Total times t == 99: 0
Total time steps survived: 2964
Total runtime so far (hours/minutes/seconds): 10:47:59
----------------------------------------

----------------------------------------
TRIAL 95 STARTED
----------------------------------------
Start Time: 2024-05-02 07:11:15
TRIAL 95 COMPLETE ✔
End Time: 2024-05-02 07:25:15
Total runtime for this trial (minutes/seconds): 13:59
----------------------------------------
Total hill visits: 128
Total prediction errors: 678
Total search depth: 5943796
Total times memory accessed: 20550184
Total times 24 >= t < 49: 26
Total times 49 >= t < 74: 9
Total times 74 >= t < 99: 2
Total times t == 99: 0
Total time steps survived: 3017
Total runtime so far (hours/minutes/seconds): 11:01:59
----------------------------------------

----------------------------------------
TRIAL 96 STARTED
----------------------------------------
Start Time: 2024-05-02 07:25:15
TRIAL 96 COMPLETE ✔
End Time: 2024-05-02 07:34:03
Total runtime for this trial (minutes/seconds): 08:48
----------------------------------------
Total hill visits: 130
Total prediction errors: 685
Total search depth: 6019770
Total times memory accessed: 20828804
Total times 24 >= t < 49: 26
Total times 49 >= t < 74: 9
Total times 74 >= t < 99: 2
Total times t == 99: 0
Total time steps survived: 3039
Total runtime so far (hours/minutes/seconds): 11:10:47
----------------------------------------

----------------------------------------
TRIAL 97 STARTED
----------------------------------------
Start Time: 2024-05-02 07:34:03
TRIAL 97 COMPLETE ✔
End Time: 2024-05-02 07:41:14
Total runtime for this trial (minutes/seconds): 07:10
----------------------------------------
Total hill visits: 131
Total prediction errors: 691
Total search depth: 6086054
Total times memory accessed: 21055674
Total times 24 >= t < 49: 27
Total times 49 >= t < 74: 9
Total times 74 >= t < 99: 2
Total times t == 99: 0
Total time steps survived: 3064
Total runtime so far (hours/minutes/seconds): 11:17:58
----------------------------------------

----------------------------------------
TRIAL 98 STARTED
----------------------------------------
Start Time: 2024-05-02 07:41:14
TRIAL 98 COMPLETE ✔
End Time: 2024-05-02 08:10:08
Total runtime for this trial (minutes/seconds): 28:54
----------------------------------------
Total hill visits: 134
Total prediction errors: 704
Total search depth: 6350471
Total times memory accessed: 21972251
Total times 24 >= t < 49: 27
Total times 49 >= t < 74: 9
Total times 74 >= t < 99: 2
Total times t == 99: 0
Total time steps survived: 3163
Total runtime so far (hours/minutes/seconds): 11:46:52
----------------------------------------

----------------------------------------
TRIAL 99 STARTED
----------------------------------------
Start Time: 2024-05-02 08:10:08
TRIAL 99 COMPLETE ✔
End Time: 2024-05-02 08:14:24
Total runtime for this trial (minutes/seconds): 04:15
----------------------------------------
Total hill visits: 136
Total prediction errors: 708
Total search depth: 6388879
Total times memory accessed: 22106471
Total times 24 >= t < 49: 27
Total times 49 >= t < 74: 9
Total times 74 >= t < 99: 2
Total times t == 99: 0
Total time steps survived: 3183
Total runtime so far (hours/minutes/seconds): 11:51:08
----------------------------------------

----------------------------------------
TRIAL 100 STARTED
----------------------------------------
Start Time: 2024-05-02 08:14:24
TRIAL 100 COMPLETE ✔
End Time: 2024-05-02 08:28:24
Total runtime for this trial (minutes/seconds): 13:59
----------------------------------------
Total hill visits: 137
Total prediction errors: 715
Total search depth: 6528143
Total times memory accessed: 22540863
Total times 24 >= t < 49: 27
Total times 49 >= t < 74: 10
Total times 74 >= t < 99: 2
Total times t == 99: 0
Total time steps survived: 3245
Total runtime so far (hours/minutes/seconds): 12:05:08
----------------------------------------

----------------------------------------
TRIAL 101 STARTED
----------------------------------------
Start Time: 2024-05-02 08:28:24
TRIAL 101 COMPLETE ✔
End Time: 2024-05-02 08:41:18
Total runtime for this trial (minutes/seconds): 12:54
----------------------------------------
Total hill visits: 138
Total prediction errors: 725
Total search depth: 6651662
Total times memory accessed: 22944512
Total times 24 >= t < 49: 28
Total times 49 >= t < 74: 10
Total times 74 >= t < 99: 2
Total times t == 99: 0
Total time steps survived: 3287
Total runtime so far (hours/minutes/seconds): 12:18:02
----------------------------------------

----------------------------------------
TRIAL 102 STARTED
----------------------------------------
Start Time: 2024-05-02 08:41:18
TRIAL 102 COMPLETE ✔
End Time: 2024-05-02 08:50:31
Total runtime for this trial (minutes/seconds): 09:12
----------------------------------------
Total hill visits: 140
Total prediction errors: 732
Total search depth: 6740438
Total times memory accessed: 23232243
Total times 24 >= t < 49: 28
Total times 49 >= t < 74: 11
Total times 74 >= t < 99: 2
Total times t == 99: 0
Total time steps survived: 3341
Total runtime so far (hours/minutes/seconds): 12:27:15
----------------------------------------

----------------------------------------
TRIAL 103 STARTED
----------------------------------------
Start Time: 2024-05-02 08:50:31
TRIAL 103 COMPLETE ✔
End Time: 2024-05-02 09:00:53
Total runtime for this trial (minutes/seconds): 10:21
----------------------------------------
Total hill visits: 141
Total prediction errors: 738
Total search depth: 6841863
Total times memory accessed: 23551953
Total times 24 >= t < 49: 29
Total times 49 >= t < 74: 11
Total times 74 >= t < 99: 2
Total times t == 99: 0
Total time steps survived: 3369
Total runtime so far (hours/minutes/seconds): 12:37:37
----------------------------------------

----------------------------------------
TRIAL 104 STARTED
----------------------------------------
Start Time: 2024-05-02 09:00:53
TRIAL 104 COMPLETE ✔
End Time: 2024-05-02 09:13:49
Total runtime for this trial (minutes/seconds): 12:55
----------------------------------------
Total hill visits: 142
Total prediction errors: 747
Total search depth: 6968028
Total times memory accessed: 23966718
Total times 24 >= t < 49: 30
Total times 49 >= t < 74: 11
Total times 74 >= t < 99: 2
Total times t == 99: 0
Total time steps survived: 3406
Total runtime so far (hours/minutes/seconds): 12:50:32
----------------------------------------

----------------------------------------
TRIAL 105 STARTED
----------------------------------------
Start Time: 2024-05-02 09:13:49
TRIAL 105 COMPLETE ✔
End Time: 2024-05-02 09:38:40
Total runtime for this trial (minutes/seconds): 24:51
----------------------------------------
Total hill visits: 144
Total prediction errors: 757
Total search depth: 7221474
Total times memory accessed: 24743645
Total times 24 >= t < 49: 30
Total times 49 >= t < 74: 11
Total times 74 >= t < 99: 2
Total times t == 99: 0
Total time steps survived: 3505
Total runtime so far (hours/minutes/seconds): 13:15:24
----------------------------------------

----------------------------------------
TRIAL 106 STARTED
----------------------------------------
Start Time: 2024-05-02 09:38:40
TRIAL 106 COMPLETE ✔
End Time: 2024-05-02 09:41:57
Total runtime for this trial (minutes/seconds): 03:16
----------------------------------------
Total hill visits: 145
Total prediction errors: 759
Total search depth: 7254883
Total times memory accessed: 24846035
Total times 24 >= t < 49: 30
Total times 49 >= t < 74: 11
Total times 74 >= t < 99: 2
Total times t == 99: 0
Total time steps survived: 3525
Total runtime so far (hours/minutes/seconds): 13:18:40
----------------------------------------

----------------------------------------
TRIAL 107 STARTED
----------------------------------------
Start Time: 2024-05-02 09:41:57
TRIAL 107 COMPLETE ✔
End Time: 2024-05-02 10:12:06
Total runtime for this trial (minutes/seconds): 30:09
----------------------------------------
Total hill visits: 146
Total prediction errors: 774
Total search depth: 7543763
Total times memory accessed: 25778154
Total times 24 >= t < 49: 30
Total times 49 >= t < 74: 12
Total times 74 >= t < 99: 2
Total times t == 99: 0
Total time steps survived: 3584
Total runtime so far (hours/minutes/seconds): 13:48:50
----------------------------------------

----------------------------------------
TRIAL 108 STARTED
----------------------------------------
Start Time: 2024-05-02 10:12:06
TRIAL 108 COMPLETE ✔
End Time: 2024-05-02 10:22:08
Total runtime for this trial (minutes/seconds): 10:01
----------------------------------------
Total hill visits: 148
Total prediction errors: 779
Total search depth: 7637307
Total times memory accessed: 26084711
Total times 24 >= t < 49: 31
Total times 49 >= t < 74: 12
Total times 74 >= t < 99: 2
Total times t == 99: 0
Total time steps survived: 3629
Total runtime so far (hours/minutes/seconds): 13:58:52
----------------------------------------

----------------------------------------
TRIAL 109 STARTED
----------------------------------------
Start Time: 2024-05-02 10:22:08
TRIAL 109 COMPLETE ✔
End Time: 2024-05-02 10:28:32
Total runtime for this trial (minutes/seconds): 06:24
----------------------------------------
Total hill visits: 149
Total prediction errors: 782
Total search depth: 7697952
Total times memory accessed: 26283206
Total times 24 >= t < 49: 31
Total times 49 >= t < 74: 12
Total times 74 >= t < 99: 2
Total times t == 99: 0
Total time steps survived: 3649
Total runtime so far (hours/minutes/seconds): 14:05:16
----------------------------------------

----------------------------------------
TRIAL 110 STARTED
----------------------------------------
Start Time: 2024-05-02 10:28:32
TRIAL 110 COMPLETE ✔
End Time: 2024-05-02 10:39:39
Total runtime for this trial (minutes/seconds): 11:06
----------------------------------------
Total hill visits: 151
Total prediction errors: 789
Total search depth: 7809065
Total times memory accessed: 26642802
Total times 24 >= t < 49: 32
Total times 49 >= t < 74: 12
Total times 74 >= t < 99: 2
Total times t == 99: 0
Total time steps survived: 3690
Total runtime so far (hours/minutes/seconds): 14:16:23
----------------------------------------

----------------------------------------
TRIAL 111 STARTED
----------------------------------------
Start Time: 2024-05-02 10:39:39
TRIAL 111 COMPLETE ✔
End Time: 2024-05-02 10:51:29
Total runtime for this trial (minutes/seconds): 11:49
----------------------------------------
Total hill visits: 152
Total prediction errors: 796
Total search depth: 7939748
Total times memory accessed: 27057228
Total times 24 >= t < 49: 32
Total times 49 >= t < 74: 13
Total times 74 >= t < 99: 2
Total times t == 99: 0
Total time steps survived: 3752
Total runtime so far (hours/minutes/seconds): 14:28:13
----------------------------------------

----------------------------------------
TRIAL 112 STARTED
----------------------------------------
Start Time: 2024-05-02 10:51:29
TRIAL 112 COMPLETE ✔
End Time: 2024-05-02 11:20:52
Total runtime for this trial (minutes/seconds): 29:23
----------------------------------------
Total hill visits: 154
Total prediction errors: 810
Total search depth: 8257470
Total times memory accessed: 28067753
Total times 24 >= t < 49: 32
Total times 49 >= t < 74: 13
Total times 74 >= t < 99: 2
Total times t == 99: 0
Total time steps survived: 3851
Total runtime so far (hours/minutes/seconds): 14:57:36
----------------------------------------

----------------------------------------
TRIAL 113 STARTED
----------------------------------------
Start Time: 2024-05-02 11:20:52
TRIAL 113 COMPLETE ✔
End Time: 2024-05-02 11:49:38
Total runtime for this trial (minutes/seconds): 28:45
----------------------------------------
Total hill visits: 156
Total prediction errors: 826
Total search depth: 8534671
Total times memory accessed: 28983021
Total times 24 >= t < 49: 32
Total times 49 >= t < 74: 13
Total times 74 >= t < 99: 3
Total times t == 99: 0
Total time steps survived: 3933
Total runtime so far (hours/minutes/seconds): 15:26:22
----------------------------------------

----------------------------------------
TRIAL 114 STARTED
----------------------------------------
Start Time: 2024-05-02 11:49:38
TRIAL 114 COMPLETE ✔
End Time: 2024-05-02 12:11:37
Total runtime for this trial (minutes/seconds): 21:58
----------------------------------------
Total hill visits: 159
Total prediction errors: 841
Total search depth: 8749276
Total times memory accessed: 29682862
Total times 24 >= t < 49: 32
Total times 49 >= t < 74: 13
Total times 74 >= t < 99: 3
Total times t == 99: 0
Total time steps survived: 4032
Total runtime so far (hours/minutes/seconds): 15:48:21
----------------------------------------

----------------------------------------
TRIAL 115 STARTED
----------------------------------------
Start Time: 2024-05-02 12:11:37
TRIAL 115 COMPLETE ✔
End Time: 2024-05-02 12:16:05
Total runtime for this trial (minutes/seconds): 04:28
----------------------------------------
Total hill visits: 160
Total prediction errors: 845
Total search depth: 8789727
Total times memory accessed: 29821013
Total times 24 >= t < 49: 32
Total times 49 >= t < 74: 13
Total times 74 >= t < 99: 3
Total times t == 99: 0
Total time steps survived: 4052
Total runtime so far (hours/minutes/seconds): 15:52:49
----------------------------------------

----------------------------------------
TRIAL 116 STARTED
----------------------------------------
Start Time: 2024-05-02 12:16:05
TRIAL 116 COMPLETE ✔
End Time: 2024-05-02 12:25:23
Total runtime for this trial (minutes/seconds): 09:18
----------------------------------------
Total hill visits: 161
Total prediction errors: 852
Total search depth: 8878262
Total times memory accessed: 30098221
Total times 24 >= t < 49: 32
Total times 49 >= t < 74: 13
Total times 74 >= t < 99: 3
Total times t == 99: 0
Total time steps survived: 4074
Total runtime so far (hours/minutes/seconds): 16:02:07
----------------------------------------

----------------------------------------
TRIAL 117 STARTED
----------------------------------------
Start Time: 2024-05-02 12:25:23
TRIAL 117 COMPLETE ✔
End Time: 2024-05-02 12:41:37
Total runtime for this trial (minutes/seconds): 16:13
----------------------------------------
Total hill visits: 164
Total prediction errors: 866
Total search depth: 9039190
Total times memory accessed: 30619946
Total times 24 >= t < 49: 32
Total times 49 >= t < 74: 13
Total times 74 >= t < 99: 3
Total times t == 99: 0
Total time steps survived: 4173
Total runtime so far (hours/minutes/seconds): 16:18:21
----------------------------------------

----------------------------------------
TRIAL 118 STARTED
----------------------------------------
Start Time: 2024-05-02 12:41:37
TRIAL 118 COMPLETE ✔
End Time: 2024-05-02 12:48:41
Total runtime for this trial (minutes/seconds): 07:03
----------------------------------------
Total hill visits: 170
Total prediction errors: 873
Total search depth: 9104024
Total times memory accessed: 30827421
Total times 24 >= t < 49: 32
Total times 49 >= t < 74: 14
Total times 74 >= t < 99: 3
Total times t == 99: 0
Total time steps survived: 4222
Total runtime so far (hours/minutes/seconds): 16:25:25
----------------------------------------

----------------------------------------
TRIAL 119 STARTED
----------------------------------------
Start Time: 2024-05-02 12:48:41
TRIAL 119 COMPLETE ✔
End Time: 2024-05-02 13:14:13
Total runtime for this trial (minutes/seconds): 25:31
----------------------------------------
Total hill visits: 174
Total prediction errors: 882
Total search depth: 9351328
Total times memory accessed: 31606139
Total times 24 >= t < 49: 32
Total times 49 >= t < 74: 14
Total times 74 >= t < 99: 3
Total times t == 99: 0
Total time steps survived: 4321
Total runtime so far (hours/minutes/seconds): 16:50:57
----------------------------------------

----------------------------------------
TRIAL 120 STARTED
----------------------------------------
Start Time: 2024-05-02 13:14:13
TRIAL 120 COMPLETE ✔
End Time: 2024-05-02 13:33:04
Total runtime for this trial (minutes/seconds): 18:51
----------------------------------------
Total hill visits: 176
Total prediction errors: 892
Total search depth: 9528923
Total times memory accessed: 32166833
Total times 24 >= t < 49: 32
Total times 49 >= t < 74: 14
Total times 74 >= t < 99: 4
Total times t == 99: 0
Total time steps survived: 4414
Total runtime so far (hours/minutes/seconds): 17:09:48
----------------------------------------
EXPERIMENT COMPLETE ✔.
End Time: 2024-05-02 13:33:04
TOTAL RUNTIME (hours/minutes/seconds): 17:09:48
Traceback (most recent call last):
  File "/home/grmstj001/MATLAB-experiments/Sophisticated-Learning/src/Python/main.py", line 24, in <module>
    main(algorithm=args.algorithm, seed=args.seed)
  File "/home/grmstj001/MATLAB-experiments/Sophisticated-Learning/src/Python/main.py", line 8, in main
    si_experiment(seed)
  File "/home/grmstj001/MATLAB-experiments/Sophisticated-Learning/src/Python/algorithms/sophisticated_inference/sophisticated_inference.py", line 354, in experiment
    logging.info(f"AVERAGE RUNTIME PER TIME STEP: {round_half_up((runtime.total_seconds() / total_t), 3)} seconds")
NameError: name 'round_half_up' is not defined
/var/tmp/slurmd.spool/job2116117/slurm_script: line 32: deactivatepython: command not found
