Running Python script with ALGORITHM=SI and SEED=30
At time 20 the agent is dead.
The agent had: 1 food, -1 water, and 20 sleep.
The total tree search depth for this trial was 1128.
The agent accessed its memory 1990 times.
The agent cleared its short-term memory 2 times.
    State prediction error memory resets: 1.
    Hill memory resets: 1.
At time 22 the agent is dead.
The agent had: -1 food, 17 water, and 2 sleep.
The total tree search depth for this trial was 1125.
The agent accessed its memory 4045 times.
The agent cleared its short-term memory 12 times.
    State prediction error memory resets: 10.
    Hill memory resets: 2.
At time 20 the agent is dead.
The agent had: 1 food, -1 water, and 4 sleep.
The total tree search depth for this trial was 1957.
The agent accessed its memory 4336 times.
The agent cleared its short-term memory 0 times.
    State prediction error memory resets: 0.
    Hill memory resets: 0.
At time 20 the agent is dead.
The agent had: 1 food, -1 water, and 4 sleep.
The total tree search depth for this trial was 1254.
The agent accessed its memory 2673 times.
The agent cleared its short-term memory 0 times.
    State prediction error memory resets: 0.
    Hill memory resets: 0.
At time 20 the agent is dead.
The agent had: 13 food, -1 water, and 4 sleep.
The total tree search depth for this trial was 3766.
The agent accessed its memory 13748 times.
The agent cleared its short-term memory 10 times.
    State prediction error memory resets: 8.
    Hill memory resets: 2.
At time 20 the agent is dead.
The agent had: 1 food, -1 water, and 4 sleep.
The total tree search depth for this trial was 1100.
The agent accessed its memory 2363 times.
The agent cleared its short-term memory 0 times.
    State prediction error memory resets: 0.
    Hill memory resets: 0.
At time 22 the agent is dead.
The agent had: -1 food, 14 water, and 2 sleep.
The total tree search depth for this trial was 3645.
The agent accessed its memory 14796 times.
The agent cleared its short-term memory 8 times.
    State prediction error memory resets: 7.
    Hill memory resets: 1.
At time 20 the agent is dead.
The agent had: 1 food, -1 water, and 4 sleep.
The total tree search depth for this trial was 5077.
The agent accessed its memory 20074 times.
The agent cleared its short-term memory 11 times.
    State prediction error memory resets: 11.
    Hill memory resets: 0.
At time 22 the agent is dead.
The agent had: -1 food, 16 water, and 20 sleep.
The total tree search depth for this trial was 4098.
The agent accessed its memory 13833 times.
The agent cleared its short-term memory 7 times.
    State prediction error memory resets: 6.
    Hill memory resets: 1.
At time 20 the agent is dead.
The agent had: 1 food, -1 water, and 4 sleep.
The total tree search depth for this trial was 3410.
The agent accessed its memory 11118 times.
The agent cleared its short-term memory 11 times.
    State prediction error memory resets: 10.
    Hill memory resets: 1.
At time 22 the agent is dead.
The agent had: -1 food, 13 water, and 2 sleep.
The total tree search depth for this trial was 2842.
The agent accessed its memory 11488 times.
The agent cleared its short-term memory 13 times.
    State prediction error memory resets: 13.
    Hill memory resets: 0.
At time 20 the agent is dead.
The agent had: 1 food, -1 water, and 4 sleep.
The total tree search depth for this trial was 1702.
The agent accessed its memory 5668 times.
The agent cleared its short-term memory 4 times.
    State prediction error memory resets: 2.
    Hill memory resets: 2.
At time 20 the agent is dead.
The agent had: 1 food, -1 water, and 21 sleep.
The total tree search depth for this trial was 11991.
The agent accessed its memory 45685 times.
The agent cleared its short-term memory 2 times.
    State prediction error memory resets: 2.
    Hill memory resets: 0.
At time 46 the agent is dead.
The agent had: 4 food, -1 water, and 8 sleep.
The total tree search depth for this trial was 42208.
The agent accessed its memory 146732 times.
The agent cleared its short-term memory 11 times.
    State prediction error memory resets: 10.
    Hill memory resets: 1.
At time 20 the agent is dead.
The agent had: 1 food, -1 water, and 4 sleep.
The total tree search depth for this trial was 6125.
The agent accessed its memory 28230 times.
The agent cleared its short-term memory 13 times.
    State prediction error memory resets: 13.
    Hill memory resets: 0.
At time 20 the agent is dead.
The agent had: 1 food, -1 water, and 14 sleep.
The total tree search depth for this trial was 25324.
The agent accessed its memory 104520 times.
The agent cleared its short-term memory 8 times.
    State prediction error memory resets: 7.
    Hill memory resets: 1.
At time 20 the agent is dead.
The agent had: 4 food, -1 water, and 4 sleep.
The total tree search depth for this trial was 21614.
The agent accessed its memory 90884 times.
The agent cleared its short-term memory 11 times.
    State prediction error memory resets: 11.
    Hill memory resets: 0.
At time 37 the agent is dead.
The agent had: 8 food, -1 water, and 7 sleep.
The total tree search depth for this trial was 80151.
The agent accessed its memory 301039 times.
The agent cleared its short-term memory 6 times.
    State prediction error memory resets: 6.
    Hill memory resets: 0.
At time 20 the agent is dead.
The agent had: 1 food, -1 water, and 4 sleep.
The total tree search depth for this trial was 9776.
The agent accessed its memory 36714 times.
The agent cleared its short-term memory 7 times.
    State prediction error memory resets: 6.
    Hill memory resets: 1.
At time 54 the agent is dead.
The agent had: 5 food, 4 water, and -1 sleep.
The total tree search depth for this trial was 85146.
The agent accessed its memory 306879 times.
The agent cleared its short-term memory 12 times.
    State prediction error memory resets: 11.
    Hill memory resets: 1.
At time 22 the agent is dead.
The agent had: -1 food, 9 water, and 2 sleep.
The total tree search depth for this trial was 54632.
The agent accessed its memory 231088 times.
The agent cleared its short-term memory 14 times.
    State prediction error memory resets: 13.
    Hill memory resets: 1.
At time 20 the agent is dead.
The agent had: 1 food, -1 water, and 4 sleep.
The total tree search depth for this trial was 45139.
The agent accessed its memory 183997 times.
The agent cleared its short-term memory 10 times.
    State prediction error memory resets: 9.
    Hill memory resets: 1.
At time 22 the agent is dead.
The agent had: -1 food, 16 water, and 14 sleep.
The total tree search depth for this trial was 26717.
The agent accessed its memory 98744 times.
The agent cleared its short-term memory 4 times.
    State prediction error memory resets: 3.
    Hill memory resets: 1.
At time 20 the agent is dead.
The agent had: 1 food, -1 water, and 4 sleep.
The total tree search depth for this trial was 15629.
The agent accessed its memory 53737 times.
The agent cleared its short-term memory 8 times.
    State prediction error memory resets: 7.
    Hill memory resets: 1.
At time 42 the agent is dead.
The agent had: 10 food, -1 water, and 2 sleep.
The total tree search depth for this trial was 81254.
The agent accessed its memory 298338 times.
The agent cleared its short-term memory 8 times.
    State prediction error memory resets: 6.
    Hill memory resets: 2.
At time 20 the agent is dead.
The agent had: 10 food, -1 water, and 12 sleep.
The total tree search depth for this trial was 44413.
The agent accessed its memory 157612 times.
The agent cleared its short-term memory 7 times.
    State prediction error memory resets: 6.
    Hill memory resets: 1.
At time 25 the agent is dead.
The agent had: 6 food, 2 water, and -1 sleep.
The total tree search depth for this trial was 46040.
The agent accessed its memory 179299 times.
The agent cleared its short-term memory 11 times.
    State prediction error memory resets: 10.
    Hill memory resets: 1.
At time 29 the agent is dead.
The agent had: 2 food, -1 water, and 6 sleep.
The total tree search depth for this trial was 34217.
The agent accessed its memory 118562 times.
The agent cleared its short-term memory 9 times.
    State prediction error memory resets: 8.
    Hill memory resets: 1.
At time 25 the agent is dead.
The agent had: 7 food, 3 water, and -1 sleep.
The total tree search depth for this trial was 47917.
The agent accessed its memory 173920 times.
The agent cleared its short-term memory 12 times.
    State prediction error memory resets: 10.
    Hill memory resets: 2.
At time 25 the agent is dead.
The agent had: 2 food, 3 water, and -1 sleep.
The total tree search depth for this trial was 62729.
The agent accessed its memory 207755 times.
The agent cleared its short-term memory 11 times.
    State prediction error memory resets: 10.
    Hill memory resets: 1.
At time 20 the agent is dead.
The agent had: 1 food, -1 water, and 4 sleep.
The total tree search depth for this trial was 16201.
The agent accessed its memory 57143 times.
The agent cleared its short-term memory 8 times.
    State prediction error memory resets: 7.
    Hill memory resets: 1.
At time 22 the agent is dead.
The agent had: -1 food, 16 water, and 2 sleep.
The total tree search depth for this trial was 37985.
The agent accessed its memory 137777 times.
The agent cleared its short-term memory 5 times.
    State prediction error memory resets: 4.
    Hill memory resets: 1.
At time 20 the agent is dead.
The agent had: 12 food, -1 water, and 14 sleep.
The total tree search depth for this trial was 37114.
The agent accessed its memory 132246 times.
The agent cleared its short-term memory 4 times.
    State prediction error memory resets: 3.
    Hill memory resets: 1.
At time 85 the agent is dead.
The agent had: 11 food, -1 water, and 7 sleep.
The total tree search depth for this trial was 142759.
The agent accessed its memory 480605 times.
The agent cleared its short-term memory 20 times.
    State prediction error memory resets: 18.
    Hill memory resets: 2.
At time 20 the agent is dead.
The agent had: 1 food, -1 water, and 4 sleep.
The total tree search depth for this trial was 24233.
The agent accessed its memory 88415 times.
The agent cleared its short-term memory 8 times.
    State prediction error memory resets: 6.
    Hill memory resets: 2.
At time 22 the agent is dead.
The agent had: -1 food, 15 water, and 2 sleep.
The total tree search depth for this trial was 20021.
The agent accessed its memory 72251 times.
The agent cleared its short-term memory 7 times.
    State prediction error memory resets: 6.
    Hill memory resets: 1.
At time 36 the agent is dead.
The agent had: 2 food, -1 water, and 6 sleep.
The total tree search depth for this trial was 30647.
The agent accessed its memory 99484 times.
The agent cleared its short-term memory 9 times.
    State prediction error memory resets: 8.
    Hill memory resets: 1.
At time 22 the agent is dead.
The agent had: -1 food, 7 water, and 2 sleep.
The total tree search depth for this trial was 22987.
The agent accessed its memory 88148 times.
The agent cleared its short-term memory 8 times.
    State prediction error memory resets: 7.
    Hill memory resets: 1.
At time 20 the agent is dead.
The agent had: 1 food, -1 water, and 11 sleep.
The total tree search depth for this trial was 26043.
The agent accessed its memory 93789 times.
The agent cleared its short-term memory 8 times.
    State prediction error memory resets: 7.
    Hill memory resets: 1.
At time 20 the agent is dead.
The agent had: 1 food, -1 water, and 4 sleep.
The total tree search depth for this trial was 24980.
The agent accessed its memory 90097 times.
The agent cleared its short-term memory 10 times.
    State prediction error memory resets: 9.
    Hill memory resets: 1.
At time 31 the agent is dead.
The agent had: -1 food, 1 water, and 23 sleep.
The total tree search depth for this trial was 92980.
The agent accessed its memory 300916 times.
The agent cleared its short-term memory 12 times.
    State prediction error memory resets: 11.
    Hill memory resets: 1.
At time 20 the agent is dead.
The agent had: 8 food, -1 water, and 13 sleep.
The total tree search depth for this trial was 38819.
The agent accessed its memory 127562 times.
The agent cleared its short-term memory 4 times.
    State prediction error memory resets: 3.
    Hill memory resets: 1.
At time 20 the agent is dead.
The agent had: 1 food, -1 water, and 20 sleep.
The total tree search depth for this trial was 18535.
The agent accessed its memory 63355 times.
The agent cleared its short-term memory 8 times.
    State prediction error memory resets: 7.
    Hill memory resets: 1.
At time 20 the agent is dead.
The agent had: 1 food, -1 water, and 13 sleep.
The total tree search depth for this trial was 40081.
The agent accessed its memory 138426 times.
The agent cleared its short-term memory 6 times.
    State prediction error memory resets: 4.
    Hill memory resets: 2.
At time 20 the agent is dead.
The agent had: 1 food, -1 water, and 21 sleep.
The total tree search depth for this trial was 27701.
The agent accessed its memory 94079 times.
The agent cleared its short-term memory 7 times.
    State prediction error memory resets: 6.
    Hill memory resets: 1.
At time 20 the agent is dead.
The agent had: 1 food, -1 water, and 11 sleep.
The total tree search depth for this trial was 28598.
The agent accessed its memory 95836 times.
The agent cleared its short-term memory 8 times.
    State prediction error memory resets: 7.
    Hill memory resets: 1.
At time 33 the agent is dead.
The agent had: 4 food, -1 water, and 2 sleep.
The total tree search depth for this trial was 79518.
The agent accessed its memory 283867 times.
The agent cleared its short-term memory 10 times.
    State prediction error memory resets: 8.
    Hill memory resets: 2.
At time 44 the agent is dead.
The agent had: -1 food, -1 water, and -1 sleep.
The total tree search depth for this trial was 127193.
The agent accessed its memory 442267 times.
The agent cleared its short-term memory 16 times.
    State prediction error memory resets: 15.
    Hill memory resets: 1.
At time 22 the agent is dead.
The agent had: -1 food, 12 water, and 21 sleep.
The total tree search depth for this trial was 94064.
The agent accessed its memory 342489 times.
The agent cleared its short-term memory 12 times.
    State prediction error memory resets: 10.
    Hill memory resets: 2.
At time 31 the agent is dead.
The agent had: 0 food, -1 water, and 19 sleep.
The total tree search depth for this trial was 175411.
The agent accessed its memory 596455 times.
The agent cleared its short-term memory 11 times.
    State prediction error memory resets: 10.
    Hill memory resets: 1.
At time 20 the agent is dead.
The agent had: 1 food, -1 water, and 13 sleep.
The total tree search depth for this trial was 25921.
The agent accessed its memory 86660 times.
The agent cleared its short-term memory 5 times.
    State prediction error memory resets: 4.
    Hill memory resets: 1.
At time 20 the agent is dead.
The agent had: 12 food, -1 water, and 14 sleep.
The total tree search depth for this trial was 52978.
The agent accessed its memory 186731 times.
The agent cleared its short-term memory 6 times.
    State prediction error memory resets: 5.
    Hill memory resets: 1.
At time 20 the agent is dead.
The agent had: 1 food, -1 water, and 4 sleep.
The total tree search depth for this trial was 60520.
The agent accessed its memory 228129 times.
The agent cleared its short-term memory 12 times.
    State prediction error memory resets: 10.
    Hill memory resets: 2.
At time 35 the agent is dead.
The agent had: -1 food, 10 water, and 12 sleep.
The total tree search depth for this trial was 145034.
The agent accessed its memory 489486 times.
The agent cleared its short-term memory 13 times.
    State prediction error memory resets: 10.
    Hill memory resets: 3.
At time 20 the agent is dead.
The agent had: 1 food, -1 water, and 10 sleep.
The total tree search depth for this trial was 19397.
The agent accessed its memory 63422 times.
The agent cleared its short-term memory 2 times.
    State prediction error memory resets: 1.
    Hill memory resets: 1.
At time 34 the agent is dead.
The agent had: 0 food, -1 water, and 0 sleep.
The total tree search depth for this trial was 102461.
The agent accessed its memory 347884 times.
The agent cleared its short-term memory 8 times.
    State prediction error memory resets: 6.
    Hill memory resets: 2.
At time 20 the agent is dead.
The agent had: 1 food, -1 water, and 17 sleep.
The total tree search depth for this trial was 30515.
The agent accessed its memory 103989 times.
The agent cleared its short-term memory 4 times.
    State prediction error memory resets: 3.
    Hill memory resets: 1.
At time 20 the agent is dead.
The agent had: 1 food, -1 water, and 4 sleep.
The total tree search depth for this trial was 45486.
The agent accessed its memory 163510 times.
The agent cleared its short-term memory 7 times.
    State prediction error memory resets: 6.
    Hill memory resets: 1.
At time 67 the agent is dead.
The agent had: -1 food, 6 water, and 21 sleep.
The total tree search depth for this trial was 122533.
The agent accessed its memory 390555 times.
The agent cleared its short-term memory 10 times.
    State prediction error memory resets: 6.
    Hill memory resets: 4.
At time 30 the agent is dead.
The agent had: 8 food, -1 water, and 2 sleep.
The total tree search depth for this trial was 108753.
The agent accessed its memory 378542 times.
The agent cleared its short-term memory 10 times.
    State prediction error memory resets: 8.
    Hill memory resets: 2.
At time 20 the agent is dead.
The agent had: 1 food, -1 water, and 20 sleep.
The total tree search depth for this trial was 23347.
The agent accessed its memory 77614 times.
The agent cleared its short-term memory 5 times.
    State prediction error memory resets: 4.
    Hill memory resets: 1.
At time 25 the agent is dead.
The agent had: 2 food, 6 water, and -1 sleep.
The total tree search depth for this trial was 113667.
The agent accessed its memory 388710 times.
The agent cleared its short-term memory 10 times.
    State prediction error memory resets: 7.
    Hill memory resets: 3.
At time 39 the agent is dead.
The agent had: -1 food, 0 water, and 19 sleep.
The total tree search depth for this trial was 120007.
The agent accessed its memory 400130 times.
The agent cleared its short-term memory 7 times.
    State prediction error memory resets: 5.
    Hill memory resets: 2.
At time 22 the agent is dead.
The agent had: -1 food, 10 water, and 21 sleep.
The total tree search depth for this trial was 23286.
The agent accessed its memory 76668 times.
The agent cleared its short-term memory 4 times.
    State prediction error memory resets: 3.
    Hill memory resets: 1.
At time 22 the agent is dead.
The agent had: -1 food, 13 water, and 21 sleep.
The total tree search depth for this trial was 24454.
The agent accessed its memory 79963 times.
The agent cleared its short-term memory 4 times.
    State prediction error memory resets: 2.
    Hill memory resets: 2.
At time 25 the agent is dead.
The agent had: 10 food, 9 water, and -1 sleep.
The total tree search depth for this trial was 109107.
The agent accessed its memory 354048 times.
The agent cleared its short-term memory 12 times.
    State prediction error memory resets: 11.
    Hill memory resets: 1.
At time 20 the agent is dead.
The agent had: 18 food, -1 water, and 12 sleep.
The total tree search depth for this trial was 47357.
The agent accessed its memory 149746 times.
The agent cleared its short-term memory 6 times.
    State prediction error memory resets: 4.
    Hill memory resets: 2.
At time 47 the agent is dead.
The agent had: -1 food, 8 water, and 22 sleep.
The total tree search depth for this trial was 82388.
The agent accessed its memory 283914 times.
The agent cleared its short-term memory 8 times.
    State prediction error memory resets: 5.
    Hill memory resets: 3.
At time 31 the agent is dead.
The agent had: -1 food, 3 water, and 7 sleep.
The total tree search depth for this trial was 68440.
The agent accessed its memory 222035 times.
The agent cleared its short-term memory 11 times.
    State prediction error memory resets: 10.
    Hill memory resets: 1.
At time 48 the agent is dead.
The agent had: -1 food, 8 water, and 20 sleep.
The total tree search depth for this trial was 103768.
The agent accessed its memory 369123 times.
The agent cleared its short-term memory 10 times.
    State prediction error memory resets: 8.
    Hill memory resets: 2.
At time 20 the agent is dead.
The agent had: 14 food, -1 water, and 4 sleep.
The total tree search depth for this trial was 61744.
The agent accessed its memory 217858 times.
The agent cleared its short-term memory 8 times.
    State prediction error memory resets: 6.
    Hill memory resets: 2.
At time 50 the agent is dead.
The agent had: -1 food, -1 water, and 15 sleep.
The total tree search depth for this trial was 119358.
The agent accessed its memory 413725 times.
The agent cleared its short-term memory 13 times.
    State prediction error memory resets: 11.
    Hill memory resets: 2.
At time 31 the agent is dead.
The agent had: 3 food, -1 water, and 11 sleep.
The total tree search depth for this trial was 91829.
The agent accessed its memory 333880 times.
The agent cleared its short-term memory 9 times.
    State prediction error memory resets: 8.
    Hill memory resets: 1.
At time 20 the agent is dead.
The agent had: 1 food, -1 water, and 13 sleep.
The total tree search depth for this trial was 43830.
The agent accessed its memory 154401 times.
The agent cleared its short-term memory 8 times.
    State prediction error memory resets: 6.
    Hill memory resets: 2.
At time 65 the agent is dead.
The agent had: 18 food, -1 water, and 7 sleep.
The total tree search depth for this trial was 129335.
The agent accessed its memory 435567 times.
The agent cleared its short-term memory 12 times.
    State prediction error memory resets: 10.
    Hill memory resets: 2.
At time 54 the agent is dead.
The agent had: -1 food, 15 water, and 12 sleep.
The total tree search depth for this trial was 205940.
The agent accessed its memory 647485 times.
The agent cleared its short-term memory 14 times.
    State prediction error memory resets: 12.
    Hill memory resets: 2.
At time 22 the agent is dead.
The agent had: -1 food, 14 water, and 2 sleep.
The total tree search depth for this trial was 61741.
The agent accessed its memory 218319 times.
The agent cleared its short-term memory 4 times.
    State prediction error memory resets: 2.
    Hill memory resets: 2.
At time 70 the agent is dead.
The agent had: -1 food, 2 water, and 16 sleep.
The total tree search depth for this trial was 245935.
The agent accessed its memory 812453 times.
The agent cleared its short-term memory 17 times.
    State prediction error memory resets: 15.
    Hill memory resets: 2.
At time 20 the agent is dead.
The agent had: 1 food, -1 water, and 14 sleep.
The total tree search depth for this trial was 26965.
The agent accessed its memory 92143 times.
The agent cleared its short-term memory 7 times.
    State prediction error memory resets: 4.
    Hill memory resets: 3.
At time 22 the agent is dead.
The agent had: -1 food, 6 water, and 21 sleep.
The total tree search depth for this trial was 66729.
The agent accessed its memory 249554 times.
The agent cleared its short-term memory 8 times.
    State prediction error memory resets: 7.
    Hill memory resets: 1.
At time 28 the agent is dead.
The agent had: -1 food, 8 water, and 21 sleep.
The total tree search depth for this trial was 103273.
The agent accessed its memory 337455 times.
The agent cleared its short-term memory 7 times.
    State prediction error memory resets: 6.
    Hill memory resets: 1.
At time 44 the agent is dead.
The agent had: 5 food, -1 water, and 1 sleep.
The total tree search depth for this trial was 99405.
The agent accessed its memory 367870 times.
The agent cleared its short-term memory 9 times.
    State prediction error memory resets: 7.
    Hill memory resets: 2.
At time 20 the agent is dead.
The agent had: 1 food, -1 water, and 11 sleep.
The total tree search depth for this trial was 22797.
The agent accessed its memory 76003 times.
The agent cleared its short-term memory 4 times.
    State prediction error memory resets: 3.
    Hill memory resets: 1.
At time 28 the agent is dead.
The agent had: -1 food, 1 water, and 7 sleep.
The total tree search depth for this trial was 199751.
The agent accessed its memory 717092 times.
The agent cleared its short-term memory 11 times.
    State prediction error memory resets: 10.
    Hill memory resets: 1.
At time 62 the agent is dead.
The agent had: -1 food, -1 water, and 15 sleep.
The total tree search depth for this trial was 194415.
The agent accessed its memory 634462 times.
The agent cleared its short-term memory 19 times.
    State prediction error memory resets: 16.
    Hill memory resets: 3.
At time 37 the agent is dead.
The agent had: -1 food, 1 water, and 11 sleep.
The total tree search depth for this trial was 84583.
The agent accessed its memory 290052 times.
The agent cleared its short-term memory 10 times.
    State prediction error memory resets: 8.
    Hill memory resets: 2.
At time 20 the agent is dead.
The agent had: 1 food, -1 water, and 4 sleep.
The total tree search depth for this trial was 35118.
The agent accessed its memory 121685 times.
The agent cleared its short-term memory 4 times.
    State prediction error memory resets: 3.
    Hill memory resets: 1.
At time 97 the agent is dead.
The agent had: 14 food, 14 water, and -1 sleep.
The total tree search depth for this trial was 76718.
The agent accessed its memory 265809 times.
The agent cleared its short-term memory 7 times.
    State prediction error memory resets: 5.
    Hill memory resets: 2.
At time 45 the agent is dead.
The agent had: 6 food, 7 water, and -1 sleep.
The total tree search depth for this trial was 110036.
The agent accessed its memory 380201 times.
The agent cleared its short-term memory 6 times.
    State prediction error memory resets: 4.
    Hill memory resets: 2.
At time 22 the agent is dead.
The agent had: -1 food, 5 water, and 2 sleep.
The total tree search depth for this trial was 91494.
The agent accessed its memory 350035 times.
The agent cleared its short-term memory 9 times.
    State prediction error memory resets: 8.
    Hill memory resets: 1.
At time 22 the agent is dead.
The agent had: -1 food, 11 water, and 2 sleep.
The total tree search depth for this trial was 46425.
The agent accessed its memory 161198 times.
The agent cleared its short-term memory 7 times.
    State prediction error memory resets: 5.
    Hill memory resets: 2.
At time 53 the agent is dead.
The agent had: 11 food, -1 water, and 11 sleep.
The total tree search depth for this trial was 133464.
The agent accessed its memory 441581 times.
The agent cleared its short-term memory 11 times.
    State prediction error memory resets: 10.
    Hill memory resets: 1.
At time 22 the agent is dead.
The agent had: -1 food, 5 water, and 2 sleep.
The total tree search depth for this trial was 75974.
The agent accessed its memory 278620 times.
The agent cleared its short-term memory 9 times.
    State prediction error memory resets: 7.
    Hill memory resets: 2.
At time 25 the agent is dead.
The agent had: 8 food, 2 water, and -1 sleep.
The total tree search depth for this trial was 66284.
The agent accessed its memory 226870 times.
The agent cleared its short-term memory 7 times.
    State prediction error memory resets: 6.
    Hill memory resets: 1.
At time 20 the agent is dead.
The agent had: 1 food, -1 water, and 11 sleep.
The total tree search depth for this trial was 38408.
The agent accessed its memory 134220 times.
The agent cleared its short-term memory 6 times.
    State prediction error memory resets: 4.
    Hill memory resets: 2.
At time 62 the agent is dead.
The agent had: 11 food, 12 water, and -1 sleep.
The total tree search depth for this trial was 139264.
The agent accessed its memory 434392 times.
The agent cleared its short-term memory 8 times.
    State prediction error memory resets: 7.
    Hill memory resets: 1.
At time 42 the agent is dead.
The agent had: 3 food, -1 water, and 15 sleep.
The total tree search depth for this trial was 123519.
The agent accessed its memory 403649 times.
The agent cleared its short-term memory 11 times.
    State prediction error memory resets: 10.
    Hill memory resets: 1.
At time 54 the agent is dead.
The agent had: 7 food, -1 water, and 9 sleep.
The total tree search depth for this trial was 88776.
The agent accessed its memory 287731 times.
The agent cleared its short-term memory 9 times.
    State prediction error memory resets: 7.
    Hill memory resets: 2.
At time 28 the agent is dead.
The agent had: -1 food, 4 water, and 8 sleep.
The total tree search depth for this trial was 101425.
The agent accessed its memory 319710 times.
The agent cleared its short-term memory 7 times.
    State prediction error memory resets: 6.
    Hill memory resets: 1.
At time 37 the agent is dead.
The agent had: 9 food, -1 water, and 5 sleep.
The total tree search depth for this trial was 126165.
The agent accessed its memory 414765 times.
The agent cleared its short-term memory 10 times.
    State prediction error memory resets: 9.
    Hill memory resets: 1.
At time 20 the agent is dead.
The agent had: 1 food, -1 water, and 11 sleep.
The total tree search depth for this trial was 33409.
The agent accessed its memory 102390 times.
The agent cleared its short-term memory 3 times.
    State prediction error memory resets: 2.
    Hill memory resets: 1.
At time 59 the agent is dead.
The agent had: -1 food, 4 water, and -1 sleep.
The total tree search depth for this trial was 288880.
The agent accessed its memory 932119 times.
The agent cleared its short-term memory 16 times.
    State prediction error memory resets: 15.
    Hill memory resets: 1.
At time 45 the agent is dead.
The agent had: 8 food, 3 water, and -1 sleep.
The total tree search depth for this trial was 93544.
The agent accessed its memory 306557 times.
The agent cleared its short-term memory 7 times.
    State prediction error memory resets: 5.
    Hill memory resets: 2.
At time 20 the agent is dead.
The agent had: 10 food, -1 water, and 4 sleep.
The total tree search depth for this trial was 60645.
The agent accessed its memory 198495 times.
The agent cleared its short-term memory 4 times.
    State prediction error memory resets: 3.
    Hill memory resets: 1.
At time 41 the agent is dead.
The agent had: -1 food, 5 water, and 3 sleep.
The total tree search depth for this trial was 111113.
The agent accessed its memory 359596 times.
The agent cleared its short-term memory 9 times.
    State prediction error memory resets: 7.
    Hill memory resets: 2.
At time 62 the agent is dead.
The agent had: -1 food, 7 water, and 9 sleep.
The total tree search depth for this trial was 130683.
The agent accessed its memory 414426 times.
The agent cleared its short-term memory 8 times.
    State prediction error memory resets: 7.
    Hill memory resets: 1.
At time 82 the agent is dead.
The agent had: -1 food, 12 water, and 10 sleep.
The total tree search depth for this trial was 277201.
The agent accessed its memory 915268 times.
The agent cleared its short-term memory 18 times.
    State prediction error memory resets: 16.
    Hill memory resets: 2.
At time 20 the agent is dead.
The agent had: 1 food, -1 water, and 4 sleep.
The total tree search depth for this trial was 40451.
The agent accessed its memory 138151 times.
The agent cleared its short-term memory 5 times.
    State prediction error memory resets: 4.
    Hill memory resets: 1.
At time 22 the agent is dead.
The agent had: -1 food, 4 water, and 2 sleep.
The total tree search depth for this trial was 88535.
The agent accessed its memory 277208 times.
The agent cleared its short-term memory 8 times.
    State prediction error memory resets: 7.
    Hill memory resets: 1.
At time 49 the agent is dead.
The agent had: 0 food, -1 water, and 14 sleep.
The total tree search depth for this trial was 64834.
The agent accessed its memory 207475 times.
The agent cleared its short-term memory 13 times.
    State prediction error memory resets: 7.
    Hill memory resets: 6.
At time 93 the agent is dead.
The agent had: -1 food, 0 water, and 14 sleep.
The total tree search depth for this trial was 177595.
The agent accessed its memory 560694 times.
The agent cleared its short-term memory 12 times.
    State prediction error memory resets: 10.
    Hill memory resets: 2.
