Running main with ALGORITHM=SI, SEED=37, HORIZON=2, K_FACTOR=0.7, ROOT_FOLDER=/home/grmstj001, MCT=3, NUM_MCT=100, AUTO_REST=

                            < M A T L A B (R) >
                  Copyright 1984-2024 The MathWorks, Inc.
                  R2024a (24.1.0.2537033) 64-bit (glnxa64)
                             February 21, 2024

 
To get started, type doc.
For product information, visit www.mathworks.com.
 
Algorithm: SI
Seed: 37
Horizon: 2
K-factor: 0.70
Root folder: /home/grmstj001
MCT: 3
Number of MCT: 100
Auto restore: 0
Results file name: 

ans = 

  struct with fields:

     Type: 'twister'
     Seed: 37
    State: [625x1 uint32]


----------------------------------------
TRIAL 1 STARTED
----------------------------------------
Start Time: 2024-05-13 13:29:47
At time step 21 the agent is dead
The agent had 2 food, 0 water, and 5 sleep.
The total tree search depth for this trial was 2379. 
The agent accessed its memory 23631 times. 
The agent cleared its short-term memory 10 times. 
     State prediction error memory resets: 9. 
     Hill memory resets: 1. 
TRIAL 1 COMPLETE ✔
End Time: 2024-05-13 13:29:57
Total runtime for this trial (minutes/seconds): 00:10
----------------------------------------
Total hill visits: 1. 
Total prediction errors: 9. 
Total search depth: 2379. 
Total times memory accessed: 23631. 
Total times 25 >= t <= 50: 0. 
Total times 50 >= t <= 75: 0. 
Total times 75 >= t <= 100: 0. 
Total times t == 100: 0. 
Total time steps survived: 22. 
Total runtime so far (hours/minutes/seconds): 00:00:10
----------------------------------------

----------------------------------------
TRIAL 2 STARTED
----------------------------------------
Start Time: 2024-05-13 13:29:56
At time step 21 the agent is dead
The agent had 2 food, 0 water, and 5 sleep.
The total tree search depth for this trial was 1683. 
The agent accessed its memory 13072 times. 
The agent cleared its short-term memory 12 times. 
     State prediction error memory resets: 11. 
     Hill memory resets: 1. 
TRIAL 2 COMPLETE ✔
End Time: 2024-05-13 13:30:00
Total runtime for this trial (minutes/seconds): 00:04
----------------------------------------
Total hill visits: 2. 
Total prediction errors: 20. 
Total search depth: 4062. 
Total times memory accessed: 36703. 
Total times 25 >= t <= 50: 0. 
Total times 50 >= t <= 75: 0. 
Total times 75 >= t <= 100: 0. 
Total times t == 100: 0. 
Total time steps survived: 44. 
Total runtime so far (hours/minutes/seconds): 00:00:13
----------------------------------------

----------------------------------------
TRIAL 3 STARTED
----------------------------------------
Start Time: 2024-05-13 13:29:59
At time step 21 the agent is dead
The agent had 2 food, 0 water, and 5 sleep.
The total tree search depth for this trial was 3484. 
The agent accessed its memory 38793 times. 
The agent cleared its short-term memory 15 times. 
     State prediction error memory resets: 15. 
     Hill memory resets: 0. 
TRIAL 3 COMPLETE ✔
End Time: 2024-05-13 13:30:05
Total runtime for this trial (minutes/seconds): 00:06
----------------------------------------
Total hill visits: 2. 
Total prediction errors: 35. 
Total search depth: 7546. 
Total times memory accessed: 75496. 
Total times 25 >= t <= 50: 0. 
Total times 50 >= t <= 75: 0. 
Total times 75 >= t <= 100: 0. 
Total times t == 100: 0. 
Total time steps survived: 66. 
Total runtime so far (hours/minutes/seconds): 00:00:18
----------------------------------------

----------------------------------------
TRIAL 4 STARTED
----------------------------------------
Start Time: 2024-05-13 13:30:04
At time step 21 the agent is dead
The agent had 2 food, 0 water, and 5 sleep.
The total tree search depth for this trial was 1992. 
The agent accessed its memory 29729 times. 
The agent cleared its short-term memory 8 times. 
     State prediction error memory resets: 8. 
     Hill memory resets: 0. 
TRIAL 4 COMPLETE ✔
End Time: 2024-05-13 13:30:08
Total runtime for this trial (minutes/seconds): 00:04
----------------------------------------
Total hill visits: 2. 
Total prediction errors: 43. 
Total search depth: 9538. 
Total times memory accessed: 105225. 
Total times 25 >= t <= 50: 0. 
Total times 50 >= t <= 75: 0. 
Total times 75 >= t <= 100: 0. 
Total times t == 100: 0. 
Total time steps survived: 88. 
Total runtime so far (hours/minutes/seconds): 00:00:21
----------------------------------------

----------------------------------------
TRIAL 5 STARTED
----------------------------------------
Start Time: 2024-05-13 13:30:07
At time step 21 the agent is dead
The agent had 2 food, 0 water, and 5 sleep.
The total tree search depth for this trial was 2290. 
The agent accessed its memory 25423 times. 
The agent cleared its short-term memory 15 times. 
     State prediction error memory resets: 15. 
     Hill memory resets: 0. 
TRIAL 5 COMPLETE ✔
End Time: 2024-05-13 13:30:12
Total runtime for this trial (minutes/seconds): 00:05
----------------------------------------
Total hill visits: 2. 
Total prediction errors: 58. 
Total search depth: 11828. 
Total times memory accessed: 130648. 
Total times 25 >= t <= 50: 0. 
Total times 50 >= t <= 75: 0. 
Total times 75 >= t <= 100: 0. 
Total times t == 100: 0. 
Total time steps survived: 110. 
Total runtime so far (hours/minutes/seconds): 00:00:25
----------------------------------------

----------------------------------------
TRIAL 6 STARTED
----------------------------------------
Start Time: 2024-05-13 13:30:11
At time step 21 the agent is dead
The agent had 2 food, 0 water, and 5 sleep.
The total tree search depth for this trial was 1998. 
The agent accessed its memory 20035 times. 
The agent cleared its short-term memory 11 times. 
     State prediction error memory resets: 11. 
     Hill memory resets: 0. 
TRIAL 6 COMPLETE ✔
End Time: 2024-05-13 13:30:15
Total runtime for this trial (minutes/seconds): 00:04
----------------------------------------
Total hill visits: 2. 
Total prediction errors: 69. 
Total search depth: 13826. 
Total times memory accessed: 150683. 
Total times 25 >= t <= 50: 0. 
Total times 50 >= t <= 75: 0. 
Total times 75 >= t <= 100: 0. 
Total times t == 100: 0. 
Total time steps survived: 132. 
Total runtime so far (hours/minutes/seconds): 00:00:28
----------------------------------------

----------------------------------------
TRIAL 7 STARTED
----------------------------------------
Start Time: 2024-05-13 13:30:14
At time step 21 the agent is dead
The agent had 2 food, 0 water, and 5 sleep.
The total tree search depth for this trial was 2252. 
The agent accessed its memory 20482 times. 
The agent cleared its short-term memory 12 times. 
     State prediction error memory resets: 11. 
     Hill memory resets: 1. 
TRIAL 7 COMPLETE ✔
End Time: 2024-05-13 13:30:19
Total runtime for this trial (minutes/seconds): 00:05
----------------------------------------
Total hill visits: 3. 
Total prediction errors: 80. 
Total search depth: 16078. 
Total times memory accessed: 171165. 
Total times 25 >= t <= 50: 0. 
Total times 50 >= t <= 75: 0. 
Total times 75 >= t <= 100: 0. 
Total times t == 100: 0. 
Total time steps survived: 154. 
Total runtime so far (hours/minutes/seconds): 00:00:32
----------------------------------------

----------------------------------------
TRIAL 8 STARTED
----------------------------------------
Start Time: 2024-05-13 13:30:18
At time step 21 the agent is dead
The agent had 2 food, 0 water, and 5 sleep.
The total tree search depth for this trial was 2082. 
The agent accessed its memory 17913 times. 
The agent cleared its short-term memory 15 times. 
     State prediction error memory resets: 14. 
     Hill memory resets: 1. 
TRIAL 8 COMPLETE ✔
End Time: 2024-05-13 13:30:23
Total runtime for this trial (minutes/seconds): 00:05
----------------------------------------
Total hill visits: 4. 
Total prediction errors: 94. 
Total search depth: 18160. 
Total times memory accessed: 189078. 
Total times 25 >= t <= 50: 0. 
Total times 50 >= t <= 75: 0. 
Total times 75 >= t <= 100: 0. 
Total times t == 100: 0. 
Total time steps survived: 176. 
Total runtime so far (hours/minutes/seconds): 00:00:36
----------------------------------------

----------------------------------------
TRIAL 9 STARTED
----------------------------------------
Start Time: 2024-05-13 13:30:22
At time step 21 the agent is dead
The agent had 2 food, 0 water, and 5 sleep.
The total tree search depth for this trial was 1875. 
The agent accessed its memory 15853 times. 
The agent cleared its short-term memory 17 times. 
     State prediction error memory resets: 14. 
     Hill memory resets: 3. 
TRIAL 9 COMPLETE ✔
End Time: 2024-05-13 13:30:27
Total runtime for this trial (minutes/seconds): 00:05
----------------------------------------
Total hill visits: 7. 
Total prediction errors: 108. 
Total search depth: 20035. 
Total times memory accessed: 204931. 
Total times 25 >= t <= 50: 0. 
Total times 50 >= t <= 75: 0. 
Total times 75 >= t <= 100: 0. 
Total times t == 100: 0. 
Total time steps survived: 198. 
Total runtime so far (hours/minutes/seconds): 00:00:40
----------------------------------------

----------------------------------------
TRIAL 10 STARTED
----------------------------------------
Start Time: 2024-05-13 13:30:26
At time step 21 the agent is dead
The agent had 2 food, 0 water, and 5 sleep.
The total tree search depth for this trial was 1318. 
The agent accessed its memory 12457 times. 
The agent cleared its short-term memory 7 times. 
     State prediction error memory resets: 4. 
     Hill memory resets: 3. 
TRIAL 10 COMPLETE ✔
End Time: 2024-05-13 13:30:29
Total runtime for this trial (minutes/seconds): 00:03
----------------------------------------
Total hill visits: 10. 
Total prediction errors: 112. 
Total search depth: 21353. 
Total times memory accessed: 217388. 
Total times 25 >= t <= 50: 0. 
Total times 50 >= t <= 75: 0. 
Total times 75 >= t <= 100: 0. 
Total times t == 100: 0. 
Total time steps survived: 220. 
Total runtime so far (hours/minutes/seconds): 00:00:42
----------------------------------------

----------------------------------------
TRIAL 11 STARTED
----------------------------------------
Start Time: 2024-05-13 13:30:28
At time step 21 the agent is dead
The agent had 21 food, 0 water, and 5 sleep.
The total tree search depth for this trial was 2780. 
The agent accessed its memory 41443 times. 
The agent cleared its short-term memory 5 times. 
     State prediction error memory resets: 5. 
     Hill memory resets: 0. 
TRIAL 11 COMPLETE ✔
End Time: 2024-05-13 13:30:34
Total runtime for this trial (minutes/seconds): 00:06
----------------------------------------
Total hill visits: 10. 
Total prediction errors: 117. 
Total search depth: 24133. 
Total times memory accessed: 258831. 
Total times 25 >= t <= 50: 0. 
Total times 50 >= t <= 75: 0. 
Total times 75 >= t <= 100: 0. 
Total times t == 100: 0. 
Total time steps survived: 242. 
Total runtime so far (hours/minutes/seconds): 00:00:47
----------------------------------------

----------------------------------------
TRIAL 12 STARTED
----------------------------------------
Start Time: 2024-05-13 13:30:33
At time step 21 the agent is dead
The agent had 2 food, 0 water, and 5 sleep.
The total tree search depth for this trial was 5203. 
The agent accessed its memory 69154 times. 
The agent cleared its short-term memory 13 times. 
     State prediction error memory resets: 13. 
     Hill memory resets: 0. 
TRIAL 12 COMPLETE ✔
End Time: 2024-05-13 13:30:41
Total runtime for this trial (minutes/seconds): 00:08
----------------------------------------
Total hill visits: 10. 
Total prediction errors: 130. 
Total search depth: 29336. 
Total times memory accessed: 327985. 
Total times 25 >= t <= 50: 0. 
Total times 50 >= t <= 75: 0. 
Total times 75 >= t <= 100: 0. 
Total times t == 100: 0. 
Total time steps survived: 264. 
Total runtime so far (hours/minutes/seconds): 00:00:54
----------------------------------------

----------------------------------------
TRIAL 13 STARTED
----------------------------------------
Start Time: 2024-05-13 13:30:40
At time step 21 the agent is dead
The agent had 2 food, 0 water, and 13 sleep.
The total tree search depth for this trial was 4382. 
The agent accessed its memory 36767 times. 
The agent cleared its short-term memory 6 times. 
     State prediction error memory resets: 5. 
     Hill memory resets: 1. 
TRIAL 13 COMPLETE ✔
End Time: 2024-05-13 13:30:48
Total runtime for this trial (minutes/seconds): 00:08
----------------------------------------
Total hill visits: 11. 
Total prediction errors: 135. 
Total search depth: 33718. 
Total times memory accessed: 364752. 
Total times 25 >= t <= 50: 0. 
Total times 50 >= t <= 75: 0. 
Total times 75 >= t <= 100: 0. 
Total times t == 100: 0. 
Total time steps survived: 286. 
Total runtime so far (hours/minutes/seconds): 00:01:01
----------------------------------------

----------------------------------------
TRIAL 14 STARTED
----------------------------------------
Start Time: 2024-05-13 13:30:47
At time step 21 the agent is dead
The agent had 2 food, 0 water, and 5 sleep.
The total tree search depth for this trial was 4001. 
The agent accessed its memory 57181 times. 
The agent cleared its short-term memory 8 times. 
     State prediction error memory resets: 8. 
     Hill memory resets: 0. 
TRIAL 14 COMPLETE ✔
End Time: 2024-05-13 13:30:54
Total runtime for this trial (minutes/seconds): 00:07
----------------------------------------
Total hill visits: 11. 
Total prediction errors: 143. 
Total search depth: 37719. 
Total times memory accessed: 421933. 
Total times 25 >= t <= 50: 0. 
Total times 50 >= t <= 75: 0. 
Total times 75 >= t <= 100: 0. 
Total times t == 100: 0. 
Total time steps survived: 308. 
Total runtime so far (hours/minutes/seconds): 00:01:07
----------------------------------------

----------------------------------------
TRIAL 15 STARTED
----------------------------------------
Start Time: 2024-05-13 13:30:53
At time step 74 the agent is dead
The agent had 0 food, 16 water, and 20 sleep.
The total tree search depth for this trial was 165709. 
The agent accessed its memory 1210532 times. 
The agent cleared its short-term memory 35 times. 
     State prediction error memory resets: 34. 
     Hill memory resets: 1. 
TRIAL 15 COMPLETE ✔
End Time: 2024-05-13 13:34:12
Total runtime for this trial (minutes/seconds): 03:19
----------------------------------------
Total hill visits: 12. 
Total prediction errors: 177. 
Total search depth: 203428. 
Total times memory accessed: 1632465. 
Total times 25 >= t <= 50: 0. 
Total times 50 >= t <= 75: 0. 
Total times 75 >= t <= 100: 1. 
Total times t == 100: 0. 
Total time steps survived: 383. 
Total runtime so far (hours/minutes/seconds): 00:04:25
----------------------------------------

----------------------------------------
TRIAL 16 STARTED
----------------------------------------
Start Time: 2024-05-13 13:34:11
At time step 26 the agent is dead
The agent had 9 food, 8 water, and 0 sleep.
The total tree search depth for this trial was 51247. 
The agent accessed its memory 391387 times. 
The agent cleared its short-term memory 12 times. 
     State prediction error memory resets: 12. 
     Hill memory resets: 0. 
TRIAL 16 COMPLETE ✔
End Time: 2024-05-13 13:35:22
Total runtime for this trial (minutes/seconds): 01:11
----------------------------------------
Total hill visits: 12. 
Total prediction errors: 189. 
Total search depth: 254675. 
Total times memory accessed: 2023852. 
Total times 25 >= t <= 50: 1. 
Total times 50 >= t <= 75: 0. 
Total times 75 >= t <= 100: 1. 
Total times t == 100: 0. 
Total time steps survived: 410. 
Total runtime so far (hours/minutes/seconds): 00:05:35
----------------------------------------

----------------------------------------
TRIAL 17 STARTED
----------------------------------------
Start Time: 2024-05-13 13:35:21
At time step 21 the agent is dead
The agent had 2 food, 0 water, and 5 sleep.
The total tree search depth for this trial was 31277. 
The agent accessed its memory 239666 times. 
The agent cleared its short-term memory 16 times. 
     State prediction error memory resets: 14. 
     Hill memory resets: 2. 
TRIAL 17 COMPLETE ✔
End Time: 2024-05-13 13:36:07
Total runtime for this trial (minutes/seconds): 00:46
----------------------------------------
Total hill visits: 14. 
Total prediction errors: 203. 
Total search depth: 285952. 
Total times memory accessed: 2263518. 
Total times 25 >= t <= 50: 1. 
Total times 50 >= t <= 75: 0. 
Total times 75 >= t <= 100: 1. 
Total times t == 100: 0. 
Total time steps survived: 432. 
Total runtime so far (hours/minutes/seconds): 00:06:20
----------------------------------------

----------------------------------------
TRIAL 18 STARTED
----------------------------------------
Start Time: 2024-05-13 13:36:06
At time step 21 the agent is dead
The agent had 2 food, 0 water, and 5 sleep.
The total tree search depth for this trial was 24351. 
The agent accessed its memory 212956 times. 
The agent cleared its short-term memory 8 times. 
     State prediction error memory resets: 8. 
     Hill memory resets: 0. 
TRIAL 18 COMPLETE ✔
End Time: 2024-05-13 13:36:42
Total runtime for this trial (minutes/seconds): 00:36
----------------------------------------
Total hill visits: 14. 
Total prediction errors: 211. 
Total search depth: 310303. 
Total times memory accessed: 2476474. 
Total times 25 >= t <= 50: 1. 
Total times 50 >= t <= 75: 0. 
Total times 75 >= t <= 100: 1. 
Total times t == 100: 0. 
Total time steps survived: 454. 
Total runtime so far (hours/minutes/seconds): 00:06:55
----------------------------------------

----------------------------------------
TRIAL 19 STARTED
----------------------------------------
Start Time: 2024-05-13 13:36:41
At time step 26 the agent is dead
The agent had 13 food, 5 water, and 0 sleep.
The total tree search depth for this trial was 32005. 
The agent accessed its memory 251313 times. 
The agent cleared its short-term memory 11 times. 
     State prediction error memory resets: 10. 
     Hill memory resets: 1. 
TRIAL 19 COMPLETE ✔
End Time: 2024-05-13 13:37:21
Total runtime for this trial (minutes/seconds): 00:40
----------------------------------------
Total hill visits: 15. 
Total prediction errors: 221. 
Total search depth: 342308. 
Total times memory accessed: 2727787. 
Total times 25 >= t <= 50: 2. 
Total times 50 >= t <= 75: 0. 
Total times 75 >= t <= 100: 1. 
Total times t == 100: 0. 
Total time steps survived: 481. 
Total runtime so far (hours/minutes/seconds): 00:07:34
----------------------------------------

----------------------------------------
TRIAL 20 STARTED
----------------------------------------
Start Time: 2024-05-13 13:37:20
At time step 21 the agent is dead
The agent had 2 food, 0 water, and 5 sleep.
The total tree search depth for this trial was 36411. 
The agent accessed its memory 310884 times. 
The agent cleared its short-term memory 7 times. 
     State prediction error memory resets: 5. 
     Hill memory resets: 2. 
TRIAL 20 COMPLETE ✔
End Time: 2024-05-13 13:38:11
Total runtime for this trial (minutes/seconds): 00:51
----------------------------------------
Total hill visits: 17. 
Total prediction errors: 226. 
Total search depth: 378719. 
Total times memory accessed: 3038671. 
Total times 25 >= t <= 50: 2. 
Total times 50 >= t <= 75: 0. 
Total times 75 >= t <= 100: 1. 
Total times t == 100: 0. 
Total time steps survived: 503. 
Total runtime so far (hours/minutes/seconds): 00:08:24
----------------------------------------

----------------------------------------
TRIAL 21 STARTED
----------------------------------------
Start Time: 2024-05-13 13:38:10
At time step 23 the agent is dead
The agent had 0 food, 9 water, and 3 sleep.
The total tree search depth for this trial was 26084. 
The agent accessed its memory 193260 times. 
The agent cleared its short-term memory 12 times. 
     State prediction error memory resets: 11. 
     Hill memory resets: 1. 
TRIAL 21 COMPLETE ✔
End Time: 2024-05-13 13:38:45
Total runtime for this trial (minutes/seconds): 00:35
----------------------------------------
Total hill visits: 18. 
Total prediction errors: 237. 
Total search depth: 404803. 
Total times memory accessed: 3231931. 
Total times 25 >= t <= 50: 2. 
Total times 50 >= t <= 75: 0. 
Total times 75 >= t <= 100: 1. 
Total times t == 100: 0. 
Total time steps survived: 527. 
Total runtime so far (hours/minutes/seconds): 00:08:58
----------------------------------------

----------------------------------------
TRIAL 22 STARTED
----------------------------------------
Start Time: 2024-05-13 13:38:44
At time step 21 the agent is dead
The agent had 2 food, 0 water, and 5 sleep.
The total tree search depth for this trial was 13053. 
The agent accessed its memory 104038 times. 
The agent cleared its short-term memory 15 times. 
     State prediction error memory resets: 14. 
     Hill memory resets: 1. 
TRIAL 22 COMPLETE ✔
End Time: 2024-05-13 13:39:04
Total runtime for this trial (minutes/seconds): 00:20
----------------------------------------
Total hill visits: 19. 
Total prediction errors: 251. 
Total search depth: 417856. 
Total times memory accessed: 3335969. 
Total times 25 >= t <= 50: 2. 
Total times 50 >= t <= 75: 0. 
Total times 75 >= t <= 100: 1. 
Total times t == 100: 0. 
Total time steps survived: 549. 
Total runtime so far (hours/minutes/seconds): 00:09:17
----------------------------------------

----------------------------------------
TRIAL 23 STARTED
----------------------------------------
Start Time: 2024-05-13 13:39:03
