Running Python script with ALGORITHM=SI and SEED=27
At time 20 the agent is dead.
The agent had: 1 food, -1 water, and 4 sleep.
The total tree search depth for this trial was 1112.
The agent accessed its memory 1754 times.
The agent cleared its short-term memory 3 times.
    State prediction error memory resets: 2.
    Hill memory resets: 1.
At time 41 the agent is dead.
The agent had: -1 food, 3 water, and 5 sleep.
The total tree search depth for this trial was 30545.
The agent accessed its memory 82694 times.
The agent cleared its short-term memory 17 times.
    State prediction error memory resets: 16.
    Hill memory resets: 1.
At time 20 the agent is dead.
The agent had: 1 food, -1 water, and 4 sleep.
The total tree search depth for this trial was 12167.
The agent accessed its memory 40961 times.
The agent cleared its short-term memory 10 times.
    State prediction error memory resets: 10.
    Hill memory resets: 0.
At time 20 the agent is dead.
The agent had: 1 food, -1 water, and 4 sleep.
The total tree search depth for this trial was 1584.
The agent accessed its memory 6539 times.
The agent cleared its short-term memory 12 times.
    State prediction error memory resets: 12.
    Hill memory resets: 0.
At time 20 the agent is dead.
The agent had: 1 food, -1 water, and 4 sleep.
The total tree search depth for this trial was 339.
The agent accessed its memory 983 times.
The agent cleared its short-term memory 8 times.
    State prediction error memory resets: 8.
    Hill memory resets: 0.
At time 22 the agent is dead.
The agent had: -1 food, 17 water, and 2 sleep.
The total tree search depth for this trial was 33475.
The agent accessed its memory 155911 times.
The agent cleared its short-term memory 13 times.
    State prediction error memory resets: 12.
    Hill memory resets: 1.
At time 20 the agent is dead.
The agent had: 1 food, -1 water, and 4 sleep.
The total tree search depth for this trial was 2771.
The agent accessed its memory 9159 times.
The agent cleared its short-term memory 8 times.
    State prediction error memory resets: 6.
    Hill memory resets: 2.
At time 20 the agent is dead.
The agent had: 1 food, -1 water, and 4 sleep.
The total tree search depth for this trial was 6784.
The agent accessed its memory 22776 times.
The agent cleared its short-term memory 8 times.
    State prediction error memory resets: 7.
    Hill memory resets: 1.
At time 20 the agent is dead.
The agent had: 1 food, -1 water, and 4 sleep.
The total tree search depth for this trial was 4157.
The agent accessed its memory 14261 times.
The agent cleared its short-term memory 13 times.
    State prediction error memory resets: 12.
    Hill memory resets: 1.
At time 20 the agent is dead.
The agent had: 3 food, -1 water, and 4 sleep.
The total tree search depth for this trial was 3712.
The agent accessed its memory 12348 times.
The agent cleared its short-term memory 6 times.
    State prediction error memory resets: 6.
    Hill memory resets: 0.
At time 20 the agent is dead.
The agent had: 1 food, -1 water, and 4 sleep.
The total tree search depth for this trial was 11461.
The agent accessed its memory 41229 times.
The agent cleared its short-term memory 7 times.
    State prediction error memory resets: 7.
    Hill memory resets: 0.
At time 20 the agent is dead.
The agent had: 1 food, -1 water, and 4 sleep.
The total tree search depth for this trial was 3860.
The agent accessed its memory 11758 times.
The agent cleared its short-term memory 3 times.
    State prediction error memory resets: 2.
    Hill memory resets: 1.
At time 20 the agent is dead.
The agent had: 1 food, -1 water, and 4 sleep.
The total tree search depth for this trial was 4221.
The agent accessed its memory 13610 times.
The agent cleared its short-term memory 5 times.
    State prediction error memory resets: 4.
    Hill memory resets: 1.
At time 20 the agent is dead.
The agent had: 1 food, -1 water, and 4 sleep.
The total tree search depth for this trial was 14293.
The agent accessed its memory 51046 times.
The agent cleared its short-term memory 10 times.
    State prediction error memory resets: 7.
    Hill memory resets: 3.
At time 22 the agent is dead.
The agent had: -1 food, 17 water, and 2 sleep.
The total tree search depth for this trial was 33455.
The agent accessed its memory 154014 times.
The agent cleared its short-term memory 6 times.
    State prediction error memory resets: 6.
    Hill memory resets: 0.
At time 20 the agent is dead.
The agent had: 1 food, -1 water, and 4 sleep.
The total tree search depth for this trial was 4793.
The agent accessed its memory 15702 times.
The agent cleared its short-term memory 3 times.
    State prediction error memory resets: 2.
    Hill memory resets: 1.
At time 20 the agent is dead.
The agent had: 1 food, -1 water, and 4 sleep.
The total tree search depth for this trial was 10581.
The agent accessed its memory 33992 times.
The agent cleared its short-term memory 3 times.
    State prediction error memory resets: 2.
    Hill memory resets: 1.
At time 22 the agent is dead.
The agent had: -1 food, 16 water, and 13 sleep.
The total tree search depth for this trial was 53884.
The agent accessed its memory 203551 times.
The agent cleared its short-term memory 9 times.
    State prediction error memory resets: 8.
    Hill memory resets: 1.
At time 22 the agent is dead.
The agent had: -1 food, 17 water, and 2 sleep.
The total tree search depth for this trial was 8321.
The agent accessed its memory 30531 times.
The agent cleared its short-term memory 6 times.
    State prediction error memory resets: 4.
    Hill memory resets: 2.
At time 20 the agent is dead.
The agent had: 1 food, -1 water, and 4 sleep.
The total tree search depth for this trial was 11083.
The agent accessed its memory 39722 times.
The agent cleared its short-term memory 3 times.
    State prediction error memory resets: 1.
    Hill memory resets: 2.
At time 20 the agent is dead.
The agent had: 1 food, -1 water, and 4 sleep.
The total tree search depth for this trial was 16796.
The agent accessed its memory 59449 times.
The agent cleared its short-term memory 4 times.
    State prediction error memory resets: 2.
    Hill memory resets: 2.
At time 20 the agent is dead.
The agent had: 1 food, -1 water, and 4 sleep.
The total tree search depth for this trial was 7611.
The agent accessed its memory 26287 times.
The agent cleared its short-term memory 16 times.
    State prediction error memory resets: 15.
    Hill memory resets: 1.
At time 20 the agent is dead.
The agent had: 1 food, -1 water, and 4 sleep.
The total tree search depth for this trial was 14225.
The agent accessed its memory 53412 times.
The agent cleared its short-term memory 6 times.
    State prediction error memory resets: 4.
    Hill memory resets: 2.
At time 20 the agent is dead.
The agent had: 1 food, -1 water, and 4 sleep.
The total tree search depth for this trial was 13686.
The agent accessed its memory 49664 times.
The agent cleared its short-term memory 7 times.
    State prediction error memory resets: 6.
    Hill memory resets: 1.
At time 20 the agent is dead.
The agent had: 1 food, -1 water, and 4 sleep.
The total tree search depth for this trial was 24799.
The agent accessed its memory 87152 times.
The agent cleared its short-term memory 16 times.
    State prediction error memory resets: 14.
    Hill memory resets: 2.
At time 20 the agent is dead.
The agent had: 1 food, -1 water, and 4 sleep.
The total tree search depth for this trial was 7348.
The agent accessed its memory 23912 times.
The agent cleared its short-term memory 2 times.
    State prediction error memory resets: 1.
    Hill memory resets: 1.
At time 20 the agent is dead.
The agent had: 1 food, -1 water, and 4 sleep.
The total tree search depth for this trial was 6960.
The agent accessed its memory 22580 times.
The agent cleared its short-term memory 2 times.
    State prediction error memory resets: 1.
    Hill memory resets: 1.
At time 39 the agent is dead.
The agent had: 2 food, -1 water, and 10 sleep.
The total tree search depth for this trial was 65631.
The agent accessed its memory 248697 times.
The agent cleared its short-term memory 12 times.
    State prediction error memory resets: 10.
    Hill memory resets: 2.
At time 25 the agent is dead.
The agent had: 19 food, 9 water, and -1 sleep.
The total tree search depth for this trial was 22355.
The agent accessed its memory 82228 times.
The agent cleared its short-term memory 5 times.
    State prediction error memory resets: 4.
    Hill memory resets: 1.
At time 22 the agent is dead.
The agent had: -1 food, 16 water, and 18 sleep.
The total tree search depth for this trial was 23925.
The agent accessed its memory 89931 times.
The agent cleared its short-term memory 5 times.
    State prediction error memory resets: 4.
    Hill memory resets: 1.
At time 20 the agent is dead.
The agent had: 1 food, -1 water, and 4 sleep.
The total tree search depth for this trial was 10112.
The agent accessed its memory 33443 times.
The agent cleared its short-term memory 9 times.
    State prediction error memory resets: 8.
    Hill memory resets: 1.
At time 38 the agent is dead.
The agent had: -1 food, 4 water, and 11 sleep.
The total tree search depth for this trial was 124955.
The agent accessed its memory 499944 times.
The agent cleared its short-term memory 28 times.
    State prediction error memory resets: 27.
    Hill memory resets: 1.
At time 20 the agent is dead.
The agent had: 7 food, -1 water, and 4 sleep.
The total tree search depth for this trial was 35136.
The agent accessed its memory 119680 times.
The agent cleared its short-term memory 13 times.
    State prediction error memory resets: 12.
    Hill memory resets: 1.
At time 22 the agent is dead.
The agent had: -1 food, 5 water, and 2 sleep.
The total tree search depth for this trial was 21164.
The agent accessed its memory 76737 times.
The agent cleared its short-term memory 5 times.
    State prediction error memory resets: 4.
    Hill memory resets: 1.
At time 33 the agent is dead.
The agent had: 6 food, -1 water, and 14 sleep.
The total tree search depth for this trial was 51256.
The agent accessed its memory 150485 times.
The agent cleared its short-term memory 2 times.
    State prediction error memory resets: 1.
    Hill memory resets: 1.
At time 37 the agent is dead.
The agent had: 5 food, -1 water, and 7 sleep.
The total tree search depth for this trial was 70486.
The agent accessed its memory 262620 times.
The agent cleared its short-term memory 8 times.
    State prediction error memory resets: 7.
    Hill memory resets: 1.
At time 20 the agent is dead.
The agent had: 1 food, -1 water, and 4 sleep.
The total tree search depth for this trial was 21778.
The agent accessed its memory 90015 times.
The agent cleared its short-term memory 9 times.
    State prediction error memory resets: 8.
    Hill memory resets: 1.
At time 20 the agent is dead.
The agent had: 1 food, -1 water, and 15 sleep.
The total tree search depth for this trial was 34137.
The agent accessed its memory 128473 times.
The agent cleared its short-term memory 5 times.
    State prediction error memory resets: 4.
    Hill memory resets: 1.
At time 42 the agent is dead.
The agent had: -1 food, 16 water, and 16 sleep.
The total tree search depth for this trial was 59297.
The agent accessed its memory 220758 times.
The agent cleared its short-term memory 9 times.
    State prediction error memory resets: 5.
    Hill memory resets: 4.
At time 22 the agent is dead.
The agent had: -1 food, 16 water, and 12 sleep.
The total tree search depth for this trial was 35121.
The agent accessed its memory 128479 times.
The agent cleared its short-term memory 5 times.
    State prediction error memory resets: 4.
    Hill memory resets: 1.
At time 85 the agent is dead.
The agent had: 0 food, -1 water, and 2 sleep.
The total tree search depth for this trial was 88451.
The agent accessed its memory 325554 times.
The agent cleared its short-term memory 15 times.
    State prediction error memory resets: 12.
    Hill memory resets: 3.
At time 42 the agent is dead.
The agent had: 2 food, -1 water, and 2 sleep.
The total tree search depth for this trial was 115213.
The agent accessed its memory 451793 times.
The agent cleared its short-term memory 7 times.
    State prediction error memory resets: 3.
    Hill memory resets: 4.
At time 72 the agent is dead.
The agent had: 2 food, -1 water, and 2 sleep.
The total tree search depth for this trial was 176765.
The agent accessed its memory 678379 times.
The agent cleared its short-term memory 14 times.
    State prediction error memory resets: 13.
    Hill memory resets: 1.
At time 20 the agent is dead.
The agent had: 1 food, -1 water, and 4 sleep.
The total tree search depth for this trial was 32082.
The agent accessed its memory 120478 times.
The agent cleared its short-term memory 7 times.
    State prediction error memory resets: 6.
    Hill memory resets: 1.
At time 22 the agent is dead.
The agent had: -1 food, 14 water, and 12 sleep.
The total tree search depth for this trial was 54227.
The agent accessed its memory 198386 times.
The agent cleared its short-term memory 7 times.
    State prediction error memory resets: 6.
    Hill memory resets: 1.
At time 31 the agent is dead.
The agent had: 17 food, 7 water, and -1 sleep.
The total tree search depth for this trial was 105574.
The agent accessed its memory 379122 times.
The agent cleared its short-term memory 8 times.
    State prediction error memory resets: 6.
    Hill memory resets: 2.
At time 20 the agent is dead.
The agent had: 7 food, -1 water, and 4 sleep.
The total tree search depth for this trial was 43722.
The agent accessed its memory 150000 times.
The agent cleared its short-term memory 8 times.
    State prediction error memory resets: 7.
    Hill memory resets: 1.
At time 22 the agent is dead.
The agent had: -1 food, 12 water, and 21 sleep.
The total tree search depth for this trial was 31965.
The agent accessed its memory 109777 times.
The agent cleared its short-term memory 5 times.
    State prediction error memory resets: 4.
    Hill memory resets: 1.
At time 78 the agent is dead.
The agent had: 2 food, -1 water, and 2 sleep.
The total tree search depth for this trial was 156533.
The agent accessed its memory 567122 times.
The agent cleared its short-term memory 11 times.
    State prediction error memory resets: 8.
    Hill memory resets: 3.
At time 20 the agent is dead.
The agent had: 1 food, -1 water, and 4 sleep.
The total tree search depth for this trial was 29528.
The agent accessed its memory 105197 times.
The agent cleared its short-term memory 10 times.
    State prediction error memory resets: 5.
    Hill memory resets: 5.
At time 20 the agent is dead.
The agent had: 1 food, -1 water, and 4 sleep.
The total tree search depth for this trial was 17898.
The agent accessed its memory 59061 times.
The agent cleared its short-term memory 4 times.
    State prediction error memory resets: 1.
    Hill memory resets: 3.
At time 22 the agent is dead.
The agent had: -1 food, 12 water, and 22 sleep.
The total tree search depth for this trial was 23643.
The agent accessed its memory 79584 times.
The agent cleared its short-term memory 3 times.
    State prediction error memory resets: 2.
    Hill memory resets: 1.
At time 32 the agent is dead.
The agent had: 4 food, -1 water, and 6 sleep.
The total tree search depth for this trial was 62886.
The agent accessed its memory 236345 times.
The agent cleared its short-term memory 8 times.
    State prediction error memory resets: 7.
    Hill memory resets: 1.
At time 22 the agent is dead.
The agent had: -1 food, 5 water, and 2 sleep.
The total tree search depth for this trial was 30703.
The agent accessed its memory 104598 times.
The agent cleared its short-term memory 7 times.
    State prediction error memory resets: 5.
    Hill memory resets: 2.
At time 22 the agent is dead.
The agent had: -1 food, 5 water, and 2 sleep.
The total tree search depth for this trial was 49810.
The agent accessed its memory 178974 times.
The agent cleared its short-term memory 8 times.
    State prediction error memory resets: 4.
    Hill memory resets: 4.
At time 50 the agent is dead.
The agent had: -1 food, -1 water, and 5 sleep.
The total tree search depth for this trial was 98522.
The agent accessed its memory 343050 times.
The agent cleared its short-term memory 18 times.
    State prediction error memory resets: 16.
    Hill memory resets: 2.
At time 20 the agent is dead.
The agent had: 1 food, -1 water, and 4 sleep.
The total tree search depth for this trial was 25345.
The agent accessed its memory 84725 times.
The agent cleared its short-term memory 7 times.
    State prediction error memory resets: 4.
    Hill memory resets: 3.
At time 22 the agent is dead.
The agent had: -1 food, 12 water, and 22 sleep.
The total tree search depth for this trial was 23986.
The agent accessed its memory 80206 times.
The agent cleared its short-term memory 1 times.
    State prediction error memory resets: 0.
    Hill memory resets: 1.
At time 22 the agent is dead.
The agent had: -1 food, 12 water, and 22 sleep.
The total tree search depth for this trial was 62534.
The agent accessed its memory 210980 times.
The agent cleared its short-term memory 5 times.
    State prediction error memory resets: 4.
    Hill memory resets: 1.
At time 84 the agent is dead.
The agent had: -1 food, -1 water, and 12 sleep.
The total tree search depth for this trial was 319801.
The agent accessed its memory 1190313 times.
The agent cleared its short-term memory 33 times.
    State prediction error memory resets: 27.
    Hill memory resets: 6.
At time 22 the agent is dead.
The agent had: -1 food, 5 water, and 2 sleep.
The total tree search depth for this trial was 61524.
The agent accessed its memory 237839 times.
The agent cleared its short-term memory 4 times.
    State prediction error memory resets: 3.
    Hill memory resets: 1.
At time 28 the agent is dead.
The agent had: 18 food, -1 water, and 6 sleep.
The total tree search depth for this trial was 68113.
The agent accessed its memory 246320 times.
The agent cleared its short-term memory 9 times.
    State prediction error memory resets: 7.
    Hill memory resets: 2.
At time 32 the agent is dead.
The agent had: -1 food, 4 water, and 19 sleep.
The total tree search depth for this trial was 96574.
The agent accessed its memory 339204 times.
The agent cleared its short-term memory 9 times.
    State prediction error memory resets: 8.
    Hill memory resets: 1.
At time 38 the agent is dead.
The agent had: 3 food, -1 water, and 9 sleep.
The total tree search depth for this trial was 144795.
The agent accessed its memory 574790 times.
The agent cleared its short-term memory 16 times.
    State prediction error memory resets: 12.
    Hill memory resets: 4.
At time 20 the agent is dead.
The agent had: 1 food, -1 water, and 4 sleep.
The total tree search depth for this trial was 25531.
The agent accessed its memory 85637 times.
The agent cleared its short-term memory 5 times.
    State prediction error memory resets: 3.
    Hill memory resets: 2.
At time 20 the agent is dead.
The agent had: 8 food, -1 water, and 10 sleep.
The total tree search depth for this trial was 68142.
The agent accessed its memory 237427 times.
The agent cleared its short-term memory 4 times.
    State prediction error memory resets: 3.
    Hill memory resets: 1.
At time 50 the agent is dead.
The agent had: 4 food, -1 water, and 6 sleep.
The total tree search depth for this trial was 97725.
The agent accessed its memory 363693 times.
The agent cleared its short-term memory 10 times.
    State prediction error memory resets: 7.
    Hill memory resets: 3.
At time 34 the agent is dead.
The agent had: 17 food, -1 water, and 3 sleep.
The total tree search depth for this trial was 86609.
The agent accessed its memory 277442 times.
The agent cleared its short-term memory 5 times.
    State prediction error memory resets: 4.
    Hill memory resets: 1.
At time 22 the agent is dead.
The agent had: -1 food, 10 water, and 18 sleep.
The total tree search depth for this trial was 25359.
The agent accessed its memory 83428 times.
The agent cleared its short-term memory 3 times.
    State prediction error memory resets: 2.
    Hill memory resets: 1.
At time 22 the agent is dead.
The agent had: -1 food, 11 water, and 18 sleep.
The total tree search depth for this trial was 29591.
The agent accessed its memory 98949 times.
The agent cleared its short-term memory 4 times.
    State prediction error memory resets: 3.
    Hill memory resets: 1.
At time 22 the agent is dead.
The agent had: -1 food, 4 water, and 12 sleep.
The total tree search depth for this trial was 70502.
The agent accessed its memory 275784 times.
The agent cleared its short-term memory 9 times.
    State prediction error memory resets: 7.
    Hill memory resets: 2.
At time 22 the agent is dead.
The agent had: -1 food, 6 water, and 19 sleep.
The total tree search depth for this trial was 78938.
The agent accessed its memory 289832 times.
The agent cleared its short-term memory 13 times.
    State prediction error memory resets: 7.
    Hill memory resets: 6.
At time 49 the agent is dead.
The agent had: -1 food, 17 water, and 19 sleep.
The total tree search depth for this trial was 116602.
The agent accessed its memory 423368 times.
The agent cleared its short-term memory 8 times.
    State prediction error memory resets: 6.
    Hill memory resets: 2.
At time 54 the agent is dead.
The agent had: -1 food, 1 water, and 12 sleep.
The total tree search depth for this trial was 201025.
The agent accessed its memory 681721 times.
The agent cleared its short-term memory 13 times.
    State prediction error memory resets: 10.
    Hill memory resets: 3.
At time 20 the agent is dead.
The agent had: 16 food, -1 water, and 4 sleep.
The total tree search depth for this trial was 20775.
The agent accessed its memory 63444 times.
The agent cleared its short-term memory 3 times.
    State prediction error memory resets: 2.
    Hill memory resets: 1.
At time 48 the agent is dead.
The agent had: -1 food, 13 water, and 16 sleep.
The total tree search depth for this trial was 155289.
The agent accessed its memory 521915 times.
The agent cleared its short-term memory 9 times.
    State prediction error memory resets: 6.
    Hill memory resets: 3.
At time 51 the agent is dead.
The agent had: 17 food, 1 water, and -1 sleep.
The total tree search depth for this trial was 105054.
The agent accessed its memory 339536 times.
The agent cleared its short-term memory 9 times.
    State prediction error memory resets: 7.
    Hill memory resets: 2.
At time 45 the agent is dead.
The agent had: -1 food, 16 water, and 19 sleep.
The total tree search depth for this trial was 206180.
The agent accessed its memory 718819 times.
The agent cleared its short-term memory 14 times.
    State prediction error memory resets: 12.
    Hill memory resets: 2.
At time 83 the agent is dead.
The agent had: 4 food, 12 water, and -1 sleep.
The total tree search depth for this trial was 194838.
The agent accessed its memory 639900 times.
The agent cleared its short-term memory 9 times.
    State prediction error memory resets: 8.
    Hill memory resets: 1.
At time 20 the agent is dead.
The agent had: 1 food, -1 water, and 4 sleep.
The total tree search depth for this trial was 24624.
The agent accessed its memory 76313 times.
The agent cleared its short-term memory 3 times.
    State prediction error memory resets: 2.
    Hill memory resets: 1.
At time 20 the agent is dead.
The agent had: 1 food, -1 water, and 12 sleep.
The total tree search depth for this trial was 22232.
The agent accessed its memory 70390 times.
The agent cleared its short-term memory 3 times.
    State prediction error memory resets: 2.
    Hill memory resets: 1.
At time 20 the agent is dead.
The agent had: 1 food, -1 water, and 4 sleep.
The total tree search depth for this trial was 22633.
The agent accessed its memory 68229 times.
The agent cleared its short-term memory 3 times.
    State prediction error memory resets: 2.
    Hill memory resets: 1.
At time 29 the agent is dead.
The agent had: -1 food, 11 water, and 20 sleep.
The total tree search depth for this trial was 156975.
The agent accessed its memory 521665 times.
The agent cleared its short-term memory 9 times.
    State prediction error memory resets: 7.
    Hill memory resets: 2.
At time 20 the agent is dead.
The agent had: 1 food, -1 water, and 10 sleep.
The total tree search depth for this trial was 61324.
The agent accessed its memory 211949 times.
The agent cleared its short-term memory 5 times.
    State prediction error memory resets: 3.
    Hill memory resets: 2.
At time 95 the agent is dead.
The agent had: 18 food, -1 water, and 2 sleep.
The total tree search depth for this trial was 294290.
The agent accessed its memory 998641 times.
The agent cleared its short-term memory 17 times.
    State prediction error memory resets: 13.
    Hill memory resets: 4.
At time 90 the agent is dead.
The agent had: -1 food, 6 water, and 14 sleep.
The total tree search depth for this trial was 245540.
The agent accessed its memory 787610 times.
The agent cleared its short-term memory 13 times.
    State prediction error memory resets: 11.
    Hill memory resets: 2.
At time 38 the agent is dead.
The agent had: 17 food, -1 water, and -1 sleep.
The total tree search depth for this trial was 96799.
The agent accessed its memory 324985 times.
The agent cleared its short-term memory 7 times.
    State prediction error memory resets: 5.
    Hill memory resets: 2.
At time 84 the agent is dead.
The agent had: 18 food, 13 water, and -1 sleep.
The total tree search depth for this trial was 274468.
The agent accessed its memory 949794 times.
The agent cleared its short-term memory 19 times.
    State prediction error memory resets: 16.
    Hill memory resets: 3.
At time 22 the agent is dead.
The agent had: -1 food, 16 water, and 19 sleep.
The total tree search depth for this trial was 45495.
The agent accessed its memory 144459 times.
The agent cleared its short-term memory 5 times.
    State prediction error memory resets: 4.
    Hill memory resets: 1.
At time 20 the agent is dead.
The agent had: 7 food, -1 water, and 20 sleep.
The total tree search depth for this trial was 71396.
The agent accessed its memory 235018 times.
The agent cleared its short-term memory 6 times.
    State prediction error memory resets: 5.
    Hill memory resets: 1.
At time 59 the agent is dead.
The agent had: 8 food, -1 water, and 14 sleep.
The total tree search depth for this trial was 179507.
The agent accessed its memory 589640 times.
The agent cleared its short-term memory 13 times.
    State prediction error memory resets: 11.
    Hill memory resets: 2.
At time 22 the agent is dead.
The agent had: -1 food, 11 water, and 8 sleep.
The total tree search depth for this trial was 30702.
The agent accessed its memory 96058 times.
The agent cleared its short-term memory 5 times.
    State prediction error memory resets: 4.
    Hill memory resets: 1.
At time 99 the agent is dead.
The agent had: -1 food, 10 water, and 18 sleep.
The total tree search depth for this trial was 260860.
The agent accessed its memory 807522 times.
The agent cleared its short-term memory 16 times.
    State prediction error memory resets: 13.
    Hill memory resets: 3.
At time 22 the agent is dead.
The agent had: -1 food, 11 water, and 18 sleep.
The total tree search depth for this trial was 31629.
The agent accessed its memory 97395 times.
The agent cleared its short-term memory 2 times.
    State prediction error memory resets: 1.
    Hill memory resets: 1.
At time 30 the agent is dead.
The agent had: -1 food, 11 water, and 13 sleep.
The total tree search depth for this trial was 57232.
The agent accessed its memory 180142 times.
The agent cleared its short-term memory 7 times.
    State prediction error memory resets: 6.
    Hill memory resets: 1.
At time 22 the agent is dead.
The agent had: -1 food, 11 water, and 19 sleep.
The total tree search depth for this trial was 28330.
The agent accessed its memory 87408 times.
The agent cleared its short-term memory 3 times.
    State prediction error memory resets: 2.
    Hill memory resets: 1.
At time 22 the agent is dead.
The agent had: -1 food, 4 water, and 2 sleep.
The total tree search depth for this trial was 75603.
The agent accessed its memory 262821 times.
The agent cleared its short-term memory 6 times.
    State prediction error memory resets: 5.
    Hill memory resets: 1.
At time 74 the agent is dead.
The agent had: 5 food, 10 water, and -1 sleep.
The total tree search depth for this trial was 174719.
The agent accessed its memory 562243 times.
The agent cleared its short-term memory 12 times.
    State prediction error memory resets: 10.
    Hill memory resets: 2.
At time 22 the agent is dead.
The agent had: -1 food, 11 water, and 19 sleep.
The total tree search depth for this trial was 30014.
The agent accessed its memory 90453 times.
The agent cleared its short-term memory 3 times.
    State prediction error memory resets: 2.
    Hill memory resets: 1.
At time 80 the agent is dead.
The agent had: 7 food, -1 water, and 11 sleep.
The total tree search depth for this trial was 73620.
The agent accessed its memory 225193 times.
The agent cleared its short-term memory 6 times.
    State prediction error memory resets: 5.
    Hill memory resets: 1.
At time 22 the agent is dead.
The agent had: -1 food, 5 water, and 2 sleep.
The total tree search depth for this trial was 76266.
The agent accessed its memory 259941 times.
The agent cleared its short-term memory 6 times.
    State prediction error memory resets: 5.
    Hill memory resets: 1.
At time 22 the agent is dead.
The agent had: -1 food, 11 water, and 18 sleep.
The total tree search depth for this trial was 29621.
The agent accessed its memory 89926 times.
The agent cleared its short-term memory 3 times.
    State prediction error memory resets: 2.
    Hill memory resets: 1.
At time 22 the agent is dead.
The agent had: -1 food, 8 water, and 10 sleep.
The total tree search depth for this trial was 41325.
The agent accessed its memory 125296 times.
The agent cleared its short-term memory 5 times.
    State prediction error memory resets: 4.
    Hill memory resets: 1.
At time 70 the agent is dead.
The agent had: 6 food, 11 water, and -1 sleep.
The total tree search depth for this trial was 125358.
The agent accessed its memory 384290 times.
The agent cleared its short-term memory 10 times.
    State prediction error memory resets: 9.
    Hill memory resets: 1.
At time 22 the agent is dead.
The agent had: -1 food, 10 water, and 17 sleep.
The total tree search depth for this trial was 30672.
The agent accessed its memory 93633 times.
The agent cleared its short-term memory 2 times.
    State prediction error memory resets: 1.
    Hill memory resets: 1.
At time 68 the agent is dead.
The agent had: 15 food, 15 water, and -1 sleep.
The total tree search depth for this trial was 134036.
The agent accessed its memory 397737 times.
The agent cleared its short-term memory 6 times.
    State prediction error memory resets: 5.
    Hill memory resets: 1.
At time 91 the agent is dead.
The agent had: -1 food, 0 water, and 12 sleep.
The total tree search depth for this trial was 204549.
The agent accessed its memory 633302 times.
The agent cleared its short-term memory 12 times.
    State prediction error memory resets: 10.
    Hill memory resets: 2.
At time 20 the agent is dead.
The agent had: 1 food, -1 water, and 4 sleep.
The total tree search depth for this trial was 27522.
The agent accessed its memory 82593 times.
The agent cleared its short-term memory 5 times.
    State prediction error memory resets: 3.
    Hill memory resets: 2.
At time 44 the agent is dead.
The agent had: 5 food, -1 water, and 0 sleep.
The total tree search depth for this trial was 243963.
The agent accessed its memory 830199 times.
The agent cleared its short-term memory 11 times.
    State prediction error memory resets: 10.
    Hill memory resets: 1.
At time 38 the agent is dead.
The agent had: -1 food, 1 water, and 8 sleep.
The total tree search depth for this trial was 131349.
The agent accessed its memory 417999 times.
The agent cleared its short-term memory 9 times.
    State prediction error memory resets: 7.
    Hill memory resets: 2.
At time 36 the agent is dead.
The agent had: -1 food, 11 water, and 13 sleep.
The total tree search depth for this trial was 95956.
The agent accessed its memory 287572 times.
The agent cleared its short-term memory 10 times.
    State prediction error memory resets: 9.
    Hill memory resets: 1.
At time 25 the agent is dead.
The agent had: 12 food, 12 water, and -1 sleep.
The total tree search depth for this trial was 38136.
The agent accessed its memory 116822 times.
The agent cleared its short-term memory 4 times.
    State prediction error memory resets: 3.
    Hill memory resets: 1.
At time 22 the agent is dead.
The agent had: -1 food, 11 water, and 23 sleep.
The total tree search depth for this trial was 38471.
The agent accessed its memory 113710 times.
The agent cleared its short-term memory 3 times.
    State prediction error memory resets: 2.
    Hill memory resets: 1.
