Running main with ALGORITHM=SI, SEED=20, HORIZON=2, K_FACTOR=0.7, ROOT_FOLDER=/home/grmstj001, MCT=3, NUM_MCT=100, AUTO_REST=

                            < M A T L A B (R) >
                  Copyright 1984-2024 The MathWorks, Inc.
                  R2024a (24.1.0.2537033) 64-bit (glnxa64)
                             February 21, 2024

 
To get started, type doc.
For product information, visit www.mathworks.com.
 
Algorithm: SI
Seed: 20
Horizon: 2
K-factor: 0.70
Root folder: /home/grmstj001
MCT: 3
Number of MCT: 100
Auto restore: 0
Results file name: 

ans = 

  struct with fields:

     Type: 'twister'
     Seed: 20
    State: [625x1 uint32]


----------------------------------------
TRIAL 1 STARTED
----------------------------------------
Start Time: 2024-05-13 13:29:49
At time step 21 the agent is dead
The agent had 2 food, 0 water, and 5 sleep.
The total tree search depth for this trial was 2049. 
The agent accessed its memory 16588 times. 
The agent cleared its short-term memory 12 times. 
     State prediction error memory resets: 10. 
     Hill memory resets: 2. 
TRIAL 1 COMPLETE ✔
End Time: 2024-05-13 13:29:57
Total runtime for this trial (minutes/seconds): 00:08
----------------------------------------
Total hill visits: 2. 
Total prediction errors: 10. 
Total search depth: 2049. 
Total times memory accessed: 16588. 
Total times 25 >= t <= 50: 0. 
Total times 50 >= t <= 75: 0. 
Total times 75 >= t <= 100: 0. 
Total times t == 100: 0. 
Total time steps survived: 22. 
Total runtime so far (hours/minutes/seconds): 00:00:08
----------------------------------------

----------------------------------------
TRIAL 2 STARTED
----------------------------------------
Start Time: 2024-05-13 13:29:56
At time step 26 the agent is dead
The agent had 11 food, 0 water, and 0 sleep.
The total tree search depth for this trial was 32723. 
The agent accessed its memory 320292 times. 
The agent cleared its short-term memory 11 times. 
     State prediction error memory resets: 10. 
     Hill memory resets: 1. 
TRIAL 2 COMPLETE ✔
End Time: 2024-05-13 13:30:31
Total runtime for this trial (minutes/seconds): 00:35
----------------------------------------
Total hill visits: 3. 
Total prediction errors: 20. 
Total search depth: 34772. 
Total times memory accessed: 336880. 
Total times 25 >= t <= 50: 1. 
Total times 50 >= t <= 75: 0. 
Total times 75 >= t <= 100: 0. 
Total times t == 100: 0. 
Total time steps survived: 49. 
Total runtime so far (hours/minutes/seconds): 00:00:42
----------------------------------------

----------------------------------------
TRIAL 3 STARTED
----------------------------------------
Start Time: 2024-05-13 13:30:30
At time step 23 the agent is dead
The agent had 0 food, 10 water, and 3 sleep.
The total tree search depth for this trial was 20265. 
The agent accessed its memory 226075 times. 
The agent cleared its short-term memory 15 times. 
     State prediction error memory resets: 15. 
     Hill memory resets: 0. 
TRIAL 3 COMPLETE ✔
End Time: 2024-05-13 13:30:52
Total runtime for this trial (minutes/seconds): 00:22
----------------------------------------
Total hill visits: 3. 
Total prediction errors: 35. 
Total search depth: 55037. 
Total times memory accessed: 562955. 
Total times 25 >= t <= 50: 1. 
Total times 50 >= t <= 75: 0. 
Total times 75 >= t <= 100: 0. 
Total times t == 100: 0. 
Total time steps survived: 73. 
Total runtime so far (hours/minutes/seconds): 00:01:03
----------------------------------------

----------------------------------------
TRIAL 4 STARTED
----------------------------------------
Start Time: 2024-05-13 13:30:51
At time step 21 the agent is dead
The agent had 2 food, 0 water, and 5 sleep.
The total tree search depth for this trial was 2494. 
The agent accessed its memory 30600 times. 
The agent cleared its short-term memory 8 times. 
     State prediction error memory resets: 8. 
     Hill memory resets: 0. 
TRIAL 4 COMPLETE ✔
End Time: 2024-05-13 13:30:56
Total runtime for this trial (minutes/seconds): 00:05
----------------------------------------
Total hill visits: 3. 
Total prediction errors: 43. 
Total search depth: 57531. 
Total times memory accessed: 593555. 
Total times 25 >= t <= 50: 1. 
Total times 50 >= t <= 75: 0. 
Total times 75 >= t <= 100: 0. 
Total times t == 100: 0. 
Total time steps survived: 95. 
Total runtime so far (hours/minutes/seconds): 00:01:07
----------------------------------------

----------------------------------------
TRIAL 5 STARTED
----------------------------------------
Start Time: 2024-05-13 13:30:55
At time step 23 the agent is dead
The agent had 0 food, 13 water, and 23 sleep.
The total tree search depth for this trial was 19936. 
The agent accessed its memory 272818 times. 
The agent cleared its short-term memory 0 times. 
     State prediction error memory resets: 0. 
     Hill memory resets: 0. 
TRIAL 5 COMPLETE ✔
End Time: 2024-05-13 13:31:16
Total runtime for this trial (minutes/seconds): 00:21
----------------------------------------
Total hill visits: 3. 
Total prediction errors: 43. 
Total search depth: 77467. 
Total times memory accessed: 866373. 
Total times 25 >= t <= 50: 1. 
Total times 50 >= t <= 75: 0. 
Total times 75 >= t <= 100: 0. 
Total times t == 100: 0. 
Total time steps survived: 119. 
Total runtime so far (hours/minutes/seconds): 00:01:27
----------------------------------------

----------------------------------------
TRIAL 6 STARTED
----------------------------------------
Start Time: 2024-05-13 13:31:15
At time step 21 the agent is dead
The agent had 2 food, 0 water, and 5 sleep.
The total tree search depth for this trial was 6248. 
The agent accessed its memory 63646 times. 
The agent cleared its short-term memory 13 times. 
     State prediction error memory resets: 13. 
     Hill memory resets: 0. 
TRIAL 6 COMPLETE ✔
End Time: 2024-05-13 13:31:26
Total runtime for this trial (minutes/seconds): 00:11
----------------------------------------
Total hill visits: 3. 
Total prediction errors: 56. 
Total search depth: 83715. 
Total times memory accessed: 930019. 
Total times 25 >= t <= 50: 1. 
Total times 50 >= t <= 75: 0. 
Total times 75 >= t <= 100: 0. 
Total times t == 100: 0. 
Total time steps survived: 141. 
Total runtime so far (hours/minutes/seconds): 00:01:37
----------------------------------------

----------------------------------------
TRIAL 7 STARTED
----------------------------------------
Start Time: 2024-05-13 13:31:25
At time step 21 the agent is dead
The agent had 8 food, 0 water, and 5 sleep.
The total tree search depth for this trial was 12985. 
The agent accessed its memory 152955 times. 
The agent cleared its short-term memory 13 times. 
     State prediction error memory resets: 13. 
     Hill memory resets: 0. 
TRIAL 7 COMPLETE ✔
End Time: 2024-05-13 13:31:45
Total runtime for this trial (minutes/seconds): 00:20
----------------------------------------
Total hill visits: 3. 
Total prediction errors: 69. 
Total search depth: 96700. 
Total times memory accessed: 1082974. 
Total times 25 >= t <= 50: 1. 
Total times 50 >= t <= 75: 0. 
Total times 75 >= t <= 100: 0. 
Total times t == 100: 0. 
Total time steps survived: 163. 
Total runtime so far (hours/minutes/seconds): 00:01:56
----------------------------------------

----------------------------------------
TRIAL 8 STARTED
----------------------------------------
Start Time: 2024-05-13 13:31:44
At time step 23 the agent is dead
The agent had 0 food, 9 water, and 18 sleep.
The total tree search depth for this trial was 24740. 
The agent accessed its memory 235640 times. 
The agent cleared its short-term memory 12 times. 
     State prediction error memory resets: 11. 
     Hill memory resets: 1. 
TRIAL 8 COMPLETE ✔
End Time: 2024-05-13 13:32:15
Total runtime for this trial (minutes/seconds): 00:31
----------------------------------------
Total hill visits: 4. 
Total prediction errors: 80. 
Total search depth: 121440. 
Total times memory accessed: 1318614. 
Total times 25 >= t <= 50: 1. 
Total times 50 >= t <= 75: 0. 
Total times 75 >= t <= 100: 0. 
Total times t == 100: 0. 
Total time steps survived: 187. 
Total runtime so far (hours/minutes/seconds): 00:02:26
----------------------------------------

----------------------------------------
TRIAL 9 STARTED
----------------------------------------
Start Time: 2024-05-13 13:32:14
At time step 21 the agent is dead
The agent had 18 food, 0 water, and 24 sleep.
The total tree search depth for this trial was 6050. 
The agent accessed its memory 52659 times. 
The agent cleared its short-term memory 10 times. 
     State prediction error memory resets: 10. 
     Hill memory resets: 0. 
TRIAL 9 COMPLETE ✔
End Time: 2024-05-13 13:32:25
Total runtime for this trial (minutes/seconds): 00:11
----------------------------------------
Total hill visits: 4. 
Total prediction errors: 90. 
Total search depth: 127490. 
Total times memory accessed: 1371273. 
Total times 25 >= t <= 50: 1. 
Total times 50 >= t <= 75: 0. 
Total times 75 >= t <= 100: 0. 
Total times t == 100: 0. 
Total time steps survived: 209. 
Total runtime so far (hours/minutes/seconds): 00:02:36
----------------------------------------

----------------------------------------
TRIAL 10 STARTED
----------------------------------------
Start Time: 2024-05-13 13:32:24
At time step 21 the agent is dead
The agent had 2 food, 0 water, and 5 sleep.
The total tree search depth for this trial was 4601. 
The agent accessed its memory 59850 times. 
The agent cleared its short-term memory 8 times. 
     State prediction error memory resets: 8. 
     Hill memory resets: 0. 
TRIAL 10 COMPLETE ✔
End Time: 2024-05-13 13:32:32
Total runtime for this trial (minutes/seconds): 00:08
----------------------------------------
Total hill visits: 4. 
Total prediction errors: 98. 
Total search depth: 132091. 
Total times memory accessed: 1431123. 
Total times 25 >= t <= 50: 1. 
Total times 50 >= t <= 75: 0. 
Total times 75 >= t <= 100: 0. 
Total times t == 100: 0. 
Total time steps survived: 231. 
Total runtime so far (hours/minutes/seconds): 00:02:43
----------------------------------------

----------------------------------------
TRIAL 11 STARTED
----------------------------------------
Start Time: 2024-05-13 13:32:31
At time step 21 the agent is dead
The agent had 2 food, 0 water, and 5 sleep.
The total tree search depth for this trial was 8285. 
The agent accessed its memory 88302 times. 
The agent cleared its short-term memory 11 times. 
     State prediction error memory resets: 10. 
     Hill memory resets: 1. 
TRIAL 11 COMPLETE ✔
End Time: 2024-05-13 13:32:46
Total runtime for this trial (minutes/seconds): 00:15
----------------------------------------
Total hill visits: 5. 
Total prediction errors: 108. 
Total search depth: 140376. 
Total times memory accessed: 1519425. 
Total times 25 >= t <= 50: 1. 
Total times 50 >= t <= 75: 0. 
Total times 75 >= t <= 100: 0. 
Total times t == 100: 0. 
Total time steps survived: 253. 
Total runtime so far (hours/minutes/seconds): 00:02:57
----------------------------------------

----------------------------------------
TRIAL 12 STARTED
----------------------------------------
Start Time: 2024-05-13 13:32:45
At time step 21 the agent is dead
The agent had 2 food, 0 water, and 5 sleep.
The total tree search depth for this trial was 11519. 
The agent accessed its memory 117378 times. 
The agent cleared its short-term memory 13 times. 
     State prediction error memory resets: 13. 
     Hill memory resets: 0. 
TRIAL 12 COMPLETE ✔
End Time: 2024-05-13 13:33:06
Total runtime for this trial (minutes/seconds): 00:21
----------------------------------------
Total hill visits: 5. 
Total prediction errors: 121. 
Total search depth: 151895. 
Total times memory accessed: 1636803. 
Total times 25 >= t <= 50: 1. 
Total times 50 >= t <= 75: 0. 
Total times 75 >= t <= 100: 0. 
Total times t == 100: 0. 
Total time steps survived: 275. 
Total runtime so far (hours/minutes/seconds): 00:03:17
----------------------------------------

----------------------------------------
TRIAL 13 STARTED
----------------------------------------
Start Time: 2024-05-13 13:33:05
At time step 21 the agent is dead
The agent had 2 food, 0 water, and 5 sleep.
The total tree search depth for this trial was 13236. 
The agent accessed its memory 140733 times. 
The agent cleared its short-term memory 13 times. 
     State prediction error memory resets: 13. 
     Hill memory resets: 0. 
TRIAL 13 COMPLETE ✔
End Time: 2024-05-13 13:33:27
Total runtime for this trial (minutes/seconds): 00:22
----------------------------------------
Total hill visits: 5. 
Total prediction errors: 134. 
Total search depth: 165131. 
Total times memory accessed: 1777536. 
Total times 25 >= t <= 50: 1. 
Total times 50 >= t <= 75: 0. 
Total times 75 >= t <= 100: 0. 
Total times t == 100: 0. 
Total time steps survived: 297. 
Total runtime so far (hours/minutes/seconds): 00:03:38
----------------------------------------

----------------------------------------
TRIAL 14 STARTED
----------------------------------------
Start Time: 2024-05-13 13:33:26
At time step 21 the agent is dead
The agent had 2 food, 0 water, and 5 sleep.
The total tree search depth for this trial was 4932. 
The agent accessed its memory 43311 times. 
The agent cleared its short-term memory 6 times. 
     State prediction error memory resets: 5. 
     Hill memory resets: 1. 
TRIAL 14 COMPLETE ✔
End Time: 2024-05-13 13:33:36
Total runtime for this trial (minutes/seconds): 00:10
----------------------------------------
Total hill visits: 6. 
Total prediction errors: 139. 
Total search depth: 170063. 
Total times memory accessed: 1820847. 
Total times 25 >= t <= 50: 1. 
Total times 50 >= t <= 75: 0. 
Total times 75 >= t <= 100: 0. 
Total times t == 100: 0. 
Total time steps survived: 319. 
Total runtime so far (hours/minutes/seconds): 00:03:47
----------------------------------------

----------------------------------------
TRIAL 15 STARTED
----------------------------------------
Start Time: 2024-05-13 13:33:35
At time step 21 the agent is dead
The agent had 21 food, 0 water, and 5 sleep.
The total tree search depth for this trial was 2770. 
The agent accessed its memory 36133 times. 
The agent cleared its short-term memory 11 times. 
     State prediction error memory resets: 11. 
     Hill memory resets: 0. 
TRIAL 15 COMPLETE ✔
End Time: 2024-05-13 13:33:41
Total runtime for this trial (minutes/seconds): 00:06
----------------------------------------
Total hill visits: 6. 
Total prediction errors: 150. 
Total search depth: 172833. 
Total times memory accessed: 1856980. 
Total times 25 >= t <= 50: 1. 
Total times 50 >= t <= 75: 0. 
Total times 75 >= t <= 100: 0. 
Total times t == 100: 0. 
Total time steps survived: 341. 
Total runtime so far (hours/minutes/seconds): 00:03:52
----------------------------------------

----------------------------------------
TRIAL 16 STARTED
----------------------------------------
Start Time: 2024-05-13 13:33:40
At time step 21 the agent is dead
The agent had 2 food, 0 water, and 5 sleep.
The total tree search depth for this trial was 4446. 
The agent accessed its memory 52935 times. 
The agent cleared its short-term memory 11 times. 
     State prediction error memory resets: 11. 
     Hill memory resets: 0. 
TRIAL 16 COMPLETE ✔
End Time: 2024-05-13 13:33:49
Total runtime for this trial (minutes/seconds): 00:09
----------------------------------------
Total hill visits: 6. 
Total prediction errors: 161. 
Total search depth: 177279. 
Total times memory accessed: 1909915. 
Total times 25 >= t <= 50: 1. 
Total times 50 >= t <= 75: 0. 
Total times 75 >= t <= 100: 0. 
Total times t == 100: 0. 
Total time steps survived: 363. 
Total runtime so far (hours/minutes/seconds): 00:04:00
----------------------------------------

----------------------------------------
TRIAL 17 STARTED
----------------------------------------
Start Time: 2024-05-13 13:33:48
At time step 21 the agent is dead
The agent had 2 food, 0 water, and 5 sleep.
The total tree search depth for this trial was 6666. 
The agent accessed its memory 84665 times. 
The agent cleared its short-term memory 11 times. 
     State prediction error memory resets: 11. 
     Hill memory resets: 0. 
TRIAL 17 COMPLETE ✔
End Time: 2024-05-13 13:34:00
Total runtime for this trial (minutes/seconds): 00:12
----------------------------------------
Total hill visits: 6. 
Total prediction errors: 172. 
Total search depth: 183945. 
Total times memory accessed: 1994580. 
Total times 25 >= t <= 50: 1. 
Total times 50 >= t <= 75: 0. 
Total times 75 >= t <= 100: 0. 
Total times t == 100: 0. 
Total time steps survived: 385. 
Total runtime so far (hours/minutes/seconds): 00:04:11
----------------------------------------

----------------------------------------
TRIAL 18 STARTED
----------------------------------------
Start Time: 2024-05-13 13:33:59
At time step 23 the agent is dead
The agent had 0 food, 14 water, and 18 sleep.
The total tree search depth for this trial was 9026. 
The agent accessed its memory 81557 times. 
The agent cleared its short-term memory 17 times. 
     State prediction error memory resets: 16. 
     Hill memory resets: 1. 
TRIAL 18 COMPLETE ✔
End Time: 2024-05-13 13:34:15
Total runtime for this trial (minutes/seconds): 00:16
----------------------------------------
Total hill visits: 7. 
Total prediction errors: 188. 
Total search depth: 192971. 
Total times memory accessed: 2076137. 
Total times 25 >= t <= 50: 1. 
Total times 50 >= t <= 75: 0. 
Total times 75 >= t <= 100: 0. 
Total times t == 100: 0. 
Total time steps survived: 409. 
Total runtime so far (hours/minutes/seconds): 00:04:26
----------------------------------------

----------------------------------------
TRIAL 19 STARTED
----------------------------------------
Start Time: 2024-05-13 13:34:14
At time step 47 the agent is dead
The agent had 0 food, 4 water, and 14 sleep.
The total tree search depth for this trial was 95885. 
The agent accessed its memory 716916 times. 
The agent cleared its short-term memory 22 times. 
     State prediction error memory resets: 21. 
     Hill memory resets: 1. 
TRIAL 19 COMPLETE ✔
End Time: 2024-05-13 13:36:26
Total runtime for this trial (minutes/seconds): 02:12
----------------------------------------
Total hill visits: 8. 
Total prediction errors: 209. 
Total search depth: 288856. 
Total times memory accessed: 2793053. 
Total times 25 >= t <= 50: 2. 
Total times 50 >= t <= 75: 0. 
Total times 75 >= t <= 100: 0. 
Total times t == 100: 0. 
Total time steps survived: 457. 
Total runtime so far (hours/minutes/seconds): 00:06:37
----------------------------------------

----------------------------------------
TRIAL 20 STARTED
----------------------------------------
Start Time: 2024-05-13 13:36:25
At time step 21 the agent is dead
The agent had 2 food, 0 water, and 5 sleep.
The total tree search depth for this trial was 5176. 
The agent accessed its memory 45640 times. 
The agent cleared its short-term memory 10 times. 
     State prediction error memory resets: 9. 
     Hill memory resets: 1. 
TRIAL 20 COMPLETE ✔
End Time: 2024-05-13 13:36:35
Total runtime for this trial (minutes/seconds): 00:10
----------------------------------------
Total hill visits: 9. 
Total prediction errors: 218. 
Total search depth: 294032. 
Total times memory accessed: 2838693. 
Total times 25 >= t <= 50: 2. 
Total times 50 >= t <= 75: 0. 
Total times 75 >= t <= 100: 0. 
Total times t == 100: 0. 
Total time steps survived: 479. 
Total runtime so far (hours/minutes/seconds): 00:06:46
----------------------------------------

----------------------------------------
TRIAL 21 STARTED
----------------------------------------
Start Time: 2024-05-13 13:36:34
At time step 45 the agent is dead
The agent had 18 food, 0 water, and 24 sleep.
The total tree search depth for this trial was 107168. 
The agent accessed its memory 845662 times. 
The agent cleared its short-term memory 11 times. 
     State prediction error memory resets: 10. 
     Hill memory resets: 1. 
TRIAL 21 COMPLETE ✔
End Time: 2024-05-13 13:38:51
Total runtime for this trial (minutes/seconds): 02:17
----------------------------------------
Total hill visits: 10. 
Total prediction errors: 228. 
Total search depth: 401200. 
Total times memory accessed: 3684355. 
Total times 25 >= t <= 50: 3. 
Total times 50 >= t <= 75: 0. 
Total times 75 >= t <= 100: 0. 
Total times t == 100: 0. 
Total time steps survived: 525. 
Total runtime so far (hours/minutes/seconds): 00:09:02
----------------------------------------

----------------------------------------
TRIAL 22 STARTED
----------------------------------------
Start Time: 2024-05-13 13:38:50
At time step 21 the agent is dead
The agent had 2 food, 0 water, and 5 sleep.
The total tree search depth for this trial was 3672. 
The agent accessed its memory 47641 times. 
The agent cleared its short-term memory 8 times. 
     State prediction error memory resets: 8. 
     Hill memory resets: 0. 
TRIAL 22 COMPLETE ✔
End Time: 2024-05-13 13:38:58
Total runtime for this trial (minutes/seconds): 00:08
----------------------------------------
Total hill visits: 10. 
Total prediction errors: 236. 
Total search depth: 404872. 
Total times memory accessed: 3731996. 
Total times 25 >= t <= 50: 3. 
Total times 50 >= t <= 75: 0. 
Total times 75 >= t <= 100: 0. 
Total times t == 100: 0. 
Total time steps survived: 547. 
Total runtime so far (hours/minutes/seconds): 00:09:09
----------------------------------------

----------------------------------------
TRIAL 23 STARTED
----------------------------------------
Start Time: 2024-05-13 13:38:57
