Running Python script with ALGORITHM=SI and SEED=28
At time 20 the agent is dead.
The agent had: 1 food, -1 water, and 4 sleep.
The total tree search depth for this trial was 1112.
The agent accessed its memory 1754 times.
The agent cleared its short-term memory 3 times.
    State prediction error memory resets: 2.
    Hill memory resets: 1.
At time 20 the agent is dead.
The agent had: 1 food, -1 water, and 4 sleep.
The total tree search depth for this trial was 1496.
The agent accessed its memory 3353 times.
The agent cleared its short-term memory 8 times.
    State prediction error memory resets: 8.
    Hill memory resets: 0.
At time 20 the agent is dead.
The agent had: 1 food, -1 water, and 4 sleep.
The total tree search depth for this trial was 1877.
The agent accessed its memory 4039 times.
The agent cleared its short-term memory 8 times.
    State prediction error memory resets: 8.
    Hill memory resets: 0.
At time 20 the agent is dead.
The agent had: 1 food, -1 water, and 4 sleep.
The total tree search depth for this trial was 691.
The agent accessed its memory 2046 times.
The agent cleared its short-term memory 13 times.
    State prediction error memory resets: 11.
    Hill memory resets: 2.
At time 22 the agent is dead.
The agent had: -1 food, 2 water, and 2 sleep.
The total tree search depth for this trial was 7332.
The agent accessed its memory 18425 times.
The agent cleared its short-term memory 10 times.
    State prediction error memory resets: 10.
    Hill memory resets: 0.
At time 22 the agent is dead.
The agent had: -1 food, 17 water, and 24 sleep.
The total tree search depth for this trial was 516.
The agent accessed its memory 1424 times.
The agent cleared its short-term memory 3 times.
    State prediction error memory resets: 3.
    Hill memory resets: 0.
At time 24 the agent is dead.
The agent had: -1 food, 3 water, and 0 sleep.
The total tree search depth for this trial was 19739.
The agent accessed its memory 60161 times.
The agent cleared its short-term memory 7 times.
    State prediction error memory resets: 7.
    Hill memory resets: 0.
At time 20 the agent is dead.
The agent had: 1 food, -1 water, and 4 sleep.
The total tree search depth for this trial was 2202.
The agent accessed its memory 6978 times.
The agent cleared its short-term memory 7 times.
    State prediction error memory resets: 7.
    Hill memory resets: 0.
At time 20 the agent is dead.
The agent had: 1 food, -1 water, and 4 sleep.
The total tree search depth for this trial was 4840.
The agent accessed its memory 16789 times.
The agent cleared its short-term memory 9 times.
    State prediction error memory resets: 8.
    Hill memory resets: 1.
At time 20 the agent is dead.
The agent had: 1 food, -1 water, and 4 sleep.
The total tree search depth for this trial was 2196.
The agent accessed its memory 6787 times.
The agent cleared its short-term memory 11 times.
    State prediction error memory resets: 11.
    Hill memory resets: 0.
At time 20 the agent is dead.
The agent had: 1 food, -1 water, and 4 sleep.
The total tree search depth for this trial was 18954.
The agent accessed its memory 72644 times.
The agent cleared its short-term memory 13 times.
    State prediction error memory resets: 13.
    Hill memory resets: 0.
At time 20 the agent is dead.
The agent had: 1 food, -1 water, and 4 sleep.
The total tree search depth for this trial was 2725.
The agent accessed its memory 8918 times.
The agent cleared its short-term memory 11 times.
    State prediction error memory resets: 11.
    Hill memory resets: 0.
At time 20 the agent is dead.
The agent had: 1 food, -1 water, and 4 sleep.
The total tree search depth for this trial was 3720.
The agent accessed its memory 12498 times.
The agent cleared its short-term memory 5 times.
    State prediction error memory resets: 3.
    Hill memory resets: 2.
At time 22 the agent is dead.
The agent had: -1 food, 14 water, and 21 sleep.
The total tree search depth for this trial was 2703.
The agent accessed its memory 8462 times.
The agent cleared its short-term memory 7 times.
    State prediction error memory resets: 6.
    Hill memory resets: 1.
At time 20 the agent is dead.
The agent had: 1 food, -1 water, and 20 sleep.
The total tree search depth for this trial was 3665.
The agent accessed its memory 12568 times.
The agent cleared its short-term memory 6 times.
    State prediction error memory resets: 5.
    Hill memory resets: 1.
At time 20 the agent is dead.
The agent had: 1 food, -1 water, and 4 sleep.
The total tree search depth for this trial was 3702.
The agent accessed its memory 11616 times.
The agent cleared its short-term memory 3 times.
    State prediction error memory resets: 2.
    Hill memory resets: 1.
At time 20 the agent is dead.
The agent had: 20 food, -1 water, and 16 sleep.
The total tree search depth for this trial was 6956.
The agent accessed its memory 23608 times.
The agent cleared its short-term memory 7 times.
    State prediction error memory resets: 6.
    Hill memory resets: 1.
At time 20 the agent is dead.
The agent had: 1 food, -1 water, and 4 sleep.
The total tree search depth for this trial was 2535.
The agent accessed its memory 8127 times.
The agent cleared its short-term memory 6 times.
    State prediction error memory resets: 5.
    Hill memory resets: 1.
At time 20 the agent is dead.
The agent had: 1 food, -1 water, and 4 sleep.
The total tree search depth for this trial was 4748.
The agent accessed its memory 16098 times.
The agent cleared its short-term memory 14 times.
    State prediction error memory resets: 12.
    Hill memory resets: 2.
At time 31 the agent is dead.
The agent had: -1 food, -1 water, and 1 sleep.
The total tree search depth for this trial was 42070.
The agent accessed its memory 163659 times.
The agent cleared its short-term memory 22 times.
    State prediction error memory resets: 21.
    Hill memory resets: 1.
At time 20 the agent is dead.
The agent had: 4 food, -1 water, and 8 sleep.
The total tree search depth for this trial was 54749.
The agent accessed its memory 201677 times.
The agent cleared its short-term memory 5 times.
    State prediction error memory resets: 4.
    Hill memory resets: 1.
At time 53 the agent is dead.
The agent had: 5 food, 5 water, and -1 sleep.
The total tree search depth for this trial was 94647.
The agent accessed its memory 348245 times.
The agent cleared its short-term memory 17 times.
    State prediction error memory resets: 16.
    Hill memory resets: 1.
At time 37 the agent is dead.
The agent had: 2 food, -1 water, and 6 sleep.
The total tree search depth for this trial was 116584.
The agent accessed its memory 463754 times.
The agent cleared its short-term memory 14 times.
    State prediction error memory resets: 14.
    Hill memory resets: 0.
At time 20 the agent is dead.
The agent had: 1 food, -1 water, and 4 sleep.
The total tree search depth for this trial was 16783.
The agent accessed its memory 68991 times.
The agent cleared its short-term memory 7 times.
    State prediction error memory resets: 5.
    Hill memory resets: 2.
At time 52 the agent is dead.
The agent had: 4 food, -1 water, and 6 sleep.
The total tree search depth for this trial was 56231.
The agent accessed its memory 184461 times.
The agent cleared its short-term memory 6 times.
    State prediction error memory resets: 4.
    Hill memory resets: 2.
At time 20 the agent is dead.
The agent had: 1 food, -1 water, and 4 sleep.
The total tree search depth for this trial was 49260.
The agent accessed its memory 219783 times.
The agent cleared its short-term memory 7 times.
    State prediction error memory resets: 5.
    Hill memory resets: 2.
At time 20 the agent is dead.
The agent had: 1 food, -1 water, and 4 sleep.
The total tree search depth for this trial was 14530.
The agent accessed its memory 58586 times.
The agent cleared its short-term memory 8 times.
    State prediction error memory resets: 7.
    Hill memory resets: 1.
At time 20 the agent is dead.
The agent had: 1 food, -1 water, and 4 sleep.
The total tree search depth for this trial was 15451.
The agent accessed its memory 55749 times.
The agent cleared its short-term memory 9 times.
    State prediction error memory resets: 8.
    Hill memory resets: 1.
At time 20 the agent is dead.
The agent had: 10 food, -1 water, and 4 sleep.
The total tree search depth for this trial was 37853.
The agent accessed its memory 149311 times.
The agent cleared its short-term memory 12 times.
    State prediction error memory resets: 11.
    Hill memory resets: 1.
At time 20 the agent is dead.
The agent had: 1 food, -1 water, and 18 sleep.
The total tree search depth for this trial was 32982.
The agent accessed its memory 121003 times.
The agent cleared its short-term memory 7 times.
    State prediction error memory resets: 6.
    Hill memory resets: 1.
At time 28 the agent is dead.
The agent had: -1 food, 15 water, and 19 sleep.
The total tree search depth for this trial was 51215.
The agent accessed its memory 192700 times.
The agent cleared its short-term memory 9 times.
    State prediction error memory resets: 8.
    Hill memory resets: 1.
At time 32 the agent is dead.
The agent had: 11 food, -1 water, and 13 sleep.
The total tree search depth for this trial was 45176.
The agent accessed its memory 151697 times.
The agent cleared its short-term memory 5 times.
    State prediction error memory resets: 4.
    Hill memory resets: 1.
At time 20 the agent is dead.
The agent had: 1 food, -1 water, and 4 sleep.
The total tree search depth for this trial was 21903.
The agent accessed its memory 80199 times.
The agent cleared its short-term memory 9 times.
    State prediction error memory resets: 8.
    Hill memory resets: 1.
At time 28 the agent is dead.
The agent had: -1 food, 3 water, and 21 sleep.
The total tree search depth for this trial was 55840.
The agent accessed its memory 198646 times.
The agent cleared its short-term memory 6 times.
    State prediction error memory resets: 5.
    Hill memory resets: 1.
At time 28 the agent is dead.
The agent had: -1 food, -1 water, and 19 sleep.
The total tree search depth for this trial was 68516.
The agent accessed its memory 250232 times.
The agent cleared its short-term memory 8 times.
    State prediction error memory resets: 7.
    Hill memory resets: 1.
At time 62 the agent is dead.
The agent had: -1 food, 2 water, and 9 sleep.
The total tree search depth for this trial was 81426.
The agent accessed its memory 285412 times.
The agent cleared its short-term memory 11 times.
    State prediction error memory resets: 9.
    Hill memory resets: 2.
At time 57 the agent is dead.
The agent had: 4 food, -1 water, and 6 sleep.
The total tree search depth for this trial was 93806.
The agent accessed its memory 334824 times.
The agent cleared its short-term memory 12 times.
    State prediction error memory resets: 11.
    Hill memory resets: 1.
At time 22 the agent is dead.
The agent had: -1 food, 11 water, and 14 sleep.
The total tree search depth for this trial was 54680.
The agent accessed its memory 211025 times.
The agent cleared its short-term memory 7 times.
    State prediction error memory resets: 5.
    Hill memory resets: 2.
At time 20 the agent is dead.
The agent had: 1 food, -1 water, and 19 sleep.
The total tree search depth for this trial was 66430.
The agent accessed its memory 242447 times.
The agent cleared its short-term memory 9 times.
    State prediction error memory resets: 7.
    Hill memory resets: 2.
At time 37 the agent is dead.
The agent had: -1 food, 11 water, and 17 sleep.
The total tree search depth for this trial was 60382.
The agent accessed its memory 206449 times.
The agent cleared its short-term memory 7 times.
    State prediction error memory resets: 5.
    Hill memory resets: 2.
At time 25 the agent is dead.
The agent had: 18 food, 14 water, and -1 sleep.
The total tree search depth for this trial was 14953.
The agent accessed its memory 54178 times.
The agent cleared its short-term memory 12 times.
    State prediction error memory resets: 11.
    Hill memory resets: 1.
At time 29 the agent is dead.
The agent had: -1 food, 10 water, and 19 sleep.
The total tree search depth for this trial was 49558.
The agent accessed its memory 179440 times.
The agent cleared its short-term memory 8 times.
    State prediction error memory resets: 7.
    Hill memory resets: 1.
At time 20 the agent is dead.
The agent had: 1 food, -1 water, and 4 sleep.
The total tree search depth for this trial was 15194.
The agent accessed its memory 54284 times.
The agent cleared its short-term memory 3 times.
    State prediction error memory resets: 2.
    Hill memory resets: 1.
At time 46 the agent is dead.
The agent had: 2 food, -1 water, and 8 sleep.
The total tree search depth for this trial was 100586.
The agent accessed its memory 348707 times.
The agent cleared its short-term memory 11 times.
    State prediction error memory resets: 10.
    Hill memory resets: 1.
At time 20 the agent is dead.
The agent had: 1 food, -1 water, and 14 sleep.
The total tree search depth for this trial was 30062.
The agent accessed its memory 117701 times.
The agent cleared its short-term memory 11 times.
    State prediction error memory resets: 9.
    Hill memory resets: 2.
At time 20 the agent is dead.
The agent had: 1 food, -1 water, and 4 sleep.
The total tree search depth for this trial was 43243.
The agent accessed its memory 177770 times.
The agent cleared its short-term memory 12 times.
    State prediction error memory resets: 11.
    Hill memory resets: 1.
At time 20 the agent is dead.
The agent had: 1 food, -1 water, and 12 sleep.
The total tree search depth for this trial was 64293.
The agent accessed its memory 232801 times.
The agent cleared its short-term memory 8 times.
    State prediction error memory resets: 7.
    Hill memory resets: 1.
At time 20 the agent is dead.
The agent had: 1 food, -1 water, and 4 sleep.
The total tree search depth for this trial was 37431.
The agent accessed its memory 144067 times.
The agent cleared its short-term memory 8 times.
    State prediction error memory resets: 4.
    Hill memory resets: 4.
At time 28 the agent is dead.
The agent had: -1 food, 3 water, and 21 sleep.
The total tree search depth for this trial was 85022.
The agent accessed its memory 303792 times.
The agent cleared its short-term memory 9 times.
    State prediction error memory resets: 8.
    Hill memory resets: 1.
At time 20 the agent is dead.
The agent had: 1 food, -1 water, and 14 sleep.
The total tree search depth for this trial was 33714.
The agent accessed its memory 123641 times.
The agent cleared its short-term memory 6 times.
    State prediction error memory resets: 5.
    Hill memory resets: 1.
At time 29 the agent is dead.
The agent had: -1 food, 12 water, and 18 sleep.
The total tree search depth for this trial was 52563.
The agent accessed its memory 171513 times.
The agent cleared its short-term memory 6 times.
    State prediction error memory resets: 5.
    Hill memory resets: 1.
At time 20 the agent is dead.
The agent had: 1 food, -1 water, and 4 sleep.
The total tree search depth for this trial was 102517.
The agent accessed its memory 383583 times.
The agent cleared its short-term memory 10 times.
    State prediction error memory resets: 5.
    Hill memory resets: 5.
At time 20 the agent is dead.
The agent had: 9 food, -1 water, and 13 sleep.
The total tree search depth for this trial was 62402.
The agent accessed its memory 205642 times.
The agent cleared its short-term memory 7 times.
    State prediction error memory resets: 6.
    Hill memory resets: 1.
At time 47 the agent is dead.
The agent had: 2 food, -1 water, and 9 sleep.
The total tree search depth for this trial was 100363.
The agent accessed its memory 335033 times.
The agent cleared its short-term memory 9 times.
    State prediction error memory resets: 8.
    Hill memory resets: 1.
At time 46 the agent is dead.
The agent had: 6 food, -1 water, and 11 sleep.
The total tree search depth for this trial was 112362.
The agent accessed its memory 371380 times.
The agent cleared its short-term memory 11 times.
    State prediction error memory resets: 8.
    Hill memory resets: 3.
At time 49 the agent is dead.
The agent had: -1 food, -1 water, and 1 sleep.
The total tree search depth for this trial was 81178.
The agent accessed its memory 293977 times.
The agent cleared its short-term memory 10 times.
    State prediction error memory resets: 7.
    Hill memory resets: 3.
At time 36 the agent is dead.
The agent had: -1 food, 12 water, and 18 sleep.
The total tree search depth for this trial was 72416.
The agent accessed its memory 238435 times.
The agent cleared its short-term memory 10 times.
    State prediction error memory resets: 8.
    Hill memory resets: 2.
At time 57 the agent is dead.
The agent had: -1 food, 7 water, and 11 sleep.
The total tree search depth for this trial was 238418.
The agent accessed its memory 822021 times.
The agent cleared its short-term memory 19 times.
    State prediction error memory resets: 17.
    Hill memory resets: 2.
At time 22 the agent is dead.
The agent had: -1 food, 7 water, and 14 sleep.
The total tree search depth for this trial was 31613.
The agent accessed its memory 104899 times.
The agent cleared its short-term memory 4 times.
    State prediction error memory resets: 3.
    Hill memory resets: 1.
At time 22 the agent is dead.
The agent had: -1 food, 12 water, and 22 sleep.
The total tree search depth for this trial was 32963.
The agent accessed its memory 108973 times.
The agent cleared its short-term memory 2 times.
    State prediction error memory resets: 1.
    Hill memory resets: 1.
At time 22 the agent is dead.
The agent had: -1 food, 14 water, and 22 sleep.
The total tree search depth for this trial was 32690.
The agent accessed its memory 107825 times.
The agent cleared its short-term memory 2 times.
    State prediction error memory resets: 1.
    Hill memory resets: 1.
At time 56 the agent is dead.
The agent had: -1 food, 5 water, and 14 sleep.
The total tree search depth for this trial was 135147.
The agent accessed its memory 447433 times.
The agent cleared its short-term memory 16 times.
    State prediction error memory resets: 13.
    Hill memory resets: 3.
At time 46 the agent is dead.
The agent had: 2 food, -1 water, and -1 sleep.
The total tree search depth for this trial was 93805.
The agent accessed its memory 328251 times.
The agent cleared its short-term memory 10 times.
    State prediction error memory resets: 9.
    Hill memory resets: 1.
At time 22 the agent is dead.
The agent had: -1 food, 17 water, and 2 sleep.
The total tree search depth for this trial was 18057.
The agent accessed its memory 56958 times.
The agent cleared its short-term memory 4 times.
    State prediction error memory resets: 3.
    Hill memory resets: 1.
At time 25 the agent is dead.
The agent had: 17 food, 13 water, and -1 sleep.
The total tree search depth for this trial was 18298.
The agent accessed its memory 58051 times.
The agent cleared its short-term memory 5 times.
    State prediction error memory resets: 4.
    Hill memory resets: 1.
At time 22 the agent is dead.
The agent had: -1 food, 6 water, and 16 sleep.
The total tree search depth for this trial was 58431.
The agent accessed its memory 202057 times.
The agent cleared its short-term memory 6 times.
    State prediction error memory resets: 4.
    Hill memory resets: 2.
At time 39 the agent is dead.
The agent had: 0 food, -1 water, and 18 sleep.
The total tree search depth for this trial was 88969.
The agent accessed its memory 290395 times.
The agent cleared its short-term memory 9 times.
    State prediction error memory resets: 7.
    Hill memory resets: 2.
At time 22 the agent is dead.
The agent had: -1 food, 10 water, and 13 sleep.
The total tree search depth for this trial was 51365.
The agent accessed its memory 183280 times.
The agent cleared its short-term memory 11 times.
    State prediction error memory resets: 9.
    Hill memory resets: 2.
At time 47 the agent is dead.
The agent had: 10 food, -1 water, and 10 sleep.
The total tree search depth for this trial was 119527.
The agent accessed its memory 382682 times.
The agent cleared its short-term memory 11 times.
    State prediction error memory resets: 9.
    Hill memory resets: 2.
At time 73 the agent is dead.
The agent had: 3 food, -1 water, and 10 sleep.
The total tree search depth for this trial was 114058.
The agent accessed its memory 363145 times.
The agent cleared its short-term memory 11 times.
    State prediction error memory resets: 9.
    Hill memory resets: 2.
At time 74 the agent is dead.
The agent had: 18 food, -1 water, and 9 sleep.
The total tree search depth for this trial was 121191.
The agent accessed its memory 386801 times.
The agent cleared its short-term memory 15 times.
    State prediction error memory resets: 13.
    Hill memory resets: 2.
At time 48 the agent is dead.
The agent had: 11 food, -1 water, and 9 sleep.
The total tree search depth for this trial was 109080.
The agent accessed its memory 368512 times.
The agent cleared its short-term memory 16 times.
    State prediction error memory resets: 15.
    Hill memory resets: 1.
At time 20 the agent is dead.
The agent had: 1 food, -1 water, and 4 sleep.
The total tree search depth for this trial was 50698.
The agent accessed its memory 179817 times.
The agent cleared its short-term memory 6 times.
    State prediction error memory resets: 4.
    Hill memory resets: 2.
At time 63 the agent is dead.
The agent had: 5 food, 2 water, and -1 sleep.
The total tree search depth for this trial was 116372.
The agent accessed its memory 404253 times.
The agent cleared its short-term memory 13 times.
    State prediction error memory resets: 10.
    Hill memory resets: 3.
At time 20 the agent is dead.
The agent had: 1 food, -1 water, and 4 sleep.
The total tree search depth for this trial was 53595.
The agent accessed its memory 189589 times.
The agent cleared its short-term memory 8 times.
    State prediction error memory resets: 3.
    Hill memory resets: 5.
At time 22 the agent is dead.
The agent had: -1 food, 10 water, and 13 sleep.
The total tree search depth for this trial was 72655.
The agent accessed its memory 266737 times.
The agent cleared its short-term memory 9 times.
    State prediction error memory resets: 7.
    Hill memory resets: 2.
At time 64 the agent is dead.
The agent had: 5 food, -1 water, and 9 sleep.
The total tree search depth for this trial was 66910.
The agent accessed its memory 210714 times.
The agent cleared its short-term memory 14 times.
    State prediction error memory resets: 7.
    Hill memory resets: 7.
At time 20 the agent is dead.
The agent had: 1 food, -1 water, and 4 sleep.
The total tree search depth for this trial was 40370.
The agent accessed its memory 139460 times.
The agent cleared its short-term memory 6 times.
    State prediction error memory resets: 4.
    Hill memory resets: 2.
At time 63 the agent is dead.
The agent had: 9 food, -1 water, and 7 sleep.
The total tree search depth for this trial was 191193.
The agent accessed its memory 635966 times.
The agent cleared its short-term memory 14 times.
    State prediction error memory resets: 12.
    Hill memory resets: 2.
At time 44 the agent is dead.
The agent had: 5 food, 2 water, and -1 sleep.
The total tree search depth for this trial was 100592.
The agent accessed its memory 324718 times.
The agent cleared its short-term memory 10 times.
    State prediction error memory resets: 7.
    Hill memory resets: 3.
At time 20 the agent is dead.
The agent had: 1 food, -1 water, and 4 sleep.
The total tree search depth for this trial was 27621.
The agent accessed its memory 93754 times.
The agent cleared its short-term memory 5 times.
    State prediction error memory resets: 3.
    Hill memory resets: 2.
At time 79 the agent is dead.
The agent had: -1 food, 12 water, and 19 sleep.
The total tree search depth for this trial was 88618.
The agent accessed its memory 308904 times.
The agent cleared its short-term memory 12 times.
    State prediction error memory resets: 7.
    Hill memory resets: 5.
At time 66 the agent is dead.
The agent had: -1 food, -1 water, and 18 sleep.
The total tree search depth for this trial was 117122.
The agent accessed its memory 400333 times.
The agent cleared its short-term memory 8 times.
    State prediction error memory resets: 6.
    Hill memory resets: 2.
At time 20 the agent is dead.
The agent had: 8 food, -1 water, and 10 sleep.
The total tree search depth for this trial was 38248.
The agent accessed its memory 121674 times.
The agent cleared its short-term memory 6 times.
    State prediction error memory resets: 5.
    Hill memory resets: 1.
At time 73 the agent is dead.
The agent had: -1 food, 16 water, and 6 sleep.
The total tree search depth for this trial was 201050.
The agent accessed its memory 681479 times.
The agent cleared its short-term memory 19 times.
    State prediction error memory resets: 15.
    Hill memory resets: 4.
At time 20 the agent is dead.
The agent had: 1 food, -1 water, and 4 sleep.
The total tree search depth for this trial was 69953.
The agent accessed its memory 248843 times.
The agent cleared its short-term memory 5 times.
    State prediction error memory resets: 3.
    Hill memory resets: 2.
At time 40 the agent is dead.
The agent had: 16 food, -1 water, and 22 sleep.
The total tree search depth for this trial was 92543.
The agent accessed its memory 295728 times.
The agent cleared its short-term memory 9 times.
    State prediction error memory resets: 7.
    Hill memory resets: 2.
At time 74 the agent is dead.
The agent had: -1 food, -1 water, and 1 sleep.
The total tree search depth for this trial was 229789.
The agent accessed its memory 831529 times.
The agent cleared its short-term memory 24 times.
    State prediction error memory resets: 15.
    Hill memory resets: 9.
At time 78 the agent is dead.
The agent had: 3 food, -1 water, and 10 sleep.
The total tree search depth for this trial was 167463.
The agent accessed its memory 562123 times.
The agent cleared its short-term memory 15 times.
    State prediction error memory resets: 13.
    Hill memory resets: 2.
At time 20 the agent is dead.
The agent had: 1 food, -1 water, and 4 sleep.
The total tree search depth for this trial was 36240.
The agent accessed its memory 123949 times.
The agent cleared its short-term memory 6 times.
    State prediction error memory resets: 4.
    Hill memory resets: 2.
At time 20 the agent is dead.
The agent had: 1 food, -1 water, and 4 sleep.
The total tree search depth for this trial was 27168.
The agent accessed its memory 91533 times.
The agent cleared its short-term memory 5 times.
    State prediction error memory resets: 3.
    Hill memory resets: 2.
At time 20 the agent is dead.
The agent had: 1 food, -1 water, and 4 sleep.
The total tree search depth for this trial was 59741.
The agent accessed its memory 224377 times.
The agent cleared its short-term memory 7 times.
    State prediction error memory resets: 6.
    Hill memory resets: 1.
At time 36 the agent is dead.
The agent had: 4 food, 4 water, and -1 sleep.
The total tree search depth for this trial was 136318.
The agent accessed its memory 455192 times.
The agent cleared its short-term memory 12 times.
    State prediction error memory resets: 9.
    Hill memory resets: 3.
At time 48 the agent is dead.
The agent had: 12 food, -1 water, and 5 sleep.
The total tree search depth for this trial was 94811.
The agent accessed its memory 311556 times.
The agent cleared its short-term memory 14 times.
    State prediction error memory resets: 12.
    Hill memory resets: 2.
At time 80 the agent is dead.
The agent had: 3 food, -1 water, and 3 sleep.
The total tree search depth for this trial was 175769.
The agent accessed its memory 587531 times.
The agent cleared its short-term memory 19 times.
    State prediction error memory resets: 17.
    Hill memory resets: 2.
At time 64 the agent is dead.
The agent had: 12 food, -1 water, and 1 sleep.
The total tree search depth for this trial was 170942.
The agent accessed its memory 549280 times.
The agent cleared its short-term memory 15 times.
    State prediction error memory resets: 13.
    Hill memory resets: 2.
At time 45 the agent is dead.
The agent had: 19 food, -1 water, and 15 sleep.
The total tree search depth for this trial was 112683.
The agent accessed its memory 355505 times.
The agent cleared its short-term memory 6 times.
    State prediction error memory resets: 5.
    Hill memory resets: 1.
At time 43 the agent is dead.
The agent had: 10 food, -1 water, and 16 sleep.
The total tree search depth for this trial was 112932.
The agent accessed its memory 368083 times.
The agent cleared its short-term memory 8 times.
    State prediction error memory resets: 6.
    Hill memory resets: 2.
At time 76 the agent is dead.
The agent had: 6 food, -1 water, and 0 sleep.
The total tree search depth for this trial was 183448.
The agent accessed its memory 599391 times.
The agent cleared its short-term memory 14 times.
    State prediction error memory resets: 10.
    Hill memory resets: 4.
At time 61 the agent is dead.
The agent had: -1 food, -1 water, and 7 sleep.
The total tree search depth for this trial was 157144.
The agent accessed its memory 507724 times.
The agent cleared its short-term memory 13 times.
    State prediction error memory resets: 12.
    Hill memory resets: 1.
At time 57 the agent is dead.
The agent had: 2 food, -1 water, and -1 sleep.
The total tree search depth for this trial was 97483.
The agent accessed its memory 325605 times.
The agent cleared its short-term memory 9 times.
    State prediction error memory resets: 7.
    Hill memory resets: 2.
At time 20 the agent is dead.
The agent had: 1 food, -1 water, and 4 sleep.
The total tree search depth for this trial was 66133.
The agent accessed its memory 237080 times.
The agent cleared its short-term memory 6 times.
    State prediction error memory resets: 1.
    Hill memory resets: 5.
At time 22 the agent is dead.
The agent had: -1 food, 4 water, and 2 sleep.
The total tree search depth for this trial was 60890.
The agent accessed its memory 195456 times.
The agent cleared its short-term memory 3 times.
    State prediction error memory resets: 2.
    Hill memory resets: 1.
At time 25 the agent is dead.
The agent had: 13 food, 3 water, and -1 sleep.
The total tree search depth for this trial was 64084.
The agent accessed its memory 216565 times.
The agent cleared its short-term memory 6 times.
    State prediction error memory resets: 3.
    Hill memory resets: 3.
At time 63 the agent is dead.
The agent had: 2 food, 4 water, and -1 sleep.
The total tree search depth for this trial was 193882.
The agent accessed its memory 632172 times.
The agent cleared its short-term memory 15 times.
    State prediction error memory resets: 11.
    Hill memory resets: 4.
At time 20 the agent is dead.
The agent had: 1 food, -1 water, and 17 sleep.
The total tree search depth for this trial was 35912.
The agent accessed its memory 119197 times.
The agent cleared its short-term memory 6 times.
    State prediction error memory resets: 4.
    Hill memory resets: 2.
At time 33 the agent is dead.
The agent had: 4 food, -1 water, and 10 sleep.
The total tree search depth for this trial was 99815.
The agent accessed its memory 329613 times.
The agent cleared its short-term memory 6 times.
    State prediction error memory resets: 4.
    Hill memory resets: 2.
At time 39 the agent is dead.
The agent had: -1 food, 6 water, and 13 sleep.
The total tree search depth for this trial was 177461.
The agent accessed its memory 562837 times.
The agent cleared its short-term memory 11 times.
    State prediction error memory resets: 9.
    Hill memory resets: 2.
At time 30 the agent is dead.
The agent had: 2 food, -1 water, and 6 sleep.
The total tree search depth for this trial was 54378.
The agent accessed its memory 174623 times.
The agent cleared its short-term memory 9 times.
    State prediction error memory resets: 7.
    Hill memory resets: 2.
At time 20 the agent is dead.
The agent had: 1 food, -1 water, and 4 sleep.
The total tree search depth for this trial was 91028.
The agent accessed its memory 321149 times.
The agent cleared its short-term memory 8 times.
    State prediction error memory resets: 7.
    Hill memory resets: 1.
At time 94 the agent is dead.
The agent had: 7 food, -1 water, and 7 sleep.
The total tree search depth for this trial was 262231.
The agent accessed its memory 814217 times.
The agent cleared its short-term memory 18 times.
    State prediction error memory resets: 16.
    Hill memory resets: 2.
At time 54 the agent is dead.
The agent had: 0 food, -1 water, and 2 sleep.
The total tree search depth for this trial was 69689.
The agent accessed its memory 213781 times.
The agent cleared its short-term memory 9 times.
    State prediction error memory resets: 8.
    Hill memory resets: 1.
At time 62 the agent is dead.
The agent had: 3 food, -1 water, and 9 sleep.
The total tree search depth for this trial was 158649.
The agent accessed its memory 521348 times.
The agent cleared its short-term memory 15 times.
    State prediction error memory resets: 13.
    Hill memory resets: 2.
At time 54 the agent is dead.
The agent had: 1 food, 1 water, and -1 sleep.
The total tree search depth for this trial was 183888.
The agent accessed its memory 570175 times.
The agent cleared its short-term memory 9 times.
    State prediction error memory resets: 8.
    Hill memory resets: 1.
At time 20 the agent is dead.
The agent had: 1 food, -1 water, and 13 sleep.
The total tree search depth for this trial was 47072.
The agent accessed its memory 163138 times.
The agent cleared its short-term memory 9 times.
    State prediction error memory resets: 7.
    Hill memory resets: 2.
